#
# There is insufficient memory for the Java Runtime Environment to continue.
# Native memory allocation (malloc) failed to allocate 32744 bytes for ChunkPool::allocate
# Possible reasons:
#   The system is out of physical RAM or swap space
#   The process is running with CompressedOops enabled, and the Java Heap may be blocking the growth of the native heap
# Possible solutions:
#   Reduce memory load on the system
#   Increase physical memory or swap space
#   Check if swap backing store is full
#   Decrease Java heap size (-Xmx/-Xms)
#   Decrease number of Java threads
#   Decrease Java thread stack sizes (-Xss)
#   Set larger code cache with -XX:ReservedCodeCacheSize=
#   JVM is running with Unscaled Compressed Oops mode in which the Java heap is
#     placed in the first 4GB address space. The Java Heap base address is the
#     maximum limit for the native heap growth. Please use -XX:HeapBaseMinAddress
#     to set the Java Heap base and to place the Java Heap above 4GB virtual address.
# This output file may be truncated or incomplete.
#
#  Out of Memory Error (./src/hotspot/share/memory/arena.cpp:81), pid=5848, tid=8928
#
# JRE version: OpenJDK Runtime Environment (11.0.11+9) (build 11.0.11+9-b60-7590822)
# Java VM: OpenJDK 64-Bit Server VM (11.0.11+9-b60-7590822, mixed mode, tiered, compressed oops, g1 gc, windows-amd64)
# No core dump will be written. Minidumps are not enabled by default on client versions of Windows
#

---------------  S U M M A R Y ------------

Command Line: --add-opens=java.base/java.util=ALL-UNNAMED --add-opens=java.base/java.lang=ALL-UNNAMED --add-opens=java.base/java.lang.invoke=ALL-UNNAMED --add-opens=java.base/java.util=ALL-UNNAMED --add-opens=java.prefs/java.util.prefs=ALL-UNNAMED --add-opens=java.prefs/java.util.prefs=ALL-UNNAMED --add-opens=java.base/java.nio.charset=ALL-UNNAMED --add-opens=java.base/java.net=ALL-UNNAMED --add-opens=java.base/java.util.concurrent.atomic=ALL-UNNAMED -Xmx2048m -Dfile.encoding=UTF-8 -Duser.country=CO -Duser.language=es -Duser.variant org.gradle.launcher.daemon.bootstrap.GradleDaemon 7.2

Host: AMD FX-8320E Eight-Core Processor              , 8 cores, 7G,  Windows 10 , 64 bit Build 19041 (10.0.19041.1889)
Time: Tue Sep 20 09:23:50 2022 Hora est. Pacífico, Sudamérica elapsed time: 27.305470 seconds (0d 0h 0m 27s)

---------------  T H R E A D  ---------------

Current thread (0x000002cf9f2be800):  JavaThread "C2 CompilerThread0" daemon [_thread_in_native, id=8928, stack(0x000000fe7fd00000,0x000000fe7fe00000)]


Current CompileTask:
C2:  27305 11534   !   4       org.gradle.internal.classloader.FilteringClassLoader::loadClass (62 bytes)

Stack: [0x000000fe7fd00000,0x000000fe7fe00000]
Native frames: (J=compiled Java code, j=interpreted, Vv=VM code, C=native code)
V  [jvm.dll+0x5f214a]
V  [jvm.dll+0x726fb5]
V  [jvm.dll+0x7285cd]
V  [jvm.dll+0x728c83]
V  [jvm.dll+0x243278]
V  [jvm.dll+0xbc78b]
V  [jvm.dll+0xbca3c]
V  [jvm.dll+0xbc638]
V  [jvm.dll+0x5d14e0]
V  [jvm.dll+0x62212e]
V  [jvm.dll+0x198a28]
V  [jvm.dll+0x1fc2ee]
V  [jvm.dll+0x1fb3d4]
V  [jvm.dll+0x183d6c]
V  [jvm.dll+0x209a57]
V  [jvm.dll+0x2082a1]
V  [jvm.dll+0x6ef58f]
V  [jvm.dll+0x6e80b5]
V  [jvm.dll+0x5f1036]
C  [ucrtbase.dll+0x21bb2]
C  [KERNEL32.DLL+0x17034]
C  [ntdll.dll+0x526a1]


---------------  P R O C E S S  ---------------

Threads class SMR info:
_java_thread_list=0x000002cfaa2a3bd0, length=135, elements={
0x000002cf84489800, 0x000002cf9e90f800, 0x000002cf9e911000, 0x000002cf9f2b5000,
0x000002cf9f2b7000, 0x000002cf9f2b8800, 0x000002cf9f2be800, 0x000002cf9e92f000,
0x000002cf9e938800, 0x000002cf9f426800, 0x000002cfa0c85800, 0x000002cf9f67b000,
0x000002cf9fcfd000, 0x000002cfa1b19000, 0x000002cfa1798000, 0x000002cfa124a800,
0x000002cfa1c4c800, 0x000002cfa0d85800, 0x000002cfa0d86800, 0x000002cfa1c43000,
0x000002cfa1c41800, 0x000002cfa1c44000, 0x000002cfa1c42800, 0x000002cfa1c3f000,
0x000002cfa1c40000, 0x000002cfa1c3e000, 0x000002cfa1c40800, 0x000002cfa1c44800,
0x000002cfa4c3e800, 0x000002cfa4c43800, 0x000002cfa4c41000, 0x000002cfa4c44000,
0x000002cfa4c46000, 0x000002cfa4c40000, 0x000002cfa4c46800, 0x000002cfa4c47800,
0x000002cfa4c42000, 0x000002cfa4c49000, 0x000002cfa4c4a000, 0x000002cfa4c48800,
0x000002cfa4c4b800, 0x000002cfa4c4c800, 0x000002cfa4c4b000, 0x000002cfa4c4d000,
0x000002cf9f684800, 0x000002cf9f685000, 0x000002cf9f682000, 0x000002cf9f683000,
0x000002cf9f686000, 0x000002cf9f683800, 0x000002cf9f680800, 0x000002cf9f681000,
0x000002cf9f688800, 0x000002cf9f687000, 0x000002cf9f689800, 0x000002cf9f68a000,
0x000002cf9f68d800, 0x000002cf9f687800, 0x000002cf9f68b000, 0x000002cf9f68b800,
0x000002cf9f68c800, 0x000002cf9f68e000, 0x000002cf9f68f000, 0x000002cfa6330000,
0x000002cfa632d800, 0x000002cfa6331000, 0x000002cfa632e800, 0x000002cfa632c000,
0x000002cfa632c800, 0x000002cfa632f000, 0x000002cfa632b000, 0x000002cfa6335000,
0x000002cfa6337800, 0x000002cfa6335800, 0x000002cfa6336800, 0x000002cfa6331800,
0x000002cfa6338000, 0x000002cfa6332800, 0x000002cfa6339000, 0x000002cfa6333800,
0x000002cfa633a000, 0x000002cfa6334000, 0x000002cfa5f92000, 0x000002cfa5f8f800,
0x000002cfa5f90800, 0x000002cfa5f93000, 0x000002cfa5f93800, 0x000002cfa5f94800,
0x000002cfa5f91000, 0x000002cfa5f8f000, 0x000002cfa5f98800, 0x000002cfa5f96000,
0x000002cfa5f99800, 0x000002cfa5f97800, 0x000002cfa5f9a000, 0x000002cfa5f9b000,
0x000002cfa5f97000, 0x000002cfa5f95800, 0x000002cfa5f9c000, 0x000002cfa5f9c800,
0x000002cfa5f9d800, 0x000002cfa3258000, 0x000002cfa3259000, 0x000002cfa325d000,
0x000002cfa3257000, 0x000002cfa325d800, 0x000002cfa325e800, 0x000002cfa325f800,
0x000002cfa3259800, 0x000002cfa325b000, 0x000002cfa3260000, 0x000002cfa325c000,
0x000002cfa325a800, 0x000002cfa3261800, 0x000002cfa3266000, 0x000002cfa3262800,
0x000002cfa3263800, 0x000002cfa3261000, 0x000002cfa3264000, 0x000002cfa3265000,
0x000002cfa4b4b000, 0x000002cfa4b4c800, 0x000002cfa4b4d800, 0x000002cfa4b4e800,
0x000002cfa4b4f000, 0x000002cfa4b50000, 0x000002cfa4b51800, 0x000002cfa4b4c000,
0x000002cfa4b53000, 0x000002cfa4b55800, 0x000002cfa4b52800, 0x000002cfa4b56800,
0x000002cfa4b54000, 0x000002cfa4b55000, 0x000002cfa4b50800
}

Java Threads: ( => current thread )
  0x000002cf84489800 JavaThread "main" [_thread_blocked, id=520, stack(0x000000fe7f100000,0x000000fe7f200000)]
  0x000002cf9e90f800 JavaThread "Reference Handler" daemon [_thread_blocked, id=9356, stack(0x000000fe7f800000,0x000000fe7f900000)]
  0x000002cf9e911000 JavaThread "Finalizer" daemon [_thread_blocked, id=5224, stack(0x000000fe7f900000,0x000000fe7fa00000)]
  0x000002cf9f2b5000 JavaThread "Signal Dispatcher" daemon [_thread_blocked, id=2256, stack(0x000000fe7fa00000,0x000000fe7fb00000)]
  0x000002cf9f2b7000 JavaThread "Attach Listener" daemon [_thread_blocked, id=9252, stack(0x000000fe7fb00000,0x000000fe7fc00000)]
  0x000002cf9f2b8800 JavaThread "Service Thread" daemon [_thread_blocked, id=2980, stack(0x000000fe7fc00000,0x000000fe7fd00000)]
=>0x000002cf9f2be800 JavaThread "C2 CompilerThread0" daemon [_thread_in_native, id=8928, stack(0x000000fe7fd00000,0x000000fe7fe00000)]
  0x000002cf9e92f000 JavaThread "C1 CompilerThread0" daemon [_thread_blocked, id=6108, stack(0x000000fe7fe00000,0x000000fe7ff00000)]
  0x000002cf9e938800 JavaThread "Sweeper thread" daemon [_thread_blocked, id=10904, stack(0x000000fe7ff00000,0x000000fe80000000)]
  0x000002cf9f426800 JavaThread "Common-Cleaner" daemon [_thread_blocked, id=10180, stack(0x000000fe00000000,0x000000fe00100000)]
  0x000002cfa0c85800 JavaThread "Daemon health stats" [_thread_blocked, id=3612, stack(0x000000fe00600000,0x000000fe00700000)]
  0x000002cf9f67b000 JavaThread "Incoming local TCP Connector on port 60479" [_thread_in_native, id=10680, stack(0x000000fe00200000,0x000000fe00300000)]
  0x000002cf9fcfd000 JavaThread "Daemon periodic checks" [_thread_blocked, id=5076, stack(0x000000fe00500000,0x000000fe00600000)]
  0x000002cfa1b19000 JavaThread "Daemon" [_thread_blocked, id=4068, stack(0x000000fe00800000,0x000000fe00900000)]
  0x000002cfa1798000 JavaThread "Handler for socket connection from /127.0.0.1:60479 to /127.0.0.1:60480" [_thread_in_native, id=11152, stack(0x000000fe00900000,0x000000fe00a00000)]
  0x000002cfa124a800 JavaThread "Cancel handler" [_thread_blocked, id=5652, stack(0x000000fe00a00000,0x000000fe00b00000)]
  0x000002cfa1c4c800 JavaThread "Daemon worker" [_thread_blocked, id=5672, stack(0x000000fe00b00000,0x000000fe00c00000)]
  0x000002cfa0d85800 JavaThread "Asynchronous log dispatcher for DefaultDaemonConnection: socket connection from /127.0.0.1:60479 to /127.0.0.1:60480" [_thread_blocked, id=10432, stack(0x000000fe00c00000,0x000000fe00d00000)]
  0x000002cfa0d86800 JavaThread "Stdin handler" [_thread_blocked, id=3444, stack(0x000000fe00d00000,0x000000fe00e00000)]
  0x000002cfa1c43000 JavaThread "Daemon client event forwarder" [_thread_blocked, id=10068, stack(0x000000fe00e00000,0x000000fe00f00000)]
  0x000002cfa1c41800 JavaThread "Cache worker for journal cache (C:\Users\David\.gradle\caches\journal-1)" [_thread_blocked, id=7644, stack(0x000000fe00f00000,0x000000fe01000000)]
  0x000002cfa1c44000 JavaThread "File lock request listener" [_thread_in_native, id=11824, stack(0x000000fe01000000,0x000000fe01100000)]
  0x000002cfa1c42800 JavaThread "Cache worker for file hash cache (C:\Users\David\.gradle\caches\7.2\fileHashes)" [_thread_blocked, id=2636, stack(0x000000fe01100000,0x000000fe01200000)]
  0x000002cfa1c3f000 JavaThread "Cache worker for file hash cache (C:\Users\David\AndroidStudioProjects\BlueTV\.gradle\7.2\fileHashes)" [_thread_blocked, id=11348, stack(0x000000fe01700000,0x000000fe01800000)]
  0x000002cfa1c40000 JavaThread "File watcher server" daemon [_thread_in_native, id=1984, stack(0x000000fe01800000,0x000000fe01900000)]
  0x000002cfa1c3e000 JavaThread "File watcher consumer" daemon [_thread_blocked, id=4856, stack(0x000000fe01900000,0x000000fe01a00000)]
  0x000002cfa1c40800 JavaThread "Cache worker for checksums cache (C:\Users\David\AndroidStudioProjects\BlueTV\.gradle\checksums)" [_thread_blocked, id=7872, stack(0x000000fe01a00000,0x000000fe01b00000)]
  0x000002cfa1c44800 JavaThread "Cache worker for cache directory md-supplier (C:\Users\David\.gradle\caches\7.2\md-supplier)" [_thread_blocked, id=9776, stack(0x000000fe01c00000,0x000000fe01d00000)]
  0x000002cfa4c3e800 JavaThread "Cache worker for cache directory md-rule (C:\Users\David\.gradle\caches\7.2\md-rule)" [_thread_blocked, id=1840, stack(0x000000fe01d00000,0x000000fe01e00000)]
  0x000002cfa4c43800 JavaThread "Cache worker for execution history cache (C:\Users\David\.gradle\caches\7.2\executionHistory)" [_thread_blocked, id=9448, stack(0x000000fe01f00000,0x000000fe02000000)]
  0x000002cfa4c41000 JavaThread "jar transforms" [_thread_blocked, id=11256, stack(0x000000fe02000000,0x000000fe02100000)]
  0x000002cfa4c44000 JavaThread "Cache worker for file content cache (C:\Users\David\.gradle\caches\7.2\fileContent)" [_thread_blocked, id=8464, stack(0x000000fe02100000,0x000000fe02200000)]
  0x000002cfa4c46000 JavaThread "jar transforms Thread 2" [_thread_blocked, id=8304, stack(0x000000fe02200000,0x000000fe02300000)]
  0x000002cfa4c40000 JavaThread "Cache worker for dependencies-accessors (C:\Users\David\AndroidStudioProjects\BlueTV\.gradle\7.2\dependencies-accessors)" [_thread_blocked, id=7844, stack(0x000000fe02300000,0x000000fe02400000)]
  0x000002cfa4c46800 JavaThread "jar transforms Thread 3" [_thread_blocked, id=11240, stack(0x000000fe02400000,0x000000fe02500000)]
  0x000002cfa4c47800 JavaThread "Cache worker for Build Output Cleanup Cache (C:\Users\David\AndroidStudioProjects\BlueTV\.gradle\buildOutputCleanup)" [_thread_blocked, id=5524, stack(0x000000fe02500000,0x000000fe02600000)]
  0x000002cfa4c42000 JavaThread "Unconstrained build operations" [_thread_blocked, id=8276, stack(0x000000fe01e00000,0x000000fe01f00000)]
  0x000002cfa4c49000 JavaThread "Unconstrained build operations Thread 2" [_thread_blocked, id=5796, stack(0x000000fe02600000,0x000000fe02700000)]
  0x000002cfa4c4a000 JavaThread "Unconstrained build operations Thread 3" [_thread_blocked, id=6636, stack(0x000000fe02700000,0x000000fe02800000)]
  0x000002cfa4c48800 JavaThread "Unconstrained build operations Thread 4" [_thread_blocked, id=6988, stack(0x000000fe02800000,0x000000fe02900000)]
  0x000002cfa4c4b800 JavaThread "Unconstrained build operations Thread 5" [_thread_blocked, id=6276, stack(0x000000fe02900000,0x000000fe02a00000)]
  0x000002cfa4c4c800 JavaThread "Unconstrained build operations Thread 6" [_thread_blocked, id=8780, stack(0x000000fe02a00000,0x000000fe02b00000)]
  0x000002cfa4c4b000 JavaThread "Unconstrained build operations Thread 7" [_thread_blocked, id=10008, stack(0x000000fe02b00000,0x000000fe02c00000)]
  0x000002cfa4c4d000 JavaThread "Unconstrained build operations Thread 8" [_thread_blocked, id=11696, stack(0x000000fe02c00000,0x000000fe02d00000)]
  0x000002cf9f684800 JavaThread "Unconstrained build operations Thread 9" [_thread_blocked, id=1248, stack(0x000000fe02d00000,0x000000fe02e00000)]
  0x000002cf9f685000 JavaThread "Unconstrained build operations Thread 10" [_thread_blocked, id=10528, stack(0x000000fe02e00000,0x000000fe02f00000)]
  0x000002cf9f682000 JavaThread "Unconstrained build operations Thread 11" [_thread_blocked, id=7848, stack(0x000000fe02f00000,0x000000fe03000000)]
  0x000002cf9f683000 JavaThread "Unconstrained build operations Thread 12" [_thread_blocked, id=5140, stack(0x000000fe03000000,0x000000fe03100000)]
  0x000002cf9f686000 JavaThread "Unconstrained build operations Thread 13" [_thread_blocked, id=2352, stack(0x000000fe03100000,0x000000fe03200000)]
  0x000002cf9f683800 JavaThread "Unconstrained build operations Thread 14" [_thread_blocked, id=8932, stack(0x000000fe03200000,0x000000fe03300000)]
  0x000002cf9f680800 JavaThread "Unconstrained build operations Thread 15" [_thread_blocked, id=1416, stack(0x000000fe03300000,0x000000fe03400000)]
  0x000002cf9f681000 JavaThread "Unconstrained build operations Thread 16" [_thread_blocked, id=1980, stack(0x000000fe03400000,0x000000fe03500000)]
  0x000002cf9f688800 JavaThread "Unconstrained build operations Thread 17" [_thread_blocked, id=1268, stack(0x000000fe03500000,0x000000fe03600000)]
  0x000002cf9f687000 JavaThread "Unconstrained build operations Thread 18" [_thread_blocked, id=9064, stack(0x000000fe03600000,0x000000fe03700000)]
  0x000002cf9f689800 JavaThread "Unconstrained build operations Thread 19" [_thread_blocked, id=11468, stack(0x000000fe03700000,0x000000fe03800000)]
  0x000002cf9f68a000 JavaThread "Unconstrained build operations Thread 20" [_thread_blocked, id=3168, stack(0x000000fe03800000,0x000000fe03900000)]
  0x000002cf9f68d800 JavaThread "Unconstrained build operations Thread 21" [_thread_blocked, id=7472, stack(0x000000fe03900000,0x000000fe03a00000)]
  0x000002cf9f687800 JavaThread "Unconstrained build operations Thread 22" [_thread_blocked, id=5088, stack(0x000000fe03a00000,0x000000fe03b00000)]
  0x000002cf9f68b000 JavaThread "Unconstrained build operations Thread 23" [_thread_blocked, id=4400, stack(0x000000fe03b00000,0x000000fe03c00000)]
  0x000002cf9f68b800 JavaThread "Unconstrained build operations Thread 24" [_thread_blocked, id=4464, stack(0x000000fe03c00000,0x000000fe03d00000)]
  0x000002cf9f68c800 JavaThread "Unconstrained build operations Thread 25" [_thread_blocked, id=8200, stack(0x000000fe03d00000,0x000000fe03e00000)]
  0x000002cf9f68e000 JavaThread "Unconstrained build operations Thread 26" [_thread_blocked, id=8748, stack(0x000000fe03e00000,0x000000fe03f00000)]
  0x000002cf9f68f000 JavaThread "Unconstrained build operations Thread 27" [_thread_blocked, id=11220, stack(0x000000fe03f00000,0x000000fe04000000)]
  0x000002cfa6330000 JavaThread "Unconstrained build operations Thread 28" [_thread_blocked, id=2356, stack(0x000000fe04000000,0x000000fe04100000)]
  0x000002cfa632d800 JavaThread "Unconstrained build operations Thread 29" [_thread_blocked, id=7532, stack(0x000000fe04100000,0x000000fe04200000)]
  0x000002cfa6331000 JavaThread "Unconstrained build operations Thread 30" [_thread_blocked, id=2936, stack(0x000000fe04200000,0x000000fe04300000)]
  0x000002cfa632e800 JavaThread "Unconstrained build operations Thread 31" [_thread_blocked, id=10100, stack(0x000000fe04300000,0x000000fe04400000)]
  0x000002cfa632c000 JavaThread "Unconstrained build operations Thread 32" [_thread_blocked, id=5632, stack(0x000000fe04400000,0x000000fe04500000)]
  0x000002cfa632c800 JavaThread "Unconstrained build operations Thread 33" [_thread_blocked, id=12080, stack(0x000000fe04500000,0x000000fe04600000)]
  0x000002cfa632f000 JavaThread "Unconstrained build operations Thread 34" [_thread_blocked, id=11764, stack(0x000000fe04600000,0x000000fe04700000)]
  0x000002cfa632b000 JavaThread "Unconstrained build operations Thread 35" [_thread_blocked, id=10036, stack(0x000000fe04700000,0x000000fe04800000)]
  0x000002cfa6335000 JavaThread "Unconstrained build operations Thread 36" [_thread_blocked, id=5084, stack(0x000000fe04800000,0x000000fe04900000)]
  0x000002cfa6337800 JavaThread "Unconstrained build operations Thread 37" [_thread_blocked, id=3884, stack(0x000000fe04900000,0x000000fe04a00000)]
  0x000002cfa6335800 JavaThread "Unconstrained build operations Thread 38" [_thread_blocked, id=5788, stack(0x000000fe04a00000,0x000000fe04b00000)]
  0x000002cfa6336800 JavaThread "Unconstrained build operations Thread 39" [_thread_blocked, id=10216, stack(0x000000fe04b00000,0x000000fe04c00000)]
  0x000002cfa6331800 JavaThread "Unconstrained build operations Thread 40" [_thread_blocked, id=7656, stack(0x000000fe04c00000,0x000000fe04d00000)]
  0x000002cfa6338000 JavaThread "Unconstrained build operations Thread 41" [_thread_blocked, id=7724, stack(0x000000fe04d00000,0x000000fe04e00000)]
  0x000002cfa6332800 JavaThread "Unconstrained build operations Thread 42" [_thread_blocked, id=7948, stack(0x000000fe04e00000,0x000000fe04f00000)]
  0x000002cfa6339000 JavaThread "Unconstrained build operations Thread 43" [_thread_blocked, id=11980, stack(0x000000fe04f00000,0x000000fe05000000)]
  0x000002cfa6333800 JavaThread "Unconstrained build operations Thread 44" [_thread_blocked, id=888, stack(0x000000fe05000000,0x000000fe05100000)]
  0x000002cfa633a000 JavaThread "Unconstrained build operations Thread 45" [_thread_blocked, id=1720, stack(0x000000fe05100000,0x000000fe05200000)]
  0x000002cfa6334000 JavaThread "Unconstrained build operations Thread 46" [_thread_blocked, id=7976, stack(0x000000fe05200000,0x000000fe05300000)]
  0x000002cfa5f92000 JavaThread "Unconstrained build operations Thread 47" [_thread_blocked, id=12264, stack(0x000000fe05300000,0x000000fe05400000)]
  0x000002cfa5f8f800 JavaThread "Unconstrained build operations Thread 48" [_thread_blocked, id=5024, stack(0x000000fe05400000,0x000000fe05500000)]
  0x000002cfa5f90800 JavaThread "Unconstrained build operations Thread 49" [_thread_blocked, id=2984, stack(0x000000fe05500000,0x000000fe05600000)]
  0x000002cfa5f93000 JavaThread "Unconstrained build operations Thread 50" [_thread_blocked, id=7856, stack(0x000000fe05600000,0x000000fe05700000)]
  0x000002cfa5f93800 JavaThread "Unconstrained build operations Thread 51" [_thread_blocked, id=9352, stack(0x000000fe05700000,0x000000fe05800000)]
  0x000002cfa5f94800 JavaThread "Unconstrained build operations Thread 52" [_thread_blocked, id=6264, stack(0x000000fe05800000,0x000000fe05900000)]
  0x000002cfa5f91000 JavaThread "Unconstrained build operations Thread 53" [_thread_blocked, id=7100, stack(0x000000fe05900000,0x000000fe05a00000)]
  0x000002cfa5f8f000 JavaThread "Unconstrained build operations Thread 54" [_thread_blocked, id=8220, stack(0x000000fe05a00000,0x000000fe05b00000)]
  0x000002cfa5f98800 JavaThread "Unconstrained build operations Thread 55" [_thread_blocked, id=11044, stack(0x000000fe05b00000,0x000000fe05c00000)]
  0x000002cfa5f96000 JavaThread "Unconstrained build operations Thread 56" [_thread_blocked, id=9388, stack(0x000000fe05c00000,0x000000fe05d00000)]
  0x000002cfa5f99800 JavaThread "Unconstrained build operations Thread 57" [_thread_blocked, id=9876, stack(0x000000fe05d00000,0x000000fe05e00000)]
  0x000002cfa5f97800 JavaThread "Unconstrained build operations Thread 58" [_thread_blocked, id=1412, stack(0x000000fe05e00000,0x000000fe05f00000)]
  0x000002cfa5f9a000 JavaThread "Unconstrained build operations Thread 59" [_thread_blocked, id=3172, stack(0x000000fe05f00000,0x000000fe06000000)]
  0x000002cfa5f9b000 JavaThread "Unconstrained build operations Thread 60" [_thread_blocked, id=9420, stack(0x000000fe06000000,0x000000fe06100000)]
  0x000002cfa5f97000 JavaThread "Unconstrained build operations Thread 61" [_thread_blocked, id=12044, stack(0x000000fe06100000,0x000000fe06200000)]
  0x000002cfa5f95800 JavaThread "Unconstrained build operations Thread 62" [_thread_blocked, id=2576, stack(0x000000fe06200000,0x000000fe06300000)]
  0x000002cfa5f9c000 JavaThread "Unconstrained build operations Thread 63" [_thread_blocked, id=10448, stack(0x000000fe06300000,0x000000fe06400000)]
  0x000002cfa5f9c800 JavaThread "Unconstrained build operations Thread 64" [_thread_blocked, id=9884, stack(0x000000fe06400000,0x000000fe06500000)]
  0x000002cfa5f9d800 JavaThread "Unconstrained build operations Thread 65" [_thread_blocked, id=6796, stack(0x000000fe06500000,0x000000fe06600000)]
  0x000002cfa3258000 JavaThread "Unconstrained build operations Thread 66" [_thread_blocked, id=8048, stack(0x000000fe06600000,0x000000fe06700000)]
  0x000002cfa3259000 JavaThread "Unconstrained build operations Thread 67" [_thread_blocked, id=2484, stack(0x000000fe06700000,0x000000fe06800000)]
  0x000002cfa325d000 JavaThread "Unconstrained build operations Thread 68" [_thread_blocked, id=3976, stack(0x000000fe06800000,0x000000fe06900000)]
  0x000002cfa3257000 JavaThread "Unconstrained build operations Thread 69" [_thread_blocked, id=5468, stack(0x000000fe06900000,0x000000fe06a00000)]
  0x000002cfa325d800 JavaThread "Unconstrained build operations Thread 70" [_thread_blocked, id=1208, stack(0x000000fe06a00000,0x000000fe06b00000)]
  0x000002cfa325e800 JavaThread "Unconstrained build operations Thread 71" [_thread_blocked, id=4412, stack(0x000000fe06b00000,0x000000fe06c00000)]
  0x000002cfa325f800 JavaThread "Unconstrained build operations Thread 72" [_thread_blocked, id=9044, stack(0x000000fe06c00000,0x000000fe06d00000)]
  0x000002cfa3259800 JavaThread "Unconstrained build operations Thread 73" [_thread_blocked, id=5968, stack(0x000000fe06d00000,0x000000fe06e00000)]
  0x000002cfa325b000 JavaThread "Unconstrained build operations Thread 74" [_thread_blocked, id=8128, stack(0x000000fe06e00000,0x000000fe06f00000)]
  0x000002cfa3260000 JavaThread "Unconstrained build operations Thread 75" [_thread_blocked, id=11748, stack(0x000000fe06f00000,0x000000fe07000000)]
  0x000002cfa325c000 JavaThread "Unconstrained build operations Thread 76" [_thread_blocked, id=9792, stack(0x000000fe07000000,0x000000fe07100000)]
  0x000002cfa325a800 JavaThread "Unconstrained build operations Thread 77" [_thread_blocked, id=11320, stack(0x000000fe07100000,0x000000fe07200000)]
  0x000002cfa3261800 JavaThread "Unconstrained build operations Thread 78" [_thread_blocked, id=12100, stack(0x000000fe07200000,0x000000fe07300000)]
  0x000002cfa3266000 JavaThread "Unconstrained build operations Thread 79" [_thread_blocked, id=8844, stack(0x000000fe07300000,0x000000fe07400000)]
  0x000002cfa3262800 JavaThread "Unconstrained build operations Thread 80" [_thread_blocked, id=10716, stack(0x000000fe07400000,0x000000fe07500000)]
  0x000002cfa3263800 JavaThread "jar transforms Thread 4" [_thread_blocked, id=10944, stack(0x000000fe07500000,0x000000fe07600000)]
  0x000002cfa3261000 JavaThread "jar transforms Thread 5" [_thread_blocked, id=9152, stack(0x000000fe07600000,0x000000fe07700000)]
  0x000002cfa3264000 JavaThread "jar transforms Thread 6" [_thread_blocked, id=6852, stack(0x000000fe07700000,0x000000fe07800000)]
  0x000002cfa3265000 JavaThread "jar transforms Thread 7" [_thread_blocked, id=9268, stack(0x000000fe07800000,0x000000fe07900000)]
  0x000002cfa4b4b000 JavaThread "jar transforms Thread 8" [_thread_blocked, id=4556, stack(0x000000fe07900000,0x000000fe07a00000)]
  0x000002cfa4b4c800 JavaThread "Memory manager" [_thread_blocked, id=1184, stack(0x000000fe07a00000,0x000000fe07b00000)]
  0x000002cfa4b4d800 JavaThread "build event listener" [_thread_blocked, id=5288, stack(0x000000fe07c00000,0x000000fe07d00000)]
  0x000002cfa4b4e800 JavaThread "build event listener" [_thread_blocked, id=6156, stack(0x000000fe07d00000,0x000000fe07e00000)]
  0x000002cfa4b4f000 JavaThread "pool-3-thread-1" [_thread_blocked, id=3012, stack(0x000000fe07e00000,0x000000fe07f00000)]
  0x000002cfa4b50000 JavaThread "build event listener" [_thread_blocked, id=1008, stack(0x000000fe07f00000,0x000000fe08000000)]
  0x000002cfa4b51800 JavaThread "Execution worker for ':'" [_thread_blocked, id=10872, stack(0x000000fe08000000,0x000000fe08100000)]
  0x000002cfa4b4c000 JavaThread "Execution worker for ':' Thread 2" [_thread_blocked, id=3336, stack(0x000000fe08100000,0x000000fe08200000)]
  0x000002cfa4b53000 JavaThread "Execution worker for ':' Thread 3" [_thread_blocked, id=7184, stack(0x000000fe08200000,0x000000fe08300000)]
  0x000002cfa4b55800 JavaThread "Execution worker for ':' Thread 4" [_thread_blocked, id=1192, stack(0x000000fe08300000,0x000000fe08400000)]
  0x000002cfa4b52800 JavaThread "Execution worker for ':' Thread 5" [_thread_blocked, id=7412, stack(0x000000fe08400000,0x000000fe08500000)]
  0x000002cfa4b56800 JavaThread "Execution worker for ':' Thread 6" [_thread_blocked, id=8232, stack(0x000000fe08500000,0x000000fe08600000)]
  0x000002cfa4b54000 JavaThread "Execution worker for ':' Thread 7" [_thread_blocked, id=9652, stack(0x000000fe08600000,0x000000fe08700000)]
  0x000002cfa4b55000 JavaThread "Cache worker for execution history cache (C:\Users\David\AndroidStudioProjects\BlueTV\.gradle\7.2\executionHistory)" [_thread_blocked, id=5392, stack(0x000000fe01b00000,0x000000fe01c00000)]
  0x000002cfa4b50800 JavaThread "Thread-120" [_thread_blocked, id=11708, stack(0x000000fe07b00000,0x000000fe07c00000)]

Other Threads:
  0x000002cf9e90d800 VMThread "VM Thread" [stack: 0x000000fe7f700000,0x000000fe7f800000] [id=7672]
  0x000002cf9f460800 WatcherThread [stack: 0x000000fe00100000,0x000000fe00200000] [id=8256]
  0x000002cf844a2000 GCTaskThread "GC Thread#0" [stack: 0x000000fe7f200000,0x000000fe7f300000] [id=6028]
  0x000002cfa016c800 GCTaskThread "GC Thread#1" [stack: 0x000000fe00300000,0x000000fe00400000] [id=4512]
  0x000002cfa0035000 GCTaskThread "GC Thread#2" [stack: 0x000000fe00400000,0x000000fe00500000] [id=11120]
  0x000002cfa0599800 GCTaskThread "GC Thread#3" [stack: 0x000000fe00700000,0x000000fe00800000] [id=4808]
  0x000002cfa1527800 GCTaskThread "GC Thread#4" [stack: 0x000000fe01200000,0x000000fe01300000] [id=6080]
  0x000002cfa1889800 GCTaskThread "GC Thread#5" [stack: 0x000000fe01300000,0x000000fe01400000] [id=11620]
  0x000002cfa1290800 GCTaskThread "GC Thread#6" [stack: 0x000000fe01400000,0x000000fe01500000] [id=2556]
  0x000002cfa1e74000 GCTaskThread "GC Thread#7" [stack: 0x000000fe01500000,0x000000fe01600000] [id=8804]
  0x000002cf844d6000 ConcurrentGCThread "G1 Main Marker" [stack: 0x000000fe7f300000,0x000000fe7f400000] [id=11088]
  0x000002cf844d8800 ConcurrentGCThread "G1 Conc#0" [stack: 0x000000fe7f400000,0x000000fe7f500000] [id=7660]
  0x000002cfa1e75000 ConcurrentGCThread "G1 Conc#1" [stack: 0x000000fe01600000,0x000000fe01700000] [id=11072]
  0x000002cf9e760800 ConcurrentGCThread "G1 Refine#0" [stack: 0x000000fe7f500000,0x000000fe7f600000] [id=6288]
  0x000002cf9e761800 ConcurrentGCThread "G1 Young RemSet Sampling" [stack: 0x000000fe7f600000,0x000000fe7f700000] [id=11412]

Threads with active compile tasks:
C2 CompilerThread0  27381 11534   !   4       org.gradle.internal.classloader.FilteringClassLoader::loadClass (62 bytes)

VM state:at safepoint (normal execution)

VM Mutex/Monitor currently owned by a thread:  ([mutex/lock_event])
[0x000002cf84485f90] Threads_lock - owner thread: 0x000002cf9e90d800

Heap address: 0x0000000080000000, size: 2048 MB, Compressed Oops mode: 32-bit
Narrow klass base: 0x0000000000000000, Narrow klass shift: 3
Compressed class space size: 1073741824 Address: 0x0000000100000000

Heap:
 garbage-first heap   total 189440K, used 102076K [0x0000000080000000, 0x0000000100000000)
  region size 1024K, 12 young (12288K), 4 survivors (4096K)
 Metaspace       used 95299K, capacity 97444K, committed 97648K, reserved 1134592K
  class space    used 12219K, capacity 13052K, committed 13132K, reserved 1048576K
Heap Regions: E=young(eden), S=young(survivor), O=old, HS=humongous(starts), HC=humongous(continues), CS=collection set, F=free, A=archive, TAMS=top-at-mark-start (previous, next)
|   0|0x0000000080000000, 0x0000000080100000, 0x0000000080100000|100%| O|  |TAMS 0x0000000080100000, 0x0000000080000000| Untracked 
|   1|0x0000000080100000, 0x0000000080200000, 0x0000000080200000|100%| O|  |TAMS 0x0000000080200000, 0x0000000080100000| Untracked 
|   2|0x0000000080200000, 0x0000000080300000, 0x0000000080300000|100%| O|  |TAMS 0x0000000080300000, 0x0000000080200000| Untracked 
|   3|0x0000000080300000, 0x0000000080400000, 0x0000000080400000|100%|HS|  |TAMS 0x0000000080400000, 0x0000000080300000| Complete 
|   4|0x0000000080400000, 0x0000000080500000, 0x0000000080500000|100%|HC|  |TAMS 0x0000000080500000, 0x0000000080400000| Complete 
|   5|0x0000000080500000, 0x0000000080600000, 0x0000000080600000|100%|HC|  |TAMS 0x0000000080600000, 0x0000000080500000| Complete 
|   6|0x0000000080600000, 0x0000000080700000, 0x0000000080700000|100%| O|  |TAMS 0x0000000080700000, 0x0000000080600000| Untracked 
|   7|0x0000000080700000, 0x0000000080800000, 0x0000000080800000|100%| O|  |TAMS 0x0000000080800000, 0x0000000080700000| Untracked 
|   8|0x0000000080800000, 0x0000000080900000, 0x0000000080900000|100%| O|  |TAMS 0x0000000080900000, 0x0000000080800000| Untracked 
|   9|0x0000000080900000, 0x0000000080a00000, 0x0000000080a00000|100%| O|  |TAMS 0x0000000080a00000, 0x0000000080900000| Untracked 
|  10|0x0000000080a00000, 0x0000000080b00000, 0x0000000080b00000|100%| O|  |TAMS 0x0000000080b00000, 0x0000000080a00000| Untracked 
|  11|0x0000000080b00000, 0x0000000080c00000, 0x0000000080c00000|100%| O|  |TAMS 0x0000000080c00000, 0x0000000080b00000| Untracked 
|  12|0x0000000080c00000, 0x0000000080d00000, 0x0000000080d00000|100%| O|  |TAMS 0x0000000080d00000, 0x0000000080c00000| Untracked 
|  13|0x0000000080d00000, 0x0000000080e00000, 0x0000000080e00000|100%| O|  |TAMS 0x0000000080e00000, 0x0000000080d00000| Untracked 
|  14|0x0000000080e00000, 0x0000000080f00000, 0x0000000080f00000|100%| O|  |TAMS 0x0000000080f00000, 0x0000000080e00000| Untracked 
|  15|0x0000000080f00000, 0x0000000081000000, 0x0000000081000000|100%|HS|  |TAMS 0x0000000081000000, 0x0000000080f00000| Complete 
|  16|0x0000000081000000, 0x0000000081100000, 0x0000000081100000|100%| O|  |TAMS 0x0000000081100000, 0x0000000081000000| Untracked 
|  17|0x0000000081100000, 0x0000000081200000, 0x0000000081200000|100%| O|  |TAMS 0x0000000081200000, 0x0000000081100000| Untracked 
|  18|0x0000000081200000, 0x0000000081300000, 0x0000000081300000|100%| O|  |TAMS 0x0000000081300000, 0x0000000081200000| Untracked 
|  19|0x0000000081300000, 0x0000000081400000, 0x0000000081400000|100%| O|  |TAMS 0x0000000081400000, 0x0000000081300000| Untracked 
|  20|0x0000000081400000, 0x0000000081500000, 0x0000000081500000|100%| O|  |TAMS 0x0000000081500000, 0x0000000081400000| Untracked 
|  21|0x0000000081500000, 0x0000000081600000, 0x0000000081600000|100%| O|  |TAMS 0x0000000081600000, 0x0000000081500000| Untracked 
|  22|0x0000000081600000, 0x0000000081700000, 0x0000000081700000|100%| O|  |TAMS 0x0000000081700000, 0x0000000081600000| Untracked 
|  23|0x0000000081700000, 0x0000000081800000, 0x0000000081800000|100%|HS|  |TAMS 0x0000000081800000, 0x0000000081700000| Complete 
|  24|0x0000000081800000, 0x0000000081900000, 0x0000000081900000|100%|HS|  |TAMS 0x0000000081900000, 0x0000000081800000| Complete 
|  25|0x0000000081900000, 0x0000000081a00000, 0x0000000081a00000|100%|HS|  |TAMS 0x0000000081a00000, 0x0000000081900000| Complete 
|  26|0x0000000081a00000, 0x0000000081b00000, 0x0000000081b00000|100%|HS|  |TAMS 0x0000000081b00000, 0x0000000081a00000| Complete 
|  27|0x0000000081b00000, 0x0000000081c00000, 0x0000000081c00000|100%|HC|  |TAMS 0x0000000081c00000, 0x0000000081b00000| Complete 
|  28|0x0000000081c00000, 0x0000000081d00000, 0x0000000081d00000|100%|HC|  |TAMS 0x0000000081d00000, 0x0000000081c00000| Complete 
|  29|0x0000000081d00000, 0x0000000081e00000, 0x0000000081e00000|100%|HS|  |TAMS 0x0000000081e00000, 0x0000000081d00000| Complete 
|  30|0x0000000081e00000, 0x0000000081f00000, 0x0000000081f00000|100%|HC|  |TAMS 0x0000000081f00000, 0x0000000081e00000| Complete 
|  31|0x0000000081f00000, 0x0000000082000000, 0x0000000082000000|100%| O|  |TAMS 0x0000000082000000, 0x0000000081f00000| Untracked 
|  32|0x0000000082000000, 0x0000000082100000, 0x0000000082100000|100%| O|  |TAMS 0x0000000082100000, 0x0000000082000000| Untracked 
|  33|0x0000000082100000, 0x0000000082200000, 0x0000000082200000|100%| O|  |TAMS 0x0000000082200000, 0x0000000082100000| Untracked 
|  34|0x0000000082200000, 0x0000000082300000, 0x0000000082300000|100%| O|  |TAMS 0x0000000082300000, 0x0000000082200000| Untracked 
|  35|0x0000000082300000, 0x0000000082400000, 0x0000000082400000|100%| O|  |TAMS 0x0000000082400000, 0x0000000082300000| Untracked 
|  36|0x0000000082400000, 0x0000000082500000, 0x0000000082500000|100%| O|  |TAMS 0x0000000082500000, 0x0000000082400000| Untracked 
|  37|0x0000000082500000, 0x0000000082600000, 0x0000000082600000|100%| O|  |TAMS 0x0000000082600000, 0x0000000082500000| Untracked 
|  38|0x0000000082600000, 0x0000000082700000, 0x0000000082700000|100%| O|  |TAMS 0x0000000082700000, 0x0000000082600000| Untracked 
|  39|0x0000000082700000, 0x0000000082800000, 0x0000000082800000|100%| O|  |TAMS 0x0000000082800000, 0x0000000082700000| Untracked 
|  40|0x0000000082800000, 0x0000000082900000, 0x0000000082900000|100%| O|  |TAMS 0x0000000082900000, 0x0000000082800000| Untracked 
|  41|0x0000000082900000, 0x0000000082a00000, 0x0000000082a00000|100%| O|  |TAMS 0x0000000082a00000, 0x0000000082900000| Untracked 
|  42|0x0000000082a00000, 0x0000000082b00000, 0x0000000082b00000|100%| O|  |TAMS 0x0000000082b00000, 0x0000000082a00000| Untracked 
|  43|0x0000000082b00000, 0x0000000082c00000, 0x0000000082c00000|100%| O|  |TAMS 0x0000000082c00000, 0x0000000082b00000| Untracked 
|  44|0x0000000082c00000, 0x0000000082d00000, 0x0000000082d00000|100%| O|  |TAMS 0x0000000082d00000, 0x0000000082c00000| Untracked 
|  45|0x0000000082d00000, 0x0000000082e00000, 0x0000000082e00000|100%| O|  |TAMS 0x0000000082e00000, 0x0000000082d00000| Untracked 
|  46|0x0000000082e00000, 0x0000000082f00000, 0x0000000082f00000|100%| O|  |TAMS 0x0000000082f00000, 0x0000000082e00000| Untracked 
|  47|0x0000000082f00000, 0x0000000083000000, 0x0000000083000000|100%| O|  |TAMS 0x0000000083000000, 0x0000000082f00000| Untracked 
|  48|0x0000000083000000, 0x0000000083100000, 0x0000000083100000|100%| O|  |TAMS 0x0000000083100000, 0x0000000083000000| Untracked 
|  49|0x0000000083100000, 0x0000000083200000, 0x0000000083200000|100%| O|  |TAMS 0x0000000083200000, 0x0000000083100000| Untracked 
|  50|0x0000000083200000, 0x0000000083300000, 0x0000000083300000|100%| O|  |TAMS 0x0000000083300000, 0x0000000083200000| Untracked 
|  51|0x0000000083300000, 0x0000000083400000, 0x0000000083400000|100%| O|  |TAMS 0x0000000083400000, 0x0000000083300000| Untracked 
|  52|0x0000000083400000, 0x0000000083500000, 0x0000000083500000|100%| O|  |TAMS 0x0000000083500000, 0x0000000083400000| Untracked 
|  53|0x0000000083500000, 0x0000000083600000, 0x0000000083600000|100%| O|  |TAMS 0x0000000083600000, 0x0000000083500000| Untracked 
|  54|0x0000000083600000, 0x0000000083700000, 0x0000000083700000|100%| O|  |TAMS 0x0000000083700000, 0x0000000083600000| Untracked 
|  55|0x0000000083700000, 0x0000000083800000, 0x0000000083800000|100%| O|  |TAMS 0x0000000083800000, 0x0000000083700000| Untracked 
|  56|0x0000000083800000, 0x0000000083900000, 0x0000000083900000|100%| O|  |TAMS 0x0000000083900000, 0x0000000083800000| Untracked 
|  57|0x0000000083900000, 0x0000000083a00000, 0x0000000083a00000|100%| O|  |TAMS 0x0000000083a00000, 0x0000000083900000| Untracked 
|  58|0x0000000083a00000, 0x0000000083b00000, 0x0000000083b00000|100%| O|  |TAMS 0x0000000083b00000, 0x0000000083a00000| Untracked 
|  59|0x0000000083b00000, 0x0000000083c00000, 0x0000000083c00000|100%| O|  |TAMS 0x0000000083c00000, 0x0000000083b00000| Untracked 
|  60|0x0000000083c00000, 0x0000000083d00000, 0x0000000083d00000|100%| O|  |TAMS 0x0000000083d00000, 0x0000000083c00000| Untracked 
|  61|0x0000000083d00000, 0x0000000083e00000, 0x0000000083e00000|100%| O|  |TAMS 0x0000000083e00000, 0x0000000083d00000| Untracked 
|  62|0x0000000083e00000, 0x0000000083f00000, 0x0000000083f00000|100%| O|  |TAMS 0x0000000083f00000, 0x0000000083e00000| Untracked 
|  63|0x0000000083f00000, 0x0000000084000000, 0x0000000084000000|100%| O|  |TAMS 0x0000000084000000, 0x0000000083f00000| Untracked 
|  64|0x0000000084000000, 0x0000000084100000, 0x0000000084100000|100%| O|  |TAMS 0x0000000084100000, 0x0000000084000000| Untracked 
|  65|0x0000000084100000, 0x0000000084200000, 0x0000000084200000|100%| O|  |TAMS 0x0000000084200000, 0x0000000084100000| Untracked 
|  66|0x0000000084200000, 0x0000000084300000, 0x0000000084300000|100%| O|  |TAMS 0x0000000084300000, 0x0000000084200000| Untracked 
|  67|0x0000000084300000, 0x0000000084400000, 0x0000000084400000|100%| O|  |TAMS 0x0000000084400000, 0x0000000084300000| Untracked 
|  68|0x0000000084400000, 0x0000000084500000, 0x0000000084500000|100%| O|  |TAMS 0x0000000084500000, 0x0000000084400000| Untracked 
|  69|0x0000000084500000, 0x0000000084600000, 0x0000000084600000|100%| O|  |TAMS 0x0000000084600000, 0x0000000084500000| Untracked 
|  70|0x0000000084600000, 0x0000000084700000, 0x0000000084700000|100%| O|  |TAMS 0x0000000084700000, 0x0000000084600000| Untracked 
|  71|0x0000000084700000, 0x0000000084800000, 0x0000000084800000|100%| O|  |TAMS 0x0000000084800000, 0x0000000084700000| Untracked 
|  72|0x0000000084800000, 0x0000000084900000, 0x0000000084900000|100%| O|  |TAMS 0x0000000084900000, 0x0000000084800000| Untracked 
|  73|0x0000000084900000, 0x0000000084a00000, 0x0000000084a00000|100%| O|  |TAMS 0x0000000084a00000, 0x0000000084900000| Untracked 
|  74|0x0000000084a00000, 0x0000000084b00000, 0x0000000084b00000|100%| O|  |TAMS 0x0000000084b00000, 0x0000000084a00000| Untracked 
|  75|0x0000000084b00000, 0x0000000084c00000, 0x0000000084c00000|100%| O|  |TAMS 0x0000000084c00000, 0x0000000084b00000| Untracked 
|  76|0x0000000084c00000, 0x0000000084d00000, 0x0000000084d00000|100%| O|  |TAMS 0x0000000084d00000, 0x0000000084c00000| Untracked 
|  77|0x0000000084d00000, 0x0000000084e00000, 0x0000000084e00000|100%| O|  |TAMS 0x0000000084e00000, 0x0000000084d00000| Untracked 
|  78|0x0000000084e00000, 0x0000000084f00000, 0x0000000084f00000|100%| O|  |TAMS 0x0000000084f00000, 0x0000000084e00000| Untracked 
|  79|0x0000000084f00000, 0x0000000085000000, 0x0000000085000000|100%| O|  |TAMS 0x0000000085000000, 0x0000000084f00000| Untracked 
|  80|0x0000000085000000, 0x0000000085100000, 0x0000000085100000|100%| O|  |TAMS 0x0000000085100000, 0x0000000085000000| Untracked 
|  81|0x0000000085100000, 0x0000000085200000, 0x0000000085200000|100%| O|  |TAMS 0x0000000085200000, 0x0000000085100000| Untracked 
|  82|0x0000000085200000, 0x0000000085300000, 0x0000000085300000|100%| O|  |TAMS 0x0000000085300000, 0x0000000085200000| Untracked 
|  83|0x0000000085300000, 0x0000000085400000, 0x0000000085400000|100%| O|  |TAMS 0x0000000085400000, 0x0000000085300000| Untracked 
|  84|0x0000000085400000, 0x0000000085500000, 0x0000000085500000|100%| O|  |TAMS 0x0000000085500000, 0x0000000085400000| Untracked 
|  85|0x0000000085500000, 0x0000000085600000, 0x0000000085600000|100%| O|  |TAMS 0x0000000085600000, 0x0000000085500000| Untracked 
|  86|0x0000000085600000, 0x0000000085700000, 0x0000000085700000|100%| O|  |TAMS 0x0000000085700000, 0x0000000085600000| Untracked 
|  87|0x0000000085700000, 0x0000000085800000, 0x0000000085800000|100%| O|  |TAMS 0x0000000085800000, 0x0000000085700000| Untracked 
|  88|0x0000000085800000, 0x00000000858af200, 0x0000000085900000| 68%| O|  |TAMS 0x00000000858af200, 0x0000000085800000| Untracked 
|  89|0x0000000085900000, 0x0000000085900000, 0x0000000085a00000|  0%| F|  |TAMS 0x0000000085900000, 0x0000000085900000| Untracked 
|  90|0x0000000085a00000, 0x0000000085a00000, 0x0000000085b00000|  0%| F|  |TAMS 0x0000000085a00000, 0x0000000085a00000| Untracked 
|  91|0x0000000085b00000, 0x0000000085b00000, 0x0000000085c00000|  0%| F|  |TAMS 0x0000000085b00000, 0x0000000085b00000| Untracked 
|  92|0x0000000085c00000, 0x0000000085c00000, 0x0000000085d00000|  0%| F|  |TAMS 0x0000000085c00000, 0x0000000085c00000| Untracked 
|  93|0x0000000085d00000, 0x0000000085d00000, 0x0000000085e00000|  0%| F|  |TAMS 0x0000000085d00000, 0x0000000085d00000| Untracked 
|  94|0x0000000085e00000, 0x0000000085e00000, 0x0000000085f00000|  0%| F|  |TAMS 0x0000000085e00000, 0x0000000085e00000| Untracked 
|  95|0x0000000085f00000, 0x0000000085f00000, 0x0000000086000000|  0%| F|  |TAMS 0x0000000085f00000, 0x0000000085f00000| Untracked 
|  96|0x0000000086000000, 0x0000000086000000, 0x0000000086100000|  0%| F|  |TAMS 0x0000000086000000, 0x0000000086000000| Untracked 
|  97|0x0000000086100000, 0x0000000086100000, 0x0000000086200000|  0%| F|  |TAMS 0x0000000086100000, 0x0000000086100000| Untracked 
|  98|0x0000000086200000, 0x0000000086200000, 0x0000000086300000|  0%| F|  |TAMS 0x0000000086200000, 0x0000000086200000| Untracked 
|  99|0x0000000086300000, 0x0000000086300000, 0x0000000086400000|  0%| F|  |TAMS 0x0000000086300000, 0x0000000086300000| Untracked 
| 100|0x0000000086400000, 0x0000000086400000, 0x0000000086500000|  0%| F|  |TAMS 0x0000000086400000, 0x0000000086400000| Untracked 
| 101|0x0000000086500000, 0x0000000086500000, 0x0000000086600000|  0%| F|  |TAMS 0x0000000086500000, 0x0000000086500000| Untracked 
| 102|0x0000000086600000, 0x0000000086600000, 0x0000000086700000|  0%| F|  |TAMS 0x0000000086600000, 0x0000000086600000| Untracked 
| 103|0x0000000086700000, 0x0000000086700000, 0x0000000086800000|  0%| F|  |TAMS 0x0000000086700000, 0x0000000086700000| Untracked 
| 104|0x0000000086800000, 0x0000000086800000, 0x0000000086900000|  0%| F|  |TAMS 0x0000000086800000, 0x0000000086800000| Untracked 
| 105|0x0000000086900000, 0x0000000086900000, 0x0000000086a00000|  0%| F|  |TAMS 0x0000000086900000, 0x0000000086900000| Untracked 
| 106|0x0000000086a00000, 0x0000000086a00000, 0x0000000086b00000|  0%| F|  |TAMS 0x0000000086a00000, 0x0000000086a00000| Untracked 
| 107|0x0000000086b00000, 0x0000000086b00000, 0x0000000086c00000|  0%| F|  |TAMS 0x0000000086b00000, 0x0000000086b00000| Untracked 
| 108|0x0000000086c00000, 0x0000000086c00000, 0x0000000086d00000|  0%| F|  |TAMS 0x0000000086c00000, 0x0000000086c00000| Untracked 
| 109|0x0000000086d00000, 0x0000000086d00000, 0x0000000086e00000|  0%| F|  |TAMS 0x0000000086d00000, 0x0000000086d00000| Untracked 
| 110|0x0000000086e00000, 0x0000000086e00000, 0x0000000086f00000|  0%| F|  |TAMS 0x0000000086e00000, 0x0000000086e00000| Untracked 
| 111|0x0000000086f00000, 0x0000000086f00000, 0x0000000087000000|  0%| F|  |TAMS 0x0000000086f00000, 0x0000000086f00000| Untracked 
| 112|0x0000000087000000, 0x0000000087000000, 0x0000000087100000|  0%| F|  |TAMS 0x0000000087000000, 0x0000000087000000| Untracked 
| 113|0x0000000087100000, 0x0000000087100000, 0x0000000087200000|  0%| F|  |TAMS 0x0000000087100000, 0x0000000087100000| Untracked 
| 114|0x0000000087200000, 0x0000000087200000, 0x0000000087300000|  0%| F|  |TAMS 0x0000000087200000, 0x0000000087200000| Untracked 
| 115|0x0000000087300000, 0x0000000087300000, 0x0000000087400000|  0%| F|  |TAMS 0x0000000087300000, 0x0000000087300000| Untracked 
| 116|0x0000000087400000, 0x0000000087400000, 0x0000000087500000|  0%| F|  |TAMS 0x0000000087400000, 0x0000000087400000| Untracked 
| 117|0x0000000087500000, 0x0000000087500000, 0x0000000087600000|  0%| F|  |TAMS 0x0000000087500000, 0x0000000087500000| Untracked 
| 118|0x0000000087600000, 0x0000000087600000, 0x0000000087700000|  0%| F|  |TAMS 0x0000000087600000, 0x0000000087600000| Untracked 
| 119|0x0000000087700000, 0x0000000087700000, 0x0000000087800000|  0%| F|  |TAMS 0x0000000087700000, 0x0000000087700000| Untracked 
| 120|0x0000000087800000, 0x0000000087800000, 0x0000000087900000|  0%| F|  |TAMS 0x0000000087800000, 0x0000000087800000| Untracked 
| 121|0x0000000087900000, 0x0000000087900000, 0x0000000087a00000|  0%| F|  |TAMS 0x0000000087900000, 0x0000000087900000| Untracked 
| 122|0x0000000087a00000, 0x0000000087a00000, 0x0000000087b00000|  0%| F|  |TAMS 0x0000000087a00000, 0x0000000087a00000| Untracked 
| 123|0x0000000087b00000, 0x0000000087b00000, 0x0000000087c00000|  0%| F|  |TAMS 0x0000000087b00000, 0x0000000087b00000| Untracked 
| 124|0x0000000087c00000, 0x0000000087d00000, 0x0000000087d00000|100%| S|CS|TAMS 0x0000000087c00000, 0x0000000087c00000| Complete 
| 125|0x0000000087d00000, 0x0000000087e00000, 0x0000000087e00000|100%| S|CS|TAMS 0x0000000087d00000, 0x0000000087d00000| Complete 
| 126|0x0000000087e00000, 0x0000000087f00000, 0x0000000087f00000|100%| S|CS|TAMS 0x0000000087e00000, 0x0000000087e00000| Complete 
| 127|0x0000000087f00000, 0x0000000088000000, 0x0000000088000000|100%| S|CS|TAMS 0x0000000087f00000, 0x0000000087f00000| Complete 
| 128|0x0000000088000000, 0x0000000088000000, 0x0000000088100000|  0%| F|  |TAMS 0x0000000088000000, 0x0000000088000000| Untracked 
| 129|0x0000000088100000, 0x0000000088100000, 0x0000000088200000|  0%| F|  |TAMS 0x0000000088100000, 0x0000000088100000| Untracked 
| 130|0x0000000088200000, 0x0000000088200000, 0x0000000088300000|  0%| F|  |TAMS 0x0000000088200000, 0x0000000088200000| Untracked 
| 131|0x0000000088300000, 0x0000000088300000, 0x0000000088400000|  0%| F|  |TAMS 0x0000000088300000, 0x0000000088300000| Untracked 
| 132|0x0000000088400000, 0x0000000088400000, 0x0000000088500000|  0%| F|  |TAMS 0x0000000088400000, 0x0000000088400000| Untracked 
| 133|0x0000000088500000, 0x0000000088500000, 0x0000000088600000|  0%| F|  |TAMS 0x0000000088500000, 0x0000000088500000| Untracked 
| 134|0x0000000088600000, 0x0000000088600000, 0x0000000088700000|  0%| F|  |TAMS 0x0000000088600000, 0x0000000088600000| Untracked 
| 135|0x0000000088700000, 0x0000000088700000, 0x0000000088800000|  0%| F|  |TAMS 0x0000000088700000, 0x0000000088700000| Untracked 
| 136|0x0000000088800000, 0x0000000088800000, 0x0000000088900000|  0%| F|  |TAMS 0x0000000088800000, 0x0000000088800000| Untracked 
| 137|0x0000000088900000, 0x0000000088900000, 0x0000000088a00000|  0%| F|  |TAMS 0x0000000088900000, 0x0000000088900000| Untracked 
| 138|0x0000000088a00000, 0x0000000088a00000, 0x0000000088b00000|  0%| F|  |TAMS 0x0000000088a00000, 0x0000000088a00000| Untracked 
| 139|0x0000000088b00000, 0x0000000088b00000, 0x0000000088c00000|  0%| F|  |TAMS 0x0000000088b00000, 0x0000000088b00000| Untracked 
| 140|0x0000000088c00000, 0x0000000088c00000, 0x0000000088d00000|  0%| F|  |TAMS 0x0000000088c00000, 0x0000000088c00000| Untracked 
| 141|0x0000000088d00000, 0x0000000088d00000, 0x0000000088e00000|  0%| F|  |TAMS 0x0000000088d00000, 0x0000000088d00000| Untracked 
| 142|0x0000000088e00000, 0x0000000088e00000, 0x0000000088f00000|  0%| F|  |TAMS 0x0000000088e00000, 0x0000000088e00000| Untracked 
| 143|0x0000000088f00000, 0x0000000088f00000, 0x0000000089000000|  0%| F|  |TAMS 0x0000000088f00000, 0x0000000088f00000| Untracked 
| 144|0x0000000089000000, 0x0000000089000000, 0x0000000089100000|  0%| F|  |TAMS 0x0000000089000000, 0x0000000089000000| Untracked 
| 145|0x0000000089100000, 0x0000000089100000, 0x0000000089200000|  0%| F|  |TAMS 0x0000000089100000, 0x0000000089100000| Untracked 
| 146|0x0000000089200000, 0x0000000089200000, 0x0000000089300000|  0%| F|  |TAMS 0x0000000089200000, 0x0000000089200000| Untracked 
| 147|0x0000000089300000, 0x0000000089300000, 0x0000000089400000|  0%| F|  |TAMS 0x0000000089300000, 0x0000000089300000| Untracked 
| 148|0x0000000089400000, 0x0000000089400000, 0x0000000089500000|  0%| F|  |TAMS 0x0000000089400000, 0x0000000089400000| Untracked 
| 149|0x0000000089500000, 0x0000000089500000, 0x0000000089600000|  0%| F|  |TAMS 0x0000000089500000, 0x0000000089500000| Untracked 
| 150|0x0000000089600000, 0x0000000089600000, 0x0000000089700000|  0%| F|  |TAMS 0x0000000089600000, 0x0000000089600000| Untracked 
| 151|0x0000000089700000, 0x0000000089700000, 0x0000000089800000|  0%| F|  |TAMS 0x0000000089700000, 0x0000000089700000| Untracked 
| 152|0x0000000089800000, 0x0000000089800000, 0x0000000089900000|  0%| F|  |TAMS 0x0000000089800000, 0x0000000089800000| Untracked 
| 153|0x0000000089900000, 0x0000000089900000, 0x0000000089a00000|  0%| F|  |TAMS 0x0000000089900000, 0x0000000089900000| Untracked 
| 154|0x0000000089a00000, 0x0000000089a00000, 0x0000000089b00000|  0%| F|  |TAMS 0x0000000089a00000, 0x0000000089a00000| Untracked 
| 155|0x0000000089b00000, 0x0000000089b00000, 0x0000000089c00000|  0%| F|  |TAMS 0x0000000089b00000, 0x0000000089b00000| Untracked 
| 156|0x0000000089c00000, 0x0000000089c00000, 0x0000000089d00000|  0%| F|  |TAMS 0x0000000089c00000, 0x0000000089c00000| Untracked 
| 157|0x0000000089d00000, 0x0000000089d00000, 0x0000000089e00000|  0%| F|  |TAMS 0x0000000089d00000, 0x0000000089d00000| Untracked 
| 158|0x0000000089e00000, 0x0000000089e00000, 0x0000000089f00000|  0%| F|  |TAMS 0x0000000089e00000, 0x0000000089e00000| Untracked 
| 159|0x0000000089f00000, 0x0000000089f00000, 0x000000008a000000|  0%| F|  |TAMS 0x0000000089f00000, 0x0000000089f00000| Untracked 
| 160|0x000000008a000000, 0x000000008a000000, 0x000000008a100000|  0%| F|  |TAMS 0x000000008a000000, 0x000000008a000000| Untracked 
| 161|0x000000008a100000, 0x000000008a100000, 0x000000008a200000|  0%| F|  |TAMS 0x000000008a100000, 0x000000008a100000| Untracked 
| 162|0x000000008a200000, 0x000000008a200000, 0x000000008a300000|  0%| F|  |TAMS 0x000000008a200000, 0x000000008a200000| Untracked 
| 163|0x000000008a300000, 0x000000008a300000, 0x000000008a400000|  0%| F|  |TAMS 0x000000008a300000, 0x000000008a300000| Untracked 
| 164|0x000000008a400000, 0x000000008a400000, 0x000000008a500000|  0%| F|  |TAMS 0x000000008a400000, 0x000000008a400000| Untracked 
| 165|0x000000008a500000, 0x000000008a500000, 0x000000008a600000|  0%| F|  |TAMS 0x000000008a500000, 0x000000008a500000| Untracked 
| 166|0x000000008a600000, 0x000000008a600000, 0x000000008a700000|  0%| F|  |TAMS 0x000000008a600000, 0x000000008a600000| Untracked 
| 167|0x000000008a700000, 0x000000008a700000, 0x000000008a800000|  0%| F|  |TAMS 0x000000008a700000, 0x000000008a700000| Untracked 
| 168|0x000000008a800000, 0x000000008a800000, 0x000000008a900000|  0%| F|  |TAMS 0x000000008a800000, 0x000000008a800000| Untracked 
| 169|0x000000008a900000, 0x000000008a900000, 0x000000008aa00000|  0%| F|  |TAMS 0x000000008a900000, 0x000000008a900000| Untracked 
| 170|0x000000008aa00000, 0x000000008aa00000, 0x000000008ab00000|  0%| F|  |TAMS 0x000000008aa00000, 0x000000008aa00000| Untracked 
| 171|0x000000008ab00000, 0x000000008ab00000, 0x000000008ac00000|  0%| F|  |TAMS 0x000000008ab00000, 0x000000008ab00000| Untracked 
| 172|0x000000008ac00000, 0x000000008ac00000, 0x000000008ad00000|  0%| F|  |TAMS 0x000000008ac00000, 0x000000008ac00000| Untracked 
| 173|0x000000008ad00000, 0x000000008ad00000, 0x000000008ae00000|  0%| F|  |TAMS 0x000000008ad00000, 0x000000008ad00000| Untracked 
| 174|0x000000008ae00000, 0x000000008ae00000, 0x000000008af00000|  0%| F|  |TAMS 0x000000008ae00000, 0x000000008ae00000| Untracked 
| 175|0x000000008af00000, 0x000000008af00000, 0x000000008b000000|  0%| F|  |TAMS 0x000000008af00000, 0x000000008af00000| Untracked 
| 176|0x000000008b000000, 0x000000008b000000, 0x000000008b100000|  0%| F|  |TAMS 0x000000008b000000, 0x000000008b000000| Untracked 
| 177|0x000000008b100000, 0x000000008b1a3000, 0x000000008b200000| 63%| E|  |TAMS 0x000000008b100000, 0x000000008b100000| Complete 
| 178|0x000000008b200000, 0x000000008b300000, 0x000000008b300000|100%| E|CS|TAMS 0x000000008b200000, 0x000000008b200000| Complete 
| 179|0x000000008b300000, 0x000000008b400000, 0x000000008b400000|100%| E|CS|TAMS 0x000000008b300000, 0x000000008b300000| Complete 
| 180|0x000000008b400000, 0x000000008b500000, 0x000000008b500000|100%| E|CS|TAMS 0x000000008b400000, 0x000000008b400000| Complete 
| 181|0x000000008b500000, 0x000000008b600000, 0x000000008b600000|100%| E|CS|TAMS 0x000000008b500000, 0x000000008b500000| Complete 
| 182|0x000000008b600000, 0x000000008b700000, 0x000000008b700000|100%| E|CS|TAMS 0x000000008b600000, 0x000000008b600000| Complete 
| 183|0x000000008b700000, 0x000000008b800000, 0x000000008b800000|100%| E|CS|TAMS 0x000000008b700000, 0x000000008b700000| Complete 
| 184|0x000000008b800000, 0x000000008b900000, 0x000000008b900000|100%| E|CS|TAMS 0x000000008b800000, 0x000000008b800000| Complete 

Card table byte_map: [0x000002cf976d0000,0x000002cf97ad0000] _byte_map_base: 0x000002cf972d0000

Marking Bits (Prev, Next): (CMBitMap*) 0x000002cf844cd458, (CMBitMap*) 0x000002cf844cd490
 Prev Bits: [0x000002cf97ed0000, 0x000002cf99ed0000)
 Next Bits: [0x000002cf99ed0000, 0x000002cf9bed0000)

Polling page: 0x000002cf83c70000

Metaspace:

Usage:
  Non-class:     82.41 MB capacity,    81.13 MB ( 98%) used,     1.03 MB (  1%) free+waste,   255.88 KB ( <1%) overhead. 
      Class:     12.75 MB capacity,    11.93 MB ( 94%) used,   717.80 KB (  5%) free+waste,   114.50 KB ( <1%) overhead. 
       Both:     95.16 MB capacity,    93.07 MB ( 98%) used,     1.73 MB (  2%) free+waste,   370.38 KB ( <1%) overhead. 

Virtual space:
  Non-class space:       84.00 MB reserved,      82.54 MB ( 98%) committed 
      Class space:        1.00 GB reserved,      12.82 MB (  1%) committed 
             Both:        1.08 GB reserved,      95.36 MB (  9%) committed 

Chunk freelists:
   Non-Class:  60.00 KB
       Class:  4.00 KB
        Both:  64.00 KB

MaxMetaspaceSize: 17179869184.00 GB
CompressedClassSpaceSize: 1.00 GB

CodeHeap 'non-profiled nmethods': size=120000Kb used=7004Kb max_used=7004Kb free=112995Kb
 bounds [0x000002cf8fa60000, 0x000002cf90140000, 0x000002cf96f90000]
CodeHeap 'profiled nmethods': size=120000Kb used=25193Kb max_used=25193Kb free=94806Kb
 bounds [0x000002cf88530000, 0x000002cf89dd0000, 0x000002cf8fa60000]
CodeHeap 'non-nmethods': size=5760Kb used=2305Kb max_used=2334Kb free=3455Kb
 bounds [0x000002cf87f90000, 0x000002cf88200000, 0x000002cf88530000]
 total_blobs=12443 nmethods=11526 adapters=829
 compilation: enabled
              stopped_count=0, restarted_count=0
 full_count=0

Compilation events (20 events):
Event: 22.945 Thread 0x000002cf9e92f000 nmethod 11527 0x000002cf89dc3b10 code [0x000002cf89dc3ea0, 0x000002cf89dc5708]
Event: 22.945 Thread 0x000002cf9e92f000 11526       3       org.gradle.internal.serialize.InputStreamBackedDecoder::readByte (13 bytes)
Event: 22.945 Thread 0x000002cf9e92f000 nmethod 11526 0x000002cf89dc5f90 code [0x000002cf89dc6160, 0x000002cf89dc6498]
Event: 23.331 Thread 0x000002cf9e92f000 11528       3       javax.management.ObjectName::setCanonicalName (251 bytes)
Event: 23.333 Thread 0x000002cf9e92f000 nmethod 11528 0x000002cf89dc6610 code [0x000002cf89dc68e0, 0x000002cf89dc7a78]
Event: 25.339 Thread 0x000002cf9e92f000 11529       3       java.lang.management.ManagementFactory$$Lambda$62/0x0000000100139c40::apply (12 bytes)
Event: 25.340 Thread 0x000002cf9e92f000 nmethod 11529 0x000002cf89dc8110 code [0x000002cf89dc8300, 0x000002cf89dc86d8]
Event: 25.340 Thread 0x000002cf9e92f000 11530       3       java.lang.management.ManagementFactory::lambda$getPlatformMXBeans$3 (13 bytes)
Event: 25.340 Thread 0x000002cf9e92f000 nmethod 11530 0x000002cf89dc8810 code [0x000002cf89dc89e0, 0x000002cf89dc8c38]
Event: 26.336 Thread 0x000002cf9e92f000 11531       3       javax.management.ObjectName::<init> (15 bytes)
Event: 26.337 Thread 0x000002cf9e92f000 nmethod 11531 0x000002cf89dc8d10 code [0x000002cf89dc8ee0, 0x000002cf89dc9068]
Event: 26.337 Thread 0x000002cf9e92f000 11532       3       sun.management.MemoryPoolImpl::getType (15 bytes)
Event: 26.337 Thread 0x000002cf9e92f000 nmethod 11532 0x000002cf89dc9110 code [0x000002cf89dc92c0, 0x000002cf89dc9418]
Event: 27.140 Thread 0x000002cf9e92f000 11533       1       java.lang.invoke.StringConcatFactory$RecipeElement::getTag (5 bytes)
Event: 27.140 Thread 0x000002cf9e92f000 nmethod 11533 0x000002cf90136090 code [0x000002cf90136240, 0x000002cf901362f8]
Event: 27.174 Thread 0x000002cf9f2be800 11534   !   4       org.gradle.internal.classloader.FilteringClassLoader::loadClass (62 bytes)
Event: 27.185 Thread 0x000002cf9e92f000 11540       3       jdk.internal.org.objectweb.asm.MethodWriter::startFrame (55 bytes)
Event: 27.185 Thread 0x000002cf9e92f000 nmethod 11540 0x000002cf89dc9490 code [0x000002cf89dc9660, 0x000002cf89dc9958]
Event: 27.185 Thread 0x000002cf9e92f000 11541       3       jdk.internal.org.objectweb.asm.MethodWriter::endFrame (53 bytes)
Event: 27.186 Thread 0x000002cf9e92f000 nmethod 11541 0x000002cf89dc9a90 code [0x000002cf89dc9c80, 0x000002cf89dca148]

GC Heap History (20 events):
Event: 12.450 GC heap before
{Heap before GC invocations=12 (full 0):
 garbage-first heap   total 157696K, used 114651K [0x0000000080000000, 0x0000000100000000)
  region size 1024K, 62 young (63488K), 3 survivors (3072K)
 Metaspace       used 65035K, capacity 66515K, committed 66672K, reserved 1107968K
  class space    used 8189K, capacity 8764K, committed 8780K, reserved 1048576K
}
Event: 12.462 GC heap after
{Heap after GC invocations=13 (full 0):
 garbage-first heap   total 157696K, used 58964K [0x0000000080000000, 0x0000000100000000)
  region size 1024K, 8 young (8192K), 8 survivors (8192K)
 Metaspace       used 65035K, capacity 66515K, committed 66672K, reserved 1107968K
  class space    used 8189K, capacity 8764K, committed 8780K, reserved 1048576K
}
Event: 13.534 GC heap before
{Heap before GC invocations=14 (full 0):
 garbage-first heap   total 157696K, used 118356K [0x0000000080000000, 0x0000000100000000)
  region size 1024K, 66 young (67584K), 8 survivors (8192K)
 Metaspace       used 68163K, capacity 69749K, committed 70000K, reserved 1110016K
  class space    used 8592K, capacity 9196K, committed 9292K, reserved 1048576K
}
Event: 13.546 GC heap after
{Heap after GC invocations=15 (full 0):
 garbage-first heap   total 157696K, used 62374K [0x0000000080000000, 0x0000000100000000)
  region size 1024K, 5 young (5120K), 5 survivors (5120K)
 Metaspace       used 68163K, capacity 69749K, committed 70000K, reserved 1110016K
  class space    used 8592K, capacity 9196K, committed 9292K, reserved 1048576K
}
Event: 14.675 GC heap before
{Heap before GC invocations=15 (full 0):
 garbage-first heap   total 157696K, used 120742K [0x0000000080000000, 0x0000000100000000)
  region size 1024K, 62 young (63488K), 5 survivors (5120K)
 Metaspace       used 73717K, capacity 75259K, committed 75504K, reserved 1114112K
  class space    used 9474K, capacity 10093K, committed 10188K, reserved 1048576K
}
Event: 14.686 GC heap after
{Heap after GC invocations=16 (full 0):
 garbage-first heap   total 157696K, used 65900K [0x0000000080000000, 0x0000000100000000)
  region size 1024K, 8 young (8192K), 8 survivors (8192K)
 Metaspace       used 73717K, capacity 75259K, committed 75504K, reserved 1114112K
  class space    used 9474K, capacity 10093K, committed 10188K, reserved 1048576K
}
Event: 15.886 GC heap before
{Heap before GC invocations=16 (full 0):
 garbage-first heap   total 157696K, used 123244K [0x0000000080000000, 0x0000000100000000)
  region size 1024K, 64 young (65536K), 8 survivors (8192K)
 Metaspace       used 78631K, capacity 80361K, committed 80624K, reserved 1120256K
  class space    used 10157K, capacity 10834K, committed 10956K, reserved 1048576K
}
Event: 15.898 GC heap after
{Heap after GC invocations=17 (full 0):
 garbage-first heap   total 157696K, used 69628K [0x0000000080000000, 0x0000000100000000)
  region size 1024K, 8 young (8192K), 8 survivors (8192K)
 Metaspace       used 78631K, capacity 80361K, committed 80624K, reserved 1120256K
  class space    used 10157K, capacity 10834K, committed 10956K, reserved 1048576K
}
Event: 17.024 GC heap before
{Heap before GC invocations=17 (full 0):
 garbage-first heap   total 157696K, used 124924K [0x0000000080000000, 0x0000000100000000)
  region size 1024K, 63 young (64512K), 8 survivors (8192K)
 Metaspace       used 84876K, capacity 86727K, committed 86896K, reserved 1124352K
  class space    used 10893K, capacity 11591K, committed 11596K, reserved 1048576K
}
Event: 17.037 GC heap after
{Heap after GC invocations=18 (full 0):
 garbage-first heap   total 157696K, used 74539K [0x0000000080000000, 0x0000000100000000)
  region size 1024K, 8 young (8192K), 8 survivors (8192K)
 Metaspace       used 84876K, capacity 86727K, committed 86896K, reserved 1124352K
  class space    used 10893K, capacity 11591K, committed 11596K, reserved 1048576K
}
Event: 17.822 GC heap before
{Heap before GC invocations=18 (full 0):
 garbage-first heap   total 157696K, used 126763K [0x0000000080000000, 0x0000000100000000)
  region size 1024K, 59 young (60416K), 8 survivors (8192K)
 Metaspace       used 86877K, capacity 88885K, committed 89072K, reserved 1126400K
  class space    used 11189K, capacity 11946K, committed 11980K, reserved 1048576K
}
Event: 17.837 GC heap after
{Heap after GC invocations=19 (full 0):
 garbage-first heap   total 157696K, used 81581K [0x0000000080000000, 0x0000000100000000)
  region size 1024K, 7 young (7168K), 7 survivors (7168K)
 Metaspace       used 86877K, capacity 88885K, committed 89072K, reserved 1126400K
  class space    used 11189K, capacity 11946K, committed 11980K, reserved 1048576K
}
Event: 18.276 GC heap before
{Heap before GC invocations=19 (full 0):
 garbage-first heap   total 157696K, used 125613K [0x0000000080000000, 0x0000000100000000)
  region size 1024K, 51 young (52224K), 7 survivors (7168K)
 Metaspace       used 87125K, capacity 89188K, committed 89328K, reserved 1126400K
  class space    used 11197K, capacity 11958K, committed 11980K, reserved 1048576K
}
Event: 18.290 GC heap after
{Heap after GC invocations=20 (full 0):
 garbage-first heap   total 189440K, used 85115K [0x0000000080000000, 0x0000000100000000)
  region size 1024K, 6 young (6144K), 6 survivors (6144K)
 Metaspace       used 87125K, capacity 89188K, committed 89328K, reserved 1126400K
  class space    used 11197K, capacity 11958K, committed 11980K, reserved 1048576K
}
Event: 18.969 GC heap before
{Heap before GC invocations=21 (full 0):
 garbage-first heap   total 189440K, used 143483K [0x0000000080000000, 0x0000000100000000)
  region size 1024K, 64 young (65536K), 6 survivors (6144K)
 Metaspace       used 87594K, capacity 89615K, committed 89712K, reserved 1126400K
  class space    used 11235K, capacity 12037K, committed 12108K, reserved 1048576K
}
Event: 18.977 GC heap after
{Heap after GC invocations=22 (full 0):
 garbage-first heap   total 189440K, used 88372K [0x0000000080000000, 0x0000000100000000)
  region size 1024K, 6 young (6144K), 6 survivors (6144K)
 Metaspace       used 87594K, capacity 89615K, committed 89712K, reserved 1126400K
  class space    used 11235K, capacity 12037K, committed 12108K, reserved 1048576K
}
Event: 19.780 GC heap before
{Heap before GC invocations=22 (full 0):
 garbage-first heap   total 189440K, used 146740K [0x0000000080000000, 0x0000000100000000)
  region size 1024K, 64 young (65536K), 6 survivors (6144K)
 Metaspace       used 90286K, capacity 92332K, committed 92656K, reserved 1130496K
  class space    used 11594K, capacity 12396K, committed 12492K, reserved 1048576K
}
Event: 19.790 GC heap after
{Heap after GC invocations=23 (full 0):
 garbage-first heap   total 189440K, used 91297K [0x0000000080000000, 0x0000000100000000)
  region size 1024K, 5 young (5120K), 5 survivors (5120K)
 Metaspace       used 90286K, capacity 92332K, committed 92656K, reserved 1130496K
  class space    used 11594K, capacity 12396K, committed 12492K, reserved 1048576K
}
Event: 20.855 GC heap before
{Heap before GC invocations=23 (full 0):
 garbage-first heap   total 189440K, used 149665K [0x0000000080000000, 0x0000000100000000)
  region size 1024K, 62 young (63488K), 5 survivors (5120K)
 Metaspace       used 94161K, capacity 96248K, committed 96496K, reserved 1132544K
  class space    used 12058K, capacity 12889K, committed 13004K, reserved 1048576K
}
Event: 20.872 GC heap after
{Heap after GC invocations=24 (full 0):
 garbage-first heap   total 189440K, used 94908K [0x0000000080000000, 0x0000000100000000)
  region size 1024K, 4 young (4096K), 4 survivors (4096K)
 Metaspace       used 94161K, capacity 96248K, committed 96496K, reserved 1132544K
  class space    used 12058K, capacity 12889K, committed 13004K, reserved 1048576K
}

Deoptimization events (20 events):
Event: 20.969 Thread 0x000002cfa4b4c000 DEOPT PACKING pc=0x000002cf8ff228b8 sp=0x000000fe081f97b0
Event: 20.969 Thread 0x000002cfa4b4c000 DEOPT UNPACKING pc=0x000002cf87fb662f sp=0x000000fe081f9760 mode 2
Event: 20.970 Thread 0x000002cfa4b4c000 Uncommon trap: trap_request=0xffffffde fr.pc=0x000002cf8ff228b8 relative=0x0000000000000518
Event: 20.970 Thread 0x000002cfa4b4c000 Uncommon trap: reason=class_check action=maybe_recompile pc=0x000002cf8ff228b8 method=java.util.regex.Matcher.search(I)Z @ 121 c2
Event: 20.970 Thread 0x000002cfa4b4c000 DEOPT PACKING pc=0x000002cf8ff228b8 sp=0x000000fe081f97b0
Event: 20.970 Thread 0x000002cfa4b4c000 DEOPT UNPACKING pc=0x000002cf87fb662f sp=0x000000fe081f9760 mode 2
Event: 20.970 Thread 0x000002cfa4b4c000 Uncommon trap: trap_request=0xffffffde fr.pc=0x000002cf8ff228b8 relative=0x0000000000000518
Event: 20.970 Thread 0x000002cfa4b4c000 Uncommon trap: reason=class_check action=maybe_recompile pc=0x000002cf8ff228b8 method=java.util.regex.Matcher.search(I)Z @ 121 c2
Event: 20.970 Thread 0x000002cfa4b4c000 DEOPT PACKING pc=0x000002cf8ff228b8 sp=0x000000fe081f97b0
Event: 20.970 Thread 0x000002cfa4b4c000 DEOPT UNPACKING pc=0x000002cf87fb662f sp=0x000000fe081f9760 mode 2
Event: 20.971 Thread 0x000002cfa4b4c000 Uncommon trap: trap_request=0xffffffde fr.pc=0x000002cf8ff228b8 relative=0x0000000000000518
Event: 20.971 Thread 0x000002cfa4b4c000 Uncommon trap: reason=class_check action=maybe_recompile pc=0x000002cf8ff228b8 method=java.util.regex.Matcher.search(I)Z @ 121 c2
Event: 20.971 Thread 0x000002cfa4b4c000 DEOPT PACKING pc=0x000002cf8ff228b8 sp=0x000000fe081f97b0
Event: 20.971 Thread 0x000002cfa4b4c000 DEOPT UNPACKING pc=0x000002cf87fb662f sp=0x000000fe081f9760 mode 2
Event: 21.041 Thread 0x000002cfa4b4c000 DEOPT PACKING pc=0x000002cf889c6879 sp=0x000000fe081f2a50
Event: 21.041 Thread 0x000002cfa4b4c000 DEOPT UNPACKING pc=0x000002cf87fb6dde sp=0x000000fe081f1f18 mode 0
Event: 21.042 Thread 0x000002cfa4b4c000 Uncommon trap: trap_request=0xffffff4d fr.pc=0x000002cf8fc5531c relative=0x00000000000001dc
Event: 21.042 Thread 0x000002cfa4b4c000 Uncommon trap: reason=unstable_if action=reinterpret pc=0x000002cf8fc5531c method=sun.net.www.ParseUtil.encodePath(Ljava/lang/String;Z)Ljava/lang/String; @ 1 c2
Event: 21.042 Thread 0x000002cfa4b4c000 DEOPT PACKING pc=0x000002cf8fc5531c sp=0x000000fe081f93f0
Event: 21.042 Thread 0x000002cfa4b4c000 DEOPT UNPACKING pc=0x000002cf87fb662f sp=0x000000fe081f9398 mode 2

Classes redefined (0 events):
No events

Internal exceptions (20 events):
Event: 17.585 Thread 0x000002cfa4c4a000 Exception <a 'java/lang/NoSuchMethodError'{0x00000000880bbfc8}: 'java.lang.Object java.lang.invoke.DirectMethodHandle$Holder.invokeSpecialIFC(java.lang.Object, java.lang.Object, java.lang.Object)'> (0x00000000880bbfc8) thrown at [./src/hotspot/share/interpreter/linkResolver.cpp, line 773]
Event: 17.585 Thread 0x000002cfa4c49000 Exception <a 'java/lang/NoSuchMethodError'{0x00000000880c52d8}: 'java.lang.Object java.lang.invoke.DirectMethodHandle$Holder.invokeSpecialIFC(java.lang.Object, java.lang.Object, java.lang.Object)'> (0x00000000880c52d8) thrown at [./src/hotspot/share/interpreter/linkResolver.cpp, line 773]
Event: 17.585 Thread 0x000002cfa4c4b000 Exception <a 'java/lang/NoSuchMethodError'{0x000000008859d420}: 'java.lang.Object java.lang.invoke.DirectMethodHandle$Holder.invokeSpecialIFC(java.lang.Object, java.lang.Object, java.lang.Object)'> (0x000000008859d420) thrown at [./src/hotspot/share/interpreter/linkResolver.cpp, line 773]
Event: 18.215 Thread 0x000002cf9f68f000 Exception <a 'java/lang/NoSuchMethodError'{0x0000000088f01c88}: 'void java.lang.invoke.DirectMethodHandle$Holder.invokeVirtual(java.lang.Object, java.lang.Object)'> (0x0000000088f01c88) thrown at [./src/hotspot/share/interpreter/linkResolver.cpp, line 773]
Event: 18.215 Thread 0x000002cfa325b000 Exception <a 'java/lang/NoSuchMethodError'{0x0000000088f09cc0}: 'void java.lang.invoke.DirectMethodHandle$Holder.invokeVirtual(java.lang.Object, java.lang.Object)'> (0x0000000088f09cc0) thrown at [./src/hotspot/share/interpreter/linkResolver.cpp, line 773]
Event: 18.690 Thread 0x000002cfa4b4c000 Exception <a 'java/lang/NoSuchMethodError'{0x0000000089fceab0}: <clinit>> (0x0000000089fceab0) thrown at [./src/hotspot/share/prims/jni.cpp, line 1362]
Event: 18.691 Thread 0x000002cfa4b4c000 Exception <a 'java/lang/NoSuchMethodError'{0x0000000089fd00b8}: <clinit>> (0x0000000089fd00b8) thrown at [./src/hotspot/share/prims/jni.cpp, line 1362]
Event: 18.691 Thread 0x000002cfa4b4c000 Exception <a 'java/lang/NoSuchMethodError'{0x0000000089fd2258}: <clinit>> (0x0000000089fd2258) thrown at [./src/hotspot/share/prims/jni.cpp, line 1362]
Event: 18.692 Thread 0x000002cfa4b4c000 Exception <a 'java/lang/NoSuchMethodError'{0x0000000089fe98b8}: <clinit>> (0x0000000089fe98b8) thrown at [./src/hotspot/share/prims/jni.cpp, line 1362]
Event: 18.693 Thread 0x000002cfa4b4c000 Exception <a 'java/lang/NoSuchMethodError'{0x0000000089fead98}: <clinit>> (0x0000000089fead98) thrown at [./src/hotspot/share/prims/jni.cpp, line 1362]
Event: 20.354 Thread 0x000002cfa4b4c000 Implicit null exception at 0x000002cf8ff4c6ac to 0x000002cf8ff4c6eb
Event: 20.379 Thread 0x000002cfa4b4c000 Exception <a 'java/lang/NoSuchMethodError'{0x0000000088ccda88}: 'int java.lang.invoke.DirectMethodHandle$Holder.invokeSpecial(java.lang.Object, java.lang.Object, java.lang.Object, java.lang.Object, java.lang.Object)'> (0x0000000088ccda88) thrown at [./src/hotspot/share/interpreter/linkResolver.cpp, line 773]
Event: 23.063 Thread 0x000002cfa4b4c000 Exception <a 'java/net/ConnectException'{0x000000008b4c70b0}: Connection refused: connect> (0x000000008b4c70b0) thrown at [./src/hotspot/share/prims/jni.cpp, line 636]
Event: 25.100 Thread 0x000002cfa4b4c000 Exception <a 'java/net/ConnectException'{0x000000008b4c8770}: Connection refused: connect> (0x000000008b4c8770) thrown at [./src/hotspot/share/prims/jni.cpp, line 636]
Event: 27.139 Thread 0x000002cfa4b4c000 Exception <a 'java/net/ConnectException'{0x000000008b4c9c98}: Connection refused: connect> (0x000000008b4c9c98) thrown at [./src/hotspot/share/prims/jni.cpp, line 636]
Event: 27.183 Thread 0x000002cfa4b4c000 Exception <a 'java/lang/NoSuchMethodError'{0x000000008b2da600}: 'void java.lang.invoke.DirectMethodHandle$Holder.invokeStatic(java.lang.Object, long)'> (0x000000008b2da600) thrown at [./src/hotspot/share/interpreter/linkResolver.cpp, line 773]
Event: 27.183 Thread 0x000002cfa4b4c000 Exception <a 'java/lang/NoSuchMethodError'{0x000000008b2e02b8}: 'java.lang.Object java.lang.invoke.DirectMethodHandle$Holder.invokeStatic(java.lang.Object, long)'> (0x000000008b2e02b8) thrown at [./src/hotspot/share/interpreter/linkResolver.cpp, line 773]
Event: 27.185 Thread 0x000002cfa4b4c000 Exception <a 'java/lang/NoSuchMethodError'{0x000000008b2eed78}: 'java.lang.Object java.lang.invoke.DirectMethodHandle$Holder.invokeStaticInit(java.lang.Object, java.lang.Object, long, java.lang.Object)'> (0x000000008b2eed78) thrown at [./src/hotspot/share/interpreter/linkResolver.cpp, line 773]
Event: 27.186 Thread 0x000002cfa4b4c000 Exception <a 'java/lang/NoSuchMethodError'{0x000000008b2f5708}: 'java.lang.Object java.lang.invoke.DirectMethodHandle$Holder.invokeStatic(java.lang.Object, java.lang.Object, long)'> (0x000000008b2f5708) thrown at [./src/hotspot/share/interpreter/linkResolver.cpp, line 773]
Event: 27.186 Thread 0x000002cfa4b4c000 Exception <a 'java/lang/NoSuchMethodError'{0x000000008b2fc478}: 'java.lang.Object java.lang.invoke.Invokers$Holder.linkToTargetMethod(java.lang.Object, long, java.lang.Object)'> (0x000000008b2fc478) thrown at [./src/hotspot/share/interpreter/linkResolver.cpp, line 773]

Events (20 events):
Event: 27.189 loading class java/util/concurrent/Semaphore done
Event: 27.190 loading class java/util/concurrent/Semaphore$NonfairSync
Event: 27.190 loading class java/util/concurrent/Semaphore$Sync
Event: 27.190 loading class java/util/concurrent/Semaphore$Sync done
Event: 27.190 loading class java/util/concurrent/Semaphore$NonfairSync done
Event: 27.190 loading class org/jetbrains/kotlin/daemon/client/KotlinCompilerClient$startDaemon$stdoutThread$1
Event: 27.190 loading class org/jetbrains/kotlin/daemon/client/KotlinCompilerClient$startDaemon$stdoutThread$1 done
Event: 27.190 loading class kotlin/concurrent/ThreadsKt
Event: 27.190 loading class kotlin/concurrent/ThreadsKt done
Event: 27.190 loading class kotlin/concurrent/ThreadsKt
Event: 27.190 loading class kotlin/concurrent/ThreadsKt done
Event: 27.192 loading class kotlin/concurrent/ThreadsKt$thread$thread$1
Event: 27.192 loading class kotlin/concurrent/ThreadsKt$thread$thread$1 done
Event: 27.192 Thread 0x000002cfa4b50800 Thread added: 0x000002cfa4b50800
Event: 27.198 loading class org/jetbrains/kotlin/daemon/client/KotlinCompilerClient$startDaemon$stdoutThread$1$1
Event: 27.198 loading class org/jetbrains/kotlin/daemon/client/KotlinCompilerClient$startDaemon$stdoutThread$1$1 done
Event: 27.199 loading class kotlin/io/LinesSequence
Event: 27.199 loading class kotlin/io/LinesSequence done
Event: 27.199 loading class kotlin/io/LinesSequence$iterator$1
Event: 27.199 loading class kotlin/io/LinesSequence$iterator$1 done


Dynamic libraries:
0x00007ff6e9240000 - 0x00007ff6e924a000 	C:\Program Files\Android\Android Studio\jre\bin\java.exe
0x00007ffacb6f0000 - 0x00007ffacb8e8000 	C:\WINDOWS\SYSTEM32\ntdll.dll
0x00007ffacab20000 - 0x00007ffacabdd000 	C:\WINDOWS\System32\KERNEL32.DLL
0x00007ffac8e10000 - 0x00007ffac90de000 	C:\WINDOWS\System32\KERNELBASE.dll
0x00007ffac94f0000 - 0x00007ffac95f0000 	C:\WINDOWS\System32\ucrtbase.dll
0x00007ffab4200000 - 0x00007ffab4219000 	C:\Program Files\Android\Android Studio\jre\bin\jli.dll
0x00007ffacb380000 - 0x00007ffacb520000 	C:\WINDOWS\System32\USER32.dll
0x00007ffab4820000 - 0x00007ffab4aba000 	C:\WINDOWS\WinSxS\amd64_microsoft.windows.common-controls_6595b64144ccf1df_6.0.19041.1110_none_60b5254171f9507e\COMCTL32.dll
0x00007ffac9390000 - 0x00007ffac93b2000 	C:\WINDOWS\System32\win32u.dll
0x00007ffacb350000 - 0x00007ffacb37a000 	C:\WINDOWS\System32\GDI32.dll
0x00007ffacb530000 - 0x00007ffacb5ce000 	C:\WINDOWS\System32\msvcrt.dll
0x00007ffac90e0000 - 0x00007ffac91eb000 	C:\WINDOWS\System32\gdi32full.dll
0x00007ffac9280000 - 0x00007ffac931d000 	C:\WINDOWS\System32\msvcp_win.dll
0x00007ffab41e0000 - 0x00007ffab41f7000 	C:\Program Files\Android\Android Studio\jre\bin\VCRUNTIME140.dll
0x00007ffaca730000 - 0x00007ffaca760000 	C:\WINDOWS\System32\IMM32.DLL
0x00007ffaaad40000 - 0x00007ffaaaddd000 	C:\Program Files\Android\Android Studio\jre\bin\msvcp140.dll
0x00007ffa8c970000 - 0x00007ffa8d445000 	C:\Program Files\Android\Android Studio\jre\bin\server\jvm.dll
0x00007ffaca680000 - 0x00007ffaca72e000 	C:\WINDOWS\System32\ADVAPI32.dll
0x00007ffac9750000 - 0x00007ffac97ec000 	C:\WINDOWS\System32\sechost.dll
0x00007ffaca550000 - 0x00007ffaca675000 	C:\WINDOWS\System32\RPCRT4.dll
0x00007ffacb2b0000 - 0x00007ffacb2b8000 	C:\WINDOWS\System32\PSAPI.DLL
0x00007ffab9c90000 - 0x00007ffab9c99000 	C:\WINDOWS\SYSTEM32\WSOCK32.dll
0x00007ffac3920000 - 0x00007ffac392a000 	C:\WINDOWS\SYSTEM32\VERSION.dll
0x00007ffabe900000 - 0x00007ffabe927000 	C:\WINDOWS\SYSTEM32\WINMM.dll
0x00007ffac97f0000 - 0x00007ffac985b000 	C:\WINDOWS\System32\WS2_32.dll
0x00007ffac6d20000 - 0x00007ffac6d32000 	C:\WINDOWS\SYSTEM32\kernel.appcore.dll
0x00007ffaac590000 - 0x00007ffaac5a1000 	C:\Program Files\Android\Android Studio\jre\bin\verify.dll
0x00007ffab4f70000 - 0x00007ffab5154000 	C:\WINDOWS\SYSTEM32\DBGHELP.DLL
0x00007ffabab10000 - 0x00007ffabab3c000 	C:\WINDOWS\SYSTEM32\dbgcore.DLL
0x00007ffac91f0000 - 0x00007ffac9272000 	C:\WINDOWS\System32\bcryptPrimitives.dll
0x00007ffaa8370000 - 0x00007ffaa8399000 	C:\Program Files\Android\Android Studio\jre\bin\java.dll
0x00007ffab86d0000 - 0x00007ffab86db000 	C:\Program Files\Android\Android Studio\jre\bin\jimage.dll
0x00007ffaaa380000 - 0x00007ffaaa398000 	C:\Program Files\Android\Android Studio\jre\bin\zip.dll
0x00007ffac9e00000 - 0x00007ffaca543000 	C:\WINDOWS\System32\SHELL32.dll
0x00007ffac6f20000 - 0x00007ffac76b5000 	C:\WINDOWS\SYSTEM32\windows.storage.dll
0x00007ffaca760000 - 0x00007ffacaab4000 	C:\WINDOWS\System32\combase.dll
0x00007ffac87a0000 - 0x00007ffac87d0000 	C:\WINDOWS\SYSTEM32\Wldp.dll
0x00007ffacb0e0000 - 0x00007ffacb18d000 	C:\WINDOWS\System32\SHCORE.dll
0x00007ffac9d20000 - 0x00007ffac9d75000 	C:\WINDOWS\System32\shlwapi.dll
0x00007ffac8d50000 - 0x00007ffac8d6f000 	C:\WINDOWS\SYSTEM32\profapi.dll
0x00007ffaa89a0000 - 0x00007ffaa89ba000 	C:\Program Files\Android\Android Studio\jre\bin\net.dll
0x00007ffac3fb0000 - 0x00007ffac40ba000 	C:\WINDOWS\SYSTEM32\WINHTTP.dll
0x00007ffac8500000 - 0x00007ffac856a000 	C:\WINDOWS\system32\mswsock.dll
0x00007ffaa8350000 - 0x00007ffaa8364000 	C:\Program Files\Android\Android Studio\jre\bin\nio.dll
0x00007ffaba100000 - 0x00007ffaba127000 	C:\Users\David\.gradle\native\e1d6ef7f7dcc3fd88c89a11ec53ec762bb8ba0a96d01ffa2cd45eb1d1d8dd5c5\windows-amd64\native-platform.dll
0x00007ffaa5520000 - 0x00007ffaa5664000 	C:\Users\David\.gradle\native\5664cfc778a61ccfe75a443a1ab52a65af34e5dc3c78e0209fed803814484fcb\windows-amd64\native-platform-file-events.dll
0x00007ffab4e30000 - 0x00007ffab4e3a000 	C:\Program Files\Android\Android Studio\jre\bin\management.dll
0x00007ffab4440000 - 0x00007ffab444d000 	C:\Program Files\Android\Android Studio\jre\bin\management_ext.dll
0x00007ffac8700000 - 0x00007ffac8718000 	C:\WINDOWS\SYSTEM32\CRYPTSP.dll
0x00007ffac7e80000 - 0x00007ffac7eb4000 	C:\WINDOWS\system32\rsaenh.dll
0x00007ffac93c0000 - 0x00007ffac93e7000 	C:\WINDOWS\System32\bcrypt.dll
0x00007ffac8cd0000 - 0x00007ffac8cfe000 	C:\WINDOWS\SYSTEM32\USERENV.dll
0x00007ffac86f0000 - 0x00007ffac86fc000 	C:\WINDOWS\SYSTEM32\CRYPTBASE.dll
0x00007ffac81f0000 - 0x00007ffac822b000 	C:\WINDOWS\SYSTEM32\IPHLPAPI.DLL
0x00007ffacb0d0000 - 0x00007ffacb0d8000 	C:\WINDOWS\System32\NSI.dll
0x00007ffac39e0000 - 0x00007ffac39f7000 	C:\WINDOWS\SYSTEM32\dhcpcsvc6.DLL
0x00007ffac39c0000 - 0x00007ffac39dd000 	C:\WINDOWS\SYSTEM32\dhcpcsvc.DLL
0x00007ffac8230000 - 0x00007ffac82fa000 	C:\WINDOWS\SYSTEM32\DNSAPI.dll
0x00007ffaba0c0000 - 0x00007ffaba0de000 	C:\Users\David\AppData\Local\Temp\native-platform11233869099600611354dir\native-platform.dll

dbghelp: loaded successfully - version: 4.0.5 - missing functions: none
symbol engine: initialized successfully - sym options: 0x614 - pdb path: .;C:\Program Files\Android\Android Studio\jre\bin;C:\WINDOWS\SYSTEM32;C:\WINDOWS\WinSxS\amd64_microsoft.windows.common-controls_6595b64144ccf1df_6.0.19041.1110_none_60b5254171f9507e;C:\Program Files\Android\Android Studio\jre\bin\server;C:\Users\David\.gradle\native\e1d6ef7f7dcc3fd88c89a11ec53ec762bb8ba0a96d01ffa2cd45eb1d1d8dd5c5\windows-amd64;C:\Users\David\.gradle\native\5664cfc778a61ccfe75a443a1ab52a65af34e5dc3c78e0209fed803814484fcb\windows-amd64;C:\Users\David\AppData\Local\Temp\native-platform11233869099600611354dir

VM Arguments:
jvm_args: --add-opens=java.base/java.util=ALL-UNNAMED --add-opens=java.base/java.lang=ALL-UNNAMED --add-opens=java.base/java.lang.invoke=ALL-UNNAMED --add-opens=java.base/java.util=ALL-UNNAMED --add-opens=java.prefs/java.util.prefs=ALL-UNNAMED --add-opens=java.prefs/java.util.prefs=ALL-UNNAMED --add-opens=java.base/java.nio.charset=ALL-UNNAMED --add-opens=java.base/java.net=ALL-UNNAMED --add-opens=java.base/java.util.concurrent.atomic=ALL-UNNAMED -Xmx2048m -Dfile.encoding=UTF-8 -Duser.country=CO -Duser.language=es -Duser.variant 
java_command: org.gradle.launcher.daemon.bootstrap.GradleDaemon 7.2
java_class_path (initial): C:\Users\David\.gradle\wrapper\dists\gradle-7.2-bin\2dnblmf4td7x66yl1d74lt32g\gradle-7.2\lib\gradle-launcher-7.2.jar
Launcher Type: SUN_STANDARD

[Global flags]
     intx CICompilerCount                          = 4                                         {product} {ergonomic}
     uint ConcGCThreads                            = 2                                         {product} {ergonomic}
     uint G1ConcRefinementThreads                  = 8                                         {product} {ergonomic}
   size_t G1HeapRegionSize                         = 1048576                                   {product} {ergonomic}
    uintx GCDrainStackTargetSize                   = 64                                        {product} {ergonomic}
   size_t InitialHeapSize                          = 134217728                                 {product} {ergonomic}
   size_t MarkStackSize                            = 4194304                                   {product} {ergonomic}
   size_t MaxHeapSize                              = 2147483648                                {product} {command line}
   size_t MaxNewSize                               = 1287651328                                {product} {ergonomic}
   size_t MinHeapDeltaBytes                        = 1048576                                   {product} {ergonomic}
    uintx NonNMethodCodeHeapSize                   = 5836300                                {pd product} {ergonomic}
    uintx NonProfiledCodeHeapSize                  = 122910970                              {pd product} {ergonomic}
    uintx ProfiledCodeHeapSize                     = 122910970                              {pd product} {ergonomic}
    uintx ReservedCodeCacheSize                    = 251658240                              {pd product} {ergonomic}
     bool SegmentedCodeCache                       = true                                      {product} {ergonomic}
     bool UseCompressedClassPointers               = true                                 {lp64_product} {ergonomic}
     bool UseCompressedOops                        = true                                 {lp64_product} {ergonomic}
     bool UseG1GC                                  = true                                      {product} {ergonomic}
     bool UseLargePagesIndividualAllocation        = false                                  {pd product} {ergonomic}

Logging:
Log output configuration:
 #0: stdout all=warning uptime,level,tags
 #1: stderr all=off uptime,level,tags

Environment Variables:
PATH=C:\WINDOWS\system32;C:\WINDOWS;C:\WINDOWS\System32\Wbem;C:\WINDOWS\System32\WindowsPowerShell\v1.0\;C:\WINDOWS\System32\OpenSSH\;C:\Program Files\dotnet\;C:\Program Files\Git\cmd;C:\Program Files\nodejs\;C:\Users\David\AppData\Local\Microsoft\WindowsApps;C:\Users\JULIETH\AppData\Local\GitHubDesktop\bin;C:\Users\JULIETH\AppData\Local\Programs\Microsoft VS Code\bin;C:\Users\JULIETH\AppData\Roaming\npm
USERNAME=JULIETH
OS=Windows_NT
PROCESSOR_IDENTIFIER=AMD64 Family 21 Model 2 Stepping 0, AuthenticAMD



---------------  S Y S T E M  ---------------

OS: Windows 10 , 64 bit Build 19041 (10.0.19041.1889)
OS uptime: 2 days 16:58 hours

CPU:total 8 (initial active 8) (8 cores per cpu, 1 threads per core) family 21 model 2 stepping 0 microcode 0x0, cmov, cx8, fxsr, mmx, sse, sse2, sse3, ssse3, sse4.1, sse4.2, popcnt, avx, aes, clmul, mmxext, 3dnowpref, lzcnt, sse4a, tsc, tscinvbit, tscinv, bmi1, fma

Memory: 4k page, system-wide physical 8168M (1142M free)
TotalPageFile size 8184M (AvailPageFile size 202M)
current process WorkingSet (physical memory assigned to process): 440M, peak: 473M
current process commit charge ("private bytes"): 485M, peak: 510M

vm_info: OpenJDK 64-Bit Server VM (11.0.11+9-b60-7590822) for windows-amd64 JRE (11.0.11+9-b60-7590822), built on Jul 29 2021 21:43:44 by "builder" with MS VC++ 14.0 (VS2015)

END.
