#
# There is insufficient memory for the Java Runtime Environment to continue.
# Native memory allocation (mmap) failed to map 47185920 bytes for Failed to commit area from 0x000000008de00000 to 0x0000000090b00000 of length 47185920.
# Possible reasons:
#   The system is out of physical RAM or swap space
#   The process is running with CompressedOops enabled, and the Java Heap may be blocking the growth of the native heap
# Possible solutions:
#   Reduce memory load on the system
#   Increase physical memory or swap space
#   Check if swap backing store is full
#   Decrease Java heap size (-Xmx/-Xms)
#   Decrease number of Java threads
#   Decrease Java thread stack sizes (-Xss)
#   Set larger code cache with -XX:ReservedCodeCacheSize=
#   JVM is running with Unscaled Compressed Oops mode in which the Java heap is
#     placed in the first 4GB address space. The Java Heap base address is the
#     maximum limit for the native heap growth. Please use -XX:HeapBaseMinAddress
#     to set the Java Heap base and to place the Java Heap above 4GB virtual address.
# This output file may be truncated or incomplete.
#
#  Out of Memory Error (./src/hotspot/os/windows/os_windows.cpp:3301), pid=2180, tid=11496
#
# JRE version: OpenJDK Runtime Environment (11.0.11+9) (build 11.0.11+9-b60-7590822)
# Java VM: OpenJDK 64-Bit Server VM (11.0.11+9-b60-7590822, mixed mode, tiered, compressed oops, g1 gc, windows-amd64)
# No core dump will be written. Minidumps are not enabled by default on client versions of Windows
#

---------------  S U M M A R Y ------------

Command Line: --add-opens=java.base/java.util=ALL-UNNAMED --add-opens=java.base/java.lang=ALL-UNNAMED --add-opens=java.base/java.lang.invoke=ALL-UNNAMED --add-opens=java.base/java.util=ALL-UNNAMED --add-opens=java.prefs/java.util.prefs=ALL-UNNAMED --add-opens=java.prefs/java.util.prefs=ALL-UNNAMED --add-opens=java.base/java.nio.charset=ALL-UNNAMED --add-opens=java.base/java.net=ALL-UNNAMED --add-opens=java.base/java.util.concurrent.atomic=ALL-UNNAMED -Xmx2048m -Dfile.encoding=UTF-8 -Duser.country=CO -Duser.language=es -Duser.variant org.gradle.launcher.daemon.bootstrap.GradleDaemon 7.2

Host: AMD FX-8320E Eight-Core Processor              , 8 cores, 7G,  Windows 10 , 64 bit Build 19041 (10.0.19041.1889)
Time: Tue Aug 23 09:37:00 2022 Hora est. Pacífico, Sudamérica elapsed time: 20.010270 seconds (0d 0h 0m 20s)

---------------  T H R E A D  ---------------

Current thread (0x000001d86ccbd000):  VMThread "VM Thread" [stack: 0x000000cab4800000,0x000000cab4900000] [id=11496]

Stack: [0x000000cab4800000,0x000000cab4900000]
[error occurred during error reporting (printing stack bounds), id 0xc0000005, EXCEPTION_ACCESS_VIOLATION (0xc0000005) at pc=0x000001d855b50f2d]

Native frames: (J=compiled Java code, j=interpreted, Vv=VM code, C=native code)
V  [jvm.dll+0x5f214a]
V  [jvm.dll+0x726fb5]
V  [jvm.dll+0x7285cd]
V  [jvm.dll+0x728be5]
V  [jvm.dll+0x728b9b]
V  [jvm.dll+0x5f14e8]
V  [jvm.dll+0x5f1c78]
C  [ntdll.dll+0xa229f]
C  [ntdll.dll+0x51454]
C  [ntdll.dll+0xa0dce]
C  0x000001d855b50f2d

VM_Operation (0x000000caba3fabf0): G1CollectForAllocation, mode: safepoint, requested by thread 0x000001d871fea800


---------------  P R O C E S S  ---------------

Threads class SMR info:
_java_thread_list=0x000001d86f6d7f30, length=140, elements={
0x000001d85203d000, 0x000001d86ccbf800, 0x000001d86ccc4800, 0x000001d86ccdb000,
0x000001d86ccdb800, 0x000001d86ccdc800, 0x000001d86cce1000, 0x000001d86cced800,
0x000001d86ccf0800, 0x000001d86d7e0800, 0x000001d86fad4800, 0x000001d86e930800,
0x000001d86f083800, 0x000001d86dabb000, 0x000001d86ec30800, 0x000001d86ea26000,
0x000001d86ea26800, 0x000001d86f6c3800, 0x000001d86e9f1800, 0x000001d86f92e000,
0x000001d86f933800, 0x000001d86f932000, 0x000001d86f934800, 0x000001d86f92e800,
0x000001d86f92f800, 0x000001d86f930800, 0x000001d86f933000, 0x000001d86f931000,
0x000001d870190800, 0x000001d870191800, 0x000001d87018e000, 0x000001d87018f000,
0x000001d870190000, 0x000001d870196800, 0x000001d870194800, 0x000001d870195800,
0x000001d870197000, 0x000001d870198000, 0x000001d870193000, 0x000001d870199000,
0x000001d870199800, 0x000001d870194000, 0x000001d87019a800, 0x000001d87019b800,
0x000001d87019c000, 0x000001d874f77000, 0x000001d874f71800, 0x000001d874f78000,
0x000001d874f73800, 0x000001d874f73000, 0x000001d874f74800, 0x000001d874f75800,
0x000001d874f72000, 0x000001d874f79800, 0x000001d874f78800, 0x000001d874f7a800,
0x000001d874f7b000, 0x000001d874f7c000, 0x000001d874f76000, 0x000001d874f7c800,
0x000001d874f7d800, 0x000001d874f7e800, 0x000001d874f7f000, 0x000001d874f80000,
0x000001d871fe3800, 0x000001d871fe5000, 0x000001d871fdf800, 0x000001d871fe1800,
0x000001d871fe0000, 0x000001d871fe2800, 0x000001d871fe6800, 0x000001d871fe6000,
0x000001d871fe1000, 0x000001d871fe7800, 0x000001d871fea000, 0x000001d871fe9000,
0x000001d871fe8800, 0x000001d871fe4000, 0x000001d871fed000, 0x000001d871fec800,
0x000001d871fea800, 0x000001d871fee000, 0x000001d871feb800, 0x000001d8756ee000,
0x000001d8756ee800, 0x000001d8756ef800, 0x000001d8756ea000, 0x000001d8756ed000,
0x000001d8756f0800, 0x000001d8756ea800, 0x000001d8756f1000, 0x000001d8756eb800,
0x000001d8756f2000, 0x000001d8756ec000, 0x000001d8756f7000, 0x000001d8756f5000,
0x000001d8756f6000, 0x000001d8756f3800, 0x000001d8756f7800, 0x000001d8756f8800,
0x000001d8756f4800, 0x000001d8756f2800, 0x000001d87232c000, 0x000001d872330800,
0x000001d872331000, 0x000001d872332000, 0x000001d872333000, 0x000001d87232f800,
0x000001d87232d000, 0x000001d872333800, 0x000001d87232e000, 0x000001d872334800,
0x000001d87232e800, 0x000001d872336000, 0x000001d872337000, 0x000001d872338800,
0x000001d87233b000, 0x000001d872337800, 0x000001d872339800, 0x000001d872335000,
0x000001d87233a000, 0x000001d86fef4000, 0x000001d875da6000, 0x000001d875daa800,
0x000001d875da4800, 0x000001d875da5800, 0x000001d875da9800, 0x000001d875da8800,
0x000001d875dac000, 0x000001d875dac800, 0x000001d875da7000, 0x000001d875dad800,
0x000001d875da8000, 0x000001d875db3800, 0x000001d875daf000, 0x000001d875db0000,
0x000001d875db2800, 0x000001d875db1000, 0x000001d875db1800, 0x000001d870294000
}

Java Threads: ( => current thread )
  0x000001d85203d000 JavaThread "main" [_thread_blocked, id=5844, stack(0x000000cab4200000,0x000000cab4300000)]
  0x000001d86ccbf800 JavaThread "Reference Handler" daemon [_thread_blocked, id=4924, stack(0x000000cab4900000,0x000000cab4a00000)]
  0x000001d86ccc4800 JavaThread "Finalizer" daemon [_thread_blocked, id=11672, stack(0x000000cab4a00000,0x000000cab4b00000)]
  0x000001d86ccdb000 JavaThread "Signal Dispatcher" daemon [_thread_blocked, id=4188, stack(0x000000cab4b00000,0x000000cab4c00000)]
  0x000001d86ccdb800 JavaThread "Attach Listener" daemon [_thread_blocked, id=12784, stack(0x000000cab4c00000,0x000000cab4d00000)]
  0x000001d86ccdc800 JavaThread "Service Thread" daemon [_thread_blocked, id=10228, stack(0x000000cab4d00000,0x000000cab4e00000)]
  0x000001d86cce1000 JavaThread "C2 CompilerThread0" daemon [_thread_blocked, id=7464, stack(0x000000cab4e00000,0x000000cab4f00000)]
  0x000001d86cced800 JavaThread "C1 CompilerThread0" daemon [_thread_blocked, id=7772, stack(0x000000cab4f00000,0x000000cab5000000)]
  0x000001d86ccf0800 JavaThread "Sweeper thread" daemon [_thread_blocked, id=2984, stack(0x000000cab5000000,0x000000cab5100000)]
  0x000001d86d7e0800 JavaThread "Common-Cleaner" daemon [_thread_blocked, id=9596, stack(0x000000cab5100000,0x000000cab5200000)]
  0x000001d86fad4800 JavaThread "Daemon health stats" [_thread_blocked, id=224, stack(0x000000cab5600000,0x000000cab5700000)]
  0x000001d86e930800 JavaThread "Incoming local TCP Connector on port 53939" [_thread_in_native, id=10764, stack(0x000000cab5300000,0x000000cab5400000)]
  0x000001d86f083800 JavaThread "Daemon periodic checks" [_thread_blocked, id=7932, stack(0x000000cab5700000,0x000000cab5800000)]
  0x000001d86dabb000 JavaThread "Daemon" [_thread_blocked, id=12488, stack(0x000000cab5800000,0x000000cab5900000)]
  0x000001d86ec30800 JavaThread "Handler for socket connection from /127.0.0.1:53939 to /127.0.0.1:53940" [_thread_in_native, id=3668, stack(0x000000cab5900000,0x000000cab5a00000)]
  0x000001d86ea26000 JavaThread "Cancel handler" [_thread_blocked, id=7036, stack(0x000000cab5a00000,0x000000cab5b00000)]
  0x000001d86ea26800 JavaThread "Daemon worker" [_thread_blocked, id=7260, stack(0x000000cab5b00000,0x000000cab5c00000)]
  0x000001d86f6c3800 JavaThread "Asynchronous log dispatcher for DefaultDaemonConnection: socket connection from /127.0.0.1:53939 to /127.0.0.1:53940" [_thread_blocked, id=8720, stack(0x000000cab5c00000,0x000000cab5d00000)]
  0x000001d86e9f1800 JavaThread "Stdin handler" [_thread_blocked, id=7844, stack(0x000000cab5d00000,0x000000cab5e00000)]
  0x000001d86f92e000 JavaThread "Daemon client event forwarder" [_thread_blocked, id=5968, stack(0x000000cab5e00000,0x000000cab5f00000)]
  0x000001d86f933800 JavaThread "Cache worker for journal cache (C:\Users\JULIETH\.gradle\caches\journal-1)" [_thread_blocked, id=7828, stack(0x000000cab5f00000,0x000000cab6000000)]
  0x000001d86f932000 JavaThread "File lock request listener" [_thread_in_native, id=4116, stack(0x000000cab6000000,0x000000cab6100000)]
  0x000001d86f934800 JavaThread "Cache worker for file hash cache (C:\Users\JULIETH\.gradle\caches\7.2\fileHashes)" [_thread_blocked, id=7752, stack(0x000000cab6100000,0x000000cab6200000)]
  0x000001d86f92e800 JavaThread "Cache worker for file hash cache (C:\Users\JULIETH\AndroidStudioProjects\BlueTV\.gradle\7.2\fileHashes)" [_thread_blocked, id=6184, stack(0x000000cab6900000,0x000000cab6a00000)]
  0x000001d86f92f800 JavaThread "File watcher server" daemon [_thread_blocked, id=11544, stack(0x000000cab6a00000,0x000000cab6b00000)]
  0x000001d86f930800 JavaThread "File watcher consumer" daemon [_thread_blocked, id=1128, stack(0x000000cab6b00000,0x000000cab6c00000)]
  0x000001d86f933000 JavaThread "Cache worker for checksums cache (C:\Users\JULIETH\AndroidStudioProjects\BlueTV\.gradle\checksums)" [_thread_blocked, id=9584, stack(0x000000cab6c00000,0x000000cab6d00000)]
  0x000001d86f931000 JavaThread "Cache worker for cache directory md-supplier (C:\Users\JULIETH\.gradle\caches\7.2\md-supplier)" [_thread_blocked, id=5060, stack(0x000000cab6d00000,0x000000cab6e00000)]
  0x000001d870190800 JavaThread "Cache worker for cache directory md-rule (C:\Users\JULIETH\.gradle\caches\7.2\md-rule)" [_thread_blocked, id=12916, stack(0x000000cab6e00000,0x000000cab6f00000)]
  0x000001d870191800 JavaThread "Cache worker for execution history cache (C:\Users\JULIETH\.gradle\caches\7.2\executionHistory)" [_thread_blocked, id=12860, stack(0x000000cab7000000,0x000000cab7100000)]
  0x000001d87018e000 JavaThread "jar transforms" [_thread_blocked, id=9156, stack(0x000000cab7100000,0x000000cab7200000)]
  0x000001d87018f000 JavaThread "Cache worker for file content cache (C:\Users\JULIETH\.gradle\caches\7.2\fileContent)" [_thread_blocked, id=4904, stack(0x000000cab7200000,0x000000cab7300000)]
  0x000001d870190000 JavaThread "jar transforms Thread 2" [_thread_blocked, id=6736, stack(0x000000cab7300000,0x000000cab7400000)]
  0x000001d870196800 JavaThread "Cache worker for dependencies-accessors (C:\Users\JULIETH\AndroidStudioProjects\BlueTV\.gradle\7.2\dependencies-accessors)" [_thread_blocked, id=5864, stack(0x000000cab7400000,0x000000cab7500000)]
  0x000001d870194800 JavaThread "jar transforms Thread 3" [_thread_blocked, id=10524, stack(0x000000cab7500000,0x000000cab7600000)]
  0x000001d870195800 JavaThread "Cache worker for Build Output Cleanup Cache (C:\Users\JULIETH\AndroidStudioProjects\BlueTV\.gradle\buildOutputCleanup)" [_thread_blocked, id=7088, stack(0x000000cab7600000,0x000000cab7700000)]
  0x000001d870197000 JavaThread "Unconstrained build operations" [_thread_blocked, id=1576, stack(0x000000cab7700000,0x000000cab7800000)]
  0x000001d870198000 JavaThread "Unconstrained build operations Thread 2" [_thread_blocked, id=10156, stack(0x000000cab7800000,0x000000cab7900000)]
  0x000001d870193000 JavaThread "Unconstrained build operations Thread 3" [_thread_blocked, id=13208, stack(0x000000cab7900000,0x000000cab7a00000)]
  0x000001d870199000 JavaThread "Unconstrained build operations Thread 4" [_thread_blocked, id=5500, stack(0x000000cab7a00000,0x000000cab7b00000)]
  0x000001d870199800 JavaThread "Unconstrained build operations Thread 5" [_thread_blocked, id=12308, stack(0x000000cab7b00000,0x000000cab7c00000)]
  0x000001d870194000 JavaThread "Unconstrained build operations Thread 6" [_thread_blocked, id=11248, stack(0x000000cab7c00000,0x000000cab7d00000)]
  0x000001d87019a800 JavaThread "Unconstrained build operations Thread 7" [_thread_blocked, id=11600, stack(0x000000cab7d00000,0x000000cab7e00000)]
  0x000001d87019b800 JavaThread "Unconstrained build operations Thread 8" [_thread_blocked, id=1816, stack(0x000000cab7e00000,0x000000cab7f00000)]
  0x000001d87019c000 JavaThread "Unconstrained build operations Thread 9" [_thread_blocked, id=556, stack(0x000000cab7f00000,0x000000cab8000000)]
  0x000001d874f77000 JavaThread "Unconstrained build operations Thread 10" [_thread_blocked, id=11952, stack(0x000000cab8000000,0x000000cab8100000)]
  0x000001d874f71800 JavaThread "Unconstrained build operations Thread 11" [_thread_blocked, id=1528, stack(0x000000cab8100000,0x000000cab8200000)]
  0x000001d874f78000 JavaThread "Unconstrained build operations Thread 12" [_thread_blocked, id=3632, stack(0x000000cab8200000,0x000000cab8300000)]
  0x000001d874f73800 JavaThread "Unconstrained build operations Thread 13" [_thread_blocked, id=10384, stack(0x000000cab8300000,0x000000cab8400000)]
  0x000001d874f73000 JavaThread "Unconstrained build operations Thread 14" [_thread_blocked, id=10004, stack(0x000000cab8400000,0x000000cab8500000)]
  0x000001d874f74800 JavaThread "Unconstrained build operations Thread 15" [_thread_blocked, id=3192, stack(0x000000cab8500000,0x000000cab8600000)]
  0x000001d874f75800 JavaThread "Unconstrained build operations Thread 16" [_thread_blocked, id=3212, stack(0x000000cab8600000,0x000000cab8700000)]
  0x000001d874f72000 JavaThread "Unconstrained build operations Thread 17" [_thread_blocked, id=7716, stack(0x000000cab8700000,0x000000cab8800000)]
  0x000001d874f79800 JavaThread "Unconstrained build operations Thread 18" [_thread_blocked, id=7244, stack(0x000000cab8800000,0x000000cab8900000)]
  0x000001d874f78800 JavaThread "Unconstrained build operations Thread 19" [_thread_blocked, id=13136, stack(0x000000cab8900000,0x000000cab8a00000)]
  0x000001d874f7a800 JavaThread "Unconstrained build operations Thread 20" [_thread_blocked, id=3124, stack(0x000000cab8a00000,0x000000cab8b00000)]
  0x000001d874f7b000 JavaThread "Unconstrained build operations Thread 21" [_thread_blocked, id=12604, stack(0x000000cab8b00000,0x000000cab8c00000)]
  0x000001d874f7c000 JavaThread "Unconstrained build operations Thread 22" [_thread_blocked, id=12808, stack(0x000000cab8c00000,0x000000cab8d00000)]
  0x000001d874f76000 JavaThread "Unconstrained build operations Thread 23" [_thread_blocked, id=9580, stack(0x000000cab8d00000,0x000000cab8e00000)]
  0x000001d874f7c800 JavaThread "Unconstrained build operations Thread 24" [_thread_blocked, id=3628, stack(0x000000cab8e00000,0x000000cab8f00000)]
  0x000001d874f7d800 JavaThread "Unconstrained build operations Thread 25" [_thread_blocked, id=5148, stack(0x000000cab8f00000,0x000000cab9000000)]
  0x000001d874f7e800 JavaThread "Unconstrained build operations Thread 26" [_thread_blocked, id=4084, stack(0x000000cab9000000,0x000000cab9100000)]
  0x000001d874f7f000 JavaThread "Unconstrained build operations Thread 27" [_thread_blocked, id=11772, stack(0x000000cab9100000,0x000000cab9200000)]
  0x000001d874f80000 JavaThread "Unconstrained build operations Thread 28" [_thread_blocked, id=4860, stack(0x000000cab9200000,0x000000cab9300000)]
  0x000001d871fe3800 JavaThread "Unconstrained build operations Thread 29" [_thread_blocked, id=13020, stack(0x000000cab9300000,0x000000cab9400000)]
  0x000001d871fe5000 JavaThread "Unconstrained build operations Thread 30" [_thread_blocked, id=4836, stack(0x000000cab9400000,0x000000cab9500000)]
  0x000001d871fdf800 JavaThread "Unconstrained build operations Thread 31" [_thread_blocked, id=9656, stack(0x000000cab9500000,0x000000cab9600000)]
  0x000001d871fe1800 JavaThread "Unconstrained build operations Thread 32" [_thread_blocked, id=1308, stack(0x000000cab9600000,0x000000cab9700000)]
  0x000001d871fe0000 JavaThread "Unconstrained build operations Thread 33" [_thread_blocked, id=4456, stack(0x000000cab9700000,0x000000cab9800000)]
  0x000001d871fe2800 JavaThread "Unconstrained build operations Thread 34" [_thread_blocked, id=7016, stack(0x000000cab9800000,0x000000cab9900000)]
  0x000001d871fe6800 JavaThread "Unconstrained build operations Thread 35" [_thread_blocked, id=6584, stack(0x000000cab9900000,0x000000cab9a00000)]
  0x000001d871fe6000 JavaThread "Unconstrained build operations Thread 36" [_thread_blocked, id=9024, stack(0x000000cab9a00000,0x000000cab9b00000)]
  0x000001d871fe1000 JavaThread "Unconstrained build operations Thread 37" [_thread_blocked, id=9308, stack(0x000000cab9b00000,0x000000cab9c00000)]
  0x000001d871fe7800 JavaThread "Unconstrained build operations Thread 38" [_thread_blocked, id=10244, stack(0x000000cab9c00000,0x000000cab9d00000)]
  0x000001d871fea000 JavaThread "Unconstrained build operations Thread 39" [_thread_blocked, id=10112, stack(0x000000cab9d00000,0x000000cab9e00000)]
  0x000001d871fe9000 JavaThread "Unconstrained build operations Thread 40" [_thread_blocked, id=9980, stack(0x000000cab9e00000,0x000000cab9f00000)]
  0x000001d871fe8800 JavaThread "Unconstrained build operations Thread 41" [_thread_blocked, id=12768, stack(0x000000cab9f00000,0x000000caba000000)]
  0x000001d871fe4000 JavaThread "Unconstrained build operations Thread 42" [_thread_blocked, id=1644, stack(0x000000caba000000,0x000000caba100000)]
  0x000001d871fed000 JavaThread "Unconstrained build operations Thread 43" [_thread_blocked, id=9764, stack(0x000000caba100000,0x000000caba200000)]
  0x000001d871fec800 JavaThread "Unconstrained build operations Thread 44" [_thread_blocked, id=5432, stack(0x000000caba200000,0x000000caba300000)]
  0x000001d871fea800 JavaThread "Unconstrained build operations Thread 45" [_thread_blocked, id=2448, stack(0x000000caba300000,0x000000caba400000)]
  0x000001d871fee000 JavaThread "Unconstrained build operations Thread 46" [_thread_blocked, id=4680, stack(0x000000caba400000,0x000000caba500000)]
  0x000001d871feb800 JavaThread "Unconstrained build operations Thread 47" [_thread_blocked, id=4012, stack(0x000000caba500000,0x000000caba600000)]
  0x000001d8756ee000 JavaThread "Unconstrained build operations Thread 48" [_thread_blocked, id=11428, stack(0x000000caba600000,0x000000caba700000)]
  0x000001d8756ee800 JavaThread "Unconstrained build operations Thread 49" [_thread_blocked, id=7776, stack(0x000000caba700000,0x000000caba800000)]
  0x000001d8756ef800 JavaThread "Unconstrained build operations Thread 50" [_thread_blocked, id=13112, stack(0x000000caba800000,0x000000caba900000)]
  0x000001d8756ea000 JavaThread "Unconstrained build operations Thread 51" [_thread_blocked, id=7528, stack(0x000000caba900000,0x000000cabaa00000)]
  0x000001d8756ed000 JavaThread "Unconstrained build operations Thread 52" [_thread_blocked, id=2548, stack(0x000000cabaa00000,0x000000cabab00000)]
  0x000001d8756f0800 JavaThread "Unconstrained build operations Thread 53" [_thread_blocked, id=12432, stack(0x000000cabab00000,0x000000cabac00000)]
  0x000001d8756ea800 JavaThread "Unconstrained build operations Thread 54" [_thread_blocked, id=3640, stack(0x000000cabac00000,0x000000cabad00000)]
  0x000001d8756f1000 JavaThread "Unconstrained build operations Thread 55" [_thread_blocked, id=8852, stack(0x000000cabad00000,0x000000cabae00000)]
  0x000001d8756eb800 JavaThread "Unconstrained build operations Thread 56" [_thread_blocked, id=1868, stack(0x000000cabae00000,0x000000cabaf00000)]
  0x000001d8756f2000 JavaThread "Unconstrained build operations Thread 57" [_thread_blocked, id=9960, stack(0x000000cabaf00000,0x000000cabb000000)]
  0x000001d8756ec000 JavaThread "Unconstrained build operations Thread 58" [_thread_blocked, id=10516, stack(0x000000cabb000000,0x000000cabb100000)]
  0x000001d8756f7000 JavaThread "Unconstrained build operations Thread 59" [_thread_blocked, id=12368, stack(0x000000cabb100000,0x000000cabb200000)]
  0x000001d8756f5000 JavaThread "Unconstrained build operations Thread 60" [_thread_blocked, id=10912, stack(0x000000cabb200000,0x000000cabb300000)]
  0x000001d8756f6000 JavaThread "Unconstrained build operations Thread 61" [_thread_blocked, id=8596, stack(0x000000cabb300000,0x000000cabb400000)]
  0x000001d8756f3800 JavaThread "Unconstrained build operations Thread 62" [_thread_blocked, id=8876, stack(0x000000cabb400000,0x000000cabb500000)]
  0x000001d8756f7800 JavaThread "Unconstrained build operations Thread 63" [_thread_blocked, id=4592, stack(0x000000cabb500000,0x000000cabb600000)]
  0x000001d8756f8800 JavaThread "Unconstrained build operations Thread 64" [_thread_blocked, id=10528, stack(0x000000cabb600000,0x000000cabb700000)]
  0x000001d8756f4800 JavaThread "Unconstrained build operations Thread 65" [_thread_blocked, id=11452, stack(0x000000cabb700000,0x000000cabb800000)]
  0x000001d8756f2800 JavaThread "Unconstrained build operations Thread 66" [_thread_blocked, id=9440, stack(0x000000cabb800000,0x000000cabb900000)]
  0x000001d87232c000 JavaThread "Unconstrained build operations Thread 67" [_thread_blocked, id=11852, stack(0x000000cabb900000,0x000000cabba00000)]
  0x000001d872330800 JavaThread "Unconstrained build operations Thread 68" [_thread_blocked, id=4472, stack(0x000000cabba00000,0x000000cabbb00000)]
  0x000001d872331000 JavaThread "Unconstrained build operations Thread 69" [_thread_blocked, id=12864, stack(0x000000cabbb00000,0x000000cabbc00000)]
  0x000001d872332000 JavaThread "Unconstrained build operations Thread 70" [_thread_blocked, id=1864, stack(0x000000cabbc00000,0x000000cabbd00000)]
  0x000001d872333000 JavaThread "Unconstrained build operations Thread 71" [_thread_blocked, id=628, stack(0x000000cabbd00000,0x000000cabbe00000)]
  0x000001d87232f800 JavaThread "Unconstrained build operations Thread 72" [_thread_blocked, id=5464, stack(0x000000cabbe00000,0x000000cabbf00000)]
  0x000001d87232d000 JavaThread "Unconstrained build operations Thread 73" [_thread_blocked, id=2868, stack(0x000000cabbf00000,0x000000cabc000000)]
  0x000001d872333800 JavaThread "Unconstrained build operations Thread 74" [_thread_blocked, id=4876, stack(0x000000cabc000000,0x000000cabc100000)]
  0x000001d87232e000 JavaThread "Unconstrained build operations Thread 75" [_thread_blocked, id=11872, stack(0x000000cabc100000,0x000000cabc200000)]
  0x000001d872334800 JavaThread "Unconstrained build operations Thread 76" [_thread_blocked, id=3624, stack(0x000000cabc200000,0x000000cabc300000)]
  0x000001d87232e800 JavaThread "Unconstrained build operations Thread 77" [_thread_blocked, id=8940, stack(0x000000cabc300000,0x000000cabc400000)]
  0x000001d872336000 JavaThread "Unconstrained build operations Thread 78" [_thread_blocked, id=12844, stack(0x000000cabc400000,0x000000cabc500000)]
  0x000001d872337000 JavaThread "Unconstrained build operations Thread 79" [_thread_blocked, id=3460, stack(0x000000cabc500000,0x000000cabc600000)]
  0x000001d872338800 JavaThread "Unconstrained build operations Thread 80" [_thread_blocked, id=5840, stack(0x000000cabc600000,0x000000cabc700000)]
  0x000001d87233b000 JavaThread "jar transforms Thread 4" [_thread_blocked, id=1564, stack(0x000000cabc700000,0x000000cabc800000)]
  0x000001d872337800 JavaThread "jar transforms Thread 5" [_thread_blocked, id=10700, stack(0x000000cabc800000,0x000000cabc900000)]
  0x000001d872339800 JavaThread "jar transforms Thread 6" [_thread_blocked, id=11912, stack(0x000000cabc900000,0x000000cabca00000)]
  0x000001d872335000 JavaThread "jar transforms Thread 7" [_thread_blocked, id=12424, stack(0x000000cabca00000,0x000000cabcb00000)]
  0x000001d87233a000 JavaThread "jar transforms Thread 8" [_thread_blocked, id=4896, stack(0x000000cabcb00000,0x000000cabcc00000)]
  0x000001d86fef4000 JavaThread "C2 CompilerThread1" daemon [_thread_blocked, id=1212, stack(0x000000cab6800000,0x000000cab6900000)]
  0x000001d875da6000 JavaThread "C2 CompilerThread2" daemon [_thread_blocked, id=13144, stack(0x000000cab6f00000,0x000000cab7000000)]
  0x000001d875daa800 JavaThread "Memory manager" [_thread_blocked, id=2340, stack(0x000000cabcc00000,0x000000cabcd00000)]
  0x000001d875da4800 JavaThread "build event listener" [_thread_blocked, id=13236, stack(0x000000cabcd00000,0x000000cabce00000)]
  0x000001d875da5800 JavaThread "build event listener" [_thread_blocked, id=7796, stack(0x000000cabce00000,0x000000cabcf00000)]
  0x000001d875da9800 JavaThread "pool-3-thread-1" [_thread_blocked, id=8340, stack(0x000000cabcf00000,0x000000cabd000000)]
  0x000001d875da8800 JavaThread "build event listener" [_thread_blocked, id=10876, stack(0x000000cabd000000,0x000000cabd100000)]
  0x000001d875dac000 JavaThread "Execution worker for ':'" [_thread_blocked, id=700, stack(0x000000cabd100000,0x000000cabd200000)]
  0x000001d875dac800 JavaThread "Execution worker for ':' Thread 2" [_thread_blocked, id=8684, stack(0x000000cabd200000,0x000000cabd300000)]
  0x000001d875da7000 JavaThread "Execution worker for ':' Thread 3" [_thread_blocked, id=2264, stack(0x000000cabd300000,0x000000cabd400000)]
  0x000001d875dad800 JavaThread "Execution worker for ':' Thread 4" [_thread_blocked, id=11012, stack(0x000000cabd400000,0x000000cabd500000)]
  0x000001d875da8000 JavaThread "Execution worker for ':' Thread 5" [_thread_blocked, id=3836, stack(0x000000cabd500000,0x000000cabd600000)]
  0x000001d875db3800 JavaThread "Execution worker for ':' Thread 6" [_thread_blocked, id=7432, stack(0x000000cabd600000,0x000000cabd700000)]
  0x000001d875daf000 JavaThread "Execution worker for ':' Thread 7" [_thread_blocked, id=5244, stack(0x000000cabd700000,0x000000cabd800000)]
  0x000001d875db0000 JavaThread "Cache worker for execution history cache (C:\Users\JULIETH\AndroidStudioProjects\BlueTV\.gradle\7.2\executionHistory)" [_thread_blocked, id=10708, stack(0x000000cabd800000,0x000000cabd900000)]
  0x000001d875db2800 JavaThread "WorkerExecutor Queue" [_thread_blocked, id=11576, stack(0x000000cabda00000,0x000000cabdb00000)]
  0x000001d875db1000 JavaThread "WorkerExecutor Queue Thread 2" [_thread_blocked, id=3008, stack(0x000000cabdb00000,0x000000cabdc00000)]
  0x000001d875db1800 JavaThread "WorkerExecutor Queue Thread 3" [_thread_blocked, id=7468, stack(0x000000cabdc00000,0x000000cabdd00000)]
  0x000001d870294000 JavaThread "WorkerExecutor Queue Thread 4" [_thread_blocked, id=12536, stack(0x000000cabdd00000,0x000000cabde00000)]

Other Threads:
=>0x000001d86ccbd000 VMThread "VM Thread" [stack: 0x000000cab4800000,0x000000cab4900000] [id=11496]
  0x000001d86d829000 WatcherThread [stack: 0x000000cab5200000,0x000000cab5300000] [id=4480]
  0x000001d852054000 GCTaskThread "GC Thread#0" [stack: 0x000000cab4300000,0x000000cab4400000] [id=11512]
  0x000001d86e10d000 GCTaskThread "GC Thread#1" [stack: 0x000000cab5400000,0x000000cab5500000] [id=11680]
  0x000001d86e482800 GCTaskThread "GC Thread#2" [stack: 0x000000cab5500000,0x000000cab5600000] [id=2888]
  0x000001d86fbbf800 GCTaskThread "GC Thread#3" [stack: 0x000000cab6200000,0x000000cab6300000] [id=6560]
  0x000001d86f6ed800 GCTaskThread "GC Thread#4" [stack: 0x000000cab6300000,0x000000cab6400000] [id=2840]
  0x000001d86f87a800 GCTaskThread "GC Thread#5" [stack: 0x000000cab6400000,0x000000cab6500000] [id=6564]
  0x000001d86fb21000 GCTaskThread "GC Thread#6" [stack: 0x000000cab6500000,0x000000cab6600000] [id=10988]
  0x000001d86f881800 GCTaskThread "GC Thread#7" [stack: 0x000000cab6600000,0x000000cab6700000] [id=2440]
  0x000001d852089800 ConcurrentGCThread "G1 Main Marker" [stack: 0x000000cab4400000,0x000000cab4500000] [id=5416]
  0x000001d85208a800 ConcurrentGCThread "G1 Conc#0" [stack: 0x000000cab4500000,0x000000cab4600000] [id=11400]
  0x000001d86f87c800 ConcurrentGCThread "G1 Conc#1" [stack: 0x000000cab6700000,0x000000cab6800000] [id=4752]
  0x000001d86cb10800 ConcurrentGCThread "G1 Refine#0" [stack: 0x000000cab4600000,0x000000cab4700000] [id=11612]
  0x000001d86dfd7800 ConcurrentGCThread "G1 Refine#1" [stack: 0x000000cabd900000,0x000000cabda00000] [id=3740]
  0x000001d86cb11800 ConcurrentGCThread "G1 Young RemSet Sampling" [stack: 0x000000cab4700000,0x000000cab4800000] [id=6632]

Threads with active compile tasks:
C1 CompilerThread0  20049 12355       3       java.util.zip.ZipFile$ZipFileInflaterInputStream::available (44 bytes)
C2 CompilerThread2  20049 12317   !   4       java.nio.file.FileTreeWalker::next (144 bytes)

VM state:at safepoint (normal execution)

VM Mutex/Monitor currently owned by a thread:  ([mutex/lock_event])
[0x000001d852037b40] Threads_lock - owner thread: 0x000001d86ccbd000
[0x000001d852036a60] Heap_lock - owner thread: 0x000001d871fea800

Heap address: 0x0000000080000000, size: 2048 MB, Compressed Oops mode: 32-bit
Narrow klass base: 0x0000000000000000, Narrow klass shift: 3
Compressed class space size: 1073741824 Address: 0x0000000100000000

Heap:
 garbage-first heap   total 273408K, used 109161K [0x0000000080000000, 0x0000000100000000)
  region size 1024K, 6 young (6144K), 6 survivors (6144K)
 Metaspace       used 99438K, capacity 101545K, committed 101744K, reserved 1138688K
  class space    used 12501K, capacity 13302K, committed 13388K, reserved 1048576K
Heap Regions: E=young(eden), S=young(survivor), O=old, HS=humongous(starts), HC=humongous(continues), CS=collection set, F=free, A=archive, TAMS=top-at-mark-start (previous, next)
|   0|0x0000000080000000, 0x0000000080100000, 0x0000000080100000|100%| O|  |TAMS 0x0000000080100000, 0x0000000080000000| Untracked 
|   1|0x0000000080100000, 0x0000000080200000, 0x0000000080200000|100%| O|  |TAMS 0x0000000080200000, 0x0000000080100000| Untracked 
|   2|0x0000000080200000, 0x0000000080300000, 0x0000000080300000|100%| O|  |TAMS 0x0000000080300000, 0x0000000080200000| Untracked 
|   3|0x0000000080300000, 0x0000000080400000, 0x0000000080400000|100%|HS|  |TAMS 0x0000000080400000, 0x0000000080300000| Complete 
|   4|0x0000000080400000, 0x0000000080500000, 0x0000000080500000|100%|HC|  |TAMS 0x0000000080500000, 0x0000000080400000| Complete 
|   5|0x0000000080500000, 0x0000000080600000, 0x0000000080600000|100%|HC|  |TAMS 0x0000000080600000, 0x0000000080500000| Complete 
|   6|0x0000000080600000, 0x0000000080700000, 0x0000000080700000|100%| O|  |TAMS 0x0000000080700000, 0x0000000080600000| Untracked 
|   7|0x0000000080700000, 0x0000000080800000, 0x0000000080800000|100%| O|  |TAMS 0x0000000080800000, 0x0000000080700000| Untracked 
|   8|0x0000000080800000, 0x0000000080900000, 0x0000000080900000|100%| O|  |TAMS 0x0000000080900000, 0x0000000080800000| Untracked 
|   9|0x0000000080900000, 0x0000000080a00000, 0x0000000080a00000|100%| O|  |TAMS 0x0000000080a00000, 0x0000000080900000| Untracked 
|  10|0x0000000080a00000, 0x0000000080b00000, 0x0000000080b00000|100%| O|  |TAMS 0x0000000080b00000, 0x0000000080a00000| Untracked 
|  11|0x0000000080b00000, 0x0000000080c00000, 0x0000000080c00000|100%| O|  |TAMS 0x0000000080c00000, 0x0000000080b00000| Untracked 
|  12|0x0000000080c00000, 0x0000000080d00000, 0x0000000080d00000|100%| O|  |TAMS 0x0000000080d00000, 0x0000000080c00000| Untracked 
|  13|0x0000000080d00000, 0x0000000080e00000, 0x0000000080e00000|100%| O|  |TAMS 0x0000000080e00000, 0x0000000080d00000| Untracked 
|  14|0x0000000080e00000, 0x0000000080f00000, 0x0000000080f00000|100%| O|  |TAMS 0x0000000080f00000, 0x0000000080e00000| Untracked 
|  15|0x0000000080f00000, 0x0000000081000000, 0x0000000081000000|100%| O|  |TAMS 0x0000000081000000, 0x0000000080f00000| Untracked 
|  16|0x0000000081000000, 0x0000000081100000, 0x0000000081100000|100%| O|  |TAMS 0x0000000081100000, 0x0000000081000000| Untracked 
|  17|0x0000000081100000, 0x0000000081200000, 0x0000000081200000|100%|HS|  |TAMS 0x0000000081200000, 0x0000000081100000| Complete 
|  18|0x0000000081200000, 0x0000000081300000, 0x0000000081300000|100%| O|  |TAMS 0x0000000081300000, 0x0000000081200000| Untracked 
|  19|0x0000000081300000, 0x0000000081400000, 0x0000000081400000|100%| O|  |TAMS 0x0000000081400000, 0x0000000081300000| Untracked 
|  20|0x0000000081400000, 0x0000000081500000, 0x0000000081500000|100%| O|  |TAMS 0x0000000081500000, 0x0000000081400000| Untracked 
|  21|0x0000000081500000, 0x0000000081600000, 0x0000000081600000|100%| O|  |TAMS 0x0000000081600000, 0x0000000081500000| Untracked 
|  22|0x0000000081600000, 0x0000000081700000, 0x0000000081700000|100%| O|  |TAMS 0x0000000081700000, 0x0000000081600000| Untracked 
|  23|0x0000000081700000, 0x0000000081800000, 0x0000000081800000|100%| O|  |TAMS 0x0000000081800000, 0x0000000081700000| Untracked 
|  24|0x0000000081800000, 0x0000000081900000, 0x0000000081900000|100%|HS|  |TAMS 0x0000000081900000, 0x0000000081800000| Complete 
|  25|0x0000000081900000, 0x0000000081a00000, 0x0000000081a00000|100%|HS|  |TAMS 0x0000000081a00000, 0x0000000081900000| Complete 
|  26|0x0000000081a00000, 0x0000000081b00000, 0x0000000081b00000|100%|HS|  |TAMS 0x0000000081b00000, 0x0000000081a00000| Complete 
|  27|0x0000000081b00000, 0x0000000081c00000, 0x0000000081c00000|100%|HS|  |TAMS 0x0000000081c00000, 0x0000000081b00000| Complete 
|  28|0x0000000081c00000, 0x0000000081d00000, 0x0000000081d00000|100%|HC|  |TAMS 0x0000000081d00000, 0x0000000081c00000| Complete 
|  29|0x0000000081d00000, 0x0000000081e00000, 0x0000000081e00000|100%|HC|  |TAMS 0x0000000081e00000, 0x0000000081d00000| Complete 
|  30|0x0000000081e00000, 0x0000000081f00000, 0x0000000081f00000|100%|HS|  |TAMS 0x0000000081f00000, 0x0000000081e00000| Complete 
|  31|0x0000000081f00000, 0x0000000082000000, 0x0000000082000000|100%|HC|  |TAMS 0x0000000082000000, 0x0000000081f00000| Complete 
|  32|0x0000000082000000, 0x0000000082100000, 0x0000000082100000|100%| O|  |TAMS 0x0000000082100000, 0x0000000082000000| Untracked 
|  33|0x0000000082100000, 0x0000000082200000, 0x0000000082200000|100%| O|  |TAMS 0x0000000082200000, 0x0000000082100000| Untracked 
|  34|0x0000000082200000, 0x0000000082300000, 0x0000000082300000|100%| O|  |TAMS 0x0000000082300000, 0x0000000082200000| Untracked 
|  35|0x0000000082300000, 0x0000000082400000, 0x0000000082400000|100%| O|  |TAMS 0x0000000082400000, 0x0000000082300000| Untracked 
|  36|0x0000000082400000, 0x0000000082500000, 0x0000000082500000|100%| O|  |TAMS 0x0000000082500000, 0x0000000082400000| Untracked 
|  37|0x0000000082500000, 0x0000000082600000, 0x0000000082600000|100%| O|  |TAMS 0x0000000082600000, 0x0000000082500000| Untracked 
|  38|0x0000000082600000, 0x0000000082700000, 0x0000000082700000|100%| O|  |TAMS 0x0000000082700000, 0x0000000082600000| Untracked 
|  39|0x0000000082700000, 0x0000000082800000, 0x0000000082800000|100%| O|  |TAMS 0x0000000082800000, 0x0000000082700000| Untracked 
|  40|0x0000000082800000, 0x0000000082900000, 0x0000000082900000|100%| O|  |TAMS 0x0000000082900000, 0x0000000082800000| Untracked 
|  41|0x0000000082900000, 0x0000000082a00000, 0x0000000082a00000|100%| O|  |TAMS 0x0000000082a00000, 0x0000000082900000| Untracked 
|  42|0x0000000082a00000, 0x0000000082b00000, 0x0000000082b00000|100%| O|  |TAMS 0x0000000082b00000, 0x0000000082a00000| Untracked 
|  43|0x0000000082b00000, 0x0000000082c00000, 0x0000000082c00000|100%| O|  |TAMS 0x0000000082c00000, 0x0000000082b00000| Untracked 
|  44|0x0000000082c00000, 0x0000000082d00000, 0x0000000082d00000|100%| O|  |TAMS 0x0000000082d00000, 0x0000000082c00000| Untracked 
|  45|0x0000000082d00000, 0x0000000082e00000, 0x0000000082e00000|100%| O|  |TAMS 0x0000000082e00000, 0x0000000082d00000| Untracked 
|  46|0x0000000082e00000, 0x0000000082f00000, 0x0000000082f00000|100%| O|  |TAMS 0x0000000082f00000, 0x0000000082e00000| Untracked 
|  47|0x0000000082f00000, 0x0000000083000000, 0x0000000083000000|100%| O|  |TAMS 0x0000000083000000, 0x0000000082f00000| Untracked 
|  48|0x0000000083000000, 0x0000000083100000, 0x0000000083100000|100%| O|  |TAMS 0x0000000083100000, 0x0000000083000000| Untracked 
|  49|0x0000000083100000, 0x0000000083200000, 0x0000000083200000|100%| O|  |TAMS 0x0000000083200000, 0x0000000083100000| Untracked 
|  50|0x0000000083200000, 0x0000000083300000, 0x0000000083300000|100%| O|  |TAMS 0x0000000083300000, 0x0000000083200000| Untracked 
|  51|0x0000000083300000, 0x0000000083400000, 0x0000000083400000|100%| O|  |TAMS 0x0000000083400000, 0x0000000083300000| Untracked 
|  52|0x0000000083400000, 0x0000000083500000, 0x0000000083500000|100%| O|  |TAMS 0x0000000083500000, 0x0000000083400000| Untracked 
|  53|0x0000000083500000, 0x0000000083600000, 0x0000000083600000|100%| O|  |TAMS 0x0000000083600000, 0x0000000083500000| Untracked 
|  54|0x0000000083600000, 0x0000000083700000, 0x0000000083700000|100%| O|  |TAMS 0x0000000083700000, 0x0000000083600000| Untracked 
|  55|0x0000000083700000, 0x0000000083800000, 0x0000000083800000|100%| O|  |TAMS 0x0000000083800000, 0x0000000083700000| Untracked 
|  56|0x0000000083800000, 0x0000000083900000, 0x0000000083900000|100%| O|  |TAMS 0x0000000083900000, 0x0000000083800000| Untracked 
|  57|0x0000000083900000, 0x0000000083a00000, 0x0000000083a00000|100%| O|  |TAMS 0x0000000083a00000, 0x0000000083900000| Untracked 
|  58|0x0000000083a00000, 0x0000000083b00000, 0x0000000083b00000|100%| O|  |TAMS 0x0000000083b00000, 0x0000000083a00000| Untracked 
|  59|0x0000000083b00000, 0x0000000083c00000, 0x0000000083c00000|100%| O|  |TAMS 0x0000000083c00000, 0x0000000083b00000| Untracked 
|  60|0x0000000083c00000, 0x0000000083d00000, 0x0000000083d00000|100%| O|  |TAMS 0x0000000083d00000, 0x0000000083c00000| Untracked 
|  61|0x0000000083d00000, 0x0000000083e00000, 0x0000000083e00000|100%| O|  |TAMS 0x0000000083e00000, 0x0000000083d00000| Untracked 
|  62|0x0000000083e00000, 0x0000000083f00000, 0x0000000083f00000|100%| O|  |TAMS 0x0000000083f00000, 0x0000000083e00000| Untracked 
|  63|0x0000000083f00000, 0x0000000084000000, 0x0000000084000000|100%| O|  |TAMS 0x0000000084000000, 0x0000000083f00000| Untracked 
|  64|0x0000000084000000, 0x0000000084100000, 0x0000000084100000|100%| O|  |TAMS 0x0000000084100000, 0x0000000084000000| Untracked 
|  65|0x0000000084100000, 0x0000000084200000, 0x0000000084200000|100%| O|  |TAMS 0x0000000084200000, 0x0000000084100000| Untracked 
|  66|0x0000000084200000, 0x0000000084300000, 0x0000000084300000|100%| O|  |TAMS 0x0000000084300000, 0x0000000084200000| Untracked 
|  67|0x0000000084300000, 0x0000000084400000, 0x0000000084400000|100%| O|  |TAMS 0x0000000084400000, 0x0000000084300000| Untracked 
|  68|0x0000000084400000, 0x0000000084500000, 0x0000000084500000|100%| O|  |TAMS 0x0000000084500000, 0x0000000084400000| Untracked 
|  69|0x0000000084500000, 0x0000000084600000, 0x0000000084600000|100%| O|  |TAMS 0x0000000084600000, 0x0000000084500000| Untracked 
|  70|0x0000000084600000, 0x0000000084700000, 0x0000000084700000|100%| O|  |TAMS 0x0000000084700000, 0x0000000084600000| Untracked 
|  71|0x0000000084700000, 0x0000000084800000, 0x0000000084800000|100%| O|  |TAMS 0x0000000084800000, 0x0000000084700000| Untracked 
|  72|0x0000000084800000, 0x0000000084900000, 0x0000000084900000|100%| O|  |TAMS 0x0000000084900000, 0x0000000084800000| Untracked 
|  73|0x0000000084900000, 0x0000000084a00000, 0x0000000084a00000|100%| O|  |TAMS 0x0000000084a00000, 0x0000000084900000| Untracked 
|  74|0x0000000084a00000, 0x0000000084b00000, 0x0000000084b00000|100%| O|  |TAMS 0x0000000084b00000, 0x0000000084a00000| Untracked 
|  75|0x0000000084b00000, 0x0000000084c00000, 0x0000000084c00000|100%| O|  |TAMS 0x0000000084c00000, 0x0000000084b00000| Untracked 
|  76|0x0000000084c00000, 0x0000000084d00000, 0x0000000084d00000|100%| O|  |TAMS 0x0000000084d00000, 0x0000000084c00000| Untracked 
|  77|0x0000000084d00000, 0x0000000084e00000, 0x0000000084e00000|100%| O|  |TAMS 0x0000000084e00000, 0x0000000084d00000| Untracked 
|  78|0x0000000084e00000, 0x0000000084f00000, 0x0000000084f00000|100%| O|  |TAMS 0x0000000084f00000, 0x0000000084e00000| Untracked 
|  79|0x0000000084f00000, 0x0000000085000000, 0x0000000085000000|100%| O|  |TAMS 0x0000000085000000, 0x0000000084f00000| Untracked 
|  80|0x0000000085000000, 0x0000000085100000, 0x0000000085100000|100%| O|  |TAMS 0x0000000085000000, 0x0000000085000000| Untracked 
|  81|0x0000000085100000, 0x0000000085200000, 0x0000000085200000|100%| O|  |TAMS 0x0000000085100000, 0x0000000085100000| Untracked 
|  82|0x0000000085200000, 0x0000000085300000, 0x0000000085300000|100%| O|  |TAMS 0x0000000085200000, 0x0000000085200000| Untracked 
|  83|0x0000000085300000, 0x0000000085400000, 0x0000000085400000|100%| O|  |TAMS 0x0000000085400000, 0x0000000085300000| Untracked 
|  84|0x0000000085400000, 0x0000000085500000, 0x0000000085500000|100%| O|  |TAMS 0x0000000085500000, 0x0000000085400000| Untracked 
|  85|0x0000000085500000, 0x0000000085600000, 0x0000000085600000|100%| O|  |TAMS 0x0000000085600000, 0x0000000085500000| Untracked 
|  86|0x0000000085600000, 0x0000000085700000, 0x0000000085700000|100%| O|  |TAMS 0x0000000085700000, 0x0000000085600000| Untracked 
|  87|0x0000000085700000, 0x0000000085800000, 0x0000000085800000|100%| O|  |TAMS 0x0000000085800000, 0x0000000085700000| Untracked 
|  88|0x0000000085800000, 0x0000000085900000, 0x0000000085900000|100%| O|  |TAMS 0x0000000085900000, 0x0000000085800000| Untracked 
|  89|0x0000000085900000, 0x0000000085a00000, 0x0000000085a00000|100%| O|  |TAMS 0x0000000085900000, 0x0000000085900000| Untracked 
|  90|0x0000000085a00000, 0x0000000085b00000, 0x0000000085b00000|100%| O|  |TAMS 0x0000000085a00000, 0x0000000085a00000| Untracked 
|  91|0x0000000085b00000, 0x0000000085c00000, 0x0000000085c00000|100%| O|  |TAMS 0x0000000085b00000, 0x0000000085b00000| Untracked 
|  92|0x0000000085c00000, 0x0000000085d00000, 0x0000000085d00000|100%| O|  |TAMS 0x0000000085c00000, 0x0000000085c00000| Untracked 
|  93|0x0000000085d00000, 0x0000000085e00000, 0x0000000085e00000|100%| O|  |TAMS 0x0000000085d00000, 0x0000000085d00000| Untracked 
|  94|0x0000000085e00000, 0x0000000085f00000, 0x0000000085f00000|100%| O|  |TAMS 0x0000000085e00000, 0x0000000085e00000| Untracked 
|  95|0x0000000085f00000, 0x0000000086000000, 0x0000000086000000|100%| O|  |TAMS 0x0000000085f00000, 0x0000000085f00000| Untracked 
|  96|0x0000000086000000, 0x0000000086100000, 0x0000000086100000|100%| O|  |TAMS 0x0000000086000000, 0x0000000086000000| Untracked 
|  97|0x0000000086100000, 0x0000000086152800, 0x0000000086200000| 32%| O|  |TAMS 0x0000000086100000, 0x0000000086100000| Untracked 
|  98|0x0000000086200000, 0x0000000086200000, 0x0000000086300000|  0%| F|  |TAMS 0x0000000086200000, 0x0000000086200000| Untracked 
|  99|0x0000000086300000, 0x0000000086400000, 0x0000000086400000|100%| O|  |TAMS 0x0000000086400000, 0x0000000086300000| Untracked 
| 100|0x0000000086400000, 0x0000000086500000, 0x0000000086500000|100%| O|  |TAMS 0x0000000086500000, 0x0000000086400000| Untracked 
| 101|0x0000000086500000, 0x0000000086500000, 0x0000000086600000|  0%| F|  |TAMS 0x0000000086500000, 0x0000000086500000| Untracked 
| 102|0x0000000086600000, 0x0000000086700000, 0x0000000086700000|100%| O|  |TAMS 0x0000000086700000, 0x0000000086600000| Untracked 
| 103|0x0000000086700000, 0x0000000086700000, 0x0000000086800000|  0%| F|  |TAMS 0x0000000086700000, 0x0000000086700000| Untracked 
| 104|0x0000000086800000, 0x0000000086800000, 0x0000000086900000|  0%| F|  |TAMS 0x0000000086800000, 0x0000000086800000| Untracked 
| 105|0x0000000086900000, 0x0000000086900000, 0x0000000086a00000|  0%| F|  |TAMS 0x0000000086900000, 0x0000000086900000| Untracked 
| 106|0x0000000086a00000, 0x0000000086a00000, 0x0000000086b00000|  0%| F|  |TAMS 0x0000000086a00000, 0x0000000086a00000| Untracked 
| 107|0x0000000086b00000, 0x0000000086b00000, 0x0000000086c00000|  0%| F|  |TAMS 0x0000000086b00000, 0x0000000086b00000| Untracked 
| 108|0x0000000086c00000, 0x0000000086c00000, 0x0000000086d00000|  0%| F|  |TAMS 0x0000000086c00000, 0x0000000086c00000| Untracked 
| 109|0x0000000086d00000, 0x0000000086d00000, 0x0000000086e00000|  0%| F|  |TAMS 0x0000000086d00000, 0x0000000086d00000| Untracked 
| 110|0x0000000086e00000, 0x0000000086e00000, 0x0000000086f00000|  0%| F|  |TAMS 0x0000000086e00000, 0x0000000086e00000| Untracked 
| 111|0x0000000086f00000, 0x0000000086f00000, 0x0000000087000000|  0%| F|  |TAMS 0x0000000086f00000, 0x0000000086f00000| Untracked 
| 112|0x0000000087000000, 0x0000000087000000, 0x0000000087100000|  0%| F|  |TAMS 0x0000000087000000, 0x0000000087000000| Untracked 
| 113|0x0000000087100000, 0x0000000087100000, 0x0000000087200000|  0%| F|  |TAMS 0x0000000087100000, 0x0000000087100000| Untracked 
| 114|0x0000000087200000, 0x0000000087200000, 0x0000000087300000|  0%| F|  |TAMS 0x0000000087200000, 0x0000000087200000| Untracked 
| 115|0x0000000087300000, 0x0000000087300000, 0x0000000087400000|  0%| F|  |TAMS 0x0000000087300000, 0x0000000087300000| Untracked 
| 116|0x0000000087400000, 0x0000000087400000, 0x0000000087500000|  0%| F|  |TAMS 0x0000000087400000, 0x0000000087400000| Untracked 
| 117|0x0000000087500000, 0x0000000087500000, 0x0000000087600000|  0%| F|  |TAMS 0x0000000087500000, 0x0000000087500000| Untracked 
| 118|0x0000000087600000, 0x0000000087600000, 0x0000000087700000|  0%| F|  |TAMS 0x0000000087600000, 0x0000000087600000| Untracked 
| 119|0x0000000087700000, 0x0000000087700000, 0x0000000087800000|  0%| F|  |TAMS 0x0000000087700000, 0x0000000087700000| Untracked 
| 120|0x0000000087800000, 0x0000000087800000, 0x0000000087900000|  0%| F|  |TAMS 0x0000000087800000, 0x0000000087800000| Untracked 
| 121|0x0000000087900000, 0x0000000087900000, 0x0000000087a00000|  0%| F|  |TAMS 0x0000000087900000, 0x0000000087900000| Untracked 
| 122|0x0000000087a00000, 0x0000000087a00000, 0x0000000087b00000|  0%| F|  |TAMS 0x0000000087a00000, 0x0000000087a00000| Untracked 
| 123|0x0000000087b00000, 0x0000000087b00000, 0x0000000087c00000|  0%| F|  |TAMS 0x0000000087b00000, 0x0000000087b00000| Untracked 
| 124|0x0000000087c00000, 0x0000000087c00000, 0x0000000087d00000|  0%| F|  |TAMS 0x0000000087c00000, 0x0000000087c00000| Untracked 
| 125|0x0000000087d00000, 0x0000000087d00000, 0x0000000087e00000|  0%| F|  |TAMS 0x0000000087d00000, 0x0000000087d00000| Untracked 
| 126|0x0000000087e00000, 0x0000000087e00000, 0x0000000087f00000|  0%| F|  |TAMS 0x0000000087e00000, 0x0000000087e00000| Untracked 
| 127|0x0000000087f00000, 0x0000000087f00000, 0x0000000088000000|  0%| F|  |TAMS 0x0000000087f00000, 0x0000000087f00000| Untracked 
| 128|0x0000000088000000, 0x0000000088000000, 0x0000000088100000|  0%| F|  |TAMS 0x0000000088000000, 0x0000000088000000| Untracked 
| 129|0x0000000088100000, 0x0000000088200000, 0x0000000088200000|100%| O|  |TAMS 0x00000000881b5200, 0x0000000088100000| Untracked 
| 130|0x0000000088200000, 0x0000000088200000, 0x0000000088300000|  0%| F|  |TAMS 0x0000000088200000, 0x0000000088200000| Untracked 
| 131|0x0000000088300000, 0x0000000088300000, 0x0000000088400000|  0%| F|  |TAMS 0x0000000088300000, 0x0000000088300000| Untracked 
| 132|0x0000000088400000, 0x0000000088400000, 0x0000000088500000|  0%| F|  |TAMS 0x0000000088400000, 0x0000000088400000| Untracked 
| 133|0x0000000088500000, 0x0000000088500000, 0x0000000088600000|  0%| F|  |TAMS 0x0000000088500000, 0x0000000088500000| Untracked 
| 134|0x0000000088600000, 0x0000000088600000, 0x0000000088700000|  0%| F|  |TAMS 0x0000000088600000, 0x0000000088600000| Untracked 
| 135|0x0000000088700000, 0x0000000088700000, 0x0000000088800000|  0%| F|  |TAMS 0x0000000088700000, 0x0000000088700000| Untracked 
| 136|0x0000000088800000, 0x0000000088800000, 0x0000000088900000|  0%| F|  |TAMS 0x0000000088800000, 0x0000000088800000| Untracked 
| 137|0x0000000088900000, 0x0000000088900000, 0x0000000088a00000|  0%| F|  |TAMS 0x0000000088900000, 0x0000000088900000| Untracked 
| 138|0x0000000088a00000, 0x0000000088a00000, 0x0000000088b00000|  0%| F|  |TAMS 0x0000000088a00000, 0x0000000088a00000| Untracked 
| 139|0x0000000088b00000, 0x0000000088b00000, 0x0000000088c00000|  0%| F|  |TAMS 0x0000000088b00000, 0x0000000088b00000| Untracked 
| 140|0x0000000088c00000, 0x0000000088c00000, 0x0000000088d00000|  0%| F|  |TAMS 0x0000000088c00000, 0x0000000088c00000| Untracked 
| 141|0x0000000088d00000, 0x0000000088d00000, 0x0000000088e00000|  0%| F|  |TAMS 0x0000000088d00000, 0x0000000088d00000| Untracked 
| 142|0x0000000088e00000, 0x0000000088e00000, 0x0000000088f00000|  0%| F|  |TAMS 0x0000000088e00000, 0x0000000088e00000| Untracked 
| 143|0x0000000088f00000, 0x0000000088f00000, 0x0000000089000000|  0%| F|  |TAMS 0x0000000088f00000, 0x0000000088f00000| Untracked 
| 144|0x0000000089000000, 0x0000000089000000, 0x0000000089100000|  0%| F|  |TAMS 0x0000000089000000, 0x0000000089000000| Untracked 
| 145|0x0000000089100000, 0x0000000089100000, 0x0000000089200000|  0%| F|  |TAMS 0x0000000089100000, 0x0000000089100000| Untracked 
| 146|0x0000000089200000, 0x0000000089200000, 0x0000000089300000|  0%| F|  |TAMS 0x0000000089200000, 0x0000000089200000| Untracked 
| 147|0x0000000089300000, 0x0000000089300000, 0x0000000089400000|  0%| F|  |TAMS 0x0000000089300000, 0x0000000089300000| Untracked 
| 148|0x0000000089400000, 0x0000000089400000, 0x0000000089500000|  0%| F|  |TAMS 0x0000000089400000, 0x0000000089400000| Untracked 
| 149|0x0000000089500000, 0x0000000089500000, 0x0000000089600000|  0%| F|  |TAMS 0x0000000089500000, 0x0000000089500000| Untracked 
| 150|0x0000000089600000, 0x0000000089600000, 0x0000000089700000|  0%| F|  |TAMS 0x0000000089600000, 0x0000000089600000| Untracked 
| 151|0x0000000089700000, 0x0000000089700000, 0x0000000089800000|  0%| F|  |TAMS 0x0000000089700000, 0x0000000089700000| Untracked 
| 152|0x0000000089800000, 0x0000000089800000, 0x0000000089900000|  0%| F|  |TAMS 0x0000000089800000, 0x0000000089800000| Untracked 
| 153|0x0000000089900000, 0x0000000089900000, 0x0000000089a00000|  0%| F|  |TAMS 0x0000000089900000, 0x0000000089900000| Untracked 
| 154|0x0000000089a00000, 0x0000000089a00000, 0x0000000089b00000|  0%| F|  |TAMS 0x0000000089a00000, 0x0000000089a00000| Untracked 
| 155|0x0000000089b00000, 0x0000000089b00000, 0x0000000089c00000|  0%| F|  |TAMS 0x0000000089b00000, 0x0000000089b00000| Untracked 
| 156|0x0000000089c00000, 0x0000000089c00000, 0x0000000089d00000|  0%| F|  |TAMS 0x0000000089c00000, 0x0000000089c00000| Untracked 
| 157|0x0000000089d00000, 0x0000000089d00000, 0x0000000089e00000|  0%| F|  |TAMS 0x0000000089d00000, 0x0000000089d00000| Untracked 
| 158|0x0000000089e00000, 0x0000000089e00000, 0x0000000089f00000|  0%| F|  |TAMS 0x0000000089e00000, 0x0000000089e00000| Untracked 
| 159|0x0000000089f00000, 0x0000000089f00000, 0x000000008a000000|  0%| F|  |TAMS 0x0000000089f00000, 0x0000000089f00000| Untracked 
| 160|0x000000008a000000, 0x000000008a000000, 0x000000008a100000|  0%| F|  |TAMS 0x000000008a000000, 0x000000008a000000| Untracked 
| 161|0x000000008a100000, 0x000000008a147e90, 0x000000008a200000| 28%| S|CS|TAMS 0x000000008a100000, 0x000000008a100000| Complete 
| 162|0x000000008a200000, 0x000000008a300000, 0x000000008a300000|100%| S|CS|TAMS 0x000000008a200000, 0x000000008a200000| Complete 
| 163|0x000000008a300000, 0x000000008a400000, 0x000000008a400000|100%| S|CS|TAMS 0x000000008a300000, 0x000000008a300000| Complete 
| 164|0x000000008a400000, 0x000000008a500000, 0x000000008a500000|100%| S|CS|TAMS 0x000000008a400000, 0x000000008a400000| Complete 
| 165|0x000000008a500000, 0x000000008a600000, 0x000000008a600000|100%| S|CS|TAMS 0x000000008a500000, 0x000000008a500000| Complete 
| 166|0x000000008a600000, 0x000000008a600000, 0x000000008a700000|  0%| F|  |TAMS 0x000000008a600000, 0x000000008a600000| Untracked 
| 167|0x000000008a700000, 0x000000008a700000, 0x000000008a800000|  0%| F|  |TAMS 0x000000008a700000, 0x000000008a700000| Untracked 
| 168|0x000000008a800000, 0x000000008a800000, 0x000000008a900000|  0%| F|  |TAMS 0x000000008a800000, 0x000000008a800000| Untracked 
| 169|0x000000008a900000, 0x000000008a900000, 0x000000008aa00000|  0%| F|  |TAMS 0x000000008a900000, 0x000000008a900000| Untracked 
| 170|0x000000008aa00000, 0x000000008aa00000, 0x000000008ab00000|  0%| F|  |TAMS 0x000000008aa00000, 0x000000008aa00000| Untracked 
| 171|0x000000008ab00000, 0x000000008ab00000, 0x000000008ac00000|  0%| F|  |TAMS 0x000000008ab00000, 0x000000008ab00000| Untracked 
| 172|0x000000008ac00000, 0x000000008ac00000, 0x000000008ad00000|  0%| F|  |TAMS 0x000000008ac00000, 0x000000008ac00000| Untracked 
| 173|0x000000008ad00000, 0x000000008ae00000, 0x000000008ae00000|100%| S|CS|TAMS 0x000000008ad00000, 0x000000008ad00000| Complete 
| 174|0x000000008ae00000, 0x000000008ae00000, 0x000000008af00000|  0%| F|  |TAMS 0x000000008ae00000, 0x000000008ae00000| Untracked 
| 175|0x000000008af00000, 0x000000008af00000, 0x000000008b000000|  0%| F|  |TAMS 0x000000008af00000, 0x000000008af00000| Untracked 
| 176|0x000000008b000000, 0x000000008b000000, 0x000000008b100000|  0%| F|  |TAMS 0x000000008b000000, 0x000000008b000000| Untracked 
| 177|0x000000008b100000, 0x000000008b100000, 0x000000008b200000|  0%| F|  |TAMS 0x000000008b100000, 0x000000008b100000| Untracked 
| 178|0x000000008b200000, 0x000000008b200000, 0x000000008b300000|  0%| F|  |TAMS 0x000000008b200000, 0x000000008b200000| Untracked 
| 179|0x000000008b300000, 0x000000008b300000, 0x000000008b400000|  0%| F|  |TAMS 0x000000008b300000, 0x000000008b300000| Untracked 
| 180|0x000000008b400000, 0x000000008b400000, 0x000000008b500000|  0%| F|  |TAMS 0x000000008b400000, 0x000000008b400000| Untracked 
| 181|0x000000008b500000, 0x000000008b500000, 0x000000008b600000|  0%| F|  |TAMS 0x000000008b500000, 0x000000008b500000| Untracked 
| 182|0x000000008b600000, 0x000000008b600000, 0x000000008b700000|  0%| F|  |TAMS 0x000000008b600000, 0x000000008b600000| Untracked 
| 183|0x000000008b700000, 0x000000008b700000, 0x000000008b800000|  0%| F|  |TAMS 0x000000008b700000, 0x000000008b700000| Untracked 
| 184|0x000000008b800000, 0x000000008b800000, 0x000000008b900000|  0%| F|  |TAMS 0x000000008b800000, 0x000000008b800000| Untracked 
| 185|0x000000008b900000, 0x000000008b900000, 0x000000008ba00000|  0%| F|  |TAMS 0x000000008b900000, 0x000000008b900000| Untracked 
| 186|0x000000008ba00000, 0x000000008ba00000, 0x000000008bb00000|  0%| F|  |TAMS 0x000000008ba00000, 0x000000008ba00000| Untracked 
| 187|0x000000008bb00000, 0x000000008bb00000, 0x000000008bc00000|  0%| F|  |TAMS 0x000000008bb00000, 0x000000008bb00000| Untracked 
| 188|0x000000008bc00000, 0x000000008bc00000, 0x000000008bd00000|  0%| F|  |TAMS 0x000000008bc00000, 0x000000008bc00000| Untracked 
| 189|0x000000008bd00000, 0x000000008bd00000, 0x000000008be00000|  0%| F|  |TAMS 0x000000008bd00000, 0x000000008bd00000| Untracked 
| 190|0x000000008be00000, 0x000000008be00000, 0x000000008bf00000|  0%| F|  |TAMS 0x000000008be00000, 0x000000008be00000| Untracked 
| 191|0x000000008bf00000, 0x000000008bf00000, 0x000000008c000000|  0%| F|  |TAMS 0x000000008bf00000, 0x000000008bf00000| Untracked 
| 192|0x000000008c000000, 0x000000008c000000, 0x000000008c100000|  0%| F|  |TAMS 0x000000008c000000, 0x000000008c000000| Untracked 
| 193|0x000000008c100000, 0x000000008c100000, 0x000000008c200000|  0%| F|  |TAMS 0x000000008c100000, 0x000000008c100000| Untracked 
| 194|0x000000008c200000, 0x000000008c200000, 0x000000008c300000|  0%| F|  |TAMS 0x000000008c200000, 0x000000008c200000| Untracked 
| 195|0x000000008c300000, 0x000000008c300000, 0x000000008c400000|  0%| F|  |TAMS 0x000000008c300000, 0x000000008c300000| Untracked 
| 196|0x000000008c400000, 0x000000008c400000, 0x000000008c500000|  0%| F|  |TAMS 0x000000008c400000, 0x000000008c400000| Untracked 
| 197|0x000000008c500000, 0x000000008c500000, 0x000000008c600000|  0%| F|  |TAMS 0x000000008c500000, 0x000000008c500000| Untracked 
| 198|0x000000008c600000, 0x000000008c600000, 0x000000008c700000|  0%| F|  |TAMS 0x000000008c600000, 0x000000008c600000| Untracked 
| 199|0x000000008c700000, 0x000000008c700000, 0x000000008c800000|  0%| F|  |TAMS 0x000000008c700000, 0x000000008c700000| Untracked 
| 200|0x000000008c800000, 0x000000008c800000, 0x000000008c900000|  0%| F|  |TAMS 0x000000008c800000, 0x000000008c800000| Untracked 
| 201|0x000000008c900000, 0x000000008c900000, 0x000000008ca00000|  0%| F|  |TAMS 0x000000008c900000, 0x000000008c900000| Untracked 
| 202|0x000000008ca00000, 0x000000008ca00000, 0x000000008cb00000|  0%| F|  |TAMS 0x000000008ca00000, 0x000000008ca00000| Untracked 
| 203|0x000000008cb00000, 0x000000008cb00000, 0x000000008cc00000|  0%| F|  |TAMS 0x000000008cb00000, 0x000000008cb00000| Untracked 
| 204|0x000000008cc00000, 0x000000008cc00000, 0x000000008cd00000|  0%| F|  |TAMS 0x000000008cc00000, 0x000000008cc00000| Untracked 
| 205|0x000000008cd00000, 0x000000008cd00000, 0x000000008ce00000|  0%| F|  |TAMS 0x000000008cd00000, 0x000000008cd00000| Untracked 
| 206|0x000000008ce00000, 0x000000008ce00000, 0x000000008cf00000|  0%| F|  |TAMS 0x000000008ce00000, 0x000000008ce00000| Untracked 
| 207|0x000000008cf00000, 0x000000008cf00000, 0x000000008d000000|  0%| F|  |TAMS 0x000000008cf00000, 0x000000008cf00000| Untracked 
| 208|0x000000008d000000, 0x000000008d000000, 0x000000008d100000|  0%| F|  |TAMS 0x000000008d000000, 0x000000008d000000| Untracked 
| 209|0x000000008d100000, 0x000000008d100000, 0x000000008d200000|  0%| F|  |TAMS 0x000000008d100000, 0x000000008d100000| Untracked 
| 210|0x000000008d200000, 0x000000008d200000, 0x000000008d300000|  0%| F|  |TAMS 0x000000008d200000, 0x000000008d200000| Untracked 
| 211|0x000000008d300000, 0x000000008d300000, 0x000000008d400000|  0%| F|  |TAMS 0x000000008d300000, 0x000000008d300000| Untracked 
| 212|0x000000008d400000, 0x000000008d400000, 0x000000008d500000|  0%| F|  |TAMS 0x000000008d400000, 0x000000008d400000| Untracked 
| 213|0x000000008d500000, 0x000000008d500000, 0x000000008d600000|  0%| F|  |TAMS 0x000000008d500000, 0x000000008d500000| Untracked 
| 214|0x000000008d600000, 0x000000008d600000, 0x000000008d700000|  0%| F|  |TAMS 0x000000008d600000, 0x000000008d600000| Untracked 
| 215|0x000000008d700000, 0x000000008d700000, 0x000000008d800000|  0%| F|  |TAMS 0x000000008d700000, 0x000000008d700000| Untracked 
| 216|0x000000008d800000, 0x000000008d800000, 0x000000008d900000|  0%| F|  |TAMS 0x000000008d800000, 0x000000008d800000| Untracked 
| 217|0x000000008d900000, 0x000000008d900000, 0x000000008da00000|  0%| F|  |TAMS 0x000000008d900000, 0x000000008d900000| Untracked 
| 218|0x000000008da00000, 0x000000008da00000, 0x000000008db00000|  0%| F|  |TAMS 0x000000008da00000, 0x000000008da00000| Untracked 
| 219|0x000000008db00000, 0x000000008db00000, 0x000000008dc00000|  0%| F|  |TAMS 0x000000008db00000, 0x000000008db00000| Untracked 
| 220|0x000000008dc00000, 0x000000008dc00000, 0x000000008dd00000|  0%| F|  |TAMS 0x000000008dc00000, 0x000000008dc00000| Untracked 
| 221|0x000000008dd00000, 0x000000008dd00000, 0x000000008de00000|  0%| F|  |TAMS 0x000000008dd00000, 0x000000008dd00000| Untracked 

Card table byte_map: [0x000001d8659c0000,0x000001d865dc0000] _byte_map_base: 0x000001d8655c0000

Marking Bits (Prev, Next): (CMBitMap*) 0x000001d852080990, (CMBitMap*) 0x000001d852080958
 Prev Bits: [0x000001d8681c0000, 0x000001d86a1c0000)
 Next Bits: [0x000001d8661c0000, 0x000001d8681c0000)

Polling page: 0x000001d850860000

Metaspace:

Usage:
  Non-class:     86.17 MB capacity,    84.90 MB ( 99%) used,     1.02 MB (  1%) free+waste,   258.31 KB ( <1%) overhead. 
      Class:     12.99 MB capacity,    12.21 MB ( 94%) used,   686.15 KB (  5%) free+waste,   114.63 KB ( <1%) overhead. 
       Both:     99.17 MB capacity,    97.11 MB ( 98%) used,     1.69 MB (  2%) free+waste,   372.94 KB ( <1%) overhead. 

Virtual space:
  Non-class space:       88.00 MB reserved,      86.29 MB ( 98%) committed 
      Class space:        1.00 GB reserved,      13.07 MB (  1%) committed 
             Both:        1.09 GB reserved,      99.36 MB (  9%) committed 

Chunk freelists:
   Non-Class:  49.00 KB
       Class:  10.00 KB
        Both:  59.00 KB

MaxMetaspaceSize: 17179869184.00 GB
CompressedClassSpaceSize: 1.00 GB

CodeHeap 'non-profiled nmethods': size=120000Kb used=7903Kb max_used=7903Kb free=112096Kb
 bounds [0x000001d85d620000, 0x000001d85dde0000, 0x000001d864b50000]
CodeHeap 'profiled nmethods': size=120000Kb used=27200Kb max_used=27200Kb free=92799Kb
 bounds [0x000001d8560f0000, 0x000001d857b90000, 0x000001d85d620000]
CodeHeap 'non-nmethods': size=5760Kb used=2304Kb max_used=2348Kb free=3455Kb
 bounds [0x000001d855b50000, 0x000001d855dc0000, 0x000001d8560f0000]
 total_blobs=13118 nmethods=12204 adapters=826
 compilation: enabled
              stopped_count=0, restarted_count=0
 full_count=0

Compilation events (20 events):
Event: 19.898 Thread 0x000001d86cced800 nmethod 12350 0x000001d857b7dc10 code [0x000001d857b7dea0, 0x000001d857b7e898]
Event: 19.900 Thread 0x000001d86cce1000 nmethod 12326 0x000001d85ddceb10 code [0x000001d85ddced20, 0x000001d85ddcfa08]
Event: 19.900 Thread 0x000001d86cce1000 12339       4       java.util.TimSort::binarySort (223 bytes)
Event: 19.911 Thread 0x000001d86cced800 12354       3       java.util.zip.ZipFile$Source::getEntryPos (206 bytes)
Event: 19.912 Thread 0x000001d86cced800 nmethod 12354 0x000001d857b7ec90 code [0x000001d857b7ef00, 0x000001d857b7fb98]
Event: 19.915 Thread 0x000001d86cce1000 nmethod 12339 0x000001d85ddd0390 code [0x000001d85ddd0540, 0x000001d85ddd0ef8]
Event: 19.915 Thread 0x000001d86cce1000 12352       4       java.io.File::<init> (47 bytes)
Event: 19.923 Thread 0x000001d86cce1000 nmethod 12352 0x000001d85ddd1290 code [0x000001d85ddd1460, 0x000001d85ddd1948]
Event: 19.923 Thread 0x000001d86cce1000 12353       4       java.util.zip.ZipFile::getZipEntry (325 bytes)
Event: 19.941 Thread 0x000001d86fef4000 nmethod 12304 0x000001d85ddd1d10 code [0x000001d85ddd1fe0, 0x000001d85ddd3b78]
Event: 19.941 Thread 0x000001d86fef4000 12340       4       java.util.stream.ReduceOps$ReduceOp::evaluateSequential (18 bytes)
Event: 19.943 Thread 0x000001d86fef4000 nmethod 12340 0x000001d85ddd4b10 code [0x000001d85ddd4cc0, 0x000001d85ddd4dd8]
Event: 19.943 Thread 0x000001d86fef4000 12327       4       java.util.stream.ReduceOps$3::getOpFlags (28 bytes)
Event: 19.944 Thread 0x000001d86fef4000 nmethod 12327 0x000001d85ddd4f10 code [0x000001d85ddd50c0, 0x000001d85ddd51b8]
Event: 19.944 Thread 0x000001d86fef4000 12328       4       java.util.stream.ReduceOps$3::makeSink (5 bytes)
Event: 19.945 Thread 0x000001d86fef4000 nmethod 12328 0x000001d85ddd5310 code [0x000001d85ddd54a0, 0x000001d85ddd5598]
Event: 19.945 Thread 0x000001d86fef4000 12329       4       java.util.stream.ReferencePipeline::collect (124 bytes)
Event: 19.954 Thread 0x000001d86fef4000 nmethod 12329 0x000001d85ddd5690 code [0x000001d85ddd5860, 0x000001d85ddd5c98]
Event: 19.956 Thread 0x000001d86cce1000 nmethod 12353 0x000001d85ddd6110 code [0x000001d85ddd6320, 0x000001d85ddd7398]
Event: 19.993 Thread 0x000001d86cced800 12355       3       java.util.zip.ZipFile$ZipFileInflaterInputStream::available (44 bytes)

GC Heap History (20 events):
Event: 16.670 GC heap after
{Heap after GC invocations=22 (full 0):
 garbage-first heap   total 189440K, used 104870K [0x0000000080000000, 0x0000000100000000)
  region size 1024K, 6 young (6144K), 6 survivors (6144K)
 Metaspace       used 88588K, capacity 90643K, committed 90992K, reserved 1128448K
  class space    used 11402K, capacity 12230K, committed 12364K, reserved 1048576K
}
Event: 17.008 GC heap before
{Heap before GC invocations=22 (full 0):
 garbage-first heap   total 189440K, used 113062K [0x0000000080000000, 0x0000000100000000)
  region size 1024K, 16 young (16384K), 6 survivors (6144K)
 Metaspace       used 88762K, capacity 90838K, committed 90992K, reserved 1128448K
  class space    used 11415K, capacity 12231K, committed 12364K, reserved 1048576K
}
Event: 17.022 GC heap after
{Heap after GC invocations=23 (full 0):
 garbage-first heap   total 189440K, used 110936K [0x0000000080000000, 0x0000000100000000)
  region size 1024K, 5 young (5120K), 5 survivors (5120K)
 Metaspace       used 88762K, capacity 90838K, committed 90992K, reserved 1128448K
  class space    used 11415K, capacity 12231K, committed 12364K, reserved 1048576K
}
Event: 17.375 GC heap before
{Heap before GC invocations=24 (full 0):
 garbage-first heap   total 189440K, used 145752K [0x0000000080000000, 0x0000000100000000)
  region size 1024K, 31 young (31744K), 5 survivors (5120K)
 Metaspace       used 88753K, capacity 90766K, committed 91248K, reserved 1128448K
  class space    used 11397K, capacity 12184K, committed 12364K, reserved 1048576K
}
Event: 17.382 GC heap after
{Heap after GC invocations=25 (full 0):
 garbage-first heap   total 189440K, used 112106K [0x0000000080000000, 0x0000000100000000)
  region size 1024K, 3 young (3072K), 3 survivors (3072K)
 Metaspace       used 88753K, capacity 90766K, committed 91248K, reserved 1128448K
  class space    used 11397K, capacity 12184K, committed 12364K, reserved 1048576K
}
Event: 17.547 GC heap before
{Heap before GC invocations=25 (full 0):
 garbage-first heap   total 189440K, used 139754K [0x0000000080000000, 0x0000000100000000)
  region size 1024K, 30 young (30720K), 3 survivors (3072K)
 Metaspace       used 88767K, capacity 90766K, committed 91248K, reserved 1128448K
  class space    used 11397K, capacity 12184K, committed 12364K, reserved 1048576K
}
Event: 17.550 GC heap after
{Heap after GC invocations=26 (full 0):
 garbage-first heap   total 189440K, used 112009K [0x0000000080000000, 0x0000000100000000)
  region size 1024K, 2 young (2048K), 2 survivors (2048K)
 Metaspace       used 88767K, capacity 90766K, committed 91248K, reserved 1128448K
  class space    used 11397K, capacity 12184K, committed 12364K, reserved 1048576K
}
Event: 17.813 GC heap before
{Heap before GC invocations=27 (full 0):
 garbage-first heap   total 189440K, used 129417K [0x0000000080000000, 0x0000000100000000)
  region size 1024K, 14 young (14336K), 2 survivors (2048K)
 Metaspace       used 88797K, capacity 90830K, committed 91248K, reserved 1128448K
  class space    used 11397K, capacity 12184K, committed 12364K, reserved 1048576K
}
Event: 17.824 GC heap after
{Heap after GC invocations=28 (full 0):
 garbage-first heap   total 189440K, used 122387K [0x0000000080000000, 0x0000000100000000)
  region size 1024K, 5 young (5120K), 5 survivors (5120K)
 Metaspace       used 88797K, capacity 90830K, committed 91248K, reserved 1128448K
  class space    used 11397K, capacity 12184K, committed 12364K, reserved 1048576K
}
Event: 18.215 GC heap before
{Heap before GC invocations=29 (full 0):
 garbage-first heap   total 189440K, used 154131K [0x0000000080000000, 0x0000000100000000)
  region size 1024K, 27 young (27648K), 5 survivors (5120K)
 Metaspace       used 91115K, capacity 93177K, committed 93424K, reserved 1130496K
  class space    used 11648K, capacity 12417K, committed 12492K, reserved 1048576K
}
Event: 18.226 GC heap after
{Heap after GC invocations=30 (full 0):
 garbage-first heap   total 189440K, used 119942K [0x0000000080000000, 0x0000000100000000)
  region size 1024K, 2 young (2048K), 2 survivors (2048K)
 Metaspace       used 91115K, capacity 93177K, committed 93424K, reserved 1130496K
  class space    used 11648K, capacity 12417K, committed 12492K, reserved 1048576K
}
Event: 18.508 GC heap before
{Heap before GC invocations=30 (full 0):
 garbage-first heap   total 189440K, used 143494K [0x0000000080000000, 0x0000000100000000)
  region size 1024K, 26 young (26624K), 2 survivors (2048K)
 Metaspace       used 93219K, capacity 95307K, committed 95472K, reserved 1132544K
  class space    used 11849K, capacity 12645K, committed 12748K, reserved 1048576K
}
Event: 18.520 GC heap after
{Heap after GC invocations=31 (full 0):
 garbage-first heap   total 227328K, used 121556K [0x0000000080000000, 0x0000000100000000)
  region size 1024K, 3 young (3072K), 3 survivors (3072K)
 Metaspace       used 93219K, capacity 95307K, committed 95472K, reserved 1132544K
  class space    used 11849K, capacity 12645K, committed 12748K, reserved 1048576K
}
Event: 18.948 GC heap before
{Heap before GC invocations=32 (full 0):
 garbage-first heap   total 227328K, used 146132K [0x0000000080000000, 0x0000000100000000)
  region size 1024K, 41 young (41984K), 3 survivors (3072K)
 Metaspace       used 95037K, capacity 97100K, committed 97392K, reserved 1134592K
  class space    used 12081K, capacity 12837K, committed 12876K, reserved 1048576K
}
Event: 18.956 GC heap after
{Heap after GC invocations=33 (full 0):
 garbage-first heap   total 227328K, used 111812K [0x0000000080000000, 0x0000000100000000)
  region size 1024K, 6 young (6144K), 6 survivors (6144K)
 Metaspace       used 95037K, capacity 97100K, committed 97392K, reserved 1134592K
  class space    used 12081K, capacity 12837K, committed 12876K, reserved 1048576K
}
Event: 18.996 GC heap before
{Heap before GC invocations=33 (full 0):
 garbage-first heap   total 227328K, used 115908K [0x0000000080000000, 0x0000000100000000)
  region size 1024K, 11 young (11264K), 6 survivors (6144K)
 Metaspace       used 95253K, capacity 97324K, committed 97520K, reserved 1134592K
  class space    used 12113K, capacity 12869K, committed 13004K, reserved 1048576K
}
Event: 19.004 GC heap after
{Heap after GC invocations=34 (full 0):
 garbage-first heap   total 227328K, used 99782K [0x0000000080000000, 0x0000000100000000)
  region size 1024K, 2 young (2048K), 2 survivors (2048K)
 Metaspace       used 95253K, capacity 97324K, committed 97520K, reserved 1134592K
  class space    used 12113K, capacity 12869K, committed 13004K, reserved 1048576K
}
Event: 19.402 GC heap before
{Heap before GC invocations=34 (full 0):
 garbage-first heap   total 227328K, used 146886K [0x0000000080000000, 0x0000000100000000)
  region size 1024K, 49 young (50176K), 2 survivors (2048K)
 Metaspace       used 98470K, capacity 100541K, committed 100848K, reserved 1136640K
  class space    used 12394K, capacity 13191K, committed 13260K, reserved 1048576K
}
Event: 19.412 GC heap after
{Heap after GC invocations=35 (full 0):
 garbage-first heap   total 227328K, used 107419K [0x0000000080000000, 0x0000000100000000)
  region size 1024K, 7 young (7168K), 7 survivors (7168K)
 Metaspace       used 98470K, capacity 100541K, committed 100848K, reserved 1136640K
  class space    used 12394K, capacity 13191K, committed 13260K, reserved 1048576K
}
Event: 19.994 GC heap before
{Heap before GC invocations=35 (full 0):
 garbage-first heap   total 227328K, used 155547K [0x0000000080000000, 0x0000000100000000)
  region size 1024K, 55 young (56320K), 7 survivors (7168K)
 Metaspace       used 99438K, capacity 101545K, committed 101744K, reserved 1138688K
  class space    used 12501K, capacity 13302K, committed 13388K, reserved 1048576K
}

Deoptimization events (20 events):
Event: 19.844 Thread 0x000001d8756f7000 Uncommon trap: trap_request=0xffffffd6 fr.pc=0x000001d85ddcc39c relative=0x000000000000075c
Event: 19.844 Thread 0x000001d8756f7000 Uncommon trap: reason=array_check action=maybe_recompile pc=0x000001d85ddcc39c method=java.util.TimSort.binarySort([Ljava/lang/Object;IIILjava/util/Comparator;)V @ 193 c2
Event: 19.844 Thread 0x000001d8756f7000 DEOPT PACKING pc=0x000001d85ddcc39c sp=0x000000cabb1fd740
Event: 19.844 Thread 0x000001d8756f7000 DEOPT UNPACKING pc=0x000001d855b7662f sp=0x000000cabb1fd6e8 mode 2
Event: 19.845 Thread 0x000001d872333000 Uncommon trap: trap_request=0xffffffd6 fr.pc=0x000001d85ddcc39c relative=0x000000000000075c
Event: 19.845 Thread 0x000001d872333000 Uncommon trap: reason=array_check action=maybe_recompile pc=0x000001d85ddcc39c method=java.util.TimSort.binarySort([Ljava/lang/Object;IIILjava/util/Comparator;)V @ 193 c2
Event: 19.845 Thread 0x000001d872333000 DEOPT PACKING pc=0x000001d85ddcc39c sp=0x000000cabbdfd6e0
Event: 19.845 Thread 0x000001d872333000 DEOPT UNPACKING pc=0x000001d855b7662f sp=0x000000cabbdfd688 mode 2
Event: 19.852 Thread 0x000001d871fea800 Uncommon trap: trap_request=0xffffff4d fr.pc=0x000001d85ddaae60 relative=0x0000000000000ba0
Event: 19.852 Thread 0x000001d871fea800 Uncommon trap: reason=unstable_if action=reinterpret pc=0x000001d85ddaae60 method=org.gradle.internal.snapshot.VfsRelativePath.compareToFirstSegment(Ljava/lang/String;Lorg/gradle/internal/snapshot/CaseSensitivity;)I @ 134 c2
Event: 19.852 Thread 0x000001d871fea800 DEOPT PACKING pc=0x000001d85ddaae60 sp=0x000000caba3fa9e0
Event: 19.852 Thread 0x000001d871fea800 DEOPT UNPACKING pc=0x000001d855b7662f sp=0x000000caba3fa970 mode 2
Event: 19.881 Thread 0x000001d871fea800 Uncommon trap: trap_request=0x00000186 fr.pc=0x000001d85db4db0c relative=0x0000000000000f2c
Event: 19.881 Thread 0x000001d871fea800 Uncommon trap: reason=unloaded action=reinterpret pc=0x000001d85db4db0c method=java.util.regex.Pattern.newSlice([IIZ)Ljava/util/regex/Pattern$Node; @ 68 c2
Event: 19.881 Thread 0x000001d871fea800 DEOPT PACKING pc=0x000001d85db4db0c sp=0x000000caba3fa7a0
Event: 19.882 Thread 0x000001d871fea800 DEOPT UNPACKING pc=0x000001d855b7662f sp=0x000000caba3fa6f8 mode 2
Event: 19.908 Thread 0x000001d871fea800 Uncommon trap: trap_request=0xffffff4d fr.pc=0x000001d85d6515a8 relative=0x00000000000007c8
Event: 19.908 Thread 0x000001d871fea800 Uncommon trap: reason=unstable_if action=reinterpret pc=0x000001d85d6515a8 method=java.util.zip.ZipFile$Source.getEntryPos([BZ)I @ 105 c2
Event: 19.908 Thread 0x000001d871fea800 DEOPT PACKING pc=0x000001d85d6515a8 sp=0x000000caba3f7950
Event: 19.909 Thread 0x000001d871fea800 DEOPT UNPACKING pc=0x000001d855b7662f sp=0x000000caba3f78f0 mode 2

Classes redefined (0 events):
No events

Internal exceptions (20 events):
Event: 14.837 Thread 0x000001d875da5800 Exception <a 'java/lang/NoSuchMethodError'{0x0000000086624538}: <clinit>> (0x0000000086624538) thrown at [./src/hotspot/share/prims/jni.cpp, line 1362]
Event: 14.848 Thread 0x000001d875da7000 Exception <a 'java/lang/IncompatibleClassChangeError'{0x00000000866e0288}: Found class java.lang.Object, but interface was expected> (0x00000000866e0288) thrown at [./src/hotspot/share/interpreter/linkResolver.cpp, line 839]
Event: 14.873 Thread 0x000001d86f92e000 Exception <a 'java/lang/NoSuchMethodError'{0x0000000086422898}: <clinit>> (0x0000000086422898) thrown at [./src/hotspot/share/prims/jni.cpp, line 1362]
Event: 14.873 Thread 0x000001d875da7000 Exception <a 'java/lang/NoSuchMethodError'{0x0000000086403d40}: 'java.lang.Object java.lang.invoke.DirectMethodHandle$Holder.invokeInterface(java.lang.Object, java.lang.Object, int)'> (0x0000000086403d40) thrown at [./src/hotspot/share/interpreter/linkResolver.cpp, line 773]
Event: 14.875 Thread 0x000001d875da7000 Exception <a 'java/lang/NoSuchMethodError'{0x00000000864162f0}: 'void java.lang.invoke.DirectMethodHandle$Holder.invokeStatic(java.lang.Object, java.lang.Object, java.lang.Object, int)'> (0x00000000864162f0) thrown at [./src/hotspot/share/interpreter/linkResolver.cpp, line 773]
Event: 14.914 Thread 0x000001d875da7000 Exception <a 'java/lang/IncompatibleClassChangeError'{0x0000000086361940}: Found class java.lang.Object, but interface was expected> (0x0000000086361940) thrown at [./src/hotspot/share/interpreter/linkResolver.cpp, line 839]
Event: 14.919 Thread 0x000001d875da7000 Exception <a 'java/lang/IncompatibleClassChangeError'{0x00000000863996b8}: Found class java.lang.Object, but interface was expected> (0x00000000863996b8) thrown at [./src/hotspot/share/interpreter/linkResolver.cpp, line 839]
Event: 14.978 Thread 0x000001d875da7000 Exception <a 'java/lang/NoSuchMethodError'{0x00000000898dd950}: 'int java.lang.invoke.DirectMethodHandle$Holder.invokeStaticInit(java.lang.Object, java.lang.Object, java.lang.Object, java.lang.Object, java.lang.Object)'> (0x00000000898dd950) thrown at [./src/hotspot/share/interpreter/linkResolver.cpp, line 773]
Event: 15.209 Thread 0x000001d875da7000 Exception <a 'java/lang/NoSuchMethodError'{0x0000000088f755e0}: 'void java.lang.invoke.DirectMethodHandle$Holder.invokeStatic(java.lang.Object, java.lang.Object, java.lang.Object, java.lang.Object, int, java.lang.Object, java.lang.Object)'> (0x0000000088f755e0) thrown at [./src/hotspot/share/interpreter/linkResolver.cpp, line 773]
Event: 15.242 Thread 0x000001d870199800 Exception <a 'java/lang/NoSuchMethodError'{0x00000000889180d0}: 'java.lang.Object java.lang.invoke.DirectMethodHandle$Holder.invokeSpecialIFC(java.lang.Object, java.lang.Object, java.lang.Object)'> (0x00000000889180d0) thrown at [./src/hotspot/share/interpreter/linkResolver.cpp, line 773]
Event: 15.242 Thread 0x000001d874f71800 Exception <a 'java/lang/NoSuchMethodError'{0x000000008890acb0}: 'java.lang.Object java.lang.invoke.DirectMethodHandle$Holder.invokeSpecialIFC(java.lang.Object, java.lang.Object, java.lang.Object)'> (0x000000008890acb0) thrown at [./src/hotspot/share/interpreter/linkResolver.cpp, line 773]
Event: 15.242 Thread 0x000001d872338800 Exception <a 'java/lang/NoSuchMethodError'{0x0000000088ee9d48}: 'java.lang.Object java.lang.invoke.DirectMethodHandle$Holder.invokeSpecialIFC(java.lang.Object, java.lang.Object, java.lang.Object)'> (0x0000000088ee9d48) thrown at [./src/hotspot/share/interpreter/linkResolver.cpp, line 773]
Event: 15.242 Thread 0x000001d874f78800 Exception <a 'java/lang/NoSuchMethodError'{0x0000000088925460}: 'java.lang.Object java.lang.invoke.DirectMethodHandle$Holder.invokeSpecialIFC(java.lang.Object, java.lang.Object, java.lang.Object)'> (0x0000000088925460) thrown at [./src/hotspot/share/interpreter/linkResolver.cpp, line 773]
Event: 15.242 Thread 0x000001d874f75800 Exception <a 'java/lang/NoSuchMethodError'{0x00000000889340b0}: 'java.lang.Object java.lang.invoke.DirectMethodHandle$Holder.invokeSpecialIFC(java.lang.Object, java.lang.Object, java.lang.Object)'> (0x00000000889340b0) thrown at [./src/hotspot/share/interpreter/linkResolver.cpp, line 773]
Event: 15.893 Thread 0x000001d875da7000 Exception <a 'java/lang/NoSuchMethodError'{0x000000008726dea8}: 'void java.lang.invoke.DirectMethodHandle$Holder.invokeVirtual(java.lang.Object, java.lang.Object)'> (0x000000008726dea8) thrown at [./src/hotspot/share/interpreter/linkResolver.cpp, line 773]
Event: 16.193 Thread 0x000001d875da7000 Implicit null exception at 0x000001d85d948a04 to 0x000001d85d948bfc
Event: 16.344 Thread 0x000001d875da7000 Implicit null exception at 0x000001d85dc21c3d to 0x000001d85dc22430
Event: 17.920 Thread 0x000001d875da7000 Exception <a 'java/lang/NoSuchMethodError'{0x000000008b6fb4e8}: <clinit>> (0x000000008b6fb4e8) thrown at [./src/hotspot/share/prims/jni.cpp, line 1362]
Event: 17.935 Thread 0x000001d875da7000 Exception <a 'java/lang/NoSuchMethodError'{0x000000008b5dff88}: <clinit>> (0x000000008b5dff88) thrown at [./src/hotspot/share/prims/jni.cpp, line 1362]
Event: 18.095 Thread 0x000001d86ea26800 Exception <a 'java/lang/NoSuchMethodError'{0x000000008adc09d8}: 'void java.lang.invoke.DirectMethodHandle$Holder.invokeStatic(java.lang.Object, java.lang.Object, java.lang.Object, java.lang.Object, java.lang.Object, java.lang.Object, java.lang.Object)'> (0x000000008adc09d8) thrown at [./src/hotspot/share/interpreter/linkResolver.cpp, line 773]

Events (20 events):
Event: 19.980 loading class com/android/builder/dexing/ClassFileEntry done
Event: 19.980 loading class com/android/tools/r8/D8Command$Builder
Event: 19.980 loading class com/android/tools/r8/D8Command$Builder done
Event: 19.980 loading class com/android/builder/dexing/NoCacheJarClassFileEntry
Event: 19.980 loading class com/android/builder/dexing/NoCacheJarClassFileEntry done
Event: 19.981 loading class com/android/tools/r8/origin/c
Event: 19.981 loading class com/android/tools/r8/origin/c done
Event: 19.981 loading class com/android/tools/r8/origin/d
Event: 19.981 loading class com/android/tools/r8/origin/d done
Event: 19.982 loading class com/android/tools/r8/origin/Origin
Event: 19.982 loading class com/android/tools/r8/origin/Origin done
Event: 19.982 loading class com/android/tools/r8/BaseCommand$Builder
Event: 19.982 loading class com/android/tools/r8/BaseCommand$Builder done
Event: 19.982 loading class com/android/tools/r8/ProgramResource
Event: 19.982 loading class com/android/tools/r8/ProgramResource done
Event: 19.983 loading class com/android/tools/r8/ProgramResource$Kind
Event: 19.983 loading class com/android/tools/r8/ProgramResource$Kind done
Event: 19.983 loading class com/android/tools/r8/ProgramResource$ByteResource
Event: 19.983 loading class com/android/tools/r8/ProgramResource$ByteResource done
Event: 19.994 Executing VM operation: G1CollectForAllocation


Dynamic libraries:
0x00007ff722830000 - 0x00007ff72283a000 	C:\Program Files\Android\Android Studio\jre\bin\java.exe
0x00007ffc53750000 - 0x00007ffc53948000 	C:\WINDOWS\SYSTEM32\ntdll.dll
0x00007ffc51810000 - 0x00007ffc518cd000 	C:\WINDOWS\System32\KERNEL32.DLL
0x00007ffc514b0000 - 0x00007ffc5177e000 	C:\WINDOWS\System32\KERNELBASE.dll
0x00007ffc51270000 - 0x00007ffc51370000 	C:\WINDOWS\System32\ucrtbase.dll
0x00007ffc42fc0000 - 0x00007ffc42fd9000 	C:\Program Files\Android\Android Studio\jre\bin\jli.dll
0x00007ffc3b2b0000 - 0x00007ffc3b2c7000 	C:\Program Files\Android\Android Studio\jre\bin\VCRUNTIME140.dll
0x00007ffc518d0000 - 0x00007ffc51a70000 	C:\WINDOWS\System32\USER32.dll
0x00007ffc51780000 - 0x00007ffc517a2000 	C:\WINDOWS\System32\win32u.dll
0x00007ffc3fc00000 - 0x00007ffc3fe9a000 	C:\WINDOWS\WinSxS\amd64_microsoft.windows.common-controls_6595b64144ccf1df_6.0.19041.1110_none_60b5254171f9507e\COMCTL32.dll
0x00007ffc52500000 - 0x00007ffc5252a000 	C:\WINDOWS\System32\GDI32.dll
0x00007ffc522c0000 - 0x00007ffc5235e000 	C:\WINDOWS\System32\msvcrt.dll
0x00007ffc50f40000 - 0x00007ffc5104b000 	C:\WINDOWS\System32\gdi32full.dll
0x00007ffc50ea0000 - 0x00007ffc50f3d000 	C:\WINDOWS\System32\msvcp_win.dll
0x00007ffc53250000 - 0x00007ffc53280000 	C:\WINDOWS\System32\IMM32.DLL
0x00007ffc30560000 - 0x00007ffc305fd000 	C:\Program Files\Android\Android Studio\jre\bin\msvcp140.dll
0x00007ffc28d80000 - 0x00007ffc29855000 	C:\Program Files\Android\Android Studio\jre\bin\server\jvm.dll
0x00007ffc52ba0000 - 0x00007ffc52c4e000 	C:\WINDOWS\System32\ADVAPI32.dll
0x00007ffc52220000 - 0x00007ffc522bc000 	C:\WINDOWS\System32\sechost.dll
0x00007ffc53280000 - 0x00007ffc533a5000 	C:\WINDOWS\System32\RPCRT4.dll
0x00007ffc524f0000 - 0x00007ffc524f8000 	C:\WINDOWS\System32\PSAPI.DLL
0x00007ffc4d700000 - 0x00007ffc4d709000 	C:\WINDOWS\SYSTEM32\WSOCK32.dll
0x00007ffc52790000 - 0x00007ffc527fb000 	C:\WINDOWS\System32\WS2_32.dll
0x00007ffc4b680000 - 0x00007ffc4b68a000 	C:\WINDOWS\SYSTEM32\VERSION.dll
0x00007ffc41af0000 - 0x00007ffc41b17000 	C:\WINDOWS\SYSTEM32\WINMM.dll
0x00007ffc4ed90000 - 0x00007ffc4eda2000 	C:\WINDOWS\SYSTEM32\kernel.appcore.dll
0x00007ffc47720000 - 0x00007ffc47731000 	C:\Program Files\Android\Android Studio\jre\bin\verify.dll
0x00007ffc43030000 - 0x00007ffc43214000 	C:\WINDOWS\SYSTEM32\DBGHELP.DLL
0x00007ffc42b50000 - 0x00007ffc42b7c000 	C:\WINDOWS\SYSTEM32\dbgcore.DLL
0x00007ffc51420000 - 0x00007ffc514a2000 	C:\WINDOWS\System32\bcryptPrimitives.dll
0x00007ffc47620000 - 0x00007ffc47649000 	C:\Program Files\Android\Android Studio\jre\bin\java.dll
0x00007ffc4c1e0000 - 0x00007ffc4c1eb000 	C:\Program Files\Android\Android Studio\jre\bin\jimage.dll
0x00007ffc47660000 - 0x00007ffc47678000 	C:\Program Files\Android\Android Studio\jre\bin\zip.dll
0x00007ffc51ad0000 - 0x00007ffc52214000 	C:\WINDOWS\System32\SHELL32.dll
0x00007ffc4ef90000 - 0x00007ffc4f724000 	C:\WINDOWS\SYSTEM32\windows.storage.dll
0x00007ffc533b0000 - 0x00007ffc53704000 	C:\WINDOWS\System32\combase.dll
0x00007ffc50800000 - 0x00007ffc50830000 	C:\WINDOWS\SYSTEM32\Wldp.dll
0x00007ffc52360000 - 0x00007ffc5240d000 	C:\WINDOWS\System32\SHCORE.dll
0x00007ffc51a70000 - 0x00007ffc51ac5000 	C:\WINDOWS\System32\shlwapi.dll
0x00007ffc50db0000 - 0x00007ffc50dcf000 	C:\WINDOWS\SYSTEM32\profapi.dll
0x00007ffc47550000 - 0x00007ffc4756a000 	C:\Program Files\Android\Android Studio\jre\bin\net.dll
0x00007ffc48570000 - 0x00007ffc4867a000 	C:\WINDOWS\SYSTEM32\WINHTTP.dll
0x00007ffc50560000 - 0x00007ffc505ca000 	C:\WINDOWS\system32\mswsock.dll
0x00007ffc47530000 - 0x00007ffc47544000 	C:\Program Files\Android\Android Studio\jre\bin\nio.dll
0x00007ffc38730000 - 0x00007ffc38757000 	C:\Users\JULIETH\.gradle\native\e1d6ef7f7dcc3fd88c89a11ec53ec762bb8ba0a96d01ffa2cd45eb1d1d8dd5c5\windows-amd64\native-platform.dll
0x00007ffc2b000000 - 0x00007ffc2b144000 	C:\Users\JULIETH\.gradle\native\5664cfc778a61ccfe75a443a1ab52a65af34e5dc3c78e0209fed803814484fcb\windows-amd64\native-platform-file-events.dll
0x00007ffc474f0000 - 0x00007ffc474fa000 	C:\Program Files\Android\Android Studio\jre\bin\management.dll
0x00007ffc474e0000 - 0x00007ffc474ed000 	C:\Program Files\Android\Android Studio\jre\bin\management_ext.dll
0x00007ffc50750000 - 0x00007ffc50768000 	C:\WINDOWS\SYSTEM32\CRYPTSP.dll
0x00007ffc4fee0000 - 0x00007ffc4ff14000 	C:\WINDOWS\system32\rsaenh.dll
0x00007ffc50e70000 - 0x00007ffc50e97000 	C:\WINDOWS\System32\bcrypt.dll
0x00007ffc50d70000 - 0x00007ffc50d9e000 	C:\WINDOWS\SYSTEM32\USERENV.dll
0x00007ffc50770000 - 0x00007ffc5077c000 	C:\WINDOWS\SYSTEM32\CRYPTBASE.dll
0x00007ffc50250000 - 0x00007ffc5028b000 	C:\WINDOWS\SYSTEM32\IPHLPAPI.DLL
0x00007ffc529c0000 - 0x00007ffc529c8000 	C:\WINDOWS\System32\NSI.dll
0x00007ffc4b860000 - 0x00007ffc4b877000 	C:\WINDOWS\SYSTEM32\dhcpcsvc6.DLL
0x00007ffc4b7d0000 - 0x00007ffc4b7ed000 	C:\WINDOWS\SYSTEM32\dhcpcsvc.DLL
0x00007ffc50290000 - 0x00007ffc5035a000 	C:\WINDOWS\SYSTEM32\DNSAPI.dll
0x00007ffc4fb70000 - 0x00007ffc4fba3000 	C:\WINDOWS\SYSTEM32\ntmarta.dll

dbghelp: loaded successfully - version: 4.0.5 - missing functions: none
symbol engine: initialized successfully - sym options: 0x614 - pdb path: .;C:\Program Files\Android\Android Studio\jre\bin;C:\WINDOWS\SYSTEM32;C:\WINDOWS\WinSxS\amd64_microsoft.windows.common-controls_6595b64144ccf1df_6.0.19041.1110_none_60b5254171f9507e;C:\Program Files\Android\Android Studio\jre\bin\server;C:\Users\JULIETH\.gradle\native\e1d6ef7f7dcc3fd88c89a11ec53ec762bb8ba0a96d01ffa2cd45eb1d1d8dd5c5\windows-amd64;C:\Users\JULIETH\.gradle\native\5664cfc778a61ccfe75a443a1ab52a65af34e5dc3c78e0209fed803814484fcb\windows-amd64

VM Arguments:
jvm_args: --add-opens=java.base/java.util=ALL-UNNAMED --add-opens=java.base/java.lang=ALL-UNNAMED --add-opens=java.base/java.lang.invoke=ALL-UNNAMED --add-opens=java.base/java.util=ALL-UNNAMED --add-opens=java.prefs/java.util.prefs=ALL-UNNAMED --add-opens=java.prefs/java.util.prefs=ALL-UNNAMED --add-opens=java.base/java.nio.charset=ALL-UNNAMED --add-opens=java.base/java.net=ALL-UNNAMED --add-opens=java.base/java.util.concurrent.atomic=ALL-UNNAMED -Xmx2048m -Dfile.encoding=UTF-8 -Duser.country=CO -Duser.language=es -Duser.variant 
java_command: org.gradle.launcher.daemon.bootstrap.GradleDaemon 7.2
java_class_path (initial): C:\Users\JULIETH\.gradle\wrapper\dists\gradle-7.2-bin\2dnblmf4td7x66yl1d74lt32g\gradle-7.2\lib\gradle-launcher-7.2.jar
Launcher Type: SUN_STANDARD

[Global flags]
     intx CICompilerCount                          = 4                                         {product} {ergonomic}
     uint ConcGCThreads                            = 2                                         {product} {ergonomic}
     uint G1ConcRefinementThreads                  = 8                                         {product} {ergonomic}
   size_t G1HeapRegionSize                         = 1048576                                   {product} {ergonomic}
    uintx GCDrainStackTargetSize                   = 64                                        {product} {ergonomic}
   size_t InitialHeapSize                          = 134217728                                 {product} {ergonomic}
   size_t MarkStackSize                            = 4194304                                   {product} {ergonomic}
   size_t MaxHeapSize                              = 2147483648                                {product} {command line}
   size_t MaxNewSize                               = 1287651328                                {product} {ergonomic}
   size_t MinHeapDeltaBytes                        = 1048576                                   {product} {ergonomic}
    uintx NonNMethodCodeHeapSize                   = 5836300                                {pd product} {ergonomic}
    uintx NonProfiledCodeHeapSize                  = 122910970                              {pd product} {ergonomic}
    uintx ProfiledCodeHeapSize                     = 122910970                              {pd product} {ergonomic}
    uintx ReservedCodeCacheSize                    = 251658240                              {pd product} {ergonomic}
     bool SegmentedCodeCache                       = true                                      {product} {ergonomic}
     bool UseCompressedClassPointers               = true                                 {lp64_product} {ergonomic}
     bool UseCompressedOops                        = true                                 {lp64_product} {ergonomic}
     bool UseG1GC                                  = true                                      {product} {ergonomic}
     bool UseLargePagesIndividualAllocation        = false                                  {pd product} {ergonomic}

Logging:
Log output configuration:
 #0: stdout all=warning uptime,level,tags
 #1: stderr all=off uptime,level,tags

Environment Variables:
PATH=C:\WINDOWS\system32;C:\WINDOWS;C:\WINDOWS\System32\Wbem;C:\WINDOWS\System32\WindowsPowerShell\v1.0\;C:\WINDOWS\System32\OpenSSH\;C:\Program Files\dotnet\;C:\Program Files\Git\cmd;C:\Program Files\nodejs\;C:\Users\JULIETH\AppData\Local\Microsoft\WindowsApps;C:\Users\JULIETH\AppData\Local\GitHubDesktop\bin;C:\Users\JULIETH\AppData\Local\Programs\Microsoft VS Code\bin;C:\Users\JULIETH\AppData\Roaming\npm
USERNAME=JULIETH
OS=Windows_NT
PROCESSOR_IDENTIFIER=AMD64 Family 21 Model 2 Stepping 0, AuthenticAMD



---------------  S Y S T E M  ---------------

OS: Windows 10 , 64 bit Build 19041 (10.0.19041.1889)
OS uptime: 0 days 13:17 hours

CPU:total 8 (initial active 8) (8 cores per cpu, 1 threads per core) family 21 model 2 stepping 0 microcode 0x0, cmov, cx8, fxsr, mmx, sse, sse2, sse3, ssse3, sse4.1, sse4.2, popcnt, avx, aes, clmul, mmxext, 3dnowpref, lzcnt, sse4a, tsc, tscinvbit, tscinv, bmi1, fma

Memory: 4k page, system-wide physical 8168M (1985M free)
TotalPageFile size 8184M (AvailPageFile size 19M)
current process WorkingSet (physical memory assigned to process): 518M, peak: 519M
current process commit charge ("private bytes"): 558M, peak: 603M

vm_info: OpenJDK 64-Bit Server VM (11.0.11+9-b60-7590822) for windows-amd64 JRE (11.0.11+9-b60-7590822), built on Jul 29 2021 21:43:44 by "builder" with MS VC++ 14.0 (VS2015)

END.
