#
# There is insufficient memory for the Java Runtime Environment to continue.
# Native memory allocation (malloc) failed to allocate 1114896 bytes for Chunk::new
# Possible reasons:
#   The system is out of physical RAM or swap space
#   The process is running with CompressedOops enabled, and the Java Heap may be blocking the growth of the native heap
# Possible solutions:
#   Reduce memory load on the system
#   Increase physical memory or swap space
#   Check if swap backing store is full
#   Decrease Java heap size (-Xmx/-Xms)
#   Decrease number of Java threads
#   Decrease Java thread stack sizes (-Xss)
#   Set larger code cache with -XX:ReservedCodeCacheSize=
#   JVM is running with Unscaled Compressed Oops mode in which the Java heap is
#     placed in the first 4GB address space. The Java Heap base address is the
#     maximum limit for the native heap growth. Please use -XX:HeapBaseMinAddress
#     to set the Java Heap base and to place the Java Heap above 4GB virtual address.
# This output file may be truncated or incomplete.
#
#  Out of Memory Error (./src/hotspot/share/memory/arena.cpp:197), pid=224, tid=11240
#
# JRE version: OpenJDK Runtime Environment (11.0.11+9) (build 11.0.11+9-b60-7590822)
# Java VM: OpenJDK 64-Bit Server VM (11.0.11+9-b60-7590822, mixed mode, tiered, compressed oops, g1 gc, windows-amd64)
# No core dump will be written. Minidumps are not enabled by default on client versions of Windows
#

---------------  S U M M A R Y ------------

Command Line: --add-opens=java.base/java.util=ALL-UNNAMED --add-opens=java.base/java.lang=ALL-UNNAMED --add-opens=java.base/java.lang.invoke=ALL-UNNAMED --add-opens=java.base/java.util=ALL-UNNAMED --add-opens=java.prefs/java.util.prefs=ALL-UNNAMED --add-opens=java.prefs/java.util.prefs=ALL-UNNAMED --add-opens=java.base/java.nio.charset=ALL-UNNAMED --add-opens=java.base/java.net=ALL-UNNAMED --add-opens=java.base/java.util.concurrent.atomic=ALL-UNNAMED -Xmx2048m -Dfile.encoding=UTF-8 -Duser.country=CO -Duser.language=es -Duser.variant org.gradle.launcher.daemon.bootstrap.GradleDaemon 7.2

Host: AMD FX-8320E Eight-Core Processor              , 8 cores, 7G,  Windows 10 , 64 bit Build 19041 (10.0.19041.1889)
Time: Tue Sep  6 23:15:47 2022 Hora est. Pacífico, Sudamérica elapsed time: 32.825870 seconds (0d 0h 0m 32s)

---------------  T H R E A D  ---------------

Current thread (0x00000169ff2cc800):  JavaThread "C2 CompilerThread0" daemon [_thread_in_native, id=11240, stack(0x000000564e200000,0x000000564e300000)]


Current CompileTask:
C2:  32826 12332       4       sun.invoke.util.VerifyAccess::isClassAccessible (182 bytes)

Stack: [0x000000564e200000,0x000000564e300000]
Native frames: (J=compiled Java code, j=interpreted, Vv=VM code, C=native code)
V  [jvm.dll+0x5f214a]
V  [jvm.dll+0x726fb5]
V  [jvm.dll+0x7285cd]
V  [jvm.dll+0x728c83]
V  [jvm.dll+0x243278]
V  [jvm.dll+0xbc53c]
V  [jvm.dll+0xbca3c]
V  [jvm.dll+0x353e7d]
V  [jvm.dll+0x19895c]
V  [jvm.dll+0x1fc2ee]
V  [jvm.dll+0x1fb3d4]
V  [jvm.dll+0x183d6c]
V  [jvm.dll+0x209a57]
V  [jvm.dll+0x2082a1]
V  [jvm.dll+0x6ef58f]
V  [jvm.dll+0x6e80b5]
V  [jvm.dll+0x5f1036]
C  [ucrtbase.dll+0x21bb2]
C  [KERNEL32.DLL+0x17034]
C  [ntdll.dll+0x52651]


---------------  P R O C E S S  ---------------

Threads class SMR info:
_java_thread_list=0x000001699d56fb50, length=159, elements={
0x00000169f963b800, 0x00000169ff2a2000, 0x00000169ff2ac000, 0x00000169ff2bb000,
0x00000169ff2bb800, 0x00000169ff2be800, 0x00000169ff2cc800, 0x00000169ff2d1000,
0x00000169ff2d2000, 0x0000016995194000, 0x00000169960d6800, 0x0000016995d85800,
0x0000016996251000, 0x0000016995c7c800, 0x00000169962a6000, 0x0000016996e69000,
0x0000016996a8a800, 0x00000169972c6800, 0x00000169971d7800, 0x0000016996ec7000,
0x0000016996ecb800, 0x0000016996ec5800, 0x0000016996ec9800, 0x0000016996ec9000,
0x0000016996ec6800, 0x0000016996ec8000, 0x0000016996eca800, 0x0000016996ecc000,
0x00000169976bf800, 0x00000169976bb000, 0x00000169976c0000, 0x00000169976bd800,
0x00000169976bd000, 0x00000169976bc000, 0x000001699be60800, 0x000001699be61800,
0x000001699be60000, 0x000001699be64000, 0x000001699be62800, 0x000001699be63000,
0x000001699be65000, 0x000001699be5f000, 0x000001699be6a800, 0x000001699be69800,
0x000001699be69000, 0x000001699be67000, 0x000001699be6b800, 0x000001699be65800,
0x000001699be68000, 0x000001699be6c000, 0x000001699be66800, 0x000001699be6d000,
0x000001699be6e000, 0x000001699a8f4000, 0x000001699a8f0000, 0x000001699a8f2000,
0x000001699a8ef000, 0x000001699a8f1800, 0x000001699a8ee000, 0x000001699a8f5800,
0x000001699a8f4800, 0x000001699a8f6800, 0x000001699a8f0800, 0x000001699a8f8000,
0x000001699a8f3000, 0x000001699a8f8800, 0x000001699a8fa800, 0x000001699a8f9800,
0x000001699a8fb000, 0x000001699a8fc000, 0x000001699a8fd000, 0x000001699a8f7000,
0x000001699a41f000, 0x000001699a420000, 0x000001699a41c000, 0x000001699a421000,
0x000001699a421800, 0x000001699a422800, 0x000001699a41d000, 0x000001699a423800,
0x000001699a41d800, 0x000001699a41e800, 0x000001699a42a000, 0x000001699a429000,
0x000001699a425800, 0x000001699a427800, 0x000001699a426800, 0x000001699a425000,
0x000001699a428000, 0x000001699a424000, 0x000001699a42a800, 0x0000016998e57000,
0x0000016998e56000, 0x0000016998e51800, 0x0000016998e58000, 0x0000016998e52000,
0x0000016998e54000, 0x0000016998e54800, 0x0000016998e58800, 0x0000016998e53000,
0x0000016998e59800, 0x0000016998e55800, 0x0000016998e60000, 0x0000016998e5e800,
0x0000016998e5a800, 0x0000016998e5b000, 0x0000016998e5c000, 0x0000016998e5d000,
0x0000016998e5d800, 0x0000016998e5f000, 0x0000016997835800, 0x0000016997834800,
0x0000016997836000, 0x0000016997837000, 0x0000016997837800, 0x0000016997838800,
0x0000016997839800, 0x0000016997833800, 0x000001699783c800, 0x000001699783f000,
0x000001699783e800, 0x000001699783c000, 0x0000016997840000, 0x0000016997840800,
0x000001699783d800, 0x000001699783b000, 0x0000016997841800, 0x0000016997842800,
0x000001699706d000, 0x0000016997071800, 0x000001699706e000, 0x000001699706f800,
0x000001699706c800, 0x0000016997074800, 0x0000016997072000, 0x0000016997070800,
0x0000016997074000, 0x000001699706f000, 0x000001699707b000, 0x000001699f928800,
0x0000016997077000, 0x0000016997075800, 0x0000016997076000, 0x0000016997078000,
0x0000016997073000, 0x0000016997078800, 0x000001699707a800, 0x0000016997079800,
0x000001699f752000, 0x00000169952e0000, 0x000001699f754000, 0x000001699f753000,
0x000001699f754800, 0x000001699f750800, 0x000001699f755800, 0x000001699f751800,
0x000001699f750000, 0x000001699f75c000, 0x000001699f75a800
}

Java Threads: ( => current thread )
  0x00000169f963b800 JavaThread "main" [_thread_blocked, id=2864, stack(0x000000564d600000,0x000000564d700000)]
  0x00000169ff2a2000 JavaThread "Reference Handler" daemon [_thread_blocked, id=6844, stack(0x000000564dd00000,0x000000564de00000)]
  0x00000169ff2ac000 JavaThread "Finalizer" daemon [_thread_blocked, id=5560, stack(0x000000564de00000,0x000000564df00000)]
  0x00000169ff2bb000 JavaThread "Signal Dispatcher" daemon [_thread_blocked, id=6780, stack(0x000000564df00000,0x000000564e000000)]
  0x00000169ff2bb800 JavaThread "Attach Listener" daemon [_thread_blocked, id=12112, stack(0x000000564e000000,0x000000564e100000)]
  0x00000169ff2be800 JavaThread "Service Thread" daemon [_thread_blocked, id=1172, stack(0x000000564e100000,0x000000564e200000)]
=>0x00000169ff2cc800 JavaThread "C2 CompilerThread0" daemon [_thread_in_native, id=11240, stack(0x000000564e200000,0x000000564e300000)]
  0x00000169ff2d1000 JavaThread "C1 CompilerThread0" daemon [_thread_blocked, id=12820, stack(0x000000564e300000,0x000000564e400000)]
  0x00000169ff2d2000 JavaThread "Sweeper thread" daemon [_thread_blocked, id=3732, stack(0x000000564e400000,0x000000564e500000)]
  0x0000016995194000 JavaThread "Common-Cleaner" daemon [_thread_blocked, id=14256, stack(0x000000564e500000,0x000000564e600000)]
  0x00000169960d6800 JavaThread "Daemon health stats" [_thread_blocked, id=4692, stack(0x000000564eb00000,0x000000564ec00000)]
  0x0000016995d85800 JavaThread "Incoming local TCP Connector on port 61810" [_thread_in_native, id=14220, stack(0x000000564e700000,0x000000564e800000)]
  0x0000016996251000 JavaThread "Daemon periodic checks" [_thread_blocked, id=8296, stack(0x000000564ea00000,0x000000564eb00000)]
  0x0000016995c7c800 JavaThread "Daemon" [_thread_blocked, id=5200, stack(0x000000564ec00000,0x000000564ed00000)]
  0x00000169962a6000 JavaThread "Handler for socket connection from /127.0.0.1:61810 to /127.0.0.1:61811" [_thread_in_native, id=2780, stack(0x000000564ed00000,0x000000564ee00000)]
  0x0000016996e69000 JavaThread "Cancel handler" [_thread_blocked, id=13788, stack(0x000000564ee00000,0x000000564ef00000)]
  0x0000016996a8a800 JavaThread "Daemon worker" [_thread_blocked, id=4404, stack(0x000000564ef00000,0x000000564f000000)]
  0x00000169972c6800 JavaThread "Asynchronous log dispatcher for DefaultDaemonConnection: socket connection from /127.0.0.1:61810 to /127.0.0.1:61811" [_thread_blocked, id=8888, stack(0x000000564f000000,0x000000564f100000)]
  0x00000169971d7800 JavaThread "Stdin handler" [_thread_blocked, id=1648, stack(0x000000564f100000,0x000000564f200000)]
  0x0000016996ec7000 JavaThread "Daemon client event forwarder" [_thread_blocked, id=5600, stack(0x000000564f200000,0x000000564f300000)]
  0x0000016996ecb800 JavaThread "Cache worker for journal cache (C:\Users\JULIETH\.gradle\caches\journal-1)" [_thread_blocked, id=14112, stack(0x000000564f800000,0x000000564f900000)]
  0x0000016996ec5800 JavaThread "File lock request listener" [_thread_in_native, id=5500, stack(0x000000564f900000,0x000000564fa00000)]
  0x0000016996ec9800 JavaThread "Cache worker for file hash cache (C:\Users\JULIETH\.gradle\caches\7.2\fileHashes)" [_thread_blocked, id=11548, stack(0x000000564fa00000,0x000000564fb00000)]
  0x0000016996ec9000 JavaThread "Cache worker for file hash cache (C:\Users\JULIETH\AndroidStudioProjects\BlueTV\.gradle\7.2\fileHashes)" [_thread_blocked, id=14028, stack(0x000000564fd00000,0x000000564fe00000)]
  0x0000016996ec6800 JavaThread "File watcher server" daemon [_thread_in_native, id=4152, stack(0x000000564fe00000,0x000000564ff00000)]
  0x0000016996ec8000 JavaThread "File watcher consumer" daemon [_thread_blocked, id=13760, stack(0x000000564ff00000,0x0000005650000000)]
  0x0000016996eca800 JavaThread "Cache worker for checksums cache (C:\Users\JULIETH\AndroidStudioProjects\BlueTV\.gradle\checksums)" [_thread_blocked, id=9956, stack(0x0000005650000000,0x0000005650100000)]
  0x0000016996ecc000 JavaThread "Cache worker for cache directory md-supplier (C:\Users\JULIETH\.gradle\caches\7.2\md-supplier)" [_thread_blocked, id=7028, stack(0x0000005650100000,0x0000005650200000)]
  0x00000169976bf800 JavaThread "Cache worker for cache directory md-rule (C:\Users\JULIETH\.gradle\caches\7.2\md-rule)" [_thread_blocked, id=9948, stack(0x0000005650200000,0x0000005650300000)]
  0x00000169976bb000 JavaThread "Cache worker for execution history cache (C:\Users\JULIETH\.gradle\caches\7.2\executionHistory)" [_thread_blocked, id=9664, stack(0x0000005650400000,0x0000005650500000)]
  0x00000169976c0000 JavaThread "jar transforms" [_thread_blocked, id=420, stack(0x0000005650500000,0x0000005650600000)]
  0x00000169976bd800 JavaThread "Cache worker for file content cache (C:\Users\JULIETH\.gradle\caches\7.2\fileContent)" [_thread_blocked, id=5212, stack(0x0000005650600000,0x0000005650700000)]
  0x00000169976bd000 JavaThread "jar transforms Thread 2" [_thread_blocked, id=9916, stack(0x0000005650700000,0x0000005650800000)]
  0x00000169976bc000 JavaThread "Cache worker for dependencies-accessors (C:\Users\JULIETH\AndroidStudioProjects\BlueTV\.gradle\7.2\dependencies-accessors)" [_thread_blocked, id=5980, stack(0x0000005650800000,0x0000005650900000)]
  0x000001699be60800 JavaThread "jar transforms Thread 3" [_thread_blocked, id=9688, stack(0x0000005650900000,0x0000005650a00000)]
  0x000001699be61800 JavaThread "Cache worker for Build Output Cleanup Cache (C:\Users\JULIETH\AndroidStudioProjects\BlueTV\.gradle\buildOutputCleanup)" [_thread_blocked, id=1732, stack(0x0000005650a00000,0x0000005650b00000)]
  0x000001699be60000 JavaThread "Unconstrained build operations" [_thread_blocked, id=4364, stack(0x0000005650b00000,0x0000005650c00000)]
  0x000001699be64000 JavaThread "Unconstrained build operations Thread 2" [_thread_blocked, id=11676, stack(0x0000005650c00000,0x0000005650d00000)]
  0x000001699be62800 JavaThread "Unconstrained build operations Thread 3" [_thread_blocked, id=10872, stack(0x0000005650d00000,0x0000005650e00000)]
  0x000001699be63000 JavaThread "Unconstrained build operations Thread 4" [_thread_blocked, id=6196, stack(0x0000005650e00000,0x0000005650f00000)]
  0x000001699be65000 JavaThread "Unconstrained build operations Thread 5" [_thread_blocked, id=12068, stack(0x0000005650f00000,0x0000005651000000)]
  0x000001699be5f000 JavaThread "Unconstrained build operations Thread 6" [_thread_blocked, id=13868, stack(0x0000005651000000,0x0000005651100000)]
  0x000001699be6a800 JavaThread "Unconstrained build operations Thread 7" [_thread_blocked, id=8544, stack(0x0000005651100000,0x0000005651200000)]
  0x000001699be69800 JavaThread "Unconstrained build operations Thread 8" [_thread_blocked, id=8592, stack(0x0000005651200000,0x0000005651300000)]
  0x000001699be69000 JavaThread "Unconstrained build operations Thread 9" [_thread_blocked, id=10608, stack(0x0000005651300000,0x0000005651400000)]
  0x000001699be67000 JavaThread "Unconstrained build operations Thread 10" [_thread_blocked, id=5564, stack(0x0000005651400000,0x0000005651500000)]
  0x000001699be6b800 JavaThread "Unconstrained build operations Thread 11" [_thread_blocked, id=11284, stack(0x0000005651500000,0x0000005651600000)]
  0x000001699be65800 JavaThread "Unconstrained build operations Thread 12" [_thread_blocked, id=12420, stack(0x0000005651600000,0x0000005651700000)]
  0x000001699be68000 JavaThread "Unconstrained build operations Thread 13" [_thread_blocked, id=10396, stack(0x0000005651700000,0x0000005651800000)]
  0x000001699be6c000 JavaThread "Unconstrained build operations Thread 14" [_thread_blocked, id=14148, stack(0x0000005651800000,0x0000005651900000)]
  0x000001699be66800 JavaThread "Unconstrained build operations Thread 15" [_thread_blocked, id=11012, stack(0x0000005651900000,0x0000005651a00000)]
  0x000001699be6d000 JavaThread "Unconstrained build operations Thread 16" [_thread_blocked, id=476, stack(0x0000005651a00000,0x0000005651b00000)]
  0x000001699be6e000 JavaThread "Unconstrained build operations Thread 17" [_thread_blocked, id=13860, stack(0x0000005651b00000,0x0000005651c00000)]
  0x000001699a8f4000 JavaThread "Unconstrained build operations Thread 18" [_thread_blocked, id=13852, stack(0x0000005651c00000,0x0000005651d00000)]
  0x000001699a8f0000 JavaThread "Unconstrained build operations Thread 19" [_thread_blocked, id=6944, stack(0x0000005651d00000,0x0000005651e00000)]
  0x000001699a8f2000 JavaThread "Unconstrained build operations Thread 20" [_thread_blocked, id=32, stack(0x0000005651e00000,0x0000005651f00000)]
  0x000001699a8ef000 JavaThread "Unconstrained build operations Thread 21" [_thread_blocked, id=6372, stack(0x0000005651f00000,0x0000005652000000)]
  0x000001699a8f1800 JavaThread "Unconstrained build operations Thread 22" [_thread_blocked, id=704, stack(0x0000005652000000,0x0000005652100000)]
  0x000001699a8ee000 JavaThread "Unconstrained build operations Thread 23" [_thread_blocked, id=10464, stack(0x0000005652100000,0x0000005652200000)]
  0x000001699a8f5800 JavaThread "Unconstrained build operations Thread 24" [_thread_blocked, id=9600, stack(0x0000005652200000,0x0000005652300000)]
  0x000001699a8f4800 JavaThread "Unconstrained build operations Thread 25" [_thread_blocked, id=2820, stack(0x0000005652300000,0x0000005652400000)]
  0x000001699a8f6800 JavaThread "Unconstrained build operations Thread 26" [_thread_blocked, id=4168, stack(0x0000005652400000,0x0000005652500000)]
  0x000001699a8f0800 JavaThread "Unconstrained build operations Thread 27" [_thread_blocked, id=7400, stack(0x0000005652500000,0x0000005652600000)]
  0x000001699a8f8000 JavaThread "Unconstrained build operations Thread 28" [_thread_blocked, id=11892, stack(0x0000005652600000,0x0000005652700000)]
  0x000001699a8f3000 JavaThread "Unconstrained build operations Thread 29" [_thread_blocked, id=6492, stack(0x0000005652700000,0x0000005652800000)]
  0x000001699a8f8800 JavaThread "Unconstrained build operations Thread 30" [_thread_blocked, id=12688, stack(0x0000005652800000,0x0000005652900000)]
  0x000001699a8fa800 JavaThread "Unconstrained build operations Thread 31" [_thread_blocked, id=10836, stack(0x0000005652900000,0x0000005652a00000)]
  0x000001699a8f9800 JavaThread "Unconstrained build operations Thread 32" [_thread_blocked, id=4548, stack(0x0000005652a00000,0x0000005652b00000)]
  0x000001699a8fb000 JavaThread "Unconstrained build operations Thread 33" [_thread_blocked, id=12156, stack(0x0000005652b00000,0x0000005652c00000)]
  0x000001699a8fc000 JavaThread "Unconstrained build operations Thread 34" [_thread_blocked, id=4604, stack(0x0000005652c00000,0x0000005652d00000)]
  0x000001699a8fd000 JavaThread "Unconstrained build operations Thread 35" [_thread_blocked, id=14164, stack(0x0000005652d00000,0x0000005652e00000)]
  0x000001699a8f7000 JavaThread "Unconstrained build operations Thread 36" [_thread_blocked, id=6624, stack(0x0000005652e00000,0x0000005652f00000)]
  0x000001699a41f000 JavaThread "Unconstrained build operations Thread 37" [_thread_blocked, id=10400, stack(0x0000005652f00000,0x0000005653000000)]
  0x000001699a420000 JavaThread "Unconstrained build operations Thread 38" [_thread_blocked, id=8588, stack(0x0000005653000000,0x0000005653100000)]
  0x000001699a41c000 JavaThread "Unconstrained build operations Thread 39" [_thread_blocked, id=8572, stack(0x0000005653100000,0x0000005653200000)]
  0x000001699a421000 JavaThread "Unconstrained build operations Thread 40" [_thread_blocked, id=10548, stack(0x0000005653200000,0x0000005653300000)]
  0x000001699a421800 JavaThread "Unconstrained build operations Thread 41" [_thread_blocked, id=6896, stack(0x0000005653300000,0x0000005653400000)]
  0x000001699a422800 JavaThread "Unconstrained build operations Thread 42" [_thread_blocked, id=14252, stack(0x0000005653400000,0x0000005653500000)]
  0x000001699a41d000 JavaThread "Unconstrained build operations Thread 43" [_thread_blocked, id=8876, stack(0x0000005653500000,0x0000005653600000)]
  0x000001699a423800 JavaThread "Unconstrained build operations Thread 44" [_thread_blocked, id=10756, stack(0x0000005653600000,0x0000005653700000)]
  0x000001699a41d800 JavaThread "Unconstrained build operations Thread 45" [_thread_blocked, id=9760, stack(0x0000005653700000,0x0000005653800000)]
  0x000001699a41e800 JavaThread "Unconstrained build operations Thread 46" [_thread_blocked, id=2356, stack(0x0000005653800000,0x0000005653900000)]
  0x000001699a42a000 JavaThread "Unconstrained build operations Thread 47" [_thread_blocked, id=9320, stack(0x0000005653900000,0x0000005653a00000)]
  0x000001699a429000 JavaThread "Unconstrained build operations Thread 48" [_thread_blocked, id=13352, stack(0x0000005653a00000,0x0000005653b00000)]
  0x000001699a425800 JavaThread "Unconstrained build operations Thread 49" [_thread_blocked, id=13660, stack(0x0000005653b00000,0x0000005653c00000)]
  0x000001699a427800 JavaThread "Unconstrained build operations Thread 50" [_thread_blocked, id=12472, stack(0x0000005653c00000,0x0000005653d00000)]
  0x000001699a426800 JavaThread "Unconstrained build operations Thread 51" [_thread_blocked, id=10952, stack(0x0000005653d00000,0x0000005653e00000)]
  0x000001699a425000 JavaThread "Unconstrained build operations Thread 52" [_thread_blocked, id=12984, stack(0x0000005653e00000,0x0000005653f00000)]
  0x000001699a428000 JavaThread "Unconstrained build operations Thread 53" [_thread_blocked, id=8528, stack(0x0000005653f00000,0x0000005654000000)]
  0x000001699a424000 JavaThread "Unconstrained build operations Thread 54" [_thread_blocked, id=11328, stack(0x0000005654000000,0x0000005654100000)]
  0x000001699a42a800 JavaThread "Unconstrained build operations Thread 55" [_thread_blocked, id=5780, stack(0x0000005654100000,0x0000005654200000)]
  0x0000016998e57000 JavaThread "Unconstrained build operations Thread 56" [_thread_blocked, id=10508, stack(0x0000005654200000,0x0000005654300000)]
  0x0000016998e56000 JavaThread "Unconstrained build operations Thread 57" [_thread_blocked, id=10580, stack(0x0000005654300000,0x0000005654400000)]
  0x0000016998e51800 JavaThread "Unconstrained build operations Thread 58" [_thread_blocked, id=9988, stack(0x0000005654400000,0x0000005654500000)]
  0x0000016998e58000 JavaThread "Unconstrained build operations Thread 59" [_thread_blocked, id=9136, stack(0x0000005654500000,0x0000005654600000)]
  0x0000016998e52000 JavaThread "Unconstrained build operations Thread 60" [_thread_blocked, id=12120, stack(0x0000005654600000,0x0000005654700000)]
  0x0000016998e54000 JavaThread "Unconstrained build operations Thread 61" [_thread_blocked, id=640, stack(0x0000005654700000,0x0000005654800000)]
  0x0000016998e54800 JavaThread "Unconstrained build operations Thread 62" [_thread_blocked, id=1204, stack(0x0000005654800000,0x0000005654900000)]
  0x0000016998e58800 JavaThread "Unconstrained build operations Thread 63" [_thread_blocked, id=6128, stack(0x0000005654900000,0x0000005654a00000)]
  0x0000016998e53000 JavaThread "Unconstrained build operations Thread 64" [_thread_blocked, id=11396, stack(0x0000005654a00000,0x0000005654b00000)]
  0x0000016998e59800 JavaThread "Unconstrained build operations Thread 65" [_thread_blocked, id=11756, stack(0x0000005654b00000,0x0000005654c00000)]
  0x0000016998e55800 JavaThread "Unconstrained build operations Thread 66" [_thread_blocked, id=8816, stack(0x0000005654c00000,0x0000005654d00000)]
  0x0000016998e60000 JavaThread "Unconstrained build operations Thread 67" [_thread_blocked, id=12004, stack(0x0000005654d00000,0x0000005654e00000)]
  0x0000016998e5e800 JavaThread "Unconstrained build operations Thread 68" [_thread_blocked, id=12848, stack(0x0000005654e00000,0x0000005654f00000)]
  0x0000016998e5a800 JavaThread "Unconstrained build operations Thread 69" [_thread_blocked, id=13176, stack(0x0000005654f00000,0x0000005655000000)]
  0x0000016998e5b000 JavaThread "Unconstrained build operations Thread 70" [_thread_blocked, id=1268, stack(0x0000005655000000,0x0000005655100000)]
  0x0000016998e5c000 JavaThread "Unconstrained build operations Thread 71" [_thread_blocked, id=8328, stack(0x0000005655100000,0x0000005655200000)]
  0x0000016998e5d000 JavaThread "Unconstrained build operations Thread 72" [_thread_blocked, id=7024, stack(0x0000005655200000,0x0000005655300000)]
  0x0000016998e5d800 JavaThread "Unconstrained build operations Thread 73" [_thread_blocked, id=13732, stack(0x0000005655300000,0x0000005655400000)]
  0x0000016998e5f000 JavaThread "Unconstrained build operations Thread 74" [_thread_blocked, id=8840, stack(0x0000005655400000,0x0000005655500000)]
  0x0000016997835800 JavaThread "Unconstrained build operations Thread 75" [_thread_blocked, id=6848, stack(0x0000005655500000,0x0000005655600000)]
  0x0000016997834800 JavaThread "Unconstrained build operations Thread 76" [_thread_blocked, id=4484, stack(0x0000005655600000,0x0000005655700000)]
  0x0000016997836000 JavaThread "Unconstrained build operations Thread 77" [_thread_blocked, id=1664, stack(0x0000005655700000,0x0000005655800000)]
  0x0000016997837000 JavaThread "Unconstrained build operations Thread 78" [_thread_blocked, id=10776, stack(0x0000005655800000,0x0000005655900000)]
  0x0000016997837800 JavaThread "Unconstrained build operations Thread 79" [_thread_blocked, id=13496, stack(0x0000005655900000,0x0000005655a00000)]
  0x0000016997838800 JavaThread "Unconstrained build operations Thread 80" [_thread_blocked, id=11260, stack(0x0000005655a00000,0x0000005655b00000)]
  0x0000016997839800 JavaThread "jar transforms Thread 4" [_thread_blocked, id=5168, stack(0x0000005655b00000,0x0000005655c00000)]
  0x0000016997833800 JavaThread "jar transforms Thread 5" [_thread_blocked, id=9076, stack(0x0000005655c00000,0x0000005655d00000)]
  0x000001699783c800 JavaThread "jar transforms Thread 6" [_thread_blocked, id=8080, stack(0x0000005655d00000,0x0000005655e00000)]
  0x000001699783f000 JavaThread "jar transforms Thread 7" [_thread_blocked, id=13632, stack(0x0000005655e00000,0x0000005655f00000)]
  0x000001699783e800 JavaThread "jar transforms Thread 8" [_thread_blocked, id=2836, stack(0x0000005655f00000,0x0000005656000000)]
  0x000001699783c000 JavaThread "Memory manager" [_thread_blocked, id=11224, stack(0x0000005656000000,0x0000005656100000)]
  0x0000016997840000 JavaThread "build event listener" [_thread_blocked, id=9552, stack(0x0000005656100000,0x0000005656200000)]
  0x0000016997840800 JavaThread "build event listener" [_thread_blocked, id=1620, stack(0x0000005656200000,0x0000005656300000)]
  0x000001699783d800 JavaThread "pool-3-thread-1" [_thread_blocked, id=13124, stack(0x0000005656300000,0x0000005656400000)]
  0x000001699783b000 JavaThread "build event listener" [_thread_blocked, id=9616, stack(0x0000005656400000,0x0000005656500000)]
  0x0000016997841800 JavaThread "Execution worker for ':'" [_thread_blocked, id=6704, stack(0x0000005656500000,0x0000005656600000)]
  0x0000016997842800 JavaThread "Execution worker for ':' Thread 2" [_thread_blocked, id=2404, stack(0x0000005656600000,0x0000005656700000)]
  0x000001699706d000 JavaThread "Execution worker for ':' Thread 3" [_thread_blocked, id=1036, stack(0x0000005656700000,0x0000005656800000)]
  0x0000016997071800 JavaThread "Execution worker for ':' Thread 4" [_thread_blocked, id=5192, stack(0x0000005656800000,0x0000005656900000)]
  0x000001699706e000 JavaThread "Execution worker for ':' Thread 5" [_thread_in_vm, id=7820, stack(0x0000005656900000,0x0000005656a00000)]
  0x000001699706f800 JavaThread "Execution worker for ':' Thread 6" [_thread_blocked, id=2376, stack(0x0000005656a00000,0x0000005656b00000)]
  0x000001699706c800 JavaThread "Execution worker for ':' Thread 7" [_thread_blocked, id=5728, stack(0x0000005656b00000,0x0000005656c00000)]
  0x0000016997074800 JavaThread "Cache worker for execution history cache (C:\Users\JULIETH\AndroidStudioProjects\BlueTV\.gradle\7.2\executionHistory)" [_thread_blocked, id=5448, stack(0x0000005656c00000,0x0000005656d00000)]
  0x0000016997072000 JavaThread "RMI Scheduler(0)" daemon [_thread_blocked, id=13056, stack(0x000000564fc00000,0x000000564fd00000)]
  0x0000016997070800 JavaThread "RMI GC Daemon" daemon [_thread_blocked, id=7748, stack(0x0000005656e00000,0x0000005656f00000)]
  0x0000016997074000 JavaThread "RMI TCP Accept-0" daemon [_thread_in_native, id=4832, stack(0x0000005657000000,0x0000005657100000)]
  0x000001699706f000 JavaThread "RMI Reaper" [_thread_blocked, id=2268, stack(0x0000005657100000,0x0000005657200000)]
  0x000001699707b000 JavaThread "RMI TCP Connection(1)-127.0.0.1" daemon [_thread_in_native, id=11700, stack(0x0000005657200000,0x0000005657300000)]
  0x000001699f928800 JavaThread "C2 CompilerThread1" daemon [_thread_in_native, id=8288, stack(0x000000564d400000,0x000000564d500000)]
  0x0000016997077000 JavaThread "Cache worker for Java compile cache (C:\Users\JULIETH\.gradle\caches\7.2\javaCompile)" [_thread_blocked, id=11744, stack(0x0000005650300000,0x0000005650400000)]
  0x0000016997075800 JavaThread "Build operations" [_thread_blocked, id=6220, stack(0x0000005656d00000,0x0000005656e00000)]
  0x0000016997076000 JavaThread "Build operations Thread 2" [_thread_blocked, id=1792, stack(0x0000005656f00000,0x0000005657000000)]
  0x0000016997078000 JavaThread "Build operations Thread 3" [_thread_blocked, id=12612, stack(0x0000005657300000,0x0000005657400000)]
  0x0000016997073000 JavaThread "Build operations Thread 4" [_thread_blocked, id=512, stack(0x0000005657400000,0x0000005657500000)]
  0x0000016997078800 JavaThread "Build operations Thread 5" [_thread_blocked, id=12228, stack(0x0000005657500000,0x0000005657600000)]
  0x000001699707a800 JavaThread "Build operations Thread 6" [_thread_blocked, id=264, stack(0x0000005657600000,0x0000005657700000)]
  0x0000016997079800 JavaThread "Build operations Thread 7" [_thread_blocked, id=2756, stack(0x0000005657700000,0x0000005657800000)]
  0x000001699f752000 JavaThread "Build operations Thread 8" [_thread_blocked, id=3456, stack(0x0000005657800000,0x0000005657900000)]
  0x00000169952e0000 JavaThread "C2 CompilerThread2" daemon [_thread_in_vm, id=8428, stack(0x0000005657900000,0x0000005657a00000)]
  0x000001699f754000 JavaThread "WorkerExecutor Queue" [_thread_blocked, id=3152, stack(0x0000005657a00000,0x0000005657b00000)]
  0x000001699f753000 JavaThread "WorkerExecutor Queue Thread 2" [_thread_blocked, id=4456, stack(0x0000005657b00000,0x0000005657c00000)]
  0x000001699f754800 JavaThread "WorkerExecutor Queue Thread 3" [_thread_blocked, id=7200, stack(0x0000005657c00000,0x0000005657d00000)]
  0x000001699f750800 JavaThread "WorkerExecutor Queue Thread 4" [_thread_blocked, id=6336, stack(0x0000005657d00000,0x0000005657e00000)]
  0x000001699f755800 JavaThread "WorkerExecutor Queue Thread 5" [_thread_blocked, id=13588, stack(0x0000005657e00000,0x0000005657f00000)]
  0x000001699f751800 JavaThread "WorkerExecutor Queue Thread 6" [_thread_blocked, id=13296, stack(0x0000005657f00000,0x0000005658000000)]
  0x000001699f750000 JavaThread "WorkerExecutor Queue Thread 7" [_thread_blocked, id=12048, stack(0x0000005658000000,0x0000005658100000)]
  0x000001699f75c000 JavaThread "WorkerExecutor Queue Thread 8" [_thread_blocked, id=1352, stack(0x0000005658100000,0x0000005658200000)]
  0x000001699f75a800 JavaThread "WorkerExecutor Queue Thread 9" [_thread_blocked, id=3824, stack(0x0000005658200000,0x0000005658300000)]

Other Threads:
  0x00000169ff2a0000 VMThread "VM Thread" [stack: 0x000000564dc00000,0x000000564dd00000] [id=7568]
  0x00000169951de800 WatcherThread [stack: 0x000000564e600000,0x000000564e700000] [id=13836]
  0x00000169f9652000 GCTaskThread "GC Thread#0" [stack: 0x000000564d700000,0x000000564d800000] [id=14204]
  0x0000016995e98800 GCTaskThread "GC Thread#1" [stack: 0x000000564e800000,0x000000564e900000] [id=11588]
  0x0000016995408800 GCTaskThread "GC Thread#2" [stack: 0x000000564e900000,0x000000564ea00000] [id=10712]
  0x0000016996b57800 GCTaskThread "GC Thread#3" [stack: 0x000000564f300000,0x000000564f400000] [id=11400]
  0x00000169971d8800 GCTaskThread "GC Thread#4" [stack: 0x000000564f400000,0x000000564f500000] [id=2400]
  0x0000016996b6d800 GCTaskThread "GC Thread#5" [stack: 0x000000564f500000,0x000000564f600000] [id=10384]
  0x0000016996b6a000 GCTaskThread "GC Thread#6" [stack: 0x000000564f600000,0x000000564f700000] [id=3992]
  0x00000169974fb000 GCTaskThread "GC Thread#7" [stack: 0x000000564f700000,0x000000564f800000] [id=1388]
  0x00000169f9687000 ConcurrentGCThread "G1 Main Marker" [stack: 0x000000564d800000,0x000000564d900000] [id=10296]
  0x00000169f9689800 ConcurrentGCThread "G1 Conc#0" [stack: 0x000000564d900000,0x000000564da00000] [id=1652]
  0x0000016996931800 ConcurrentGCThread "G1 Conc#1" [stack: 0x000000564fb00000,0x000000564fc00000] [id=5248]
  0x00000169ff0f0800 ConcurrentGCThread "G1 Refine#0" [stack: 0x000000564da00000,0x000000564db00000] [id=11680]
  0x00000169ff0f1800 ConcurrentGCThread "G1 Young RemSet Sampling" [stack: 0x000000564db00000,0x000000564dc00000] [id=8744]

Threads with active compile tasks:
C2 CompilerThread0  32889 12332       4       sun.invoke.util.VerifyAccess::isClassAccessible (182 bytes)
C1 CompilerThread0  32889 13150       3       java.lang.Integer::toUnsignedString0 (78 bytes)
C2 CompilerThread1  32889 13148       4       org.objectweb.asm.MethodWriter::endCurrentBasicBlockWithNoSuccessor (94 bytes)
C2 CompilerThread2  32889 13144       4       org.gradle.internal.snapshot.AbstractListChildMap::store (72 bytes)

VM state:not at safepoint (normal execution)

VM Mutex/Monitor currently owned by a thread: None

Heap address: 0x0000000080000000, size: 2048 MB, Compressed Oops mode: 32-bit
Narrow klass base: 0x0000000000000000, Narrow klass shift: 3
Compressed class space size: 1073741824 Address: 0x0000000100000000

Heap:
 garbage-first heap   total 189440K, used 149227K [0x0000000080000000, 0x0000000100000000)
  region size 1024K, 49 young (50176K), 5 survivors (5120K)
 Metaspace       used 109160K, capacity 112319K, committed 112596K, reserved 1146880K
  class space    used 14379K, capacity 15636K, committed 15744K, reserved 1048576K
Heap Regions: E=young(eden), S=young(survivor), O=old, HS=humongous(starts), HC=humongous(continues), CS=collection set, F=free, A=archive, TAMS=top-at-mark-start (previous, next)
|   0|0x0000000080000000, 0x0000000080100000, 0x0000000080100000|100%| O|  |TAMS 0x0000000080100000, 0x0000000080000000| Untracked 
|   1|0x0000000080100000, 0x0000000080200000, 0x0000000080200000|100%| O|  |TAMS 0x0000000080200000, 0x0000000080100000| Untracked 
|   2|0x0000000080200000, 0x0000000080300000, 0x0000000080300000|100%| O|  |TAMS 0x0000000080300000, 0x0000000080200000| Untracked 
|   3|0x0000000080300000, 0x0000000080400000, 0x0000000080400000|100%|HS|  |TAMS 0x0000000080400000, 0x0000000080300000| Complete 
|   4|0x0000000080400000, 0x0000000080500000, 0x0000000080500000|100%|HC|  |TAMS 0x0000000080500000, 0x0000000080400000| Complete 
|   5|0x0000000080500000, 0x0000000080600000, 0x0000000080600000|100%|HC|  |TAMS 0x0000000080600000, 0x0000000080500000| Complete 
|   6|0x0000000080600000, 0x0000000080700000, 0x0000000080700000|100%| O|  |TAMS 0x0000000080700000, 0x0000000080600000| Untracked 
|   7|0x0000000080700000, 0x0000000080800000, 0x0000000080800000|100%| O|  |TAMS 0x0000000080800000, 0x0000000080700000| Untracked 
|   8|0x0000000080800000, 0x0000000080900000, 0x0000000080900000|100%| O|  |TAMS 0x0000000080900000, 0x0000000080800000| Untracked 
|   9|0x0000000080900000, 0x0000000080a00000, 0x0000000080a00000|100%| O|  |TAMS 0x0000000080a00000, 0x0000000080900000| Untracked 
|  10|0x0000000080a00000, 0x0000000080b00000, 0x0000000080b00000|100%| O|  |TAMS 0x0000000080b00000, 0x0000000080a00000| Untracked 
|  11|0x0000000080b00000, 0x0000000080c00000, 0x0000000080c00000|100%| O|  |TAMS 0x0000000080c00000, 0x0000000080b00000| Untracked 
|  12|0x0000000080c00000, 0x0000000080d00000, 0x0000000080d00000|100%| O|  |TAMS 0x0000000080d00000, 0x0000000080c00000| Untracked 
|  13|0x0000000080d00000, 0x0000000080e00000, 0x0000000080e00000|100%| O|  |TAMS 0x0000000080e00000, 0x0000000080d00000| Untracked 
|  14|0x0000000080e00000, 0x0000000080f00000, 0x0000000080f00000|100%| O|  |TAMS 0x0000000080f00000, 0x0000000080e00000| Untracked 
|  15|0x0000000080f00000, 0x0000000081000000, 0x0000000081000000|100%| O|  |TAMS 0x0000000081000000, 0x0000000080f00000| Untracked 
|  16|0x0000000081000000, 0x0000000081100000, 0x0000000081100000|100%| O|  |TAMS 0x0000000081100000, 0x0000000081000000| Untracked 
|  17|0x0000000081100000, 0x0000000081200000, 0x0000000081200000|100%|HS|  |TAMS 0x0000000081200000, 0x0000000081100000| Complete 
|  18|0x0000000081200000, 0x0000000081300000, 0x0000000081300000|100%| O|  |TAMS 0x0000000081300000, 0x0000000081200000| Untracked 
|  19|0x0000000081300000, 0x0000000081400000, 0x0000000081400000|100%| O|  |TAMS 0x0000000081400000, 0x0000000081300000| Untracked 
|  20|0x0000000081400000, 0x0000000081500000, 0x0000000081500000|100%| O|  |TAMS 0x0000000081500000, 0x0000000081400000| Untracked 
|  21|0x0000000081500000, 0x0000000081600000, 0x0000000081600000|100%| O|  |TAMS 0x0000000081600000, 0x0000000081500000| Untracked 
|  22|0x0000000081600000, 0x0000000081700000, 0x0000000081700000|100%| O|  |TAMS 0x0000000081700000, 0x0000000081600000| Untracked 
|  23|0x0000000081700000, 0x0000000081800000, 0x0000000081800000|100%| O|  |TAMS 0x0000000081800000, 0x0000000081700000| Untracked 
|  24|0x0000000081800000, 0x0000000081900000, 0x0000000081900000|100%| O|  |TAMS 0x0000000081900000, 0x0000000081800000| Untracked 
|  25|0x0000000081900000, 0x0000000081a00000, 0x0000000081a00000|100%| O|  |TAMS 0x0000000081a00000, 0x0000000081900000| Untracked 
|  26|0x0000000081a00000, 0x0000000081b00000, 0x0000000081b00000|100%| O|  |TAMS 0x0000000081b00000, 0x0000000081a00000| Untracked 
|  27|0x0000000081b00000, 0x0000000081c00000, 0x0000000081c00000|100%| O|  |TAMS 0x0000000081c00000, 0x0000000081b00000| Untracked 
|  28|0x0000000081c00000, 0x0000000081d00000, 0x0000000081d00000|100%|HS|  |TAMS 0x0000000081d00000, 0x0000000081c00000| Complete 
|  29|0x0000000081d00000, 0x0000000081e00000, 0x0000000081e00000|100%|HS|  |TAMS 0x0000000081e00000, 0x0000000081d00000| Complete 
|  30|0x0000000081e00000, 0x0000000081f00000, 0x0000000081f00000|100%|HS|  |TAMS 0x0000000081f00000, 0x0000000081e00000| Complete 
|  31|0x0000000081f00000, 0x0000000082000000, 0x0000000082000000|100%|HS|  |TAMS 0x0000000082000000, 0x0000000081f00000| Complete 
|  32|0x0000000082000000, 0x0000000082100000, 0x0000000082100000|100%|HC|  |TAMS 0x0000000082100000, 0x0000000082000000| Complete 
|  33|0x0000000082100000, 0x0000000082200000, 0x0000000082200000|100%|HC|  |TAMS 0x0000000082200000, 0x0000000082100000| Complete 
|  34|0x0000000082200000, 0x0000000082300000, 0x0000000082300000|100%|HS|  |TAMS 0x0000000082300000, 0x0000000082200000| Complete 
|  35|0x0000000082300000, 0x0000000082400000, 0x0000000082400000|100%|HC|  |TAMS 0x0000000082400000, 0x0000000082300000| Complete 
|  36|0x0000000082400000, 0x0000000082500000, 0x0000000082500000|100%| O|  |TAMS 0x0000000082500000, 0x0000000082400000| Untracked 
|  37|0x0000000082500000, 0x0000000082600000, 0x0000000082600000|100%| O|  |TAMS 0x0000000082600000, 0x0000000082500000| Untracked 
|  38|0x0000000082600000, 0x0000000082700000, 0x0000000082700000|100%| O|  |TAMS 0x0000000082700000, 0x0000000082600000| Untracked 
|  39|0x0000000082700000, 0x0000000082800000, 0x0000000082800000|100%| O|  |TAMS 0x0000000082800000, 0x0000000082700000| Untracked 
|  40|0x0000000082800000, 0x0000000082900000, 0x0000000082900000|100%| O|  |TAMS 0x0000000082900000, 0x0000000082800000| Untracked 
|  41|0x0000000082900000, 0x0000000082a00000, 0x0000000082a00000|100%| O|  |TAMS 0x0000000082a00000, 0x0000000082900000| Untracked 
|  42|0x0000000082a00000, 0x0000000082b00000, 0x0000000082b00000|100%| O|  |TAMS 0x0000000082b00000, 0x0000000082a00000| Untracked 
|  43|0x0000000082b00000, 0x0000000082c00000, 0x0000000082c00000|100%| O|  |TAMS 0x0000000082c00000, 0x0000000082b00000| Untracked 
|  44|0x0000000082c00000, 0x0000000082d00000, 0x0000000082d00000|100%| O|  |TAMS 0x0000000082d00000, 0x0000000082c00000| Untracked 
|  45|0x0000000082d00000, 0x0000000082e00000, 0x0000000082e00000|100%| O|  |TAMS 0x0000000082e00000, 0x0000000082d00000| Untracked 
|  46|0x0000000082e00000, 0x0000000082f00000, 0x0000000082f00000|100%| O|  |TAMS 0x0000000082f00000, 0x0000000082e00000| Untracked 
|  47|0x0000000082f00000, 0x0000000083000000, 0x0000000083000000|100%| O|  |TAMS 0x0000000083000000, 0x0000000082f00000| Untracked 
|  48|0x0000000083000000, 0x0000000083100000, 0x0000000083100000|100%| O|  |TAMS 0x0000000083100000, 0x0000000083000000| Untracked 
|  49|0x0000000083100000, 0x0000000083200000, 0x0000000083200000|100%| O|  |TAMS 0x0000000083200000, 0x0000000083100000| Untracked 
|  50|0x0000000083200000, 0x0000000083300000, 0x0000000083300000|100%| O|  |TAMS 0x0000000083300000, 0x0000000083200000| Untracked 
|  51|0x0000000083300000, 0x0000000083400000, 0x0000000083400000|100%| O|  |TAMS 0x0000000083400000, 0x0000000083300000| Untracked 
|  52|0x0000000083400000, 0x0000000083500000, 0x0000000083500000|100%| O|  |TAMS 0x0000000083500000, 0x0000000083400000| Untracked 
|  53|0x0000000083500000, 0x0000000083600000, 0x0000000083600000|100%| O|  |TAMS 0x0000000083600000, 0x0000000083500000| Untracked 
|  54|0x0000000083600000, 0x0000000083700000, 0x0000000083700000|100%| O|  |TAMS 0x0000000083700000, 0x0000000083600000| Untracked 
|  55|0x0000000083700000, 0x0000000083800000, 0x0000000083800000|100%| O|  |TAMS 0x0000000083800000, 0x0000000083700000| Untracked 
|  56|0x0000000083800000, 0x0000000083900000, 0x0000000083900000|100%| O|  |TAMS 0x0000000083900000, 0x0000000083800000| Untracked 
|  57|0x0000000083900000, 0x0000000083a00000, 0x0000000083a00000|100%| O|  |TAMS 0x0000000083a00000, 0x0000000083900000| Untracked 
|  58|0x0000000083a00000, 0x0000000083b00000, 0x0000000083b00000|100%| O|  |TAMS 0x0000000083b00000, 0x0000000083a00000| Untracked 
|  59|0x0000000083b00000, 0x0000000083c00000, 0x0000000083c00000|100%| O|  |TAMS 0x0000000083c00000, 0x0000000083b00000| Untracked 
|  60|0x0000000083c00000, 0x0000000083d00000, 0x0000000083d00000|100%| O|  |TAMS 0x0000000083d00000, 0x0000000083c00000| Untracked 
|  61|0x0000000083d00000, 0x0000000083e00000, 0x0000000083e00000|100%| O|  |TAMS 0x0000000083e00000, 0x0000000083d00000| Untracked 
|  62|0x0000000083e00000, 0x0000000083f00000, 0x0000000083f00000|100%| O|  |TAMS 0x0000000083f00000, 0x0000000083e00000| Untracked 
|  63|0x0000000083f00000, 0x0000000084000000, 0x0000000084000000|100%| O|  |TAMS 0x0000000084000000, 0x0000000083f00000| Untracked 
|  64|0x0000000084000000, 0x0000000084100000, 0x0000000084100000|100%| O|  |TAMS 0x0000000084100000, 0x0000000084000000| Untracked 
|  65|0x0000000084100000, 0x0000000084200000, 0x0000000084200000|100%| O|  |TAMS 0x0000000084200000, 0x0000000084100000| Untracked 
|  66|0x0000000084200000, 0x0000000084300000, 0x0000000084300000|100%| O|  |TAMS 0x0000000084300000, 0x0000000084200000| Untracked 
|  67|0x0000000084300000, 0x0000000084400000, 0x0000000084400000|100%| O|  |TAMS 0x0000000084400000, 0x0000000084300000| Untracked 
|  68|0x0000000084400000, 0x0000000084500000, 0x0000000084500000|100%| O|  |TAMS 0x0000000084500000, 0x0000000084400000| Untracked 
|  69|0x0000000084500000, 0x0000000084600000, 0x0000000084600000|100%| O|  |TAMS 0x0000000084600000, 0x0000000084500000| Untracked 
|  70|0x0000000084600000, 0x0000000084700000, 0x0000000084700000|100%| O|  |TAMS 0x0000000084700000, 0x0000000084600000| Untracked 
|  71|0x0000000084700000, 0x0000000084800000, 0x0000000084800000|100%| O|  |TAMS 0x0000000084800000, 0x0000000084700000| Untracked 
|  72|0x0000000084800000, 0x0000000084900000, 0x0000000084900000|100%| O|  |TAMS 0x0000000084900000, 0x0000000084800000| Untracked 
|  73|0x0000000084900000, 0x0000000084a00000, 0x0000000084a00000|100%| O|  |TAMS 0x0000000084a00000, 0x0000000084900000| Untracked 
|  74|0x0000000084a00000, 0x0000000084b00000, 0x0000000084b00000|100%| O|  |TAMS 0x0000000084b00000, 0x0000000084a00000| Untracked 
|  75|0x0000000084b00000, 0x0000000084c00000, 0x0000000084c00000|100%| O|  |TAMS 0x0000000084c00000, 0x0000000084b00000| Untracked 
|  76|0x0000000084c00000, 0x0000000084d00000, 0x0000000084d00000|100%| O|  |TAMS 0x0000000084d00000, 0x0000000084c00000| Untracked 
|  77|0x0000000084d00000, 0x0000000084e00000, 0x0000000084e00000|100%| O|  |TAMS 0x0000000084e00000, 0x0000000084d00000| Untracked 
|  78|0x0000000084e00000, 0x0000000084f00000, 0x0000000084f00000|100%| O|  |TAMS 0x0000000084f00000, 0x0000000084e00000| Untracked 
|  79|0x0000000084f00000, 0x0000000085000000, 0x0000000085000000|100%| O|  |TAMS 0x0000000085000000, 0x0000000084f00000| Untracked 
|  80|0x0000000085000000, 0x0000000085100000, 0x0000000085100000|100%| O|  |TAMS 0x0000000085100000, 0x0000000085000000| Untracked 
|  81|0x0000000085100000, 0x0000000085200000, 0x0000000085200000|100%| O|  |TAMS 0x0000000085200000, 0x0000000085100000| Untracked 
|  82|0x0000000085200000, 0x0000000085300000, 0x0000000085300000|100%| O|  |TAMS 0x0000000085300000, 0x0000000085200000| Untracked 
|  83|0x0000000085300000, 0x0000000085400000, 0x0000000085400000|100%| O|  |TAMS 0x0000000085400000, 0x0000000085300000| Untracked 
|  84|0x0000000085400000, 0x0000000085500000, 0x0000000085500000|100%| O|  |TAMS 0x0000000085500000, 0x0000000085400000| Untracked 
|  85|0x0000000085500000, 0x0000000085600000, 0x0000000085600000|100%| O|  |TAMS 0x0000000085600000, 0x0000000085500000| Untracked 
|  86|0x0000000085600000, 0x0000000085700000, 0x0000000085700000|100%| O|  |TAMS 0x0000000085700000, 0x0000000085600000| Untracked 
|  87|0x0000000085700000, 0x0000000085800000, 0x0000000085800000|100%| O|  |TAMS 0x0000000085800000, 0x0000000085700000| Untracked 
|  88|0x0000000085800000, 0x0000000085900000, 0x0000000085900000|100%| O|  |TAMS 0x0000000085900000, 0x0000000085800000| Untracked 
|  89|0x0000000085900000, 0x0000000085a00000, 0x0000000085a00000|100%| O|  |TAMS 0x0000000085a00000, 0x0000000085900000| Untracked 
|  90|0x0000000085a00000, 0x0000000085b00000, 0x0000000085b00000|100%| O|  |TAMS 0x0000000085b00000, 0x0000000085a00000| Untracked 
|  91|0x0000000085b00000, 0x0000000085c00000, 0x0000000085c00000|100%| O|  |TAMS 0x0000000085c00000, 0x0000000085b00000| Untracked 
|  92|0x0000000085c00000, 0x0000000085d00000, 0x0000000085d00000|100%| O|  |TAMS 0x0000000085d00000, 0x0000000085c00000| Untracked 
|  93|0x0000000085d00000, 0x0000000085e00000, 0x0000000085e00000|100%| O|  |TAMS 0x0000000085e00000, 0x0000000085d00000| Untracked 
|  94|0x0000000085e00000, 0x0000000085f00000, 0x0000000085f00000|100%| O|  |TAMS 0x0000000085f00000, 0x0000000085e00000| Untracked 
|  95|0x0000000085f00000, 0x0000000086000000, 0x0000000086000000|100%| O|  |TAMS 0x0000000086000000, 0x0000000085f00000| Untracked 
|  96|0x0000000086000000, 0x0000000086100000, 0x0000000086100000|100%| O|  |TAMS 0x0000000086100000, 0x0000000086000000| Untracked 
|  97|0x0000000086100000, 0x0000000086200000, 0x0000000086200000|100%| O|  |TAMS 0x0000000086200000, 0x0000000086100000| Untracked 
|  98|0x0000000086200000, 0x00000000862e8e00, 0x0000000086300000| 90%| O|  |TAMS 0x00000000862e8e00, 0x0000000086200000| Untracked 
|  99|0x0000000086300000, 0x0000000086300000, 0x0000000086400000|  0%| F|  |TAMS 0x0000000086300000, 0x0000000086300000| Untracked 
| 100|0x0000000086400000, 0x0000000086400000, 0x0000000086500000|  0%| F|  |TAMS 0x0000000086400000, 0x0000000086400000| Untracked 
| 101|0x0000000086500000, 0x0000000086500000, 0x0000000086600000|  0%| F|  |TAMS 0x0000000086500000, 0x0000000086500000| Untracked 
| 102|0x0000000086600000, 0x0000000086600000, 0x0000000086700000|  0%| F|  |TAMS 0x0000000086600000, 0x0000000086600000| Untracked 
| 103|0x0000000086700000, 0x0000000086700000, 0x0000000086800000|  0%| F|  |TAMS 0x0000000086700000, 0x0000000086700000| Untracked 
| 104|0x0000000086800000, 0x0000000086800000, 0x0000000086900000|  0%| F|  |TAMS 0x0000000086800000, 0x0000000086800000| Untracked 
| 105|0x0000000086900000, 0x0000000086900000, 0x0000000086a00000|  0%| F|  |TAMS 0x0000000086900000, 0x0000000086900000| Untracked 
| 106|0x0000000086a00000, 0x0000000086a00000, 0x0000000086b00000|  0%| F|  |TAMS 0x0000000086a00000, 0x0000000086a00000| Untracked 
| 107|0x0000000086b00000, 0x0000000086b00000, 0x0000000086c00000|  0%| F|  |TAMS 0x0000000086b00000, 0x0000000086b00000| Untracked 
| 108|0x0000000086c00000, 0x0000000086c00000, 0x0000000086d00000|  0%| F|  |TAMS 0x0000000086c00000, 0x0000000086c00000| Untracked 
| 109|0x0000000086d00000, 0x0000000086d00000, 0x0000000086e00000|  0%| F|  |TAMS 0x0000000086d00000, 0x0000000086d00000| Untracked 
| 110|0x0000000086e00000, 0x0000000086e00000, 0x0000000086f00000|  0%| F|  |TAMS 0x0000000086e00000, 0x0000000086e00000| Untracked 
| 111|0x0000000086f00000, 0x0000000086f00000, 0x0000000087000000|  0%| F|  |TAMS 0x0000000086f00000, 0x0000000086f00000| Untracked 
| 112|0x0000000087000000, 0x0000000087000000, 0x0000000087100000|  0%| F|  |TAMS 0x0000000087000000, 0x0000000087000000| Untracked 
| 113|0x0000000087100000, 0x0000000087100000, 0x0000000087200000|  0%| F|  |TAMS 0x0000000087100000, 0x0000000087100000| Untracked 
| 114|0x0000000087200000, 0x0000000087200000, 0x0000000087300000|  0%| F|  |TAMS 0x0000000087200000, 0x0000000087200000| Untracked 
| 115|0x0000000087300000, 0x0000000087300000, 0x0000000087400000|  0%| F|  |TAMS 0x0000000087300000, 0x0000000087300000| Untracked 
| 116|0x0000000087400000, 0x0000000087400000, 0x0000000087500000|  0%| F|  |TAMS 0x0000000087400000, 0x0000000087400000| Untracked 
| 117|0x0000000087500000, 0x0000000087500000, 0x0000000087600000|  0%| F|  |TAMS 0x0000000087500000, 0x0000000087500000| Untracked 
| 118|0x0000000087600000, 0x0000000087600000, 0x0000000087700000|  0%| F|  |TAMS 0x0000000087600000, 0x0000000087600000| Untracked 
| 119|0x0000000087700000, 0x0000000087700000, 0x0000000087800000|  0%| F|  |TAMS 0x0000000087700000, 0x0000000087700000| Untracked 
| 120|0x0000000087800000, 0x0000000087800000, 0x0000000087900000|  0%| F|  |TAMS 0x0000000087800000, 0x0000000087800000| Untracked 
| 121|0x0000000087900000, 0x0000000087900000, 0x0000000087a00000|  0%| F|  |TAMS 0x0000000087900000, 0x0000000087900000| Untracked 
| 122|0x0000000087a00000, 0x0000000087a00000, 0x0000000087b00000|  0%| F|  |TAMS 0x0000000087a00000, 0x0000000087a00000| Untracked 
| 123|0x0000000087b00000, 0x0000000087b00000, 0x0000000087c00000|  0%| F|  |TAMS 0x0000000087b00000, 0x0000000087b00000| Untracked 
| 124|0x0000000087c00000, 0x0000000087c00000, 0x0000000087d00000|  0%| F|  |TAMS 0x0000000087c00000, 0x0000000087c00000| Untracked 
| 125|0x0000000087d00000, 0x0000000087d00000, 0x0000000087e00000|  0%| F|  |TAMS 0x0000000087d00000, 0x0000000087d00000| Untracked 
| 126|0x0000000087e00000, 0x0000000087e00000, 0x0000000087f00000|  0%| F|  |TAMS 0x0000000087e00000, 0x0000000087e00000| Untracked 
| 127|0x0000000087f00000, 0x0000000087f00000, 0x0000000088000000|  0%| F|  |TAMS 0x0000000087f00000, 0x0000000087f00000| Untracked 
| 128|0x0000000088000000, 0x0000000088000000, 0x0000000088100000|  0%| F|  |TAMS 0x0000000088000000, 0x0000000088000000| Untracked 
| 129|0x0000000088100000, 0x00000000881d2160, 0x0000000088200000| 82%| S|CS|TAMS 0x0000000088100000, 0x0000000088100000| Complete 
| 130|0x0000000088200000, 0x0000000088300000, 0x0000000088300000|100%| S|CS|TAMS 0x0000000088200000, 0x0000000088200000| Complete 
| 131|0x0000000088300000, 0x0000000088400000, 0x0000000088400000|100%| S|CS|TAMS 0x0000000088300000, 0x0000000088300000| Complete 
| 132|0x0000000088400000, 0x0000000088500000, 0x0000000088500000|100%| S|CS|TAMS 0x0000000088400000, 0x0000000088400000| Complete 
| 133|0x0000000088500000, 0x0000000088600000, 0x0000000088600000|100%| S|CS|TAMS 0x0000000088500000, 0x0000000088500000| Complete 
| 134|0x0000000088600000, 0x0000000088600000, 0x0000000088700000|  0%| F|  |TAMS 0x0000000088600000, 0x0000000088600000| Untracked 
| 135|0x0000000088700000, 0x0000000088700000, 0x0000000088800000|  0%| F|  |TAMS 0x0000000088700000, 0x0000000088700000| Untracked 
| 136|0x0000000088800000, 0x0000000088800000, 0x0000000088900000|  0%| F|  |TAMS 0x0000000088800000, 0x0000000088800000| Untracked 
| 137|0x0000000088900000, 0x0000000088900000, 0x0000000088a00000|  0%| F|  |TAMS 0x0000000088900000, 0x0000000088900000| Untracked 
| 138|0x0000000088a00000, 0x0000000088a00000, 0x0000000088b00000|  0%| F|  |TAMS 0x0000000088a00000, 0x0000000088a00000| Untracked 
| 139|0x0000000088b00000, 0x0000000088b00000, 0x0000000088c00000|  0%| F|  |TAMS 0x0000000088b00000, 0x0000000088b00000| Untracked 
| 140|0x0000000088c00000, 0x0000000088c00000, 0x0000000088d00000|  0%| F|  |TAMS 0x0000000088c00000, 0x0000000088c00000| Untracked 
| 141|0x0000000088d00000, 0x0000000088d818c0, 0x0000000088e00000| 50%| E|  |TAMS 0x0000000088d00000, 0x0000000088d00000| Complete 
| 142|0x0000000088e00000, 0x0000000088f00000, 0x0000000088f00000|100%| E|CS|TAMS 0x0000000088e00000, 0x0000000088e00000| Complete 
| 143|0x0000000088f00000, 0x0000000089000000, 0x0000000089000000|100%| E|CS|TAMS 0x0000000088f00000, 0x0000000088f00000| Complete 
| 144|0x0000000089000000, 0x0000000089100000, 0x0000000089100000|100%| E|CS|TAMS 0x0000000089000000, 0x0000000089000000| Complete 
| 145|0x0000000089100000, 0x0000000089200000, 0x0000000089200000|100%| E|CS|TAMS 0x0000000089100000, 0x0000000089100000| Complete 
| 146|0x0000000089200000, 0x0000000089300000, 0x0000000089300000|100%| E|CS|TAMS 0x0000000089200000, 0x0000000089200000| Complete 
| 147|0x0000000089300000, 0x0000000089400000, 0x0000000089400000|100%| E|CS|TAMS 0x0000000089300000, 0x0000000089300000| Complete 
| 148|0x0000000089400000, 0x0000000089500000, 0x0000000089500000|100%| E|CS|TAMS 0x0000000089400000, 0x0000000089400000| Complete 
| 149|0x0000000089500000, 0x0000000089600000, 0x0000000089600000|100%| E|CS|TAMS 0x0000000089500000, 0x0000000089500000| Complete 
| 150|0x0000000089600000, 0x0000000089700000, 0x0000000089700000|100%| E|CS|TAMS 0x0000000089600000, 0x0000000089600000| Complete 
| 151|0x0000000089700000, 0x0000000089800000, 0x0000000089800000|100%| E|CS|TAMS 0x0000000089700000, 0x0000000089700000| Complete 
| 152|0x0000000089800000, 0x0000000089900000, 0x0000000089900000|100%| E|CS|TAMS 0x0000000089800000, 0x0000000089800000| Complete 
| 153|0x0000000089900000, 0x0000000089a00000, 0x0000000089a00000|100%| E|CS|TAMS 0x0000000089900000, 0x0000000089900000| Complete 
| 154|0x0000000089a00000, 0x0000000089b00000, 0x0000000089b00000|100%| E|CS|TAMS 0x0000000089a00000, 0x0000000089a00000| Complete 
| 155|0x0000000089b00000, 0x0000000089c00000, 0x0000000089c00000|100%| E|CS|TAMS 0x0000000089b00000, 0x0000000089b00000| Complete 
| 156|0x0000000089c00000, 0x0000000089d00000, 0x0000000089d00000|100%| E|CS|TAMS 0x0000000089c00000, 0x0000000089c00000| Complete 
| 157|0x0000000089d00000, 0x0000000089e00000, 0x0000000089e00000|100%| E|CS|TAMS 0x0000000089d00000, 0x0000000089d00000| Complete 
| 158|0x0000000089e00000, 0x0000000089f00000, 0x0000000089f00000|100%| E|CS|TAMS 0x0000000089e00000, 0x0000000089e00000| Complete 
| 159|0x0000000089f00000, 0x000000008a000000, 0x000000008a000000|100%| E|CS|TAMS 0x0000000089f00000, 0x0000000089f00000| Complete 
| 160|0x000000008a000000, 0x000000008a100000, 0x000000008a100000|100%| E|CS|TAMS 0x000000008a000000, 0x000000008a000000| Complete 
| 161|0x000000008a100000, 0x000000008a200000, 0x000000008a200000|100%| E|CS|TAMS 0x000000008a100000, 0x000000008a100000| Complete 
| 162|0x000000008a200000, 0x000000008a300000, 0x000000008a300000|100%| E|CS|TAMS 0x000000008a200000, 0x000000008a200000| Complete 
| 163|0x000000008a300000, 0x000000008a400000, 0x000000008a400000|100%| E|CS|TAMS 0x000000008a300000, 0x000000008a300000| Complete 
| 164|0x000000008a400000, 0x000000008a500000, 0x000000008a500000|100%| E|CS|TAMS 0x000000008a400000, 0x000000008a400000| Complete 
| 165|0x000000008a500000, 0x000000008a600000, 0x000000008a600000|100%| E|CS|TAMS 0x000000008a500000, 0x000000008a500000| Complete 
| 166|0x000000008a600000, 0x000000008a700000, 0x000000008a700000|100%| E|CS|TAMS 0x000000008a600000, 0x000000008a600000| Complete 
| 167|0x000000008a700000, 0x000000008a800000, 0x000000008a800000|100%| E|CS|TAMS 0x000000008a700000, 0x000000008a700000| Complete 
| 168|0x000000008a800000, 0x000000008a900000, 0x000000008a900000|100%| E|CS|TAMS 0x000000008a800000, 0x000000008a800000| Complete 
| 169|0x000000008a900000, 0x000000008aa00000, 0x000000008aa00000|100%| E|CS|TAMS 0x000000008a900000, 0x000000008a900000| Complete 
| 170|0x000000008aa00000, 0x000000008aafff70, 0x000000008ab00000| 99%| E|  |TAMS 0x000000008aa00000, 0x000000008aa00000| Complete 
| 171|0x000000008ab00000, 0x000000008ac00000, 0x000000008ac00000|100%| E|CS|TAMS 0x000000008ab00000, 0x000000008ab00000| Complete 
| 172|0x000000008ac00000, 0x000000008ad00000, 0x000000008ad00000|100%| E|CS|TAMS 0x000000008ac00000, 0x000000008ac00000| Complete 
| 173|0x000000008ad00000, 0x000000008ae00000, 0x000000008ae00000|100%| E|CS|TAMS 0x000000008ad00000, 0x000000008ad00000| Complete 
| 174|0x000000008ae00000, 0x000000008af00000, 0x000000008af00000|100%| E|CS|TAMS 0x000000008ae00000, 0x000000008ae00000| Complete 
| 175|0x000000008af00000, 0x000000008b000000, 0x000000008b000000|100%| E|CS|TAMS 0x000000008af00000, 0x000000008af00000| Complete 
| 176|0x000000008b000000, 0x000000008b100000, 0x000000008b100000|100%| E|CS|TAMS 0x000000008b000000, 0x000000008b000000| Complete 
| 177|0x000000008b100000, 0x000000008b200000, 0x000000008b200000|100%| E|CS|TAMS 0x000000008b100000, 0x000000008b100000| Complete 
| 178|0x000000008b200000, 0x000000008b300000, 0x000000008b300000|100%| E|CS|TAMS 0x000000008b200000, 0x000000008b200000| Complete 
| 179|0x000000008b300000, 0x000000008b400000, 0x000000008b400000|100%| E|CS|TAMS 0x000000008b300000, 0x000000008b300000| Complete 
| 180|0x000000008b400000, 0x000000008b500000, 0x000000008b500000|100%| E|CS|TAMS 0x000000008b400000, 0x000000008b400000| Complete 
| 181|0x000000008b500000, 0x000000008b600000, 0x000000008b600000|100%| E|CS|TAMS 0x000000008b500000, 0x000000008b500000| Complete 
| 182|0x000000008b600000, 0x000000008b700000, 0x000000008b700000|100%| E|CS|TAMS 0x000000008b600000, 0x000000008b600000| Complete 
| 183|0x000000008b700000, 0x000000008b800000, 0x000000008b800000|100%| E|CS|TAMS 0x000000008b700000, 0x000000008b700000| Complete 
| 184|0x000000008b800000, 0x000000008b900000, 0x000000008b900000|100%| E|CS|TAMS 0x000000008b800000, 0x000000008b800000| Complete 

Card table byte_map: [0x00000169fdfd0000,0x00000169fe3d0000] _byte_map_base: 0x00000169fdbd0000

Marking Bits (Prev, Next): (CMBitMap*) 0x00000169f967d298, (CMBitMap*) 0x00000169f967d2d0
 Prev Bits: [0x000001698f000000, 0x0000016991000000)
 Next Bits: [0x0000016991000000, 0x0000016993000000)

Polling page: 0x00000169fd140000

Metaspace:

Usage:
  Non-class:     94.42 MB capacity,    92.58 MB ( 98%) used,     1.48 MB (  2%) free+waste,   372.38 KB ( <1%) overhead. 
      Class:     15.27 MB capacity,    14.04 MB ( 92%) used,     1.06 MB (  7%) free+waste,   175.38 KB (  1%) overhead. 
       Both:    109.70 MB capacity,   106.62 MB ( 97%) used,     2.54 MB (  2%) free+waste,   547.75 KB ( <1%) overhead. 

Virtual space:
  Non-class space:       96.00 MB reserved,      94.58 MB ( 99%) committed 
      Class space:        1.00 GB reserved,      15.38 MB (  2%) committed 
             Both:        1.09 GB reserved,     109.96 MB ( 10%) committed 

Chunk freelists:
   Non-Class:  34.00 KB
       Class:  10.00 KB
        Both:  44.00 KB

MaxMetaspaceSize: 17179869184.00 GB
CompressedClassSpaceSize: 1.00 GB

CodeHeap 'non-profiled nmethods': size=120000Kb used=8141Kb max_used=8141Kb free=111858Kb
 bounds [0x0000016987ad0000, 0x00000169882d0000, 0x000001698f000000]
CodeHeap 'profiled nmethods': size=120000Kb used=28498Kb max_used=28498Kb free=91501Kb
 bounds [0x00000169805a0000, 0x0000016982180000, 0x0000016987ad0000]
CodeHeap 'non-nmethods': size=5760Kb used=2352Kb max_used=2412Kb free=3407Kb
 bounds [0x0000016980000000, 0x0000016980270000, 0x00000169805a0000]
 total_blobs=14079 nmethods=13099 adapters=891
 compilation: enabled
              stopped_count=0, restarted_count=0
 full_count=0

Compilation events (20 events):
Event: 32.815 Thread 0x00000169ff2d1000 nmethod 13059 0x0000016982146710 code [0x00000169821468e0, 0x0000016982146ca8]
Event: 32.815 Thread 0x00000169ff2d1000 13057       3       com.android.tools.r8.graph.l0::a (6 bytes)
Event: 32.815 Thread 0x00000169ff2d1000 nmethod 13057 0x0000016982146e10 code [0x0000016982146fc0, 0x0000016982147168]
Event: 32.815 Thread 0x00000169ff2d1000 13058       3       com.android.tools.r8.graph.l0$$Lambda$1732/0x0000000100f0c440::get$Lambda (9 bytes)
Event: 32.815 Thread 0x00000169ff2d1000 nmethod 13058 0x0000016982147210 code [0x00000169821473e0, 0x0000016982147638]
Event: 32.816 Thread 0x00000169ff2d1000 13060       3       com.android.tools.r8.internal.Vb1::next (25 bytes)
Event: 32.817 Thread 0x00000169ff2d1000 nmethod 13060 0x0000016982147710 code [0x00000169821478e0, 0x0000016982147c88]
Event: 32.817 Thread 0x00000169ff2d1000 13063       3       com.android.tools.r8.graph.l0::a (48 bytes)
Event: 32.817 Thread 0x00000169ff2d1000 nmethod 13063 0x0000016982147e10 code [0x0000016982148040, 0x00000169821488c8]
Event: 32.817 Thread 0x00000169ff2d1000 13062       3       com.android.tools.r8.graph.d0::hashCode (19 bytes)
Event: 32.818 Thread 0x00000169ff2d1000 nmethod 13062 0x0000016982148c10 code [0x0000016982148de0, 0x0000016982148f58]
Event: 32.818 Thread 0x00000169ff2d1000 13061       3       com.android.tools.r8.internal.Yb1::<init> (15 bytes)
Event: 32.818 Thread 0x00000169ff2d1000 nmethod 13061 0x0000016982149090 code [0x0000016982149240, 0x00000169821493f8]
Event: 32.820 Thread 0x00000169ff2d1000 13064       3       com.android.tools.r8.internal.sR0::b (16 bytes)
Event: 32.820 Thread 0x00000169ff2d1000 nmethod 13064 0x0000016982149490 code [0x00000169821496a0, 0x0000016982149988]
Event: 32.820 Thread 0x00000169ff2d1000 13065       3       com.android.tools.r8.internal.sj1::hasNext (14 bytes)
Event: 32.821 Thread 0x00000169ff2d1000 nmethod 13065 0x0000016982149b10 code [0x0000016982149cc0, 0x0000016982149e18]
Event: 32.821 Thread 0x00000169ff2d1000 13066       3       com.android.tools.r8.internal.uj1::containsKey (74 bytes)
Event: 32.821 Thread 0x00000169ff2d1000 nmethod 13066 0x0000016982149e90 code [0x000001698214a080, 0x000001698214a488]
Event: 32.822 Thread 0x00000169ff2d1000 13067       3       com.android.tools.r8.internal.KP0::b (32 bytes)

GC Heap History (20 events):
Event: 11.463 GC heap before
{Heap before GC invocations=16 (full 0):
 garbage-first heap   total 157696K, used 115125K [0x0000000080000000, 0x0000000100000000)
  region size 1024K, 62 young (63488K), 8 survivors (8192K)
 Metaspace       used 68039K, capacity 69479K, committed 69716K, reserved 1110016K
  class space    used 8582K, capacity 9130K, committed 9216K, reserved 1048576K
}
Event: 11.477 GC heap after
{Heap after GC invocations=17 (full 0):
 garbage-first heap   total 189440K, used 62550K [0x0000000080000000, 0x0000000100000000)
  region size 1024K, 4 young (4096K), 4 survivors (4096K)
 Metaspace       used 68039K, capacity 69479K, committed 69716K, reserved 1110016K
  class space    used 8582K, capacity 9130K, committed 9216K, reserved 1048576K
}
Event: 12.600 GC heap before
{Heap before GC invocations=17 (full 0):
 garbage-first heap   total 189440K, used 135254K [0x0000000080000000, 0x0000000100000000)
  region size 1024K, 75 young (76800K), 4 survivors (4096K)
 Metaspace       used 74284K, capacity 75856K, committed 76116K, reserved 1116160K
  class space    used 9559K, capacity 10163K, committed 10240K, reserved 1048576K
}
Event: 12.608 GC heap after
{Heap after GC invocations=18 (full 0):
 garbage-first heap   total 189440K, used 66894K [0x0000000080000000, 0x0000000100000000)
  region size 1024K, 9 young (9216K), 9 survivors (9216K)
 Metaspace       used 74284K, capacity 75856K, committed 76116K, reserved 1116160K
  class space    used 9559K, capacity 10163K, committed 10240K, reserved 1048576K
}
Event: 13.792 GC heap before
{Heap before GC invocations=18 (full 0):
 garbage-first heap   total 189440K, used 139598K [0x0000000080000000, 0x0000000100000000)
  region size 1024K, 80 young (81920K), 9 survivors (9216K)
 Metaspace       used 81892K, capacity 83645K, committed 83924K, reserved 1122304K
  class space    used 10610K, capacity 11302K, committed 11392K, reserved 1048576K
}
Event: 13.804 GC heap after
{Heap after GC invocations=19 (full 0):
 garbage-first heap   total 189440K, used 71133K [0x0000000080000000, 0x0000000100000000)
  region size 1024K, 9 young (9216K), 9 survivors (9216K)
 Metaspace       used 81892K, capacity 83645K, committed 83924K, reserved 1122304K
  class space    used 10610K, capacity 11302K, committed 11392K, reserved 1048576K
}
Event: 14.847 GC heap before
{Heap before GC invocations=19 (full 0):
 garbage-first heap   total 189440K, used 142813K [0x0000000080000000, 0x0000000100000000)
  region size 1024K, 80 young (81920K), 9 survivors (9216K)
 Metaspace       used 86879K, capacity 88977K, committed 89172K, reserved 1126400K
  class space    used 11224K, capacity 12024K, committed 12032K, reserved 1048576K
}
Event: 14.863 GC heap after
{Heap after GC invocations=20 (full 0):
 garbage-first heap   total 189440K, used 79872K [0x0000000080000000, 0x0000000100000000)
  region size 1024K, 10 young (10240K), 10 survivors (10240K)
 Metaspace       used 86879K, capacity 88977K, committed 89172K, reserved 1126400K
  class space    used 11224K, capacity 12024K, committed 12032K, reserved 1048576K
}
Event: 15.400 GC heap before
{Heap before GC invocations=20 (full 0):
 garbage-first heap   total 189440K, used 145408K [0x0000000080000000, 0x0000000100000000)
  region size 1024K, 75 young (76800K), 10 survivors (10240K)
 Metaspace       used 87220K, capacity 89349K, committed 89556K, reserved 1126400K
  class space    used 11231K, capacity 12033K, committed 12160K, reserved 1048576K
}
Event: 15.415 GC heap after
{Heap after GC invocations=21 (full 0):
 garbage-first heap   total 189440K, used 86016K [0x0000000080000000, 0x0000000100000000)
  region size 1024K, 6 young (6144K), 6 survivors (6144K)
 Metaspace       used 87220K, capacity 89349K, committed 89556K, reserved 1126400K
  class space    used 11231K, capacity 12033K, committed 12160K, reserved 1048576K
}
Event: 16.053 GC heap before
{Heap before GC invocations=21 (full 0):
 garbage-first heap   total 189440K, used 148480K [0x0000000080000000, 0x0000000100000000)
  region size 1024K, 68 young (69632K), 6 survivors (6144K)
 Metaspace       used 88207K, capacity 90372K, committed 90580K, reserved 1128448K
  class space    used 11330K, capacity 12154K, committed 12160K, reserved 1048576K
}
Event: 16.063 GC heap after
{Heap after GC invocations=22 (full 0):
 garbage-first heap   total 189440K, used 90761K [0x0000000080000000, 0x0000000100000000)
  region size 1024K, 7 young (7168K), 7 survivors (7168K)
 Metaspace       used 88207K, capacity 90372K, committed 90580K, reserved 1128448K
  class space    used 11330K, capacity 12154K, committed 12160K, reserved 1048576K
}
Event: 16.648 GC heap before
{Heap before GC invocations=22 (full 0):
 garbage-first heap   total 189440K, used 150153K [0x0000000080000000, 0x0000000100000000)
  region size 1024K, 66 young (67584K), 7 survivors (7168K)
 Metaspace       used 91725K, capacity 93848K, committed 94164K, reserved 1130496K
  class space    used 11787K, capacity 12605K, committed 12672K, reserved 1048576K
}
Event: 16.656 GC heap after
{Heap after GC invocations=23 (full 0):
 garbage-first heap   total 189440K, used 92628K [0x0000000080000000, 0x0000000100000000)
  region size 1024K, 4 young (4096K), 4 survivors (4096K)
 Metaspace       used 91725K, capacity 93848K, committed 94164K, reserved 1130496K
  class space    used 11787K, capacity 12605K, committed 12672K, reserved 1048576K
}
Event: 30.620 GC heap before
{Heap before GC invocations=23 (full 0):
 garbage-first heap   total 189440K, used 152020K [0x0000000080000000, 0x0000000100000000)
  region size 1024K, 63 young (64512K), 4 survivors (4096K)
 Metaspace       used 96824K, capacity 99232K, committed 99284K, reserved 1134592K
  class space    used 12493K, capacity 13406K, committed 13440K, reserved 1048576K
}
Event: 30.632 GC heap after
{Heap after GC invocations=24 (full 0):
 garbage-first heap   total 189440K, used 96350K [0x0000000080000000, 0x0000000100000000)
  region size 1024K, 8 young (8192K), 8 survivors (8192K)
 Metaspace       used 96824K, capacity 99232K, committed 99284K, reserved 1134592K
  class space    used 12493K, capacity 13406K, committed 13440K, reserved 1048576K
}
Event: 31.237 GC heap before
{Heap before GC invocations=25 (full 0):
 garbage-first heap   total 189440K, used 153694K [0x0000000080000000, 0x0000000100000000)
  region size 1024K, 65 young (66560K), 8 survivors (8192K)
 Metaspace       used 97756K, capacity 100058K, committed 100436K, reserved 1136640K
  class space    used 12571K, capacity 13453K, committed 13568K, reserved 1048576K
}
Event: 31.254 GC heap after
{Heap after GC invocations=26 (full 0):
 garbage-first heap   total 189440K, used 102383K [0x0000000080000000, 0x0000000100000000)
  region size 1024K, 9 young (9216K), 9 survivors (9216K)
 Metaspace       used 97756K, capacity 100058K, committed 100436K, reserved 1136640K
  class space    used 12571K, capacity 13453K, committed 13568K, reserved 1048576K
}
Event: 31.930 GC heap before
{Heap before GC invocations=26 (full 0):
 garbage-first heap   total 189440K, used 153583K [0x0000000080000000, 0x0000000100000000)
  region size 1024K, 60 young (61440K), 9 survivors (9216K)
 Metaspace       used 100657K, capacity 103215K, committed 103380K, reserved 1138688K
  class space    used 12990K, capacity 13943K, committed 13952K, reserved 1048576K
}
Event: 31.945 GC heap after
{Heap after GC invocations=27 (full 0):
 garbage-first heap   total 189440K, used 106219K [0x0000000080000000, 0x0000000100000000)
  region size 1024K, 5 young (5120K), 5 survivors (5120K)
 Metaspace       used 100657K, capacity 103215K, committed 103380K, reserved 1138688K
  class space    used 12990K, capacity 13943K, committed 13952K, reserved 1048576K
}

Deoptimization events (20 events):
Event: 32.192 Thread 0x000001699f754000 Uncommon trap: trap_request=0xffffffbe fr.pc=0x00000169882476dc relative=0x00000000000015dc
Event: 32.192 Thread 0x000001699f754000 Uncommon trap: reason=profile_predicate action=maybe_recompile pc=0x00000169882476dc method=com.google.common.collect.MapMakerInternalMap$Segment.expand()V @ 56 c2
Event: 32.192 Thread 0x000001699f754000 DEOPT PACKING pc=0x00000169882476dc sp=0x0000005657afc630
Event: 32.192 Thread 0x000001699f754000 DEOPT UNPACKING pc=0x000001698002662f sp=0x0000005657afc5f8 mode 2
Event: 32.655 Thread 0x000001699f753000 Uncommon trap: trap_request=0xffffff7e fr.pc=0x000001698827f964 relative=0x0000000000000244
Event: 32.655 Thread 0x000001699f753000 Uncommon trap: reason=predicate action=maybe_recompile pc=0x000001698827f964 method=com.android.tools.r8.graph.W0.a([C)I @ 8 c2
Event: 32.655 Thread 0x000001699f753000 DEOPT PACKING pc=0x000001698827f964 sp=0x0000005657bfc540
Event: 32.655 Thread 0x000001699f753000 DEOPT UNPACKING pc=0x000001698002662f sp=0x0000005657bfc4c8 mode 2
Event: 32.780 Thread 0x000001699f753000 Uncommon trap: trap_request=0xffffff4d fr.pc=0x00000169882b41a8 relative=0x0000000000000268
Event: 32.780 Thread 0x000001699f753000 Uncommon trap: reason=unstable_if action=reinterpret pc=0x00000169882b41a8 method=com.android.tools.r8.graph.W0.a(Lcom/android/tools/r8/graph/W0;)I @ 39 c2
Event: 32.780 Thread 0x000001699f753000 DEOPT PACKING pc=0x00000169882b41a8 sp=0x0000005657bfd460
Event: 32.780 Thread 0x000001699f753000 DEOPT UNPACKING pc=0x000001698002662f sp=0x0000005657bfd3f0 mode 2
Event: 32.793 Thread 0x000001699f754000 Uncommon trap: trap_request=0xffffff7e fr.pc=0x0000016988291b20 relative=0x00000000000016c0
Event: 32.793 Thread 0x000001699f753000 Uncommon trap: trap_request=0xffffff7e fr.pc=0x0000016988291b20 relative=0x00000000000016c0
Event: 32.793 Thread 0x000001699f754000 Uncommon trap: reason=predicate action=maybe_recompile pc=0x0000016988291b20 method=java.util.TimSort.reverseRange([Ljava/lang/Object;II)V @ 5 c2
Event: 32.793 Thread 0x000001699f753000 Uncommon trap: reason=predicate action=maybe_recompile pc=0x0000016988291b20 method=java.util.TimSort.reverseRange([Ljava/lang/Object;II)V @ 5 c2
Event: 32.793 Thread 0x000001699f754000 DEOPT PACKING pc=0x0000016988291b20 sp=0x0000005657afcfc0
Event: 32.793 Thread 0x000001699f753000 DEOPT PACKING pc=0x0000016988291b20 sp=0x0000005657bfd4e0
Event: 32.793 Thread 0x000001699f754000 DEOPT UNPACKING pc=0x000001698002662f sp=0x0000005657afce80 mode 2
Event: 32.793 Thread 0x000001699f753000 DEOPT UNPACKING pc=0x000001698002662f sp=0x0000005657bfd3a0 mode 2

Classes redefined (0 events):
No events

Internal exceptions (20 events):
Event: 32.154 Thread 0x000001699f754000 Exception <a 'java/lang/NoSuchMethodError'{0x000000008b36b460}: 'int java.lang.invoke.DirectMethodHandle$Holder.invokeVirtual(java.lang.Object, java.lang.Object, java.lang.Object, java.lang.Object)'> (0x000000008b36b460) thrown at [./src/hotspot/share/interpreter/linkResolver.cpp, line 773]
Event: 32.195 Thread 0x000001699f754000 Exception <a 'java/lang/IncompatibleClassChangeError'{0x000000008b2e4550}: Found class java.lang.Object, but interface was expected> (0x000000008b2e4550) thrown at [./src/hotspot/share/interpreter/linkResolver.cpp, line 839]
Event: 32.195 Thread 0x000001699f753000 Exception <a 'java/lang/IncompatibleClassChangeError'{0x000000008b27c7c8}: Found class java.lang.Object, but interface was expected> (0x000000008b27c7c8) thrown at [./src/hotspot/share/interpreter/linkResolver.cpp, line 839]
Event: 32.199 Thread 0x000001699f753000 Exception <a 'java/lang/NoSuchMethodError'{0x000000008b1101d0}: 'int java.lang.invoke.DirectMethodHandle$Holder.invokeVirtual(java.lang.Object, java.lang.Object, java.lang.Object)'> (0x000000008b1101d0) thrown at [./src/hotspot/share/interpreter/linkResolver.cpp, line 773]
Event: 32.299 Thread 0x000001699f754000 Exception <a 'java/lang/NoSuchMethodError'{0x000000008ac346f0}: 'java.lang.Object java.lang.invoke.DirectMethodHandle$Holder.invokeStatic(java.lang.Object, int, java.lang.Object, java.lang.Object)'> (0x000000008ac346f0) thrown at [./src/hotspot/share/interpreter/linkResolver.cpp, line 773]
Event: 32.300 Thread 0x000001699f753000 Exception <a 'java/lang/NoSuchMethodError'{0x000000008ac23598}: 'java.lang.Object java.lang.invoke.DirectMethodHandle$Holder.invokeStatic(java.lang.Object, int, java.lang.Object, java.lang.Object)'> (0x000000008ac23598) thrown at [./src/hotspot/share/interpreter/linkResolver.cpp, line 773]
Event: 32.411 Thread 0x000001699f753000 Exception <a 'java/lang/NoSuchMethodError'{0x000000008a738660}: 'java.lang.Object java.lang.invoke.DirectMethodHandle$Holder.invokeVirtual(java.lang.Object, java.lang.Object, int, java.lang.Object)'> (0x000000008a738660) thrown at [./src/hotspot/share/interpreter/linkResolver.cpp, line 773]
Event: 32.411 Thread 0x000001699f754000 Exception <a 'java/lang/NoSuchMethodError'{0x000000008a736478}: 'java.lang.Object java.lang.invoke.DirectMethodHandle$Holder.invokeVirtual(java.lang.Object, java.lang.Object, int, java.lang.Object)'> (0x000000008a736478) thrown at [./src/hotspot/share/interpreter/linkResolver.cpp, line 773]
Event: 32.445 Thread 0x000001699f754000 Exception <a 'java/lang/NoSuchMethodError'{0x000000008a68e908}: 'void java.lang.invoke.DirectMethodHandle$Holder.invokeVirtual(java.lang.Object, java.lang.Object, int, java.lang.Object)'> (0x000000008a68e908) thrown at [./src/hotspot/share/interpreter/linkResolver.cpp, line 773]
Event: 32.448 Thread 0x000001699f753000 Exception <a 'java/lang/IncompatibleClassChangeError'{0x000000008a6acc58}: Found class java.lang.Object, but interface was expected> (0x000000008a6acc58) thrown at [./src/hotspot/share/interpreter/linkResolver.cpp, line 839]
Event: 32.449 Thread 0x000001699f753000 Exception <a 'java/lang/IncompatibleClassChangeError'{0x000000008a6b61d0}: Found class java.lang.Object, but interface was expected> (0x000000008a6b61d0) thrown at [./src/hotspot/share/interpreter/linkResolver.cpp, line 839]
Event: 32.498 Thread 0x000001699f753000 Exception <a 'java/lang/NoSuchMethodError'{0x000000008a323078}: 'int java.lang.invoke.DirectMethodHandle$Holder.invokeInterface(java.lang.Object, java.lang.Object, int)'> (0x000000008a323078) thrown at [./src/hotspot/share/interpreter/linkResolver.cpp, line 773]
Event: 32.520 Thread 0x000001699f753000 Exception <a 'java/lang/NoSuchMethodError'{0x000000008a28c5b0}: 'java.lang.Object java.lang.invoke.DirectMethodHandle$Holder.newInvokeSpecial(java.lang.Object, int)'> (0x000000008a28c5b0) thrown at [./src/hotspot/share/interpreter/linkResolver.cpp, line 773]
Event: 32.520 Thread 0x000001699f754000 Exception <a 'java/lang/NoSuchMethodError'{0x000000008a283040}: 'java.lang.Object java.lang.invoke.DirectMethodHandle$Holder.newInvokeSpecial(java.lang.Object, int)'> (0x000000008a283040) thrown at [./src/hotspot/share/interpreter/linkResolver.cpp, line 773]
Event: 32.660 Thread 0x000001699f753000 Exception <a 'java/lang/NoSuchMethodError'{0x0000000089a939f8}: 'long java.lang.invoke.DirectMethodHandle$Holder.invokeStatic(java.lang.Object, java.lang.Object)'> (0x0000000089a939f8) thrown at [./src/hotspot/share/interpreter/linkResolver.cpp, line 773]
Event: 32.748 Thread 0x000001699f754000 Exception <a 'java/lang/NoSuchMethodError'{0x00000000895d0e58}: 'java.lang.Object java.lang.invoke.Invokers$Holder.linkToTargetMethod(java.lang.Object, int, java.lang.Object, java.lang.Object, java.lang.Object, java.lang.Object)'> (0x00000000895d0e58) thrown at [./src/hotspot/share/interpreter/linkResolver.cpp, line 773]
Event: 32.749 Thread 0x000001699f754000 Exception <a 'java/lang/NoSuchMethodError'{0x00000000895f6ee0}: 'java.lang.Object java.lang.invoke.Invokers$Holder.linkToTargetMethod(java.lang.Object, java.lang.Object, java.lang.Object, int, java.lang.Object, java.lang.Object, java.lang.Object)'> (0x00000000895f6ee0) thrown at [./src/hotspot/share/interpreter/linkResolver.cpp, line 773]
Event: 32.752 Thread 0x000001699f754000 Exception <a 'java/lang/NoSuchMethodError'{0x000000008940a598}: 'void java.lang.invoke.DirectMethodHandle$Holder.invokeStatic(java.lang.Object, java.lang.Object, java.lang.Object, java.lang.Object, java.lang.Object, java.lang.Object, java.lang.Object, java.lang.Object)'> (0x000000008940a598) thrown at [./src/hotspot/share/interpreter/linkResolver.cpp, line 773]
Event: 32.793 Thread 0x000001699f753000 Exception <a 'java/lang/IncompatibleClassChangeError'{0x000000008923a6e8}: Found class java.lang.Object, but interface was expected> (0x000000008923a6e8) thrown at [./src/hotspot/share/interpreter/linkResolver.cpp, line 839]
Event: 32.793 Thread 0x000001699f754000 Exception <a 'java/lang/IncompatibleClassChangeError'{0x0000000089246718}: Found class java.lang.Object, but interface was expected> (0x0000000089246718) thrown at [./src/hotspot/share/interpreter/linkResolver.cpp, line 839]

Events (20 events):
Event: 32.821 loading class com/android/tools/r8/graph/y
Event: 32.821 loading class com/android/tools/r8/graph/y done
Event: 32.821 loading class com/android/tools/r8/graph/j0
Event: 32.821 loading class com/android/tools/r8/graph/j0 done
Event: 32.821 loading class com/android/tools/r8/graph/j0
Event: 32.821 loading class com/android/tools/r8/graph/j0 done
Event: 32.821 loading class com/android/tools/r8/graph/j0
Event: 32.821 loading class com/android/tools/r8/graph/j0 done
Event: 32.821 loading class com/android/tools/r8/graph/j0
Event: 32.821 loading class com/android/tools/r8/graph/j0 done
Event: 32.822 loading class com/android/tools/r8/graph/j0
Event: 32.822 loading class com/android/tools/r8/graph/j0 done
Event: 32.822 loading class com/android/tools/r8/graph/j0
Event: 32.822 loading class com/android/tools/r8/graph/j0 done
Event: 32.822 loading class com/android/tools/r8/graph/j0
Event: 32.822 loading class com/android/tools/r8/graph/j0 done
Event: 32.822 loading class com/android/tools/r8/graph/y
Event: 32.822 loading class com/android/tools/r8/graph/y done
Event: 32.822 loading class com/android/tools/r8/graph/y
Event: 32.822 loading class com/android/tools/r8/graph/y done


Dynamic libraries:
0x00007ff6916b0000 - 0x00007ff6916ba000 	C:\Program Files\Android\Android Studio\jre\bin\java.exe
0x00007ff9cd250000 - 0x00007ff9cd448000 	C:\WINDOWS\SYSTEM32\ntdll.dll
0x00007ff9ccdd0000 - 0x00007ff9cce8d000 	C:\WINDOWS\System32\KERNEL32.DLL
0x00007ff9cadc0000 - 0x00007ff9cb08e000 	C:\WINDOWS\System32\KERNELBASE.dll
0x00007ff9cab40000 - 0x00007ff9cac40000 	C:\WINDOWS\System32\ucrtbase.dll
0x00007ff9c3770000 - 0x00007ff9c3789000 	C:\Program Files\Android\Android Studio\jre\bin\jli.dll
0x00007ff9c35d0000 - 0x00007ff9c35e7000 	C:\Program Files\Android\Android Studio\jre\bin\VCRUNTIME140.dll
0x00007ff9cd070000 - 0x00007ff9cd210000 	C:\WINDOWS\System32\USER32.dll
0x00007ff9cad90000 - 0x00007ff9cadb2000 	C:\WINDOWS\System32\win32u.dll
0x00007ff9bb9e0000 - 0x00007ff9bbc7a000 	C:\WINDOWS\WinSxS\amd64_microsoft.windows.common-controls_6595b64144ccf1df_6.0.19041.1110_none_60b5254171f9507e\COMCTL32.dll
0x00007ff9cb410000 - 0x00007ff9cb43a000 	C:\WINDOWS\System32\GDI32.dll
0x00007ff9ccbf0000 - 0x00007ff9ccc8e000 	C:\WINDOWS\System32\msvcrt.dll
0x00007ff9ca9c0000 - 0x00007ff9caacb000 	C:\WINDOWS\System32\gdi32full.dll
0x00007ff9cac40000 - 0x00007ff9cacdd000 	C:\WINDOWS\System32\msvcp_win.dll
0x00007ff9cb3e0000 - 0x00007ff9cb410000 	C:\WINDOWS\System32\IMM32.DLL
0x00007ff9c2db0000 - 0x00007ff9c2e4d000 	C:\Program Files\Android\Android Studio\jre\bin\msvcp140.dll
0x00007ff982540000 - 0x00007ff983015000 	C:\Program Files\Android\Android Studio\jre\bin\server\jvm.dll
0x00007ff9ccfc0000 - 0x00007ff9cd06e000 	C:\WINDOWS\System32\ADVAPI32.dll
0x00007ff9cb570000 - 0x00007ff9cb60c000 	C:\WINDOWS\System32\sechost.dll
0x00007ff9cb2b0000 - 0x00007ff9cb3d5000 	C:\WINDOWS\System32\RPCRT4.dll
0x00007ff9cb920000 - 0x00007ff9cb928000 	C:\WINDOWS\System32\PSAPI.DLL
0x00007ff9bd990000 - 0x00007ff9bd999000 	C:\WINDOWS\SYSTEM32\WSOCK32.dll
0x00007ff9c4760000 - 0x00007ff9c4787000 	C:\WINDOWS\SYSTEM32\WINMM.dll
0x00007ff9cb610000 - 0x00007ff9cb67b000 	C:\WINDOWS\System32\WS2_32.dll
0x00007ff9c5180000 - 0x00007ff9c518a000 	C:\WINDOWS\SYSTEM32\VERSION.dll
0x00007ff9c8890000 - 0x00007ff9c88a2000 	C:\WINDOWS\SYSTEM32\kernel.appcore.dll
0x00007ff98d3b0000 - 0x00007ff98d3c1000 	C:\Program Files\Android\Android Studio\jre\bin\verify.dll
0x00007ff9b6800000 - 0x00007ff9b69e4000 	C:\WINDOWS\SYSTEM32\DBGHELP.DLL
0x00007ff9bcb20000 - 0x00007ff9bcb4c000 	C:\WINDOWS\SYSTEM32\dbgcore.DLL
0x00007ff9cb090000 - 0x00007ff9cb112000 	C:\WINDOWS\System32\bcryptPrimitives.dll
0x00007ff983fd0000 - 0x00007ff983ff9000 	C:\Program Files\Android\Android Studio\jre\bin\java.dll
0x00007ff9a4f40000 - 0x00007ff9a4f4b000 	C:\Program Files\Android\Android Studio\jre\bin\jimage.dll
0x00007ff986890000 - 0x00007ff9868a8000 	C:\Program Files\Android\Android Studio\jre\bin\zip.dll
0x00007ff9cbc70000 - 0x00007ff9cc3b4000 	C:\WINDOWS\System32\SHELL32.dll
0x00007ff9c8a90000 - 0x00007ff9c9224000 	C:\WINDOWS\SYSTEM32\windows.storage.dll
0x00007ff9cc3c0000 - 0x00007ff9cc714000 	C:\WINDOWS\System32\combase.dll
0x00007ff9ca360000 - 0x00007ff9ca390000 	C:\WINDOWS\SYSTEM32\Wldp.dll
0x00007ff9cb930000 - 0x00007ff9cb9dd000 	C:\WINDOWS\System32\SHCORE.dll
0x00007ff9cbac0000 - 0x00007ff9cbb15000 	C:\WINDOWS\System32\shlwapi.dll
0x00007ff9ca8b0000 - 0x00007ff9ca8cf000 	C:\WINDOWS\SYSTEM32\profapi.dll
0x00007ff986130000 - 0x00007ff98614a000 	C:\Program Files\Android\Android Studio\jre\bin\net.dll
0x00007ff9c1fa0000 - 0x00007ff9c20aa000 	C:\WINDOWS\SYSTEM32\WINHTTP.dll
0x00007ff9ca060000 - 0x00007ff9ca0ca000 	C:\WINDOWS\system32\mswsock.dll
0x00007ff984090000 - 0x00007ff9840a4000 	C:\Program Files\Android\Android Studio\jre\bin\nio.dll
0x00007ff9bb900000 - 0x00007ff9bb927000 	C:\Users\JULIETH\.gradle\native\e1d6ef7f7dcc3fd88c89a11ec53ec762bb8ba0a96d01ffa2cd45eb1d1d8dd5c5\windows-amd64\native-platform.dll
0x00007ff9a98c0000 - 0x00007ff9a9a04000 	C:\Users\JULIETH\.gradle\native\5664cfc778a61ccfe75a443a1ab52a65af34e5dc3c78e0209fed803814484fcb\windows-amd64\native-platform-file-events.dll
0x00007ff9a4b60000 - 0x00007ff9a4b6a000 	C:\Program Files\Android\Android Studio\jre\bin\management.dll
0x00007ff9a4890000 - 0x00007ff9a489d000 	C:\Program Files\Android\Android Studio\jre\bin\management_ext.dll
0x00007ff9ca250000 - 0x00007ff9ca268000 	C:\WINDOWS\SYSTEM32\CRYPTSP.dll
0x00007ff9c99e0000 - 0x00007ff9c9a14000 	C:\WINDOWS\system32\rsaenh.dll
0x00007ff9cb280000 - 0x00007ff9cb2a7000 	C:\WINDOWS\System32\bcrypt.dll
0x00007ff9ca870000 - 0x00007ff9ca89e000 	C:\WINDOWS\SYSTEM32\USERENV.dll
0x00007ff9ca270000 - 0x00007ff9ca27c000 	C:\WINDOWS\SYSTEM32\CRYPTBASE.dll
0x00007ff9c9d50000 - 0x00007ff9c9d8b000 	C:\WINDOWS\SYSTEM32\IPHLPAPI.DLL
0x00007ff9cb680000 - 0x00007ff9cb688000 	C:\WINDOWS\System32\NSI.dll
0x00007ff9c5340000 - 0x00007ff9c5357000 	C:\WINDOWS\SYSTEM32\dhcpcsvc6.DLL
0x00007ff9c52b0000 - 0x00007ff9c52cd000 	C:\WINDOWS\SYSTEM32\dhcpcsvc.DLL
0x00007ff9c9d90000 - 0x00007ff9c9e5a000 	C:\WINDOWS\SYSTEM32\DNSAPI.dll
0x00007ff9c35b0000 - 0x00007ff9c35ce000 	C:\Users\JULIETH\AppData\Local\Temp\native-platform6129331615616105438dir\native-platform.dll
0x00007ff9c8190000 - 0x00007ff9c8198000 	C:\Program Files\Android\Android Studio\jre\bin\rmi.dll
0x00007ff98fbd0000 - 0x00007ff98fbe7000 	C:\WINDOWS\system32\napinsp.dll
0x00007ff98fbb0000 - 0x00007ff98fbcb000 	C:\WINDOWS\system32\pnrpnsp.dll
0x00007ff9ae9d0000 - 0x00007ff9ae9e5000 	C:\WINDOWS\system32\wshbth.dll
0x00007ff9c64e0000 - 0x00007ff9c64fd000 	C:\WINDOWS\system32\NLAapi.dll
0x00007ff98fb90000 - 0x00007ff98fba2000 	C:\WINDOWS\System32\winrnr.dll
0x00007ff9c4750000 - 0x00007ff9c475a000 	C:\Windows\System32\rasadhlp.dll
0x00007ff9bfd50000 - 0x00007ff9bfdd0000 	C:\WINDOWS\System32\fwpuclnt.dll

dbghelp: loaded successfully - version: 4.0.5 - missing functions: none
symbol engine: initialized successfully - sym options: 0x614 - pdb path: .;C:\Program Files\Android\Android Studio\jre\bin;C:\WINDOWS\SYSTEM32;C:\WINDOWS\WinSxS\amd64_microsoft.windows.common-controls_6595b64144ccf1df_6.0.19041.1110_none_60b5254171f9507e;C:\Program Files\Android\Android Studio\jre\bin\server;C:\Users\JULIETH\.gradle\native\e1d6ef7f7dcc3fd88c89a11ec53ec762bb8ba0a96d01ffa2cd45eb1d1d8dd5c5\windows-amd64;C:\Users\JULIETH\.gradle\native\5664cfc778a61ccfe75a443a1ab52a65af34e5dc3c78e0209fed803814484fcb\windows-amd64;C:\Users\JULIETH\AppData\Local\Temp\native-platform6129331615616105438dir

VM Arguments:
jvm_args: --add-opens=java.base/java.util=ALL-UNNAMED --add-opens=java.base/java.lang=ALL-UNNAMED --add-opens=java.base/java.lang.invoke=ALL-UNNAMED --add-opens=java.base/java.util=ALL-UNNAMED --add-opens=java.prefs/java.util.prefs=ALL-UNNAMED --add-opens=java.prefs/java.util.prefs=ALL-UNNAMED --add-opens=java.base/java.nio.charset=ALL-UNNAMED --add-opens=java.base/java.net=ALL-UNNAMED --add-opens=java.base/java.util.concurrent.atomic=ALL-UNNAMED -Xmx2048m -Dfile.encoding=UTF-8 -Duser.country=CO -Duser.language=es -Duser.variant 
java_command: org.gradle.launcher.daemon.bootstrap.GradleDaemon 7.2
java_class_path (initial): C:\Users\JULIETH\.gradle\wrapper\dists\gradle-7.2-bin\2dnblmf4td7x66yl1d74lt32g\gradle-7.2\lib\gradle-launcher-7.2.jar
Launcher Type: SUN_STANDARD

[Global flags]
     intx CICompilerCount                          = 4                                         {product} {ergonomic}
     uint ConcGCThreads                            = 2                                         {product} {ergonomic}
     uint G1ConcRefinementThreads                  = 8                                         {product} {ergonomic}
   size_t G1HeapRegionSize                         = 1048576                                   {product} {ergonomic}
    uintx GCDrainStackTargetSize                   = 64                                        {product} {ergonomic}
   size_t InitialHeapSize                          = 134217728                                 {product} {ergonomic}
   size_t MarkStackSize                            = 4194304                                   {product} {ergonomic}
   size_t MaxHeapSize                              = 2147483648                                {product} {command line}
   size_t MaxNewSize                               = 1287651328                                {product} {ergonomic}
   size_t MinHeapDeltaBytes                        = 1048576                                   {product} {ergonomic}
    uintx NonNMethodCodeHeapSize                   = 5836300                                {pd product} {ergonomic}
    uintx NonProfiledCodeHeapSize                  = 122910970                              {pd product} {ergonomic}
    uintx ProfiledCodeHeapSize                     = 122910970                              {pd product} {ergonomic}
    uintx ReservedCodeCacheSize                    = 251658240                              {pd product} {ergonomic}
     bool SegmentedCodeCache                       = true                                      {product} {ergonomic}
     bool UseCompressedClassPointers               = true                                 {lp64_product} {ergonomic}
     bool UseCompressedOops                        = true                                 {lp64_product} {ergonomic}
     bool UseG1GC                                  = true                                      {product} {ergonomic}
     bool UseLargePagesIndividualAllocation        = false                                  {pd product} {ergonomic}

Logging:
Log output configuration:
 #0: stdout all=warning uptime,level,tags
 #1: stderr all=off uptime,level,tags

Environment Variables:
PATH=C:\WINDOWS\system32;C:\WINDOWS;C:\WINDOWS\System32\Wbem;C:\WINDOWS\System32\WindowsPowerShell\v1.0\;C:\WINDOWS\System32\OpenSSH\;C:\Program Files\dotnet\;C:\Program Files\Git\cmd;C:\Program Files\nodejs\;C:\Users\JULIETH\AppData\Local\Microsoft\WindowsApps;C:\Users\JULIETH\AppData\Local\GitHubDesktop\bin;C:\Users\JULIETH\AppData\Local\Programs\Microsoft VS Code\bin;C:\Users\JULIETH\AppData\Roaming\npm
USERNAME=JULIETH
OS=Windows_NT
PROCESSOR_IDENTIFIER=AMD64 Family 21 Model 2 Stepping 0, AuthenticAMD



---------------  S Y S T E M  ---------------

OS: Windows 10 , 64 bit Build 19041 (10.0.19041.1889)
OS uptime: 2 days 4:39 hours

CPU:total 8 (initial active 8) (8 cores per cpu, 1 threads per core) family 21 model 2 stepping 0 microcode 0x0, cmov, cx8, fxsr, mmx, sse, sse2, sse3, ssse3, sse4.1, sse4.2, popcnt, avx, aes, clmul, mmxext, 3dnowpref, lzcnt, sse4a, tsc, tscinvbit, tscinv, bmi1, fma

Memory: 4k page, system-wide physical 8168M (1166M free)
TotalPageFile size 8184M (AvailPageFile size 5M)
current process WorkingSet (physical memory assigned to process): 493M, peak: 494M
current process commit charge ("private bytes"): 532M, peak: 532M

vm_info: OpenJDK 64-Bit Server VM (11.0.11+9-b60-7590822) for windows-amd64 JRE (11.0.11+9-b60-7590822), built on Jul 29 2021 21:43:44 by "builder" with MS VC++ 14.0 (VS2015)

END.
