#
# There is insufficient memory for the Java Runtime Environment to continue.
# Native memory allocation (malloc) failed to allocate 1048576 bytes for AllocateHeap
# Possible reasons:
#   The system is out of physical RAM or swap space
#   The process is running with CompressedOops enabled, and the Java Heap may be blocking the growth of the native heap
# Possible solutions:
#   Reduce memory load on the system
#   Increase physical memory or swap space
#   Check if swap backing store is full
#   Decrease Java heap size (-Xmx/-Xms)
#   Decrease number of Java threads
#   Decrease Java thread stack sizes (-Xss)
#   Set larger code cache with -XX:ReservedCodeCacheSize=
#   JVM is running with Unscaled Compressed Oops mode in which the Java heap is
#     placed in the first 4GB address space. The Java Heap base address is the
#     maximum limit for the native heap growth. Please use -XX:HeapBaseMinAddress
#     to set the Java Heap base and to place the Java Heap above 4GB virtual address.
# This output file may be truncated or incomplete.
#
#  Out of Memory Error (./src/hotspot/share/memory/allocation.cpp:46), pid=10580, tid=6828
#
# JRE version: OpenJDK Runtime Environment (11.0.11+9) (build 11.0.11+9-b60-7590822)
# Java VM: OpenJDK 64-Bit Server VM (11.0.11+9-b60-7590822, mixed mode, tiered, compressed oops, g1 gc, windows-amd64)
# No core dump will be written. Minidumps are not enabled by default on client versions of Windows
#

---------------  S U M M A R Y ------------

Command Line: org.jetbrains.kotlin.cli.jvm.K2JVMCompiler @C:\Users\JULIETH\AndroidStudioProjects\BlueTV\app\build\20220823_8694993317268224990.compiler.options

Host: AMD FX-8320E Eight-Core Processor              , 8 cores, 7G,  Windows 10 , 64 bit Build 19041 (10.0.19041.1889)
Time: Tue Aug 23 10:36:40 2022 Hora est. Pacífico, Sudamérica elapsed time: 0.397501 seconds (0d 0h 0m 0s)

---------------  T H R E A D  ---------------

Current thread (0x000002c27ba24800):  VMThread "VM Thread" [stack: 0x000000d543e00000,0x000000d543f00000] [id=6828]

Stack: [0x000000d543e00000,0x000000d543f00000]
[error occurred during error reporting (printing stack bounds), id 0xc0000005, EXCEPTION_ACCESS_VIOLATION (0xc0000005) at pc=0x000002c200000f2d]

Native frames: (J=compiled Java code, j=interpreted, Vv=VM code, C=native code)
V  [jvm.dll+0x5f214a]
V  [jvm.dll+0x726fb5]
V  [jvm.dll+0x7285cd]
V  [jvm.dll+0x728be5]
V  [jvm.dll+0x728b9b]
V  [jvm.dll+0x5f14e8]
V  [jvm.dll+0x5f1c78]
C  [ntdll.dll+0xa229f]
C  [ntdll.dll+0x51454]
C  [ntdll.dll+0xa0dce]
C  0x000002c200000f2d

VM_Operation (0x000000d5438fb9c0): CollectForMetadataAllocation, mode: safepoint, requested by thread 0x000002c26fe1a000


---------------  P R O C E S S  ---------------

Threads class SMR info:
_java_thread_list=0x000002c27c55d8f0, length=12, elements={
0x000002c26fe1a000, 0x000002c27ba47800, 0x000002c27ba52800, 0x000002c27ba67000,
0x000002c27ba68000, 0x000002c27ba6a000, 0x000002c27ba70800, 0x000002c27c3eb000,
0x000002c27ba7a800, 0x000002c27c55f800, 0x000002c27c55a800, 0x000002c27c58c000
}

Java Threads: ( => current thread )
  0x000002c26fe1a000 JavaThread "main" [_thread_blocked, id=7680, stack(0x000000d543800000,0x000000d543900000)]
  0x000002c27ba47800 JavaThread "Reference Handler" daemon [_thread_blocked, id=11484, stack(0x000000d543f00000,0x000000d544000000)]
  0x000002c27ba52800 JavaThread "Finalizer" daemon [_thread_blocked, id=6540, stack(0x000000d544000000,0x000000d544100000)]
  0x000002c27ba67000 JavaThread "Signal Dispatcher" daemon [_thread_blocked, id=1696, stack(0x000000d544100000,0x000000d544200000)]
  0x000002c27ba68000 JavaThread "Attach Listener" daemon [_thread_blocked, id=8096, stack(0x000000d544200000,0x000000d544300000)]
  0x000002c27ba6a000 JavaThread "Service Thread" daemon [_thread_blocked, id=5176, stack(0x000000d544300000,0x000000d544400000)]
  0x000002c27ba70800 JavaThread "C2 CompilerThread0" daemon [_thread_blocked, id=6704, stack(0x000000d544400000,0x000000d544500000)]
  0x000002c27c3eb000 JavaThread "C1 CompilerThread0" daemon [_thread_blocked, id=9408, stack(0x000000d544500000,0x000000d544600000)]
  0x000002c27ba7a800 JavaThread "Sweeper thread" daemon [_thread_blocked, id=852, stack(0x000000d544600000,0x000000d544700000)]
  0x000002c27c55f800 JavaThread "Common-Cleaner" daemon [_thread_blocked, id=2476, stack(0x000000d544800000,0x000000d544900000)]
  0x000002c27c55a800 JavaThread "C2 CompilerThread1" daemon [_thread_blocked, id=1028, stack(0x000000d544900000,0x000000d544a00000)]
  0x000002c27c58c000 JavaThread "C2 CompilerThread2" daemon [_thread_blocked, id=1960, stack(0x000000d544a00000,0x000000d544b00000)]

Other Threads:
=>0x000002c27ba24800 VMThread "VM Thread" [stack: 0x000000d543e00000,0x000000d543f00000] [id=6828]
  0x000002c27c55a000 WatcherThread [stack: 0x000000d544700000,0x000000d544800000] [id=5556]
  0x000002c26fe31800 GCTaskThread "GC Thread#0" [stack: 0x000000d543900000,0x000000d543a00000] [id=5224]
  0x000002c27c737000 GCTaskThread "GC Thread#1" [stack: 0x000000d544b00000,0x000000d544c00000] [id=2332]
  0x000002c27c74a800 GCTaskThread "GC Thread#2" [stack: 0x000000d544c00000,0x000000d544d00000] [id=1864]
  0x000002c26fe62800 ConcurrentGCThread "G1 Main Marker" [stack: 0x000000d543a00000,0x000000d543b00000] [id=1344]
  0x000002c26fe65000 ConcurrentGCThread "G1 Conc#0" [stack: 0x000000d543b00000,0x000000d543c00000] [id=6140]
  0x000002c27c643000 ConcurrentGCThread "G1 Conc#1" [stack: 0x000000d544d00000,0x000000d544e00000] [id=8740]
  0x000002c27b890800 ConcurrentGCThread "G1 Refine#0" [stack: 0x000000d543c00000,0x000000d543d00000] [id=11108]
  0x000002c27b891800 ConcurrentGCThread "G1 Young RemSet Sampling" [stack: 0x000000d543d00000,0x000000d543e00000] [id=2372]

Threads with active compile tasks:

VM state:at safepoint (normal execution)

VM Mutex/Monitor currently owned by a thread:  ([mutex/lock_event])
[0x000002c26fe0f180] Threads_lock - owner thread: 0x000002c27ba24800
[0x000002c26fe186e0] Heap_lock - owner thread: 0x000002c26fe1a000

Heap address: 0x0000000080400000, size: 2044 MB, Compressed Oops mode: 32-bit
Narrow klass base: 0x0000000000000000, Narrow klass shift: 3
Compressed class space size: 1073741824 Address: 0x0000000100000000

Heap:
 garbage-first heap   total 131072K, used 5737K [0x0000000080400000, 0x0000000100000000)
  region size 1024K, 2 young (2048K), 2 survivors (2048K)
 Metaspace       used 7206K, capacity 7247K, committed 7296K, reserved 1064960K
  class space    used 600K, capacity 628K, committed 640K, reserved 1048576K
Heap Regions: E=young(eden), S=young(survivor), O=old, HS=humongous(starts), HC=humongous(continues), CS=collection set, F=free, A=archive, TAMS=top-at-mark-start (previous, next)
|   0|0x0000000080400000, 0x0000000080500000, 0x0000000080500000|100%|HS|  |TAMS 0x0000000080400000, 0x0000000080500000| Complete 
|   1|0x0000000080500000, 0x0000000080600000, 0x0000000080600000|100%|HC|  |TAMS 0x0000000080500000, 0x0000000080600000| Complete 
|   2|0x0000000080600000, 0x0000000080700000, 0x0000000080700000|100%|HC|  |TAMS 0x0000000080600000, 0x0000000080700000| Complete 
|   3|0x0000000080700000, 0x0000000080800000, 0x0000000080800000|100%|HS|  |TAMS 0x0000000080700000, 0x0000000080800000| Complete 
|   4|0x0000000080800000, 0x0000000080800000, 0x0000000080900000|  0%| F|  |TAMS 0x0000000080800000, 0x0000000080800000| Untracked 
|   5|0x0000000080900000, 0x0000000080900000, 0x0000000080a00000|  0%| F|  |TAMS 0x0000000080900000, 0x0000000080900000| Untracked 
|   6|0x0000000080a00000, 0x0000000080a00000, 0x0000000080b00000|  0%| F|  |TAMS 0x0000000080a00000, 0x0000000080a00000| Untracked 
|   7|0x0000000080b00000, 0x0000000080b00000, 0x0000000080c00000|  0%| F|  |TAMS 0x0000000080b00000, 0x0000000080b00000| Untracked 
|   8|0x0000000080c00000, 0x0000000080c00000, 0x0000000080d00000|  0%| F|  |TAMS 0x0000000080c00000, 0x0000000080c00000| Untracked 
|   9|0x0000000080d00000, 0x0000000080d00000, 0x0000000080e00000|  0%| F|  |TAMS 0x0000000080d00000, 0x0000000080d00000| Untracked 
|  10|0x0000000080e00000, 0x0000000080e00000, 0x0000000080f00000|  0%| F|  |TAMS 0x0000000080e00000, 0x0000000080e00000| Untracked 
|  11|0x0000000080f00000, 0x0000000080f00000, 0x0000000081000000|  0%| F|  |TAMS 0x0000000080f00000, 0x0000000080f00000| Untracked 
|  12|0x0000000081000000, 0x0000000081000000, 0x0000000081100000|  0%| F|  |TAMS 0x0000000081000000, 0x0000000081000000| Untracked 
|  13|0x0000000081100000, 0x0000000081100000, 0x0000000081200000|  0%| F|  |TAMS 0x0000000081100000, 0x0000000081100000| Untracked 
|  14|0x0000000081200000, 0x0000000081200000, 0x0000000081300000|  0%| F|  |TAMS 0x0000000081200000, 0x0000000081200000| Untracked 
|  15|0x0000000081300000, 0x0000000081300000, 0x0000000081400000|  0%| F|  |TAMS 0x0000000081300000, 0x0000000081300000| Untracked 
|  16|0x0000000081400000, 0x0000000081400000, 0x0000000081500000|  0%| F|  |TAMS 0x0000000081400000, 0x0000000081400000| Untracked 
|  17|0x0000000081500000, 0x0000000081500000, 0x0000000081600000|  0%| F|  |TAMS 0x0000000081500000, 0x0000000081500000| Untracked 
|  18|0x0000000081600000, 0x0000000081600000, 0x0000000081700000|  0%| F|  |TAMS 0x0000000081600000, 0x0000000081600000| Untracked 
|  19|0x0000000081700000, 0x0000000081700000, 0x0000000081800000|  0%| F|  |TAMS 0x0000000081700000, 0x0000000081700000| Untracked 
|  20|0x0000000081800000, 0x0000000081800000, 0x0000000081900000|  0%| F|  |TAMS 0x0000000081800000, 0x0000000081800000| Untracked 
|  21|0x0000000081900000, 0x0000000081900000, 0x0000000081a00000|  0%| F|  |TAMS 0x0000000081900000, 0x0000000081900000| Untracked 
|  22|0x0000000081a00000, 0x0000000081a00000, 0x0000000081b00000|  0%| F|  |TAMS 0x0000000081a00000, 0x0000000081a00000| Untracked 
|  23|0x0000000081b00000, 0x0000000081b00000, 0x0000000081c00000|  0%| F|  |TAMS 0x0000000081b00000, 0x0000000081b00000| Untracked 
|  24|0x0000000081c00000, 0x0000000081c00000, 0x0000000081d00000|  0%| F|  |TAMS 0x0000000081c00000, 0x0000000081c00000| Untracked 
|  25|0x0000000081d00000, 0x0000000081d00000, 0x0000000081e00000|  0%| F|  |TAMS 0x0000000081d00000, 0x0000000081d00000| Untracked 
|  26|0x0000000081e00000, 0x0000000081e00000, 0x0000000081f00000|  0%| F|  |TAMS 0x0000000081e00000, 0x0000000081e00000| Untracked 
|  27|0x0000000081f00000, 0x0000000081f00000, 0x0000000082000000|  0%| F|  |TAMS 0x0000000081f00000, 0x0000000081f00000| Untracked 
|  28|0x0000000082000000, 0x0000000082000000, 0x0000000082100000|  0%| F|  |TAMS 0x0000000082000000, 0x0000000082000000| Untracked 
|  29|0x0000000082100000, 0x0000000082100000, 0x0000000082200000|  0%| F|  |TAMS 0x0000000082100000, 0x0000000082100000| Untracked 
|  30|0x0000000082200000, 0x0000000082200000, 0x0000000082300000|  0%| F|  |TAMS 0x0000000082200000, 0x0000000082200000| Untracked 
|  31|0x0000000082300000, 0x0000000082300000, 0x0000000082400000|  0%| F|  |TAMS 0x0000000082300000, 0x0000000082300000| Untracked 
|  32|0x0000000082400000, 0x0000000082400000, 0x0000000082500000|  0%| F|  |TAMS 0x0000000082400000, 0x0000000082400000| Untracked 
|  33|0x0000000082500000, 0x0000000082500000, 0x0000000082600000|  0%| F|  |TAMS 0x0000000082500000, 0x0000000082500000| Untracked 
|  34|0x0000000082600000, 0x0000000082600000, 0x0000000082700000|  0%| F|  |TAMS 0x0000000082600000, 0x0000000082600000| Untracked 
|  35|0x0000000082700000, 0x0000000082700000, 0x0000000082800000|  0%| F|  |TAMS 0x0000000082700000, 0x0000000082700000| Untracked 
|  36|0x0000000082800000, 0x0000000082800000, 0x0000000082900000|  0%| F|  |TAMS 0x0000000082800000, 0x0000000082800000| Untracked 
|  37|0x0000000082900000, 0x0000000082900000, 0x0000000082a00000|  0%| F|  |TAMS 0x0000000082900000, 0x0000000082900000| Untracked 
|  38|0x0000000082a00000, 0x0000000082a00000, 0x0000000082b00000|  0%| F|  |TAMS 0x0000000082a00000, 0x0000000082a00000| Untracked 
|  39|0x0000000082b00000, 0x0000000082b00000, 0x0000000082c00000|  0%| F|  |TAMS 0x0000000082b00000, 0x0000000082b00000| Untracked 
|  40|0x0000000082c00000, 0x0000000082c00000, 0x0000000082d00000|  0%| F|  |TAMS 0x0000000082c00000, 0x0000000082c00000| Untracked 
|  41|0x0000000082d00000, 0x0000000082d00000, 0x0000000082e00000|  0%| F|  |TAMS 0x0000000082d00000, 0x0000000082d00000| Untracked 
|  42|0x0000000082e00000, 0x0000000082e00000, 0x0000000082f00000|  0%| F|  |TAMS 0x0000000082e00000, 0x0000000082e00000| Untracked 
|  43|0x0000000082f00000, 0x0000000082f00000, 0x0000000083000000|  0%| F|  |TAMS 0x0000000082f00000, 0x0000000082f00000| Untracked 
|  44|0x0000000083000000, 0x0000000083000000, 0x0000000083100000|  0%| F|  |TAMS 0x0000000083000000, 0x0000000083000000| Untracked 
|  45|0x0000000083100000, 0x0000000083100000, 0x0000000083200000|  0%| F|  |TAMS 0x0000000083100000, 0x0000000083100000| Untracked 
|  46|0x0000000083200000, 0x0000000083200000, 0x0000000083300000|  0%| F|  |TAMS 0x0000000083200000, 0x0000000083200000| Untracked 
|  47|0x0000000083300000, 0x0000000083300000, 0x0000000083400000|  0%| F|  |TAMS 0x0000000083300000, 0x0000000083300000| Untracked 
|  48|0x0000000083400000, 0x0000000083400000, 0x0000000083500000|  0%| F|  |TAMS 0x0000000083400000, 0x0000000083400000| Untracked 
|  49|0x0000000083500000, 0x0000000083500000, 0x0000000083600000|  0%| F|  |TAMS 0x0000000083500000, 0x0000000083500000| Untracked 
|  50|0x0000000083600000, 0x0000000083600000, 0x0000000083700000|  0%| F|  |TAMS 0x0000000083600000, 0x0000000083600000| Untracked 
|  51|0x0000000083700000, 0x0000000083700000, 0x0000000083800000|  0%| F|  |TAMS 0x0000000083700000, 0x0000000083700000| Untracked 
|  52|0x0000000083800000, 0x0000000083800000, 0x0000000083900000|  0%| F|  |TAMS 0x0000000083800000, 0x0000000083800000| Untracked 
|  53|0x0000000083900000, 0x0000000083900000, 0x0000000083a00000|  0%| F|  |TAMS 0x0000000083900000, 0x0000000083900000| Untracked 
|  54|0x0000000083a00000, 0x0000000083a00000, 0x0000000083b00000|  0%| F|  |TAMS 0x0000000083a00000, 0x0000000083a00000| Untracked 
|  55|0x0000000083b00000, 0x0000000083b00000, 0x0000000083c00000|  0%| F|  |TAMS 0x0000000083b00000, 0x0000000083b00000| Untracked 
|  56|0x0000000083c00000, 0x0000000083c00000, 0x0000000083d00000|  0%| F|  |TAMS 0x0000000083c00000, 0x0000000083c00000| Untracked 
|  57|0x0000000083d00000, 0x0000000083d00000, 0x0000000083e00000|  0%| F|  |TAMS 0x0000000083d00000, 0x0000000083d00000| Untracked 
|  58|0x0000000083e00000, 0x0000000083e00000, 0x0000000083f00000|  0%| F|  |TAMS 0x0000000083e00000, 0x0000000083e00000| Untracked 
|  59|0x0000000083f00000, 0x0000000083f00000, 0x0000000084000000|  0%| F|  |TAMS 0x0000000083f00000, 0x0000000083f00000| Untracked 
|  60|0x0000000084000000, 0x0000000084000000, 0x0000000084100000|  0%| F|  |TAMS 0x0000000084000000, 0x0000000084000000| Untracked 
|  61|0x0000000084100000, 0x0000000084100000, 0x0000000084200000|  0%| F|  |TAMS 0x0000000084100000, 0x0000000084100000| Untracked 
|  62|0x0000000084200000, 0x0000000084200000, 0x0000000084300000|  0%| F|  |TAMS 0x0000000084200000, 0x0000000084200000| Untracked 
|  63|0x0000000084300000, 0x0000000084300000, 0x0000000084400000|  0%| F|  |TAMS 0x0000000084300000, 0x0000000084300000| Untracked 
|  64|0x0000000084400000, 0x0000000084400000, 0x0000000084500000|  0%| F|  |TAMS 0x0000000084400000, 0x0000000084400000| Untracked 
|  65|0x0000000084500000, 0x0000000084500000, 0x0000000084600000|  0%| F|  |TAMS 0x0000000084500000, 0x0000000084500000| Untracked 
|  66|0x0000000084600000, 0x0000000084600000, 0x0000000084700000|  0%| F|  |TAMS 0x0000000084600000, 0x0000000084600000| Untracked 
|  67|0x0000000084700000, 0x0000000084700000, 0x0000000084800000|  0%| F|  |TAMS 0x0000000084700000, 0x0000000084700000| Untracked 
|  68|0x0000000084800000, 0x0000000084800000, 0x0000000084900000|  0%| F|  |TAMS 0x0000000084800000, 0x0000000084800000| Untracked 
|  69|0x0000000084900000, 0x0000000084900000, 0x0000000084a00000|  0%| F|  |TAMS 0x0000000084900000, 0x0000000084900000| Untracked 
|  70|0x0000000084a00000, 0x0000000084a00000, 0x0000000084b00000|  0%| F|  |TAMS 0x0000000084a00000, 0x0000000084a00000| Untracked 
|  71|0x0000000084b00000, 0x0000000084b00000, 0x0000000084c00000|  0%| F|  |TAMS 0x0000000084b00000, 0x0000000084b00000| Untracked 
|  72|0x0000000084c00000, 0x0000000084c00000, 0x0000000084d00000|  0%| F|  |TAMS 0x0000000084c00000, 0x0000000084c00000| Untracked 
|  73|0x0000000084d00000, 0x0000000084d00000, 0x0000000084e00000|  0%| F|  |TAMS 0x0000000084d00000, 0x0000000084d00000| Untracked 
|  74|0x0000000084e00000, 0x0000000084e00000, 0x0000000084f00000|  0%| F|  |TAMS 0x0000000084e00000, 0x0000000084e00000| Untracked 
|  75|0x0000000084f00000, 0x0000000084f00000, 0x0000000085000000|  0%| F|  |TAMS 0x0000000084f00000, 0x0000000084f00000| Untracked 
|  76|0x0000000085000000, 0x0000000085000000, 0x0000000085100000|  0%| F|  |TAMS 0x0000000085000000, 0x0000000085000000| Untracked 
|  77|0x0000000085100000, 0x0000000085100000, 0x0000000085200000|  0%| F|  |TAMS 0x0000000085100000, 0x0000000085100000| Untracked 
|  78|0x0000000085200000, 0x0000000085200000, 0x0000000085300000|  0%| F|  |TAMS 0x0000000085200000, 0x0000000085200000| Untracked 
|  79|0x0000000085300000, 0x0000000085300000, 0x0000000085400000|  0%| F|  |TAMS 0x0000000085300000, 0x0000000085300000| Untracked 
|  80|0x0000000085400000, 0x0000000085400000, 0x0000000085500000|  0%| F|  |TAMS 0x0000000085400000, 0x0000000085400000| Untracked 
|  81|0x0000000085500000, 0x0000000085500000, 0x0000000085600000|  0%| F|  |TAMS 0x0000000085500000, 0x0000000085500000| Untracked 
|  82|0x0000000085600000, 0x0000000085600000, 0x0000000085700000|  0%| F|  |TAMS 0x0000000085600000, 0x0000000085600000| Untracked 
|  83|0x0000000085700000, 0x0000000085700000, 0x0000000085800000|  0%| F|  |TAMS 0x0000000085700000, 0x0000000085700000| Untracked 
|  84|0x0000000085800000, 0x0000000085800000, 0x0000000085900000|  0%| F|  |TAMS 0x0000000085800000, 0x0000000085800000| Untracked 
|  85|0x0000000085900000, 0x0000000085900000, 0x0000000085a00000|  0%| F|  |TAMS 0x0000000085900000, 0x0000000085900000| Untracked 
|  86|0x0000000085a00000, 0x0000000085a00000, 0x0000000085b00000|  0%| F|  |TAMS 0x0000000085a00000, 0x0000000085a00000| Untracked 
|  87|0x0000000085b00000, 0x0000000085b00000, 0x0000000085c00000|  0%| F|  |TAMS 0x0000000085b00000, 0x0000000085b00000| Untracked 
|  88|0x0000000085c00000, 0x0000000085c00000, 0x0000000085d00000|  0%| F|  |TAMS 0x0000000085c00000, 0x0000000085c00000| Untracked 
|  89|0x0000000085d00000, 0x0000000085d00000, 0x0000000085e00000|  0%| F|  |TAMS 0x0000000085d00000, 0x0000000085d00000| Untracked 
|  90|0x0000000085e00000, 0x0000000085e00000, 0x0000000085f00000|  0%| F|  |TAMS 0x0000000085e00000, 0x0000000085e00000| Untracked 
|  91|0x0000000085f00000, 0x0000000085f00000, 0x0000000086000000|  0%| F|  |TAMS 0x0000000085f00000, 0x0000000085f00000| Untracked 
|  92|0x0000000086000000, 0x0000000086000000, 0x0000000086100000|  0%| F|  |TAMS 0x0000000086000000, 0x0000000086000000| Untracked 
|  93|0x0000000086100000, 0x0000000086100000, 0x0000000086200000|  0%| F|  |TAMS 0x0000000086100000, 0x0000000086100000| Untracked 
|  94|0x0000000086200000, 0x0000000086200000, 0x0000000086300000|  0%| F|  |TAMS 0x0000000086200000, 0x0000000086200000| Untracked 
|  95|0x0000000086300000, 0x0000000086300000, 0x0000000086400000|  0%| F|  |TAMS 0x0000000086300000, 0x0000000086300000| Untracked 
|  96|0x0000000086400000, 0x0000000086400000, 0x0000000086500000|  0%| F|  |TAMS 0x0000000086400000, 0x0000000086400000| Untracked 
|  97|0x0000000086500000, 0x0000000086500000, 0x0000000086600000|  0%| F|  |TAMS 0x0000000086500000, 0x0000000086500000| Untracked 
|  98|0x0000000086600000, 0x0000000086600000, 0x0000000086700000|  0%| F|  |TAMS 0x0000000086600000, 0x0000000086600000| Untracked 
|  99|0x0000000086700000, 0x0000000086700000, 0x0000000086800000|  0%| F|  |TAMS 0x0000000086700000, 0x0000000086700000| Untracked 
| 100|0x0000000086800000, 0x0000000086800000, 0x0000000086900000|  0%| F|  |TAMS 0x0000000086800000, 0x0000000086800000| Untracked 
| 101|0x0000000086900000, 0x0000000086900000, 0x0000000086a00000|  0%| F|  |TAMS 0x0000000086900000, 0x0000000086900000| Untracked 
| 102|0x0000000086a00000, 0x0000000086a00000, 0x0000000086b00000|  0%| F|  |TAMS 0x0000000086a00000, 0x0000000086a00000| Untracked 
| 103|0x0000000086b00000, 0x0000000086b00000, 0x0000000086c00000|  0%| F|  |TAMS 0x0000000086b00000, 0x0000000086b00000| Untracked 
| 104|0x0000000086c00000, 0x0000000086c00000, 0x0000000086d00000|  0%| F|  |TAMS 0x0000000086c00000, 0x0000000086c00000| Untracked 
| 105|0x0000000086d00000, 0x0000000086d00000, 0x0000000086e00000|  0%| F|  |TAMS 0x0000000086d00000, 0x0000000086d00000| Untracked 
| 106|0x0000000086e00000, 0x0000000086e00000, 0x0000000086f00000|  0%| F|  |TAMS 0x0000000086e00000, 0x0000000086e00000| Untracked 
| 107|0x0000000086f00000, 0x0000000086f00000, 0x0000000087000000|  0%| F|  |TAMS 0x0000000086f00000, 0x0000000086f00000| Untracked 
| 108|0x0000000087000000, 0x0000000087000000, 0x0000000087100000|  0%| F|  |TAMS 0x0000000087000000, 0x0000000087000000| Untracked 
| 109|0x0000000087100000, 0x0000000087100000, 0x0000000087200000|  0%| F|  |TAMS 0x0000000087100000, 0x0000000087100000| Untracked 
| 110|0x0000000087200000, 0x0000000087200000, 0x0000000087300000|  0%| F|  |TAMS 0x0000000087200000, 0x0000000087200000| Untracked 
| 111|0x0000000087300000, 0x0000000087300000, 0x0000000087400000|  0%| F|  |TAMS 0x0000000087300000, 0x0000000087300000| Untracked 
| 112|0x0000000087400000, 0x0000000087400000, 0x0000000087500000|  0%| F|  |TAMS 0x0000000087400000, 0x0000000087400000| Untracked 
| 113|0x0000000087500000, 0x0000000087500000, 0x0000000087600000|  0%| F|  |TAMS 0x0000000087500000, 0x0000000087500000| Untracked 
| 114|0x0000000087600000, 0x0000000087600000, 0x0000000087700000|  0%| F|  |TAMS 0x0000000087600000, 0x0000000087600000| Untracked 
| 115|0x0000000087700000, 0x0000000087700000, 0x0000000087800000|  0%| F|  |TAMS 0x0000000087700000, 0x0000000087700000| Untracked 
| 116|0x0000000087800000, 0x0000000087800000, 0x0000000087900000|  0%| F|  |TAMS 0x0000000087800000, 0x0000000087800000| Untracked 
| 117|0x0000000087900000, 0x0000000087900000, 0x0000000087a00000|  0%| F|  |TAMS 0x0000000087900000, 0x0000000087900000| Untracked 
| 118|0x0000000087a00000, 0x0000000087a9a520, 0x0000000087b00000| 60%| S|CS|TAMS 0x0000000087a00000, 0x0000000087a00000| Complete 
| 119|0x0000000087b00000, 0x0000000087c00000, 0x0000000087c00000|100%| S|CS|TAMS 0x0000000087b00000, 0x0000000087b00000| Complete 
| 120|0x0000000087c00000, 0x0000000087c00000, 0x0000000087d00000|  0%| F|  |TAMS 0x0000000087c00000, 0x0000000087c00000| Untracked 
| 121|0x0000000087d00000, 0x0000000087d00000, 0x0000000087e00000|  0%| F|  |TAMS 0x0000000087d00000, 0x0000000087d00000| Untracked 
| 122|0x0000000087e00000, 0x0000000087e00000, 0x0000000087f00000|  0%| F|  |TAMS 0x0000000087e00000, 0x0000000087e00000| Untracked 
| 123|0x0000000087f00000, 0x0000000087f00000, 0x0000000088000000|  0%| F|  |TAMS 0x0000000087f00000, 0x0000000087f00000| Untracked 
| 124|0x0000000088000000, 0x0000000088000000, 0x0000000088100000|  0%| F|  |TAMS 0x0000000088000000, 0x0000000088000000| Untracked 
| 125|0x0000000088100000, 0x0000000088100000, 0x0000000088200000|  0%| F|  |TAMS 0x0000000088100000, 0x0000000088100000| Untracked 
| 126|0x0000000088200000, 0x0000000088200000, 0x0000000088300000|  0%| F|  |TAMS 0x0000000088200000, 0x0000000088200000| Untracked 
| 127|0x0000000088300000, 0x0000000088300000, 0x0000000088400000|  0%| F|  |TAMS 0x0000000088300000, 0x0000000088300000| Untracked 

Card table byte_map: [0x000002c274790000,0x000002c274b90000] _byte_map_base: 0x000002c27438e000

Marking Bits (Prev, Next): (CMBitMap*) 0x000002c26fe59ab8, (CMBitMap*) 0x000002c26fe59af0
 Prev Bits: [0x000002c274f90000, 0x000002c276f80000)
 Next Bits: [0x000002c276f80000, 0x000002c278f70000)

Polling page: 0x000002c26e430000

Metaspace:

Usage:
  Non-class:      6.46 MB capacity,     6.45 MB (>99%) used,    10.09 KB ( <1%) free+waste,     3.25 KB ( <1%) overhead. 
      Class:    628.00 KB capacity,   600.81 KB ( 96%) used,    25.94 KB (  4%) free+waste,     1.25 KB ( <1%) overhead. 
       Both:      7.08 MB capacity,     7.04 MB (>99%) used,    36.02 KB ( <1%) free+waste,     4.50 KB ( <1%) overhead. 

Virtual space:
  Non-class space:       16.00 MB reserved,       6.50 MB ( 41%) committed 
      Class space:        1.00 GB reserved,     640.00 KB ( <1%) committed 
             Both:        1.02 GB reserved,       7.13 MB ( <1%) committed 

Chunk freelists:
   Non-Class:  37.00 KB
       Class:  12.00 KB
        Both:  49.00 KB

MaxMetaspaceSize: 17179869184.00 GB
CompressedClassSpaceSize: 1.00 GB

CodeHeap 'non-profiled nmethods': size=120000Kb used=87Kb max_used=87Kb free=119912Kb
 bounds [0x000002c207ad0000, 0x000002c207d40000, 0x000002c20f000000]
CodeHeap 'profiled nmethods': size=120000Kb used=391Kb max_used=391Kb free=119608Kb
 bounds [0x000002c2005a0000, 0x000002c200810000, 0x000002c207ad0000]
CodeHeap 'non-nmethods': size=5760Kb used=1053Kb max_used=1065Kb free=4706Kb
 bounds [0x000002c200000000, 0x000002c200270000, 0x000002c2005a0000]
 total_blobs=650 nmethods=305 adapters=258
 compilation: enabled
              stopped_count=0, restarted_count=0
 full_count=0

Compilation events (20 events):
Event: 0.364 Thread 0x000002c27c3eb000  292       1       kotlin.jvm.internal.CallableReference::getBoundReceiver (5 bytes)
Event: 0.364 Thread 0x000002c27c3eb000 nmethod 292 0x000002c207ae4210 code [0x000002c207ae43c0, 0x000002c207ae4478]
Event: 0.365 Thread 0x000002c27c3eb000  293   !   3       java.util.jar.JarFile::isMultiRelease (33 bytes)
Event: 0.365 Thread 0x000002c27c3eb000 nmethod 293 0x000002c2005fe890 code [0x000002c2005fea60, 0x000002c2005fec48]
Event: 0.365 Thread 0x000002c27c3eb000  294       3       java.lang.ref.WeakReference::<init> (7 bytes)
Event: 0.366 Thread 0x000002c27c3eb000 nmethod 294 0x000002c2005fed10 code [0x000002c2005feee0, 0x000002c2005ff1b8]
Event: 0.371 Thread 0x000002c27ba70800  296       4       java.lang.StringCoding::hasNegatives (25 bytes)
Event: 0.373 Thread 0x000002c27c3eb000  298       3       java.lang.String::equalsIgnoreCase (45 bytes)
Event: 0.373 Thread 0x000002c27c3eb000 nmethod 298 0x000002c2005ff290 code [0x000002c2005ff4a0, 0x000002c2005ff9e8]
Event: 0.374 Thread 0x000002c27ba70800 nmethod 296 0x000002c207ae5310 code [0x000002c207ae54a0, 0x000002c207ae5658]
Event: 0.378 Thread 0x000002c27c3eb000  300       3       java.util.ArrayDeque::inc (12 bytes)
Event: 0.378 Thread 0x000002c27c3eb000 nmethod 300 0x000002c2005ffc10 code [0x000002c2005ffdc0, 0x000002c2005ffed8]
Event: 0.378 Thread 0x000002c27c3eb000  302       3       java.lang.StringLatin1::toLowerCase (180 bytes)
Event: 0.379 Thread 0x000002c27c3eb000 nmethod 302 0x000002c2005fff90 code [0x000002c200600240, 0x000002c200600f38]
Event: 0.379 Thread 0x000002c27c3eb000  301       3       java.lang.String::toLowerCase (29 bytes)
Event: 0.380 Thread 0x000002c27c3eb000 nmethod 301 0x000002c200601410 code [0x000002c2006015e0, 0x000002c200601878]
Event: 0.382 Thread 0x000002c27c58c000  303       4       java.lang.String::length (11 bytes)
Event: 0.382 Thread 0x000002c27c3eb000  304       3       java.util.TreeMap::parentOf (13 bytes)
Event: 0.382 Thread 0x000002c27c3eb000 nmethod 304 0x000002c200601990 code [0x000002c200601b40, 0x000002c200601c98]
Event: 0.382 Thread 0x000002c27c58c000 nmethod 303 0x000002c207ae5790 code [0x000002c207ae5920, 0x000002c207ae5998]

GC Heap History (2 events):
Event: 0.391 GC heap before
{Heap before GC invocations=0 (full 0):
 garbage-first heap   total 131072K, used 10240K [0x0000000080400000, 0x0000000100000000)
  region size 1024K, 8 young (8192K), 0 survivors (0K)
 Metaspace       used 7206K, capacity 7247K, committed 7296K, reserved 1062912K
  class space    used 600K, capacity 628K, committed 640K, reserved 1048576K
}
Event: 0.394 GC heap after
{Heap after GC invocations=1 (full 0):
 garbage-first heap   total 131072K, used 5737K [0x0000000080400000, 0x0000000100000000)
  region size 1024K, 2 young (2048K), 2 survivors (2048K)
 Metaspace       used 7206K, capacity 7247K, committed 7296K, reserved 1062912K
  class space    used 600K, capacity 628K, committed 640K, reserved 1048576K
}

Deoptimization events (20 events):
Event: 0.208 Thread 0x000002c26fe1a000 DEOPT PACKING pc=0x000002c2005c130e sp=0x000000d5438fae30
Event: 0.208 Thread 0x000002c26fe1a000 DEOPT UNPACKING pc=0x000002c200026dde sp=0x000000d5438fa2d0 mode 0
Event: 0.208 Thread 0x000002c26fe1a000 DEOPT PACKING pc=0x000002c2005c130e sp=0x000000d5438fae30
Event: 0.208 Thread 0x000002c26fe1a000 DEOPT UNPACKING pc=0x000002c200026dde sp=0x000000d5438fa2d0 mode 0
Event: 0.208 Thread 0x000002c26fe1a000 DEOPT PACKING pc=0x000002c2005c130e sp=0x000000d5438fae30
Event: 0.208 Thread 0x000002c26fe1a000 DEOPT UNPACKING pc=0x000002c200026dde sp=0x000000d5438fa2d0 mode 0
Event: 0.208 Thread 0x000002c26fe1a000 DEOPT PACKING pc=0x000002c2005c130e sp=0x000000d5438fae30
Event: 0.208 Thread 0x000002c26fe1a000 DEOPT UNPACKING pc=0x000002c200026dde sp=0x000000d5438fa2d0 mode 0
Event: 0.208 Thread 0x000002c26fe1a000 DEOPT PACKING pc=0x000002c2005c130e sp=0x000000d5438fae30
Event: 0.208 Thread 0x000002c26fe1a000 DEOPT UNPACKING pc=0x000002c200026dde sp=0x000000d5438fa2d0 mode 0
Event: 0.208 Thread 0x000002c26fe1a000 DEOPT PACKING pc=0x000002c2005c130e sp=0x000000d5438fae30
Event: 0.208 Thread 0x000002c26fe1a000 DEOPT UNPACKING pc=0x000002c200026dde sp=0x000000d5438fa2d0 mode 0
Event: 0.209 Thread 0x000002c26fe1a000 DEOPT PACKING pc=0x000002c2005c130e sp=0x000000d5438fae30
Event: 0.209 Thread 0x000002c26fe1a000 DEOPT UNPACKING pc=0x000002c200026dde sp=0x000000d5438fa2d0 mode 0
Event: 0.209 Thread 0x000002c26fe1a000 DEOPT PACKING pc=0x000002c2005c130e sp=0x000000d5438fae30
Event: 0.209 Thread 0x000002c26fe1a000 DEOPT UNPACKING pc=0x000002c200026dde sp=0x000000d5438fa2d0 mode 0
Event: 0.358 Thread 0x000002c26fe1a000 DEOPT PACKING pc=0x000002c2005e1f22 sp=0x000000d5438fcf90
Event: 0.358 Thread 0x000002c26fe1a000 DEOPT UNPACKING pc=0x000002c200026dde sp=0x000000d5438fc3f8 mode 0
Event: 0.371 Thread 0x000002c26fe1a000 DEOPT PACKING pc=0x000002c2005c82d0 sp=0x000000d5438efcf0
Event: 0.371 Thread 0x000002c26fe1a000 DEOPT UNPACKING pc=0x000002c200026dde sp=0x000000d5438ef178 mode 0

Classes redefined (0 events):
No events

Internal exceptions (0 events):
No events

Events (20 events):
Event: 0.380 loading class java/lang/ProcessEnvironment$EntryComparator done
Event: 0.380 loading class java/util/TreeMap
Event: 0.380 loading class java/util/NavigableMap
Event: 0.380 loading class java/util/SortedMap
Event: 0.380 loading class java/util/SortedMap done
Event: 0.381 loading class java/util/NavigableMap done
Event: 0.381 loading class java/util/TreeMap done
Event: 0.381 loading class java/lang/ProcessEnvironment$CheckedEntrySet
Event: 0.381 loading class java/lang/ProcessEnvironment$CheckedEntrySet done
Event: 0.381 loading class java/lang/ProcessEnvironment$CheckedEntrySet$1
Event: 0.381 loading class java/lang/ProcessEnvironment$CheckedEntrySet$1 done
Event: 0.381 loading class java/lang/ProcessEnvironment$CheckedEntry
Event: 0.381 loading class java/lang/ProcessEnvironment$CheckedEntry done
Event: 0.381 loading class java/util/TreeMap$Entry
Event: 0.382 loading class java/util/TreeMap$Entry done
Event: 0.382 loading class kotlin/collections/ArraysKt
Event: 0.382 loading class kotlin/collections/ArraysKt done
Event: 0.382 loading class kotlin/collections/ArraysKt___ArraysKt
Event: 0.382 loading class kotlin/collections/ArraysKt___ArraysKt done
Event: 0.391 Executing VM operation: CollectForMetadataAllocation


Dynamic libraries:
0x00007ff6477a0000 - 0x00007ff6477aa000 	C:\Program Files\Android\Android Studio\jre\bin\java.exe
0x00007ffa8a0d0000 - 0x00007ffa8a2c8000 	C:\WINDOWS\SYSTEM32\ntdll.dll
0x00007ffa89550000 - 0x00007ffa8960d000 	C:\WINDOWS\System32\KERNEL32.DLL
0x00007ffa87de0000 - 0x00007ffa880ae000 	C:\WINDOWS\System32\KERNELBASE.dll
0x00007ffa87ae0000 - 0x00007ffa87be0000 	C:\WINDOWS\System32\ucrtbase.dll
0x00007ffa711c0000 - 0x00007ffa711d7000 	C:\Program Files\Android\Android Studio\jre\bin\VCRUNTIME140.dll
0x00007ffa71590000 - 0x00007ffa715a9000 	C:\Program Files\Android\Android Studio\jre\bin\jli.dll
0x00007ffa89b70000 - 0x00007ffa89d10000 	C:\WINDOWS\System32\USER32.dll
0x00007ffa87ab0000 - 0x00007ffa87ad2000 	C:\WINDOWS\System32\win32u.dll
0x00007ffa72560000 - 0x00007ffa727fa000 	C:\WINDOWS\WinSxS\amd64_microsoft.windows.common-controls_6595b64144ccf1df_6.0.19041.1110_none_60b5254171f9507e\COMCTL32.dll
0x00007ffa89f30000 - 0x00007ffa89f5a000 	C:\WINDOWS\System32\GDI32.dll
0x00007ffa88a80000 - 0x00007ffa88b1e000 	C:\WINDOWS\System32\msvcrt.dll
0x00007ffa878a0000 - 0x00007ffa879ab000 	C:\WINDOWS\System32\gdi32full.dll
0x00007ffa87d40000 - 0x00007ffa87ddd000 	C:\WINDOWS\System32\msvcp_win.dll
0x00007ffa884a0000 - 0x00007ffa884d0000 	C:\WINDOWS\System32\IMM32.DLL
0x00007ffa6fef0000 - 0x00007ffa6ff8d000 	C:\Program Files\Android\Android Studio\jre\bin\msvcp140.dll
0x00007ffa66cf0000 - 0x00007ffa677c5000 	C:\Program Files\Android\Android Studio\jre\bin\server\jvm.dll
0x00007ffa89d10000 - 0x00007ffa89dbe000 	C:\WINDOWS\System32\ADVAPI32.dll
0x00007ffa896c0000 - 0x00007ffa8975c000 	C:\WINDOWS\System32\sechost.dll
0x00007ffa88950000 - 0x00007ffa88a75000 	C:\WINDOWS\System32\RPCRT4.dll
0x00007ffa89ea0000 - 0x00007ffa89ea8000 	C:\WINDOWS\System32\PSAPI.DLL
0x00007ffa70ee0000 - 0x00007ffa70ee9000 	C:\WINDOWS\SYSTEM32\WSOCK32.dll
0x00007ffa7c170000 - 0x00007ffa7c197000 	C:\WINDOWS\SYSTEM32\WINMM.dll
0x00007ffa81dc0000 - 0x00007ffa81dca000 	C:\WINDOWS\SYSTEM32\VERSION.dll
0x00007ffa899d0000 - 0x00007ffa89a3b000 	C:\WINDOWS\System32\WS2_32.dll
0x00007ffa85710000 - 0x00007ffa85722000 	C:\WINDOWS\SYSTEM32\kernel.appcore.dll
0x00007ffa66cd0000 - 0x00007ffa66ce1000 	C:\Program Files\Android\Android Studio\jre\bin\verify.dll
0x00007ffa72d00000 - 0x00007ffa72ee4000 	C:\WINDOWS\SYSTEM32\DBGHELP.DLL
0x00007ffa72be0000 - 0x00007ffa72c0c000 	C:\WINDOWS\SYSTEM32\dbgcore.DLL
0x00007ffa87a20000 - 0x00007ffa87aa2000 	C:\WINDOWS\System32\bcryptPrimitives.dll
0x00007ffa66ca0000 - 0x00007ffa66cc9000 	C:\Program Files\Android\Android Studio\jre\bin\java.dll
0x00007ffa704d0000 - 0x00007ffa704db000 	C:\Program Files\Android\Android Studio\jre\bin\jimage.dll
0x00007ffa66c80000 - 0x00007ffa66c98000 	C:\Program Files\Android\Android Studio\jre\bin\zip.dll
0x00007ffa88d50000 - 0x00007ffa89494000 	C:\WINDOWS\System32\SHELL32.dll
0x00007ffa85910000 - 0x00007ffa860a4000 	C:\WINDOWS\SYSTEM32\windows.storage.dll
0x00007ffa88140000 - 0x00007ffa88494000 	C:\WINDOWS\System32\combase.dll
0x00007ffa87180000 - 0x00007ffa871b0000 	C:\WINDOWS\SYSTEM32\Wldp.dll
0x00007ffa894a0000 - 0x00007ffa8954d000 	C:\WINDOWS\System32\SHCORE.dll
0x00007ffa89a40000 - 0x00007ffa89a95000 	C:\WINDOWS\System32\shlwapi.dll
0x00007ffa87730000 - 0x00007ffa8774f000 	C:\WINDOWS\SYSTEM32\profapi.dll
0x00007ffa66c60000 - 0x00007ffa66c7a000 	C:\Program Files\Android\Android Studio\jre\bin\net.dll
0x00007ffa813a0000 - 0x00007ffa814aa000 	C:\WINDOWS\SYSTEM32\WINHTTP.dll
0x00007ffa86ee0000 - 0x00007ffa86f4a000 	C:\WINDOWS\system32\mswsock.dll
0x00007ffa66c40000 - 0x00007ffa66c54000 	C:\Program Files\Android\Android Studio\jre\bin\nio.dll

dbghelp: loaded successfully - version: 4.0.5 - missing functions: none
symbol engine: initialized successfully - sym options: 0x614 - pdb path: .;C:\Program Files\Android\Android Studio\jre\bin;C:\WINDOWS\SYSTEM32;C:\WINDOWS\WinSxS\amd64_microsoft.windows.common-controls_6595b64144ccf1df_6.0.19041.1110_none_60b5254171f9507e;C:\Program Files\Android\Android Studio\jre\bin\server

VM Arguments:
java_command: org.jetbrains.kotlin.cli.jvm.K2JVMCompiler @C:\Users\JULIETH\AndroidStudioProjects\BlueTV\app\build\20220823_8694993317268224990.compiler.options
java_class_path (initial): C:\Users\JULIETH\.gradle\caches\modules-2\files-2.1\org.jetbrains.kotlin\kotlin-compiler-embeddable\1.6.10\88f2073f4020cdb83132cfe940ceb9a60aba54ea\kotlin-compiler-embeddable-1.6.10.jar;C:\Users\JULIETH\.gradle\caches\modules-2\files-2.1\org.jetbrains.kotlin\kotlin-reflect\1.6.10\1cbe9c92c12a94eea200d23c2bbaedaf3daf5132\kotlin-reflect-1.6.10.jar;C:\Users\JULIETH\.gradle\caches\modules-2\files-2.1\org.jetbrains.kotlin\kotlin-stdlib\1.6.10\b8af3fe6f1ca88526914929add63cf5e7c5049af\kotlin-stdlib-1.6.10.jar;C:\Users\JULIETH\.gradle\caches\modules-2\files-2.1\org.jetbrains.kotlin\kotlin-script-runtime\1.6.10\d0a7ff2e2500ef497ed0214ae40ad3c8387a6164\kotlin-script-runtime-1.6.10.jar;C:\Users\JULIETH\.gradle\caches\modules-2\files-2.1\org.jetbrains.kotlin\kotlin-daemon-embeddable\1.6.10\a56d79bcbea411fa6058e4ecffc2de73e742bd2a\kotlin-daemon-embeddable-1.6.10.jar;C:\Users\JULIETH\.gradle\caches\modules-2\files-2.1\org.jetbrains.intellij.deps\trove4j\1.0.20181211\216c2e14b070f334479d800987affe4054cd563f\trove4j-1.0.20181211.jar;C:\Users\JULIETH\.gradle\caches\modules-2\files-2.1\net.java.dev.jna\jna\5.6.0\330f2244e9030119ab3030fc3fededc86713d9cc\jna-5.6.0.jar;C:\Users\JULIETH\.gradle\caches\modules-2\files-2.1\org.jetbrains\annotations\13.0\919f0dfe192fb4e063e7dacadee7f8bb9a2672a9\annotations-13.0.jar;C:\Users\JULIETH\.gradle\caches\modules-2\files-2.1\org.jetbrains.kotlin\kotlin-stdlib-common\1.6.10\c118700e3a33c8a0d9adc920e9dec0831171925\kotlin-stdlib-common-1.6.10.jar
Launcher Type: SUN_STANDARD

[Global flags]
     intx CICompilerCount                          = 4                                         {product} {ergonomic}
     uint ConcGCThreads                            = 2                                         {product} {ergonomic}
     uint G1ConcRefinementThreads                  = 8                                         {product} {ergonomic}
   size_t G1HeapRegionSize                         = 1048576                                   {product} {ergonomic}
    uintx GCDrainStackTargetSize                   = 64                                        {product} {ergonomic}
   size_t InitialHeapSize                          = 134217728                                 {product} {ergonomic}
   size_t MarkStackSize                            = 4194304                                   {product} {ergonomic}
   size_t MaxHeapSize                              = 2143289344                                {product} {ergonomic}
   size_t MaxNewSize                               = 1285554176                                {product} {ergonomic}
   size_t MinHeapDeltaBytes                        = 1048576                                   {product} {ergonomic}
    uintx NonNMethodCodeHeapSize                   = 5836300                                {pd product} {ergonomic}
    uintx NonProfiledCodeHeapSize                  = 122910970                              {pd product} {ergonomic}
    uintx ProfiledCodeHeapSize                     = 122910970                              {pd product} {ergonomic}
    uintx ReservedCodeCacheSize                    = 251658240                              {pd product} {ergonomic}
     bool SegmentedCodeCache                       = true                                      {product} {ergonomic}
     bool UseCompressedClassPointers               = true                                 {lp64_product} {ergonomic}
     bool UseCompressedOops                        = true                                 {lp64_product} {ergonomic}
     bool UseG1GC                                  = true                                      {product} {ergonomic}
     bool UseLargePagesIndividualAllocation        = false                                  {pd product} {ergonomic}

Logging:
Log output configuration:
 #0: stdout all=warning uptime,level,tags
 #1: stderr all=off uptime,level,tags

Environment Variables:
PATH=C:\WINDOWS\system32;C:\WINDOWS;C:\WINDOWS\System32\Wbem;C:\WINDOWS\System32\WindowsPowerShell\v1.0\;C:\WINDOWS\System32\OpenSSH\;C:\Program Files\dotnet\;C:\Program Files\Git\cmd;C:\Program Files\nodejs\;C:\Users\JULIETH\AppData\Local\Microsoft\WindowsApps;C:\Users\JULIETH\AppData\Local\GitHubDesktop\bin;C:\Users\JULIETH\AppData\Local\Programs\Microsoft VS Code\bin;C:\Users\JULIETH\AppData\Roaming\npm
USERNAME=JULIETH
OS=Windows_NT
PROCESSOR_IDENTIFIER=AMD64 Family 21 Model 2 Stepping 0, AuthenticAMD



---------------  S Y S T E M  ---------------

OS: Windows 10 , 64 bit Build 19041 (10.0.19041.1889)
OS uptime: 0 days 0:23 hours

CPU:total 8 (initial active 8) (8 cores per cpu, 1 threads per core) family 21 model 2 stepping 0 microcode 0x0, cmov, cx8, fxsr, mmx, sse, sse2, sse3, ssse3, sse4.1, sse4.2, popcnt, avx, aes, clmul, mmxext, 3dnowpref, lzcnt, sse4a, tsc, tscinvbit, tscinv, bmi1, fma

Memory: 4k page, system-wide physical 8168M (1514M free)
TotalPageFile size 8184M (AvailPageFile size 4M)
current process WorkingSet (physical memory assigned to process): 52M, peak: 52M
current process commit charge ("private bytes"): 208M, peak: 209M

vm_info: OpenJDK 64-Bit Server VM (11.0.11+9-b60-7590822) for windows-amd64 JRE (11.0.11+9-b60-7590822), built on Jul 29 2021 21:43:44 by "builder" with MS VC++ 14.0 (VS2015)

END.
