#
# There is insufficient memory for the Java Runtime Environment to continue.
# Native memory allocation (mmap) failed to map 134217728 bytes for Failed to commit area from 0x0000000080400000 to 0x0000000088400000 of length 134217728.
# Possible reasons:
#   The system is out of physical RAM or swap space
#   The process is running with CompressedOops enabled, and the Java Heap may be blocking the growth of the native heap
# Possible solutions:
#   Reduce memory load on the system
#   Increase physical memory or swap space
#   Check if swap backing store is full
#   Decrease Java heap size (-Xmx/-Xms)
#   Decrease number of Java threads
#   Decrease Java thread stack sizes (-Xss)
#   Set larger code cache with -XX:ReservedCodeCacheSize=
# This output file may be truncated or incomplete.
#
#  Out of Memory Error (./src/hotspot/os/windows/os_windows.cpp:3301), pid=1320, tid=1920
#
# JRE version:  (11.0.11+9) (build )
# Java VM: OpenJDK 64-Bit Server VM (11.0.11+9-b60-7590822, mixed mode, sharing, tiered, compressed oops, g1 gc, windows-amd64)
# No core dump will be written. Minidumps are not enabled by default on client versions of Windows
#

---------------  S U M M A R Y ------------

Command Line: org.jetbrains.kotlin.cli.jvm.K2JVMCompiler @C:\Users\David\AndroidStudioProjects\BlueTV\app\build\20220928_12220863118496547715.compiler.options

Host: AMD FX-8320E Eight-Core Processor              , 8 cores, 7G,  Windows 10 , 64 bit Build 19041 (10.0.19041.1889)
Time: Wed Sep 28 22:43:09 2022 Hora est. Pacífico, Sudamérica elapsed time: 0.014519 seconds (0d 0h 0m 0s)

---------------  T H R E A D  ---------------

Current thread (0x00000237dad6f800):  JavaThread "Unknown thread" [_thread_in_vm, id=1920, stack(0x0000008798f00000,0x0000008799000000)]

Stack: [0x0000008798f00000,0x0000008799000000]
Native frames: (J=compiled Java code, j=interpreted, Vv=VM code, C=native code)
V  [jvm.dll+0x5f214a]
V  [jvm.dll+0x726fb5]
V  [jvm.dll+0x7285cd]
V  [jvm.dll+0x728c83]
V  [jvm.dll+0x243278]
V  [jvm.dll+0x5ef544]
V  [jvm.dll+0x5e4495]
V  [jvm.dll+0x2fec5b]
V  [jvm.dll+0x2febca]
V  [jvm.dll+0x2feaa2]
V  [jvm.dll+0x303986]
V  [jvm.dll+0x34c3a3]
V  [jvm.dll+0x34caa6]
V  [jvm.dll+0x34c4a3]
V  [jvm.dll+0x2d9688]
V  [jvm.dll+0x2da837]
V  [jvm.dll+0x705ba7]
V  [jvm.dll+0x70739c]
V  [jvm.dll+0x3598f9]
V  [jvm.dll+0x6e931e]
V  [jvm.dll+0x3c1c43]
V  [jvm.dll+0x3c3e81]
C  [jli.dll+0x5373]
C  [ucrtbase.dll+0x21bb2]
C  [KERNEL32.DLL+0x17034]
C  [ntdll.dll+0x526a1]


---------------  P R O C E S S  ---------------

Threads class SMR info:
_java_thread_list=0x00000237d8b62e90, length=0, elements={
}

Java Threads: ( => current thread )

Other Threads:
  0x00000237dad82000 GCTaskThread "GC Thread#0" [stack: 0x0000008799000000,0x0000008799100000] [id=9500]
  0x00000237dadb4800 ConcurrentGCThread "G1 Main Marker" [stack: 0x0000008799100000,0x0000008799200000] [id=1896]
  0x00000237dadb5800 ConcurrentGCThread "G1 Conc#0" [stack: 0x0000008799200000,0x0000008799300000] [id=10752]

[error occurred during error reporting (printing all threads), id 0xc0000005, EXCEPTION_ACCESS_VIOLATION (0xc0000005) at pc=0x00007ffda7bc9c47]

VM state:not at safepoint (not fully initialized)

VM Mutex/Monitor currently owned by a thread:  ([mutex/lock_event])
[0x00000237dad6d2c0] Heap_lock - owner thread: 0x00000237dad6f800

Heap address: 0x0000000080400000, size: 2044 MB, Compressed Oops mode: Non-zero based: 0x0000000080400000
Narrow klass base: 0x0000000000000000, Narrow klass shift: 0

GC Heap History (0 events):
No events

Deoptimization events (0 events):
No events

Classes redefined (0 events):
No events

Internal exceptions (0 events):
No events

Events (1 events):
Event: 0.009 Loaded shared library C:\Program Files\Android\Android Studio\jre\bin\zip.dll


Dynamic libraries:
0x00007ff688070000 - 0x00007ff68807a000 	C:\Program Files\Android\Android Studio\jre\bin\java.exe
0x00007ffde5dd0000 - 0x00007ffde5fc8000 	C:\WINDOWS\SYSTEM32\ntdll.dll
0x00007ffde48c0000 - 0x00007ffde497d000 	C:\WINDOWS\System32\KERNEL32.DLL
0x00007ffde3940000 - 0x00007ffde3c0e000 	C:\WINDOWS\System32\KERNELBASE.dll
0x00007ffde37a0000 - 0x00007ffde38a0000 	C:\WINDOWS\System32\ucrtbase.dll
0x00007ffddc190000 - 0x00007ffddc1a7000 	C:\Program Files\Android\Android Studio\jre\bin\VCRUNTIME140.dll
0x00007ffddc030000 - 0x00007ffddc049000 	C:\Program Files\Android\Android Studio\jre\bin\jli.dll
0x00007ffde4440000 - 0x00007ffde45e0000 	C:\WINDOWS\System32\USER32.dll
0x00007ffdd80f0000 - 0x00007ffdd838a000 	C:\WINDOWS\WinSxS\amd64_microsoft.windows.common-controls_6595b64144ccf1df_6.0.19041.1110_none_60b5254171f9507e\COMCTL32.dll
0x00007ffde34f0000 - 0x00007ffde3512000 	C:\WINDOWS\System32\win32u.dll
0x00007ffde4b40000 - 0x00007ffde4bde000 	C:\WINDOWS\System32\msvcrt.dll
0x00007ffde5010000 - 0x00007ffde503a000 	C:\WINDOWS\System32\GDI32.dll
0x00007ffde3690000 - 0x00007ffde379b000 	C:\WINDOWS\System32\gdi32full.dll
0x00007ffde38a0000 - 0x00007ffde393d000 	C:\WINDOWS\System32\msvcp_win.dll
0x00007ffde4e30000 - 0x00007ffde4e60000 	C:\WINDOWS\System32\IMM32.DLL
0x00007ffdcd6f0000 - 0x00007ffdcd78d000 	C:\Program Files\Android\Android Studio\jre\bin\msvcp140.dll
0x00007ffda78e0000 - 0x00007ffda83b5000 	C:\Program Files\Android\Android Studio\jre\bin\server\jvm.dll
0x00007ffde4250000 - 0x00007ffde42fe000 	C:\WINDOWS\System32\ADVAPI32.dll
0x00007ffde5050000 - 0x00007ffde50ec000 	C:\WINDOWS\System32\sechost.dll
0x00007ffde4980000 - 0x00007ffde4aa5000 	C:\WINDOWS\System32\RPCRT4.dll
0x00007ffde5040000 - 0x00007ffde5048000 	C:\WINDOWS\System32\PSAPI.DLL
0x00007ffde0d30000 - 0x00007ffde0d39000 	C:\WINDOWS\SYSTEM32\WSOCK32.dll
0x00007ffdd5760000 - 0x00007ffdd5787000 	C:\WINDOWS\SYSTEM32\WINMM.dll
0x00007ffde43d0000 - 0x00007ffde443b000 	C:\WINDOWS\System32\WS2_32.dll
0x00007ffddde30000 - 0x00007ffddde3a000 	C:\WINDOWS\SYSTEM32\VERSION.dll
0x00007ffde1400000 - 0x00007ffde1412000 	C:\WINDOWS\SYSTEM32\kernel.appcore.dll
0x00007ffddc620000 - 0x00007ffddc631000 	C:\Program Files\Android\Android Studio\jre\bin\verify.dll
0x00007ffdcfae0000 - 0x00007ffdcfcc4000 	C:\WINDOWS\SYSTEM32\DBGHELP.DLL
0x00007ffdcfa00000 - 0x00007ffdcfa2c000 	C:\WINDOWS\SYSTEM32\dbgcore.DLL
0x00007ffde3c10000 - 0x00007ffde3c92000 	C:\WINDOWS\System32\bcryptPrimitives.dll
0x00007ffddc5f0000 - 0x00007ffddc619000 	C:\Program Files\Android\Android Studio\jre\bin\java.dll
0x00007ffddee10000 - 0x00007ffddee1b000 	C:\Program Files\Android\Android Studio\jre\bin\jimage.dll
0x00007ffddc5d0000 - 0x00007ffddc5e8000 	C:\Program Files\Android\Android Studio\jre\bin\zip.dll

dbghelp: loaded successfully - version: 4.0.5 - missing functions: none
symbol engine: initialized successfully - sym options: 0x614 - pdb path: .;C:\Program Files\Android\Android Studio\jre\bin;C:\WINDOWS\SYSTEM32;C:\WINDOWS\WinSxS\amd64_microsoft.windows.common-controls_6595b64144ccf1df_6.0.19041.1110_none_60b5254171f9507e;C:\Program Files\Android\Android Studio\jre\bin\server

VM Arguments:
java_command: org.jetbrains.kotlin.cli.jvm.K2JVMCompiler @C:\Users\David\AndroidStudioProjects\BlueTV\app\build\20220928_12220863118496547715.compiler.options
java_class_path (initial): C:\Users\David\.gradle\caches\modules-2\files-2.1\org.jetbrains.kotlin\kotlin-compiler-embeddable\1.6.21\97bdd5a752ce73b58ef16c17bc7f0ea2faff7a2e\kotlin-compiler-embeddable-1.6.21.jar;C:\Users\David\.gradle\caches\modules-2\files-2.1\org.jetbrains.kotlin\kotlin-reflect\1.6.21\5dc3574d9b7bebfcb4ec6b10ada4aaa9e140bd0b\kotlin-reflect-1.6.21.jar;C:\Users\David\.gradle\caches\modules-2\files-2.1\org.jetbrains.kotlin\kotlin-stdlib\1.6.21\11ef67f1900634fd951bad28c53ec957fabbe5b8\kotlin-stdlib-1.6.21.jar;C:\Users\David\.gradle\caches\modules-2\files-2.1\org.jetbrains.kotlin\kotlin-script-runtime\1.6.21\99c6675100da5d6d5b1c5a1032f27f28008d101b\kotlin-script-runtime-1.6.21.jar;C:\Users\David\.gradle\caches\modules-2\files-2.1\org.jetbrains.kotlin\kotlin-daemon-embeddable\1.6.21\46b78cf392e1c4f10854c3cadba44abb7b82250f\kotlin-daemon-embeddable-1.6.21.jar;C:\Users\David\.gradle\caches\modules-2\files-2.1\org.jetbrains.intellij.deps\trove4j\1.0.20200330\3afb14d5f9ceb459d724e907a21145e8ff394f02\trove4j-1.0.20200330.jar;C:\Users\David\.gradle\caches\modules-2\files-2.1\net.java.dev.jna\jna\5.6.0\330f2244e9030119ab3030fc3fededc86713d9cc\jna-5.6.0.jar;C:\Users\David\.gradle\caches\modules-2\files-2.1\org.jetbrains.kotlin\kotlin-stdlib-common\1.6.21\5e5b55c26dbc80372a920aef60eb774b714559b8\kotlin-stdlib-common-1.6.21.jar;C:\Users\David\.gradle\caches\modules-2\files-2.1\org.jetbrains\annotations\13.0\919f0dfe192fb4e063e7dacadee7f8bb9a2672a9\annotations-13.0.jar
Launcher Type: SUN_STANDARD

[Global flags]
     intx CICompilerCount                          = 4                                         {product} {ergonomic}
     uint ConcGCThreads                            = 2                                         {product} {ergonomic}
     uint G1ConcRefinementThreads                  = 8                                         {product} {ergonomic}
   size_t G1HeapRegionSize                         = 1048576                                   {product} {ergonomic}
    uintx GCDrainStackTargetSize                   = 64                                        {product} {ergonomic}
   size_t InitialHeapSize                          = 134217728                                 {product} {ergonomic}
   size_t MarkStackSize                            = 4194304                                   {product} {ergonomic}
   size_t MaxHeapSize                              = 2143289344                                {product} {ergonomic}
   size_t MinHeapDeltaBytes                        = 1048576                                   {product} {ergonomic}
    uintx NonNMethodCodeHeapSize                   = 5836300                                {pd product} {ergonomic}
    uintx NonProfiledCodeHeapSize                  = 122910970                              {pd product} {ergonomic}
    uintx ProfiledCodeHeapSize                     = 122910970                              {pd product} {ergonomic}
    uintx ReservedCodeCacheSize                    = 251658240                              {pd product} {ergonomic}
     bool SegmentedCodeCache                       = true                                      {product} {ergonomic}
     bool UseCompressedClassPointers               = true                                 {lp64_product} {ergonomic}
     bool UseCompressedOops                        = true                                 {lp64_product} {ergonomic}
     bool UseG1GC                                  = true                                      {product} {ergonomic}
     bool UseLargePagesIndividualAllocation        = false                                  {pd product} {ergonomic}

Logging:
Log output configuration:
 #0: stdout all=warning uptime,level,tags
 #1: stderr all=off uptime,level,tags

Environment Variables:
PATH=C:\WINDOWS\system32;C:\WINDOWS;C:\WINDOWS\System32\Wbem;C:\WINDOWS\System32\WindowsPowerShell\v1.0\;C:\WINDOWS\System32\OpenSSH\;C:\Program Files\dotnet\;C:\Program Files\Git\cmd;C:\Program Files\nodejs\;C:\Users\David\AppData\Local\Microsoft\WindowsApps;C:\Users\JULIETH\AppData\Local\GitHubDesktop\bin;C:\Users\JULIETH\AppData\Local\Programs\Microsoft VS Code\bin;C:\Users\JULIETH\AppData\Roaming\npm
USERNAME=JULIETH
OS=Windows_NT
PROCESSOR_IDENTIFIER=AMD64 Family 21 Model 2 Stepping 0, AuthenticAMD



---------------  S Y S T E M  ---------------

OS: Windows 10 , 64 bit Build 19041 (10.0.19041.1889)
OS uptime: 4 days 23:18 hours

CPU:total 8 (initial active 8) (8 cores per cpu, 1 threads per core) family 21 model 2 stepping 0 microcode 0x0, cmov, cx8, fxsr, mmx, sse, sse2, sse3, ssse3, sse4.1, sse4.2, popcnt, avx, aes, clmul, mmxext, 3dnowpref, lzcnt, sse4a, tsc, tscinvbit, tscinv, bmi1, fma

Memory: 4k page, system-wide physical 8168M (1046M free)
TotalPageFile size 8184M (AvailPageFile size 16M)
current process WorkingSet (physical memory assigned to process): 10M, peak: 10M
current process commit charge ("private bytes"): 60M, peak: 188M

vm_info: OpenJDK 64-Bit Server VM (11.0.11+9-b60-7590822) for windows-amd64 JRE (11.0.11+9-b60-7590822), built on Jul 29 2021 21:43:44 by "builder" with MS VC++ 14.0 (VS2015)

END.
