#
# There is insufficient memory for the Java Runtime Environment to continue.
# Native memory allocation (malloc) failed to allocate 1167856 bytes for Chunk::new
# Possible reasons:
#   The system is out of physical RAM or swap space
#   The process is running with CompressedOops enabled, and the Java Heap may be blocking the growth of the native heap
# Possible solutions:
#   Reduce memory load on the system
#   Increase physical memory or swap space
#   Check if swap backing store is full
#   Decrease Java heap size (-Xmx/-Xms)
#   Decrease number of Java threads
#   Decrease Java thread stack sizes (-Xss)
#   Set larger code cache with -XX:ReservedCodeCacheSize=
#   JVM is running with Unscaled Compressed Oops mode in which the Java heap is
#     placed in the first 4GB address space. The Java Heap base address is the
#     maximum limit for the native heap growth. Please use -XX:HeapBaseMinAddress
#     to set the Java Heap base and to place the Java Heap above 4GB virtual address.
# This output file may be truncated or incomplete.
#
#  Out of Memory Error (./src/hotspot/share/memory/arena.cpp:197), pid=8876, tid=2896
#
# JRE version: OpenJDK Runtime Environment (11.0.11+9) (build 11.0.11+9-b60-7590822)
# Java VM: OpenJDK 64-Bit Server VM (11.0.11+9-b60-7590822, mixed mode, tiered, compressed oops, g1 gc, windows-amd64)
# No core dump will be written. Minidumps are not enabled by default on client versions of Windows
#

---------------  S U M M A R Y ------------

Command Line: org.jetbrains.kotlin.cli.jvm.K2JVMCompiler @C:\Users\David\AndroidStudioProjects\BlueTV\app\build\20220928_2068304320029681979.compiler.options

Host: AMD FX-8320E Eight-Core Processor              , 8 cores, 7G,  Windows 10 , 64 bit Build 19041 (10.0.19041.1889)
Time: Wed Sep 28 23:41:43 2022 Hora est. Pacífico, Sudamérica elapsed time: 5.053477 seconds (0d 0h 0m 5s)

---------------  T H R E A D  ---------------

Current thread (0x0000017a111ab800):  JavaThread "C2 CompilerThread1" daemon [_thread_in_native, id=2896, stack(0x0000005794600000,0x0000005794700000)]


Current CompileTask:
C2:   5053 4089   !   4       jdk.internal.loader.BuiltinClassLoader::findClassOnClassPathOrNull (64 bytes)

Stack: [0x0000005794600000,0x0000005794700000]
Native frames: (J=compiled Java code, j=interpreted, Vv=VM code, C=native code)
V  [jvm.dll+0x5f214a]
V  [jvm.dll+0x726fb5]
V  [jvm.dll+0x7285cd]
V  [jvm.dll+0x728c83]
V  [jvm.dll+0x243278]
V  [jvm.dll+0xbc53c]
V  [jvm.dll+0xbca3c]
V  [jvm.dll+0x353e7d]
V  [jvm.dll+0x321893]
V  [jvm.dll+0x320d8a]
V  [jvm.dll+0x1fc1e2]
V  [jvm.dll+0x1fb3d4]
V  [jvm.dll+0x183d6c]
V  [jvm.dll+0x209a57]
V  [jvm.dll+0x2082a1]
V  [jvm.dll+0x6ef58f]
V  [jvm.dll+0x6e80b5]
V  [jvm.dll+0x5f1036]
C  [ucrtbase.dll+0x21bb2]
C  [KERNEL32.DLL+0x17034]
C  [ntdll.dll+0x526a1]


---------------  P R O C E S S  ---------------

Threads class SMR info:
_java_thread_list=0x0000017a118f8790, length=12, elements={
0x0000017a75a59000, 0x0000017a7f676800, 0x0000017a7f678000, 0x0000017a11047800,
0x0000017a11049000, 0x0000017a1104b000, 0x0000017a1104e000, 0x0000017a7f69b000,
0x0000017a7f6a5800, 0x0000017a111b0800, 0x0000017a111ab800, 0x0000017a12f25800
}

Java Threads: ( => current thread )
  0x0000017a75a59000 JavaThread "main" [_thread_in_vm, id=2312, stack(0x0000005793500000,0x0000005793600000)]
  0x0000017a7f676800 JavaThread "Reference Handler" daemon [_thread_blocked, id=6984, stack(0x0000005793c00000,0x0000005793d00000)]
  0x0000017a7f678000 JavaThread "Finalizer" daemon [_thread_blocked, id=4140, stack(0x0000005793d00000,0x0000005793e00000)]
  0x0000017a11047800 JavaThread "Signal Dispatcher" daemon [_thread_blocked, id=7104, stack(0x0000005793e00000,0x0000005793f00000)]
  0x0000017a11049000 JavaThread "Attach Listener" daemon [_thread_blocked, id=1984, stack(0x0000005793f00000,0x0000005794000000)]
  0x0000017a1104b000 JavaThread "Service Thread" daemon [_thread_blocked, id=2804, stack(0x0000005794000000,0x0000005794100000)]
  0x0000017a1104e000 JavaThread "C2 CompilerThread0" daemon [_thread_in_native, id=9752, stack(0x0000005794100000,0x0000005794200000)]
  0x0000017a7f69b000 JavaThread "C1 CompilerThread0" daemon [_thread_in_native, id=8320, stack(0x0000005794200000,0x0000005794300000)]
  0x0000017a7f6a5800 JavaThread "Sweeper thread" daemon [_thread_blocked, id=5860, stack(0x0000005794300000,0x0000005794400000)]
  0x0000017a111b0800 JavaThread "Common-Cleaner" daemon [_thread_blocked, id=4092, stack(0x0000005794500000,0x0000005794600000)]
=>0x0000017a111ab800 JavaThread "C2 CompilerThread1" daemon [_thread_in_native, id=2896, stack(0x0000005794600000,0x0000005794700000)]
  0x0000017a12f25800 JavaThread "C2 CompilerThread2" daemon [_thread_in_native, id=4684, stack(0x0000005794700000,0x0000005794800000)]

Other Threads:
  0x0000017a7f653800 VMThread "VM Thread" [stack: 0x0000005793b00000,0x0000005793c00000] [id=10596]
  0x0000017a111a4000 WatcherThread [stack: 0x0000005794400000,0x0000005794500000] [id=11140]
  0x0000017a75a70800 GCTaskThread "GC Thread#0" [stack: 0x0000005793600000,0x0000005793700000] [id=1492]
  0x0000017a117d7000 GCTaskThread "GC Thread#1" [stack: 0x0000005794800000,0x0000005794900000] [id=11204]
  0x0000017a117d7800 GCTaskThread "GC Thread#2" [stack: 0x0000005794900000,0x0000005794a00000] [id=6852]
  0x0000017a75aa2000 ConcurrentGCThread "G1 Main Marker" [stack: 0x0000005793700000,0x0000005793800000] [id=7988]
  0x0000017a75aa4000 ConcurrentGCThread "G1 Conc#0" [stack: 0x0000005793800000,0x0000005793900000] [id=9184]
  0x0000017a11b7d800 ConcurrentGCThread "G1 Conc#1" [stack: 0x0000005794a00000,0x0000005794b00000] [id=11844]
  0x0000017a75b39000 ConcurrentGCThread "G1 Refine#0" [stack: 0x0000005793900000,0x0000005793a00000] [id=3180]
  0x0000017a7f4c1800 ConcurrentGCThread "G1 Young RemSet Sampling" [stack: 0x0000005793a00000,0x0000005793b00000] [id=9164]

Threads with active compile tasks:
C2 CompilerThread0   5073 4136 %     4       org.jetbrains.kotlin.load.java.structure.impl.classFiles.BinaryClassSignatureParser::parseParameterizedClassRefSignature @ 24 (262 bytes)
C1 CompilerThread0   5073 4217       3       org.jetbrains.kotlin.parsing.KotlinExpressionParsing::parseBinaryExpression (70 bytes)
C2 CompilerThread1   5073 4089   !   4       jdk.internal.loader.BuiltinClassLoader::findClassOnClassPathOrNull (64 bytes)
C2 CompilerThread2   5073 4165 %     4       java.util.zip.ZipFile$Source::initCEN @ 223 (658 bytes)

VM state:not at safepoint (normal execution)

VM Mutex/Monitor currently owned by a thread: None

Heap address: 0x0000000080400000, size: 2044 MB, Compressed Oops mode: 32-bit
Narrow klass base: 0x0000000000000000, Narrow klass shift: 3
Compressed class space size: 1073741824 Address: 0x0000000100000000

Heap:
 garbage-first heap   total 162816K, used 79888K [0x0000000080400000, 0x0000000100000000)
  region size 1024K, 59 young (60416K), 7 survivors (7168K)
 Metaspace       used 53749K, capacity 54395K, committed 54576K, reserved 1097728K
  class space    used 6374K, capacity 6661K, committed 6784K, reserved 1048576K
Heap Regions: E=young(eden), S=young(survivor), O=old, HS=humongous(starts), HC=humongous(continues), CS=collection set, F=free, A=archive, TAMS=top-at-mark-start (previous, next)
|   0|0x0000000080400000, 0x0000000080500000, 0x0000000080500000|100%|HS|  |TAMS 0x0000000080500000, 0x0000000080400000| Complete 
|   1|0x0000000080500000, 0x0000000080600000, 0x0000000080600000|100%|HC|  |TAMS 0x0000000080600000, 0x0000000080500000| Complete 
|   2|0x0000000080600000, 0x0000000080700000, 0x0000000080700000|100%|HC|  |TAMS 0x0000000080700000, 0x0000000080600000| Complete 
|   3|0x0000000080700000, 0x0000000080800000, 0x0000000080800000|100%|HS|  |TAMS 0x0000000080800000, 0x0000000080700000| Complete 
|   4|0x0000000080800000, 0x0000000080900000, 0x0000000080900000|100%|HC|  |TAMS 0x0000000080900000, 0x0000000080800000| Complete 
|   5|0x0000000080900000, 0x0000000080a00000, 0x0000000080a00000|100%|HC|  |TAMS 0x0000000080a00000, 0x0000000080900000| Complete 
|   6|0x0000000080a00000, 0x0000000080b00000, 0x0000000080b00000|100%|HS|  |TAMS 0x0000000080a00000, 0x0000000080a00000| Complete 
|   7|0x0000000080b00000, 0x0000000080c00000, 0x0000000080c00000|100%|HC|  |TAMS 0x0000000080b00000, 0x0000000080b00000| Complete 
|   8|0x0000000080c00000, 0x0000000080d00000, 0x0000000080d00000|100%| O|  |TAMS 0x0000000080d00000, 0x0000000080c00000| Untracked 
|   9|0x0000000080d00000, 0x0000000080e00000, 0x0000000080e00000|100%| O|  |TAMS 0x0000000080e00000, 0x0000000080d00000| Untracked 
|  10|0x0000000080e00000, 0x0000000080f00000, 0x0000000080f00000|100%| O|  |TAMS 0x0000000080f00000, 0x0000000080e00000| Untracked 
|  11|0x0000000080f00000, 0x0000000081000000, 0x0000000081000000|100%| O|  |TAMS 0x0000000081000000, 0x0000000080f00000| Untracked 
|  12|0x0000000081000000, 0x0000000081100000, 0x0000000081100000|100%| O|  |TAMS 0x0000000081100000, 0x0000000081000000| Untracked 
|  13|0x0000000081100000, 0x0000000081200000, 0x0000000081200000|100%| O|  |TAMS 0x0000000081200000, 0x0000000081100000| Untracked 
|  14|0x0000000081200000, 0x0000000081300000, 0x0000000081300000|100%| O|  |TAMS 0x0000000081300000, 0x0000000081200000| Untracked 
|  15|0x0000000081300000, 0x0000000081400000, 0x0000000081400000|100%| O|  |TAMS 0x00000000813ab200, 0x0000000081300000| Untracked 
|  16|0x0000000081400000, 0x0000000081500000, 0x0000000081500000|100%| O|  |TAMS 0x0000000081400000, 0x0000000081400000| Untracked 
|  17|0x0000000081500000, 0x0000000081600000, 0x0000000081600000|100%| O|  |TAMS 0x0000000081500000, 0x0000000081500000| Untracked 
|  18|0x0000000081600000, 0x0000000081700000, 0x0000000081700000|100%| O|  |TAMS 0x0000000081600000, 0x0000000081600000| Untracked 
|  19|0x0000000081700000, 0x0000000081800000, 0x0000000081800000|100%| O|  |TAMS 0x0000000081700000, 0x0000000081700000| Untracked 
|  20|0x0000000081800000, 0x0000000081829a00, 0x0000000081900000| 16%| O|  |TAMS 0x0000000081800000, 0x0000000081800000| Untracked 
|  21|0x0000000081900000, 0x0000000081900000, 0x0000000081a00000|  0%| F|  |TAMS 0x0000000081900000, 0x0000000081900000| Untracked 
|  22|0x0000000081a00000, 0x0000000081a00000, 0x0000000081b00000|  0%| F|  |TAMS 0x0000000081a00000, 0x0000000081a00000| Untracked 
|  23|0x0000000081b00000, 0x0000000081b00000, 0x0000000081c00000|  0%| F|  |TAMS 0x0000000081b00000, 0x0000000081b00000| Untracked 
|  24|0x0000000081c00000, 0x0000000081c00000, 0x0000000081d00000|  0%| F|  |TAMS 0x0000000081c00000, 0x0000000081c00000| Untracked 
|  25|0x0000000081d00000, 0x0000000081d00000, 0x0000000081e00000|  0%| F|  |TAMS 0x0000000081d00000, 0x0000000081d00000| Untracked 
|  26|0x0000000081e00000, 0x0000000081e00000, 0x0000000081f00000|  0%| F|  |TAMS 0x0000000081e00000, 0x0000000081e00000| Untracked 
|  27|0x0000000081f00000, 0x0000000081f00000, 0x0000000082000000|  0%| F|  |TAMS 0x0000000081f00000, 0x0000000081f00000| Untracked 
|  28|0x0000000082000000, 0x0000000082000000, 0x0000000082100000|  0%| F|  |TAMS 0x0000000082000000, 0x0000000082000000| Untracked 
|  29|0x0000000082100000, 0x0000000082100000, 0x0000000082200000|  0%| F|  |TAMS 0x0000000082100000, 0x0000000082100000| Untracked 
|  30|0x0000000082200000, 0x0000000082200000, 0x0000000082300000|  0%| F|  |TAMS 0x0000000082200000, 0x0000000082200000| Untracked 
|  31|0x0000000082300000, 0x0000000082300000, 0x0000000082400000|  0%| F|  |TAMS 0x0000000082300000, 0x0000000082300000| Untracked 
|  32|0x0000000082400000, 0x0000000082400000, 0x0000000082500000|  0%| F|  |TAMS 0x0000000082400000, 0x0000000082400000| Untracked 
|  33|0x0000000082500000, 0x0000000082500000, 0x0000000082600000|  0%| F|  |TAMS 0x0000000082500000, 0x0000000082500000| Untracked 
|  34|0x0000000082600000, 0x0000000082600000, 0x0000000082700000|  0%| F|  |TAMS 0x0000000082600000, 0x0000000082600000| Untracked 
|  35|0x0000000082700000, 0x0000000082700000, 0x0000000082800000|  0%| F|  |TAMS 0x0000000082700000, 0x0000000082700000| Untracked 
|  36|0x0000000082800000, 0x0000000082800000, 0x0000000082900000|  0%| F|  |TAMS 0x0000000082800000, 0x0000000082800000| Untracked 
|  37|0x0000000082900000, 0x0000000082900000, 0x0000000082a00000|  0%| F|  |TAMS 0x0000000082900000, 0x0000000082900000| Untracked 
|  38|0x0000000082a00000, 0x0000000082a00000, 0x0000000082b00000|  0%| F|  |TAMS 0x0000000082a00000, 0x0000000082a00000| Untracked 
|  39|0x0000000082b00000, 0x0000000082b00000, 0x0000000082c00000|  0%| F|  |TAMS 0x0000000082b00000, 0x0000000082b00000| Untracked 
|  40|0x0000000082c00000, 0x0000000082c00000, 0x0000000082d00000|  0%| F|  |TAMS 0x0000000082c00000, 0x0000000082c00000| Untracked 
|  41|0x0000000082d00000, 0x0000000082d00000, 0x0000000082e00000|  0%| F|  |TAMS 0x0000000082d00000, 0x0000000082d00000| Untracked 
|  42|0x0000000082e00000, 0x0000000082e00000, 0x0000000082f00000|  0%| F|  |TAMS 0x0000000082e00000, 0x0000000082e00000| Untracked 
|  43|0x0000000082f00000, 0x0000000082f00000, 0x0000000083000000|  0%| F|  |TAMS 0x0000000082f00000, 0x0000000082f00000| Untracked 
|  44|0x0000000083000000, 0x0000000083000000, 0x0000000083100000|  0%| F|  |TAMS 0x0000000083000000, 0x0000000083000000| Untracked 
|  45|0x0000000083100000, 0x0000000083100000, 0x0000000083200000|  0%| F|  |TAMS 0x0000000083100000, 0x0000000083100000| Untracked 
|  46|0x0000000083200000, 0x0000000083200000, 0x0000000083300000|  0%| F|  |TAMS 0x0000000083200000, 0x0000000083200000| Untracked 
|  47|0x0000000083300000, 0x0000000083300000, 0x0000000083400000|  0%| F|  |TAMS 0x0000000083300000, 0x0000000083300000| Untracked 
|  48|0x0000000083400000, 0x0000000083400000, 0x0000000083500000|  0%| F|  |TAMS 0x0000000083400000, 0x0000000083400000| Untracked 
|  49|0x0000000083500000, 0x0000000083500000, 0x0000000083600000|  0%| F|  |TAMS 0x0000000083500000, 0x0000000083500000| Untracked 
|  50|0x0000000083600000, 0x0000000083600000, 0x0000000083700000|  0%| F|  |TAMS 0x0000000083600000, 0x0000000083600000| Untracked 
|  51|0x0000000083700000, 0x0000000083700000, 0x0000000083800000|  0%| F|  |TAMS 0x0000000083700000, 0x0000000083700000| Untracked 
|  52|0x0000000083800000, 0x0000000083800000, 0x0000000083900000|  0%| F|  |TAMS 0x0000000083800000, 0x0000000083800000| Untracked 
|  53|0x0000000083900000, 0x0000000083900000, 0x0000000083a00000|  0%| F|  |TAMS 0x0000000083900000, 0x0000000083900000| Untracked 
|  54|0x0000000083a00000, 0x0000000083a00000, 0x0000000083b00000|  0%| F|  |TAMS 0x0000000083a00000, 0x0000000083a00000| Untracked 
|  55|0x0000000083b00000, 0x0000000083b00000, 0x0000000083c00000|  0%| F|  |TAMS 0x0000000083b00000, 0x0000000083b00000| Untracked 
|  56|0x0000000083c00000, 0x0000000083c00000, 0x0000000083d00000|  0%| F|  |TAMS 0x0000000083c00000, 0x0000000083c00000| Untracked 
|  57|0x0000000083d00000, 0x0000000083d00000, 0x0000000083e00000|  0%| F|  |TAMS 0x0000000083d00000, 0x0000000083d00000| Untracked 
|  58|0x0000000083e00000, 0x0000000083e00000, 0x0000000083f00000|  0%| F|  |TAMS 0x0000000083e00000, 0x0000000083e00000| Untracked 
|  59|0x0000000083f00000, 0x0000000083f00000, 0x0000000084000000|  0%| F|  |TAMS 0x0000000083f00000, 0x0000000083f00000| Untracked 
|  60|0x0000000084000000, 0x0000000084000000, 0x0000000084100000|  0%| F|  |TAMS 0x0000000084000000, 0x0000000084000000| Untracked 
|  61|0x0000000084100000, 0x0000000084100000, 0x0000000084200000|  0%| F|  |TAMS 0x0000000084100000, 0x0000000084100000| Untracked 
|  62|0x0000000084200000, 0x0000000084200000, 0x0000000084300000|  0%| F|  |TAMS 0x0000000084200000, 0x0000000084200000| Untracked 
|  63|0x0000000084300000, 0x0000000084300000, 0x0000000084400000|  0%| F|  |TAMS 0x0000000084300000, 0x0000000084300000| Untracked 
|  64|0x0000000084400000, 0x0000000084400000, 0x0000000084500000|  0%| F|  |TAMS 0x0000000084400000, 0x0000000084400000| Untracked 
|  65|0x0000000084500000, 0x0000000084500000, 0x0000000084600000|  0%| F|  |TAMS 0x0000000084500000, 0x0000000084500000| Untracked 
|  66|0x0000000084600000, 0x0000000084600000, 0x0000000084700000|  0%| F|  |TAMS 0x0000000084600000, 0x0000000084600000| Untracked 
|  67|0x0000000084700000, 0x0000000084700000, 0x0000000084800000|  0%| F|  |TAMS 0x0000000084700000, 0x0000000084700000| Untracked 
|  68|0x0000000084800000, 0x00000000848da7f0, 0x0000000084900000| 85%| S|CS|TAMS 0x0000000084800000, 0x0000000084800000| Complete 
|  69|0x0000000084900000, 0x0000000084a00000, 0x0000000084a00000|100%| S|CS|TAMS 0x0000000084900000, 0x0000000084900000| Complete 
|  70|0x0000000084a00000, 0x0000000084b00000, 0x0000000084b00000|100%| S|CS|TAMS 0x0000000084a00000, 0x0000000084a00000| Complete 
|  71|0x0000000084b00000, 0x0000000084c00000, 0x0000000084c00000|100%| S|CS|TAMS 0x0000000084b00000, 0x0000000084b00000| Complete 
|  72|0x0000000084c00000, 0x0000000084d00000, 0x0000000084d00000|100%| S|CS|TAMS 0x0000000084c00000, 0x0000000084c00000| Complete 
|  73|0x0000000084d00000, 0x0000000084e00000, 0x0000000084e00000|100%| S|CS|TAMS 0x0000000084d00000, 0x0000000084d00000| Complete 
|  74|0x0000000084e00000, 0x0000000084f00000, 0x0000000084f00000|100%| S|CS|TAMS 0x0000000084e00000, 0x0000000084e00000| Complete 
|  75|0x0000000084f00000, 0x0000000084f00000, 0x0000000085000000|  0%| F|  |TAMS 0x0000000084f00000, 0x0000000084f00000| Untracked 
|  76|0x0000000085000000, 0x0000000085000000, 0x0000000085100000|  0%| F|  |TAMS 0x0000000085000000, 0x0000000085000000| Untracked 
|  77|0x0000000085100000, 0x0000000085100000, 0x0000000085200000|  0%| F|  |TAMS 0x0000000085100000, 0x0000000085100000| Untracked 
|  78|0x0000000085200000, 0x0000000085200000, 0x0000000085300000|  0%| F|  |TAMS 0x0000000085200000, 0x0000000085200000| Untracked 
|  79|0x0000000085300000, 0x0000000085300000, 0x0000000085400000|  0%| F|  |TAMS 0x0000000085300000, 0x0000000085300000| Untracked 
|  80|0x0000000085400000, 0x0000000085400000, 0x0000000085500000|  0%| F|  |TAMS 0x0000000085400000, 0x0000000085400000| Untracked 
|  81|0x0000000085500000, 0x0000000085500000, 0x0000000085600000|  0%| F|  |TAMS 0x0000000085500000, 0x0000000085500000| Untracked 
|  82|0x0000000085600000, 0x0000000085600000, 0x0000000085700000|  0%| F|  |TAMS 0x0000000085600000, 0x0000000085600000| Untracked 
|  83|0x0000000085700000, 0x0000000085700000, 0x0000000085800000|  0%| F|  |TAMS 0x0000000085700000, 0x0000000085700000| Untracked 
|  84|0x0000000085800000, 0x0000000085800000, 0x0000000085900000|  0%| F|  |TAMS 0x0000000085800000, 0x0000000085800000| Untracked 
|  85|0x0000000085900000, 0x0000000085900000, 0x0000000085a00000|  0%| F|  |TAMS 0x0000000085900000, 0x0000000085900000| Untracked 
|  86|0x0000000085a00000, 0x0000000085a00000, 0x0000000085b00000|  0%| F|  |TAMS 0x0000000085a00000, 0x0000000085a00000| Untracked 
|  87|0x0000000085b00000, 0x0000000085b00000, 0x0000000085c00000|  0%| F|  |TAMS 0x0000000085b00000, 0x0000000085b00000| Untracked 
|  88|0x0000000085c00000, 0x0000000085c00000, 0x0000000085d00000|  0%| F|  |TAMS 0x0000000085c00000, 0x0000000085c00000| Untracked 
|  89|0x0000000085d00000, 0x0000000085d00000, 0x0000000085e00000|  0%| F|  |TAMS 0x0000000085d00000, 0x0000000085d00000| Untracked 
|  90|0x0000000085e00000, 0x0000000085e00000, 0x0000000085f00000|  0%| F|  |TAMS 0x0000000085e00000, 0x0000000085e00000| Untracked 
|  91|0x0000000085f00000, 0x0000000085f00000, 0x0000000086000000|  0%| F|  |TAMS 0x0000000085f00000, 0x0000000085f00000| Untracked 
|  92|0x0000000086000000, 0x0000000086000000, 0x0000000086100000|  0%| F|  |TAMS 0x0000000086000000, 0x0000000086000000| Untracked 
|  93|0x0000000086100000, 0x0000000086100000, 0x0000000086200000|  0%| F|  |TAMS 0x0000000086100000, 0x0000000086100000| Untracked 
|  94|0x0000000086200000, 0x0000000086200000, 0x0000000086300000|  0%| F|  |TAMS 0x0000000086200000, 0x0000000086200000| Untracked 
|  95|0x0000000086300000, 0x0000000086300000, 0x0000000086400000|  0%| F|  |TAMS 0x0000000086300000, 0x0000000086300000| Untracked 
|  96|0x0000000086400000, 0x0000000086400000, 0x0000000086500000|  0%| F|  |TAMS 0x0000000086400000, 0x0000000086400000| Untracked 
|  97|0x0000000086500000, 0x0000000086500000, 0x0000000086600000|  0%| F|  |TAMS 0x0000000086500000, 0x0000000086500000| Untracked 
|  98|0x0000000086600000, 0x0000000086600000, 0x0000000086700000|  0%| F|  |TAMS 0x0000000086600000, 0x0000000086600000| Untracked 
|  99|0x0000000086700000, 0x0000000086700000, 0x0000000086800000|  0%| F|  |TAMS 0x0000000086700000, 0x0000000086700000| Untracked 
| 100|0x0000000086800000, 0x0000000086800000, 0x0000000086900000|  0%| F|  |TAMS 0x0000000086800000, 0x0000000086800000| Untracked 
| 101|0x0000000086900000, 0x0000000086900000, 0x0000000086a00000|  0%| F|  |TAMS 0x0000000086900000, 0x0000000086900000| Untracked 
| 102|0x0000000086a00000, 0x0000000086a00000, 0x0000000086b00000|  0%| F|  |TAMS 0x0000000086a00000, 0x0000000086a00000| Untracked 
| 103|0x0000000086b00000, 0x0000000086b00000, 0x0000000086c00000|  0%| F|  |TAMS 0x0000000086b00000, 0x0000000086b00000| Untracked 
| 104|0x0000000086c00000, 0x0000000086c00000, 0x0000000086d00000|  0%| F|  |TAMS 0x0000000086c00000, 0x0000000086c00000| Untracked 
| 105|0x0000000086d00000, 0x0000000086d00000, 0x0000000086e00000|  0%| F|  |TAMS 0x0000000086d00000, 0x0000000086d00000| Untracked 
| 106|0x0000000086e00000, 0x0000000086e00000, 0x0000000086f00000|  0%| F|  |TAMS 0x0000000086e00000, 0x0000000086e00000| Untracked 
| 107|0x0000000086f00000, 0x0000000087000000, 0x0000000087000000|100%| E|  |TAMS 0x0000000086f00000, 0x0000000086f00000| Complete 
| 108|0x0000000087000000, 0x0000000087100000, 0x0000000087100000|100%| E|CS|TAMS 0x0000000087000000, 0x0000000087000000| Complete 
| 109|0x0000000087100000, 0x0000000087200000, 0x0000000087200000|100%| E|CS|TAMS 0x0000000087100000, 0x0000000087100000| Complete 
| 110|0x0000000087200000, 0x0000000087300000, 0x0000000087300000|100%| E|CS|TAMS 0x0000000087200000, 0x0000000087200000| Complete 
| 111|0x0000000087300000, 0x0000000087400000, 0x0000000087400000|100%| E|CS|TAMS 0x0000000087300000, 0x0000000087300000| Complete 
| 112|0x0000000087400000, 0x0000000087500000, 0x0000000087500000|100%| E|CS|TAMS 0x0000000087400000, 0x0000000087400000| Complete 
| 113|0x0000000087500000, 0x0000000087600000, 0x0000000087600000|100%| E|CS|TAMS 0x0000000087500000, 0x0000000087500000| Complete 
| 114|0x0000000087600000, 0x0000000087700000, 0x0000000087700000|100%| E|CS|TAMS 0x0000000087600000, 0x0000000087600000| Complete 
| 115|0x0000000087700000, 0x0000000087800000, 0x0000000087800000|100%| E|CS|TAMS 0x0000000087700000, 0x0000000087700000| Complete 
| 116|0x0000000087800000, 0x0000000087900000, 0x0000000087900000|100%| E|CS|TAMS 0x0000000087800000, 0x0000000087800000| Complete 
| 117|0x0000000087900000, 0x0000000087a00000, 0x0000000087a00000|100%| E|CS|TAMS 0x0000000087900000, 0x0000000087900000| Complete 
| 118|0x0000000087a00000, 0x0000000087b00000, 0x0000000087b00000|100%| E|CS|TAMS 0x0000000087a00000, 0x0000000087a00000| Complete 
| 119|0x0000000087b00000, 0x0000000087c00000, 0x0000000087c00000|100%| E|CS|TAMS 0x0000000087b00000, 0x0000000087b00000| Complete 
| 120|0x0000000087c00000, 0x0000000087d00000, 0x0000000087d00000|100%| E|CS|TAMS 0x0000000087c00000, 0x0000000087c00000| Complete 
| 121|0x0000000087d00000, 0x0000000087e00000, 0x0000000087e00000|100%| E|CS|TAMS 0x0000000087d00000, 0x0000000087d00000| Complete 
| 122|0x0000000087e00000, 0x0000000087f00000, 0x0000000087f00000|100%| E|CS|TAMS 0x0000000087e00000, 0x0000000087e00000| Complete 
| 123|0x0000000087f00000, 0x0000000088000000, 0x0000000088000000|100%| E|CS|TAMS 0x0000000087f00000, 0x0000000087f00000| Complete 
| 124|0x0000000088000000, 0x0000000088100000, 0x0000000088100000|100%| E|CS|TAMS 0x0000000088000000, 0x0000000088000000| Complete 
| 125|0x0000000088100000, 0x0000000088200000, 0x0000000088200000|100%| E|CS|TAMS 0x0000000088100000, 0x0000000088100000| Complete 
| 126|0x0000000088200000, 0x0000000088300000, 0x0000000088300000|100%| E|CS|TAMS 0x0000000088200000, 0x0000000088200000| Complete 
| 127|0x0000000088300000, 0x0000000088400000, 0x0000000088400000|100%| E|CS|TAMS 0x0000000088300000, 0x0000000088300000| Complete 
| 128|0x0000000088400000, 0x0000000088500000, 0x0000000088500000|100%| E|CS|TAMS 0x0000000088400000, 0x0000000088400000| Complete 
| 129|0x0000000088500000, 0x0000000088600000, 0x0000000088600000|100%| E|CS|TAMS 0x0000000088500000, 0x0000000088500000| Complete 
| 130|0x0000000088600000, 0x0000000088700000, 0x0000000088700000|100%| E|CS|TAMS 0x0000000088600000, 0x0000000088600000| Complete 
| 131|0x0000000088700000, 0x0000000088800000, 0x0000000088800000|100%| E|CS|TAMS 0x0000000088700000, 0x0000000088700000| Complete 
| 132|0x0000000088800000, 0x0000000088900000, 0x0000000088900000|100%| E|CS|TAMS 0x0000000088800000, 0x0000000088800000| Complete 
| 133|0x0000000088900000, 0x0000000088a00000, 0x0000000088a00000|100%| E|CS|TAMS 0x0000000088900000, 0x0000000088900000| Complete 
| 134|0x0000000088a00000, 0x0000000088b00000, 0x0000000088b00000|100%| E|CS|TAMS 0x0000000088a00000, 0x0000000088a00000| Complete 
| 135|0x0000000088b00000, 0x0000000088c00000, 0x0000000088c00000|100%| E|CS|TAMS 0x0000000088b00000, 0x0000000088b00000| Complete 
| 136|0x0000000088c00000, 0x0000000088d00000, 0x0000000088d00000|100%| E|CS|TAMS 0x0000000088c00000, 0x0000000088c00000| Complete 
| 137|0x0000000088d00000, 0x0000000088e00000, 0x0000000088e00000|100%| E|CS|TAMS 0x0000000088d00000, 0x0000000088d00000| Complete 
| 138|0x0000000088e00000, 0x0000000088f00000, 0x0000000088f00000|100%| E|CS|TAMS 0x0000000088e00000, 0x0000000088e00000| Complete 
| 139|0x0000000088f00000, 0x0000000089000000, 0x0000000089000000|100%| E|CS|TAMS 0x0000000088f00000, 0x0000000088f00000| Complete 
| 140|0x0000000089000000, 0x0000000089100000, 0x0000000089100000|100%| E|CS|TAMS 0x0000000089000000, 0x0000000089000000| Complete 
| 141|0x0000000089100000, 0x0000000089200000, 0x0000000089200000|100%| E|CS|TAMS 0x0000000089100000, 0x0000000089100000| Complete 
| 142|0x0000000089200000, 0x0000000089300000, 0x0000000089300000|100%| E|CS|TAMS 0x0000000089200000, 0x0000000089200000| Complete 
| 143|0x0000000089300000, 0x0000000089400000, 0x0000000089400000|100%| E|CS|TAMS 0x0000000089300000, 0x0000000089300000| Complete 
| 144|0x0000000089400000, 0x0000000089500000, 0x0000000089500000|100%| E|CS|TAMS 0x0000000089400000, 0x0000000089400000| Complete 
| 145|0x0000000089500000, 0x0000000089600000, 0x0000000089600000|100%| E|CS|TAMS 0x0000000089500000, 0x0000000089500000| Complete 
| 146|0x0000000089600000, 0x0000000089700000, 0x0000000089700000|100%| E|CS|TAMS 0x0000000089600000, 0x0000000089600000| Complete 
| 147|0x0000000089700000, 0x0000000089800000, 0x0000000089800000|100%| E|CS|TAMS 0x0000000089700000, 0x0000000089700000| Complete 
| 148|0x0000000089800000, 0x0000000089900000, 0x0000000089900000|100%| E|CS|TAMS 0x0000000089800000, 0x0000000089800000| Complete 
| 149|0x0000000089900000, 0x0000000089a00000, 0x0000000089a00000|100%| E|CS|TAMS 0x0000000089900000, 0x0000000089900000| Complete 
| 150|0x0000000089a00000, 0x0000000089b00000, 0x0000000089b00000|100%| E|CS|TAMS 0x0000000089a00000, 0x0000000089a00000| Complete 
| 151|0x0000000089b00000, 0x0000000089c00000, 0x0000000089c00000|100%| E|CS|TAMS 0x0000000089b00000, 0x0000000089b00000| Complete 
| 152|0x0000000089c00000, 0x0000000089d00000, 0x0000000089d00000|100%| E|CS|TAMS 0x0000000089c00000, 0x0000000089c00000| Complete 
| 153|0x0000000089d00000, 0x0000000089e00000, 0x0000000089e00000|100%| E|CS|TAMS 0x0000000089d00000, 0x0000000089d00000| Complete 
| 154|0x0000000089e00000, 0x0000000089f00000, 0x0000000089f00000|100%| E|CS|TAMS 0x0000000089e00000, 0x0000000089e00000| Complete 
| 155|0x0000000089f00000, 0x000000008a000000, 0x000000008a000000|100%| E|CS|TAMS 0x0000000089f00000, 0x0000000089f00000| Complete 
| 156|0x000000008a000000, 0x000000008a100000, 0x000000008a100000|100%| E|CS|TAMS 0x000000008a000000, 0x000000008a000000| Complete 
| 157|0x000000008a100000, 0x000000008a200000, 0x000000008a200000|100%| E|CS|TAMS 0x000000008a100000, 0x000000008a100000| Complete 
| 158|0x000000008a200000, 0x000000008a300000, 0x000000008a300000|100%| E|CS|TAMS 0x000000008a200000, 0x000000008a200000| Complete 

Card table byte_map: [0x0000017a7a3c0000,0x0000017a7a7c0000] _byte_map_base: 0x0000017a79fbe000

Marking Bits (Prev, Next): (CMBitMap*) 0x0000017a75a99138, (CMBitMap*) 0x0000017a75a99170
 Prev Bits: [0x0000017a7abc0000, 0x0000017a7cbb0000)
 Next Bits: [0x0000017a7cbb0000, 0x0000017a7eba0000)

Polling page: 0x0000017a74200000

Metaspace:

Usage:
  Non-class:     46.75 MB capacity,    46.35 MB (>99%) used,   317.23 KB ( <1%) free+waste,    84.56 KB ( <1%) overhead. 
      Class:      6.51 MB capacity,     6.25 MB ( 96%) used,   228.09 KB (  3%) free+waste,    38.81 KB ( <1%) overhead. 
       Both:     53.25 MB capacity,    52.60 MB ( 99%) used,   545.33 KB (  1%) free+waste,   123.38 KB ( <1%) overhead. 

Virtual space:
  Non-class space:       48.00 MB reserved,      46.92 MB ( 98%) committed 
      Class space:        1.00 GB reserved,       6.63 MB ( <1%) committed 
             Both:        1.05 GB reserved,      53.55 MB (  5%) committed 

Chunk freelists:
   Non-Class:  53.00 KB
       Class:  26.00 KB
        Both:  79.00 KB

MaxMetaspaceSize: 17179869184.00 GB
CompressedClassSpaceSize: 1.00 GB

CodeHeap 'non-profiled nmethods': size=120000Kb used=1875Kb max_used=1875Kb free=118124Kb
 bounds [0x0000017a07ad0000, 0x0000017a07d40000, 0x0000017a0f000000]
CodeHeap 'profiled nmethods': size=120000Kb used=9227Kb max_used=9227Kb free=110773Kb
 bounds [0x0000017a005a0000, 0x0000017a00eb0000, 0x0000017a07ad0000]
CodeHeap 'non-nmethods': size=5760Kb used=1200Kb max_used=1238Kb free=4559Kb
 bounds [0x0000017a00000000, 0x0000017a00270000, 0x0000017a005a0000]
 total_blobs=4782 nmethods=4216 adapters=477
 compilation: enabled
              stopped_count=0, restarted_count=0
 full_count=0

Compilation events (20 events):
Event: 5.036 Thread 0x0000017a7f69b000 nmethod 4194 0x0000017a00e7a890 code [0x0000017a00e7aae0, 0x0000017a00e7b338]
Event: 5.036 Thread 0x0000017a7f69b000 4193       1       org.jetbrains.kotlin.metadata.ProtoBuf$Annotation$Argument$Value$Type::getNumber (5 bytes)
Event: 5.036 Thread 0x0000017a7f69b000 nmethod 4193 0x0000017a07ca1590 code [0x0000017a07ca1740, 0x0000017a07ca17f8]
Event: 5.036 Thread 0x0000017a7f69b000 4189       3       org.jetbrains.kotlin.protobuf.SmallSortedMap$EntryIterator::next (5 bytes)
Event: 5.036 Thread 0x0000017a7f69b000 nmethod 4189 0x0000017a00e7b590 code [0x0000017a00e7b740, 0x0000017a00e7b888]
Event: 5.036 Thread 0x0000017a7f69b000 4190       3       org.jetbrains.kotlin.protobuf.SmallSortedMap$EntryIterator::next (64 bytes)
Event: 5.037 Thread 0x0000017a7f69b000 nmethod 4190 0x0000017a00e7b910 code [0x0000017a00e7bb40, 0x0000017a00e7c3a8]
Event: 5.040 Thread 0x0000017a7f69b000 4195       3       java.util.regex.Pattern::append (39 bytes)
Event: 5.040 Thread 0x0000017a7f69b000 nmethod 4195 0x0000017a00e7c610 code [0x0000017a00e7c7e0, 0x0000017a00e7cb28]
Event: 5.040 Thread 0x0000017a7f69b000 4196       3       jdk.internal.misc.Unsafe::weakCompareAndSetObject (11 bytes)
Event: 5.040 Thread 0x0000017a7f69b000 nmethod 4196 0x0000017a00e7cc90 code [0x0000017a00e7ce40, 0x0000017a00e7cf98]
Event: 5.041 Thread 0x0000017a7f69b000 4197       1       org.jetbrains.kotlin.com.google.common.collect.ImmutableEntry::getKey (5 bytes)
Event: 5.042 Thread 0x0000017a7f69b000 nmethod 4197 0x0000017a07ca1890 code [0x0000017a07ca1a40, 0x0000017a07ca1af8]
Event: 5.042 Thread 0x0000017a7f69b000 4198       3       org.jetbrains.kotlin.com.google.common.collect.AbstractMapBasedMultimap$WrappedCollection::refreshIfEmpty (78 bytes)
Event: 5.042 Thread 0x0000017a7f69b000 nmethod 4198 0x0000017a00e7d010 code [0x0000017a00e7d220, 0x0000017a00e7d938]
Event: 5.042 Thread 0x0000017a7f69b000 4199       3       org.jetbrains.kotlin.psi.KtNameReferenceExpression::getReferencedName (30 bytes)
Event: 5.042 Thread 0x0000017a7f69b000 nmethod 4199 0x0000017a00e7db10 code [0x0000017a00e7dd40, 0x0000017a00e7e4d8]
Event: 5.042 Thread 0x0000017a7f69b000 4200       3       org.jetbrains.kotlin.psi.KtSimpleNameExpressionImpl$Companion::getReferencedNameImpl (44 bytes)
Event: 5.043 Thread 0x0000017a7f69b000 nmethod 4200 0x0000017a00e7e710 code [0x0000017a00e7ea00, 0x0000017a00e7f6a8]
Event: 5.043 Thread 0x0000017a7f69b000 4201       3       org.jetbrains.org.objectweb.asm.ClassReader::accept (1380 bytes)

GC Heap History (10 events):
Event: 0.718 GC heap before
{Heap before GC invocations=0 (full 0):
 garbage-first heap   total 131072K, used 27648K [0x0000000080400000, 0x0000000100000000)
  region size 1024K, 24 young (24576K), 0 survivors (0K)
 Metaspace       used 12381K, capacity 12504K, committed 12800K, reserved 1060864K
  class space    used 1165K, capacity 1207K, committed 1280K, reserved 1048576K
}
Event: 0.723 GC heap after
{Heap after GC invocations=1 (full 0):
 garbage-first heap   total 131072K, used 5954K [0x0000000080400000, 0x0000000100000000)
  region size 1024K, 3 young (3072K), 3 survivors (3072K)
 Metaspace       used 12381K, capacity 12504K, committed 12800K, reserved 1060864K
  class space    used 1165K, capacity 1207K, committed 1280K, reserved 1048576K
}
Event: 1.489 GC heap before
{Heap before GC invocations=1 (full 0):
 garbage-first heap   total 131072K, used 40770K [0x0000000080400000, 0x0000000100000000)
  region size 1024K, 38 young (38912K), 3 survivors (3072K)
 Metaspace       used 20919K, capacity 21178K, committed 21296K, reserved 1069056K
  class space    used 2271K, capacity 2379K, committed 2432K, reserved 1048576K
}
Event: 1.500 GC heap after
{Heap after GC invocations=2 (full 0):
 garbage-first heap   total 131072K, used 9318K [0x0000000080400000, 0x0000000100000000)
  region size 1024K, 7 young (7168K), 7 survivors (7168K)
 Metaspace       used 20919K, capacity 21178K, committed 21296K, reserved 1069056K
  class space    used 2271K, capacity 2379K, committed 2432K, reserved 1048576K
}
Event: 2.596 GC heap before
{Heap before GC invocations=3 (full 0):
 garbage-first heap   total 131072K, used 62566K [0x0000000080400000, 0x0000000100000000)
  region size 1024K, 54 young (55296K), 7 survivors (7168K)
 Metaspace       used 31545K, capacity 32032K, committed 32432K, reserved 1077248K
  class space    used 3788K, capacity 3972K, committed 4096K, reserved 1048576K
}
Event: 2.620 GC heap after
{Heap after GC invocations=4 (full 0):
 garbage-first heap   total 131072K, used 20494K [0x0000000080400000, 0x0000000100000000)
  region size 1024K, 7 young (7168K), 7 survivors (7168K)
 Metaspace       used 31545K, capacity 32032K, committed 32432K, reserved 1077248K
  class space    used 3788K, capacity 3972K, committed 4096K, reserved 1048576K
}
Event: 2.937 GC heap before
{Heap before GC invocations=4 (full 0):
 garbage-first heap   total 131072K, used 36878K [0x0000000080400000, 0x0000000100000000)
  region size 1024K, 24 young (24576K), 7 survivors (7168K)
 Metaspace       used 35226K, capacity 35729K, committed 35920K, reserved 1081344K
  class space    used 4404K, capacity 4583K, committed 4608K, reserved 1048576K
}
Event: 2.963 GC heap after
{Heap after GC invocations=5 (full 0):
 garbage-first heap   total 131072K, used 23050K [0x0000000080400000, 0x0000000100000000)
  region size 1024K, 7 young (7168K), 7 survivors (7168K)
 Metaspace       used 35226K, capacity 35729K, committed 35920K, reserved 1081344K
  class space    used 4404K, capacity 4583K, committed 4608K, reserved 1048576K
}
Event: 3.840 GC heap before
{Heap before GC invocations=6 (full 0):
 garbage-first heap   total 131072K, used 70154K [0x0000000080400000, 0x0000000100000000)
  region size 1024K, 53 young (54272K), 7 survivors (7168K)
 Metaspace       used 44215K, capacity 44658K, committed 44848K, reserved 1089536K
  class space    used 5293K, capacity 5467K, committed 5504K, reserved 1048576K
}
Event: 3.858 GC heap after
{Heap after GC invocations=7 (full 0):
 garbage-first heap   total 162816K, used 25616K [0x0000000080400000, 0x0000000100000000)
  region size 1024K, 7 young (7168K), 7 survivors (7168K)
 Metaspace       used 44215K, capacity 44658K, committed 44848K, reserved 1089536K
  class space    used 5293K, capacity 5467K, committed 5504K, reserved 1048576K
}

Deoptimization events (20 events):
Event: 4.889 Thread 0x0000017a75a59000 DEOPT PACKING pc=0x0000017a07c50b40 sp=0x00000057935fa8e0
Event: 4.889 Thread 0x0000017a75a59000 DEOPT UNPACKING pc=0x0000017a0002662f sp=0x00000057935fa880 mode 2
Event: 4.889 Thread 0x0000017a75a59000 Uncommon trap: trap_request=0xffffffc6 fr.pc=0x0000017a07c50a84 relative=0x0000000000000e64
Event: 4.889 Thread 0x0000017a75a59000 Uncommon trap: reason=bimorphic_or_optimized_type_check action=maybe_recompile pc=0x0000017a07c50a84 method=gnu.trove.TObjectHash.insertionIndex(Ljava/lang/Object;)I @ 30 c2
Event: 4.889 Thread 0x0000017a75a59000 DEOPT PACKING pc=0x0000017a07c50a84 sp=0x00000057935fa8e0
Event: 4.889 Thread 0x0000017a75a59000 DEOPT UNPACKING pc=0x0000017a0002662f sp=0x00000057935fa880 mode 2
Event: 4.889 Thread 0x0000017a75a59000 Uncommon trap: trap_request=0xffffffc6 fr.pc=0x0000017a07c50a84 relative=0x0000000000000e64
Event: 4.889 Thread 0x0000017a75a59000 Uncommon trap: reason=bimorphic_or_optimized_type_check action=maybe_recompile pc=0x0000017a07c50a84 method=gnu.trove.TObjectHash.insertionIndex(Ljava/lang/Object;)I @ 30 c2
Event: 4.889 Thread 0x0000017a75a59000 DEOPT PACKING pc=0x0000017a07c50a84 sp=0x00000057935fa8e0
Event: 4.889 Thread 0x0000017a75a59000 DEOPT UNPACKING pc=0x0000017a0002662f sp=0x00000057935fa880 mode 2
Event: 4.889 Thread 0x0000017a75a59000 Uncommon trap: trap_request=0xffffffc6 fr.pc=0x0000017a07c50a84 relative=0x0000000000000e64
Event: 4.889 Thread 0x0000017a75a59000 Uncommon trap: reason=bimorphic_or_optimized_type_check action=maybe_recompile pc=0x0000017a07c50a84 method=gnu.trove.TObjectHash.insertionIndex(Ljava/lang/Object;)I @ 30 c2
Event: 4.889 Thread 0x0000017a75a59000 DEOPT PACKING pc=0x0000017a07c50a84 sp=0x00000057935fa8e0
Event: 4.890 Thread 0x0000017a75a59000 DEOPT UNPACKING pc=0x0000017a0002662f sp=0x00000057935fa880 mode 2
Event: 5.037 Thread 0x0000017a75a59000 DEOPT PACKING pc=0x0000017a00b75eff sp=0x00000057935fda00
Event: 5.037 Thread 0x0000017a75a59000 DEOPT UNPACKING pc=0x0000017a00026dde sp=0x00000057935fce50 mode 0
Event: 5.040 Thread 0x0000017a75a59000 Uncommon trap: trap_request=0xffffff4d fr.pc=0x0000017a07c96414 relative=0x00000000000005b4
Event: 5.040 Thread 0x0000017a75a59000 Uncommon trap: reason=unstable_if action=reinterpret pc=0x0000017a07c96414 method=java.lang.String.replace(CC)Ljava/lang/String; @ 2 c2
Event: 5.040 Thread 0x0000017a75a59000 DEOPT PACKING pc=0x0000017a07c96414 sp=0x00000057935fd880
Event: 5.040 Thread 0x0000017a75a59000 DEOPT UNPACKING pc=0x0000017a0002662f sp=0x00000057935fd830 mode 2

Classes redefined (0 events):
No events

Internal exceptions (20 events):
Event: 1.901 Thread 0x0000017a75a59000 Exception <a 'java/lang/NoSuchMethodError'{0x000000008723dcd0}: 'java.lang.Object java.lang.invoke.DelegatingMethodHandle$Holder.reinvoke_L(java.lang.Object, int, int, java.lang.Object, java.lang.Object, java.lang.Object)'> (0x000000008723dcd0) thrown at [./src/hotspot/share/interpreter/linkResolver.cpp, line 773]
Event: 1.901 Thread 0x0000017a75a59000 Exception <a 'java/lang/NoSuchMethodError'{0x0000000087242058}: 'java.lang.Object java.lang.invoke.DirectMethodHandle$Holder.invokeStatic(java.lang.Object, java.lang.Object, java.lang.Object, java.lang.Object, int)'> (0x0000000087242058) thrown at [./src/hotspot/share/interpreter/linkResolver.cpp, line 773]
Event: 1.952 Thread 0x0000017a75a59000 Exception <a 'sun/nio/fs/WindowsException'{0x0000000087184088}> (0x0000000087184088) thrown at [./src/hotspot/share/prims/jni.cpp, line 615]
Event: 1.952 Thread 0x0000017a75a59000 Exception <a 'sun/nio/fs/WindowsException'{0x0000000087184900}> (0x0000000087184900) thrown at [./src/hotspot/share/prims/jni.cpp, line 615]
Event: 1.952 Thread 0x0000017a75a59000 Exception <a 'sun/nio/fs/WindowsException'{0x0000000087185188}> (0x0000000087185188) thrown at [./src/hotspot/share/prims/jni.cpp, line 615]
Event: 1.952 Thread 0x0000017a75a59000 Exception <a 'sun/nio/fs/WindowsException'{0x0000000087185b80}> (0x0000000087185b80) thrown at [./src/hotspot/share/prims/jni.cpp, line 615]
Event: 1.952 Thread 0x0000017a75a59000 Exception <a 'sun/nio/fs/WindowsException'{0x0000000087186488}> (0x0000000087186488) thrown at [./src/hotspot/share/prims/jni.cpp, line 615]
Event: 1.953 Thread 0x0000017a75a59000 Exception <a 'sun/nio/fs/WindowsException'{0x0000000087186dc0}> (0x0000000087186dc0) thrown at [./src/hotspot/share/prims/jni.cpp, line 615]
Event: 1.955 Thread 0x0000017a75a59000 Exception <a 'java/lang/NoSuchMethodError'{0x000000008718d5d0}: 'void java.lang.invoke.DirectMethodHandle$Holder.invokeStatic(java.lang.Object, java.lang.Object, java.lang.Object, java.lang.Object)'> (0x000000008718d5d0) thrown at [./src/hotspot/share/interpreter/linkResolver.cpp, line 773]
Event: 2.025 Thread 0x0000017a75a59000 Exception <a 'java/lang/NoSuchMethodError'{0x0000000086d6a688}: 'void java.lang.invoke.DirectMethodHandle$Holder.invokeStaticInit(java.lang.Object, java.lang.Object)'> (0x0000000086d6a688) thrown at [./src/hotspot/share/interpreter/linkResolver.cpp, line 773]
Event: 2.123 Thread 0x0000017a75a59000 Exception <a 'java/lang/NoSuchMethodError'{0x0000000086862cd0}: 'void java.lang.invoke.DirectMethodHandle$Holder.invokeVirtual(java.lang.Object, java.lang.Object)'> (0x0000000086862cd0) thrown at [./src/hotspot/share/interpreter/linkResolver.cpp, line 773]
Event: 2.131 Thread 0x0000017a75a59000 Exception <a 'java/lang/NoSuchMethodError'{0x00000000868d7e38}: 'int java.lang.invoke.DirectMethodHandle$Holder.invokeVirtual(java.lang.Object, java.lang.Object)'> (0x00000000868d7e38) thrown at [./src/hotspot/share/interpreter/linkResolver.cpp, line 773]
Event: 3.066 Thread 0x0000017a75a59000 Exception <a 'java/lang/NoSuchMethodError'{0x0000000087f36150}: 'java.lang.Object java.lang.invoke.DirectMethodHandle$Holder.invokeVirtual(java.lang.Object, java.lang.Object, java.lang.Object)'> (0x0000000087f36150) thrown at [./src/hotspot/share/interpreter/linkResolver.cpp, line 773]
Event: 3.826 Thread 0x0000017a75a59000 Exception <a 'java/lang/NoSuchMethodError'{0x0000000084fea888}: 'java.lang.Object java.lang.invoke.Invokers$Holder.linkToTargetMethod(java.lang.Object, int, java.lang.Object)'> (0x0000000084fea888) thrown at [./src/hotspot/share/interpreter/linkResolver.cpp, line 773]
Event: 3.860 Thread 0x0000017a75a59000 Implicit null exception at 0x0000017a07c17df0 to 0x0000017a07c17eb0
Event: 4.267 Thread 0x0000017a75a59000 Exception <a 'java/lang/NoSuchMethodError'{0x0000000089571b90}: 'java.lang.Object java.lang.invoke.DirectMethodHandle$Holder.invokeStatic(java.lang.Object, java.lang.Object, java.lang.Object, int)'> (0x0000000089571b90) thrown at [./src/hotspot/share/interpreter/linkResolver.cpp, line 773]
Event: 4.268 Thread 0x0000017a75a59000 Exception <a 'java/lang/NoSuchMethodError'{0x0000000089575800}: 'java.lang.Object java.lang.invoke.DirectMethodHandle$Holder.invokeSpecial(java.lang.Object, java.lang.Object, java.lang.Object, java.lang.Object, int)'> (0x0000000089575800) thrown at [./src/hotspot/share/interpreter/linkResolver.cpp, line 773]
Event: 4.268 Thread 0x0000017a75a59000 Exception <a 'java/lang/NoSuchMethodError'{0x0000000089578b10}: 'java.lang.Object java.lang.invoke.Invokers$Holder.linkToTargetMethod(java.lang.Object, java.lang.Object, int, java.lang.Object)'> (0x0000000089578b10) thrown at [./src/hotspot/share/interpreter/linkResolver.cpp, line 773]
Event: 4.915 Thread 0x0000017a75a59000 Exception <a 'java/lang/NoSuchMethodError'{0x00000000876bac00}: 'java.lang.Object java.lang.invoke.DirectMethodHandle$Holder.invokeSpecial(java.lang.Object, java.lang.Object, java.lang.Object, java.lang.Object, java.lang.Object, int)'> (0x00000000876bac00) thrown at [./src/hotspot/share/interpreter/linkResolver.cpp, line 773]
Event: 4.915 Thread 0x0000017a75a59000 Exception <a 'java/lang/NoSuchMethodError'{0x00000000876be7a0}: 'java.lang.Object java.lang.invoke.Invokers$Holder.linkToTargetMethod(java.lang.Object, java.lang.Object, java.lang.Object, int, java.lang.Object)'> (0x00000000876be7a0) thrown at [./src/hotspot/share/interpreter/linkResolver.cpp, line 773]

Events (20 events):
Event: 4.993 loading class org/jetbrains/kotlin/load/java/typeEnhancement/SignatureEnhancement$enhanceSignature$returnTypeEnhancement$1
Event: 4.993 loading class org/jetbrains/kotlin/load/java/typeEnhancement/SignatureEnhancement$enhanceSignature$returnTypeEnhancement$1 done
Event: 4.993 loading class org/jetbrains/kotlin/load/java/typeEnhancement/SignatureEnhancement$containsFunctionN$1
Event: 4.993 loading class org/jetbrains/kotlin/load/java/typeEnhancement/SignatureEnhancement$containsFunctionN$1 done
Event: 5.035 loading class org/jetbrains/kotlin/load/kotlin/ModuleVisibilityUtilsKt
Event: 5.035 loading class org/jetbrains/kotlin/load/kotlin/ModuleVisibilityUtilsKt done
Event: 5.035 loading class org/jetbrains/kotlin/serialization/deserialization/descriptors/DeserializedTypeAliasDescriptor
Event: 5.035 loading class org/jetbrains/kotlin/serialization/deserialization/descriptors/DeserializedTypeAliasDescriptor done
Event: 5.036 loading class org/jetbrains/kotlin/descriptors/impl/AbstractTypeAliasDescriptor
Event: 5.036 loading class org/jetbrains/kotlin/descriptors/impl/AbstractTypeAliasDescriptor done
Event: 5.036 loading class org/jetbrains/kotlin/load/kotlin/KotlinJvmBinaryPackageSourceElement
Event: 5.036 loading class org/jetbrains/kotlin/load/kotlin/KotlinJvmBinaryPackageSourceElement done
Event: 5.037 loading class org/jetbrains/kotlin/com/intellij/util/PathUtil
Event: 5.037 loading class org/jetbrains/kotlin/com/intellij/util/PathUtil done
Event: 5.038 loading class org/jetbrains/kotlin/com/intellij/util/io/URLUtil
Event: 5.038 loading class org/jetbrains/kotlin/com/intellij/util/io/URLUtil done
Event: 5.038 loading class java/util/regex/Pattern$Bound
Event: 5.039 loading class java/util/regex/Pattern$Bound done
Event: 5.039 loading class java/util/regex/Pattern$NotBehind
Event: 5.039 loading class java/util/regex/Pattern$NotBehind done


Dynamic libraries:
0x00007ff70d1b0000 - 0x00007ff70d1ba000 	C:\Program Files\Android\Android Studio\jre\bin\java.exe
0x00007fffe7490000 - 0x00007fffe7688000 	C:\WINDOWS\SYSTEM32\ntdll.dll
0x00007fffe6320000 - 0x00007fffe63dd000 	C:\WINDOWS\System32\KERNEL32.DLL
0x00007fffe51b0000 - 0x00007fffe547e000 	C:\WINDOWS\System32\KERNELBASE.dll
0x00007fffe4d00000 - 0x00007fffe4e00000 	C:\WINDOWS\System32\ucrtbase.dll
0x00007fffc6840000 - 0x00007fffc6859000 	C:\Program Files\Android\Android Studio\jre\bin\jli.dll
0x00007fffbb520000 - 0x00007fffbb537000 	C:\Program Files\Android\Android Studio\jre\bin\VCRUNTIME140.dll
0x00007fffe5a00000 - 0x00007fffe5ba0000 	C:\WINDOWS\System32\USER32.dll
0x00007fffd01c0000 - 0x00007fffd045a000 	C:\WINDOWS\WinSxS\amd64_microsoft.windows.common-controls_6595b64144ccf1df_6.0.19041.1110_none_60b5254171f9507e\COMCTL32.dll
0x00007fffe4ca0000 - 0x00007fffe4cc2000 	C:\WINDOWS\System32\win32u.dll
0x00007fffe5760000 - 0x00007fffe57fe000 	C:\WINDOWS\System32\msvcrt.dll
0x00007fffe6ff0000 - 0x00007fffe701a000 	C:\WINDOWS\System32\GDI32.dll
0x00007fffe4e90000 - 0x00007fffe4f9b000 	C:\WINDOWS\System32\gdi32full.dll
0x00007fffe4c00000 - 0x00007fffe4c9d000 	C:\WINDOWS\System32\msvcp_win.dll
0x00007fffe63e0000 - 0x00007fffe6410000 	C:\WINDOWS\System32\IMM32.DLL
0x00007fffb8b30000 - 0x00007fffb8bcd000 	C:\Program Files\Android\Android Studio\jre\bin\msvcp140.dll
0x00007fffb78a0000 - 0x00007fffb8375000 	C:\Program Files\Android\Android Studio\jre\bin\server\jvm.dll
0x00007fffe6010000 - 0x00007fffe60be000 	C:\WINDOWS\System32\ADVAPI32.dll
0x00007fffe5800000 - 0x00007fffe589c000 	C:\WINDOWS\System32\sechost.dll
0x00007fffe60c0000 - 0x00007fffe61e5000 	C:\WINDOWS\System32\RPCRT4.dll
0x00007fffe56f0000 - 0x00007fffe56f8000 	C:\WINDOWS\System32\PSAPI.DLL
0x00007fffe2380000 - 0x00007fffe2389000 	C:\WINDOWS\SYSTEM32\WSOCK32.dll
0x00007fffd96e0000 - 0x00007fffd9707000 	C:\WINDOWS\SYSTEM32\WINMM.dll
0x00007fffe55a0000 - 0x00007fffe560b000 	C:\WINDOWS\System32\WS2_32.dll
0x00007fffdf910000 - 0x00007fffdf91a000 	C:\WINDOWS\SYSTEM32\VERSION.dll
0x00007fffe2ac0000 - 0x00007fffe2ad2000 	C:\WINDOWS\SYSTEM32\kernel.appcore.dll
0x00007fffe2360000 - 0x00007fffe2371000 	C:\Program Files\Android\Android Studio\jre\bin\verify.dll
0x00007fffd0d90000 - 0x00007fffd0f74000 	C:\WINDOWS\SYSTEM32\DBGHELP.DLL
0x00007fffdedf0000 - 0x00007fffdee1c000 	C:\WINDOWS\SYSTEM32\dbgcore.DLL
0x00007fffe4e00000 - 0x00007fffe4e82000 	C:\WINDOWS\System32\bcryptPrimitives.dll
0x00007fffcd9a0000 - 0x00007fffcd9c9000 	C:\Program Files\Android\Android Studio\jre\bin\java.dll
0x00007fffcedd0000 - 0x00007fffceddb000 	C:\Program Files\Android\Android Studio\jre\bin\jimage.dll
0x00007fffce8f0000 - 0x00007fffce908000 	C:\Program Files\Android\Android Studio\jre\bin\zip.dll
0x00007fffe6530000 - 0x00007fffe6c73000 	C:\WINDOWS\System32\SHELL32.dll
0x00007fffe2cc0000 - 0x00007fffe3455000 	C:\WINDOWS\SYSTEM32\windows.storage.dll
0x00007fffe6c80000 - 0x00007fffe6fd4000 	C:\WINDOWS\System32\combase.dll
0x00007fffe4540000 - 0x00007fffe4570000 	C:\WINDOWS\SYSTEM32\Wldp.dll
0x00007fffe54f0000 - 0x00007fffe559d000 	C:\WINDOWS\System32\SHCORE.dll
0x00007fffe62c0000 - 0x00007fffe6315000 	C:\WINDOWS\System32\shlwapi.dll
0x00007fffe4af0000 - 0x00007fffe4b0f000 	C:\WINDOWS\SYSTEM32\profapi.dll
0x00007fffbc8b0000 - 0x00007fffbc8ca000 	C:\Program Files\Android\Android Studio\jre\bin\net.dll
0x00007fffdecb0000 - 0x00007fffdedba000 	C:\WINDOWS\SYSTEM32\WINHTTP.dll
0x00007fffe42a0000 - 0x00007fffe430a000 	C:\WINDOWS\system32\mswsock.dll
0x00007fffbc890000 - 0x00007fffbc8a4000 	C:\Program Files\Android\Android Studio\jre\bin\nio.dll

dbghelp: loaded successfully - version: 4.0.5 - missing functions: none
symbol engine: initialized successfully - sym options: 0x614 - pdb path: .;C:\Program Files\Android\Android Studio\jre\bin;C:\WINDOWS\SYSTEM32;C:\WINDOWS\WinSxS\amd64_microsoft.windows.common-controls_6595b64144ccf1df_6.0.19041.1110_none_60b5254171f9507e;C:\Program Files\Android\Android Studio\jre\bin\server

VM Arguments:
java_command: org.jetbrains.kotlin.cli.jvm.K2JVMCompiler @C:\Users\David\AndroidStudioProjects\BlueTV\app\build\20220928_2068304320029681979.compiler.options
java_class_path (initial): C:\Users\David\.gradle\caches\modules-2\files-2.1\org.jetbrains.kotlin\kotlin-compiler-embeddable\1.6.21\97bdd5a752ce73b58ef16c17bc7f0ea2faff7a2e\kotlin-compiler-embeddable-1.6.21.jar;C:\Users\David\.gradle\caches\modules-2\files-2.1\org.jetbrains.kotlin\kotlin-reflect\1.6.21\5dc3574d9b7bebfcb4ec6b10ada4aaa9e140bd0b\kotlin-reflect-1.6.21.jar;C:\Users\David\.gradle\caches\modules-2\files-2.1\org.jetbrains.kotlin\kotlin-stdlib\1.6.21\11ef67f1900634fd951bad28c53ec957fabbe5b8\kotlin-stdlib-1.6.21.jar;C:\Users\David\.gradle\caches\modules-2\files-2.1\org.jetbrains.kotlin\kotlin-script-runtime\1.6.21\99c6675100da5d6d5b1c5a1032f27f28008d101b\kotlin-script-runtime-1.6.21.jar;C:\Users\David\.gradle\caches\modules-2\files-2.1\org.jetbrains.kotlin\kotlin-daemon-embeddable\1.6.21\46b78cf392e1c4f10854c3cadba44abb7b82250f\kotlin-daemon-embeddable-1.6.21.jar;C:\Users\David\.gradle\caches\modules-2\files-2.1\org.jetbrains.intellij.deps\trove4j\1.0.20200330\3afb14d5f9ceb459d724e907a21145e8ff394f02\trove4j-1.0.20200330.jar;C:\Users\David\.gradle\caches\modules-2\files-2.1\net.java.dev.jna\jna\5.6.0\330f2244e9030119ab3030fc3fededc86713d9cc\jna-5.6.0.jar;C:\Users\David\.gradle\caches\modules-2\files-2.1\org.jetbrains.kotlin\kotlin-stdlib-common\1.6.21\5e5b55c26dbc80372a920aef60eb774b714559b8\kotlin-stdlib-common-1.6.21.jar;C:\Users\David\.gradle\caches\modules-2\files-2.1\org.jetbrains\annotations\13.0\919f0dfe192fb4e063e7dacadee7f8bb9a2672a9\annotations-13.0.jar
Launcher Type: SUN_STANDARD

[Global flags]
     intx CICompilerCount                          = 4                                         {product} {ergonomic}
     uint ConcGCThreads                            = 2                                         {product} {ergonomic}
     uint G1ConcRefinementThreads                  = 8                                         {product} {ergonomic}
   size_t G1HeapRegionSize                         = 1048576                                   {product} {ergonomic}
    uintx GCDrainStackTargetSize                   = 64                                        {product} {ergonomic}
   size_t InitialHeapSize                          = 134217728                                 {product} {ergonomic}
   size_t MarkStackSize                            = 4194304                                   {product} {ergonomic}
   size_t MaxHeapSize                              = 2143289344                                {product} {ergonomic}
   size_t MaxNewSize                               = 1285554176                                {product} {ergonomic}
   size_t MinHeapDeltaBytes                        = 1048576                                   {product} {ergonomic}
    uintx NonNMethodCodeHeapSize                   = 5836300                                {pd product} {ergonomic}
    uintx NonProfiledCodeHeapSize                  = 122910970                              {pd product} {ergonomic}
    uintx ProfiledCodeHeapSize                     = 122910970                              {pd product} {ergonomic}
    uintx ReservedCodeCacheSize                    = 251658240                              {pd product} {ergonomic}
     bool SegmentedCodeCache                       = true                                      {product} {ergonomic}
     bool UseCompressedClassPointers               = true                                 {lp64_product} {ergonomic}
     bool UseCompressedOops                        = true                                 {lp64_product} {ergonomic}
     bool UseG1GC                                  = true                                      {product} {ergonomic}
     bool UseLargePagesIndividualAllocation        = false                                  {pd product} {ergonomic}

Logging:
Log output configuration:
 #0: stdout all=warning uptime,level,tags
 #1: stderr all=off uptime,level,tags

Environment Variables:
PATH=C:\WINDOWS\system32;C:\WINDOWS;C:\WINDOWS\System32\Wbem;C:\WINDOWS\System32\WindowsPowerShell\v1.0\;C:\WINDOWS\System32\OpenSSH\;C:\Program Files\dotnet\;C:\Program Files\Git\cmd;C:\Program Files\nodejs\;C:\Users\David\AppData\Local\Microsoft\WindowsApps;C:\Users\JULIETH\AppData\Local\GitHubDesktop\bin;C:\Users\JULIETH\AppData\Local\Programs\Microsoft VS Code\bin;C:\Users\JULIETH\AppData\Roaming\npm
USERNAME=JULIETH
OS=Windows_NT
PROCESSOR_IDENTIFIER=AMD64 Family 21 Model 2 Stepping 0, AuthenticAMD



---------------  S Y S T E M  ---------------

OS: Windows 10 , 64 bit Build 19041 (10.0.19041.1889)
OS uptime: 0 days 0:17 hours

CPU:total 8 (initial active 8) (8 cores per cpu, 1 threads per core) family 21 model 2 stepping 0 microcode 0x0, cmov, cx8, fxsr, mmx, sse, sse2, sse3, ssse3, sse4.1, sse4.2, popcnt, avx, aes, clmul, mmxext, 3dnowpref, lzcnt, sse4a, tsc, tscinvbit, tscinv, bmi1, fma

Memory: 4k page, system-wide physical 8168M (982M free)
TotalPageFile size 8184M (AvailPageFile size 5M)
current process WorkingSet (physical memory assigned to process): 261M, peak: 261M
current process commit charge ("private bytes"): 346M, peak: 348M

vm_info: OpenJDK 64-Bit Server VM (11.0.11+9-b60-7590822) for windows-amd64 JRE (11.0.11+9-b60-7590822), built on Jul 29 2021 21:43:44 by "builder" with MS VC++ 14.0 (VS2015)

END.
