#
# There is insufficient memory for the Java Runtime Environment to continue.
# Native memory allocation (malloc) failed to allocate 872096 bytes for Chunk::new
# Possible reasons:
#   The system is out of physical RAM or swap space
#   The process is running with CompressedOops enabled, and the Java Heap may be blocking the growth of the native heap
# Possible solutions:
#   Reduce memory load on the system
#   Increase physical memory or swap space
#   Check if swap backing store is full
#   Decrease Java heap size (-Xmx/-Xms)
#   Decrease number of Java threads
#   Decrease Java thread stack sizes (-Xss)
#   Set larger code cache with -XX:ReservedCodeCacheSize=
#   JVM is running with Unscaled Compressed Oops mode in which the Java heap is
#     placed in the first 4GB address space. The Java Heap base address is the
#     maximum limit for the native heap growth. Please use -XX:HeapBaseMinAddress
#     to set the Java Heap base and to place the Java Heap above 4GB virtual address.
# This output file may be truncated or incomplete.
#
#  Out of Memory Error (./src/hotspot/share/memory/arena.cpp:197), pid=14184, tid=4384
#
# JRE version: OpenJDK Runtime Environment (11.0.11+9) (build 11.0.11+9-b60-7590822)
# Java VM: OpenJDK 64-Bit Server VM (11.0.11+9-b60-7590822, mixed mode, tiered, compressed oops, g1 gc, windows-amd64)
# No core dump will be written. Minidumps are not enabled by default on client versions of Windows
#

---------------  S U M M A R Y ------------

Command Line: --add-opens=java.base/java.util=ALL-UNNAMED --add-opens=java.base/java.lang=ALL-UNNAMED --add-opens=java.base/java.lang.invoke=ALL-UNNAMED --add-opens=java.base/java.util=ALL-UNNAMED --add-opens=java.prefs/java.util.prefs=ALL-UNNAMED --add-opens=java.prefs/java.util.prefs=ALL-UNNAMED --add-opens=java.base/java.nio.charset=ALL-UNNAMED --add-opens=java.base/java.net=ALL-UNNAMED --add-opens=java.base/java.util.concurrent.atomic=ALL-UNNAMED -Xmx2048m -Dfile.encoding=UTF-8 -Duser.country=CO -Duser.language=es -Duser.variant org.gradle.launcher.daemon.bootstrap.GradleDaemon 7.2

Host: AMD FX-8320E Eight-Core Processor              , 8 cores, 7G,  Windows 10 , 64 bit Build 19041 (10.0.19041.1889)
Time: Sat Sep 10 09:33:51 2022 Hora est. Pacífico, Sudamérica elapsed time: 8.469703 seconds (0d 0h 0m 8s)

---------------  T H R E A D  ---------------

Current thread (0x0000024fa324f000):  JavaThread "C2 CompilerThread0" daemon [_thread_in_native, id=4384, stack(0x000000d715600000,0x000000d715700000)]


Current CompileTask:
C2:   8469 6073       4       org.objectweb.asm.SymbolTable::addConstantMemberReference (147 bytes)

Stack: [0x000000d715600000,0x000000d715700000]
Native frames: (J=compiled Java code, j=interpreted, Vv=VM code, C=native code)
V  [jvm.dll+0x5f214a]
V  [jvm.dll+0x726fb5]
V  [jvm.dll+0x7285cd]
V  [jvm.dll+0x728c83]
V  [jvm.dll+0x243278]
V  [jvm.dll+0xbc53c]
V  [jvm.dll+0xbca3c]
V  [jvm.dll+0x2b5c34]
V  [jvm.dll+0x508488]
V  [jvm.dll+0x203d53]
V  [jvm.dll+0x1fdbac]
V  [jvm.dll+0x1fb35f]
V  [jvm.dll+0x183d6c]
V  [jvm.dll+0x209a57]
V  [jvm.dll+0x2082a1]
V  [jvm.dll+0x6ef58f]
V  [jvm.dll+0x6e80b5]
V  [jvm.dll+0x5f1036]
C  [ucrtbase.dll+0x21bb2]
C  [KERNEL32.DLL+0x17034]
C  [ntdll.dll+0x52651]


---------------  P R O C E S S  ---------------

Threads class SMR info:
_java_thread_list=0x0000024faa2d60e0, length=123, elements={
0x0000024f88420800, 0x0000024fa28a6000, 0x0000024fa28a9800, 0x0000024fa3246000,
0x0000024fa3248000, 0x0000024fa324b000, 0x0000024fa324f000, 0x0000024fa28c8800,
0x0000024fa28c9000, 0x0000024fa339a000, 0x0000024fa552a800, 0x0000024fa346a000,
0x0000024fa5516800, 0x0000024fa3807000, 0x0000024fa56df800, 0x0000024fa46fd800,
0x0000024fa5be8000, 0x0000024fa4d23000, 0x0000024fa4d23800, 0x0000024fa5391000,
0x0000024fa5390800, 0x0000024fa5393000, 0x0000024fa5394800, 0x0000024fa659b000,
0x0000024fa5393800, 0x0000024fa5f2d800, 0x0000024fa5395000, 0x0000024fa5397000,
0x0000024fa5396000, 0x0000024fa5392000, 0x0000024fa67a8800, 0x0000024fa67aa000,
0x0000024fa67a9800, 0x0000024fa67a4800, 0x0000024fa67a7000, 0x0000024fa67ab000,
0x0000024fa67a5800, 0x0000024fa67a6000, 0x0000024fa67ac000, 0x0000024fa67ac800,
0x0000024fa67b1800, 0x0000024fa67af000, 0x0000024fa67ae800, 0x0000024fa67b0000,
0x0000024fa67b1000, 0x0000024faa37f800, 0x0000024faa37e000, 0x0000024faa380800,
0x0000024faa381000, 0x0000024faa37b800, 0x0000024faa382000, 0x0000024faa37c800,
0x0000024faa383000, 0x0000024faa37d000, 0x0000024faa383800, 0x0000024faa384800,
0x0000024faa37f000, 0x0000024faa388000, 0x0000024faa388800, 0x0000024faa385800,
0x0000024faa386000, 0x0000024faa387000, 0x0000024faa389800, 0x0000024faa38a000,
0x0000024fa9002000, 0x0000024fa8fff000, 0x0000024fa9000000, 0x0000024fa8ffd800,
0x0000024fa8ffe000, 0x0000024fa9001800, 0x0000024fa9000800, 0x0000024fa8ffc800,
0x0000024fa9008000, 0x0000024fa9005800, 0x0000024fa9006800, 0x0000024fa9003000,
0x0000024fa9007000, 0x0000024fa9004800, 0x0000024fa9004000, 0x0000024fa9009000,
0x0000024fa9009800, 0x0000024fa900a800, 0x0000024fa900b000, 0x0000024fa6a1f800,
0x0000024fa6a1b800, 0x0000024fa6a1a000, 0x0000024fa6a1e000, 0x0000024fa6a1e800,
0x0000024fa6a20800, 0x0000024fa6a1a800, 0x0000024fa6a1d000, 0x0000024fa6a21000,
0x0000024fa6a22000, 0x0000024fa6a1c800, 0x0000024fa6a24800, 0x0000024fa6a25000,
0x0000024fa6a27800, 0x0000024fa6a27000, 0x0000024fa6a26000, 0x0000024fa6a23000,
0x0000024fa6a23800, 0x0000024fa6a28800, 0x0000024fa8944000, 0x0000024fa8949000,
0x0000024fa894a000, 0x0000024fa8945000, 0x0000024fa894a800, 0x0000024fa8946800,
0x0000024fa8948000, 0x0000024fa894b800, 0x0000024fa8946000, 0x0000024fa8947800,
0x0000024fa8951000, 0x0000024fa894f000, 0x0000024fa894f800, 0x0000024fa8952000,
0x0000024fa8950800, 0x0000024fa894c800, 0x0000024fa8953000, 0x0000024fa894d000,
0x0000024fa894e000, 0x0000024fa9010000, 0x0000024fa900f000
}

Java Threads: ( => current thread )
  0x0000024f88420800 JavaThread "main" [_thread_blocked, id=11260, stack(0x000000d714a00000,0x000000d714b00000)]
  0x0000024fa28a6000 JavaThread "Reference Handler" daemon [_thread_blocked, id=8164, stack(0x000000d715100000,0x000000d715200000)]
  0x0000024fa28a9800 JavaThread "Finalizer" daemon [_thread_blocked, id=8748, stack(0x000000d715200000,0x000000d715300000)]
  0x0000024fa3246000 JavaThread "Signal Dispatcher" daemon [_thread_blocked, id=8824, stack(0x000000d715300000,0x000000d715400000)]
  0x0000024fa3248000 JavaThread "Attach Listener" daemon [_thread_blocked, id=11472, stack(0x000000d715400000,0x000000d715500000)]
  0x0000024fa324b000 JavaThread "Service Thread" daemon [_thread_blocked, id=7712, stack(0x000000d715500000,0x000000d715600000)]
=>0x0000024fa324f000 JavaThread "C2 CompilerThread0" daemon [_thread_in_native, id=4384, stack(0x000000d715600000,0x000000d715700000)]
  0x0000024fa28c8800 JavaThread "C1 CompilerThread0" daemon [_thread_blocked, id=1368, stack(0x000000d715700000,0x000000d715800000)]
  0x0000024fa28c9000 JavaThread "Sweeper thread" daemon [_thread_blocked, id=1472, stack(0x000000d715800000,0x000000d715900000)]
  0x0000024fa339a000 JavaThread "Common-Cleaner" daemon [_thread_blocked, id=9148, stack(0x000000d715900000,0x000000d715a00000)]
  0x0000024fa552a800 JavaThread "Daemon health stats" [_thread_blocked, id=11288, stack(0x000000d715c00000,0x000000d715d00000)]
  0x0000024fa346a000 JavaThread "Incoming local TCP Connector on port 50780" [_thread_in_native, id=11236, stack(0x000000d715b00000,0x000000d715c00000)]
  0x0000024fa5516800 JavaThread "Daemon periodic checks" [_thread_blocked, id=8996, stack(0x000000d716000000,0x000000d716100000)]
  0x0000024fa3807000 JavaThread "Daemon" [_thread_blocked, id=10680, stack(0x000000d716100000,0x000000d716200000)]
  0x0000024fa56df800 JavaThread "Handler for socket connection from /127.0.0.1:50780 to /127.0.0.1:50781" [_thread_in_native, id=13660, stack(0x000000d716200000,0x000000d716300000)]
  0x0000024fa46fd800 JavaThread "Cancel handler" [_thread_blocked, id=10884, stack(0x000000d716300000,0x000000d716400000)]
  0x0000024fa5be8000 JavaThread "Daemon worker" [_thread_in_vm, id=9424, stack(0x000000d716400000,0x000000d716500000)]
  0x0000024fa4d23000 JavaThread "Asynchronous log dispatcher for DefaultDaemonConnection: socket connection from /127.0.0.1:50780 to /127.0.0.1:50781" [_thread_blocked, id=6032, stack(0x000000d716500000,0x000000d716600000)]
  0x0000024fa4d23800 JavaThread "Stdin handler" [_thread_blocked, id=10640, stack(0x000000d716600000,0x000000d716700000)]
  0x0000024fa5391000 JavaThread "Daemon client event forwarder" [_thread_blocked, id=13696, stack(0x000000d716700000,0x000000d716800000)]
  0x0000024fa5390800 JavaThread "Cache worker for journal cache (C:\Users\JULIETH\.gradle\caches\journal-1)" [_thread_blocked, id=3252, stack(0x000000d716d00000,0x000000d716e00000)]
  0x0000024fa5393000 JavaThread "File lock request listener" [_thread_in_native, id=7024, stack(0x000000d716e00000,0x000000d716f00000)]
  0x0000024fa5394800 JavaThread "Cache worker for file hash cache (C:\Users\JULIETH\.gradle\caches\7.2\fileHashes)" [_thread_blocked, id=13912, stack(0x000000d717000000,0x000000d717100000)]
  0x0000024fa659b000 JavaThread "C2 CompilerThread1" daemon [_thread_in_native, id=1064, stack(0x000000d715f00000,0x000000d716000000)]
  0x0000024fa5393800 JavaThread "Cache worker for file hash cache (C:\Users\JULIETH\AndroidStudioProjects\BlueTV\.gradle\7.2\fileHashes)" [_thread_blocked, id=5464, stack(0x000000d717100000,0x000000d717200000)]
  0x0000024fa5f2d800 JavaThread "C2 CompilerThread2" daemon [_thread_in_native, id=9236, stack(0x000000d717200000,0x000000d717300000)]
  0x0000024fa5395000 JavaThread "File watcher server" daemon [_thread_in_native, id=11120, stack(0x000000d717300000,0x000000d717400000)]
  0x0000024fa5397000 JavaThread "File watcher consumer" daemon [_thread_blocked, id=10968, stack(0x000000d717400000,0x000000d717500000)]
  0x0000024fa5396000 JavaThread "jar transforms" [_thread_blocked, id=9448, stack(0x000000d717500000,0x000000d717600000)]
  0x0000024fa5392000 JavaThread "jar transforms Thread 2" [_thread_blocked, id=12716, stack(0x000000d717600000,0x000000d717700000)]
  0x0000024fa67a8800 JavaThread "jar transforms Thread 3" [_thread_blocked, id=11652, stack(0x000000d717700000,0x000000d717800000)]
  0x0000024fa67aa000 JavaThread "jar transforms Thread 4" [_thread_blocked, id=12024, stack(0x000000d717800000,0x000000d717900000)]
  0x0000024fa67a9800 JavaThread "jar transforms Thread 5" [_thread_blocked, id=8268, stack(0x000000d717900000,0x000000d717a00000)]
  0x0000024fa67a4800 JavaThread "jar transforms Thread 6" [_thread_blocked, id=13496, stack(0x000000d717a00000,0x000000d717b00000)]
  0x0000024fa67a7000 JavaThread "jar transforms Thread 7" [_thread_blocked, id=13604, stack(0x000000d717b00000,0x000000d717c00000)]
  0x0000024fa67ab000 JavaThread "jar transforms Thread 8" [_thread_blocked, id=2480, stack(0x000000d717c00000,0x000000d717d00000)]
  0x0000024fa67a5800 JavaThread "Cache worker for checksums cache (C:\Users\JULIETH\AndroidStudioProjects\BlueTV\.gradle\checksums)" [_thread_blocked, id=1860, stack(0x000000d717d00000,0x000000d717e00000)]
  0x0000024fa67a6000 JavaThread "Cache worker for cache directory md-supplier (C:\Users\JULIETH\.gradle\caches\7.2\md-supplier)" [_thread_blocked, id=12692, stack(0x000000d717e00000,0x000000d717f00000)]
  0x0000024fa67ac000 JavaThread "Cache worker for cache directory md-rule (C:\Users\JULIETH\.gradle\caches\7.2\md-rule)" [_thread_blocked, id=4916, stack(0x000000d717f00000,0x000000d718000000)]
  0x0000024fa67ac800 JavaThread "Cache worker for execution history cache (C:\Users\JULIETH\.gradle\caches\7.2\executionHistory)" [_thread_blocked, id=1936, stack(0x000000d718000000,0x000000d718100000)]
  0x0000024fa67b1800 JavaThread "Cache worker for file content cache (C:\Users\JULIETH\.gradle\caches\7.2\fileContent)" [_thread_blocked, id=7092, stack(0x000000d718100000,0x000000d718200000)]
  0x0000024fa67af000 JavaThread "Cache worker for dependencies-accessors (C:\Users\JULIETH\AndroidStudioProjects\BlueTV\.gradle\7.2\dependencies-accessors)" [_thread_blocked, id=9376, stack(0x000000d718200000,0x000000d718300000)]
  0x0000024fa67ae800 JavaThread "Cache worker for Build Output Cleanup Cache (C:\Users\JULIETH\AndroidStudioProjects\BlueTV\.gradle\buildOutputCleanup)" [_thread_blocked, id=13276, stack(0x000000d718300000,0x000000d718400000)]
  0x0000024fa67b0000 JavaThread "Unconstrained build operations" [_thread_blocked, id=8544, stack(0x000000d718400000,0x000000d718500000)]
  0x0000024fa67b1000 JavaThread "Unconstrained build operations Thread 2" [_thread_blocked, id=10064, stack(0x000000d718500000,0x000000d718600000)]
  0x0000024faa37f800 JavaThread "Unconstrained build operations Thread 3" [_thread_blocked, id=5844, stack(0x000000d718600000,0x000000d718700000)]
  0x0000024faa37e000 JavaThread "Unconstrained build operations Thread 4" [_thread_blocked, id=6416, stack(0x000000d718700000,0x000000d718800000)]
  0x0000024faa380800 JavaThread "Unconstrained build operations Thread 5" [_thread_blocked, id=4860, stack(0x000000d718800000,0x000000d718900000)]
  0x0000024faa381000 JavaThread "Unconstrained build operations Thread 6" [_thread_blocked, id=7088, stack(0x000000d718900000,0x000000d718a00000)]
  0x0000024faa37b800 JavaThread "Unconstrained build operations Thread 7" [_thread_blocked, id=12960, stack(0x000000d718a00000,0x000000d718b00000)]
  0x0000024faa382000 JavaThread "Unconstrained build operations Thread 8" [_thread_blocked, id=13124, stack(0x000000d718b00000,0x000000d718c00000)]
  0x0000024faa37c800 JavaThread "Unconstrained build operations Thread 9" [_thread_blocked, id=13864, stack(0x000000d718c00000,0x000000d718d00000)]
  0x0000024faa383000 JavaThread "Unconstrained build operations Thread 10" [_thread_blocked, id=3716, stack(0x000000d718d00000,0x000000d718e00000)]
  0x0000024faa37d000 JavaThread "Unconstrained build operations Thread 11" [_thread_blocked, id=13292, stack(0x000000d718e00000,0x000000d718f00000)]
  0x0000024faa383800 JavaThread "Unconstrained build operations Thread 12" [_thread_blocked, id=11524, stack(0x000000d718f00000,0x000000d719000000)]
  0x0000024faa384800 JavaThread "Unconstrained build operations Thread 13" [_thread_blocked, id=12476, stack(0x000000d719000000,0x000000d719100000)]
  0x0000024faa37f000 JavaThread "Unconstrained build operations Thread 14" [_thread_blocked, id=5972, stack(0x000000d719100000,0x000000d719200000)]
  0x0000024faa388000 JavaThread "Unconstrained build operations Thread 15" [_thread_blocked, id=7184, stack(0x000000d719200000,0x000000d719300000)]
  0x0000024faa388800 JavaThread "Unconstrained build operations Thread 16" [_thread_blocked, id=11732, stack(0x000000d719300000,0x000000d719400000)]
  0x0000024faa385800 JavaThread "Unconstrained build operations Thread 17" [_thread_blocked, id=6552, stack(0x000000d719400000,0x000000d719500000)]
  0x0000024faa386000 JavaThread "Unconstrained build operations Thread 18" [_thread_blocked, id=7412, stack(0x000000d719500000,0x000000d719600000)]
  0x0000024faa387000 JavaThread "Unconstrained build operations Thread 19" [_thread_blocked, id=13356, stack(0x000000d719600000,0x000000d719700000)]
  0x0000024faa389800 JavaThread "Unconstrained build operations Thread 20" [_thread_blocked, id=7872, stack(0x000000d719700000,0x000000d719800000)]
  0x0000024faa38a000 JavaThread "Unconstrained build operations Thread 21" [_thread_blocked, id=2736, stack(0x000000d719800000,0x000000d719900000)]
  0x0000024fa9002000 JavaThread "Unconstrained build operations Thread 22" [_thread_blocked, id=12984, stack(0x000000d719900000,0x000000d719a00000)]
  0x0000024fa8fff000 JavaThread "Unconstrained build operations Thread 23" [_thread_blocked, id=4852, stack(0x000000d719a00000,0x000000d719b00000)]
  0x0000024fa9000000 JavaThread "Unconstrained build operations Thread 24" [_thread_blocked, id=3392, stack(0x000000d719b00000,0x000000d719c00000)]
  0x0000024fa8ffd800 JavaThread "Unconstrained build operations Thread 25" [_thread_blocked, id=13360, stack(0x000000d719c00000,0x000000d719d00000)]
  0x0000024fa8ffe000 JavaThread "Unconstrained build operations Thread 26" [_thread_blocked, id=4244, stack(0x000000d719d00000,0x000000d719e00000)]
  0x0000024fa9001800 JavaThread "Unconstrained build operations Thread 27" [_thread_blocked, id=6172, stack(0x000000d719e00000,0x000000d719f00000)]
  0x0000024fa9000800 JavaThread "Unconstrained build operations Thread 28" [_thread_blocked, id=9928, stack(0x000000d719f00000,0x000000d71a000000)]
  0x0000024fa8ffc800 JavaThread "Unconstrained build operations Thread 29" [_thread_blocked, id=12148, stack(0x000000d71a000000,0x000000d71a100000)]
  0x0000024fa9008000 JavaThread "Unconstrained build operations Thread 30" [_thread_blocked, id=13332, stack(0x000000d71a100000,0x000000d71a200000)]
  0x0000024fa9005800 JavaThread "Unconstrained build operations Thread 31" [_thread_blocked, id=5520, stack(0x000000d71a200000,0x000000d71a300000)]
  0x0000024fa9006800 JavaThread "Unconstrained build operations Thread 32" [_thread_blocked, id=2196, stack(0x000000d71a300000,0x000000d71a400000)]
  0x0000024fa9003000 JavaThread "Unconstrained build operations Thread 33" [_thread_blocked, id=8724, stack(0x000000d71a400000,0x000000d71a500000)]
  0x0000024fa9007000 JavaThread "Unconstrained build operations Thread 34" [_thread_blocked, id=2456, stack(0x000000d71a500000,0x000000d71a600000)]
  0x0000024fa9004800 JavaThread "Unconstrained build operations Thread 35" [_thread_blocked, id=9296, stack(0x000000d71a600000,0x000000d71a700000)]
  0x0000024fa9004000 JavaThread "Unconstrained build operations Thread 36" [_thread_blocked, id=6896, stack(0x000000d71a700000,0x000000d71a800000)]
  0x0000024fa9009000 JavaThread "Unconstrained build operations Thread 37" [_thread_blocked, id=11900, stack(0x000000d71a800000,0x000000d71a900000)]
  0x0000024fa9009800 JavaThread "Unconstrained build operations Thread 38" [_thread_blocked, id=1552, stack(0x000000d71a900000,0x000000d71aa00000)]
  0x0000024fa900a800 JavaThread "Unconstrained build operations Thread 39" [_thread_blocked, id=7132, stack(0x000000d71aa00000,0x000000d71ab00000)]
  0x0000024fa900b000 JavaThread "Unconstrained build operations Thread 40" [_thread_blocked, id=9584, stack(0x000000d71ab00000,0x000000d71ac00000)]
  0x0000024fa6a1f800 JavaThread "Unconstrained build operations Thread 41" [_thread_blocked, id=520, stack(0x000000d71ac00000,0x000000d71ad00000)]
  0x0000024fa6a1b800 JavaThread "Unconstrained build operations Thread 42" [_thread_blocked, id=3056, stack(0x000000d71ad00000,0x000000d71ae00000)]
  0x0000024fa6a1a000 JavaThread "Unconstrained build operations Thread 43" [_thread_blocked, id=5140, stack(0x000000d71ae00000,0x000000d71af00000)]
  0x0000024fa6a1e000 JavaThread "Unconstrained build operations Thread 44" [_thread_blocked, id=5588, stack(0x000000d71af00000,0x000000d71b000000)]
  0x0000024fa6a1e800 JavaThread "Unconstrained build operations Thread 45" [_thread_blocked, id=4396, stack(0x000000d71b000000,0x000000d71b100000)]
  0x0000024fa6a20800 JavaThread "Unconstrained build operations Thread 46" [_thread_blocked, id=11768, stack(0x000000d71b100000,0x000000d71b200000)]
  0x0000024fa6a1a800 JavaThread "Unconstrained build operations Thread 47" [_thread_blocked, id=3024, stack(0x000000d71b200000,0x000000d71b300000)]
  0x0000024fa6a1d000 JavaThread "Unconstrained build operations Thread 48" [_thread_blocked, id=6100, stack(0x000000d71b300000,0x000000d71b400000)]
  0x0000024fa6a21000 JavaThread "Unconstrained build operations Thread 49" [_thread_blocked, id=1340, stack(0x000000d71b400000,0x000000d71b500000)]
  0x0000024fa6a22000 JavaThread "Unconstrained build operations Thread 50" [_thread_blocked, id=7108, stack(0x000000d71b500000,0x000000d71b600000)]
  0x0000024fa6a1c800 JavaThread "Unconstrained build operations Thread 51" [_thread_blocked, id=11720, stack(0x000000d71b600000,0x000000d71b700000)]
  0x0000024fa6a24800 JavaThread "Unconstrained build operations Thread 52" [_thread_blocked, id=8172, stack(0x000000d71b700000,0x000000d71b800000)]
  0x0000024fa6a25000 JavaThread "Unconstrained build operations Thread 53" [_thread_blocked, id=8792, stack(0x000000d71b800000,0x000000d71b900000)]
  0x0000024fa6a27800 JavaThread "Unconstrained build operations Thread 54" [_thread_blocked, id=4764, stack(0x000000d71b900000,0x000000d71ba00000)]
  0x0000024fa6a27000 JavaThread "Unconstrained build operations Thread 55" [_thread_blocked, id=11412, stack(0x000000d71ba00000,0x000000d71bb00000)]
  0x0000024fa6a26000 JavaThread "Unconstrained build operations Thread 56" [_thread_blocked, id=11160, stack(0x000000d71bb00000,0x000000d71bc00000)]
  0x0000024fa6a23000 JavaThread "Unconstrained build operations Thread 57" [_thread_blocked, id=11368, stack(0x000000d71bc00000,0x000000d71bd00000)]
  0x0000024fa6a23800 JavaThread "Unconstrained build operations Thread 58" [_thread_blocked, id=11492, stack(0x000000d71bd00000,0x000000d71be00000)]
  0x0000024fa6a28800 JavaThread "Unconstrained build operations Thread 59" [_thread_blocked, id=10672, stack(0x000000d71be00000,0x000000d71bf00000)]
  0x0000024fa8944000 JavaThread "Unconstrained build operations Thread 60" [_thread_blocked, id=3772, stack(0x000000d71bf00000,0x000000d71c000000)]
  0x0000024fa8949000 JavaThread "Unconstrained build operations Thread 61" [_thread_blocked, id=6860, stack(0x000000d71c000000,0x000000d71c100000)]
  0x0000024fa894a000 JavaThread "Unconstrained build operations Thread 62" [_thread_blocked, id=5620, stack(0x000000d71c100000,0x000000d71c200000)]
  0x0000024fa8945000 JavaThread "Unconstrained build operations Thread 63" [_thread_blocked, id=11988, stack(0x000000d71c200000,0x000000d71c300000)]
  0x0000024fa894a800 JavaThread "Unconstrained build operations Thread 64" [_thread_blocked, id=2244, stack(0x000000d71c300000,0x000000d71c400000)]
  0x0000024fa8946800 JavaThread "Unconstrained build operations Thread 65" [_thread_blocked, id=10960, stack(0x000000d71c400000,0x000000d71c500000)]
  0x0000024fa8948000 JavaThread "Unconstrained build operations Thread 66" [_thread_blocked, id=8804, stack(0x000000d71c500000,0x000000d71c600000)]
  0x0000024fa894b800 JavaThread "Unconstrained build operations Thread 67" [_thread_blocked, id=12360, stack(0x000000d71c600000,0x000000d71c700000)]
  0x0000024fa8946000 JavaThread "Unconstrained build operations Thread 68" [_thread_blocked, id=13756, stack(0x000000d71c700000,0x000000d71c800000)]
  0x0000024fa8947800 JavaThread "Unconstrained build operations Thread 69" [_thread_blocked, id=2908, stack(0x000000d71c800000,0x000000d71c900000)]
  0x0000024fa8951000 JavaThread "Unconstrained build operations Thread 70" [_thread_blocked, id=6940, stack(0x000000d71c900000,0x000000d71ca00000)]
  0x0000024fa894f000 JavaThread "Unconstrained build operations Thread 71" [_thread_blocked, id=764, stack(0x000000d71ca00000,0x000000d71cb00000)]
  0x0000024fa894f800 JavaThread "Unconstrained build operations Thread 72" [_thread_blocked, id=14268, stack(0x000000d71cb00000,0x000000d71cc00000)]
  0x0000024fa8952000 JavaThread "Unconstrained build operations Thread 73" [_thread_blocked, id=6792, stack(0x000000d71cc00000,0x000000d71cd00000)]
  0x0000024fa8950800 JavaThread "Unconstrained build operations Thread 74" [_thread_blocked, id=13436, stack(0x000000d71cd00000,0x000000d71ce00000)]
  0x0000024fa894c800 JavaThread "Unconstrained build operations Thread 75" [_thread_blocked, id=10652, stack(0x000000d71ce00000,0x000000d71cf00000)]
  0x0000024fa8953000 JavaThread "Unconstrained build operations Thread 76" [_thread_blocked, id=13544, stack(0x000000d71cf00000,0x000000d71d000000)]
  0x0000024fa894d000 JavaThread "Unconstrained build operations Thread 77" [_thread_blocked, id=13132, stack(0x000000d71d000000,0x000000d71d100000)]
  0x0000024fa894e000 JavaThread "Unconstrained build operations Thread 78" [_thread_blocked, id=2120, stack(0x000000d71d100000,0x000000d71d200000)]
  0x0000024fa9010000 JavaThread "Unconstrained build operations Thread 79" [_thread_blocked, id=11936, stack(0x000000d71d200000,0x000000d71d300000)]
  0x0000024fa900f000 JavaThread "Unconstrained build operations Thread 80" [_thread_blocked, id=11724, stack(0x000000d71d300000,0x000000d71d400000)]

Other Threads:
  0x0000024fa28a3800 VMThread "VM Thread" [stack: 0x000000d715000000,0x000000d715100000] [id=12508]
  0x0000024fa33a3000 WatcherThread [stack: 0x000000d715a00000,0x000000d715b00000] [id=9156]
  0x0000024f88438800 GCTaskThread "GC Thread#0" [stack: 0x000000d714b00000,0x000000d714c00000] [id=11504]
  0x0000024fa3c8e000 GCTaskThread "GC Thread#1" [stack: 0x000000d715d00000,0x000000d715e00000] [id=5556]
  0x0000024fa40a6000 GCTaskThread "GC Thread#2" [stack: 0x000000d715e00000,0x000000d715f00000] [id=12736]
  0x0000024fa47af800 GCTaskThread "GC Thread#3" [stack: 0x000000d716800000,0x000000d716900000] [id=5440]
  0x0000024fa5b97000 GCTaskThread "GC Thread#4" [stack: 0x000000d716900000,0x000000d716a00000] [id=8668]
  0x0000024fa4623800 GCTaskThread "GC Thread#5" [stack: 0x000000d716a00000,0x000000d716b00000] [id=516]
  0x0000024fa5bf5800 GCTaskThread "GC Thread#6" [stack: 0x000000d716b00000,0x000000d716c00000] [id=11536]
  0x0000024fa5bf6000 GCTaskThread "GC Thread#7" [stack: 0x000000d716c00000,0x000000d716d00000] [id=9368]
  0x0000024f88468800 ConcurrentGCThread "G1 Main Marker" [stack: 0x000000d714c00000,0x000000d714d00000] [id=2600]
  0x0000024f8846b800 ConcurrentGCThread "G1 Conc#0" [stack: 0x000000d714d00000,0x000000d714e00000] [id=908]
  0x0000024fa55f9000 ConcurrentGCThread "G1 Conc#1" [stack: 0x000000d716f00000,0x000000d717000000] [id=6256]
  0x0000024fa26f0800 ConcurrentGCThread "G1 Refine#0" [stack: 0x000000d714e00000,0x000000d714f00000] [id=8916]
  0x0000024fa26f1000 ConcurrentGCThread "G1 Young RemSet Sampling" [stack: 0x000000d714f00000,0x000000d715000000] [id=13832]

Threads with active compile tasks:
C2 CompilerThread0   8515 6073       4       org.objectweb.asm.SymbolTable::addConstantMemberReference (147 bytes)
C2 CompilerThread1   8515 6081       4       java.net.URLClassLoader$1::run (5 bytes)

VM state:not at safepoint (normal execution)

VM Mutex/Monitor currently owned by a thread: None

Heap address: 0x0000000080000000, size: 2048 MB, Compressed Oops mode: 32-bit
Narrow klass base: 0x0000000000000000, Narrow klass shift: 3
Compressed class space size: 1073741824 Address: 0x0000000100000000

Heap:
 garbage-first heap   total 157696K, used 116476K [0x0000000080000000, 0x0000000100000000)
  region size 1024K, 46 young (47104K), 7 survivors (7168K)
 Metaspace       used 56848K, capacity 58461K, committed 58696K, reserved 1099776K
  class space    used 7251K, capacity 7833K, committed 7936K, reserved 1048576K
Heap Regions: E=young(eden), S=young(survivor), O=old, HS=humongous(starts), HC=humongous(continues), CS=collection set, F=free, A=archive, TAMS=top-at-mark-start (previous, next)
|   0|0x0000000080000000, 0x0000000080100000, 0x0000000080100000|100%| O|  |TAMS 0x0000000080100000, 0x0000000080000000| Untracked 
|   1|0x0000000080100000, 0x0000000080200000, 0x0000000080200000|100%| O|  |TAMS 0x0000000080200000, 0x0000000080100000| Untracked 
|   2|0x0000000080200000, 0x0000000080300000, 0x0000000080300000|100%| O|  |TAMS 0x0000000080300000, 0x0000000080200000| Untracked 
|   3|0x0000000080300000, 0x0000000080400000, 0x0000000080400000|100%|HS|  |TAMS 0x0000000080400000, 0x0000000080300000| Complete 
|   4|0x0000000080400000, 0x0000000080500000, 0x0000000080500000|100%|HC|  |TAMS 0x0000000080500000, 0x0000000080400000| Complete 
|   5|0x0000000080500000, 0x0000000080600000, 0x0000000080600000|100%|HC|  |TAMS 0x0000000080600000, 0x0000000080500000| Complete 
|   6|0x0000000080600000, 0x0000000080700000, 0x0000000080700000|100%| O|  |TAMS 0x0000000080700000, 0x0000000080600000| Untracked 
|   7|0x0000000080700000, 0x0000000080800000, 0x0000000080800000|100%| O|  |TAMS 0x0000000080800000, 0x0000000080700000| Untracked 
|   8|0x0000000080800000, 0x0000000080900000, 0x0000000080900000|100%| O|  |TAMS 0x0000000080900000, 0x0000000080800000| Untracked 
|   9|0x0000000080900000, 0x0000000080a00000, 0x0000000080a00000|100%| O|  |TAMS 0x0000000080a00000, 0x0000000080900000| Untracked 
|  10|0x0000000080a00000, 0x0000000080b00000, 0x0000000080b00000|100%| O|  |TAMS 0x0000000080b00000, 0x0000000080a00000| Untracked 
|  11|0x0000000080b00000, 0x0000000080c00000, 0x0000000080c00000|100%| O|  |TAMS 0x0000000080c00000, 0x0000000080b00000| Untracked 
|  12|0x0000000080c00000, 0x0000000080d00000, 0x0000000080d00000|100%| O|  |TAMS 0x0000000080d00000, 0x0000000080c00000| Untracked 
|  13|0x0000000080d00000, 0x0000000080e00000, 0x0000000080e00000|100%| O|  |TAMS 0x0000000080e00000, 0x0000000080d00000| Untracked 
|  14|0x0000000080e00000, 0x0000000080f00000, 0x0000000080f00000|100%| O|  |TAMS 0x0000000080f00000, 0x0000000080e00000| Untracked 
|  15|0x0000000080f00000, 0x0000000081000000, 0x0000000081000000|100%| O|  |TAMS 0x0000000081000000, 0x0000000080f00000| Untracked 
|  16|0x0000000081000000, 0x0000000081100000, 0x0000000081100000|100%|HS|  |TAMS 0x0000000081100000, 0x0000000081000000| Complete 
|  17|0x0000000081100000, 0x0000000081200000, 0x0000000081200000|100%|HC|  |TAMS 0x0000000081200000, 0x0000000081100000| Complete 
|  18|0x0000000081200000, 0x0000000081300000, 0x0000000081300000|100%|HS|  |TAMS 0x0000000081300000, 0x0000000081200000| Complete 
|  19|0x0000000081300000, 0x0000000081400000, 0x0000000081400000|100%|HC|  |TAMS 0x0000000081400000, 0x0000000081300000| Complete 
|  20|0x0000000081400000, 0x0000000081500000, 0x0000000081500000|100%|HC|  |TAMS 0x0000000081500000, 0x0000000081400000| Complete 
|  21|0x0000000081500000, 0x0000000081600000, 0x0000000081600000|100%|HS|  |TAMS 0x0000000081600000, 0x0000000081500000| Complete 
|  22|0x0000000081600000, 0x0000000081700000, 0x0000000081700000|100%|HC|  |TAMS 0x0000000081700000, 0x0000000081600000| Complete 
|  23|0x0000000081700000, 0x0000000081800000, 0x0000000081800000|100%|HC|  |TAMS 0x0000000081800000, 0x0000000081700000| Complete 
|  24|0x0000000081800000, 0x0000000081900000, 0x0000000081900000|100%|HC|  |TAMS 0x0000000081900000, 0x0000000081800000| Complete 
|  25|0x0000000081900000, 0x0000000081a00000, 0x0000000081a00000|100%| O|  |TAMS 0x0000000081a00000, 0x0000000081900000| Untracked 
|  26|0x0000000081a00000, 0x0000000081b00000, 0x0000000081b00000|100%| O|  |TAMS 0x0000000081b00000, 0x0000000081a00000| Untracked 
|  27|0x0000000081b00000, 0x0000000081c00000, 0x0000000081c00000|100%| O|  |TAMS 0x0000000081c00000, 0x0000000081b00000| Untracked 
|  28|0x0000000081c00000, 0x0000000081d00000, 0x0000000081d00000|100%| O|  |TAMS 0x0000000081d00000, 0x0000000081c00000| Untracked 
|  29|0x0000000081d00000, 0x0000000081e00000, 0x0000000081e00000|100%| O|  |TAMS 0x0000000081e00000, 0x0000000081d00000| Untracked 
|  30|0x0000000081e00000, 0x0000000081f00000, 0x0000000081f00000|100%| O|  |TAMS 0x0000000081f00000, 0x0000000081e00000| Untracked 
|  31|0x0000000081f00000, 0x0000000082000000, 0x0000000082000000|100%| O|  |TAMS 0x0000000082000000, 0x0000000081f00000| Untracked 
|  32|0x0000000082000000, 0x0000000082100000, 0x0000000082100000|100%| O|  |TAMS 0x0000000082098e00, 0x0000000082000000| Untracked 
|  33|0x0000000082100000, 0x0000000082200000, 0x0000000082200000|100%|HS|  |TAMS 0x0000000082100000, 0x0000000082100000| Complete 
|  34|0x0000000082200000, 0x0000000082300000, 0x0000000082300000|100%|HC|  |TAMS 0x0000000082200000, 0x0000000082200000| Complete 
|  35|0x0000000082300000, 0x0000000082400000, 0x0000000082400000|100%|HC|  |TAMS 0x0000000082300000, 0x0000000082300000| Complete 
|  36|0x0000000082400000, 0x0000000082500000, 0x0000000082500000|100%| O|  |TAMS 0x0000000082400000, 0x0000000082400000| Untracked 
|  37|0x0000000082500000, 0x0000000082600000, 0x0000000082600000|100%| O|  |TAMS 0x0000000082500000, 0x0000000082500000| Untracked 
|  38|0x0000000082600000, 0x0000000082700000, 0x0000000082700000|100%| O|  |TAMS 0x0000000082600000, 0x0000000082600000| Untracked 
|  39|0x0000000082700000, 0x0000000082800000, 0x0000000082800000|100%|HS|  |TAMS 0x0000000082700000, 0x0000000082700000| Complete 
|  40|0x0000000082800000, 0x0000000082900000, 0x0000000082900000|100%|HC|  |TAMS 0x0000000082800000, 0x0000000082800000| Complete 
|  41|0x0000000082900000, 0x0000000082a00000, 0x0000000082a00000|100%|HC|  |TAMS 0x0000000082900000, 0x0000000082900000| Complete 
|  42|0x0000000082a00000, 0x0000000082b00000, 0x0000000082b00000|100%|HC|  |TAMS 0x0000000082a00000, 0x0000000082a00000| Complete 
|  43|0x0000000082b00000, 0x0000000082c00000, 0x0000000082c00000|100%| O|  |TAMS 0x0000000082b00000, 0x0000000082b00000| Untracked 
|  44|0x0000000082c00000, 0x0000000082d00000, 0x0000000082d00000|100%| O|  |TAMS 0x0000000082c00000, 0x0000000082c00000| Untracked 
|  45|0x0000000082d00000, 0x0000000082e00000, 0x0000000082e00000|100%| O|  |TAMS 0x0000000082d00000, 0x0000000082d00000| Untracked 
|  46|0x0000000082e00000, 0x0000000082f00000, 0x0000000082f00000|100%| O|  |TAMS 0x0000000082e00000, 0x0000000082e00000| Untracked 
|  47|0x0000000082f00000, 0x0000000083000000, 0x0000000083000000|100%| O|  |TAMS 0x0000000082f00000, 0x0000000082f00000| Untracked 
|  48|0x0000000083000000, 0x0000000083100000, 0x0000000083100000|100%| O|  |TAMS 0x0000000083000000, 0x0000000083000000| Untracked 
|  49|0x0000000083100000, 0x0000000083200000, 0x0000000083200000|100%| O|  |TAMS 0x0000000083100000, 0x0000000083100000| Untracked 
|  50|0x0000000083200000, 0x0000000083300000, 0x0000000083300000|100%| O|  |TAMS 0x0000000083200000, 0x0000000083200000| Untracked 
|  51|0x0000000083300000, 0x0000000083400000, 0x0000000083400000|100%| O|  |TAMS 0x0000000083300000, 0x0000000083300000| Untracked 
|  52|0x0000000083400000, 0x0000000083500000, 0x0000000083500000|100%| O|  |TAMS 0x0000000083400000, 0x0000000083400000| Untracked 
|  53|0x0000000083500000, 0x0000000083600000, 0x0000000083600000|100%| O|  |TAMS 0x0000000083500000, 0x0000000083500000| Untracked 
|  54|0x0000000083600000, 0x0000000083700000, 0x0000000083700000|100%|HS|  |TAMS 0x0000000083600000, 0x0000000083600000| Complete 
|  55|0x0000000083700000, 0x0000000083800000, 0x0000000083800000|100%|HS|  |TAMS 0x0000000083700000, 0x0000000083700000| Complete 
|  56|0x0000000083800000, 0x0000000083900000, 0x0000000083900000|100%|HS|  |TAMS 0x0000000083800000, 0x0000000083800000| Complete 
|  57|0x0000000083900000, 0x0000000083a00000, 0x0000000083a00000|100%|HS|  |TAMS 0x0000000083900000, 0x0000000083900000| Complete 
|  58|0x0000000083a00000, 0x0000000083b00000, 0x0000000083b00000|100%|HS|  |TAMS 0x0000000083a00000, 0x0000000083a00000| Complete 
|  59|0x0000000083b00000, 0x0000000083c00000, 0x0000000083c00000|100%|HC|  |TAMS 0x0000000083b00000, 0x0000000083b00000| Complete 
|  60|0x0000000083c00000, 0x0000000083d00000, 0x0000000083d00000|100%|HC|  |TAMS 0x0000000083c00000, 0x0000000083c00000| Complete 
|  61|0x0000000083d00000, 0x0000000083e00000, 0x0000000083e00000|100%|HS|  |TAMS 0x0000000083d00000, 0x0000000083d00000| Complete 
|  62|0x0000000083e00000, 0x0000000083f00000, 0x0000000083f00000|100%|HC|  |TAMS 0x0000000083e00000, 0x0000000083e00000| Complete 
|  63|0x0000000083f00000, 0x0000000084000000, 0x0000000084000000|100%| O|  |TAMS 0x0000000083f00000, 0x0000000083f00000| Untracked 
|  64|0x0000000084000000, 0x0000000084100000, 0x0000000084100000|100%| O|  |TAMS 0x0000000084000000, 0x0000000084000000| Untracked 
|  65|0x0000000084100000, 0x0000000084200000, 0x0000000084200000|100%| O|  |TAMS 0x0000000084100000, 0x0000000084100000| Untracked 
|  66|0x0000000084200000, 0x0000000084300000, 0x0000000084300000|100%| O|  |TAMS 0x0000000084200000, 0x0000000084200000| Untracked 
|  67|0x0000000084300000, 0x0000000084400000, 0x0000000084400000|100%| O|  |TAMS 0x0000000084300000, 0x0000000084300000| Untracked 
|  68|0x0000000084400000, 0x00000000844bf000, 0x0000000084500000| 74%| O|  |TAMS 0x0000000084400000, 0x0000000084400000| Untracked 
|  69|0x0000000084500000, 0x0000000084500000, 0x0000000084600000|  0%| F|  |TAMS 0x0000000084500000, 0x0000000084500000| Untracked 
|  70|0x0000000084600000, 0x0000000084600000, 0x0000000084700000|  0%| F|  |TAMS 0x0000000084600000, 0x0000000084600000| Untracked 
|  71|0x0000000084700000, 0x0000000084700000, 0x0000000084800000|  0%| F|  |TAMS 0x0000000084700000, 0x0000000084700000| Untracked 
|  72|0x0000000084800000, 0x0000000084800000, 0x0000000084900000|  0%| F|  |TAMS 0x0000000084800000, 0x0000000084800000| Untracked 
|  73|0x0000000084900000, 0x0000000084900000, 0x0000000084a00000|  0%| F|  |TAMS 0x0000000084900000, 0x0000000084900000| Untracked 
|  74|0x0000000084a00000, 0x0000000084a00000, 0x0000000084b00000|  0%| F|  |TAMS 0x0000000084a00000, 0x0000000084a00000| Untracked 
|  75|0x0000000084b00000, 0x0000000084b00000, 0x0000000084c00000|  0%| F|  |TAMS 0x0000000084b00000, 0x0000000084b00000| Untracked 
|  76|0x0000000084c00000, 0x0000000084c00000, 0x0000000084d00000|  0%| F|  |TAMS 0x0000000084c00000, 0x0000000084c00000| Untracked 
|  77|0x0000000084d00000, 0x0000000084d00000, 0x0000000084e00000|  0%| F|  |TAMS 0x0000000084d00000, 0x0000000084d00000| Untracked 
|  78|0x0000000084e00000, 0x0000000084e00000, 0x0000000084f00000|  0%| F|  |TAMS 0x0000000084e00000, 0x0000000084e00000| Untracked 
|  79|0x0000000084f00000, 0x0000000084f00000, 0x0000000085000000|  0%| F|  |TAMS 0x0000000084f00000, 0x0000000084f00000| Untracked 
|  80|0x0000000085000000, 0x0000000085000000, 0x0000000085100000|  0%| F|  |TAMS 0x0000000085000000, 0x0000000085000000| Untracked 
|  81|0x0000000085100000, 0x0000000085100000, 0x0000000085200000|  0%| F|  |TAMS 0x0000000085100000, 0x0000000085100000| Untracked 
|  82|0x0000000085200000, 0x0000000085200000, 0x0000000085300000|  0%| F|  |TAMS 0x0000000085200000, 0x0000000085200000| Untracked 
|  83|0x0000000085300000, 0x0000000085300000, 0x0000000085400000|  0%| F|  |TAMS 0x0000000085300000, 0x0000000085300000| Untracked 
|  84|0x0000000085400000, 0x0000000085400000, 0x0000000085500000|  0%| F|  |TAMS 0x0000000085400000, 0x0000000085400000| Untracked 
|  85|0x0000000085500000, 0x0000000085500000, 0x0000000085600000|  0%| F|  |TAMS 0x0000000085500000, 0x0000000085500000| Untracked 
|  86|0x0000000085600000, 0x0000000085600000, 0x0000000085700000|  0%| F|  |TAMS 0x0000000085600000, 0x0000000085600000| Untracked 
|  87|0x0000000085700000, 0x0000000085700000, 0x0000000085800000|  0%| F|  |TAMS 0x0000000085700000, 0x0000000085700000| Untracked 
|  88|0x0000000085800000, 0x0000000085800000, 0x0000000085900000|  0%| F|  |TAMS 0x0000000085800000, 0x0000000085800000| Untracked 
|  89|0x0000000085900000, 0x0000000085900000, 0x0000000085a00000|  0%| F|  |TAMS 0x0000000085900000, 0x0000000085900000| Untracked 
|  90|0x0000000085a00000, 0x0000000085a00000, 0x0000000085b00000|  0%| F|  |TAMS 0x0000000085a00000, 0x0000000085a00000| Untracked 
|  91|0x0000000085b00000, 0x0000000085b00000, 0x0000000085c00000|  0%| F|  |TAMS 0x0000000085b00000, 0x0000000085b00000| Untracked 
|  92|0x0000000085c00000, 0x0000000085d00000, 0x0000000085d00000|100%| S|CS|TAMS 0x0000000085c00000, 0x0000000085c00000| Complete 
|  93|0x0000000085d00000, 0x0000000085e00000, 0x0000000085e00000|100%| S|CS|TAMS 0x0000000085d00000, 0x0000000085d00000| Complete 
|  94|0x0000000085e00000, 0x0000000085f00000, 0x0000000085f00000|100%| S|CS|TAMS 0x0000000085e00000, 0x0000000085e00000| Complete 
|  95|0x0000000085f00000, 0x0000000086000000, 0x0000000086000000|100%| S|CS|TAMS 0x0000000085f00000, 0x0000000085f00000| Complete 
|  96|0x0000000086000000, 0x0000000086100000, 0x0000000086100000|100%| S|CS|TAMS 0x0000000086000000, 0x0000000086000000| Complete 
|  97|0x0000000086100000, 0x0000000086200000, 0x0000000086200000|100%| S|CS|TAMS 0x0000000086100000, 0x0000000086100000| Complete 
|  98|0x0000000086200000, 0x0000000086300000, 0x0000000086300000|100%| S|CS|TAMS 0x0000000086200000, 0x0000000086200000| Complete 
|  99|0x0000000086300000, 0x0000000086300000, 0x0000000086400000|  0%| F|  |TAMS 0x0000000086300000, 0x0000000086300000| Untracked 
| 100|0x0000000086400000, 0x0000000086400000, 0x0000000086500000|  0%| F|  |TAMS 0x0000000086400000, 0x0000000086400000| Untracked 
| 101|0x0000000086500000, 0x0000000086500000, 0x0000000086600000|  0%| F|  |TAMS 0x0000000086500000, 0x0000000086500000| Untracked 
| 102|0x0000000086600000, 0x0000000086600000, 0x0000000086700000|  0%| F|  |TAMS 0x0000000086600000, 0x0000000086600000| Untracked 
| 103|0x0000000086700000, 0x0000000086700000, 0x0000000086800000|  0%| F|  |TAMS 0x0000000086700000, 0x0000000086700000| Untracked 
| 104|0x0000000086800000, 0x0000000086800000, 0x0000000086900000|  0%| F|  |TAMS 0x0000000086800000, 0x0000000086800000| Untracked 
| 105|0x0000000086900000, 0x0000000086900000, 0x0000000086a00000|  0%| F|  |TAMS 0x0000000086900000, 0x0000000086900000| Untracked 
| 106|0x0000000086a00000, 0x0000000086a00000, 0x0000000086b00000|  0%| F|  |TAMS 0x0000000086a00000, 0x0000000086a00000| Untracked 
| 107|0x0000000086b00000, 0x0000000086b00000, 0x0000000086c00000|  0%| F|  |TAMS 0x0000000086b00000, 0x0000000086b00000| Untracked 
| 108|0x0000000086c00000, 0x0000000086c00000, 0x0000000086d00000|  0%| F|  |TAMS 0x0000000086c00000, 0x0000000086c00000| Untracked 
| 109|0x0000000086d00000, 0x0000000086d00000, 0x0000000086e00000|  0%| F|  |TAMS 0x0000000086d00000, 0x0000000086d00000| Untracked 
| 110|0x0000000086e00000, 0x0000000086e00000, 0x0000000086f00000|  0%| F|  |TAMS 0x0000000086e00000, 0x0000000086e00000| Untracked 
| 111|0x0000000086f00000, 0x0000000086f00000, 0x0000000087000000|  0%| F|  |TAMS 0x0000000086f00000, 0x0000000086f00000| Untracked 
| 112|0x0000000087000000, 0x0000000087000000, 0x0000000087100000|  0%| F|  |TAMS 0x0000000087000000, 0x0000000087000000| Untracked 
| 113|0x0000000087100000, 0x0000000087100000, 0x0000000087200000|  0%| F|  |TAMS 0x0000000087100000, 0x0000000087100000| Untracked 
| 114|0x0000000087200000, 0x00000000872828b0, 0x0000000087300000| 50%| E|  |TAMS 0x0000000087200000, 0x0000000087200000| Complete 
| 115|0x0000000087300000, 0x0000000087400000, 0x0000000087400000|100%| E|CS|TAMS 0x0000000087300000, 0x0000000087300000| Complete 
| 116|0x0000000087400000, 0x0000000087500000, 0x0000000087500000|100%| E|CS|TAMS 0x0000000087400000, 0x0000000087400000| Complete 
| 117|0x0000000087500000, 0x0000000087600000, 0x0000000087600000|100%| E|CS|TAMS 0x0000000087500000, 0x0000000087500000| Complete 
| 118|0x0000000087600000, 0x0000000087700000, 0x0000000087700000|100%| E|CS|TAMS 0x0000000087600000, 0x0000000087600000| Complete 
| 119|0x0000000087700000, 0x0000000087800000, 0x0000000087800000|100%| E|CS|TAMS 0x0000000087700000, 0x0000000087700000| Complete 
| 120|0x0000000087800000, 0x0000000087900000, 0x0000000087900000|100%| E|CS|TAMS 0x0000000087800000, 0x0000000087800000| Complete 
| 121|0x0000000087900000, 0x0000000087a00000, 0x0000000087a00000|100%| E|CS|TAMS 0x0000000087900000, 0x0000000087900000| Complete 
| 122|0x0000000087a00000, 0x0000000087b00000, 0x0000000087b00000|100%| E|CS|TAMS 0x0000000087a00000, 0x0000000087a00000| Complete 
| 123|0x0000000087b00000, 0x0000000087c00000, 0x0000000087c00000|100%| E|CS|TAMS 0x0000000087b00000, 0x0000000087b00000| Complete 
| 124|0x0000000087c00000, 0x0000000087d00000, 0x0000000087d00000|100%| E|CS|TAMS 0x0000000087c00000, 0x0000000087c00000| Complete 
| 125|0x0000000087d00000, 0x0000000087e00000, 0x0000000087e00000|100%| E|CS|TAMS 0x0000000087d00000, 0x0000000087d00000| Complete 
| 126|0x0000000087e00000, 0x0000000087f00000, 0x0000000087f00000|100%| E|CS|TAMS 0x0000000087e00000, 0x0000000087e00000| Complete 
| 127|0x0000000087f00000, 0x0000000088000000, 0x0000000088000000|100%| E|CS|TAMS 0x0000000087f00000, 0x0000000087f00000| Complete 
| 128|0x0000000088000000, 0x0000000088100000, 0x0000000088100000|100%| E|CS|TAMS 0x0000000088000000, 0x0000000088000000| Complete 
| 129|0x0000000088100000, 0x0000000088200000, 0x0000000088200000|100%| E|CS|TAMS 0x0000000088100000, 0x0000000088100000| Complete 
| 130|0x0000000088200000, 0x0000000088300000, 0x0000000088300000|100%| E|CS|TAMS 0x0000000088200000, 0x0000000088200000| Complete 
| 131|0x0000000088300000, 0x0000000088400000, 0x0000000088400000|100%| E|CS|TAMS 0x0000000088300000, 0x0000000088300000| Complete 
| 132|0x0000000088400000, 0x0000000088500000, 0x0000000088500000|100%| E|CS|TAMS 0x0000000088400000, 0x0000000088400000| Complete 
| 133|0x0000000088500000, 0x0000000088600000, 0x0000000088600000|100%| E|CS|TAMS 0x0000000088500000, 0x0000000088500000| Complete 
| 134|0x0000000088600000, 0x0000000088700000, 0x0000000088700000|100%| E|CS|TAMS 0x0000000088600000, 0x0000000088600000| Complete 
| 135|0x0000000088700000, 0x0000000088800000, 0x0000000088800000|100%| E|CS|TAMS 0x0000000088700000, 0x0000000088700000| Complete 
| 136|0x0000000088800000, 0x0000000088900000, 0x0000000088900000|100%| E|CS|TAMS 0x0000000088800000, 0x0000000088800000| Complete 
| 137|0x0000000088900000, 0x0000000088a00000, 0x0000000088a00000|100%| E|CS|TAMS 0x0000000088900000, 0x0000000088900000| Complete 
| 138|0x0000000088a00000, 0x0000000088b00000, 0x0000000088b00000|100%| E|CS|TAMS 0x0000000088a00000, 0x0000000088a00000| Complete 
| 139|0x0000000088b00000, 0x0000000088c00000, 0x0000000088c00000|100%| E|CS|TAMS 0x0000000088b00000, 0x0000000088b00000| Complete 
| 140|0x0000000088c00000, 0x0000000088d00000, 0x0000000088d00000|100%| E|CS|TAMS 0x0000000088c00000, 0x0000000088c00000| Complete 
| 141|0x0000000088d00000, 0x0000000088e00000, 0x0000000088e00000|100%| E|CS|TAMS 0x0000000088d00000, 0x0000000088d00000| Complete 
| 142|0x0000000088e00000, 0x0000000088f00000, 0x0000000088f00000|100%| E|CS|TAMS 0x0000000088e00000, 0x0000000088e00000| Complete 
| 143|0x0000000088f00000, 0x0000000089000000, 0x0000000089000000|100%| E|CS|TAMS 0x0000000088f00000, 0x0000000088f00000| Complete 
| 144|0x0000000089000000, 0x0000000089100000, 0x0000000089100000|100%| E|CS|TAMS 0x0000000089000000, 0x0000000089000000| Complete 
| 145|0x0000000089100000, 0x0000000089200000, 0x0000000089200000|100%| E|CS|TAMS 0x0000000089100000, 0x0000000089100000| Complete 
| 146|0x0000000089200000, 0x0000000089300000, 0x0000000089300000|100%| E|CS|TAMS 0x0000000089200000, 0x0000000089200000| Complete 
| 147|0x0000000089300000, 0x0000000089400000, 0x0000000089400000|100%| E|CS|TAMS 0x0000000089300000, 0x0000000089300000| Complete 
| 148|0x0000000089400000, 0x0000000089500000, 0x0000000089500000|100%| E|CS|TAMS 0x0000000089400000, 0x0000000089400000| Complete 
| 149|0x0000000089500000, 0x0000000089600000, 0x0000000089600000|100%| E|CS|TAMS 0x0000000089500000, 0x0000000089500000| Complete 
| 150|0x0000000089600000, 0x0000000089700000, 0x0000000089700000|100%| E|CS|TAMS 0x0000000089600000, 0x0000000089600000| Complete 
| 151|0x0000000089700000, 0x0000000089800000, 0x0000000089800000|100%| E|CS|TAMS 0x0000000089700000, 0x0000000089700000| Complete 
| 152|0x0000000089800000, 0x0000000089900000, 0x0000000089900000|100%| E|CS|TAMS 0x0000000089800000, 0x0000000089800000| Complete 
| 153|0x0000000089900000, 0x0000000089a00000, 0x0000000089a00000|100%| E|CS|TAMS 0x0000000089900000, 0x0000000089900000| Complete 

Card table byte_map: [0x0000024f9b650000,0x0000024f9ba50000] _byte_map_base: 0x0000024f9b250000

Marking Bits (Prev, Next): (CMBitMap*) 0x0000024f8845f830, (CMBitMap*) 0x0000024f8845f7f8
 Prev Bits: [0x0000024f9de50000, 0x0000024f9fe50000)
 Next Bits: [0x0000024f9be50000, 0x0000024f9de50000)

Polling page: 0x0000024f865b0000

Metaspace:

Usage:
  Non-class:     49.50 MB capacity,    48.50 MB ( 98%) used,   874.88 KB (  2%) free+waste,   152.88 KB ( <1%) overhead. 
      Class:      7.65 MB capacity,     7.09 MB ( 93%) used,   500.87 KB (  6%) free+waste,    73.25 KB ( <1%) overhead. 
       Both:     57.15 MB capacity,    55.59 MB ( 97%) used,     1.34 MB (  2%) free+waste,   226.13 KB ( <1%) overhead. 

Virtual space:
  Non-class space:       50.00 MB reserved,      49.57 MB (>99%) committed 
      Class space:        1.00 GB reserved,       7.75 MB ( <1%) committed 
             Both:        1.05 GB reserved,      57.32 MB (  5%) committed 

Chunk freelists:
   Non-Class:  4.00 KB
       Class:  7.00 KB
        Both:  11.00 KB

MaxMetaspaceSize: 17179869184.00 GB
CompressedClassSpaceSize: 1.00 GB

CodeHeap 'non-profiled nmethods': size=120000Kb used=3504Kb max_used=3504Kb free=116495Kb
 bounds [0x0000024f939f0000, 0x0000024f93d60000, 0x0000024f9af20000]
CodeHeap 'profiled nmethods': size=120000Kb used=12642Kb max_used=12642Kb free=107357Kb
 bounds [0x0000024f8c4c0000, 0x0000024f8d120000, 0x0000024f939f0000]
CodeHeap 'non-nmethods': size=5760Kb used=2237Kb max_used=2310Kb free=3522Kb
 bounds [0x0000024f8bf20000, 0x0000024f8c190000, 0x0000024f8c4c0000]
 total_blobs=6895 nmethods=6073 adapters=733
 compilation: enabled
              stopped_count=0, restarted_count=0
 full_count=0

Compilation events (20 events):
Event: 8.405 Thread 0x0000024fa28c8800 nmethod 6076 0x0000024f8d10b490 code [0x0000024f8d10b840, 0x0000024f8d10d0a8]
Event: 8.423 Thread 0x0000024fa28c8800 6077       3       java.util.AbstractMap::isEmpty (13 bytes)
Event: 8.424 Thread 0x0000024fa28c8800 nmethod 6077 0x0000024f8d10dd10 code [0x0000024f8d10dec0, 0x0000024f8d10e0c8]
Event: 8.425 Thread 0x0000024fa659b000 6079       4       java.lang.reflect.ProxyGenerator$ConstantPool::getClass (21 bytes)
Event: 8.427 Thread 0x0000024fa659b000 nmethod 6079 0x0000024f93d4fa10 code [0x0000024f93d4fbc0, 0x0000024f93d4fcd8]
Event: 8.427 Thread 0x0000024fa659b000 6080  s    4       java.io.DataOutputStream::write (16 bytes)
Event: 8.429 Thread 0x0000024fa659b000 nmethod 6080 0x0000024f93d4fe10 code [0x0000024f93d4ffa0, 0x0000024f93d502d8]
Event: 8.434 Thread 0x0000024fa659b000 6081       4       java.net.URLClassLoader$1::run (5 bytes)
Event: 8.438 Thread 0x0000024fa28c8800 6082       3       com.google.common.collect.Sets::newHashSet (8 bytes)
Event: 8.438 Thread 0x0000024fa28c8800 nmethod 6082 0x0000024f8d10e190 code [0x0000024f8d10e380, 0x0000024f8d10e818]
Event: 8.438 Thread 0x0000024fa28c8800 6083       3       org.gradle.internal.instantiation.generator.AbstractClassGenerator$InjectionAnnotationValidator::validateMethod (502 bytes)
Event: 8.443 Thread 0x0000024fa28c8800 nmethod 6083 0x0000024f8d10ea10 code [0x0000024f8d10f2a0, 0x0000024f8d114798]
Event: 8.443 Thread 0x0000024fa28c8800 6084       3       org.gradle.internal.instantiation.generator.AsmBackedClassGenerator$ClassBuilderImpl::addGetter (56 bytes)
Event: 8.444 Thread 0x0000024fa28c8800 nmethod 6084 0x0000024f8d115e90 code [0x0000024f8d1160c0, 0x0000024f8d116628]
Event: 8.452 Thread 0x0000024fa28c8800 6085       3       org.gradle.internal.instantiation.generator.AbstractClassGenerator$InjectionAnnotationValidator::validateMethod (166 bytes)
Event: 8.454 Thread 0x0000024fa28c8800 nmethod 6085 0x0000024f8d116890 code [0x0000024f8d116c20, 0x0000024f8d1182a8]
Event: 8.464 Thread 0x0000024fa28c8800 6087       1       org.gradle.internal.instantiation.generator.AbstractClassGenerator$MethodMetadata::getGenericReturnType (5 bytes)
Event: 8.464 Thread 0x0000024fa28c8800 nmethod 6087 0x0000024f93d50410 code [0x0000024f93d505c0, 0x0000024f93d50678]
Event: 8.465 Thread 0x0000024fa28c8800 6088       1       org.gradle.api.internal.DefaultDomainObjectCollection::getStore (5 bytes)
Event: 8.466 Thread 0x0000024fa28c8800 nmethod 6088 0x0000024f93d50710 code [0x0000024f93d508c0, 0x0000024f93d50978]

GC Heap History (20 events):
Event: 2.287 GC heap before
{Heap before GC invocations=1 (full 0):
 garbage-first heap   total 131072K, used 78164K [0x0000000080000000, 0x0000000100000000)
  region size 1024K, 70 young (71680K), 3 survivors (3072K)
 Metaspace       used 17571K, capacity 18029K, committed 18176K, reserved 1064960K
  class space    used 2051K, capacity 2200K, committed 2304K, reserved 1048576K
}
Event: 2.297 GC heap after
{Heap after GC invocations=2 (full 0):
 garbage-first heap   total 131072K, used 15867K [0x0000000080000000, 0x0000000100000000)
  region size 1024K, 9 young (9216K), 9 survivors (9216K)
 Metaspace       used 17571K, capacity 18029K, committed 18176K, reserved 1064960K
  class space    used 2051K, capacity 2200K, committed 2304K, reserved 1048576K
}
Event: 2.597 GC heap before
{Heap before GC invocations=2 (full 0):
 garbage-first heap   total 131072K, used 44539K [0x0000000080000000, 0x0000000100000000)
  region size 1024K, 38 young (38912K), 9 survivors (9216K)
 Metaspace       used 20666K, capacity 21182K, committed 21296K, reserved 1069056K
  class space    used 2531K, capacity 2676K, committed 2688K, reserved 1048576K
}
Event: 2.608 GC heap after
{Heap after GC invocations=3 (full 0):
 garbage-first heap   total 131072K, used 17475K [0x0000000080000000, 0x0000000100000000)
  region size 1024K, 2 young (2048K), 2 survivors (2048K)
 Metaspace       used 20666K, capacity 21182K, committed 21296K, reserved 1069056K
  class space    used 2531K, capacity 2676K, committed 2688K, reserved 1048576K
}
Event: 3.423 GC heap before
{Heap before GC invocations=4 (full 0):
 garbage-first heap   total 131072K, used 68675K [0x0000000080000000, 0x0000000100000000)
  region size 1024K, 53 young (54272K), 2 survivors (2048K)
 Metaspace       used 26219K, capacity 26871K, committed 27184K, reserved 1073152K
  class space    used 3426K, capacity 3643K, committed 3712K, reserved 1048576K
}
Event: 3.427 GC heap after
{Heap after GC invocations=5 (full 0):
 garbage-first heap   total 131072K, used 19170K [0x0000000080000000, 0x0000000100000000)
  region size 1024K, 4 young (4096K), 4 survivors (4096K)
 Metaspace       used 26219K, capacity 26871K, committed 27184K, reserved 1073152K
  class space    used 3426K, capacity 3643K, committed 3712K, reserved 1048576K
}
Event: 4.165 GC heap before
{Heap before GC invocations=5 (full 0):
 garbage-first heap   total 131072K, used 85730K [0x0000000080000000, 0x0000000100000000)
  region size 1024K, 60 young (61440K), 4 survivors (4096K)
 Metaspace       used 31197K, capacity 32130K, committed 32432K, reserved 1077248K
  class space    used 4205K, capacity 4542K, committed 4608K, reserved 1048576K
}
Event: 4.171 GC heap after
{Heap after GC invocations=6 (full 0):
 garbage-first heap   total 131072K, used 33492K [0x0000000080000000, 0x0000000100000000)
  region size 1024K, 8 young (8192K), 8 survivors (8192K)
 Metaspace       used 31197K, capacity 32130K, committed 32432K, reserved 1077248K
  class space    used 4205K, capacity 4542K, committed 4608K, reserved 1048576K
}
Event: 4.493 GC heap before
{Heap before GC invocations=6 (full 0):
 garbage-first heap   total 131072K, used 47828K [0x0000000080000000, 0x0000000100000000)
  region size 1024K, 23 young (23552K), 8 survivors (8192K)
 Metaspace       used 34504K, capacity 35476K, committed 35632K, reserved 1079296K
  class space    used 4539K, capacity 4892K, committed 4992K, reserved 1048576K
}
Event: 4.508 GC heap after
{Heap after GC invocations=7 (full 0):
 garbage-first heap   total 131072K, used 35427K [0x0000000080000000, 0x0000000100000000)
  region size 1024K, 2 young (2048K), 2 survivors (2048K)
 Metaspace       used 34504K, capacity 35476K, committed 35632K, reserved 1079296K
  class space    used 4539K, capacity 4892K, committed 4992K, reserved 1048576K
}
Event: 5.135 GC heap before
{Heap before GC invocations=8 (full 0):
 garbage-first heap   total 131072K, used 79459K [0x0000000080000000, 0x0000000100000000)
  region size 1024K, 43 young (44032K), 2 survivors (2048K)
 Metaspace       used 39652K, capacity 40708K, committed 40904K, reserved 1085440K
  class space    used 5042K, capacity 5437K, committed 5504K, reserved 1048576K
}
Event: 5.145 GC heap after
{Heap after GC invocations=9 (full 0):
 garbage-first heap   total 157696K, used 39030K [0x0000000080000000, 0x0000000100000000)
  region size 1024K, 6 young (6144K), 6 survivors (6144K)
 Metaspace       used 39652K, capacity 40708K, committed 40904K, reserved 1085440K
  class space    used 5042K, capacity 5437K, committed 5504K, reserved 1048576K
}
Event: 5.918 GC heap before
{Heap before GC invocations=10 (full 0):
 garbage-first heap   total 157696K, used 93302K [0x0000000080000000, 0x0000000100000000)
  region size 1024K, 57 young (58368K), 6 survivors (6144K)
 Metaspace       used 43434K, capacity 44707K, committed 44872K, reserved 1087488K
  class space    used 5580K, capacity 6036K, committed 6144K, reserved 1048576K
}
Event: 5.928 GC heap after
{Heap after GC invocations=11 (full 0):
 garbage-first heap   total 157696K, used 46414K [0x0000000080000000, 0x0000000100000000)
  region size 1024K, 8 young (8192K), 8 survivors (8192K)
 Metaspace       used 43434K, capacity 44707K, committed 44872K, reserved 1087488K
  class space    used 5580K, capacity 6036K, committed 6144K, reserved 1048576K
}
Event: 6.484 GC heap before
{Heap before GC invocations=11 (full 0):
 garbage-first heap   total 157696K, used 103758K [0x0000000080000000, 0x0000000100000000)
  region size 1024K, 59 young (60416K), 8 survivors (8192K)
 Metaspace       used 46691K, capacity 47953K, committed 48200K, reserved 1091584K
  class space    used 5934K, capacity 6368K, committed 6400K, reserved 1048576K
}
Event: 6.496 GC heap after
{Heap after GC invocations=12 (full 0):
 garbage-first heap   total 157696K, used 55518K [0x0000000080000000, 0x0000000100000000)
  region size 1024K, 5 young (5120K), 5 survivors (5120K)
 Metaspace       used 46691K, capacity 47953K, committed 48200K, reserved 1091584K
  class space    used 5934K, capacity 6368K, committed 6400K, reserved 1048576K
}
Event: 7.148 GC heap before
{Heap before GC invocations=12 (full 0):
 garbage-first heap   total 157696K, used 106718K [0x0000000080000000, 0x0000000100000000)
  region size 1024K, 55 young (56320K), 5 survivors (5120K)
 Metaspace       used 49861K, capacity 51326K, committed 51528K, reserved 1093632K
  class space    used 6400K, capacity 6892K, committed 6912K, reserved 1048576K
}
Event: 7.155 GC heap after
{Heap after GC invocations=13 (full 0):
 garbage-first heap   total 157696K, used 58598K [0x0000000080000000, 0x0000000100000000)
  region size 1024K, 4 young (4096K), 4 survivors (4096K)
 Metaspace       used 49861K, capacity 51326K, committed 51528K, reserved 1093632K
  class space    used 6400K, capacity 6892K, committed 6912K, reserved 1048576K
}
Event: 7.774 GC heap before
{Heap before GC invocations=13 (full 0):
 garbage-first heap   total 157696K, used 119014K [0x0000000080000000, 0x0000000100000000)
  region size 1024K, 55 young (56320K), 4 survivors (4096K)
 Metaspace       used 51531K, capacity 53101K, committed 53320K, reserved 1095680K
  class space    used 6596K, capacity 7155K, committed 7168K, reserved 1048576K
}
Event: 7.782 GC heap after
{Heap after GC invocations=14 (full 0):
 garbage-first heap   total 157696K, used 77564K [0x0000000080000000, 0x0000000100000000)
  region size 1024K, 7 young (7168K), 7 survivors (7168K)
 Metaspace       used 51531K, capacity 53101K, committed 53320K, reserved 1095680K
  class space    used 6596K, capacity 7155K, committed 7168K, reserved 1048576K
}

Deoptimization events (20 events):
Event: 7.849 Thread 0x0000024fa5be8000 Uncommon trap: trap_request=0xffffff4d fr.pc=0x0000024f93bdb21c relative=0x0000000000005a9c
Event: 7.849 Thread 0x0000024fa5be8000 Uncommon trap: reason=unstable_if action=reinterpret pc=0x0000024f93bdb21c method=org.objectweb.asm.Frame.execute(IILorg/objectweb/asm/Symbol;Lorg/objectweb/asm/SymbolTable;)V @ 1 c2
Event: 7.849 Thread 0x0000024fa5be8000 DEOPT PACKING pc=0x0000024f93bdb21c sp=0x000000d7164f7970
Event: 7.849 Thread 0x0000024fa5be8000 DEOPT UNPACKING pc=0x0000024f8bf4662f sp=0x000000d7164f7918 mode 2
Event: 7.879 Thread 0x0000024fa5be8000 Uncommon trap: trap_request=0xffffff45 fr.pc=0x0000024f93b323e8 relative=0x0000000000000208
Event: 7.879 Thread 0x0000024fa5be8000 Uncommon trap: reason=unstable_fused_if action=reinterpret pc=0x0000024f93b323e8 method=org.objectweb.asm.ByteVector.putUTF8(Ljava/lang/String;)Lorg/objectweb/asm/ByteVector; @ 93 c2
Event: 7.879 Thread 0x0000024fa5be8000 DEOPT PACKING pc=0x0000024f93b323e8 sp=0x000000d7164f7ab0
Event: 7.879 Thread 0x0000024fa5be8000 DEOPT UNPACKING pc=0x0000024f8bf4662f sp=0x000000d7164f7a30 mode 2
Event: 8.257 Thread 0x0000024fa5be8000 Uncommon trap: trap_request=0xffffff4d fr.pc=0x0000024f93d0f530 relative=0x0000000000000ad0
Event: 8.257 Thread 0x0000024fa5be8000 Uncommon trap: reason=unstable_if action=reinterpret pc=0x0000024f93d0f530 method=java.util.Hashtable.addEntry(ILjava/lang/Object;Ljava/lang/Object;I)V @ 14 c2
Event: 8.257 Thread 0x0000024fa5be8000 DEOPT PACKING pc=0x0000024f93d0f530 sp=0x000000d7164f5160
Event: 8.257 Thread 0x0000024fa5be8000 DEOPT UNPACKING pc=0x0000024f8bf4662f sp=0x000000d7164f50a0 mode 2
Event: 8.438 Thread 0x0000024fa5be8000 Uncommon trap: trap_request=0xffffff4d fr.pc=0x0000024f93cfbf74 relative=0x0000000000000314
Event: 8.438 Thread 0x0000024fa5be8000 Uncommon trap: reason=unstable_if action=reinterpret pc=0x0000024f93cfbf74 method=org.gradle.internal.instantiation.generator.AbstractClassGenerator$InjectionAnnotationValidator.validateMethod(Ljava/lang/reflect/Method;Lorg/gradle/internal/reflect/Propert
Event: 8.438 Thread 0x0000024fa5be8000 DEOPT PACKING pc=0x0000024f93cfbf74 sp=0x000000d7164f7700
Event: 8.438 Thread 0x0000024fa5be8000 DEOPT UNPACKING pc=0x0000024f8bf4662f sp=0x000000d7164f76c8 mode 2
Event: 8.438 Thread 0x0000024fa5be8000 Uncommon trap: trap_request=0xffffff4d fr.pc=0x0000024f93cfc888 relative=0x00000000000003e8
Event: 8.438 Thread 0x0000024fa5be8000 Uncommon trap: reason=unstable_if action=reinterpret pc=0x0000024f93cfc888 method=org.gradle.internal.instantiation.generator.AbstractClassGenerator$InjectionAnnotationValidator.validateMethod(Ljava/lang/reflect/Method;Lorg/gradle/internal/reflect/Propert
Event: 8.438 Thread 0x0000024fa5be8000 DEOPT PACKING pc=0x0000024f93cfc888 sp=0x000000d7164f7670
Event: 8.438 Thread 0x0000024fa5be8000 DEOPT UNPACKING pc=0x0000024f8bf4662f sp=0x000000d7164f7630 mode 2

Classes redefined (0 events):
No events

Internal exceptions (20 events):
Event: 7.564 Thread 0x0000024fa5be8000 Exception <a 'java/security/PrivilegedActionException'{0x00000000877ee350}> (0x00000000877ee350) thrown at [./src/hotspot/share/prims/jvm.cpp, line 1306]
Event: 7.565 Thread 0x0000024fa5be8000 Exception <a 'java/security/PrivilegedActionException'{0x00000000877ef8b8}> (0x00000000877ef8b8) thrown at [./src/hotspot/share/prims/jvm.cpp, line 1306]
Event: 7.647 Thread 0x0000024fa5be8000 Exception <a 'java/lang/ClassNotFoundException'{0x00000000871f0078}: org/gradle/api/tasks/Delete_DecoratedBeanInfo> (0x00000000871f0078) thrown at [./src/hotspot/share/classfile/systemDictionary.cpp, line 231]
Event: 7.648 Thread 0x0000024fa5be8000 Exception <a 'java/lang/ClassNotFoundException'{0x000000008701b128}: org/gradle/api/tasks/DeleteBeanInfo> (0x000000008701b128) thrown at [./src/hotspot/share/classfile/systemDictionary.cpp, line 231]
Event: 7.649 Thread 0x0000024fa5be8000 Exception <a 'java/lang/ClassNotFoundException'{0x0000000087049828}: org/gradle/api/internal/ConventionTaskBeanInfo> (0x0000000087049828) thrown at [./src/hotspot/share/classfile/systemDictionary.cpp, line 231]
Event: 7.650 Thread 0x0000024fa5be8000 Exception <a 'java/lang/ClassNotFoundException'{0x0000000087073d88}: org/gradle/api/DefaultTaskBeanInfo> (0x0000000087073d88) thrown at [./src/hotspot/share/classfile/systemDictionary.cpp, line 231]
Event: 7.651 Thread 0x0000024fa5be8000 Exception <a 'java/lang/ClassNotFoundException'{0x00000000870a2780}: org/gradle/api/internal/AbstractTaskBeanInfo> (0x00000000870a2780) thrown at [./src/hotspot/share/classfile/systemDictionary.cpp, line 231]
Event: 7.651 Thread 0x0000024fa5be8000 Exception <a 'java/lang/ClassNotFoundException'{0x00000000870d13a8}: org/gradle/api/internal/AbstractTaskCustomizer> (0x00000000870d13a8) thrown at [./src/hotspot/share/classfile/systemDictionary.cpp, line 231]
Event: 7.655 Thread 0x0000024fa5be8000 Exception <a 'java/lang/ClassNotFoundException'{0x0000000086f456b0}: org/gradle/api/DefaultTaskCustomizer> (0x0000000086f456b0) thrown at [./src/hotspot/share/classfile/systemDictionary.cpp, line 231]
Event: 7.659 Thread 0x0000024fa5be8000 Exception <a 'java/lang/ClassNotFoundException'{0x0000000086fc81b8}: org/gradle/api/internal/ConventionTaskCustomizer> (0x0000000086fc81b8) thrown at [./src/hotspot/share/classfile/systemDictionary.cpp, line 231]
Event: 7.660 Thread 0x0000024fa5be8000 Exception <a 'java/lang/ClassNotFoundException'{0x0000000086e01a70}: org/gradle/api/tasks/DeleteCustomizer> (0x0000000086e01a70) thrown at [./src/hotspot/share/classfile/systemDictionary.cpp, line 231]
Event: 7.661 Thread 0x0000024fa5be8000 Exception <a 'java/lang/ClassNotFoundException'{0x0000000086e417f0}: org/gradle/api/tasks/Delete_DecoratedCustomizer> (0x0000000086e417f0) thrown at [./src/hotspot/share/classfile/systemDictionary.cpp, line 231]
Event: 7.688 Thread 0x0000024fa5be8000 Exception <a 'java/lang/ClassNotFoundException'{0x0000000086d729b8}: build_6sxxtytl52xr810a0fh9dymz5BeanInfo> (0x0000000086d729b8) thrown at [./src/hotspot/share/classfile/systemDictionary.cpp, line 231]
Event: 7.688 Thread 0x0000024fa5be8000 Exception <a 'java/lang/ClassNotFoundException'{0x0000000086d7d970}: build_6sxxtytl52xr810a0fh9dymz5Customizer> (0x0000000086d7d970) thrown at [./src/hotspot/share/classfile/systemDictionary.cpp, line 231]
Event: 7.840 Thread 0x0000024fa5be8000 Exception <a 'java/lang/NoSuchMethodError'{0x000000008943c780}: 'java.lang.Object java.lang.invoke.DirectMethodHandle$Holder.invokeStatic(java.lang.Object, java.lang.Object, java.lang.Object, java.lang.Object, int)'> (0x000000008943c780) thrown at [./src/hotspot/share/interpreter/linkResolver.cpp, line 773]
Event: 7.840 Thread 0x0000024fa5be8000 Exception <a 'java/lang/NoSuchMethodError'{0x0000000089441178}: 'java.lang.Object java.lang.invoke.DirectMethodHandle$Holder.invokeSpecial(java.lang.Object, java.lang.Object, java.lang.Object, java.lang.Object, java.lang.Object, int)'> (0x0000000089441178) thrown at [./src/hotspot/share/interpreter/linkResolver.cpp, line 773]
Event: 7.840 Thread 0x0000024fa5be8000 Exception <a 'java/lang/NoSuchMethodError'{0x00000000894457b8}: 'java.lang.Object java.lang.invoke.Invokers$Holder.linkToTargetMethod(java.lang.Object, java.lang.Object, java.lang.Object, int, java.lang.Object)'> (0x00000000894457b8) thrown at [./src/hotspot/share/interpreter/linkResolver.cpp, line 773]
Event: 8.121 Thread 0x0000024fa5be8000 Exception <a 'java/lang/NoSuchMethodError'{0x00000000885c3308}: 'java.lang.Object java.lang.invoke.DirectMethodHandle$Holder.invokeSpecial(java.lang.Object, java.lang.Object, int, int, java.lang.Object, java.lang.Object, java.lang.Object)'> (0x00000000885c3308) thrown at [./src/hotspot/share/interpreter/linkResolver.cpp, line 773]
Event: 8.122 Thread 0x0000024fa5be8000 Exception <a 'java/lang/NoSuchMethodError'{0x00000000885c7888}: 'java.lang.Object java.lang.invoke.DelegatingMethodHandle$Holder.reinvoke_L(java.lang.Object, int, int, java.lang.Object, java.lang.Object, java.lang.Object)'> (0x00000000885c7888) thrown at [./src/hotspot/share/interpreter/linkResolver.cpp, line 773]
Event: 8.424 Thread 0x0000024fa5be8000 Exception <a 'java/lang/NoSuchMethodError'{0x00000000878c26f8}: 'int java.lang.invoke.DirectMethodHandle$Holder.invokeInterface(java.lang.Object, java.lang.Object, java.lang.Object, java.lang.Object)'> (0x00000000878c26f8) thrown at [./src/hotspot/share/interpreter/linkResolver.cpp, line 773]

Events (20 events):
Event: 8.458 loading class com/android/build/gradle/internal/profile/AnalyticsService
Event: 8.458 loading class com/android/build/gradle/internal/profile/AnalyticsService done
Event: 8.460 loading class com/android/build/gradle/internal/profile/AnalyticsServiceApi
Event: 8.460 loading class com/android/build/gradle/internal/profile/AnalyticsServiceApi done
Event: 8.461 loading class org/gradle/tooling/events/OperationCompletionListener
Event: 8.461 loading class org/gradle/tooling/events/OperationCompletionListener done
Event: 8.461 loading class org/gradle/tooling/events/OperationCompletionListener
Event: 8.461 loading class org/gradle/tooling/events/OperationCompletionListener done
Event: 8.462 loading class com/android/build/gradle/internal/profile/AnalyticsService$Params
Event: 8.462 loading class com/android/build/gradle/internal/profile/AnalyticsService$Params done
Event: 8.462 loading class com/android/build/gradle/internal/profile/ProjectData
Event: 8.462 loading class com/android/build/gradle/internal/profile/ProjectData done
Event: 8.463 loading class com/android/build/gradle/internal/profile/TaskMetadata
Event: 8.463 loading class com/android/build/gradle/internal/profile/TaskMetadata done
Event: 8.465 loading class com/android/build/gradle/internal/profile/AnalyticsConfiguratorService$RegistrationAction
Event: 8.465 loading class com/android/build/gradle/internal/profile/AnalyticsConfiguratorService$RegistrationAction done
Event: 8.466 loading class org/gradle/internal/snapshot/impl/NullValueSnapshot
Event: 8.466 loading class org/gradle/internal/snapshot/impl/NullValueSnapshot done
Event: 8.467 loading class com/google/wireless/android/sdk/stats/GradleBuildProject$Builder
Event: 8.467 loading class com/google/wireless/android/sdk/stats/GradleBuildProject$Builder done


Dynamic libraries:
0x00007ff600ad0000 - 0x00007ff600ada000 	C:\Program Files\Android\Android Studio\jre\bin\java.exe
0x00007ffe66710000 - 0x00007ffe66908000 	C:\WINDOWS\SYSTEM32\ntdll.dll
0x00007ffe64e00000 - 0x00007ffe64ebd000 	C:\WINDOWS\System32\KERNEL32.DLL
0x00007ffe642f0000 - 0x00007ffe645be000 	C:\WINDOWS\System32\KERNELBASE.dll
0x00007ffe64030000 - 0x00007ffe64130000 	C:\WINDOWS\System32\ucrtbase.dll
0x00007ffe4c880000 - 0x00007ffe4c899000 	C:\Program Files\Android\Android Studio\jre\bin\jli.dll
0x00007ffe4dbd0000 - 0x00007ffe4dbe7000 	C:\Program Files\Android\Android Studio\jre\bin\VCRUNTIME140.dll
0x00007ffe66300000 - 0x00007ffe664a0000 	C:\WINDOWS\System32\USER32.dll
0x00007ffe646f0000 - 0x00007ffe64712000 	C:\WINDOWS\System32\win32u.dll
0x00007ffe57dc0000 - 0x00007ffe5805a000 	C:\WINDOWS\WinSxS\amd64_microsoft.windows.common-controls_6595b64144ccf1df_6.0.19041.1110_none_60b5254171f9507e\COMCTL32.dll
0x00007ffe66040000 - 0x00007ffe6606a000 	C:\WINDOWS\System32\GDI32.dll
0x00007ffe65fa0000 - 0x00007ffe6603e000 	C:\WINDOWS\System32\msvcrt.dll
0x00007ffe64130000 - 0x00007ffe6423b000 	C:\WINDOWS\System32\gdi32full.dll
0x00007ffe64650000 - 0x00007ffe646ed000 	C:\WINDOWS\System32\msvcp_win.dll
0x00007ffe64770000 - 0x00007ffe647a0000 	C:\WINDOWS\System32\IMM32.DLL
0x00007ffe40f30000 - 0x00007ffe40fcd000 	C:\Program Files\Android\Android Studio\jre\bin\msvcp140.dll
0x00007ffe3ec70000 - 0x00007ffe3f745000 	C:\Program Files\Android\Android Studio\jre\bin\server\jvm.dll
0x00007ffe66250000 - 0x00007ffe662fe000 	C:\WINDOWS\System32\ADVAPI32.dll
0x00007ffe66080000 - 0x00007ffe6611c000 	C:\WINDOWS\System32\sechost.dll
0x00007ffe64b30000 - 0x00007ffe64c55000 	C:\WINDOWS\System32\RPCRT4.dll
0x00007ffe66510000 - 0x00007ffe66518000 	C:\WINDOWS\System32\PSAPI.DLL
0x00007ffe606f0000 - 0x00007ffe606f9000 	C:\WINDOWS\SYSTEM32\WSOCK32.dll
0x00007ffe55620000 - 0x00007ffe55647000 	C:\WINDOWS\SYSTEM32\WINMM.dll
0x00007ffe5e640000 - 0x00007ffe5e64a000 	C:\WINDOWS\SYSTEM32\VERSION.dll
0x00007ffe664a0000 - 0x00007ffe6650b000 	C:\WINDOWS\System32\WS2_32.dll
0x00007ffe61d50000 - 0x00007ffe61d62000 	C:\WINDOWS\SYSTEM32\kernel.appcore.dll
0x00007ffe4e230000 - 0x00007ffe4e241000 	C:\Program Files\Android\Android Studio\jre\bin\verify.dll
0x00007ffe55710000 - 0x00007ffe558f4000 	C:\WINDOWS\SYSTEM32\DBGHELP.DLL
0x00007ffe53160000 - 0x00007ffe5318c000 	C:\WINDOWS\SYSTEM32\dbgcore.DLL
0x00007ffe645c0000 - 0x00007ffe64642000 	C:\WINDOWS\System32\bcryptPrimitives.dll
0x00007ffe4dfc0000 - 0x00007ffe4dfe9000 	C:\Program Files\Android\Android Studio\jre\bin\java.dll
0x00007ffe55b30000 - 0x00007ffe55b3b000 	C:\Program Files\Android\Android Studio\jre\bin\jimage.dll
0x00007ffe4dfa0000 - 0x00007ffe4dfb8000 	C:\Program Files\Android\Android Studio\jre\bin\zip.dll
0x00007ffe65490000 - 0x00007ffe65bd4000 	C:\WINDOWS\System32\SHELL32.dll
0x00007ffe61f50000 - 0x00007ffe626e4000 	C:\WINDOWS\SYSTEM32\windows.storage.dll
0x00007ffe65c40000 - 0x00007ffe65f94000 	C:\WINDOWS\System32\combase.dll
0x00007ffe637c0000 - 0x00007ffe637f0000 	C:\WINDOWS\SYSTEM32\Wldp.dll
0x00007ffe66530000 - 0x00007ffe665dd000 	C:\WINDOWS\System32\SHCORE.dll
0x00007ffe65be0000 - 0x00007ffe65c35000 	C:\WINDOWS\System32\shlwapi.dll
0x00007ffe63d70000 - 0x00007ffe63d8f000 	C:\WINDOWS\SYSTEM32\profapi.dll
0x00007ffe4df60000 - 0x00007ffe4df7a000 	C:\Program Files\Android\Android Studio\jre\bin\net.dll
0x00007ffe5b540000 - 0x00007ffe5b64a000 	C:\WINDOWS\SYSTEM32\WINHTTP.dll
0x00007ffe63520000 - 0x00007ffe6358a000 	C:\WINDOWS\system32\mswsock.dll
0x00007ffe4df40000 - 0x00007ffe4df54000 	C:\Program Files\Android\Android Studio\jre\bin\nio.dll
0x00007ffe4c010000 - 0x00007ffe4c037000 	C:\Users\JULIETH\.gradle\native\e1d6ef7f7dcc3fd88c89a11ec53ec762bb8ba0a96d01ffa2cd45eb1d1d8dd5c5\windows-amd64\native-platform.dll
0x00007ffe3d430000 - 0x00007ffe3d574000 	C:\Users\JULIETH\.gradle\native\5664cfc778a61ccfe75a443a1ab52a65af34e5dc3c78e0209fed803814484fcb\windows-amd64\native-platform-file-events.dll
0x00007ffe4e3b0000 - 0x00007ffe4e3ba000 	C:\Program Files\Android\Android Studio\jre\bin\management.dll
0x00007ffe4e1b0000 - 0x00007ffe4e1bd000 	C:\Program Files\Android\Android Studio\jre\bin\management_ext.dll
0x00007ffe63710000 - 0x00007ffe63728000 	C:\WINDOWS\SYSTEM32\CRYPTSP.dll
0x00007ffe62ea0000 - 0x00007ffe62ed4000 	C:\WINDOWS\system32\rsaenh.dll
0x00007ffe63ea0000 - 0x00007ffe63ec7000 	C:\WINDOWS\System32\bcrypt.dll
0x00007ffe63cf0000 - 0x00007ffe63d1e000 	C:\WINDOWS\SYSTEM32\USERENV.dll
0x00007ffe63730000 - 0x00007ffe6373c000 	C:\WINDOWS\SYSTEM32\CRYPTBASE.dll
0x00007ffe63210000 - 0x00007ffe6324b000 	C:\WINDOWS\SYSTEM32\IPHLPAPI.DLL
0x00007ffe66070000 - 0x00007ffe66078000 	C:\WINDOWS\System32\NSI.dll
0x00007ffe5e820000 - 0x00007ffe5e837000 	C:\WINDOWS\SYSTEM32\dhcpcsvc6.DLL
0x00007ffe5e790000 - 0x00007ffe5e7ad000 	C:\WINDOWS\SYSTEM32\dhcpcsvc.DLL
0x00007ffe63250000 - 0x00007ffe6331a000 	C:\WINDOWS\SYSTEM32\DNSAPI.dll

dbghelp: loaded successfully - version: 4.0.5 - missing functions: none
symbol engine: initialized successfully - sym options: 0x614 - pdb path: .;C:\Program Files\Android\Android Studio\jre\bin;C:\WINDOWS\SYSTEM32;C:\WINDOWS\WinSxS\amd64_microsoft.windows.common-controls_6595b64144ccf1df_6.0.19041.1110_none_60b5254171f9507e;C:\Program Files\Android\Android Studio\jre\bin\server;C:\Users\JULIETH\.gradle\native\e1d6ef7f7dcc3fd88c89a11ec53ec762bb8ba0a96d01ffa2cd45eb1d1d8dd5c5\windows-amd64;C:\Users\JULIETH\.gradle\native\5664cfc778a61ccfe75a443a1ab52a65af34e5dc3c78e0209fed803814484fcb\windows-amd64

VM Arguments:
jvm_args: --add-opens=java.base/java.util=ALL-UNNAMED --add-opens=java.base/java.lang=ALL-UNNAMED --add-opens=java.base/java.lang.invoke=ALL-UNNAMED --add-opens=java.base/java.util=ALL-UNNAMED --add-opens=java.prefs/java.util.prefs=ALL-UNNAMED --add-opens=java.prefs/java.util.prefs=ALL-UNNAMED --add-opens=java.base/java.nio.charset=ALL-UNNAMED --add-opens=java.base/java.net=ALL-UNNAMED --add-opens=java.base/java.util.concurrent.atomic=ALL-UNNAMED -Xmx2048m -Dfile.encoding=UTF-8 -Duser.country=CO -Duser.language=es -Duser.variant 
java_command: org.gradle.launcher.daemon.bootstrap.GradleDaemon 7.2
java_class_path (initial): C:\Users\JULIETH\.gradle\wrapper\dists\gradle-7.2-bin\2dnblmf4td7x66yl1d74lt32g\gradle-7.2\lib\gradle-launcher-7.2.jar
Launcher Type: SUN_STANDARD

[Global flags]
     intx CICompilerCount                          = 4                                         {product} {ergonomic}
     uint ConcGCThreads                            = 2                                         {product} {ergonomic}
     uint G1ConcRefinementThreads                  = 8                                         {product} {ergonomic}
   size_t G1HeapRegionSize                         = 1048576                                   {product} {ergonomic}
    uintx GCDrainStackTargetSize                   = 64                                        {product} {ergonomic}
   size_t InitialHeapSize                          = 134217728                                 {product} {ergonomic}
   size_t MarkStackSize                            = 4194304                                   {product} {ergonomic}
   size_t MaxHeapSize                              = 2147483648                                {product} {command line}
   size_t MaxNewSize                               = 1287651328                                {product} {ergonomic}
   size_t MinHeapDeltaBytes                        = 1048576                                   {product} {ergonomic}
    uintx NonNMethodCodeHeapSize                   = 5836300                                {pd product} {ergonomic}
    uintx NonProfiledCodeHeapSize                  = 122910970                              {pd product} {ergonomic}
    uintx ProfiledCodeHeapSize                     = 122910970                              {pd product} {ergonomic}
    uintx ReservedCodeCacheSize                    = 251658240                              {pd product} {ergonomic}
     bool SegmentedCodeCache                       = true                                      {product} {ergonomic}
     bool UseCompressedClassPointers               = true                                 {lp64_product} {ergonomic}
     bool UseCompressedOops                        = true                                 {lp64_product} {ergonomic}
     bool UseG1GC                                  = true                                      {product} {ergonomic}
     bool UseLargePagesIndividualAllocation        = false                                  {pd product} {ergonomic}

Logging:
Log output configuration:
 #0: stdout all=warning uptime,level,tags
 #1: stderr all=off uptime,level,tags

Environment Variables:
PATH=C:\WINDOWS\system32;C:\WINDOWS;C:\WINDOWS\System32\Wbem;C:\WINDOWS\System32\WindowsPowerShell\v1.0\;C:\WINDOWS\System32\OpenSSH\;C:\Program Files\dotnet\;C:\Program Files\Git\cmd;C:\Program Files\nodejs\;C:\Users\JULIETH\AppData\Local\Microsoft\WindowsApps;C:\Users\JULIETH\AppData\Local\GitHubDesktop\bin;C:\Users\JULIETH\AppData\Local\Programs\Microsoft VS Code\bin;C:\Users\JULIETH\AppData\Roaming\npm
USERNAME=JULIETH
OS=Windows_NT
PROCESSOR_IDENTIFIER=AMD64 Family 21 Model 2 Stepping 0, AuthenticAMD



---------------  S Y S T E M  ---------------

OS: Windows 10 , 64 bit Build 19041 (10.0.19041.1889)
OS uptime: 0 days 22:02 hours

CPU:total 8 (initial active 8) (8 cores per cpu, 1 threads per core) family 21 model 2 stepping 0 microcode 0x0, cmov, cx8, fxsr, mmx, sse, sse2, sse3, ssse3, sse4.1, sse4.2, popcnt, avx, aes, clmul, mmxext, 3dnowpref, lzcnt, sse4a, tsc, tscinvbit, tscinv, bmi1, fma

Memory: 4k page, system-wide physical 8168M (1691M free)
TotalPageFile size 8184M (AvailPageFile size 6M)
current process WorkingSet (physical memory assigned to process): 360M, peak: 360M
current process commit charge ("private bytes"): 399M, peak: 399M

vm_info: OpenJDK 64-Bit Server VM (11.0.11+9-b60-7590822) for windows-amd64 JRE (11.0.11+9-b60-7590822), built on Jul 29 2021 21:43:44 by "builder" with MS VC++ 14.0 (VS2015)

END.
