#
# There is insufficient memory for the Java Runtime Environment to continue.
# Native memory allocation (mmap) failed to map 134217728 bytes for Failed to commit area from 0x0000000080400000 to 0x0000000088400000 of length 134217728.
# Possible reasons:
#   The system is out of physical RAM or swap space
#   The process is running with CompressedOops enabled, and the Java Heap may be blocking the growth of the native heap
# Possible solutions:
#   Reduce memory load on the system
#   Increase physical memory or swap space
#   Check if swap backing store is full
#   Decrease Java heap size (-Xmx/-Xms)
#   Decrease number of Java threads
#   Decrease Java thread stack sizes (-Xss)
#   Set larger code cache with -XX:ReservedCodeCacheSize=
# This output file may be truncated or incomplete.
#
#  Out of Memory Error (./src/hotspot/os/windows/os_windows.cpp:3301), pid=13972, tid=11948
#
# JRE version:  (11.0.11+9) (build )
# Java VM: OpenJDK 64-Bit Server VM (11.0.11+9-b60-7590822, mixed mode, sharing, tiered, compressed oops, g1 gc, windows-amd64)
# No core dump will be written. Minidumps are not enabled by default on client versions of Windows
#

---------------  S U M M A R Y ------------

Command Line: org.jetbrains.kotlin.cli.jvm.K2JVMCompiler @C:\Users\JULIETH\AndroidStudioProjects\BlueTV\app\build\20220911_3512681566929877557.compiler.options

Host: AMD FX-8320E Eight-Core Processor              , 8 cores, 7G,  Windows 10 , 64 bit Build 19041 (10.0.19041.1889)
Time: Sun Sep 11 00:44:01 2022 Hora est. Pacífico, Sudamérica elapsed time: 0.013033 seconds (0d 0h 0m 0s)

---------------  T H R E A D  ---------------

Current thread (0x000001c22444a000):  JavaThread "Unknown thread" [_thread_in_vm, id=11948, stack(0x00000081a9f00000,0x00000081aa000000)]

Stack: [0x00000081a9f00000,0x00000081aa000000]
Native frames: (J=compiled Java code, j=interpreted, Vv=VM code, C=native code)
V  [jvm.dll+0x5f214a]
V  [jvm.dll+0x726fb5]
V  [jvm.dll+0x7285cd]
V  [jvm.dll+0x728c83]
V  [jvm.dll+0x243278]
V  [jvm.dll+0x5ef544]
V  [jvm.dll+0x5e4495]
V  [jvm.dll+0x2fec5b]
V  [jvm.dll+0x2febca]
V  [jvm.dll+0x2feaa2]
V  [jvm.dll+0x303986]
V  [jvm.dll+0x34c3a3]
V  [jvm.dll+0x34caa6]
V  [jvm.dll+0x34c4a3]
V  [jvm.dll+0x2d9688]
V  [jvm.dll+0x2da837]
V  [jvm.dll+0x705ba7]
V  [jvm.dll+0x70739c]
V  [jvm.dll+0x3598f9]
V  [jvm.dll+0x6e931e]
V  [jvm.dll+0x3c1c43]
V  [jvm.dll+0x3c3e81]
C  [jli.dll+0x5373]
C  [ucrtbase.dll+0x21bb2]
C  [KERNEL32.DLL+0x17034]
C  [ntdll.dll+0x52651]


---------------  P R O C E S S  ---------------

Threads class SMR info:
_java_thread_list=0x000001c222b12ee0, length=0, elements={
}

Java Threads: ( => current thread )

Other Threads:
  0x000001c224461800 GCTaskThread "GC Thread#0" [stack: 0x00000081aa000000,0x00000081aa100000] [id=5420]
  0x000001c224492800 ConcurrentGCThread "G1 Main Marker" [stack: 0x00000081aa100000,0x00000081aa200000] [id=13644]
  0x000001c224495000 ConcurrentGCThread "G1 Conc#0" [stack: 0x00000081aa200000,0x00000081aa300000] [id=12736]

[error occurred during error reporting (printing all threads), id 0xc0000005, EXCEPTION_ACCESS_VIOLATION (0xc0000005) at pc=0x00007ffe291f9c47]

VM state:not at safepoint (not fully initialized)

VM Mutex/Monitor currently owned by a thread:  ([mutex/lock_event])
[0x000001c224446df0] Heap_lock - owner thread: 0x000001c22444a000

Heap address: 0x0000000080400000, size: 2044 MB, Compressed Oops mode: Non-zero based: 0x0000000080400000
Narrow klass base: 0x0000000000000000, Narrow klass shift: 0

GC Heap History (0 events):
No events

Deoptimization events (0 events):
No events

Classes redefined (0 events):
No events

Internal exceptions (0 events):
No events

Events (1 events):
Event: 0.008 Loaded shared library C:\Program Files\Android\Android Studio\jre\bin\zip.dll


Dynamic libraries:
0x00007ff6f7bb0000 - 0x00007ff6f7bba000 	C:\Program Files\Android\Android Studio\jre\bin\java.exe
0x00007ffe66710000 - 0x00007ffe66908000 	C:\WINDOWS\SYSTEM32\ntdll.dll
0x00007ffe64e00000 - 0x00007ffe64ebd000 	C:\WINDOWS\System32\KERNEL32.DLL
0x00007ffe642f0000 - 0x00007ffe645be000 	C:\WINDOWS\System32\KERNELBASE.dll
0x00007ffe64030000 - 0x00007ffe64130000 	C:\WINDOWS\System32\ucrtbase.dll
0x00007ffe4f9d0000 - 0x00007ffe4f9e7000 	C:\Program Files\Android\Android Studio\jre\bin\VCRUNTIME140.dll
0x00007ffe5ca90000 - 0x00007ffe5caa9000 	C:\Program Files\Android\Android Studio\jre\bin\jli.dll
0x00007ffe66300000 - 0x00007ffe664a0000 	C:\WINDOWS\System32\USER32.dll
0x00007ffe4f4f0000 - 0x00007ffe4f78a000 	C:\WINDOWS\WinSxS\amd64_microsoft.windows.common-controls_6595b64144ccf1df_6.0.19041.1110_none_60b5254171f9507e\COMCTL32.dll
0x00007ffe646f0000 - 0x00007ffe64712000 	C:\WINDOWS\System32\win32u.dll
0x00007ffe65fa0000 - 0x00007ffe6603e000 	C:\WINDOWS\System32\msvcrt.dll
0x00007ffe66040000 - 0x00007ffe6606a000 	C:\WINDOWS\System32\GDI32.dll
0x00007ffe64130000 - 0x00007ffe6423b000 	C:\WINDOWS\System32\gdi32full.dll
0x00007ffe64650000 - 0x00007ffe646ed000 	C:\WINDOWS\System32\msvcp_win.dll
0x00007ffe64770000 - 0x00007ffe647a0000 	C:\WINDOWS\System32\IMM32.DLL
0x00007ffe48270000 - 0x00007ffe4830d000 	C:\Program Files\Android\Android Studio\jre\bin\msvcp140.dll
0x00007ffe28f10000 - 0x00007ffe299e5000 	C:\Program Files\Android\Android Studio\jre\bin\server\jvm.dll
0x00007ffe66250000 - 0x00007ffe662fe000 	C:\WINDOWS\System32\ADVAPI32.dll
0x00007ffe66080000 - 0x00007ffe6611c000 	C:\WINDOWS\System32\sechost.dll
0x00007ffe64b30000 - 0x00007ffe64c55000 	C:\WINDOWS\System32\RPCRT4.dll
0x00007ffe66510000 - 0x00007ffe66518000 	C:\WINDOWS\System32\PSAPI.DLL
0x00007ffe5e640000 - 0x00007ffe5e64a000 	C:\WINDOWS\SYSTEM32\VERSION.dll
0x00007ffe5ca20000 - 0x00007ffe5ca29000 	C:\WINDOWS\SYSTEM32\WSOCK32.dll
0x00007ffe55620000 - 0x00007ffe55647000 	C:\WINDOWS\SYSTEM32\WINMM.dll
0x00007ffe664a0000 - 0x00007ffe6650b000 	C:\WINDOWS\System32\WS2_32.dll
0x00007ffe61d50000 - 0x00007ffe61d62000 	C:\WINDOWS\SYSTEM32\kernel.appcore.dll
0x00007ffe5c830000 - 0x00007ffe5c841000 	C:\Program Files\Android\Android Studio\jre\bin\verify.dll
0x00007ffe55710000 - 0x00007ffe558f4000 	C:\WINDOWS\SYSTEM32\DBGHELP.DLL
0x00007ffe53160000 - 0x00007ffe5318c000 	C:\WINDOWS\SYSTEM32\dbgcore.DLL
0x00007ffe645c0000 - 0x00007ffe64642000 	C:\WINDOWS\System32\bcryptPrimitives.dll
0x00007ffe5c800000 - 0x00007ffe5c829000 	C:\Program Files\Android\Android Studio\jre\bin\java.dll
0x00007ffe5ca10000 - 0x00007ffe5ca1b000 	C:\Program Files\Android\Android Studio\jre\bin\jimage.dll
0x00007ffe5c7e0000 - 0x00007ffe5c7f8000 	C:\Program Files\Android\Android Studio\jre\bin\zip.dll

dbghelp: loaded successfully - version: 4.0.5 - missing functions: none
symbol engine: initialized successfully - sym options: 0x614 - pdb path: .;C:\Program Files\Android\Android Studio\jre\bin;C:\WINDOWS\SYSTEM32;C:\WINDOWS\WinSxS\amd64_microsoft.windows.common-controls_6595b64144ccf1df_6.0.19041.1110_none_60b5254171f9507e;C:\Program Files\Android\Android Studio\jre\bin\server

VM Arguments:
java_command: org.jetbrains.kotlin.cli.jvm.K2JVMCompiler @C:\Users\JULIETH\AndroidStudioProjects\BlueTV\app\build\20220911_3512681566929877557.compiler.options
java_class_path (initial): C:\Users\JULIETH\.gradle\caches\modules-2\files-2.1\org.jetbrains.kotlin\kotlin-compiler-embeddable\1.6.10\88f2073f4020cdb83132cfe940ceb9a60aba54ea\kotlin-compiler-embeddable-1.6.10.jar;C:\Users\JULIETH\.gradle\caches\modules-2\files-2.1\org.jetbrains.kotlin\kotlin-reflect\1.6.10\1cbe9c92c12a94eea200d23c2bbaedaf3daf5132\kotlin-reflect-1.6.10.jar;C:\Users\JULIETH\.gradle\caches\modules-2\files-2.1\org.jetbrains.kotlin\kotlin-stdlib\1.6.10\b8af3fe6f1ca88526914929add63cf5e7c5049af\kotlin-stdlib-1.6.10.jar;C:\Users\JULIETH\.gradle\caches\modules-2\files-2.1\org.jetbrains.kotlin\kotlin-script-runtime\1.6.10\d0a7ff2e2500ef497ed0214ae40ad3c8387a6164\kotlin-script-runtime-1.6.10.jar;C:\Users\JULIETH\.gradle\caches\modules-2\files-2.1\org.jetbrains.kotlin\kotlin-daemon-embeddable\1.6.10\a56d79bcbea411fa6058e4ecffc2de73e742bd2a\kotlin-daemon-embeddable-1.6.10.jar;C:\Users\JULIETH\.gradle\caches\modules-2\files-2.1\org.jetbrains.intellij.deps\trove4j\1.0.20181211\216c2e14b070f334479d800987affe4054cd563f\trove4j-1.0.20181211.jar;C:\Users\JULIETH\.gradle\caches\modules-2\files-2.1\net.java.dev.jna\jna\5.6.0\330f2244e9030119ab3030fc3fededc86713d9cc\jna-5.6.0.jar;C:\Users\JULIETH\.gradle\caches\modules-2\files-2.1\org.jetbrains\annotations\13.0\919f0dfe192fb4e063e7dacadee7f8bb9a2672a9\annotations-13.0.jar;C:\Users\JULIETH\.gradle\caches\modules-2\files-2.1\org.jetbrains.kotlin\kotlin-stdlib-common\1.6.10\c118700e3a33c8a0d9adc920e9dec0831171925\kotlin-stdlib-common-1.6.10.jar
Launcher Type: SUN_STANDARD

[Global flags]
     intx CICompilerCount                          = 4                                         {product} {ergonomic}
     uint ConcGCThreads                            = 2                                         {product} {ergonomic}
     uint G1ConcRefinementThreads                  = 8                                         {product} {ergonomic}
   size_t G1HeapRegionSize                         = 1048576                                   {product} {ergonomic}
    uintx GCDrainStackTargetSize                   = 64                                        {product} {ergonomic}
   size_t InitialHeapSize                          = 134217728                                 {product} {ergonomic}
   size_t MarkStackSize                            = 4194304                                   {product} {ergonomic}
   size_t MaxHeapSize                              = 2143289344                                {product} {ergonomic}
   size_t MinHeapDeltaBytes                        = 1048576                                   {product} {ergonomic}
    uintx NonNMethodCodeHeapSize                   = 5836300                                {pd product} {ergonomic}
    uintx NonProfiledCodeHeapSize                  = 122910970                              {pd product} {ergonomic}
    uintx ProfiledCodeHeapSize                     = 122910970                              {pd product} {ergonomic}
    uintx ReservedCodeCacheSize                    = 251658240                              {pd product} {ergonomic}
     bool SegmentedCodeCache                       = true                                      {product} {ergonomic}
     bool UseCompressedClassPointers               = true                                 {lp64_product} {ergonomic}
     bool UseCompressedOops                        = true                                 {lp64_product} {ergonomic}
     bool UseG1GC                                  = true                                      {product} {ergonomic}
     bool UseLargePagesIndividualAllocation        = false                                  {pd product} {ergonomic}

Logging:
Log output configuration:
 #0: stdout all=warning uptime,level,tags
 #1: stderr all=off uptime,level,tags

Environment Variables:
PATH=C:\WINDOWS\system32;C:\WINDOWS;C:\WINDOWS\System32\Wbem;C:\WINDOWS\System32\WindowsPowerShell\v1.0\;C:\WINDOWS\System32\OpenSSH\;C:\Program Files\dotnet\;C:\Program Files\Git\cmd;C:\Program Files\nodejs\;C:\Users\JULIETH\AppData\Local\Microsoft\WindowsApps;C:\Users\JULIETH\AppData\Local\GitHubDesktop\bin;C:\Users\JULIETH\AppData\Local\Programs\Microsoft VS Code\bin;C:\Users\JULIETH\AppData\Roaming\npm
USERNAME=JULIETH
OS=Windows_NT
PROCESSOR_IDENTIFIER=AMD64 Family 21 Model 2 Stepping 0, AuthenticAMD



---------------  S Y S T E M  ---------------

OS: Windows 10 , 64 bit Build 19041 (10.0.19041.1889)
OS uptime: 1 days 13:12 hours

CPU:total 8 (initial active 8) (8 cores per cpu, 1 threads per core) family 21 model 2 stepping 0 microcode 0x0, cmov, cx8, fxsr, mmx, sse, sse2, sse3, ssse3, sse4.1, sse4.2, popcnt, avx, aes, clmul, mmxext, 3dnowpref, lzcnt, sse4a, tsc, tscinvbit, tscinv, bmi1, fma

Memory: 4k page, system-wide physical 8168M (710M free)
TotalPageFile size 8184M (AvailPageFile size 106M)
current process WorkingSet (physical memory assigned to process): 9M, peak: 10M
current process commit charge ("private bytes"): 59M, peak: 187M

vm_info: OpenJDK 64-Bit Server VM (11.0.11+9-b60-7590822) for windows-amd64 JRE (11.0.11+9-b60-7590822), built on Jul 29 2021 21:43:44 by "builder" with MS VC++ 14.0 (VS2015)

END.
