#
# There is insufficient memory for the Java Runtime Environment to continue.
# Native memory allocation (malloc) failed to allocate 1061616 bytes for Chunk::new
# Possible reasons:
#   The system is out of physical RAM or swap space
#   The process is running with CompressedOops enabled, and the Java Heap may be blocking the growth of the native heap
# Possible solutions:
#   Reduce memory load on the system
#   Increase physical memory or swap space
#   Check if swap backing store is full
#   Decrease Java heap size (-Xmx/-Xms)
#   Decrease number of Java threads
#   Decrease Java thread stack sizes (-Xss)
#   Set larger code cache with -XX:ReservedCodeCacheSize=
#   JVM is running with Unscaled Compressed Oops mode in which the Java heap is
#     placed in the first 4GB address space. The Java Heap base address is the
#     maximum limit for the native heap growth. Please use -XX:HeapBaseMinAddress
#     to set the Java Heap base and to place the Java Heap above 4GB virtual address.
# This output file may be truncated or incomplete.
#
#  Out of Memory Error (./src/hotspot/share/memory/arena.cpp:197), pid=6152, tid=7992
#
# JRE version: OpenJDK Runtime Environment (11.0.11+9) (build 11.0.11+9-b60-7590822)
# Java VM: OpenJDK 64-Bit Server VM (11.0.11+9-b60-7590822, mixed mode, tiered, compressed oops, g1 gc, windows-amd64)
# No core dump will be written. Minidumps are not enabled by default on client versions of Windows
#

---------------  S U M M A R Y ------------

Command Line: --add-opens=java.base/java.util=ALL-UNNAMED --add-opens=java.base/java.lang=ALL-UNNAMED --add-opens=java.base/java.lang.invoke=ALL-UNNAMED --add-opens=java.base/java.util=ALL-UNNAMED --add-opens=java.prefs/java.util.prefs=ALL-UNNAMED --add-opens=java.prefs/java.util.prefs=ALL-UNNAMED --add-opens=java.base/java.nio.charset=ALL-UNNAMED --add-opens=java.base/java.net=ALL-UNNAMED --add-opens=java.base/java.util.concurrent.atomic=ALL-UNNAMED -Xmx2048m -Dfile.encoding=UTF-8 -Duser.country=CO -Duser.language=es -Duser.variant org.gradle.launcher.daemon.bootstrap.GradleDaemon 7.2

Host: AMD FX-8320E Eight-Core Processor              , 8 cores, 7G,  Windows 10 , 64 bit Build 19041 (10.0.19041.1889)
Time: Fri Sep  9 12:15:22 2022 Hora est. Pacífico, Sudamérica elapsed time: 416.271308 seconds (0d 0h 6m 56s)

---------------  T H R E A D  ---------------

Current thread (0x000001fa7ebfc800):  JavaThread "C2 CompilerThread0" daemon [_thread_in_native, id=7992, stack(0x00000074c4700000,0x00000074c4800000)]


Current CompileTask:
C2: 416271 16592       4       java.util.regex.Pattern::compile (498 bytes)

Stack: [0x00000074c4700000,0x00000074c4800000]
Native frames: (J=compiled Java code, j=interpreted, Vv=VM code, C=native code)
V  [jvm.dll+0x5f214a]
V  [jvm.dll+0x726fb5]
V  [jvm.dll+0x7285cd]
V  [jvm.dll+0x728c83]
V  [jvm.dll+0x243278]
V  [jvm.dll+0xbc53c]
V  [jvm.dll+0xbca3c]
V  [jvm.dll+0x353e3b]
V  [jvm.dll+0x321893]
V  [jvm.dll+0x320d8a]
V  [jvm.dll+0x1fc1e2]
V  [jvm.dll+0x1fb3d4]
V  [jvm.dll+0x183d6c]
V  [jvm.dll+0x209a57]
V  [jvm.dll+0x2082a1]
V  [jvm.dll+0x6ef58f]
V  [jvm.dll+0x6e80b5]
V  [jvm.dll+0x5f1036]
C  [ucrtbase.dll+0x21bb2]
C  [KERNEL32.DLL+0x17034]
C  [ntdll.dll+0x52651]


---------------  P R O C E S S  ---------------

Threads class SMR info:
_java_thread_list=0x000001fa229c7190, length=137, elements={
0x000001fa7c98b000, 0x000001fa7ebd0000, 0x000001fa7ebdb800, 0x000001fa7ebec800,
0x000001fa7ebed800, 0x000001fa7ebf1800, 0x000001fa7ebfc800, 0x000001fa7ec01000,
0x000001fa7ec0a800, 0x000001fa7f702800, 0x000001fa1b0a2800, 0x000001fa1abcc800,
0x000001fa1a0a6000, 0x000001fa1ab41000, 0x000001fa1ab40000, 0x000001fa1ab43800,
0x000001fa1ab46000, 0x000001fa1ab42800, 0x000001fa1b289000, 0x000001fa1b28f800,
0x000001fa1b28e000, 0x000001fa1b28d000, 0x000001fa1b28f000, 0x000001fa1d6f3000,
0x000001fa1d6f2000, 0x000001fa1d6f1800, 0x000001fa1d6f8800, 0x000001fa1d6f9800,
0x000001fa1d6fa800, 0x000001fa1d6fb000, 0x000001fa1ab0f000, 0x000001fa1ab14000,
0x000001fa1ab15800, 0x000001fa1ab18000, 0x000001fa1ab19000, 0x000001fa1ab16800,
0x000001fa1d72c000, 0x000001fa1defd800, 0x000001fa1defb000, 0x000001fa1defa000,
0x000001fa1defe000, 0x000001fa1fb84000, 0x000001fa1fb85000, 0x000001fa1fb81800,
0x000001fa1fb81000, 0x000001fa1fb83800, 0x000001fa1fb7f000, 0x000001fa1fb85800,
0x000001fa1fb80000, 0x000001fa1b5c8800, 0x000001fa1fb87800, 0x000001fa1fb88000,
0x000001fa1fb89000, 0x000001fa1fb8a000, 0x000001fa1b2d0000, 0x000001fa1fb86800,
0x000001fa1fb8d000, 0x000001fa1fb8b800, 0x000001fa1fb8a800, 0x000001fa1fb8c800,
0x000001fa1fb8e000, 0x000001fa1d722800, 0x000001fa1d723000, 0x000001fa1d71f000,
0x000001fa1d720800, 0x000001fa1d724000, 0x000001fa1d725000, 0x000001fa1d721800,
0x000001fa1d725800, 0x000001fa1d720000, 0x000001fa1d72a800, 0x000001fa1d729000,
0x000001fa1d727000, 0x000001fa1d728000, 0x000001fa1d726800, 0x000001fa1d72e000,
0x000001fa1d72d000, 0x000001fa1d72b800, 0x000001fa1d729800, 0x000001fa1defb800,
0x000001fa1defc800, 0x000001fa1deff000, 0x000001fa1def9000, 0x000001fa1df03000,
0x000001fa1df01800, 0x000001fa1df00800, 0x000001fa1df02000, 0x000001fa1df00000,
0x000001fa1df04800, 0x000001fa1df04000, 0x000001fa1df05800, 0x000001fa1df07000,
0x000001fa1df08000, 0x000001fa1df06800, 0x000001fa1ab10000, 0x000001fa1ab0c000,
0x000001fa1ab0a000, 0x000001fa1ab10800, 0x000001fa1ab0b000, 0x000001fa1ab11800,
0x000001fa1ab12800, 0x000001fa1ab0c800, 0x000001fa1ab13000, 0x000001fa1ab0d800,
0x000001fa1ab0e800, 0x000001fa1ab15000, 0x000001fa1ab17800, 0x000001fa1d6f0800,
0x000001fa1d6f4000, 0x000001fa1d6f4800, 0x000001fa1d6f5800, 0x000001fa1d6ef800,
0x000001fa1d6f6800, 0x000001fa1d6fd000, 0x000001fa1d6f7000, 0x000001fa1d6fd800,
0x000001fa1d6f8000, 0x000001fa1d6fe800, 0x000001fa1ab41800, 0x000001fa1ab44000,
0x000001fa1ab45000, 0x000001fa1ab3f800, 0x000001fa1b28a000, 0x000001fa1b28a800,
0x000001fa2257e800, 0x000001fa2257c000, 0x000001fa2257c800, 0x000001fa2257a800,
0x000001fa2257d800, 0x000001fa22578800, 0x000001fa2257f000, 0x000001fa2257b000,
0x000001fa22579800, 0x000001fa22582800, 0x000001fa22580000, 0x000001fa22583000,
0x000001fa22586800
}

Java Threads: ( => current thread )
  0x000001fa7c98b000 JavaThread "main" [_thread_blocked, id=11668, stack(0x00000074c3b00000,0x00000074c3c00000)]
  0x000001fa7ebd0000 JavaThread "Reference Handler" daemon [_thread_blocked, id=6272, stack(0x00000074c4200000,0x00000074c4300000)]
  0x000001fa7ebdb800 JavaThread "Finalizer" daemon [_thread_blocked, id=9588, stack(0x00000074c4300000,0x00000074c4400000)]
  0x000001fa7ebec800 JavaThread "Signal Dispatcher" daemon [_thread_blocked, id=10876, stack(0x00000074c4400000,0x00000074c4500000)]
  0x000001fa7ebed800 JavaThread "Attach Listener" daemon [_thread_blocked, id=2708, stack(0x00000074c4500000,0x00000074c4600000)]
  0x000001fa7ebf1800 JavaThread "Service Thread" daemon [_thread_blocked, id=7512, stack(0x00000074c4600000,0x00000074c4700000)]
=>0x000001fa7ebfc800 JavaThread "C2 CompilerThread0" daemon [_thread_in_native, id=7992, stack(0x00000074c4700000,0x00000074c4800000)]
  0x000001fa7ec01000 JavaThread "C1 CompilerThread0" daemon [_thread_in_native, id=6852, stack(0x00000074c4800000,0x00000074c4900000)]
  0x000001fa7ec0a800 JavaThread "Sweeper thread" daemon [_thread_blocked, id=9668, stack(0x00000074c4900000,0x00000074c4a00000)]
  0x000001fa7f702800 JavaThread "Common-Cleaner" daemon [_thread_blocked, id=3976, stack(0x00000074c4a00000,0x00000074c4b00000)]
  0x000001fa1b0a2800 JavaThread "Daemon health stats" [_thread_blocked, id=3816, stack(0x00000074c5000000,0x00000074c5100000)]
  0x000001fa1abcc800 JavaThread "Incoming local TCP Connector on port 50523" [_thread_in_native, id=11660, stack(0x00000074c4c00000,0x00000074c4d00000)]
  0x000001fa1a0a6000 JavaThread "Daemon periodic checks" [_thread_blocked, id=5140, stack(0x00000074c4f00000,0x00000074c5000000)]
  0x000001fa1ab41000 JavaThread "Cache worker for journal cache (C:\Users\JULIETH\.gradle\caches\journal-1)" [_thread_blocked, id=11628, stack(0x00000074c5800000,0x00000074c5900000)]
  0x000001fa1ab40000 JavaThread "File lock request listener" [_thread_in_native, id=1264, stack(0x00000074c5e00000,0x00000074c5f00000)]
  0x000001fa1ab43800 JavaThread "Cache worker for file hash cache (C:\Users\JULIETH\.gradle\caches\7.2\fileHashes)" [_thread_blocked, id=4508, stack(0x00000074c5f00000,0x00000074c6000000)]
  0x000001fa1ab46000 JavaThread "File watcher server" daemon [_thread_in_native, id=12516, stack(0x00000074c6300000,0x00000074c6400000)]
  0x000001fa1ab42800 JavaThread "File watcher consumer" daemon [_thread_blocked, id=12340, stack(0x00000074c6400000,0x00000074c6500000)]
  0x000001fa1b289000 JavaThread "Cache worker for execution history cache (C:\Users\JULIETH\.gradle\caches\7.2\executionHistory)" [_thread_blocked, id=6208, stack(0x00000074c6800000,0x00000074c6900000)]
  0x000001fa1b28f800 JavaThread "jar transforms" [_thread_blocked, id=7084, stack(0x00000074c6a00000,0x00000074c6b00000)]
  0x000001fa1b28e000 JavaThread "Cache worker for file content cache (C:\Users\JULIETH\.gradle\caches\7.2\fileContent)" [_thread_blocked, id=12720, stack(0x00000074c6b00000,0x00000074c6c00000)]
  0x000001fa1b28d000 JavaThread "jar transforms Thread 2" [_thread_blocked, id=7192, stack(0x00000074c6c00000,0x00000074c6d00000)]
  0x000001fa1b28f000 JavaThread "jar transforms Thread 3" [_thread_blocked, id=1272, stack(0x00000074c6e00000,0x00000074c6f00000)]
  0x000001fa1d6f3000 JavaThread "jar transforms Thread 4" [_thread_blocked, id=11132, stack(0x00000074cc000000,0x00000074cc100000)]
  0x000001fa1d6f2000 JavaThread "jar transforms Thread 5" [_thread_blocked, id=12124, stack(0x00000074cc100000,0x00000074cc200000)]
  0x000001fa1d6f1800 JavaThread "jar transforms Thread 6" [_thread_blocked, id=10368, stack(0x00000074cc200000,0x00000074cc300000)]
  0x000001fa1d6f8800 JavaThread "jar transforms Thread 7" [_thread_blocked, id=10384, stack(0x00000074cc300000,0x00000074cc400000)]
  0x000001fa1d6f9800 JavaThread "jar transforms Thread 8" [_thread_blocked, id=2596, stack(0x00000074cc400000,0x00000074cc500000)]
  0x000001fa1d6fa800 JavaThread "Memory manager" [_thread_blocked, id=12456, stack(0x00000074cc500000,0x00000074cc600000)]
  0x000001fa1d6fb000 JavaThread "pool-3-thread-1" [_thread_blocked, id=9364, stack(0x00000074cc800000,0x00000074cc900000)]
  0x000001fa1ab0f000 JavaThread "pool-6-thread-1" [_thread_blocked, id=12012, stack(0x00000074cc900000,0x00000074cca00000)]
  0x000001fa1ab14000 JavaThread "RMI Scheduler(0)" daemon [_thread_blocked, id=9096, stack(0x00000074c5600000,0x00000074c5700000)]
  0x000001fa1ab15800 JavaThread "RMI GC Daemon" daemon [_thread_blocked, id=8796, stack(0x00000074cd300000,0x00000074cd400000)]
  0x000001fa1ab18000 JavaThread "RMI TCP Accept-0" daemon [_thread_in_native, id=5224, stack(0x00000074cd400000,0x00000074cd500000)]
  0x000001fa1ab19000 JavaThread "RMI Reaper" [_thread_blocked, id=1616, stack(0x00000074cd500000,0x00000074cd600000)]
  0x000001fa1ab16800 JavaThread "Cache worker for Java compile cache (C:\Users\JULIETH\.gradle\caches\7.2\javaCompile)" [_thread_blocked, id=2124, stack(0x00000074c5700000,0x00000074c5800000)]
  0x000001fa1d72c000 JavaThread "ForkJoinPool.commonPool-worker-5" daemon [_thread_blocked, id=3592, stack(0x00000074ceb00000,0x00000074cec00000)]
  0x000001fa1defd800 JavaThread "ForkJoinPool.commonPool-worker-9" daemon [_thread_blocked, id=10148, stack(0x00000074ced00000,0x00000074cee00000)]
  0x000001fa1defb000 JavaThread "ForkJoinPool.commonPool-worker-11" daemon [_thread_blocked, id=6876, stack(0x00000074cee00000,0x00000074cef00000)]
  0x000001fa1defa000 JavaThread "ForkJoinPool.commonPool-worker-13" daemon [_thread_blocked, id=11412, stack(0x00000074cef00000,0x00000074cf000000)]
  0x000001fa1defe000 JavaThread "ForkJoinPool.commonPool-worker-15" daemon [_thread_blocked, id=10200, stack(0x00000074cf000000,0x00000074cf100000)]
  0x000001fa1fb84000 JavaThread "Daemon Thread 3" [_thread_blocked, id=12996, stack(0x00000074c3800000,0x00000074c3900000)]
  0x000001fa1fb85000 JavaThread "Handler for socket connection from /127.0.0.1:50523 to /127.0.0.1:50955" [_thread_in_native, id=1752, stack(0x00000074c3900000,0x00000074c3a00000)]
  0x000001fa1fb81800 JavaThread "Cancel handler" [_thread_blocked, id=10548, stack(0x00000074c3a00000,0x00000074c3b00000)]
  0x000001fa1fb81000 JavaThread "Daemon worker Thread 3" [_thread_in_Java, id=11580, stack(0x00000074c5100000,0x00000074c5200000)]
  0x000001fa1fb83800 JavaThread "Asynchronous log dispatcher for DefaultDaemonConnection: socket connection from /127.0.0.1:50523 to /127.0.0.1:50955" [_thread_blocked, id=3712, stack(0x00000074c5200000,0x00000074c5300000)]
  0x000001fa1fb7f000 JavaThread "Stdin handler" [_thread_blocked, id=4460, stack(0x00000074c5300000,0x00000074c5400000)]
  0x000001fa1fb85800 JavaThread "Daemon client event forwarder" [_thread_blocked, id=9600, stack(0x00000074c5400000,0x00000074c5500000)]
  0x000001fa1fb80000 JavaThread "Cache worker for file hash cache (C:\Users\JULIETH\AndroidStudioProjects\BlueTV\.gradle\7.2\fileHashes)" [_thread_blocked, id=6420, stack(0x00000074c5500000,0x00000074c5600000)]
  0x000001fa1b5c8800 JavaThread "C2 CompilerThread1" daemon [_thread_in_native, id=6880, stack(0x00000074c6100000,0x00000074c6200000)]
  0x000001fa1fb87800 JavaThread "Cache worker for checksums cache (C:\Users\JULIETH\AndroidStudioProjects\BlueTV\.gradle\checksums)" [_thread_blocked, id=7488, stack(0x00000074c6700000,0x00000074c6800000)]
  0x000001fa1fb88000 JavaThread "Cache worker for cache directory md-supplier (C:\Users\JULIETH\.gradle\caches\7.2\md-supplier)" [_thread_blocked, id=12956, stack(0x00000074c6900000,0x00000074c6a00000)]
  0x000001fa1fb89000 JavaThread "Cache worker for cache directory md-rule (C:\Users\JULIETH\.gradle\caches\7.2\md-rule)" [_thread_blocked, id=5124, stack(0x00000074c6d00000,0x00000074c6e00000)]
  0x000001fa1fb8a000 JavaThread "Cache worker for dependencies-accessors (C:\Users\JULIETH\AndroidStudioProjects\BlueTV\.gradle\7.2\dependencies-accessors)" [_thread_blocked, id=5560, stack(0x00000074c6f00000,0x00000074c7000000)]
  0x000001fa1b2d0000 JavaThread "C2 CompilerThread2" daemon [_thread_in_native, id=10868, stack(0x00000074c7000000,0x00000074c7100000)]
  0x000001fa1fb86800 JavaThread "Cache worker for Build Output Cleanup Cache (C:\Users\JULIETH\AndroidStudioProjects\BlueTV\.gradle\buildOutputCleanup)" [_thread_blocked, id=2268, stack(0x00000074c7100000,0x00000074c7200000)]
  0x000001fa1fb8d000 JavaThread "Unconstrained build operations" [_thread_blocked, id=6892, stack(0x00000074c7200000,0x00000074c7300000)]
  0x000001fa1fb8b800 JavaThread "Unconstrained build operations Thread 2" [_thread_blocked, id=4456, stack(0x00000074c7300000,0x00000074c7400000)]
  0x000001fa1fb8a800 JavaThread "Unconstrained build operations Thread 3" [_thread_blocked, id=11572, stack(0x00000074c7400000,0x00000074c7500000)]
  0x000001fa1fb8c800 JavaThread "Unconstrained build operations Thread 4" [_thread_blocked, id=5684, stack(0x00000074c7500000,0x00000074c7600000)]
  0x000001fa1fb8e000 JavaThread "Unconstrained build operations Thread 5" [_thread_blocked, id=5576, stack(0x00000074c7600000,0x00000074c7700000)]
  0x000001fa1d722800 JavaThread "Unconstrained build operations Thread 6" [_thread_blocked, id=2116, stack(0x00000074c7700000,0x00000074c7800000)]
  0x000001fa1d723000 JavaThread "Unconstrained build operations Thread 7" [_thread_blocked, id=9116, stack(0x00000074c7800000,0x00000074c7900000)]
  0x000001fa1d71f000 JavaThread "Unconstrained build operations Thread 8" [_thread_blocked, id=10420, stack(0x00000074c7900000,0x00000074c7a00000)]
  0x000001fa1d720800 JavaThread "Unconstrained build operations Thread 9" [_thread_blocked, id=8452, stack(0x00000074c7a00000,0x00000074c7b00000)]
  0x000001fa1d724000 JavaThread "Unconstrained build operations Thread 10" [_thread_blocked, id=9640, stack(0x00000074c7b00000,0x00000074c7c00000)]
  0x000001fa1d725000 JavaThread "Unconstrained build operations Thread 11" [_thread_blocked, id=6632, stack(0x00000074c7c00000,0x00000074c7d00000)]
  0x000001fa1d721800 JavaThread "Unconstrained build operations Thread 12" [_thread_blocked, id=8248, stack(0x00000074c7d00000,0x00000074c7e00000)]
  0x000001fa1d725800 JavaThread "Unconstrained build operations Thread 13" [_thread_blocked, id=7000, stack(0x00000074c7e00000,0x00000074c7f00000)]
  0x000001fa1d720000 JavaThread "Unconstrained build operations Thread 14" [_thread_blocked, id=3080, stack(0x00000074c7f00000,0x00000074c8000000)]
  0x000001fa1d72a800 JavaThread "Unconstrained build operations Thread 15" [_thread_blocked, id=6232, stack(0x00000074c8000000,0x00000074c8100000)]
  0x000001fa1d729000 JavaThread "Unconstrained build operations Thread 16" [_thread_blocked, id=2952, stack(0x00000074c8100000,0x00000074c8200000)]
  0x000001fa1d727000 JavaThread "Unconstrained build operations Thread 17" [_thread_blocked, id=6056, stack(0x00000074c8200000,0x00000074c8300000)]
  0x000001fa1d728000 JavaThread "Unconstrained build operations Thread 18" [_thread_blocked, id=9396, stack(0x00000074c8300000,0x00000074c8400000)]
  0x000001fa1d726800 JavaThread "Unconstrained build operations Thread 19" [_thread_blocked, id=12992, stack(0x00000074c8400000,0x00000074c8500000)]
  0x000001fa1d72e000 JavaThread "Unconstrained build operations Thread 20" [_thread_blocked, id=11684, stack(0x00000074c8500000,0x00000074c8600000)]
  0x000001fa1d72d000 JavaThread "Unconstrained build operations Thread 21" [_thread_blocked, id=4604, stack(0x00000074c8600000,0x00000074c8700000)]
  0x000001fa1d72b800 JavaThread "Unconstrained build operations Thread 22" [_thread_blocked, id=11892, stack(0x00000074c8700000,0x00000074c8800000)]
  0x000001fa1d729800 JavaThread "Unconstrained build operations Thread 23" [_thread_blocked, id=1360, stack(0x00000074c8800000,0x00000074c8900000)]
  0x000001fa1defb800 JavaThread "Unconstrained build operations Thread 24" [_thread_blocked, id=8180, stack(0x00000074c8900000,0x00000074c8a00000)]
  0x000001fa1defc800 JavaThread "Unconstrained build operations Thread 25" [_thread_blocked, id=5612, stack(0x00000074c8a00000,0x00000074c8b00000)]
  0x000001fa1deff000 JavaThread "Unconstrained build operations Thread 26" [_thread_blocked, id=7480, stack(0x00000074c8b00000,0x00000074c8c00000)]
  0x000001fa1def9000 JavaThread "Unconstrained build operations Thread 27" [_thread_blocked, id=4576, stack(0x00000074c8c00000,0x00000074c8d00000)]
  0x000001fa1df03000 JavaThread "Unconstrained build operations Thread 28" [_thread_blocked, id=4532, stack(0x00000074c8d00000,0x00000074c8e00000)]
  0x000001fa1df01800 JavaThread "Unconstrained build operations Thread 29" [_thread_blocked, id=10960, stack(0x00000074c8e00000,0x00000074c8f00000)]
  0x000001fa1df00800 JavaThread "Unconstrained build operations Thread 30" [_thread_blocked, id=11632, stack(0x00000074c8f00000,0x00000074c9000000)]
  0x000001fa1df02000 JavaThread "Unconstrained build operations Thread 31" [_thread_blocked, id=12640, stack(0x00000074c9000000,0x00000074c9100000)]
  0x000001fa1df00000 JavaThread "Unconstrained build operations Thread 32" [_thread_blocked, id=3716, stack(0x00000074c9100000,0x00000074c9200000)]
  0x000001fa1df04800 JavaThread "Unconstrained build operations Thread 33" [_thread_blocked, id=13280, stack(0x00000074c9200000,0x00000074c9300000)]
  0x000001fa1df04000 JavaThread "Unconstrained build operations Thread 34" [_thread_blocked, id=9936, stack(0x00000074c9300000,0x00000074c9400000)]
  0x000001fa1df05800 JavaThread "Unconstrained build operations Thread 35" [_thread_blocked, id=8880, stack(0x00000074c9400000,0x00000074c9500000)]
  0x000001fa1df07000 JavaThread "Unconstrained build operations Thread 36" [_thread_blocked, id=11840, stack(0x00000074c9500000,0x00000074c9600000)]
  0x000001fa1df08000 JavaThread "Unconstrained build operations Thread 37" [_thread_blocked, id=13288, stack(0x00000074c9600000,0x00000074c9700000)]
  0x000001fa1df06800 JavaThread "Unconstrained build operations Thread 38" [_thread_blocked, id=10768, stack(0x00000074c9700000,0x00000074c9800000)]
  0x000001fa1ab10000 JavaThread "Unconstrained build operations Thread 39" [_thread_blocked, id=2964, stack(0x00000074c9800000,0x00000074c9900000)]
  0x000001fa1ab0c000 JavaThread "Unconstrained build operations Thread 40" [_thread_blocked, id=9724, stack(0x00000074c9900000,0x00000074c9a00000)]
  0x000001fa1ab0a000 JavaThread "Unconstrained build operations Thread 41" [_thread_blocked, id=7696, stack(0x00000074c9a00000,0x00000074c9b00000)]
  0x000001fa1ab10800 JavaThread "Unconstrained build operations Thread 42" [_thread_blocked, id=10376, stack(0x00000074c9b00000,0x00000074c9c00000)]
  0x000001fa1ab0b000 JavaThread "Unconstrained build operations Thread 43" [_thread_blocked, id=6168, stack(0x00000074c9c00000,0x00000074c9d00000)]
  0x000001fa1ab11800 JavaThread "Unconstrained build operations Thread 44" [_thread_blocked, id=13160, stack(0x00000074c9d00000,0x00000074c9e00000)]
  0x000001fa1ab12800 JavaThread "Unconstrained build operations Thread 45" [_thread_blocked, id=12936, stack(0x00000074c9e00000,0x00000074c9f00000)]
  0x000001fa1ab0c800 JavaThread "Unconstrained build operations Thread 46" [_thread_blocked, id=7404, stack(0x00000074c9f00000,0x00000074ca000000)]
  0x000001fa1ab13000 JavaThread "Unconstrained build operations Thread 47" [_thread_blocked, id=6768, stack(0x00000074ca000000,0x00000074ca100000)]
  0x000001fa1ab0d800 JavaThread "Unconstrained build operations Thread 48" [_thread_blocked, id=488, stack(0x00000074ca100000,0x00000074ca200000)]
  0x000001fa1ab0e800 JavaThread "Unconstrained build operations Thread 49" [_thread_blocked, id=3436, stack(0x00000074ca200000,0x00000074ca300000)]
  0x000001fa1ab15000 JavaThread "Unconstrained build operations Thread 50" [_thread_blocked, id=5916, stack(0x00000074ca300000,0x00000074ca400000)]
  0x000001fa1ab17800 JavaThread "Unconstrained build operations Thread 51" [_thread_blocked, id=9768, stack(0x00000074ca400000,0x00000074ca500000)]
  0x000001fa1d6f0800 JavaThread "Unconstrained build operations Thread 52" [_thread_blocked, id=12520, stack(0x00000074ca500000,0x00000074ca600000)]
  0x000001fa1d6f4000 JavaThread "Unconstrained build operations Thread 53" [_thread_blocked, id=5580, stack(0x00000074ca600000,0x00000074ca700000)]
  0x000001fa1d6f4800 JavaThread "Unconstrained build operations Thread 54" [_thread_blocked, id=11300, stack(0x00000074ca700000,0x00000074ca800000)]
  0x000001fa1d6f5800 JavaThread "Unconstrained build operations Thread 55" [_thread_blocked, id=1236, stack(0x00000074ca800000,0x00000074ca900000)]
  0x000001fa1d6ef800 JavaThread "Unconstrained build operations Thread 56" [_thread_blocked, id=12008, stack(0x00000074ca900000,0x00000074caa00000)]
  0x000001fa1d6f6800 JavaThread "Unconstrained build operations Thread 57" [_thread_blocked, id=1148, stack(0x00000074caa00000,0x00000074cab00000)]
  0x000001fa1d6fd000 JavaThread "Unconstrained build operations Thread 58" [_thread_blocked, id=644, stack(0x00000074cab00000,0x00000074cac00000)]
  0x000001fa1d6f7000 JavaThread "Unconstrained build operations Thread 59" [_thread_blocked, id=660, stack(0x00000074cac00000,0x00000074cad00000)]
  0x000001fa1d6fd800 JavaThread "Unconstrained build operations Thread 60" [_thread_blocked, id=6924, stack(0x00000074cad00000,0x00000074cae00000)]
  0x000001fa1d6f8000 JavaThread "Unconstrained build operations Thread 61" [_thread_blocked, id=7312, stack(0x00000074cae00000,0x00000074caf00000)]
  0x000001fa1d6fe800 JavaThread "Unconstrained build operations Thread 62" [_thread_blocked, id=12052, stack(0x00000074caf00000,0x00000074cb000000)]
  0x000001fa1ab41800 JavaThread "Unconstrained build operations Thread 63" [_thread_blocked, id=12696, stack(0x00000074cb000000,0x00000074cb100000)]
  0x000001fa1ab44000 JavaThread "Unconstrained build operations Thread 64" [_thread_blocked, id=7224, stack(0x00000074cb100000,0x00000074cb200000)]
  0x000001fa1ab45000 JavaThread "Unconstrained build operations Thread 65" [_thread_blocked, id=2740, stack(0x00000074cb200000,0x00000074cb300000)]
  0x000001fa1ab3f800 JavaThread "Unconstrained build operations Thread 66" [_thread_blocked, id=12388, stack(0x00000074cb300000,0x00000074cb400000)]
  0x000001fa1b28a000 JavaThread "Unconstrained build operations Thread 67" [_thread_blocked, id=8556, stack(0x00000074cb400000,0x00000074cb500000)]
  0x000001fa1b28a800 JavaThread "Unconstrained build operations Thread 68" [_thread_blocked, id=9196, stack(0x00000074cb500000,0x00000074cb600000)]
  0x000001fa2257e800 JavaThread "Unconstrained build operations Thread 69" [_thread_blocked, id=11488, stack(0x00000074cb600000,0x00000074cb700000)]
  0x000001fa2257c000 JavaThread "Unconstrained build operations Thread 70" [_thread_blocked, id=4384, stack(0x00000074cb700000,0x00000074cb800000)]
  0x000001fa2257c800 JavaThread "Unconstrained build operations Thread 71" [_thread_blocked, id=12628, stack(0x00000074cb800000,0x00000074cb900000)]
  0x000001fa2257a800 JavaThread "Unconstrained build operations Thread 72" [_thread_blocked, id=12476, stack(0x00000074cb900000,0x00000074cba00000)]
  0x000001fa2257d800 JavaThread "Unconstrained build operations Thread 73" [_thread_blocked, id=7184, stack(0x00000074cba00000,0x00000074cbb00000)]
  0x000001fa22578800 JavaThread "Unconstrained build operations Thread 74" [_thread_blocked, id=5668, stack(0x00000074cbb00000,0x00000074cbc00000)]
  0x000001fa2257f000 JavaThread "Unconstrained build operations Thread 75" [_thread_blocked, id=1932, stack(0x00000074cbc00000,0x00000074cbd00000)]
  0x000001fa2257b000 JavaThread "Unconstrained build operations Thread 76" [_thread_blocked, id=5196, stack(0x00000074cbd00000,0x00000074cbe00000)]
  0x000001fa22579800 JavaThread "Unconstrained build operations Thread 77" [_thread_blocked, id=5584, stack(0x00000074cbe00000,0x00000074cbf00000)]
  0x000001fa22582800 JavaThread "Unconstrained build operations Thread 78" [_thread_blocked, id=6240, stack(0x00000074cbf00000,0x00000074cc000000)]
  0x000001fa22580000 JavaThread "Unconstrained build operations Thread 79" [_thread_blocked, id=2868, stack(0x00000074cc600000,0x00000074cc700000)]
  0x000001fa22583000 JavaThread "Unconstrained build operations Thread 80" [_thread_blocked, id=1392, stack(0x00000074cc700000,0x00000074cc800000)]
  0x000001fa22586800 JavaThread "build event listener" [_thread_blocked, id=2932, stack(0x00000074cca00000,0x00000074ccb00000)]

Other Threads:
  0x000001fa7ebce000 VMThread "VM Thread" [stack: 0x00000074c4100000,0x00000074c4200000] [id=10608]
  0x000001fa7f72b800 WatcherThread [stack: 0x00000074c4b00000,0x00000074c4c00000] [id=7612]
  0x000001fa7c9a2800 GCTaskThread "GC Thread#0" [stack: 0x00000074c3c00000,0x00000074c3d00000] [id=2704]
  0x000001fa19109000 GCTaskThread "GC Thread#1" [stack: 0x00000074c4d00000,0x00000074c4e00000] [id=12668]
  0x000001fa1917b000 GCTaskThread "GC Thread#2" [stack: 0x00000074c4e00000,0x00000074c4f00000] [id=7152]
  0x000001fa1a6d6000 GCTaskThread "GC Thread#3" [stack: 0x00000074c5900000,0x00000074c5a00000] [id=12212]
  0x000001fa19501000 GCTaskThread "GC Thread#4" [stack: 0x00000074c5a00000,0x00000074c5b00000] [id=1032]
  0x000001fa1a08e000 GCTaskThread "GC Thread#5" [stack: 0x00000074c5b00000,0x00000074c5c00000] [id=2828]
  0x000001fa1a1ae000 GCTaskThread "GC Thread#6" [stack: 0x00000074c5c00000,0x00000074c5d00000] [id=3128]
  0x000001fa1a1ed800 GCTaskThread "GC Thread#7" [stack: 0x00000074c5d00000,0x00000074c5e00000] [id=11624]
  0x000001fa7c9d5800 ConcurrentGCThread "G1 Main Marker" [stack: 0x00000074c3d00000,0x00000074c3e00000] [id=10400]
  0x000001fa7c9d7800 ConcurrentGCThread "G1 Conc#0" [stack: 0x00000074c3e00000,0x00000074c3f00000] [id=7436]
  0x000001fa1a634800 ConcurrentGCThread "G1 Conc#1" [stack: 0x00000074c6000000,0x00000074c6100000] [id=412]
  0x000001fa7ea20800 ConcurrentGCThread "G1 Refine#0" [stack: 0x00000074c3f00000,0x00000074c4000000] [id=10920]
  0x000001fa1de04800 ConcurrentGCThread "G1 Refine#1" [stack: 0x00000074c6200000,0x00000074c6300000] [id=8492]
  0x000001fa224d0800 ConcurrentGCThread "G1 Refine#2" [stack: 0x00000074c6500000,0x00000074c6600000] [id=7764]
  0x000001fa1f931000 ConcurrentGCThread "G1 Refine#3" [stack: 0x00000074c6600000,0x00000074c6700000] [id=10648]
  0x000001fa7ea21800 ConcurrentGCThread "G1 Young RemSet Sampling" [stack: 0x00000074c4000000,0x00000074c4100000] [id=11192]

Threads with active compile tasks:
C2 CompilerThread0 416334 16592       4       java.util.regex.Pattern::compile (498 bytes)
C1 CompilerThread0 416335 16721       3       com.android.build.gradle.internal.services.BuildServicesKt::getBuildServiceName (35 bytes)
C2 CompilerThread1 416335 16581 %     4       org.gradle.internal.instantiation.generator.AbstractClassGenerator::inspectType @ 77 (560 bytes)
C2 CompilerThread2 416335 16525       4       org.gradle.internal.operations.DefaultBuildOperationRunner::execute (140 bytes)

VM state:not at safepoint (normal execution)

VM Mutex/Monitor currently owned by a thread: None

Heap address: 0x0000000080000000, size: 2048 MB, Compressed Oops mode: 32-bit
Narrow klass base: 0x0000000000000000, Narrow klass shift: 3
Compressed class space size: 1073741824 Address: 0x0000000100000000

Heap:
 garbage-first heap   total 189440K, used 127253K [0x0000000080000000, 0x0000000100000000)
  region size 1024K, 15 young (15360K), 1 survivors (1024K)
 Metaspace       used 117200K, capacity 120360K, committed 120660K, reserved 1153024K
  class space    used 15042K, capacity 16247K, committed 16384K, reserved 1048576K
Heap Regions: E=young(eden), S=young(survivor), O=old, HS=humongous(starts), HC=humongous(continues), CS=collection set, F=free, A=archive, TAMS=top-at-mark-start (previous, next)
|   0|0x0000000080000000, 0x0000000080100000, 0x0000000080100000|100%| O|  |TAMS 0x0000000080100000, 0x0000000080000000| Untracked 
|   1|0x0000000080100000, 0x0000000080200000, 0x0000000080200000|100%| O|  |TAMS 0x0000000080200000, 0x0000000080100000| Untracked 
|   2|0x0000000080200000, 0x0000000080300000, 0x0000000080300000|100%| O|  |TAMS 0x0000000080300000, 0x0000000080200000| Untracked 
|   3|0x0000000080300000, 0x0000000080400000, 0x0000000080400000|100%|HS|  |TAMS 0x0000000080400000, 0x0000000080300000| Complete 
|   4|0x0000000080400000, 0x0000000080500000, 0x0000000080500000|100%|HC|  |TAMS 0x0000000080500000, 0x0000000080400000| Complete 
|   5|0x0000000080500000, 0x0000000080600000, 0x0000000080600000|100%|HC|  |TAMS 0x0000000080600000, 0x0000000080500000| Complete 
|   6|0x0000000080600000, 0x0000000080700000, 0x0000000080700000|100%| O|  |TAMS 0x0000000080700000, 0x0000000080600000| Untracked 
|   7|0x0000000080700000, 0x0000000080800000, 0x0000000080800000|100%| O|  |TAMS 0x0000000080800000, 0x0000000080700000| Untracked 
|   8|0x0000000080800000, 0x0000000080900000, 0x0000000080900000|100%| O|  |TAMS 0x0000000080900000, 0x0000000080800000| Untracked 
|   9|0x0000000080900000, 0x0000000080a00000, 0x0000000080a00000|100%| O|  |TAMS 0x0000000080a00000, 0x0000000080900000| Untracked 
|  10|0x0000000080a00000, 0x0000000080b00000, 0x0000000080b00000|100%| O|  |TAMS 0x0000000080b00000, 0x0000000080a00000| Untracked 
|  11|0x0000000080b00000, 0x0000000080c00000, 0x0000000080c00000|100%| O|  |TAMS 0x0000000080c00000, 0x0000000080b00000| Untracked 
|  12|0x0000000080c00000, 0x0000000080d00000, 0x0000000080d00000|100%| O|  |TAMS 0x0000000080d00000, 0x0000000080c00000| Untracked 
|  13|0x0000000080d00000, 0x0000000080e00000, 0x0000000080e00000|100%| O|  |TAMS 0x0000000080e00000, 0x0000000080d00000| Untracked 
|  14|0x0000000080e00000, 0x0000000080f00000, 0x0000000080f00000|100%| O|  |TAMS 0x0000000080f00000, 0x0000000080e00000| Untracked 
|  15|0x0000000080f00000, 0x0000000081000000, 0x0000000081000000|100%| O|  |TAMS 0x0000000081000000, 0x0000000080f00000| Untracked 
|  16|0x0000000081000000, 0x0000000081100000, 0x0000000081100000|100%|HS|  |TAMS 0x0000000081100000, 0x0000000081000000| Complete 
|  17|0x0000000081100000, 0x0000000081200000, 0x0000000081200000|100%| O|  |TAMS 0x0000000081200000, 0x0000000081100000| Untracked 
|  18|0x0000000081200000, 0x0000000081300000, 0x0000000081300000|100%| O|  |TAMS 0x0000000081300000, 0x0000000081200000| Untracked 
|  19|0x0000000081300000, 0x0000000081400000, 0x0000000081400000|100%| O|  |TAMS 0x0000000081400000, 0x0000000081300000| Untracked 
|  20|0x0000000081400000, 0x0000000081500000, 0x0000000081500000|100%| O|  |TAMS 0x0000000081500000, 0x0000000081400000| Untracked 
|  21|0x0000000081500000, 0x0000000081600000, 0x0000000081600000|100%| O|  |TAMS 0x0000000081600000, 0x0000000081500000| Untracked 
|  22|0x0000000081600000, 0x0000000081700000, 0x0000000081700000|100%| O|  |TAMS 0x0000000081700000, 0x0000000081600000| Untracked 
|  23|0x0000000081700000, 0x0000000081800000, 0x0000000081800000|100%|HS|  |TAMS 0x0000000081800000, 0x0000000081700000| Complete 
|  24|0x0000000081800000, 0x0000000081900000, 0x0000000081900000|100%|HS|  |TAMS 0x0000000081900000, 0x0000000081800000| Complete 
|  25|0x0000000081900000, 0x0000000081a00000, 0x0000000081a00000|100%|HS|  |TAMS 0x0000000081a00000, 0x0000000081900000| Complete 
|  26|0x0000000081a00000, 0x0000000081b00000, 0x0000000081b00000|100%|HS|  |TAMS 0x0000000081b00000, 0x0000000081a00000| Complete 
|  27|0x0000000081b00000, 0x0000000081c00000, 0x0000000081c00000|100%|HC|  |TAMS 0x0000000081c00000, 0x0000000081b00000| Complete 
|  28|0x0000000081c00000, 0x0000000081d00000, 0x0000000081d00000|100%|HC|  |TAMS 0x0000000081d00000, 0x0000000081c00000| Complete 
|  29|0x0000000081d00000, 0x0000000081e00000, 0x0000000081e00000|100%|HS|  |TAMS 0x0000000081e00000, 0x0000000081d00000| Complete 
|  30|0x0000000081e00000, 0x0000000081f00000, 0x0000000081f00000|100%|HC|  |TAMS 0x0000000081f00000, 0x0000000081e00000| Complete 
|  31|0x0000000081f00000, 0x0000000082000000, 0x0000000082000000|100%| O|  |TAMS 0x0000000082000000, 0x0000000081f00000| Untracked 
|  32|0x0000000082000000, 0x0000000082100000, 0x0000000082100000|100%| O|  |TAMS 0x0000000082100000, 0x0000000082000000| Untracked 
|  33|0x0000000082100000, 0x0000000082200000, 0x0000000082200000|100%| O|  |TAMS 0x0000000082200000, 0x0000000082100000| Untracked 
|  34|0x0000000082200000, 0x0000000082300000, 0x0000000082300000|100%| O|  |TAMS 0x0000000082300000, 0x0000000082200000| Untracked 
|  35|0x0000000082300000, 0x0000000082400000, 0x0000000082400000|100%| O|  |TAMS 0x0000000082300000, 0x0000000082300000| Untracked 
|  36|0x0000000082400000, 0x0000000082500000, 0x0000000082500000|100%| O|  |TAMS 0x0000000082400000, 0x0000000082400000| Untracked 
|  37|0x0000000082500000, 0x0000000082600000, 0x0000000082600000|100%| O|  |TAMS 0x0000000082600000, 0x0000000082500000| Untracked 
|  38|0x0000000082600000, 0x0000000082700000, 0x0000000082700000|100%| O|  |TAMS 0x0000000082700000, 0x0000000082600000| Untracked 
|  39|0x0000000082700000, 0x0000000082800000, 0x0000000082800000|100%| O|  |TAMS 0x0000000082800000, 0x0000000082700000| Untracked 
|  40|0x0000000082800000, 0x0000000082900000, 0x0000000082900000|100%| O|  |TAMS 0x0000000082900000, 0x0000000082800000| Untracked 
|  41|0x0000000082900000, 0x0000000082a00000, 0x0000000082a00000|100%| O|  |TAMS 0x0000000082a00000, 0x0000000082900000| Untracked 
|  42|0x0000000082a00000, 0x0000000082b00000, 0x0000000082b00000|100%| O|  |TAMS 0x0000000082b00000, 0x0000000082a00000| Untracked 
|  43|0x0000000082b00000, 0x0000000082c00000, 0x0000000082c00000|100%| O|  |TAMS 0x0000000082c00000, 0x0000000082b00000| Untracked 
|  44|0x0000000082c00000, 0x0000000082d00000, 0x0000000082d00000|100%| O|  |TAMS 0x0000000082d00000, 0x0000000082c00000| Untracked 
|  45|0x0000000082d00000, 0x0000000082e00000, 0x0000000082e00000|100%| O|  |TAMS 0x0000000082e00000, 0x0000000082d00000| Untracked 
|  46|0x0000000082e00000, 0x0000000082f00000, 0x0000000082f00000|100%| O|  |TAMS 0x0000000082f00000, 0x0000000082e00000| Untracked 
|  47|0x0000000082f00000, 0x0000000083000000, 0x0000000083000000|100%| O|  |TAMS 0x0000000083000000, 0x0000000082f00000| Untracked 
|  48|0x0000000083000000, 0x0000000083100000, 0x0000000083100000|100%| O|  |TAMS 0x0000000083100000, 0x0000000083000000| Untracked 
|  49|0x0000000083100000, 0x0000000083100000, 0x0000000083200000|  0%| F|  |TAMS 0x0000000083100000, 0x0000000083100000| Untracked 
|  50|0x0000000083200000, 0x0000000083300000, 0x0000000083300000|100%| O|  |TAMS 0x0000000083300000, 0x0000000083200000| Untracked 
|  51|0x0000000083300000, 0x0000000083400000, 0x0000000083400000|100%| O|  |TAMS 0x0000000083400000, 0x0000000083300000| Untracked 
|  52|0x0000000083400000, 0x0000000083500000, 0x0000000083500000|100%| O|  |TAMS 0x0000000083500000, 0x0000000083400000| Untracked 
|  53|0x0000000083500000, 0x0000000083600000, 0x0000000083600000|100%| O|  |TAMS 0x0000000083600000, 0x0000000083500000| Untracked 
|  54|0x0000000083600000, 0x0000000083700000, 0x0000000083700000|100%| O|  |TAMS 0x0000000083700000, 0x0000000083600000| Untracked 
|  55|0x0000000083700000, 0x0000000083800000, 0x0000000083800000|100%| O|  |TAMS 0x0000000083800000, 0x0000000083700000| Untracked 
|  56|0x0000000083800000, 0x0000000083900000, 0x0000000083900000|100%| O|  |TAMS 0x0000000083900000, 0x0000000083800000| Untracked 
|  57|0x0000000083900000, 0x0000000083a00000, 0x0000000083a00000|100%| O|  |TAMS 0x0000000083a00000, 0x0000000083900000| Untracked 
|  58|0x0000000083a00000, 0x0000000083b00000, 0x0000000083b00000|100%| O|  |TAMS 0x0000000083b00000, 0x0000000083a00000| Untracked 
|  59|0x0000000083b00000, 0x0000000083c00000, 0x0000000083c00000|100%| O|  |TAMS 0x0000000083c00000, 0x0000000083b00000| Untracked 
|  60|0x0000000083c00000, 0x0000000083d00000, 0x0000000083d00000|100%| O|  |TAMS 0x0000000083d00000, 0x0000000083c00000| Untracked 
|  61|0x0000000083d00000, 0x0000000083e00000, 0x0000000083e00000|100%| O|  |TAMS 0x0000000083e00000, 0x0000000083d00000| Untracked 
|  62|0x0000000083e00000, 0x0000000083f00000, 0x0000000083f00000|100%| O|  |TAMS 0x0000000083f00000, 0x0000000083e00000| Untracked 
|  63|0x0000000083f00000, 0x0000000084000000, 0x0000000084000000|100%| O|  |TAMS 0x0000000084000000, 0x0000000083f00000| Untracked 
|  64|0x0000000084000000, 0x0000000084100000, 0x0000000084100000|100%| O|  |TAMS 0x0000000084100000, 0x0000000084000000| Untracked 
|  65|0x0000000084100000, 0x0000000084200000, 0x0000000084200000|100%| O|  |TAMS 0x0000000084200000, 0x0000000084100000| Untracked 
|  66|0x0000000084200000, 0x0000000084300000, 0x0000000084300000|100%| O|  |TAMS 0x0000000084200000, 0x0000000084200000| Untracked 
|  67|0x0000000084300000, 0x0000000084300000, 0x0000000084400000|  0%| F|  |TAMS 0x0000000084300000, 0x0000000084300000| Untracked 
|  68|0x0000000084400000, 0x0000000084460e00, 0x0000000084500000| 37%| O|  |TAMS 0x0000000084400000, 0x0000000084400000| Untracked 
|  69|0x0000000084500000, 0x0000000084600000, 0x0000000084600000|100%| O|  |TAMS 0x0000000084600000, 0x0000000084500000| Untracked 
|  70|0x0000000084600000, 0x0000000084700000, 0x0000000084700000|100%| O|  |TAMS 0x0000000084700000, 0x0000000084600000| Untracked 
|  71|0x0000000084700000, 0x0000000084800000, 0x0000000084800000|100%| O|  |TAMS 0x0000000084800000, 0x0000000084700000| Untracked 
|  72|0x0000000084800000, 0x0000000084900000, 0x0000000084900000|100%| O|  |TAMS 0x0000000084900000, 0x0000000084800000| Untracked 
|  73|0x0000000084900000, 0x0000000084a00000, 0x0000000084a00000|100%| O|  |TAMS 0x0000000084a00000, 0x0000000084900000| Untracked 
|  74|0x0000000084a00000, 0x0000000084b00000, 0x0000000084b00000|100%| O|  |TAMS 0x0000000084b00000, 0x0000000084a00000| Untracked 
|  75|0x0000000084b00000, 0x0000000084c00000, 0x0000000084c00000|100%| O|  |TAMS 0x0000000084c00000, 0x0000000084b00000| Untracked 
|  76|0x0000000084c00000, 0x0000000084d00000, 0x0000000084d00000|100%| O|  |TAMS 0x0000000084d00000, 0x0000000084c00000| Untracked 
|  77|0x0000000084d00000, 0x0000000084d00000, 0x0000000084e00000|  0%| F|  |TAMS 0x0000000084d00000, 0x0000000084d00000| Untracked 
|  78|0x0000000084e00000, 0x0000000084e00000, 0x0000000084f00000|  0%| F|  |TAMS 0x0000000084e00000, 0x0000000084e00000| Untracked 
|  79|0x0000000084f00000, 0x0000000085000000, 0x0000000085000000|100%| O|  |TAMS 0x0000000085000000, 0x0000000084f00000| Untracked 
|  80|0x0000000085000000, 0x0000000085100000, 0x0000000085100000|100%| O|  |TAMS 0x0000000085100000, 0x0000000085000000| Untracked 
|  81|0x0000000085100000, 0x0000000085200000, 0x0000000085200000|100%| O|  |TAMS 0x0000000085200000, 0x0000000085100000| Untracked 
|  82|0x0000000085200000, 0x0000000085200000, 0x0000000085300000|  0%| F|  |TAMS 0x0000000085200000, 0x0000000085200000| Untracked 
|  83|0x0000000085300000, 0x0000000085300000, 0x0000000085400000|  0%| F|  |TAMS 0x0000000085300000, 0x0000000085300000| Untracked 
|  84|0x0000000085400000, 0x0000000085500000, 0x0000000085500000|100%| O|  |TAMS 0x0000000085500000, 0x0000000085400000| Untracked 
|  85|0x0000000085500000, 0x0000000085600000, 0x0000000085600000|100%| O|  |TAMS 0x0000000085600000, 0x0000000085500000| Untracked 
|  86|0x0000000085600000, 0x0000000085600000, 0x0000000085700000|  0%| F|  |TAMS 0x0000000085600000, 0x0000000085600000| Untracked 
|  87|0x0000000085700000, 0x0000000085800000, 0x0000000085800000|100%| O|  |TAMS 0x0000000085800000, 0x0000000085700000| Untracked 
|  88|0x0000000085800000, 0x0000000085800000, 0x0000000085900000|  0%| F|  |TAMS 0x0000000085800000, 0x0000000085800000| Untracked 
|  89|0x0000000085900000, 0x0000000085a00000, 0x0000000085a00000|100%| O|  |TAMS 0x0000000085a00000, 0x0000000085900000| Untracked 
|  90|0x0000000085a00000, 0x0000000085b00000, 0x0000000085b00000|100%| O|  |TAMS 0x0000000085b00000, 0x0000000085a00000| Untracked 
|  91|0x0000000085b00000, 0x0000000085c00000, 0x0000000085c00000|100%| O|  |TAMS 0x0000000085c00000, 0x0000000085b00000| Untracked 
|  92|0x0000000085c00000, 0x0000000085d00000, 0x0000000085d00000|100%| O|  |TAMS 0x0000000085d00000, 0x0000000085c00000| Untracked 
|  93|0x0000000085d00000, 0x0000000085e00000, 0x0000000085e00000|100%| O|  |TAMS 0x0000000085e00000, 0x0000000085d00000| Untracked 
|  94|0x0000000085e00000, 0x0000000085f00000, 0x0000000085f00000|100%| O|  |TAMS 0x0000000085f00000, 0x0000000085e00000| Untracked 
|  95|0x0000000085f00000, 0x0000000086000000, 0x0000000086000000|100%| O|  |TAMS 0x0000000086000000, 0x0000000085f00000| Untracked 
|  96|0x0000000086000000, 0x0000000086100000, 0x0000000086100000|100%| O|  |TAMS 0x0000000086100000, 0x0000000086000000| Untracked 
|  97|0x0000000086100000, 0x0000000086200000, 0x0000000086200000|100%| O|  |TAMS 0x0000000086200000, 0x0000000086100000| Untracked 
|  98|0x0000000086200000, 0x0000000086300000, 0x0000000086300000|100%| O|  |TAMS 0x0000000086300000, 0x0000000086200000| Untracked 
|  99|0x0000000086300000, 0x0000000086300000, 0x0000000086400000|  0%| F|  |TAMS 0x0000000086300000, 0x0000000086300000| Untracked 
| 100|0x0000000086400000, 0x0000000086500000, 0x0000000086500000|100%| O|  |TAMS 0x0000000086500000, 0x0000000086400000| Untracked 
| 101|0x0000000086500000, 0x0000000086600000, 0x0000000086600000|100%| O|  |TAMS 0x0000000086600000, 0x0000000086500000| Untracked 
| 102|0x0000000086600000, 0x0000000086700000, 0x0000000086700000|100%| O|  |TAMS 0x0000000086700000, 0x0000000086600000| Untracked 
| 103|0x0000000086700000, 0x0000000086800000, 0x0000000086800000|100%| O|  |TAMS 0x0000000086800000, 0x0000000086700000| Untracked 
| 104|0x0000000086800000, 0x0000000086800000, 0x0000000086900000|  0%| F|  |TAMS 0x0000000086800000, 0x0000000086800000| Untracked 
| 105|0x0000000086900000, 0x0000000086a00000, 0x0000000086a00000|100%| O|  |TAMS 0x0000000086a00000, 0x0000000086900000| Untracked 
| 106|0x0000000086a00000, 0x0000000086b00000, 0x0000000086b00000|100%| O|  |TAMS 0x0000000086b00000, 0x0000000086a00000| Untracked 
| 107|0x0000000086b00000, 0x0000000086c00000, 0x0000000086c00000|100%| O|  |TAMS 0x0000000086c00000, 0x0000000086b00000| Untracked 
| 108|0x0000000086c00000, 0x0000000086d00000, 0x0000000086d00000|100%| O|  |TAMS 0x0000000086d00000, 0x0000000086c00000| Untracked 
| 109|0x0000000086d00000, 0x0000000086e00000, 0x0000000086e00000|100%| O|  |TAMS 0x0000000086e00000, 0x0000000086d00000| Untracked 
| 110|0x0000000086e00000, 0x0000000086f00000, 0x0000000086f00000|100%| O|  |TAMS 0x0000000086f00000, 0x0000000086e00000| Untracked 
| 111|0x0000000086f00000, 0x0000000087000000, 0x0000000087000000|100%| O|  |TAMS 0x0000000087000000, 0x0000000086f00000| Untracked 
| 112|0x0000000087000000, 0x0000000087100000, 0x0000000087100000|100%| O|  |TAMS 0x0000000087100000, 0x0000000087000000| Untracked 
| 113|0x0000000087100000, 0x0000000087200000, 0x0000000087200000|100%| O|  |TAMS 0x0000000087200000, 0x0000000087100000| Untracked 
| 114|0x0000000087200000, 0x0000000087300000, 0x0000000087300000|100%| O|  |TAMS 0x0000000087300000, 0x0000000087200000| Untracked 
| 115|0x0000000087300000, 0x0000000087400000, 0x0000000087400000|100%| O|  |TAMS 0x0000000087400000, 0x0000000087300000| Untracked 
| 116|0x0000000087400000, 0x0000000087500000, 0x0000000087500000|100%| O|  |TAMS 0x0000000087500000, 0x0000000087400000| Untracked 
| 117|0x0000000087500000, 0x0000000087500000, 0x0000000087600000|  0%| F|  |TAMS 0x0000000087500000, 0x0000000087500000| Untracked 
| 118|0x0000000087600000, 0x00000000876ffff8, 0x0000000087700000| 99%| O|  |TAMS 0x00000000876ffff8, 0x0000000087600000| Untracked 
| 119|0x0000000087700000, 0x0000000087800000, 0x0000000087800000|100%| O|  |TAMS 0x0000000087800000, 0x0000000087700000| Untracked 
| 120|0x0000000087800000, 0x0000000087900000, 0x0000000087900000|100%| O|  |TAMS 0x0000000087900000, 0x0000000087800000| Untracked 
| 121|0x0000000087900000, 0x0000000087a00000, 0x0000000087a00000|100%| O|  |TAMS 0x000000008797b800, 0x0000000087900000| Untracked 
| 122|0x0000000087a00000, 0x0000000087a00000, 0x0000000087b00000|  0%| F|  |TAMS 0x0000000087a00000, 0x0000000087a00000| Untracked 
| 123|0x0000000087b00000, 0x0000000087b00000, 0x0000000087c00000|  0%| F|  |TAMS 0x0000000087b00000, 0x0000000087b00000| Untracked 
| 124|0x0000000087c00000, 0x0000000087c00000, 0x0000000087d00000|  0%| F|  |TAMS 0x0000000087c00000, 0x0000000087c00000| Untracked 
| 125|0x0000000087d00000, 0x0000000087d00000, 0x0000000087e00000|  0%| F|  |TAMS 0x0000000087d00000, 0x0000000087d00000| Untracked 
| 126|0x0000000087e00000, 0x0000000087e00000, 0x0000000087f00000|  0%| F|  |TAMS 0x0000000087e00000, 0x0000000087e00000| Untracked 
| 127|0x0000000087f00000, 0x0000000087f00000, 0x0000000088000000|  0%| F|  |TAMS 0x0000000087f00000, 0x0000000087f00000| Untracked 
| 128|0x0000000088000000, 0x0000000088000000, 0x0000000088100000|  0%| F|  |TAMS 0x0000000088000000, 0x0000000088000000| Untracked 
| 129|0x0000000088100000, 0x0000000088100000, 0x0000000088200000|  0%| F|  |TAMS 0x0000000088100000, 0x0000000088100000| Untracked 
| 130|0x0000000088200000, 0x0000000088200000, 0x0000000088300000|  0%| F|  |TAMS 0x0000000088200000, 0x0000000088200000| Untracked 
| 131|0x0000000088300000, 0x0000000088300000, 0x0000000088400000|  0%| F|  |TAMS 0x0000000088300000, 0x0000000088300000| Untracked 
| 132|0x0000000088400000, 0x0000000088400000, 0x0000000088500000|  0%| F|  |TAMS 0x0000000088400000, 0x0000000088400000| Untracked 
| 133|0x0000000088500000, 0x0000000088500000, 0x0000000088600000|  0%| F|  |TAMS 0x0000000088500000, 0x0000000088500000| Untracked 
| 134|0x0000000088600000, 0x0000000088600000, 0x0000000088700000|  0%| F|  |TAMS 0x0000000088600000, 0x0000000088600000| Untracked 
| 135|0x0000000088700000, 0x0000000088700000, 0x0000000088800000|  0%| F|  |TAMS 0x0000000088700000, 0x0000000088700000| Untracked 
| 136|0x0000000088800000, 0x0000000088800000, 0x0000000088900000|  0%| F|  |TAMS 0x0000000088800000, 0x0000000088800000| Untracked 
| 137|0x0000000088900000, 0x0000000088900000, 0x0000000088a00000|  0%| F|  |TAMS 0x0000000088900000, 0x0000000088900000| Untracked 
| 138|0x0000000088a00000, 0x0000000088a00000, 0x0000000088b00000|  0%| F|  |TAMS 0x0000000088a00000, 0x0000000088a00000| Untracked 
| 139|0x0000000088b00000, 0x0000000088b00000, 0x0000000088c00000|  0%| F|  |TAMS 0x0000000088b00000, 0x0000000088b00000| Untracked 
| 140|0x0000000088c00000, 0x0000000088c00000, 0x0000000088d00000|  0%| F|  |TAMS 0x0000000088c00000, 0x0000000088c00000| Untracked 
| 141|0x0000000088d00000, 0x0000000088d00000, 0x0000000088e00000|  0%| F|  |TAMS 0x0000000088d00000, 0x0000000088d00000| Untracked 
| 142|0x0000000088e00000, 0x0000000088e00000, 0x0000000088f00000|  0%| F|  |TAMS 0x0000000088e00000, 0x0000000088e00000| Untracked 
| 143|0x0000000088f00000, 0x0000000088f00000, 0x0000000089000000|  0%| F|  |TAMS 0x0000000088f00000, 0x0000000088f00000| Untracked 
| 144|0x0000000089000000, 0x0000000089000000, 0x0000000089100000|  0%| F|  |TAMS 0x0000000089000000, 0x0000000089000000| Untracked 
| 145|0x0000000089100000, 0x0000000089100000, 0x0000000089200000|  0%| F|  |TAMS 0x0000000089100000, 0x0000000089100000| Untracked 
| 146|0x0000000089200000, 0x0000000089200000, 0x0000000089300000|  0%| F|  |TAMS 0x0000000089200000, 0x0000000089200000| Untracked 
| 147|0x0000000089300000, 0x0000000089300000, 0x0000000089400000|  0%| F|  |TAMS 0x0000000089300000, 0x0000000089300000| Untracked 
| 148|0x0000000089400000, 0x0000000089400000, 0x0000000089500000|  0%| F|  |TAMS 0x0000000089400000, 0x0000000089400000| Untracked 
| 149|0x0000000089500000, 0x0000000089500000, 0x0000000089600000|  0%| F|  |TAMS 0x0000000089500000, 0x0000000089500000| Untracked 
| 150|0x0000000089600000, 0x0000000089600000, 0x0000000089700000|  0%| F|  |TAMS 0x0000000089600000, 0x0000000089600000| Untracked 
| 151|0x0000000089700000, 0x0000000089700000, 0x0000000089800000|  0%| F|  |TAMS 0x0000000089700000, 0x0000000089700000| Untracked 
| 152|0x0000000089800000, 0x0000000089800000, 0x0000000089900000|  0%| F|  |TAMS 0x0000000089800000, 0x0000000089800000| Untracked 
| 153|0x0000000089900000, 0x0000000089900000, 0x0000000089a00000|  0%| F|  |TAMS 0x0000000089900000, 0x0000000089900000| Untracked 
| 154|0x0000000089a00000, 0x0000000089a00000, 0x0000000089b00000|  0%| F|  |TAMS 0x0000000089a00000, 0x0000000089a00000| Untracked 
| 155|0x0000000089b00000, 0x0000000089b00000, 0x0000000089c00000|  0%| F|  |TAMS 0x0000000089b00000, 0x0000000089b00000| Untracked 
| 156|0x0000000089c00000, 0x0000000089c00000, 0x0000000089d00000|  0%| F|  |TAMS 0x0000000089c00000, 0x0000000089c00000| Untracked 
| 157|0x0000000089d00000, 0x0000000089d00000, 0x0000000089e00000|  0%| F|  |TAMS 0x0000000089d00000, 0x0000000089d00000| Untracked 
| 158|0x0000000089e00000, 0x0000000089e00000, 0x0000000089f00000|  0%| F|  |TAMS 0x0000000089e00000, 0x0000000089e00000| Untracked 
| 159|0x0000000089f00000, 0x0000000089f00000, 0x000000008a000000|  0%| F|  |TAMS 0x0000000089f00000, 0x0000000089f00000| Untracked 
| 160|0x000000008a000000, 0x000000008a000000, 0x000000008a100000|  0%| F|  |TAMS 0x000000008a000000, 0x000000008a000000| Untracked 
| 161|0x000000008a100000, 0x000000008a100000, 0x000000008a200000|  0%| F|  |TAMS 0x000000008a100000, 0x000000008a100000| Untracked 
| 162|0x000000008a200000, 0x000000008a200000, 0x000000008a300000|  0%| F|  |TAMS 0x000000008a200000, 0x000000008a200000| Untracked 
| 163|0x000000008a300000, 0x000000008a300000, 0x000000008a400000|  0%| F|  |TAMS 0x000000008a300000, 0x000000008a300000| Untracked 
| 164|0x000000008a400000, 0x000000008a400000, 0x000000008a500000|  0%| F|  |TAMS 0x000000008a400000, 0x000000008a400000| Untracked 
| 165|0x000000008a500000, 0x000000008a500000, 0x000000008a600000|  0%| F|  |TAMS 0x000000008a500000, 0x000000008a500000| Untracked 
| 166|0x000000008a600000, 0x000000008a600000, 0x000000008a700000|  0%| F|  |TAMS 0x000000008a600000, 0x000000008a600000| Untracked 
| 167|0x000000008a700000, 0x000000008a700000, 0x000000008a800000|  0%| F|  |TAMS 0x000000008a700000, 0x000000008a700000| Untracked 
| 168|0x000000008a800000, 0x000000008a800000, 0x000000008a900000|  0%| F|  |TAMS 0x000000008a800000, 0x000000008a800000| Untracked 
| 169|0x000000008a900000, 0x000000008a9d9450, 0x000000008aa00000| 84%| E|  |TAMS 0x000000008a900000, 0x000000008a900000| Complete 
| 170|0x000000008aa00000, 0x000000008ab00000, 0x000000008ab00000|100%| E|CS|TAMS 0x000000008aa00000, 0x000000008aa00000| Complete 
| 171|0x000000008ab00000, 0x000000008ac00000, 0x000000008ac00000|100%| E|CS|TAMS 0x000000008ab00000, 0x000000008ab00000| Complete 
| 172|0x000000008ac00000, 0x000000008ad00000, 0x000000008ad00000|100%| E|CS|TAMS 0x000000008ac00000, 0x000000008ac00000| Complete 
| 173|0x000000008ad00000, 0x000000008ae00000, 0x000000008ae00000|100%| E|CS|TAMS 0x000000008ad00000, 0x000000008ad00000| Complete 
| 174|0x000000008ae00000, 0x000000008af00000, 0x000000008af00000|100%| E|CS|TAMS 0x000000008ae00000, 0x000000008ae00000| Complete 
| 175|0x000000008af00000, 0x000000008b000000, 0x000000008b000000|100%| E|CS|TAMS 0x000000008af00000, 0x000000008af00000| Complete 
| 176|0x000000008b000000, 0x000000008b100000, 0x000000008b100000|100%| E|CS|TAMS 0x000000008b000000, 0x000000008b000000| Complete 
| 177|0x000000008b100000, 0x000000008b200000, 0x000000008b200000|100%| E|CS|TAMS 0x000000008b100000, 0x000000008b100000| Complete 
| 178|0x000000008b200000, 0x000000008b2e4620, 0x000000008b300000| 89%| S|CS|TAMS 0x000000008b200000, 0x000000008b200000| Complete 
| 179|0x000000008b300000, 0x000000008b400000, 0x000000008b400000|100%| E|CS|TAMS 0x000000008b300000, 0x000000008b300000| Complete 
| 180|0x000000008b400000, 0x000000008b500000, 0x000000008b500000|100%| E|CS|TAMS 0x000000008b400000, 0x000000008b400000| Complete 
| 181|0x000000008b500000, 0x000000008b600000, 0x000000008b600000|100%| E|CS|TAMS 0x000000008b500000, 0x000000008b500000| Complete 
| 182|0x000000008b600000, 0x000000008b700000, 0x000000008b700000|100%| E|CS|TAMS 0x000000008b600000, 0x000000008b600000| Complete 
| 183|0x000000008b700000, 0x000000008b800000, 0x000000008b800000|100%| E|CS|TAMS 0x000000008b700000, 0x000000008b700000| Complete 
| 184|0x000000008b800000, 0x000000008b900000, 0x000000008b900000|100%| E|CS|TAMS 0x000000008b800000, 0x000000008b800000| Complete 

Card table byte_map: [0x000001fa7d900000,0x000001fa7dd00000] _byte_map_base: 0x000001fa7d500000

Marking Bits (Prev, Next): (CMBitMap*) 0x000001fa7c9cc868, (CMBitMap*) 0x000001fa7c9cc8a0
 Prev Bits: [0x000001fa12a20000, 0x000001fa14a20000)
 Next Bits: [0x000001fa14a20000, 0x000001fa16a20000)

Polling page: 0x000001fa7ca70000

Metaspace:

Usage:
  Non-class:    101.68 MB capacity,    99.77 MB ( 98%) used,     1.53 MB (  2%) free+waste,   387.50 KB ( <1%) overhead. 
      Class:     15.87 MB capacity,    14.69 MB ( 93%) used,     1.01 MB (  6%) free+waste,   174.75 KB (  1%) overhead. 
       Both:    117.54 MB capacity,   114.46 MB ( 97%) used,     2.53 MB (  2%) free+waste,   562.25 KB ( <1%) overhead. 

Virtual space:
  Non-class space:      102.00 MB reserved,     101.83 MB (>99%) committed 
      Class space:        1.00 GB reserved,      16.00 MB (  2%) committed 
             Both:        1.10 GB reserved,     117.83 MB ( 10%) committed 

Chunk freelists:
   Non-Class:  31.00 KB
       Class:  136.00 KB
        Both:  167.00 KB

MaxMetaspaceSize: 17179869184.00 GB
CompressedClassSpaceSize: 1.00 GB

CodeHeap 'non-profiled nmethods': size=120000Kb used=10362Kb max_used=10362Kb free=109638Kb
 bounds [0x000001fa0b4f0000, 0x000001fa0bf10000, 0x000001fa12a20000]
CodeHeap 'profiled nmethods': size=120000Kb used=36743Kb max_used=36743Kb free=83256Kb
 bounds [0x000001fa03fc0000, 0x000001fa063b0000, 0x000001fa0b4f0000]
CodeHeap 'non-nmethods': size=5760Kb used=2366Kb max_used=2435Kb free=3393Kb
 bounds [0x000001fa03a20000, 0x000001fa03c90000, 0x000001fa03fc0000]
 total_blobs=17603 nmethods=16612 adapters=902
 compilation: enabled
              stopped_count=0, restarted_count=0
 full_count=0

Compilation events (20 events):
Event: 416.255 Thread 0x000001fa7ec01000 nmethod 16668 0x000001fa06356d90 code [0x000001fa06356f60, 0x000001fa063571b8]
Event: 416.255 Thread 0x000001fa7ec01000 16669       3       org.gradle.api.internal.artifacts.ivyservice.resolveengine.graph.conflicts.UpgradeCapabilityResolver::<init> (5 bytes)
Event: 416.255 Thread 0x000001fa7ec01000 nmethod 16669 0x000001fa06357290 code [0x000001fa06357440, 0x000001fa06357598]
Event: 416.255 Thread 0x000001fa7ec01000 16670       1       com.android.build.gradle.internal.res.LinkApplicationAndroidResourcesTask_Decorated::getModelIdentityDisplayName (5 bytes)
Event: 416.255 Thread 0x000001fa7ec01000 nmethod 16670 0x000001fa0bf0ca10 code [0x000001fa0bf0cbc0, 0x000001fa0bf0cc78]
Event: 416.256 Thread 0x000001fa7ec01000 16671       1       com.android.builder.core.VariantTypeImpl::isSeparateTestProject (5 bytes)
Event: 416.256 Thread 0x000001fa7ec01000 nmethod 16671 0x000001fa0bf0cd10 code [0x000001fa0bf0cec0, 0x000001fa0bf0cf78]
Event: 416.257 Thread 0x000001fa7ec01000 16672   !   3       java.util.ArrayList$Itr::remove (68 bytes)
Event: 416.257 Thread 0x000001fa7ec01000 nmethod 16672 0x000001fa06357690 code [0x000001fa063578e0, 0x000001fa06358088]
Event: 416.260 Thread 0x000001fa7ec01000 16673       1       org.gradle.api.internal.file.DefaultProjectLayout::getBuildDirectory (5 bytes)
Event: 416.260 Thread 0x000001fa7ec01000 nmethod 16673 0x000001fa0bf0d010 code [0x000001fa0bf0d1c0, 0x000001fa0bf0d278]
Event: 416.260 Thread 0x000001fa7ec01000 16674       3       com.android.build.gradle.internal.dependency.VariantDependencies$computeArtifactCollection$1::execute (65 bytes)
Event: 416.261 Thread 0x000001fa7ec01000 nmethod 16674 0x000001fa06358510 code [0x000001fa063587a0, 0x000001fa063592c8]
Event: 416.261 Thread 0x000001fa7ec01000 16675       3       org.gradle.api.internal.artifacts.configurations.DefaultConfiguration::artifactCollection (66 bytes)
Event: 416.262 Thread 0x000001fa7ec01000 nmethod 16675 0x000001fa06359690 code [0x000001fa063598c0, 0x000001fa0635a108]
Event: 416.262 Thread 0x000001fa7ec01000 16676       3       org.gradle.internal.snapshot.impl.EnumValueSnapshot::hashCode (16 bytes)
Event: 416.262 Thread 0x000001fa7ec01000 nmethod 16676 0x000001fa0635a510 code [0x000001fa0635a6e0, 0x000001fa0635a878]
Event: 416.266 Thread 0x000001fa7ec01000 16677       3       com.google.common.collect.ImmutableCollection::toArray (67 bytes)
Event: 416.267 Thread 0x000001fa7ec01000 nmethod 16677 0x000001fa0635a990 code [0x000001fa0635ac40, 0x000001fa0635b908]
Event: 416.268 Thread 0x000001fa7ec01000 16678       3       org.gradle.api.internal.artifacts.ivyservice.resolutionstrategy.DefaultCachePolicy::<init> (86 bytes)

GC Heap History (20 events):
Event: 274.224 GC heap before
{Heap before GC invocations=30 (full 0):
 garbage-first heap   total 189440K, used 116344K [0x0000000080000000, 0x0000000100000000)
  region size 1024K, 9 young (9216K), 7 survivors (7168K)
 Metaspace       used 103673K, capacity 106222K, committed 106324K, reserved 1142784K
  class space    used 13083K, capacity 14031K, committed 14080K, reserved 1048576K
}
Event: 274.238 GC heap after
{Heap after GC invocations=31 (full 0):
 garbage-first heap   total 189440K, used 108450K [0x0000000080000000, 0x0000000100000000)
  region size 1024K, 2 young (2048K), 2 survivors (2048K)
 Metaspace       used 103673K, capacity 106222K, committed 106324K, reserved 1142784K
  class space    used 13083K, capacity 14031K, committed 14080K, reserved 1048576K
}
Event: 274.846 GC heap before
{Heap before GC invocations=31 (full 0):
 garbage-first heap   total 189440K, used 154530K [0x0000000080000000, 0x0000000100000000)
  region size 1024K, 48 young (49152K), 2 survivors (2048K)
 Metaspace       used 109084K, capacity 111967K, committed 112212K, reserved 1146880K
  class space    used 13911K, capacity 15038K, committed 15104K, reserved 1048576K
}
Event: 274.868 GC heap after
{Heap after GC invocations=32 (full 0):
 garbage-first heap   total 189440K, used 117654K [0x0000000080000000, 0x0000000100000000)
  region size 1024K, 6 young (6144K), 6 survivors (6144K)
 Metaspace       used 109084K, capacity 111967K, committed 112212K, reserved 1146880K
  class space    used 13911K, capacity 15038K, committed 15104K, reserved 1048576K
}
Event: 275.397 GC heap before
{Heap before GC invocations=33 (full 0):
 garbage-first heap   total 189440K, used 153494K [0x0000000080000000, 0x0000000100000000)
  region size 1024K, 42 young (43008K), 6 survivors (6144K)
 Metaspace       used 113119K, capacity 116275K, committed 116564K, reserved 1150976K
  class space    used 14537K, capacity 15821K, committed 15872K, reserved 1048576K
}
Event: 275.408 GC heap after
{Heap after GC invocations=34 (full 0):
 garbage-first heap   total 189440K, used 120120K [0x0000000080000000, 0x0000000100000000)
  region size 1024K, 3 young (3072K), 3 survivors (3072K)
 Metaspace       used 113119K, capacity 116275K, committed 116564K, reserved 1150976K
  class space    used 14537K, capacity 15821K, committed 15872K, reserved 1048576K
}
Event: 275.494 GC heap before
{Heap before GC invocations=34 (full 0):
 garbage-first heap   total 189440K, used 125240K [0x0000000080000000, 0x0000000100000000)
  region size 1024K, 9 young (9216K), 3 survivors (3072K)
 Metaspace       used 113263K, capacity 116497K, committed 116564K, reserved 1150976K
  class space    used 14544K, capacity 15827K, committed 15872K, reserved 1048576K
}
Event: 275.500 GC heap after
{Heap after GC invocations=35 (full 0):
 garbage-first heap   total 189440K, used 119450K [0x0000000080000000, 0x0000000100000000)
  region size 1024K, 2 young (2048K), 2 survivors (2048K)
 Metaspace       used 113263K, capacity 116497K, committed 116564K, reserved 1150976K
  class space    used 14544K, capacity 15827K, committed 15872K, reserved 1048576K
}
Event: 275.654 GC heap before
{Heap before GC invocations=35 (full 0):
 garbage-first heap   total 189440K, used 128666K [0x0000000080000000, 0x0000000100000000)
  region size 1024K, 13 young (13312K), 2 survivors (2048K)
 Metaspace       used 113491K, capacity 116731K, committed 116820K, reserved 1150976K
  class space    used 14550K, capacity 15835K, committed 15872K, reserved 1048576K
}
Event: 275.659 GC heap after
{Heap after GC invocations=36 (full 0):
 garbage-first heap   total 189440K, used 119735K [0x0000000080000000, 0x0000000100000000)
  region size 1024K, 2 young (2048K), 2 survivors (2048K)
 Metaspace       used 113491K, capacity 116731K, committed 116820K, reserved 1150976K
  class space    used 14550K, capacity 15835K, committed 15872K, reserved 1048576K
}
Event: 276.567 GC heap before
{Heap before GC invocations=37 (full 0):
 garbage-first heap   total 189440K, used 156599K [0x0000000080000000, 0x0000000100000000)
  region size 1024K, 38 young (38912K), 2 survivors (2048K)
 Metaspace       used 115780K, capacity 118861K, committed 119508K, reserved 1153024K
  class space    used 14875K, capacity 16021K, committed 16256K, reserved 1048576K
}
Event: 276.574 GC heap after
{Heap after GC invocations=38 (full 0):
 garbage-first heap   total 189440K, used 120965K [0x0000000080000000, 0x0000000100000000)
  region size 1024K, 3 young (3072K), 3 survivors (3072K)
 Metaspace       used 115780K, capacity 118861K, committed 119508K, reserved 1153024K
  class space    used 14875K, capacity 16021K, committed 16256K, reserved 1048576K
}
Event: 276.714 GC heap before
{Heap before GC invocations=38 (full 0):
 garbage-first heap   total 189440K, used 127109K [0x0000000080000000, 0x0000000100000000)
  region size 1024K, 9 young (9216K), 3 survivors (3072K)
 Metaspace       used 116463K, capacity 119643K, committed 120148K, reserved 1153024K
  class space    used 14976K, capacity 16178K, committed 16384K, reserved 1048576K
}
Event: 276.725 GC heap after
{Heap after GC invocations=39 (full 0):
 garbage-first heap   total 189440K, used 116982K [0x0000000080000000, 0x0000000100000000)
  region size 1024K, 1 young (1024K), 1 survivors (1024K)
 Metaspace       used 116463K, capacity 119643K, committed 120148K, reserved 1153024K
  class space    used 14976K, capacity 16178K, committed 16384K, reserved 1048576K
}
Event: 276.739 GC heap before
{Heap before GC invocations=39 (full 0):
 garbage-first heap   total 189440K, used 116982K [0x0000000080000000, 0x0000000100000000)
  region size 1024K, 2 young (2048K), 1 survivors (1024K)
 Metaspace       used 116552K, capacity 119711K, committed 120148K, reserved 1153024K
  class space    used 14990K, capacity 16179K, committed 16384K, reserved 1048576K
}
Event: 276.743 GC heap after
{Heap after GC invocations=40 (full 0):
 garbage-first heap   total 189440K, used 116788K [0x0000000080000000, 0x0000000100000000)
  region size 1024K, 1 young (1024K), 1 survivors (1024K)
 Metaspace       used 116552K, capacity 119711K, committed 120148K, reserved 1153024K
  class space    used 14990K, capacity 16179K, committed 16384K, reserved 1048576K
}
Event: 415.782 GC heap before
{Heap before GC invocations=41 (full 0):
 garbage-first heap   total 189440K, used 158772K [0x0000000080000000, 0x0000000100000000)
  region size 1024K, 32 young (32768K), 1 survivors (1024K)
 Metaspace       used 116992K, capacity 120119K, committed 120404K, reserved 1153024K
  class space    used 15038K, capacity 16242K, committed 16384K, reserved 1048576K
}
Event: 415.788 GC heap after
{Heap after GC invocations=42 (full 0):
 garbage-first heap   total 189440K, used 116502K [0x0000000080000000, 0x0000000100000000)
  region size 1024K, 3 young (3072K), 3 survivors (3072K)
 Metaspace       used 116992K, capacity 120119K, committed 120404K, reserved 1153024K
  class space    used 15038K, capacity 16242K, committed 16384K, reserved 1048576K
}
Event: 415.909 GC heap before
{Heap before GC invocations=42 (full 0):
 garbage-first heap   total 189440K, used 122646K [0x0000000080000000, 0x0000000100000000)
  region size 1024K, 9 young (9216K), 3 survivors (3072K)
 Metaspace       used 117037K, capacity 120200K, committed 120404K, reserved 1153024K
  class space    used 15039K, capacity 16244K, committed 16384K, reserved 1048576K
}
Event: 415.917 GC heap after
{Heap after GC invocations=43 (full 0):
 garbage-first heap   total 189440K, used 113941K [0x0000000080000000, 0x0000000100000000)
  region size 1024K, 1 young (1024K), 1 survivors (1024K)
 Metaspace       used 117037K, capacity 120200K, committed 120404K, reserved 1153024K
  class space    used 15039K, capacity 16244K, committed 16384K, reserved 1048576K
}

Deoptimization events (20 events):
Event: 415.734 Thread 0x000001fa1ab17800 DEOPT PACKING pc=0x000001fa05cb24c4 sp=0x00000074ca4fceb0
Event: 415.734 Thread 0x000001fa1ab17800 DEOPT UNPACKING pc=0x000001fa03a46dde sp=0x00000074ca4fc450 mode 0
Event: 415.740 Thread 0x000001fa1ab17800 DEOPT PACKING pc=0x000001fa05cb24c4 sp=0x00000074ca4fcea0
Event: 415.740 Thread 0x000001fa1ab17800 DEOPT UNPACKING pc=0x000001fa03a46dde sp=0x00000074ca4fc440 mode 0
Event: 415.745 Thread 0x000001fa22583000 DEOPT PACKING pc=0x000001fa05cb24c4 sp=0x00000074cc7fcb20
Event: 415.745 Thread 0x000001fa22583000 DEOPT UNPACKING pc=0x000001fa03a46dde sp=0x00000074cc7fc0c0 mode 0
Event: 415.751 Thread 0x000001fa1d6f7000 DEOPT PACKING pc=0x000001fa05cb24c4 sp=0x00000074cacfd700
Event: 415.751 Thread 0x000001fa1d6f7000 DEOPT UNPACKING pc=0x000001fa03a46dde sp=0x00000074cacfcca0 mode 0
Event: 415.758 Thread 0x000001fa1d724000 DEOPT PACKING pc=0x000001fa05cb24c4 sp=0x00000074c7bfcc60
Event: 415.758 Thread 0x000001fa1d724000 DEOPT UNPACKING pc=0x000001fa03a46dde sp=0x00000074c7bfc200 mode 0
Event: 415.766 Thread 0x000001fa1d6f2000 Uncommon trap: trap_request=0xffffff4d fr.pc=0x000001fa0b79e650 relative=0x0000000000000490
Event: 415.766 Thread 0x000001fa1d6f2000 Uncommon trap: reason=unstable_if action=reinterpret pc=0x000001fa0b79e650 method=java.util.concurrent.ConcurrentLinkedQueue.poll()Ljava/lang/Object; @ 24 c2
Event: 415.766 Thread 0x000001fa1d6f2000 DEOPT PACKING pc=0x000001fa0b79e650 sp=0x00000074cc1fe690
Event: 415.766 Thread 0x000001fa1d6f2000 DEOPT UNPACKING pc=0x000001fa03a4662f sp=0x00000074cc1fe648 mode 2
Event: 415.770 Thread 0x000001fa1d6f3000 DEOPT PACKING pc=0x000001fa05cb24c4 sp=0x00000074cc0fe990
Event: 415.770 Thread 0x000001fa1d6f3000 DEOPT UNPACKING pc=0x000001fa03a46dde sp=0x00000074cc0fdf30 mode 0
Event: 415.778 Thread 0x000001fa1b28f800 DEOPT PACKING pc=0x000001fa05cb24c4 sp=0x00000074c6afe940
Event: 415.778 Thread 0x000001fa1b28f800 DEOPT UNPACKING pc=0x000001fa03a46dde sp=0x00000074c6afdee0 mode 0
Event: 415.969 Thread 0x000001fa1fb81000 DEOPT PACKING pc=0x000001fa04566311 sp=0x00000074c51f8e90
Event: 415.969 Thread 0x000001fa1fb81000 DEOPT UNPACKING pc=0x000001fa03a46dde sp=0x00000074c51f8368 mode 0

Classes redefined (0 events):
No events

Internal exceptions (20 events):
Event: 276.068 Thread 0x000001fa1d720800 Exception <a 'java/lang/IncompatibleClassChangeError'{0x000000008ad1fe80}: Found class java.lang.Object, but interface was expected> (0x000000008ad1fe80) thrown at [./src/hotspot/share/interpreter/linkResolver.cpp, line 839]
Event: 276.114 Thread 0x000001fa1d720800 Exception <a 'sun/nio/fs/WindowsException'{0x000000008acb87e8}> (0x000000008acb87e8) thrown at [./src/hotspot/share/prims/jni.cpp, line 615]
Event: 276.261 Thread 0x000001fa1ab0c800 Exception <a 'java/lang/NoSuchMethodError'{0x000000008a172328}: <clinit>> (0x000000008a172328) thrown at [./src/hotspot/share/prims/jni.cpp, line 1362]
Event: 276.262 Thread 0x000001fa1ab0c800 Exception <a 'java/lang/NoSuchMethodError'{0x000000008a184e50}: <clinit>> (0x000000008a184e50) thrown at [./src/hotspot/share/prims/jni.cpp, line 1362]
Event: 276.318 Thread 0x000001fa1d72b800 Implicit null exception at 0x000001fa0be0ae4f to 0x000001fa0be0b68c
Event: 276.339 Thread 0x000001fa1d72b800 Exception <a 'sun/nio/fs/WindowsException'{0x0000000089f78dc0}> (0x0000000089f78dc0) thrown at [./src/hotspot/share/prims/jni.cpp, line 615]
Event: 276.347 Thread 0x000001fa1d72b800 Implicit null exception at 0x000001fa0bb2cee8 to 0x000001fa0bb2f338
Event: 276.437 Thread 0x000001fa1d72b800 Exception <a 'java/lang/NoSuchMethodError'{0x0000000089b7d918}: 'java.lang.Object java.lang.invoke.DirectMethodHandle$Holder.invokeStatic(java.lang.Object, java.lang.Object, java.lang.Object, java.lang.Object, java.lang.Object, int, java.lang.Object)'> (0x0000000089b7d918) thrown at [./src/hotspot/share/interpreter/linkResolver.cpp, line 773]
Event: 276.438 Thread 0x000001fa1d72b800 Exception <a 'java/lang/NoSuchMethodError'{0x0000000089b84b18}: 'java.lang.Object java.lang.invoke.Invokers$Holder.linkToTargetMethod(java.lang.Object, java.lang.Object, java.lang.Object, java.lang.Object, int, java.lang.Object, java.lang.Object)'> (0x0000000089b84b18) thrown at [./src/hotspot/share/interpreter/linkResolver.cpp, line 773]
Event: 276.494 Thread 0x000001fa1d72b800 Exception <a 'java/lang/NoSuchMethodError'{0x0000000089763458}: 'java.lang.Object java.lang.invoke.DirectMethodHandle$Holder.invokeSpecial(java.lang.Object, java.lang.Object, java.lang.Object, java.lang.Object, java.lang.Object, java.lang.Object, java.lang.Object, int, java.lang.Object)'> (0x0000000089763458) thrown at [./src/hotspot/share/interpreter/linkResolver.cpp, line 773]
Event: 276.495 Thread 0x000001fa1d72b800 Exception <a 'java/lang/NoSuchMethodError'{0x000000008976c780}: 'java.lang.Object java.lang.invoke.DirectMethodHandle$Holder.invokeStatic(java.lang.Object, java.lang.Object, java.lang.Object, java.lang.Object, java.lang.Object, java.lang.Object, java.lang.Object, int)'> (0x000000008976c780) thrown at [./src/hotspot/share/interpreter/linkResolver.cpp, line 773]
Event: 276.495 Thread 0x000001fa1d72b800 Exception <a 'java/lang/NoSuchMethodError'{0x00000000897707a0}: 'java.lang.Object java.lang.invoke.DirectMethodHandle$Holder.invokeSpecial(java.lang.Object, java.lang.Object, java.lang.Object, java.lang.Object, java.lang.Object, java.lang.Object, java.lang.Object, java.lang.Object, int)'> (0x00000000897707a0) thrown at [./src/hotspot/share/interpreter/linkResolver.cpp, line 773]
Event: 276.495 Thread 0x000001fa1d72b800 Exception <a 'java/lang/NoSuchMethodError'{0x0000000089773e38}: 'java.lang.Object java.lang.invoke.Invokers$Holder.linkToTargetMethod(java.lang.Object, java.lang.Object, java.lang.Object, java.lang.Object, java.lang.Object, java.lang.Object, int, java.lang.Object)'> (0x0000000089773e38) thrown at [./src/hotspot/share/interpreter/linkResolver.cpp, line 773]
Event: 276.835 Thread 0x000001fa1d72b800 Exception <a 'java/lang/NoSuchMethodError'{0x000000008b5198a0}: 'java.lang.Object java.lang.invoke.DirectMethodHandle$Holder.invokeVirtual(java.lang.Object, java.lang.Object, int)'> (0x000000008b5198a0) thrown at [./src/hotspot/share/interpreter/linkResolver.cpp, line 773]
Event: 276.838 Thread 0x000001fa1d72b800 Implicit null exception at 0x000001fa0b66796b to 0x000001fa0b66798c
Event: 276.987 Thread 0x000001fa1def9000 Exception <a 'sun/nio/fs/WindowsException'{0x000000008b405d90}> (0x000000008b405d90) thrown at [./src/hotspot/share/prims/jni.cpp, line 615]
Event: 276.991 Thread 0x000001fa1fb83800 Exception <a 'sun/nio/fs/WindowsException'{0x000000008b41eeb0}> (0x000000008b41eeb0) thrown at [./src/hotspot/share/prims/jni.cpp, line 615]
Event: 276.991 Thread 0x000001fa1fb83800 Exception <a 'sun/nio/fs/WindowsException'{0x000000008b41ef30}> (0x000000008b41ef30) thrown at [./src/hotspot/share/prims/jni.cpp, line 615]
Event: 276.991 Thread 0x000001fa1fb83800 Exception <a 'sun/nio/fs/WindowsException'{0x000000008b420898}> (0x000000008b420898) thrown at [./src/hotspot/share/prims/jni.cpp, line 615]
Event: 415.864 Thread 0x000001fa1fb81000 Exception <a 'sun/nio/fs/WindowsException'{0x000000008b5c5660}> (0x000000008b5c5660) thrown at [./src/hotspot/share/prims/jni.cpp, line 615]

Events (20 events):
Event: 415.731 Thread 0x000001fa2257c000 Thread added: 0x000001fa2257c000
Event: 415.731 Thread 0x000001fa2257c800 Thread added: 0x000001fa2257c800
Event: 415.731 Thread 0x000001fa2257a800 Thread added: 0x000001fa2257a800
Event: 415.731 Thread 0x000001fa2257d800 Thread added: 0x000001fa2257d800
Event: 415.731 Thread 0x000001fa22578800 Thread added: 0x000001fa22578800
Event: 415.732 Thread 0x000001fa2257f000 Thread added: 0x000001fa2257f000
Event: 415.732 Thread 0x000001fa2257b000 Thread added: 0x000001fa2257b000
Event: 415.732 Thread 0x000001fa22579800 Thread added: 0x000001fa22579800
Event: 415.732 Thread 0x000001fa22582800 Thread added: 0x000001fa22582800
Event: 415.732 Thread 0x000001fa22580000 Thread added: 0x000001fa22580000
Event: 415.732 Thread 0x000001fa22583000 Thread added: 0x000001fa22583000
Event: 415.781 Executing VM operation: G1CollectForAllocation
Event: 415.788 Executing VM operation: G1CollectForAllocation done
Event: 415.886 Thread 0x000001fa22586800 Thread added: 0x000001fa22586800
Event: 415.908 Executing VM operation: G1CollectForAllocation
Event: 415.917 Executing VM operation: G1CollectForAllocation done
Event: 416.083 loading class com/android/build/gradle/internal/dependency/DexingWithClasspathTransform
Event: 416.083 loading class com/android/build/gradle/internal/dependency/DexingWithClasspathTransform done
Event: 416.222 Executing VM operation: ICBufferFull
Event: 416.223 Executing VM operation: ICBufferFull done


Dynamic libraries:
0x00007ff67af10000 - 0x00007ff67af1a000 	C:\Program Files\Android\Android Studio\jre\bin\java.exe
0x00007ffe66710000 - 0x00007ffe66908000 	C:\WINDOWS\SYSTEM32\ntdll.dll
0x00007ffe64e00000 - 0x00007ffe64ebd000 	C:\WINDOWS\System32\KERNEL32.DLL
0x00007ffe642f0000 - 0x00007ffe645be000 	C:\WINDOWS\System32\KERNELBASE.dll
0x00007ffe64030000 - 0x00007ffe64130000 	C:\WINDOWS\System32\ucrtbase.dll
0x00007ffe47a40000 - 0x00007ffe47a59000 	C:\Program Files\Android\Android Studio\jre\bin\jli.dll
0x00007ffe42640000 - 0x00007ffe42657000 	C:\Program Files\Android\Android Studio\jre\bin\VCRUNTIME140.dll
0x00007ffe66300000 - 0x00007ffe664a0000 	C:\WINDOWS\System32\USER32.dll
0x00007ffe646f0000 - 0x00007ffe64712000 	C:\WINDOWS\System32\win32u.dll
0x00007ffe57dc0000 - 0x00007ffe5805a000 	C:\WINDOWS\WinSxS\amd64_microsoft.windows.common-controls_6595b64144ccf1df_6.0.19041.1110_none_60b5254171f9507e\COMCTL32.dll
0x00007ffe66040000 - 0x00007ffe6606a000 	C:\WINDOWS\System32\GDI32.dll
0x00007ffe65fa0000 - 0x00007ffe6603e000 	C:\WINDOWS\System32\msvcrt.dll
0x00007ffe64130000 - 0x00007ffe6423b000 	C:\WINDOWS\System32\gdi32full.dll
0x00007ffe64650000 - 0x00007ffe646ed000 	C:\WINDOWS\System32\msvcp_win.dll
0x00007ffe64770000 - 0x00007ffe647a0000 	C:\WINDOWS\System32\IMM32.DLL
0x00007ffe42530000 - 0x00007ffe425cd000 	C:\Program Files\Android\Android Studio\jre\bin\msvcp140.dll
0x00007ffe3ec70000 - 0x00007ffe3f745000 	C:\Program Files\Android\Android Studio\jre\bin\server\jvm.dll
0x00007ffe66250000 - 0x00007ffe662fe000 	C:\WINDOWS\System32\ADVAPI32.dll
0x00007ffe66080000 - 0x00007ffe6611c000 	C:\WINDOWS\System32\sechost.dll
0x00007ffe64b30000 - 0x00007ffe64c55000 	C:\WINDOWS\System32\RPCRT4.dll
0x00007ffe66510000 - 0x00007ffe66518000 	C:\WINDOWS\System32\PSAPI.DLL
0x00007ffe606f0000 - 0x00007ffe606f9000 	C:\WINDOWS\SYSTEM32\WSOCK32.dll
0x00007ffe55620000 - 0x00007ffe55647000 	C:\WINDOWS\SYSTEM32\WINMM.dll
0x00007ffe664a0000 - 0x00007ffe6650b000 	C:\WINDOWS\System32\WS2_32.dll
0x00007ffe5e640000 - 0x00007ffe5e64a000 	C:\WINDOWS\SYSTEM32\VERSION.dll
0x00007ffe61d50000 - 0x00007ffe61d62000 	C:\WINDOWS\SYSTEM32\kernel.appcore.dll
0x00007ffe4e230000 - 0x00007ffe4e241000 	C:\Program Files\Android\Android Studio\jre\bin\verify.dll
0x00007ffe55710000 - 0x00007ffe558f4000 	C:\WINDOWS\SYSTEM32\DBGHELP.DLL
0x00007ffe53160000 - 0x00007ffe5318c000 	C:\WINDOWS\SYSTEM32\dbgcore.DLL
0x00007ffe645c0000 - 0x00007ffe64642000 	C:\WINDOWS\System32\bcryptPrimitives.dll
0x00007ffe4dfc0000 - 0x00007ffe4dfe9000 	C:\Program Files\Android\Android Studio\jre\bin\java.dll
0x00007ffe55b30000 - 0x00007ffe55b3b000 	C:\Program Files\Android\Android Studio\jre\bin\jimage.dll
0x00007ffe4dfa0000 - 0x00007ffe4dfb8000 	C:\Program Files\Android\Android Studio\jre\bin\zip.dll
0x00007ffe65490000 - 0x00007ffe65bd4000 	C:\WINDOWS\System32\SHELL32.dll
0x00007ffe61f50000 - 0x00007ffe626e4000 	C:\WINDOWS\SYSTEM32\windows.storage.dll
0x00007ffe65c40000 - 0x00007ffe65f94000 	C:\WINDOWS\System32\combase.dll
0x00007ffe637c0000 - 0x00007ffe637f0000 	C:\WINDOWS\SYSTEM32\Wldp.dll
0x00007ffe66530000 - 0x00007ffe665dd000 	C:\WINDOWS\System32\SHCORE.dll
0x00007ffe65be0000 - 0x00007ffe65c35000 	C:\WINDOWS\System32\shlwapi.dll
0x00007ffe63d70000 - 0x00007ffe63d8f000 	C:\WINDOWS\SYSTEM32\profapi.dll
0x00007ffe4df60000 - 0x00007ffe4df7a000 	C:\Program Files\Android\Android Studio\jre\bin\net.dll
0x00007ffe5b540000 - 0x00007ffe5b64a000 	C:\WINDOWS\SYSTEM32\WINHTTP.dll
0x00007ffe63520000 - 0x00007ffe6358a000 	C:\WINDOWS\system32\mswsock.dll
0x00007ffe4df40000 - 0x00007ffe4df54000 	C:\Program Files\Android\Android Studio\jre\bin\nio.dll
0x00007ffe47420000 - 0x00007ffe47447000 	C:\Users\JULIETH\.gradle\native\e1d6ef7f7dcc3fd88c89a11ec53ec762bb8ba0a96d01ffa2cd45eb1d1d8dd5c5\windows-amd64\native-platform.dll
0x00007ffe3e4a0000 - 0x00007ffe3e5e4000 	C:\Users\JULIETH\.gradle\native\5664cfc778a61ccfe75a443a1ab52a65af34e5dc3c78e0209fed803814484fcb\windows-amd64\native-platform-file-events.dll
0x00007ffe4e3b0000 - 0x00007ffe4e3ba000 	C:\Program Files\Android\Android Studio\jre\bin\management.dll
0x00007ffe4e1b0000 - 0x00007ffe4e1bd000 	C:\Program Files\Android\Android Studio\jre\bin\management_ext.dll
0x00007ffe63710000 - 0x00007ffe63728000 	C:\WINDOWS\SYSTEM32\CRYPTSP.dll
0x00007ffe62ea0000 - 0x00007ffe62ed4000 	C:\WINDOWS\system32\rsaenh.dll
0x00007ffe63ea0000 - 0x00007ffe63ec7000 	C:\WINDOWS\System32\bcrypt.dll
0x00007ffe63cf0000 - 0x00007ffe63d1e000 	C:\WINDOWS\SYSTEM32\USERENV.dll
0x00007ffe63730000 - 0x00007ffe6373c000 	C:\WINDOWS\SYSTEM32\CRYPTBASE.dll
0x00007ffe63210000 - 0x00007ffe6324b000 	C:\WINDOWS\SYSTEM32\IPHLPAPI.DLL
0x00007ffe66070000 - 0x00007ffe66078000 	C:\WINDOWS\System32\NSI.dll
0x00007ffe5e820000 - 0x00007ffe5e837000 	C:\WINDOWS\SYSTEM32\dhcpcsvc6.DLL
0x00007ffe5e790000 - 0x00007ffe5e7ad000 	C:\WINDOWS\SYSTEM32\dhcpcsvc.DLL
0x00007ffe63250000 - 0x00007ffe6331a000 	C:\WINDOWS\SYSTEM32\DNSAPI.dll
0x00007ffe60700000 - 0x00007ffe6071e000 	C:\Users\JULIETH\AppData\Local\Temp\native-platform49088467643794420dir\native-platform.dll
0x00007ffe56180000 - 0x00007ffe56188000 	C:\Program Files\Android\Android Studio\jre\bin\rmi.dll
0x00007ffe4db50000 - 0x00007ffe4db67000 	C:\WINDOWS\system32\napinsp.dll
0x00007ffe4db30000 - 0x00007ffe4db4b000 	C:\WINDOWS\system32\pnrpnsp.dll
0x00007ffe47970000 - 0x00007ffe47985000 	C:\WINDOWS\system32\wshbth.dll
0x00007ffe5f990000 - 0x00007ffe5f9ad000 	C:\WINDOWS\system32\NLAapi.dll
0x00007ffe4da50000 - 0x00007ffe4da62000 	C:\WINDOWS\System32\winrnr.dll
0x00007ffe5dca0000 - 0x00007ffe5dcaa000 	C:\Windows\System32\rasadhlp.dll
0x00007ffe59600000 - 0x00007ffe59680000 	C:\WINDOWS\System32\fwpuclnt.dll
0x00007ffe49070000 - 0x00007ffe49097000 	C:\Program Files\Android\Android Studio\jre\bin\sunec.dll

dbghelp: loaded successfully - version: 4.0.5 - missing functions: none
symbol engine: initialized successfully - sym options: 0x614 - pdb path: .;C:\Program Files\Android\Android Studio\jre\bin;C:\WINDOWS\SYSTEM32;C:\WINDOWS\WinSxS\amd64_microsoft.windows.common-controls_6595b64144ccf1df_6.0.19041.1110_none_60b5254171f9507e;C:\Program Files\Android\Android Studio\jre\bin\server;C:\Users\JULIETH\.gradle\native\e1d6ef7f7dcc3fd88c89a11ec53ec762bb8ba0a96d01ffa2cd45eb1d1d8dd5c5\windows-amd64;C:\Users\JULIETH\.gradle\native\5664cfc778a61ccfe75a443a1ab52a65af34e5dc3c78e0209fed803814484fcb\windows-amd64;C:\Users\JULIETH\AppData\Local\Temp\native-platform49088467643794420dir

VM Arguments:
jvm_args: --add-opens=java.base/java.util=ALL-UNNAMED --add-opens=java.base/java.lang=ALL-UNNAMED --add-opens=java.base/java.lang.invoke=ALL-UNNAMED --add-opens=java.base/java.util=ALL-UNNAMED --add-opens=java.prefs/java.util.prefs=ALL-UNNAMED --add-opens=java.prefs/java.util.prefs=ALL-UNNAMED --add-opens=java.base/java.nio.charset=ALL-UNNAMED --add-opens=java.base/java.net=ALL-UNNAMED --add-opens=java.base/java.util.concurrent.atomic=ALL-UNNAMED -Xmx2048m -Dfile.encoding=UTF-8 -Duser.country=CO -Duser.language=es -Duser.variant 
java_command: org.gradle.launcher.daemon.bootstrap.GradleDaemon 7.2
java_class_path (initial): C:\Users\JULIETH\.gradle\wrapper\dists\gradle-7.2-bin\2dnblmf4td7x66yl1d74lt32g\gradle-7.2\lib\gradle-launcher-7.2.jar
Launcher Type: SUN_STANDARD

[Global flags]
     intx CICompilerCount                          = 4                                         {product} {ergonomic}
     uint ConcGCThreads                            = 2                                         {product} {ergonomic}
     uint G1ConcRefinementThreads                  = 8                                         {product} {ergonomic}
   size_t G1HeapRegionSize                         = 1048576                                   {product} {ergonomic}
    uintx GCDrainStackTargetSize                   = 64                                        {product} {ergonomic}
   size_t InitialHeapSize                          = 134217728                                 {product} {ergonomic}
   size_t MarkStackSize                            = 4194304                                   {product} {ergonomic}
   size_t MaxHeapSize                              = 2147483648                                {product} {command line}
   size_t MaxNewSize                               = 1287651328                                {product} {ergonomic}
   size_t MinHeapDeltaBytes                        = 1048576                                   {product} {ergonomic}
    uintx NonNMethodCodeHeapSize                   = 5836300                                {pd product} {ergonomic}
    uintx NonProfiledCodeHeapSize                  = 122910970                              {pd product} {ergonomic}
    uintx ProfiledCodeHeapSize                     = 122910970                              {pd product} {ergonomic}
    uintx ReservedCodeCacheSize                    = 251658240                              {pd product} {ergonomic}
     bool SegmentedCodeCache                       = true                                      {product} {ergonomic}
     bool UseCompressedClassPointers               = true                                 {lp64_product} {ergonomic}
     bool UseCompressedOops                        = true                                 {lp64_product} {ergonomic}
     bool UseG1GC                                  = true                                      {product} {ergonomic}
     bool UseLargePagesIndividualAllocation        = false                                  {pd product} {ergonomic}

Logging:
Log output configuration:
 #0: stdout all=warning uptime,level,tags
 #1: stderr all=off uptime,level,tags

Environment Variables:
PATH=C:\WINDOWS\system32;C:\WINDOWS;C:\WINDOWS\System32\Wbem;C:\WINDOWS\System32\WindowsPowerShell\v1.0\;C:\WINDOWS\System32\OpenSSH\;C:\Program Files\dotnet\;C:\Program Files\Git\cmd;C:\Program Files\nodejs\;C:\Users\JULIETH\AppData\Local\Microsoft\WindowsApps;C:\Users\JULIETH\AppData\Local\GitHubDesktop\bin;C:\Users\JULIETH\AppData\Local\Programs\Microsoft VS Code\bin;C:\Users\JULIETH\AppData\Roaming\npm
USERNAME=JULIETH
OS=Windows_NT
PROCESSOR_IDENTIFIER=AMD64 Family 21 Model 2 Stepping 0, AuthenticAMD



---------------  S Y S T E M  ---------------

OS: Windows 10 , 64 bit Build 19041 (10.0.19041.1889)
OS uptime: 0 days 0:44 hours

CPU:total 8 (initial active 8) (8 cores per cpu, 1 threads per core) family 21 model 2 stepping 0 microcode 0x0, cmov, cx8, fxsr, mmx, sse, sse2, sse3, ssse3, sse4.1, sse4.2, popcnt, avx, aes, clmul, mmxext, 3dnowpref, lzcnt, sse4a, tsc, tscinvbit, tscinv, bmi1, fma

Memory: 4k page, system-wide physical 8168M (860M free)
TotalPageFile size 8184M (AvailPageFile size 179M)
current process WorkingSet (physical memory assigned to process): 514M, peak: 529M
current process commit charge ("private bytes"): 552M, peak: 566M

vm_info: OpenJDK 64-Bit Server VM (11.0.11+9-b60-7590822) for windows-amd64 JRE (11.0.11+9-b60-7590822), built on Jul 29 2021 21:43:44 by "builder" with MS VC++ 14.0 (VS2015)

END.
