#
# There is insufficient memory for the Java Runtime Environment to continue.
# Native memory allocation (malloc) failed to allocate 1645936 bytes for Chunk::new
# Possible reasons:
#   The system is out of physical RAM or swap space
#   The process is running with CompressedOops enabled, and the Java Heap may be blocking the growth of the native heap
# Possible solutions:
#   Reduce memory load on the system
#   Increase physical memory or swap space
#   Check if swap backing store is full
#   Decrease Java heap size (-Xmx/-Xms)
#   Decrease number of Java threads
#   Decrease Java thread stack sizes (-Xss)
#   Set larger code cache with -XX:ReservedCodeCacheSize=
#   JVM is running with Unscaled Compressed Oops mode in which the Java heap is
#     placed in the first 4GB address space. The Java Heap base address is the
#     maximum limit for the native heap growth. Please use -XX:HeapBaseMinAddress
#     to set the Java Heap base and to place the Java Heap above 4GB virtual address.
# This output file may be truncated or incomplete.
#
#  Out of Memory Error (./src/hotspot/share/memory/arena.cpp:197), pid=3484, tid=9988
#
# JRE version: OpenJDK Runtime Environment (11.0.11+9) (build 11.0.11+9-b60-7590822)
# Java VM: OpenJDK 64-Bit Server VM (11.0.11+9-b60-7590822, mixed mode, tiered, compressed oops, g1 gc, windows-amd64)
# No core dump will be written. Minidumps are not enabled by default on client versions of Windows
#

---------------  S U M M A R Y ------------

Command Line: org.jetbrains.kotlin.cli.jvm.K2JVMCompiler @C:\Users\David\AndroidStudioProjects\BlueTV\app\build\20220928_11736831997802008469.compiler.options

Host: AMD FX-8320E Eight-Core Processor              , 8 cores, 7G,  Windows 10 , 64 bit Build 19041 (10.0.19041.1889)
Time: Wed Sep 28 23:46:20 2022 Hora est. Pacífico, Sudamérica elapsed time: 4.436205 seconds (0d 0h 0m 4s)

---------------  T H R E A D  ---------------

Current thread (0x000002d238cea000):  JavaThread "C2 CompilerThread1" daemon [_thread_in_native, id=9988, stack(0x000000f6a1500000,0x000000f6a1600000)]


Current CompileTask:
C2:   4436 3372   !   4       jdk.internal.loader.BuiltinClassLoader::findClassOnClassPathOrNull (64 bytes)

Stack: [0x000000f6a1500000,0x000000f6a1600000]
Native frames: (J=compiled Java code, j=interpreted, Vv=VM code, C=native code)
V  [jvm.dll+0x5f214a]
V  [jvm.dll+0x726fb5]
V  [jvm.dll+0x7285cd]
V  [jvm.dll+0x728c83]
V  [jvm.dll+0x243278]
V  [jvm.dll+0xbc53c]
V  [jvm.dll+0xbca3c]
V  [jvm.dll+0x353e3b]
V  [jvm.dll+0x321893]
V  [jvm.dll+0x320d8a]
V  [jvm.dll+0x1fc1e2]
V  [jvm.dll+0x1fb3d4]
V  [jvm.dll+0x183d6c]
V  [jvm.dll+0x209a57]
V  [jvm.dll+0x2082a1]
V  [jvm.dll+0x6ef58f]
V  [jvm.dll+0x6e80b5]
V  [jvm.dll+0x5f1036]
C  [ucrtbase.dll+0x21bb2]
C  [KERNEL32.DLL+0x17034]
C  [ntdll.dll+0x526a1]


---------------  P R O C E S S  ---------------

Threads class SMR info:
_java_thread_list=0x000002d23b1bbee0, length=12, elements={
0x000002d21a95c800, 0x000002d236dbb800, 0x000002d236dc5000, 0x000002d236dd6800,
0x000002d236dd8000, 0x000002d236dda000, 0x000002d236ddd800, 0x000002d23771b000,
0x000002d23771c000, 0x000002d2378b6000, 0x000002d238cea000, 0x000002d23aa85800
}

Java Threads: ( => current thread )
  0x000002d21a95c800 JavaThread "main" [_thread_in_Java, id=3524, stack(0x000000f6a0400000,0x000000f6a0500000)]
  0x000002d236dbb800 JavaThread "Reference Handler" daemon [_thread_blocked, id=10384, stack(0x000000f6a0b00000,0x000000f6a0c00000)]
  0x000002d236dc5000 JavaThread "Finalizer" daemon [_thread_blocked, id=11076, stack(0x000000f6a0c00000,0x000000f6a0d00000)]
  0x000002d236dd6800 JavaThread "Signal Dispatcher" daemon [_thread_blocked, id=6720, stack(0x000000f6a0d00000,0x000000f6a0e00000)]
  0x000002d236dd8000 JavaThread "Attach Listener" daemon [_thread_blocked, id=9240, stack(0x000000f6a0e00000,0x000000f6a0f00000)]
  0x000002d236dda000 JavaThread "Service Thread" daemon [_thread_blocked, id=12064, stack(0x000000f6a0f00000,0x000000f6a1000000)]
  0x000002d236ddd800 JavaThread "C2 CompilerThread0" daemon [_thread_in_native, id=4268, stack(0x000000f6a1000000,0x000000f6a1100000)]
  0x000002d23771b000 JavaThread "C1 CompilerThread0" daemon [_thread_blocked, id=2484, stack(0x000000f6a1100000,0x000000f6a1200000)]
  0x000002d23771c000 JavaThread "Sweeper thread" daemon [_thread_blocked, id=9608, stack(0x000000f6a1200000,0x000000f6a1300000)]
  0x000002d2378b6000 JavaThread "Common-Cleaner" daemon [_thread_blocked, id=7932, stack(0x000000f6a1400000,0x000000f6a1500000)]
=>0x000002d238cea000 JavaThread "C2 CompilerThread1" daemon [_thread_in_native, id=9988, stack(0x000000f6a1500000,0x000000f6a1600000)]
  0x000002d23aa85800 JavaThread "C2 CompilerThread2" daemon [_thread_in_native, id=6176, stack(0x000000f6a1600000,0x000000f6a1700000)]

Other Threads:
  0x000002d236db7000 VMThread "VM Thread" [stack: 0x000000f6a0a00000,0x000000f6a0b00000] [id=4236]
  0x000002d2378ac000 WatcherThread [stack: 0x000000f6a1300000,0x000000f6a1400000] [id=2136]
  0x000002d21a975000 GCTaskThread "GC Thread#0" [stack: 0x000000f6a0500000,0x000000f6a0600000] [id=10280]
  0x000002d237f5d800 GCTaskThread "GC Thread#1" [stack: 0x000000f6a1700000,0x000000f6a1800000] [id=9288]
  0x000002d237f5e000 GCTaskThread "GC Thread#2" [stack: 0x000000f6a1800000,0x000000f6a1900000] [id=3608]
  0x000002d21a9a5000 ConcurrentGCThread "G1 Main Marker" [stack: 0x000000f6a0600000,0x000000f6a0700000] [id=9136]
  0x000002d21a9a7800 ConcurrentGCThread "G1 Conc#0" [stack: 0x000000f6a0700000,0x000000f6a0800000] [id=12000]
  0x000002d2381ca800 ConcurrentGCThread "G1 Conc#1" [stack: 0x000000f6a1900000,0x000000f6a1a00000] [id=4920]
  0x000002d236c00800 ConcurrentGCThread "G1 Refine#0" [stack: 0x000000f6a0800000,0x000000f6a0900000] [id=5080]
  0x000002d236c01800 ConcurrentGCThread "G1 Young RemSet Sampling" [stack: 0x000000f6a0900000,0x000000f6a0a00000] [id=2328]

Threads with active compile tasks:
C2 CompilerThread0   4453 3319       4       org.jetbrains.kotlin.parsing.AbstractKotlinParsing::at (114 bytes)
C2 CompilerThread1   4453 3372   !   4       jdk.internal.loader.BuiltinClassLoader::findClassOnClassPathOrNull (64 bytes)
C2 CompilerThread2   4453 3542       4       gnu.trove.TObjectHash::insertionIndex (273 bytes)

VM state:not at safepoint (normal execution)

VM Mutex/Monitor currently owned by a thread: None

Heap address: 0x0000000080400000, size: 2044 MB, Compressed Oops mode: 32-bit
Narrow klass base: 0x0000000000000000, Narrow klass shift: 3
Compressed class space size: 1073741824 Address: 0x0000000100000000

Heap:
 garbage-first heap   total 160768K, used 40920K [0x0000000080400000, 0x0000000100000000)
  region size 1024K, 21 young (21504K), 7 survivors (7168K)
 Metaspace       used 47030K, capacity 47544K, committed 47792K, reserved 1091584K
  class space    used 5585K, capacity 5806K, committed 5888K, reserved 1048576K
Heap Regions: E=young(eden), S=young(survivor), O=old, HS=humongous(starts), HC=humongous(continues), CS=collection set, F=free, A=archive, TAMS=top-at-mark-start (previous, next)
|   0|0x0000000080400000, 0x0000000080500000, 0x0000000080500000|100%|HS|  |TAMS 0x0000000080500000, 0x0000000080400000| Complete 
|   1|0x0000000080500000, 0x0000000080600000, 0x0000000080600000|100%|HC|  |TAMS 0x0000000080600000, 0x0000000080500000| Complete 
|   2|0x0000000080600000, 0x0000000080700000, 0x0000000080700000|100%|HC|  |TAMS 0x0000000080700000, 0x0000000080600000| Complete 
|   3|0x0000000080700000, 0x0000000080800000, 0x0000000080800000|100%|HS|  |TAMS 0x0000000080800000, 0x0000000080700000| Complete 
|   4|0x0000000080800000, 0x0000000080900000, 0x0000000080900000|100%|HC|  |TAMS 0x0000000080900000, 0x0000000080800000| Complete 
|   5|0x0000000080900000, 0x0000000080a00000, 0x0000000080a00000|100%|HC|  |TAMS 0x0000000080a00000, 0x0000000080900000| Complete 
|   6|0x0000000080a00000, 0x0000000080b00000, 0x0000000080b00000|100%|HS|  |TAMS 0x0000000080a00000, 0x0000000080a00000| Complete 
|   7|0x0000000080b00000, 0x0000000080c00000, 0x0000000080c00000|100%|HC|  |TAMS 0x0000000080b00000, 0x0000000080b00000| Complete 
|   8|0x0000000080c00000, 0x0000000080d00000, 0x0000000080d00000|100%| O|  |TAMS 0x0000000080d00000, 0x0000000080c00000| Untracked 
|   9|0x0000000080d00000, 0x0000000080e00000, 0x0000000080e00000|100%| O|  |TAMS 0x0000000080e00000, 0x0000000080d00000| Untracked 
|  10|0x0000000080e00000, 0x0000000080f00000, 0x0000000080f00000|100%| O|  |TAMS 0x0000000080f00000, 0x0000000080e00000| Untracked 
|  11|0x0000000080f00000, 0x0000000081000000, 0x0000000081000000|100%| O|  |TAMS 0x0000000081000000, 0x0000000080f00000| Untracked 
|  12|0x0000000081000000, 0x0000000081100000, 0x0000000081100000|100%| O|  |TAMS 0x0000000081100000, 0x0000000081000000| Untracked 
|  13|0x0000000081100000, 0x0000000081200000, 0x0000000081200000|100%| O|  |TAMS 0x0000000081200000, 0x0000000081100000| Untracked 
|  14|0x0000000081200000, 0x0000000081300000, 0x0000000081300000|100%| O|  |TAMS 0x0000000081300000, 0x0000000081200000| Untracked 
|  15|0x0000000081300000, 0x0000000081400000, 0x0000000081400000|100%| O|  |TAMS 0x0000000081400000, 0x0000000081300000| Untracked 
|  16|0x0000000081400000, 0x0000000081500000, 0x0000000081500000|100%| O|  |TAMS 0x0000000081500000, 0x0000000081400000| Untracked 
|  17|0x0000000081500000, 0x0000000081600000, 0x0000000081600000|100%| O|  |TAMS 0x0000000081600000, 0x0000000081500000| Untracked 
|  18|0x0000000081600000, 0x0000000081700000, 0x0000000081700000|100%| O|  |TAMS 0x0000000081700000, 0x0000000081600000| Untracked 
|  19|0x0000000081700000, 0x0000000081800000, 0x0000000081800000|100%| O|  |TAMS 0x0000000081800000, 0x0000000081700000| Untracked 
|  20|0x0000000081800000, 0x000000008182a400, 0x0000000081900000| 16%| O|  |TAMS 0x000000008182a400, 0x0000000081800000| Untracked 
|  21|0x0000000081900000, 0x0000000081900000, 0x0000000081a00000|  0%| F|  |TAMS 0x0000000081900000, 0x0000000081900000| Untracked 
|  22|0x0000000081a00000, 0x0000000081a00000, 0x0000000081b00000|  0%| F|  |TAMS 0x0000000081a00000, 0x0000000081a00000| Untracked 
|  23|0x0000000081b00000, 0x0000000081b00000, 0x0000000081c00000|  0%| F|  |TAMS 0x0000000081b00000, 0x0000000081b00000| Untracked 
|  24|0x0000000081c00000, 0x0000000081c00000, 0x0000000081d00000|  0%| F|  |TAMS 0x0000000081c00000, 0x0000000081c00000| Untracked 
|  25|0x0000000081d00000, 0x0000000081d00000, 0x0000000081e00000|  0%| F|  |TAMS 0x0000000081d00000, 0x0000000081d00000| Untracked 
|  26|0x0000000081e00000, 0x0000000081e00000, 0x0000000081f00000|  0%| F|  |TAMS 0x0000000081e00000, 0x0000000081e00000| Untracked 
|  27|0x0000000081f00000, 0x0000000081f00000, 0x0000000082000000|  0%| F|  |TAMS 0x0000000081f00000, 0x0000000081f00000| Untracked 
|  28|0x0000000082000000, 0x0000000082000000, 0x0000000082100000|  0%| F|  |TAMS 0x0000000082000000, 0x0000000082000000| Untracked 
|  29|0x0000000082100000, 0x0000000082100000, 0x0000000082200000|  0%| F|  |TAMS 0x0000000082100000, 0x0000000082100000| Untracked 
|  30|0x0000000082200000, 0x0000000082200000, 0x0000000082300000|  0%| F|  |TAMS 0x0000000082200000, 0x0000000082200000| Untracked 
|  31|0x0000000082300000, 0x0000000082300000, 0x0000000082400000|  0%| F|  |TAMS 0x0000000082300000, 0x0000000082300000| Untracked 
|  32|0x0000000082400000, 0x0000000082400000, 0x0000000082500000|  0%| F|  |TAMS 0x0000000082400000, 0x0000000082400000| Untracked 
|  33|0x0000000082500000, 0x0000000082500000, 0x0000000082600000|  0%| F|  |TAMS 0x0000000082500000, 0x0000000082500000| Untracked 
|  34|0x0000000082600000, 0x0000000082600000, 0x0000000082700000|  0%| F|  |TAMS 0x0000000082600000, 0x0000000082600000| Untracked 
|  35|0x0000000082700000, 0x0000000082700000, 0x0000000082800000|  0%| F|  |TAMS 0x0000000082700000, 0x0000000082700000| Untracked 
|  36|0x0000000082800000, 0x0000000082800000, 0x0000000082900000|  0%| F|  |TAMS 0x0000000082800000, 0x0000000082800000| Untracked 
|  37|0x0000000082900000, 0x0000000082900000, 0x0000000082a00000|  0%| F|  |TAMS 0x0000000082900000, 0x0000000082900000| Untracked 
|  38|0x0000000082a00000, 0x0000000082a00000, 0x0000000082b00000|  0%| F|  |TAMS 0x0000000082a00000, 0x0000000082a00000| Untracked 
|  39|0x0000000082b00000, 0x0000000082b00000, 0x0000000082c00000|  0%| F|  |TAMS 0x0000000082b00000, 0x0000000082b00000| Untracked 
|  40|0x0000000082c00000, 0x0000000082c00000, 0x0000000082d00000|  0%| F|  |TAMS 0x0000000082c00000, 0x0000000082c00000| Untracked 
|  41|0x0000000082d00000, 0x0000000082d00000, 0x0000000082e00000|  0%| F|  |TAMS 0x0000000082d00000, 0x0000000082d00000| Untracked 
|  42|0x0000000082e00000, 0x0000000082e00000, 0x0000000082f00000|  0%| F|  |TAMS 0x0000000082e00000, 0x0000000082e00000| Untracked 
|  43|0x0000000082f00000, 0x0000000082f00000, 0x0000000083000000|  0%| F|  |TAMS 0x0000000082f00000, 0x0000000082f00000| Untracked 
|  44|0x0000000083000000, 0x0000000083000000, 0x0000000083100000|  0%| F|  |TAMS 0x0000000083000000, 0x0000000083000000| Untracked 
|  45|0x0000000083100000, 0x0000000083100000, 0x0000000083200000|  0%| F|  |TAMS 0x0000000083100000, 0x0000000083100000| Untracked 
|  46|0x0000000083200000, 0x0000000083200000, 0x0000000083300000|  0%| F|  |TAMS 0x0000000083200000, 0x0000000083200000| Untracked 
|  47|0x0000000083300000, 0x0000000083300000, 0x0000000083400000|  0%| F|  |TAMS 0x0000000083300000, 0x0000000083300000| Untracked 
|  48|0x0000000083400000, 0x0000000083400000, 0x0000000083500000|  0%| F|  |TAMS 0x0000000083400000, 0x0000000083400000| Untracked 
|  49|0x0000000083500000, 0x0000000083500000, 0x0000000083600000|  0%| F|  |TAMS 0x0000000083500000, 0x0000000083500000| Untracked 
|  50|0x0000000083600000, 0x0000000083600000, 0x0000000083700000|  0%| F|  |TAMS 0x0000000083600000, 0x0000000083600000| Untracked 
|  51|0x0000000083700000, 0x0000000083700000, 0x0000000083800000|  0%| F|  |TAMS 0x0000000083700000, 0x0000000083700000| Untracked 
|  52|0x0000000083800000, 0x0000000083800000, 0x0000000083900000|  0%| F|  |TAMS 0x0000000083800000, 0x0000000083800000| Untracked 
|  53|0x0000000083900000, 0x0000000083900000, 0x0000000083a00000|  0%| F|  |TAMS 0x0000000083900000, 0x0000000083900000| Untracked 
|  54|0x0000000083a00000, 0x0000000083a00000, 0x0000000083b00000|  0%| F|  |TAMS 0x0000000083a00000, 0x0000000083a00000| Untracked 
|  55|0x0000000083b00000, 0x0000000083b00000, 0x0000000083c00000|  0%| F|  |TAMS 0x0000000083b00000, 0x0000000083b00000| Untracked 
|  56|0x0000000083c00000, 0x0000000083c00000, 0x0000000083d00000|  0%| F|  |TAMS 0x0000000083c00000, 0x0000000083c00000| Untracked 
|  57|0x0000000083d00000, 0x0000000083d00000, 0x0000000083e00000|  0%| F|  |TAMS 0x0000000083d00000, 0x0000000083d00000| Untracked 
|  58|0x0000000083e00000, 0x0000000083e00000, 0x0000000083f00000|  0%| F|  |TAMS 0x0000000083e00000, 0x0000000083e00000| Untracked 
|  59|0x0000000083f00000, 0x0000000083f00000, 0x0000000084000000|  0%| F|  |TAMS 0x0000000083f00000, 0x0000000083f00000| Untracked 
|  60|0x0000000084000000, 0x0000000084000000, 0x0000000084100000|  0%| F|  |TAMS 0x0000000084000000, 0x0000000084000000| Untracked 
|  61|0x0000000084100000, 0x0000000084100000, 0x0000000084200000|  0%| F|  |TAMS 0x0000000084100000, 0x0000000084100000| Untracked 
|  62|0x0000000084200000, 0x0000000084200000, 0x0000000084300000|  0%| F|  |TAMS 0x0000000084200000, 0x0000000084200000| Untracked 
|  63|0x0000000084300000, 0x0000000084300000, 0x0000000084400000|  0%| F|  |TAMS 0x0000000084300000, 0x0000000084300000| Untracked 
|  64|0x0000000084400000, 0x0000000084400000, 0x0000000084500000|  0%| F|  |TAMS 0x0000000084400000, 0x0000000084400000| Untracked 
|  65|0x0000000084500000, 0x0000000084500000, 0x0000000084600000|  0%| F|  |TAMS 0x0000000084500000, 0x0000000084500000| Untracked 
|  66|0x0000000084600000, 0x0000000084600000, 0x0000000084700000|  0%| F|  |TAMS 0x0000000084600000, 0x0000000084600000| Untracked 
|  67|0x0000000084700000, 0x0000000084700000, 0x0000000084800000|  0%| F|  |TAMS 0x0000000084700000, 0x0000000084700000| Untracked 
|  68|0x0000000084800000, 0x0000000084800000, 0x0000000084900000|  0%| F|  |TAMS 0x0000000084800000, 0x0000000084800000| Untracked 
|  69|0x0000000084900000, 0x0000000084900000, 0x0000000084a00000|  0%| F|  |TAMS 0x0000000084900000, 0x0000000084900000| Untracked 
|  70|0x0000000084a00000, 0x0000000084a00000, 0x0000000084b00000|  0%| F|  |TAMS 0x0000000084a00000, 0x0000000084a00000| Untracked 
|  71|0x0000000084b00000, 0x0000000084b00000, 0x0000000084c00000|  0%| F|  |TAMS 0x0000000084b00000, 0x0000000084b00000| Untracked 
|  72|0x0000000084c00000, 0x0000000084ccbf78, 0x0000000084d00000| 79%| S|CS|TAMS 0x0000000084c00000, 0x0000000084c00000| Complete 
|  73|0x0000000084d00000, 0x0000000084e00000, 0x0000000084e00000|100%| S|CS|TAMS 0x0000000084d00000, 0x0000000084d00000| Complete 
|  74|0x0000000084e00000, 0x0000000084f00000, 0x0000000084f00000|100%| S|CS|TAMS 0x0000000084e00000, 0x0000000084e00000| Complete 
|  75|0x0000000084f00000, 0x0000000085000000, 0x0000000085000000|100%| S|CS|TAMS 0x0000000084f00000, 0x0000000084f00000| Complete 
|  76|0x0000000085000000, 0x0000000085100000, 0x0000000085100000|100%| S|CS|TAMS 0x0000000085000000, 0x0000000085000000| Complete 
|  77|0x0000000085100000, 0x0000000085200000, 0x0000000085200000|100%| S|CS|TAMS 0x0000000085100000, 0x0000000085100000| Complete 
|  78|0x0000000085200000, 0x0000000085300000, 0x0000000085300000|100%| S|CS|TAMS 0x0000000085200000, 0x0000000085200000| Complete 
|  79|0x0000000085300000, 0x0000000085300000, 0x0000000085400000|  0%| F|  |TAMS 0x0000000085300000, 0x0000000085300000| Untracked 
|  80|0x0000000085400000, 0x0000000085400000, 0x0000000085500000|  0%| F|  |TAMS 0x0000000085400000, 0x0000000085400000| Untracked 
|  81|0x0000000085500000, 0x0000000085500000, 0x0000000085600000|  0%| F|  |TAMS 0x0000000085500000, 0x0000000085500000| Untracked 
|  82|0x0000000085600000, 0x0000000085600000, 0x0000000085700000|  0%| F|  |TAMS 0x0000000085600000, 0x0000000085600000| Untracked 
|  83|0x0000000085700000, 0x0000000085700000, 0x0000000085800000|  0%| F|  |TAMS 0x0000000085700000, 0x0000000085700000| Untracked 
|  84|0x0000000085800000, 0x0000000085800000, 0x0000000085900000|  0%| F|  |TAMS 0x0000000085800000, 0x0000000085800000| Untracked 
|  85|0x0000000085900000, 0x0000000085900000, 0x0000000085a00000|  0%| F|  |TAMS 0x0000000085900000, 0x0000000085900000| Untracked 
|  86|0x0000000085a00000, 0x0000000085a00000, 0x0000000085b00000|  0%| F|  |TAMS 0x0000000085a00000, 0x0000000085a00000| Untracked 
|  87|0x0000000085b00000, 0x0000000085b00000, 0x0000000085c00000|  0%| F|  |TAMS 0x0000000085b00000, 0x0000000085b00000| Untracked 
|  88|0x0000000085c00000, 0x0000000085c00000, 0x0000000085d00000|  0%| F|  |TAMS 0x0000000085c00000, 0x0000000085c00000| Untracked 
|  89|0x0000000085d00000, 0x0000000085d00000, 0x0000000085e00000|  0%| F|  |TAMS 0x0000000085d00000, 0x0000000085d00000| Untracked 
|  90|0x0000000085e00000, 0x0000000085e00000, 0x0000000085f00000|  0%| F|  |TAMS 0x0000000085e00000, 0x0000000085e00000| Untracked 
|  91|0x0000000085f00000, 0x0000000085f00000, 0x0000000086000000|  0%| F|  |TAMS 0x0000000085f00000, 0x0000000085f00000| Untracked 
|  92|0x0000000086000000, 0x0000000086000000, 0x0000000086100000|  0%| F|  |TAMS 0x0000000086000000, 0x0000000086000000| Untracked 
|  93|0x0000000086100000, 0x0000000086100000, 0x0000000086200000|  0%| F|  |TAMS 0x0000000086100000, 0x0000000086100000| Untracked 
|  94|0x0000000086200000, 0x0000000086200000, 0x0000000086300000|  0%| F|  |TAMS 0x0000000086200000, 0x0000000086200000| Untracked 
|  95|0x0000000086300000, 0x0000000086300000, 0x0000000086400000|  0%| F|  |TAMS 0x0000000086300000, 0x0000000086300000| Untracked 
|  96|0x0000000086400000, 0x0000000086400000, 0x0000000086500000|  0%| F|  |TAMS 0x0000000086400000, 0x0000000086400000| Untracked 
|  97|0x0000000086500000, 0x0000000086500000, 0x0000000086600000|  0%| F|  |TAMS 0x0000000086500000, 0x0000000086500000| Untracked 
|  98|0x0000000086600000, 0x0000000086600000, 0x0000000086700000|  0%| F|  |TAMS 0x0000000086600000, 0x0000000086600000| Untracked 
|  99|0x0000000086700000, 0x0000000086700000, 0x0000000086800000|  0%| F|  |TAMS 0x0000000086700000, 0x0000000086700000| Untracked 
| 100|0x0000000086800000, 0x0000000086800000, 0x0000000086900000|  0%| F|  |TAMS 0x0000000086800000, 0x0000000086800000| Untracked 
| 101|0x0000000086900000, 0x0000000086900000, 0x0000000086a00000|  0%| F|  |TAMS 0x0000000086900000, 0x0000000086900000| Untracked 
| 102|0x0000000086a00000, 0x0000000086a00000, 0x0000000086b00000|  0%| F|  |TAMS 0x0000000086a00000, 0x0000000086a00000| Untracked 
| 103|0x0000000086b00000, 0x0000000086b00000, 0x0000000086c00000|  0%| F|  |TAMS 0x0000000086b00000, 0x0000000086b00000| Untracked 
| 104|0x0000000086c00000, 0x0000000086c00000, 0x0000000086d00000|  0%| F|  |TAMS 0x0000000086c00000, 0x0000000086c00000| Untracked 
| 105|0x0000000086d00000, 0x0000000086d00000, 0x0000000086e00000|  0%| F|  |TAMS 0x0000000086d00000, 0x0000000086d00000| Untracked 
| 106|0x0000000086e00000, 0x0000000086e00000, 0x0000000086f00000|  0%| F|  |TAMS 0x0000000086e00000, 0x0000000086e00000| Untracked 
| 107|0x0000000086f00000, 0x0000000086f00000, 0x0000000087000000|  0%| F|  |TAMS 0x0000000086f00000, 0x0000000086f00000| Untracked 
| 108|0x0000000087000000, 0x0000000087000000, 0x0000000087100000|  0%| F|  |TAMS 0x0000000087000000, 0x0000000087000000| Untracked 
| 109|0x0000000087100000, 0x0000000087100000, 0x0000000087200000|  0%| F|  |TAMS 0x0000000087100000, 0x0000000087100000| Untracked 
| 110|0x0000000087200000, 0x0000000087200000, 0x0000000087300000|  0%| F|  |TAMS 0x0000000087200000, 0x0000000087200000| Untracked 
| 111|0x0000000087300000, 0x0000000087300000, 0x0000000087400000|  0%| F|  |TAMS 0x0000000087300000, 0x0000000087300000| Untracked 
| 112|0x0000000087400000, 0x0000000087400000, 0x0000000087500000|  0%| F|  |TAMS 0x0000000087400000, 0x0000000087400000| Untracked 
| 113|0x0000000087500000, 0x0000000087500000, 0x0000000087600000|  0%| F|  |TAMS 0x0000000087500000, 0x0000000087500000| Untracked 
| 114|0x0000000087600000, 0x0000000087600000, 0x0000000087700000|  0%| F|  |TAMS 0x0000000087600000, 0x0000000087600000| Untracked 
| 115|0x0000000087700000, 0x0000000087700000, 0x0000000087800000|  0%| F|  |TAMS 0x0000000087700000, 0x0000000087700000| Untracked 
| 116|0x0000000087800000, 0x0000000087800000, 0x0000000087900000|  0%| F|  |TAMS 0x0000000087800000, 0x0000000087800000| Untracked 
| 117|0x0000000087900000, 0x0000000087900000, 0x0000000087a00000|  0%| F|  |TAMS 0x0000000087900000, 0x0000000087900000| Untracked 
| 118|0x0000000087a00000, 0x0000000087a00000, 0x0000000087b00000|  0%| F|  |TAMS 0x0000000087a00000, 0x0000000087a00000| Untracked 
| 119|0x0000000087b00000, 0x0000000087b00000, 0x0000000087c00000|  0%| F|  |TAMS 0x0000000087b00000, 0x0000000087b00000| Untracked 
| 120|0x0000000087c00000, 0x0000000087c00000, 0x0000000087d00000|  0%| F|  |TAMS 0x0000000087c00000, 0x0000000087c00000| Untracked 
| 121|0x0000000087d00000, 0x0000000087d00000, 0x0000000087e00000|  0%| F|  |TAMS 0x0000000087d00000, 0x0000000087d00000| Untracked 
| 122|0x0000000087e00000, 0x0000000087e00000, 0x0000000087f00000|  0%| F|  |TAMS 0x0000000087e00000, 0x0000000087e00000| Untracked 
| 123|0x0000000087f00000, 0x0000000087f00000, 0x0000000088000000|  0%| F|  |TAMS 0x0000000087f00000, 0x0000000087f00000| Untracked 
| 124|0x0000000088000000, 0x0000000088000000, 0x0000000088100000|  0%| F|  |TAMS 0x0000000088000000, 0x0000000088000000| Untracked 
| 125|0x0000000088100000, 0x0000000088100000, 0x0000000088200000|  0%| F|  |TAMS 0x0000000088100000, 0x0000000088100000| Untracked 
| 126|0x0000000088200000, 0x0000000088200000, 0x0000000088300000|  0%| F|  |TAMS 0x0000000088200000, 0x0000000088200000| Untracked 
| 127|0x0000000088300000, 0x0000000088300000, 0x0000000088400000|  0%| F|  |TAMS 0x0000000088300000, 0x0000000088300000| Untracked 
| 128|0x0000000088400000, 0x0000000088400000, 0x0000000088500000|  0%| F|  |TAMS 0x0000000088400000, 0x0000000088400000| Untracked 
| 129|0x0000000088500000, 0x0000000088500000, 0x0000000088600000|  0%| F|  |TAMS 0x0000000088500000, 0x0000000088500000| Untracked 
| 130|0x0000000088600000, 0x0000000088600000, 0x0000000088700000|  0%| F|  |TAMS 0x0000000088600000, 0x0000000088600000| Untracked 
| 131|0x0000000088700000, 0x0000000088700000, 0x0000000088800000|  0%| F|  |TAMS 0x0000000088700000, 0x0000000088700000| Untracked 
| 132|0x0000000088800000, 0x0000000088800000, 0x0000000088900000|  0%| F|  |TAMS 0x0000000088800000, 0x0000000088800000| Untracked 
| 133|0x0000000088900000, 0x0000000088900000, 0x0000000088a00000|  0%| F|  |TAMS 0x0000000088900000, 0x0000000088900000| Untracked 
| 134|0x0000000088a00000, 0x0000000088a00000, 0x0000000088b00000|  0%| F|  |TAMS 0x0000000088a00000, 0x0000000088a00000| Untracked 
| 135|0x0000000088b00000, 0x0000000088b00000, 0x0000000088c00000|  0%| F|  |TAMS 0x0000000088b00000, 0x0000000088b00000| Untracked 
| 136|0x0000000088c00000, 0x0000000088c00000, 0x0000000088d00000|  0%| F|  |TAMS 0x0000000088c00000, 0x0000000088c00000| Untracked 
| 137|0x0000000088d00000, 0x0000000088d00000, 0x0000000088e00000|  0%| F|  |TAMS 0x0000000088d00000, 0x0000000088d00000| Untracked 
| 138|0x0000000088e00000, 0x0000000088e00000, 0x0000000088f00000|  0%| F|  |TAMS 0x0000000088e00000, 0x0000000088e00000| Untracked 
| 139|0x0000000088f00000, 0x0000000088f00000, 0x0000000089000000|  0%| F|  |TAMS 0x0000000088f00000, 0x0000000088f00000| Untracked 
| 140|0x0000000089000000, 0x0000000089000000, 0x0000000089100000|  0%| F|  |TAMS 0x0000000089000000, 0x0000000089000000| Untracked 
| 141|0x0000000089100000, 0x0000000089100000, 0x0000000089200000|  0%| F|  |TAMS 0x0000000089100000, 0x0000000089100000| Untracked 
| 142|0x0000000089200000, 0x0000000089200000, 0x0000000089300000|  0%| F|  |TAMS 0x0000000089200000, 0x0000000089200000| Untracked 
| 143|0x0000000089300000, 0x0000000089400000, 0x0000000089400000|100%| E|  |TAMS 0x0000000089300000, 0x0000000089300000| Complete 
| 144|0x0000000089400000, 0x0000000089500000, 0x0000000089500000|100%| E|CS|TAMS 0x0000000089400000, 0x0000000089400000| Complete 
| 145|0x0000000089500000, 0x0000000089600000, 0x0000000089600000|100%| E|CS|TAMS 0x0000000089500000, 0x0000000089500000| Complete 
| 146|0x0000000089600000, 0x0000000089700000, 0x0000000089700000|100%| E|CS|TAMS 0x0000000089600000, 0x0000000089600000| Complete 
| 147|0x0000000089700000, 0x0000000089800000, 0x0000000089800000|100%| E|CS|TAMS 0x0000000089700000, 0x0000000089700000| Complete 
| 148|0x0000000089800000, 0x0000000089900000, 0x0000000089900000|100%| E|CS|TAMS 0x0000000089800000, 0x0000000089800000| Complete 
| 149|0x0000000089900000, 0x0000000089a00000, 0x0000000089a00000|100%| E|CS|TAMS 0x0000000089900000, 0x0000000089900000| Complete 
| 150|0x0000000089a00000, 0x0000000089b00000, 0x0000000089b00000|100%| E|CS|TAMS 0x0000000089a00000, 0x0000000089a00000| Complete 
| 151|0x0000000089b00000, 0x0000000089c00000, 0x0000000089c00000|100%| E|CS|TAMS 0x0000000089b00000, 0x0000000089b00000| Complete 
| 152|0x0000000089c00000, 0x0000000089d00000, 0x0000000089d00000|100%| E|CS|TAMS 0x0000000089c00000, 0x0000000089c00000| Complete 
| 153|0x0000000089d00000, 0x0000000089e00000, 0x0000000089e00000|100%| E|CS|TAMS 0x0000000089d00000, 0x0000000089d00000| Complete 
| 154|0x0000000089e00000, 0x0000000089f00000, 0x0000000089f00000|100%| E|CS|TAMS 0x0000000089e00000, 0x0000000089e00000| Complete 
| 155|0x0000000089f00000, 0x000000008a000000, 0x000000008a000000|100%| E|CS|TAMS 0x0000000089f00000, 0x0000000089f00000| Complete 
| 156|0x000000008a000000, 0x000000008a100000, 0x000000008a100000|100%| E|CS|TAMS 0x000000008a000000, 0x000000008a000000| Complete 

Card table byte_map: [0x000002d22faf0000,0x000002d22fef0000] _byte_map_base: 0x000002d22f6ee000

Marking Bits (Prev, Next): (CMBitMap*) 0x000002d21a99c578, (CMBitMap*) 0x000002d21a99c5b0
 Prev Bits: [0x000002d2302f0000, 0x000002d2322e0000)
 Next Bits: [0x000002d2322e0000, 0x000002d2342d0000)

Polling page: 0x000002d21aa40000

Metaspace:

Usage:
  Non-class:     40.83 MB capacity,    40.51 MB (>99%) used,   259.67 KB ( <1%) free+waste,    68.81 KB ( <1%) overhead. 
      Class:      5.68 MB capacity,     5.46 MB ( 96%) used,   190.38 KB (  3%) free+waste,    30.31 KB ( <1%) overhead. 
       Both:     46.51 MB capacity,    45.97 MB ( 99%) used,   450.05 KB ( <1%) free+waste,    99.13 KB ( <1%) overhead. 

Virtual space:
  Non-class space:       42.00 MB reserved,      40.92 MB ( 97%) committed 
      Class space:        1.00 GB reserved,       5.75 MB ( <1%) committed 
             Both:        1.04 GB reserved,      46.67 MB (  4%) committed 

Chunk freelists:
   Non-Class:  27.00 KB
       Class:  11.00 KB
        Both:  38.00 KB

MaxMetaspaceSize: 17179869184.00 GB
CompressedClassSpaceSize: 1.00 GB

CodeHeap 'non-profiled nmethods': size=120000Kb used=1490Kb max_used=1490Kb free=118509Kb
 bounds [0x000002d227750000, 0x000002d2279c0000, 0x000002d22ec80000]
CodeHeap 'profiled nmethods': size=120000Kb used=7343Kb max_used=7343Kb free=112656Kb
 bounds [0x000002d220220000, 0x000002d220950000, 0x000002d227750000]
CodeHeap 'non-nmethods': size=5760Kb used=1195Kb max_used=1214Kb free=4564Kb
 bounds [0x000002d21fc80000, 0x000002d21fef0000, 0x000002d220220000]
 total_blobs=4116 nmethods=3567 adapters=460
 compilation: enabled
              stopped_count=0, restarted_count=0
 full_count=0

Compilation events (20 events):
Event: 4.423 Thread 0x000002d23771b000 3544       3       kotlin.collections.ArraysKt___ArraysKt::toSet (70 bytes)
Event: 4.424 Thread 0x000002d23771b000 nmethod 3544 0x000002d22093ea90 code [0x000002d22093eda0, 0x000002d22093fc78]
Event: 4.424 Thread 0x000002d23771b000 3543       3       org.jetbrains.kotlin.load.java.structure.impl.classFiles.ClassifierResolutionContext::<init> (20 bytes)
Event: 4.424 Thread 0x000002d23771b000 nmethod 3543 0x000002d220940210 code [0x000002d2209403c0, 0x000002d220940638]
Event: 4.424 Thread 0x000002d23771b000 3546       3       org.jetbrains.kotlin.load.java.structure.impl.classFiles.BinaryJavaMethod::<init> (51 bytes)
Event: 4.426 Thread 0x000002d23771b000 nmethod 3546 0x000002d220940710 code [0x000002d220940b20, 0x000002d2209423c8]
Event: 4.426 Thread 0x000002d23771b000 3548       3       org.jetbrains.kotlin.metadata.jvm.deserialization.ModuleMapping::findPackageParts (20 bytes)
Event: 4.427 Thread 0x000002d23771b000 nmethod 3548 0x000002d220942c90 code [0x000002d220942ee0, 0x000002d220943628]
Event: 4.427 Thread 0x000002d23771b000 3550       3       gnu.trove.TObjectHash::contains (14 bytes)
Event: 4.427 Thread 0x000002d23771b000 nmethod 3550 0x000002d220943890 code [0x000002d220943a40, 0x000002d220943c48]
Event: 4.427 Thread 0x000002d23771b000 3554       1       org.jetbrains.kotlin.load.java.structure.impl.classFiles.PlainJavaPrimitiveType::getType (5 bytes)
Event: 4.427 Thread 0x000002d23771b000 nmethod 3554 0x000002d2278c1410 code [0x000002d2278c15c0, 0x000002d2278c1678]
Event: 4.427 Thread 0x000002d23771b000 3551       3       java.util.ArrayList$SubList::<init> (35 bytes)
Event: 4.427 Thread 0x000002d23771b000 nmethod 3551 0x000002d220943d10 code [0x000002d220943ee0, 0x000002d220944198]
Event: 4.427 Thread 0x000002d23771b000 3552       3       java.util.ArrayList$SubList::checkForComodification (23 bytes)
Event: 4.427 Thread 0x000002d23771b000 nmethod 3552 0x000002d220944310 code [0x000002d2209444e0, 0x000002d2209446e8]
Event: 4.427 Thread 0x000002d23771b000 3549       1       org.jetbrains.kotlin.storage.DefaultSimpleLock::getLock (5 bytes)
Event: 4.428 Thread 0x000002d23771b000 nmethod 3549 0x000002d2278c1710 code [0x000002d2278c18c0, 0x000002d2278c1978]
Event: 4.428 Thread 0x000002d23771b000 3555       3       org.jetbrains.kotlin.name.Name::guessByFirstCharacter (28 bytes)
Event: 4.429 Thread 0x000002d23771b000 nmethod 3555 0x000002d220944810 code [0x000002d220944a40, 0x000002d220944f88]

GC Heap History (10 events):
Event: 0.720 GC heap before
{Heap before GC invocations=0 (full 0):
 garbage-first heap   total 131072K, used 27648K [0x0000000080400000, 0x0000000100000000)
  region size 1024K, 24 young (24576K), 0 survivors (0K)
 Metaspace       used 12376K, capacity 12504K, committed 12800K, reserved 1060864K
  class space    used 1165K, capacity 1207K, committed 1280K, reserved 1048576K
}
Event: 0.725 GC heap after
{Heap after GC invocations=1 (full 0):
 garbage-first heap   total 131072K, used 5933K [0x0000000080400000, 0x0000000100000000)
  region size 1024K, 3 young (3072K), 3 survivors (3072K)
 Metaspace       used 12376K, capacity 12504K, committed 12800K, reserved 1060864K
  class space    used 1165K, capacity 1207K, committed 1280K, reserved 1048576K
}
Event: 1.506 GC heap before
{Heap before GC invocations=1 (full 0):
 garbage-first heap   total 131072K, used 41773K [0x0000000080400000, 0x0000000100000000)
  region size 1024K, 39 young (39936K), 3 survivors (3072K)
 Metaspace       used 20931K, capacity 21178K, committed 21296K, reserved 1069056K
  class space    used 2271K, capacity 2379K, committed 2432K, reserved 1048576K
}
Event: 1.518 GC heap after
{Heap after GC invocations=2 (full 0):
 garbage-first heap   total 131072K, used 9216K [0x0000000080400000, 0x0000000100000000)
  region size 1024K, 6 young (6144K), 6 survivors (6144K)
 Metaspace       used 20931K, capacity 21178K, committed 21296K, reserved 1069056K
  class space    used 2271K, capacity 2379K, committed 2432K, reserved 1048576K
}
Event: 2.746 GC heap before
{Heap before GC invocations=3 (full 0):
 garbage-first heap   total 131072K, used 62464K [0x0000000080400000, 0x0000000100000000)
  region size 1024K, 53 young (54272K), 6 survivors (6144K)
 Metaspace       used 31547K, capacity 32032K, committed 32432K, reserved 1077248K
  class space    used 3787K, capacity 3972K, committed 4096K, reserved 1048576K
}
Event: 2.769 GC heap after
{Heap after GC invocations=4 (full 0):
 garbage-first heap   total 131072K, used 20451K [0x0000000080400000, 0x0000000100000000)
  region size 1024K, 7 young (7168K), 7 survivors (7168K)
 Metaspace       used 31547K, capacity 32032K, committed 32432K, reserved 1077248K
  class space    used 3787K, capacity 3972K, committed 4096K, reserved 1048576K
}
Event: 3.101 GC heap before
{Heap before GC invocations=4 (full 0):
 garbage-first heap   total 131072K, used 36835K [0x0000000080400000, 0x0000000100000000)
  region size 1024K, 24 young (24576K), 7 survivors (7168K)
 Metaspace       used 35229K, capacity 35729K, committed 35920K, reserved 1081344K
  class space    used 4403K, capacity 4583K, committed 4608K, reserved 1048576K
}
Event: 3.126 GC heap after
{Heap after GC invocations=5 (full 0):
 garbage-first heap   total 131072K, used 23124K [0x0000000080400000, 0x0000000100000000)
  region size 1024K, 3 young (3072K), 3 survivors (3072K)
 Metaspace       used 35229K, capacity 35729K, committed 35920K, reserved 1081344K
  class space    used 4403K, capacity 4583K, committed 4608K, reserved 1048576K
}
Event: 4.034 GC heap before
{Heap before GC invocations=6 (full 0):
 garbage-first heap   total 131072K, used 70228K [0x0000000080400000, 0x0000000100000000)
  region size 1024K, 49 young (50176K), 3 survivors (3072K)
 Metaspace       used 44204K, capacity 44658K, committed 44848K, reserved 1089536K
  class space    used 5293K, capacity 5467K, committed 5504K, reserved 1048576K
}
Event: 4.045 GC heap after
{Heap after GC invocations=7 (full 0):
 garbage-first heap   total 160768K, used 25560K [0x0000000080400000, 0x0000000100000000)
  region size 1024K, 7 young (7168K), 7 survivors (7168K)
 Metaspace       used 44204K, capacity 44658K, committed 44848K, reserved 1089536K
  class space    used 5293K, capacity 5467K, committed 5504K, reserved 1048576K
}

Deoptimization events (20 events):
Event: 4.389 Thread 0x000002d21a95c800 Uncommon trap: trap_request=0xffffff4d fr.pc=0x000002d2278b4d94 relative=0x00000000000003d4
Event: 4.389 Thread 0x000002d21a95c800 Uncommon trap: reason=unstable_if action=reinterpret pc=0x000002d2278b4d94 method=java.lang.String.<init>([CIILjava/lang/Void;)V @ 5 c2
Event: 4.389 Thread 0x000002d21a95c800 DEOPT PACKING pc=0x000002d2278b4d94 sp=0x000000f6a04fc7c0
Event: 4.389 Thread 0x000002d21a95c800 DEOPT UNPACKING pc=0x000002d21fca662f sp=0x000000f6a04fc780 mode 2
Event: 4.397 Thread 0x000002d21a95c800 Uncommon trap: trap_request=0xffffffc6 fr.pc=0x000002d22785b064 relative=0x0000000000000564
Event: 4.397 Thread 0x000002d21a95c800 Uncommon trap: reason=bimorphic_or_optimized_type_check action=maybe_recompile pc=0x000002d22785b064 method=org.jetbrains.kotlin.protobuf.CodedInputStream.tryRefillBuffer(I)Z @ 177 c2
Event: 4.397 Thread 0x000002d21a95c800 DEOPT PACKING pc=0x000002d22785b064 sp=0x000000f6a04fd110
Event: 4.397 Thread 0x000002d21a95c800 DEOPT UNPACKING pc=0x000002d21fca662f sp=0x000000f6a04fcff8 mode 2
Event: 4.399 Thread 0x000002d21a95c800 Uncommon trap: trap_request=0xffffffc6 fr.pc=0x000002d22785b064 relative=0x0000000000000564
Event: 4.399 Thread 0x000002d21a95c800 Uncommon trap: reason=bimorphic_or_optimized_type_check action=maybe_recompile pc=0x000002d22785b064 method=org.jetbrains.kotlin.protobuf.CodedInputStream.tryRefillBuffer(I)Z @ 177 c2
Event: 4.399 Thread 0x000002d21a95c800 DEOPT PACKING pc=0x000002d22785b064 sp=0x000000f6a04fd110
Event: 4.399 Thread 0x000002d21a95c800 DEOPT UNPACKING pc=0x000002d21fca662f sp=0x000000f6a04fcff8 mode 2
Event: 4.399 Thread 0x000002d21a95c800 Uncommon trap: trap_request=0xffffffc6 fr.pc=0x000002d22785b064 relative=0x0000000000000564
Event: 4.399 Thread 0x000002d21a95c800 Uncommon trap: reason=bimorphic_or_optimized_type_check action=maybe_recompile pc=0x000002d22785b064 method=org.jetbrains.kotlin.protobuf.CodedInputStream.tryRefillBuffer(I)Z @ 177 c2
Event: 4.399 Thread 0x000002d21a95c800 DEOPT PACKING pc=0x000002d22785b064 sp=0x000000f6a04fd210
Event: 4.399 Thread 0x000002d21a95c800 DEOPT UNPACKING pc=0x000002d21fca662f sp=0x000000f6a04fd0f8 mode 2
Event: 4.399 Thread 0x000002d21a95c800 Uncommon trap: trap_request=0xffffffc6 fr.pc=0x000002d22785b064 relative=0x0000000000000564
Event: 4.399 Thread 0x000002d21a95c800 Uncommon trap: reason=bimorphic_or_optimized_type_check action=maybe_recompile pc=0x000002d22785b064 method=org.jetbrains.kotlin.protobuf.CodedInputStream.tryRefillBuffer(I)Z @ 177 c2
Event: 4.399 Thread 0x000002d21a95c800 DEOPT PACKING pc=0x000002d22785b064 sp=0x000000f6a04fd210
Event: 4.399 Thread 0x000002d21a95c800 DEOPT UNPACKING pc=0x000002d21fca662f sp=0x000000f6a04fd0f8 mode 2

Classes redefined (0 events):
No events

Internal exceptions (20 events):
Event: 1.636 Thread 0x000002d21a95c800 Exception <a 'java/lang/NoSuchMethodError'{0x0000000087d7f020}: 'int java.lang.invoke.DirectMethodHandle$Holder.invokeStaticInit(java.lang.Object, java.lang.Object)'> (0x0000000087d7f020) thrown at [./src/hotspot/share/interpreter/linkResolver.cpp, line 773]
Event: 1.694 Thread 0x000002d21a95c800 Exception <a 'java/lang/NoSuchMethodError'{0x0000000087b961b0}: 'void java.lang.invoke.DirectMethodHandle$Holder.invokeSpecial(java.lang.Object, java.lang.Object)'> (0x0000000087b961b0) thrown at [./src/hotspot/share/interpreter/linkResolver.cpp, line 773]
Event: 1.951 Thread 0x000002d21a95c800 Exception <a 'java/lang/NoSuchMethodError'{0x000000008721e720}: 'java.lang.Object java.lang.invoke.DirectMethodHandle$Holder.invokeStatic(java.lang.Object, java.lang.Object, java.lang.Object, java.lang.Object, java.lang.Object, java.lang.Object, java.lang.Object, java.lang.Object, java.lang.Object, java.lang.Object, java.lang.Object, java.lang.Object, java.lang.Object, java.lang.Object, java.lang.Object)'> (0x000000008721e720) thrown at [./src/hotspot/share/interpreter/linkResolver.cpp, line 773]
Event: 1.953 Thread 0x000002d21a95c800 Exception <a 'java/lang/NoSuchMethodError'{0x000000008722c728}: 'java.lang.Object java.lang.invoke.DirectMethodHandle$Holder.invokeStatic(java.lang.Object, java.lang.Object, java.lang.Object, java.lang.Object, java.lang.Object, java.lang.Object, java.lang.Object, java.lang.Object, java.lang.Object, java.lang.Object, java.lang.Object, java.lang.Object, java.lang.Object, java.lang.Object, java.lang.Object, java.lang.Object)'> (0x000000008722c728) thrown at [./src/hotspot/share/interpreter/linkResolver.cpp, l
Event: 1.955 Thread 0x000002d21a95c800 Exception <a 'java/lang/NoSuchMethodError'{0x000000008723a640}: 'java.lang.Object java.lang.invoke.DirectMethodHandle$Holder.invokeSpecial(java.lang.Object, java.lang.Object, int, int, java.lang.Object, java.lang.Object, java.lang.Object)'> (0x000000008723a640) thrown at [./src/hotspot/share/interpreter/linkResolver.cpp, line 773]
Event: 1.955 Thread 0x000002d21a95c800 Exception <a 'java/lang/NoSuchMethodError'{0x000000008723de78}: 'java.lang.Object java.lang.invoke.DelegatingMethodHandle$Holder.reinvoke_L(java.lang.Object, int, int, java.lang.Object, java.lang.Object, java.lang.Object)'> (0x000000008723de78) thrown at [./src/hotspot/share/interpreter/linkResolver.cpp, line 773]
Event: 1.956 Thread 0x000002d21a95c800 Exception <a 'java/lang/NoSuchMethodError'{0x0000000087242200}: 'java.lang.Object java.lang.invoke.DirectMethodHandle$Holder.invokeStatic(java.lang.Object, java.lang.Object, java.lang.Object, java.lang.Object, int)'> (0x0000000087242200) thrown at [./src/hotspot/share/interpreter/linkResolver.cpp, line 773]
Event: 2.016 Thread 0x000002d21a95c800 Exception <a 'sun/nio/fs/WindowsException'{0x0000000087184088}> (0x0000000087184088) thrown at [./src/hotspot/share/prims/jni.cpp, line 615]
Event: 2.016 Thread 0x000002d21a95c800 Exception <a 'sun/nio/fs/WindowsException'{0x0000000087184900}> (0x0000000087184900) thrown at [./src/hotspot/share/prims/jni.cpp, line 615]
Event: 2.016 Thread 0x000002d21a95c800 Exception <a 'sun/nio/fs/WindowsException'{0x0000000087185188}> (0x0000000087185188) thrown at [./src/hotspot/share/prims/jni.cpp, line 615]
Event: 2.016 Thread 0x000002d21a95c800 Exception <a 'sun/nio/fs/WindowsException'{0x0000000087185b80}> (0x0000000087185b80) thrown at [./src/hotspot/share/prims/jni.cpp, line 615]
Event: 2.017 Thread 0x000002d21a95c800 Exception <a 'sun/nio/fs/WindowsException'{0x0000000087186488}> (0x0000000087186488) thrown at [./src/hotspot/share/prims/jni.cpp, line 615]
Event: 2.017 Thread 0x000002d21a95c800 Exception <a 'sun/nio/fs/WindowsException'{0x0000000087186dc0}> (0x0000000087186dc0) thrown at [./src/hotspot/share/prims/jni.cpp, line 615]
Event: 2.019 Thread 0x000002d21a95c800 Exception <a 'java/lang/NoSuchMethodError'{0x000000008718d5d0}: 'void java.lang.invoke.DirectMethodHandle$Holder.invokeStatic(java.lang.Object, java.lang.Object, java.lang.Object, java.lang.Object)'> (0x000000008718d5d0) thrown at [./src/hotspot/share/interpreter/linkResolver.cpp, line 773]
Event: 2.104 Thread 0x000002d21a95c800 Exception <a 'java/lang/NoSuchMethodError'{0x0000000086d690e8}: 'void java.lang.invoke.DirectMethodHandle$Holder.invokeStaticInit(java.lang.Object, java.lang.Object)'> (0x0000000086d690e8) thrown at [./src/hotspot/share/interpreter/linkResolver.cpp, line 773]
Event: 2.218 Thread 0x000002d21a95c800 Exception <a 'java/lang/NoSuchMethodError'{0x0000000086862fc0}: 'void java.lang.invoke.DirectMethodHandle$Holder.invokeVirtual(java.lang.Object, java.lang.Object)'> (0x0000000086862fc0) thrown at [./src/hotspot/share/interpreter/linkResolver.cpp, line 773]
Event: 2.228 Thread 0x000002d21a95c800 Exception <a 'java/lang/NoSuchMethodError'{0x00000000868d81c8}: 'int java.lang.invoke.DirectMethodHandle$Holder.invokeVirtual(java.lang.Object, java.lang.Object)'> (0x00000000868d81c8) thrown at [./src/hotspot/share/interpreter/linkResolver.cpp, line 773]
Event: 3.222 Thread 0x000002d21a95c800 Exception <a 'java/lang/NoSuchMethodError'{0x0000000087f30d48}: 'java.lang.Object java.lang.invoke.DirectMethodHandle$Holder.invokeVirtual(java.lang.Object, java.lang.Object, java.lang.Object)'> (0x0000000087f30d48) thrown at [./src/hotspot/share/interpreter/linkResolver.cpp, line 773]
Event: 4.022 Thread 0x000002d21a95c800 Exception <a 'java/lang/NoSuchMethodError'{0x00000000853ebfa8}: 'java.lang.Object java.lang.invoke.Invokers$Holder.linkToTargetMethod(java.lang.Object, int, java.lang.Object)'> (0x00000000853ebfa8) thrown at [./src/hotspot/share/interpreter/linkResolver.cpp, line 773]
Event: 4.049 Thread 0x000002d21a95c800 Implicit null exception at 0x000002d22789b7f0 to 0x000002d22789b8b0

Events (20 events):
Event: 4.413 loading class org/jetbrains/kotlin/metadata/jvm/JvmProtoBuf$JvmMethodSignature$Builder
Event: 4.413 loading class org/jetbrains/kotlin/metadata/jvm/JvmProtoBuf$JvmMethodSignature$Builder done
Event: 4.428 loading class org/jetbrains/kotlin/resolve/jvm/KotlinJavaPsiFacade$3
Event: 4.428 loading class org/jetbrains/kotlin/resolve/jvm/KotlinJavaPsiFacade$3 done
Event: 4.428 loading class org/jetbrains/kotlin/resolve/lazy/declarations/AbstractPsiBasedDeclarationProvider$Index
Event: 4.428 loading class org/jetbrains/kotlin/resolve/lazy/declarations/AbstractPsiBasedDeclarationProvider$Index done
Event: 4.429 loading class org/jetbrains/kotlin/com/google/common/collect/ArrayListMultimap
Event: 4.429 loading class org/jetbrains/kotlin/com/google/common/collect/ArrayListMultimap done
Event: 4.430 loading class org/jetbrains/kotlin/com/google/common/collect/ArrayListMultimapGwtSerializationDependencies
Event: 4.430 loading class org/jetbrains/kotlin/com/google/common/collect/ArrayListMultimapGwtSerializationDependencies done
Event: 4.430 loading class org/jetbrains/kotlin/com/google/common/collect/AbstractListMultimap
Event: 4.430 loading class org/jetbrains/kotlin/com/google/common/collect/AbstractListMultimap done
Event: 4.430 loading class org/jetbrains/kotlin/com/google/common/collect/ListMultimap
Event: 4.430 loading class org/jetbrains/kotlin/com/google/common/collect/ListMultimap done
Event: 4.431 loading class org/jetbrains/kotlin/com/google/common/collect/AbstractMapBasedMultimap$WrappedCollection$WrappedIterator
Event: 4.431 loading class org/jetbrains/kotlin/com/google/common/collect/AbstractMapBasedMultimap$WrappedCollection$WrappedIterator done
Event: 4.431 loading class org/jetbrains/kotlin/com/google/common/collect/LinkedHashMultimap$ValueSet$1
Event: 4.431 loading class org/jetbrains/kotlin/com/google/common/collect/LinkedHashMultimap$ValueSet$1 done
Event: 4.432 loading class org/jetbrains/kotlin/com/intellij/psi/util/PsiTreeUtil
Event: 4.432 loading class org/jetbrains/kotlin/com/intellij/psi/util/PsiTreeUtil done


Dynamic libraries:
0x00007ff70d1b0000 - 0x00007ff70d1ba000 	C:\Program Files\Android\Android Studio\jre\bin\java.exe
0x00007fffe7490000 - 0x00007fffe7688000 	C:\WINDOWS\SYSTEM32\ntdll.dll
0x00007fffe6320000 - 0x00007fffe63dd000 	C:\WINDOWS\System32\KERNEL32.DLL
0x00007fffe51b0000 - 0x00007fffe547e000 	C:\WINDOWS\System32\KERNELBASE.dll
0x00007fffe4d00000 - 0x00007fffe4e00000 	C:\WINDOWS\System32\ucrtbase.dll
0x00007fffbb520000 - 0x00007fffbb537000 	C:\Program Files\Android\Android Studio\jre\bin\VCRUNTIME140.dll
0x00007fffc6840000 - 0x00007fffc6859000 	C:\Program Files\Android\Android Studio\jre\bin\jli.dll
0x00007fffe5a00000 - 0x00007fffe5ba0000 	C:\WINDOWS\System32\USER32.dll
0x00007fffd01c0000 - 0x00007fffd045a000 	C:\WINDOWS\WinSxS\amd64_microsoft.windows.common-controls_6595b64144ccf1df_6.0.19041.1110_none_60b5254171f9507e\COMCTL32.dll
0x00007fffe4ca0000 - 0x00007fffe4cc2000 	C:\WINDOWS\System32\win32u.dll
0x00007fffe5760000 - 0x00007fffe57fe000 	C:\WINDOWS\System32\msvcrt.dll
0x00007fffe6ff0000 - 0x00007fffe701a000 	C:\WINDOWS\System32\GDI32.dll
0x00007fffe4e90000 - 0x00007fffe4f9b000 	C:\WINDOWS\System32\gdi32full.dll
0x00007fffe4c00000 - 0x00007fffe4c9d000 	C:\WINDOWS\System32\msvcp_win.dll
0x00007fffe63e0000 - 0x00007fffe6410000 	C:\WINDOWS\System32\IMM32.DLL
0x00007fffb8b30000 - 0x00007fffb8bcd000 	C:\Program Files\Android\Android Studio\jre\bin\msvcp140.dll
0x00007fffb78a0000 - 0x00007fffb8375000 	C:\Program Files\Android\Android Studio\jre\bin\server\jvm.dll
0x00007fffe6010000 - 0x00007fffe60be000 	C:\WINDOWS\System32\ADVAPI32.dll
0x00007fffe5800000 - 0x00007fffe589c000 	C:\WINDOWS\System32\sechost.dll
0x00007fffe60c0000 - 0x00007fffe61e5000 	C:\WINDOWS\System32\RPCRT4.dll
0x00007fffe56f0000 - 0x00007fffe56f8000 	C:\WINDOWS\System32\PSAPI.DLL
0x00007fffe2380000 - 0x00007fffe2389000 	C:\WINDOWS\SYSTEM32\WSOCK32.dll
0x00007fffd96e0000 - 0x00007fffd9707000 	C:\WINDOWS\SYSTEM32\WINMM.dll
0x00007fffdf910000 - 0x00007fffdf91a000 	C:\WINDOWS\SYSTEM32\VERSION.dll
0x00007fffe55a0000 - 0x00007fffe560b000 	C:\WINDOWS\System32\WS2_32.dll
0x00007fffe2ac0000 - 0x00007fffe2ad2000 	C:\WINDOWS\SYSTEM32\kernel.appcore.dll
0x00007fffe2360000 - 0x00007fffe2371000 	C:\Program Files\Android\Android Studio\jre\bin\verify.dll
0x00007fffd0d90000 - 0x00007fffd0f74000 	C:\WINDOWS\SYSTEM32\DBGHELP.DLL
0x00007fffdedf0000 - 0x00007fffdee1c000 	C:\WINDOWS\SYSTEM32\dbgcore.DLL
0x00007fffe4e00000 - 0x00007fffe4e82000 	C:\WINDOWS\System32\bcryptPrimitives.dll
0x00007fffcd9a0000 - 0x00007fffcd9c9000 	C:\Program Files\Android\Android Studio\jre\bin\java.dll
0x00007fffcedd0000 - 0x00007fffceddb000 	C:\Program Files\Android\Android Studio\jre\bin\jimage.dll
0x00007fffce8f0000 - 0x00007fffce908000 	C:\Program Files\Android\Android Studio\jre\bin\zip.dll
0x00007fffe6530000 - 0x00007fffe6c73000 	C:\WINDOWS\System32\SHELL32.dll
0x00007fffe2cc0000 - 0x00007fffe3455000 	C:\WINDOWS\SYSTEM32\windows.storage.dll
0x00007fffe6c80000 - 0x00007fffe6fd4000 	C:\WINDOWS\System32\combase.dll
0x00007fffe4540000 - 0x00007fffe4570000 	C:\WINDOWS\SYSTEM32\Wldp.dll
0x00007fffe54f0000 - 0x00007fffe559d000 	C:\WINDOWS\System32\SHCORE.dll
0x00007fffe62c0000 - 0x00007fffe6315000 	C:\WINDOWS\System32\shlwapi.dll
0x00007fffe4af0000 - 0x00007fffe4b0f000 	C:\WINDOWS\SYSTEM32\profapi.dll
0x00007fffbc8b0000 - 0x00007fffbc8ca000 	C:\Program Files\Android\Android Studio\jre\bin\net.dll
0x00007fffdecb0000 - 0x00007fffdedba000 	C:\WINDOWS\SYSTEM32\WINHTTP.dll
0x00007fffe42a0000 - 0x00007fffe430a000 	C:\WINDOWS\system32\mswsock.dll
0x00007fffbc890000 - 0x00007fffbc8a4000 	C:\Program Files\Android\Android Studio\jre\bin\nio.dll

dbghelp: loaded successfully - version: 4.0.5 - missing functions: none
symbol engine: initialized successfully - sym options: 0x614 - pdb path: .;C:\Program Files\Android\Android Studio\jre\bin;C:\WINDOWS\SYSTEM32;C:\WINDOWS\WinSxS\amd64_microsoft.windows.common-controls_6595b64144ccf1df_6.0.19041.1110_none_60b5254171f9507e;C:\Program Files\Android\Android Studio\jre\bin\server

VM Arguments:
java_command: org.jetbrains.kotlin.cli.jvm.K2JVMCompiler @C:\Users\David\AndroidStudioProjects\BlueTV\app\build\20220928_11736831997802008469.compiler.options
java_class_path (initial): C:\Users\David\.gradle\caches\modules-2\files-2.1\org.jetbrains.kotlin\kotlin-compiler-embeddable\1.6.21\97bdd5a752ce73b58ef16c17bc7f0ea2faff7a2e\kotlin-compiler-embeddable-1.6.21.jar;C:\Users\David\.gradle\caches\modules-2\files-2.1\org.jetbrains.kotlin\kotlin-reflect\1.6.21\5dc3574d9b7bebfcb4ec6b10ada4aaa9e140bd0b\kotlin-reflect-1.6.21.jar;C:\Users\David\.gradle\caches\modules-2\files-2.1\org.jetbrains.kotlin\kotlin-stdlib\1.6.21\11ef67f1900634fd951bad28c53ec957fabbe5b8\kotlin-stdlib-1.6.21.jar;C:\Users\David\.gradle\caches\modules-2\files-2.1\org.jetbrains.kotlin\kotlin-script-runtime\1.6.21\99c6675100da5d6d5b1c5a1032f27f28008d101b\kotlin-script-runtime-1.6.21.jar;C:\Users\David\.gradle\caches\modules-2\files-2.1\org.jetbrains.kotlin\kotlin-daemon-embeddable\1.6.21\46b78cf392e1c4f10854c3cadba44abb7b82250f\kotlin-daemon-embeddable-1.6.21.jar;C:\Users\David\.gradle\caches\modules-2\files-2.1\org.jetbrains.intellij.deps\trove4j\1.0.20200330\3afb14d5f9ceb459d724e907a21145e8ff394f02\trove4j-1.0.20200330.jar;C:\Users\David\.gradle\caches\modules-2\files-2.1\net.java.dev.jna\jna\5.6.0\330f2244e9030119ab3030fc3fededc86713d9cc\jna-5.6.0.jar;C:\Users\David\.gradle\caches\modules-2\files-2.1\org.jetbrains.kotlin\kotlin-stdlib-common\1.6.21\5e5b55c26dbc80372a920aef60eb774b714559b8\kotlin-stdlib-common-1.6.21.jar;C:\Users\David\.gradle\caches\modules-2\files-2.1\org.jetbrains\annotations\13.0\919f0dfe192fb4e063e7dacadee7f8bb9a2672a9\annotations-13.0.jar
Launcher Type: SUN_STANDARD

[Global flags]
     intx CICompilerCount                          = 4                                         {product} {ergonomic}
     uint ConcGCThreads                            = 2                                         {product} {ergonomic}
     uint G1ConcRefinementThreads                  = 8                                         {product} {ergonomic}
   size_t G1HeapRegionSize                         = 1048576                                   {product} {ergonomic}
    uintx GCDrainStackTargetSize                   = 64                                        {product} {ergonomic}
   size_t InitialHeapSize                          = 134217728                                 {product} {ergonomic}
   size_t MarkStackSize                            = 4194304                                   {product} {ergonomic}
   size_t MaxHeapSize                              = 2143289344                                {product} {ergonomic}
   size_t MaxNewSize                               = 1285554176                                {product} {ergonomic}
   size_t MinHeapDeltaBytes                        = 1048576                                   {product} {ergonomic}
    uintx NonNMethodCodeHeapSize                   = 5836300                                {pd product} {ergonomic}
    uintx NonProfiledCodeHeapSize                  = 122910970                              {pd product} {ergonomic}
    uintx ProfiledCodeHeapSize                     = 122910970                              {pd product} {ergonomic}
    uintx ReservedCodeCacheSize                    = 251658240                              {pd product} {ergonomic}
     bool SegmentedCodeCache                       = true                                      {product} {ergonomic}
     bool UseCompressedClassPointers               = true                                 {lp64_product} {ergonomic}
     bool UseCompressedOops                        = true                                 {lp64_product} {ergonomic}
     bool UseG1GC                                  = true                                      {product} {ergonomic}
     bool UseLargePagesIndividualAllocation        = false                                  {pd product} {ergonomic}

Logging:
Log output configuration:
 #0: stdout all=warning uptime,level,tags
 #1: stderr all=off uptime,level,tags

Environment Variables:
PATH=C:\WINDOWS\system32;C:\WINDOWS;C:\WINDOWS\System32\Wbem;C:\WINDOWS\System32\WindowsPowerShell\v1.0\;C:\WINDOWS\System32\OpenSSH\;C:\Program Files\dotnet\;C:\Program Files\Git\cmd;C:\Program Files\nodejs\;C:\Users\David\AppData\Local\Microsoft\WindowsApps;C:\Users\JULIETH\AppData\Local\GitHubDesktop\bin;C:\Users\JULIETH\AppData\Local\Programs\Microsoft VS Code\bin;C:\Users\JULIETH\AppData\Roaming\npm
USERNAME=JULIETH
OS=Windows_NT
PROCESSOR_IDENTIFIER=AMD64 Family 21 Model 2 Stepping 0, AuthenticAMD



---------------  S Y S T E M  ---------------

OS: Windows 10 , 64 bit Build 19041 (10.0.19041.1889)
OS uptime: 0 days 0:22 hours

CPU:total 8 (initial active 8) (8 cores per cpu, 1 threads per core) family 21 model 2 stepping 0 microcode 0x0, cmov, cx8, fxsr, mmx, sse, sse2, sse3, ssse3, sse4.1, sse4.2, popcnt, avx, aes, clmul, mmxext, 3dnowpref, lzcnt, sse4a, tsc, tscinvbit, tscinv, bmi1, fma

Memory: 4k page, system-wide physical 8168M (1097M free)
TotalPageFile size 8184M (AvailPageFile size 6M)
current process WorkingSet (physical memory assigned to process): 238M, peak: 238M
current process commit charge ("private bytes"): 340M, peak: 341M

vm_info: OpenJDK 64-Bit Server VM (11.0.11+9-b60-7590822) for windows-amd64 JRE (11.0.11+9-b60-7590822), built on Jul 29 2021 21:43:44 by "builder" with MS VC++ 14.0 (VS2015)

END.
