#
# There is insufficient memory for the Java Runtime Environment to continue.
# Native memory allocation (mmap) failed to map 32505856 bytes for Failed to commit area from 0x0000000089a00000 to 0x000000008b900000 of length 32505856.
# Possible reasons:
#   The system is out of physical RAM or swap space
#   The process is running with CompressedOops enabled, and the Java Heap may be blocking the growth of the native heap
# Possible solutions:
#   Reduce memory load on the system
#   Increase physical memory or swap space
#   Check if swap backing store is full
#   Decrease Java heap size (-Xmx/-Xms)
#   Decrease number of Java threads
#   Decrease Java thread stack sizes (-Xss)
#   Set larger code cache with -XX:ReservedCodeCacheSize=
#   JVM is running with Unscaled Compressed Oops mode in which the Java heap is
#     placed in the first 4GB address space. The Java Heap base address is the
#     maximum limit for the native heap growth. Please use -XX:HeapBaseMinAddress
#     to set the Java Heap base and to place the Java Heap above 4GB virtual address.
# This output file may be truncated or incomplete.
#
#  Out of Memory Error (./src/hotspot/os/windows/os_windows.cpp:3301), pid=9028, tid=2640
#
# JRE version: OpenJDK Runtime Environment (11.0.11+9) (build 11.0.11+9-b60-7590822)
# Java VM: OpenJDK 64-Bit Server VM (11.0.11+9-b60-7590822, mixed mode, tiered, compressed oops, g1 gc, windows-amd64)
# No core dump will be written. Minidumps are not enabled by default on client versions of Windows
#

---------------  S U M M A R Y ------------

Command Line: --add-opens=java.base/java.util=ALL-UNNAMED --add-opens=java.base/java.lang=ALL-UNNAMED --add-opens=java.base/java.lang.invoke=ALL-UNNAMED --add-opens=java.base/java.util=ALL-UNNAMED --add-opens=java.prefs/java.util.prefs=ALL-UNNAMED --add-opens=java.prefs/java.util.prefs=ALL-UNNAMED --add-opens=java.base/java.nio.charset=ALL-UNNAMED --add-opens=java.base/java.net=ALL-UNNAMED --add-opens=java.base/java.util.concurrent.atomic=ALL-UNNAMED -Xmx2048m -Dfile.encoding=UTF-8 -Duser.country=CO -Duser.language=es -Duser.variant org.gradle.launcher.daemon.bootstrap.GradleDaemon 7.2

Host: AMD FX-8320E Eight-Core Processor              , 8 cores, 7G,  Windows 10 , 64 bit Build 19041 (10.0.19041.1889)
Time: Sat Sep 10 09:33:03 2022 Hora est. Pacífico, Sudamérica elapsed time: 10.248334 seconds (0d 0h 0m 10s)

---------------  T H R E A D  ---------------

Current thread (0x00000277509ad000):  VMThread "VM Thread" [stack: 0x0000007dfdf00000,0x0000007dfe000000] [id=2640]

Stack: [0x0000007dfdf00000,0x0000007dfe000000]
[error occurred during error reporting (printing stack bounds), id 0xc0000005, EXCEPTION_ACCESS_VIOLATION (0xc0000005) at pc=0x0000027739870f2d]

Native frames: (J=compiled Java code, j=interpreted, Vv=VM code, C=native code)
V  [jvm.dll+0x5f214a]
V  [jvm.dll+0x726fb5]
V  [jvm.dll+0x7285cd]
V  [jvm.dll+0x728be5]
V  [jvm.dll+0x728b9b]
V  [jvm.dll+0x5f14e8]
V  [jvm.dll+0x5f1c78]
C  [ntdll.dll+0xa229f]
C  [ntdll.dll+0x51454]
C  [ntdll.dll+0xa0dce]
C  0x0000027739870f2d

VM_Operation (0x0000007dff2f5d50): G1CollectForAllocation, mode: safepoint, requested by thread 0x0000027752c96800


---------------  P R O C E S S  ---------------

Threads class SMR info:
_java_thread_list=0x000002775701f1c0, length=121, elements={
0x000002773453a800, 0x00000277509b1800, 0x00000277509b3000, 0x0000027751355800,
0x0000027751356800, 0x0000027751358800, 0x000002775135e800, 0x00000277509d9800,
0x00000277509db000, 0x00000277514aa800, 0x0000027752b34800, 0x00000277515a4800,
0x0000027752eb8800, 0x000002775345d000, 0x0000027751ff5800, 0x0000027752bc8800,
0x0000027752c96800, 0x00000277535dc800, 0x0000027753547800, 0x0000027752d93800,
0x0000027752d95000, 0x0000027752d99000, 0x0000027752d9a000, 0x0000027752d94800,
0x0000027752d97800, 0x0000027752d96000, 0x0000027752d98800, 0x0000027752d97000,
0x00000277539b0000, 0x00000277539b2800, 0x00000277539b1000, 0x00000277539b4000,
0x00000277539b5000, 0x00000277539b1800, 0x00000277539b3800, 0x00000277539af800,
0x00000277539b8800, 0x00000277539bb800, 0x00000277539ba800, 0x00000277539b6000,
0x00000277539ba000, 0x00000277539bc800, 0x00000277539bd000, 0x00000277539b7800,
0x00000277539be000, 0x00000277571cd000, 0x00000277571ce000, 0x00000277571cb800,
0x00000277571c8800, 0x00000277571cc800, 0x00000277571cf000, 0x00000277571c9000,
0x00000277571cf800, 0x00000277571ca000, 0x00000277571d0800, 0x00000277571ca800,
0x00000277571d3000, 0x00000277571d2000, 0x00000277571d7000, 0x00000277571d3800,
0x00000277571d1800, 0x00000277571d4800, 0x00000277571d5800, 0x00000277571d6000,
0x0000027756f8b000, 0x0000027756f88000, 0x0000027756f87000, 0x0000027756f89800,
0x0000027756f88800, 0x0000027756f86000, 0x0000027756f8a000, 0x0000027756f85800,
0x0000027756f90000, 0x0000027756f91000, 0x0000027756f8d800, 0x0000027756f8f000,
0x0000027756f8c000, 0x0000027756f8e800, 0x0000027756f91800, 0x0000027756f92800,
0x0000027756f8c800, 0x0000027756f93000, 0x0000027756f94000, 0x00000277558e4000,
0x00000277558e3800, 0x00000277558e5000, 0x00000277558e5800, 0x00000277558e2800,
0x00000277558e0000, 0x00000277558e6800, 0x00000277558e1000, 0x00000277558e7800,
0x00000277558e1800, 0x00000277558ea800, 0x00000277558e8000, 0x00000277558ea000,
0x00000277558ee800, 0x00000277558eb800, 0x00000277558e9000, 0x00000277558ec000,
0x00000277558ed000, 0x00000277558ee000, 0x0000027755915800, 0x0000027755916800,
0x0000027755913800, 0x0000027755919000, 0x0000027755917800, 0x0000027755918000,
0x0000027755915000, 0x000002775591a000, 0x0000027755914000, 0x000002775591f800,
0x000002775591d000, 0x0000027755920800, 0x000002775591b800, 0x000002775591e000,
0x000002775591a800, 0x0000027755922000, 0x000002775591c800, 0x000002775591e800,
0x0000027755921000
}

Java Threads: ( => current thread )
  0x000002773453a800 JavaThread "main" [_thread_blocked, id=12940, stack(0x0000007dfd900000,0x0000007dfda00000)]
  0x00000277509b1800 JavaThread "Reference Handler" daemon [_thread_blocked, id=6944, stack(0x0000007dfe000000,0x0000007dfe100000)]
  0x00000277509b3000 JavaThread "Finalizer" daemon [_thread_blocked, id=2628, stack(0x0000007dfe100000,0x0000007dfe200000)]
  0x0000027751355800 JavaThread "Signal Dispatcher" daemon [_thread_blocked, id=1212, stack(0x0000007dfe200000,0x0000007dfe300000)]
  0x0000027751356800 JavaThread "Attach Listener" daemon [_thread_blocked, id=3624, stack(0x0000007dfe300000,0x0000007dfe400000)]
  0x0000027751358800 JavaThread "Service Thread" daemon [_thread_blocked, id=8948, stack(0x0000007dfe400000,0x0000007dfe500000)]
  0x000002775135e800 JavaThread "C2 CompilerThread0" daemon [_thread_blocked, id=14156, stack(0x0000007dfe500000,0x0000007dfe600000)]
  0x00000277509d9800 JavaThread "C1 CompilerThread0" daemon [_thread_blocked, id=1044, stack(0x0000007dfe600000,0x0000007dfe700000)]
  0x00000277509db000 JavaThread "Sweeper thread" daemon [_thread_blocked, id=10264, stack(0x0000007dfe700000,0x0000007dfe800000)]
  0x00000277514aa800 JavaThread "Common-Cleaner" daemon [_thread_blocked, id=8532, stack(0x0000007dfe800000,0x0000007dfe900000)]
  0x0000027752b34800 JavaThread "Daemon health stats" [_thread_blocked, id=4580, stack(0x0000007dfed00000,0x0000007dfee00000)]
  0x00000277515a4800 JavaThread "Incoming local TCP Connector on port 50772" [_thread_in_native, id=10808, stack(0x0000007dfec00000,0x0000007dfed00000)]
  0x0000027752eb8800 JavaThread "Daemon periodic checks" [_thread_blocked, id=13100, stack(0x0000007dfee00000,0x0000007dfef00000)]
  0x000002775345d000 JavaThread "Daemon" [_thread_blocked, id=3692, stack(0x0000007dfef00000,0x0000007dff000000)]
  0x0000027751ff5800 JavaThread "Handler for socket connection from /127.0.0.1:50772 to /127.0.0.1:50773" [_thread_in_native, id=8292, stack(0x0000007dff000000,0x0000007dff100000)]
  0x0000027752bc8800 JavaThread "Cancel handler" [_thread_blocked, id=13024, stack(0x0000007dff100000,0x0000007dff200000)]
  0x0000027752c96800 JavaThread "Daemon worker" [_thread_blocked, id=13708, stack(0x0000007dff200000,0x0000007dff300000)]
  0x00000277535dc800 JavaThread "Asynchronous log dispatcher for DefaultDaemonConnection: socket connection from /127.0.0.1:50772 to /127.0.0.1:50773" [_thread_blocked, id=7400, stack(0x0000007dff300000,0x0000007dff400000)]
  0x0000027753547800 JavaThread "Stdin handler" [_thread_blocked, id=12656, stack(0x0000007dff400000,0x0000007dff500000)]
  0x0000027752d93800 JavaThread "Daemon client event forwarder" [_thread_blocked, id=6080, stack(0x0000007dff500000,0x0000007dff600000)]
  0x0000027752d95000 JavaThread "Cache worker for journal cache (C:\Users\JULIETH\.gradle\caches\journal-1)" [_thread_blocked, id=3676, stack(0x0000007dffb00000,0x0000007dffc00000)]
  0x0000027752d99000 JavaThread "File lock request listener" [_thread_in_native, id=8148, stack(0x0000007dffc00000,0x0000007dffd00000)]
  0x0000027752d9a000 JavaThread "Cache worker for file hash cache (C:\Users\JULIETH\.gradle\caches\7.2\fileHashes)" [_thread_blocked, id=9664, stack(0x0000007dffe00000,0x0000007dfff00000)]
  0x0000027752d94800 JavaThread "Cache worker for file hash cache (C:\Users\JULIETH\AndroidStudioProjects\BlueTV\.gradle\7.2\fileHashes)" [_thread_blocked, id=10644, stack(0x0000007d80000000,0x0000007d80100000)]
  0x0000027752d97800 JavaThread "File watcher server" daemon [_thread_in_native, id=13932, stack(0x0000007d80100000,0x0000007d80200000)]
  0x0000027752d96000 JavaThread "File watcher consumer" daemon [_thread_blocked, id=8732, stack(0x0000007d80200000,0x0000007d80300000)]
  0x0000027752d98800 JavaThread "jar transforms" [_thread_blocked, id=8504, stack(0x0000007d80300000,0x0000007d80400000)]
  0x0000027752d97000 JavaThread "jar transforms Thread 2" [_thread_blocked, id=3968, stack(0x0000007d80400000,0x0000007d80500000)]
  0x00000277539b0000 JavaThread "jar transforms Thread 3" [_thread_blocked, id=5068, stack(0x0000007d80500000,0x0000007d80600000)]
  0x00000277539b2800 JavaThread "jar transforms Thread 4" [_thread_blocked, id=6904, stack(0x0000007d80600000,0x0000007d80700000)]
  0x00000277539b1000 JavaThread "jar transforms Thread 5" [_thread_blocked, id=7836, stack(0x0000007d80700000,0x0000007d80800000)]
  0x00000277539b4000 JavaThread "jar transforms Thread 6" [_thread_blocked, id=11908, stack(0x0000007d80800000,0x0000007d80900000)]
  0x00000277539b5000 JavaThread "jar transforms Thread 7" [_thread_blocked, id=1376, stack(0x0000007d80900000,0x0000007d80a00000)]
  0x00000277539b1800 JavaThread "jar transforms Thread 8" [_thread_blocked, id=4256, stack(0x0000007d80a00000,0x0000007d80b00000)]
  0x00000277539b3800 JavaThread "Cache worker for checksums cache (C:\Users\JULIETH\AndroidStudioProjects\BlueTV\.gradle\checksums)" [_thread_blocked, id=11996, stack(0x0000007d80b00000,0x0000007d80c00000)]
  0x00000277539af800 JavaThread "Cache worker for cache directory md-supplier (C:\Users\JULIETH\.gradle\caches\7.2\md-supplier)" [_thread_blocked, id=6572, stack(0x0000007d80c00000,0x0000007d80d00000)]
  0x00000277539b8800 JavaThread "Cache worker for cache directory md-rule (C:\Users\JULIETH\.gradle\caches\7.2\md-rule)" [_thread_blocked, id=9096, stack(0x0000007d80e00000,0x0000007d80f00000)]
  0x00000277539bb800 JavaThread "Cache worker for execution history cache (C:\Users\JULIETH\.gradle\caches\7.2\executionHistory)" [_thread_blocked, id=6272, stack(0x0000007d80f00000,0x0000007d81000000)]
  0x00000277539ba800 JavaThread "Cache worker for file content cache (C:\Users\JULIETH\.gradle\caches\7.2\fileContent)" [_thread_blocked, id=8612, stack(0x0000007d81000000,0x0000007d81100000)]
  0x00000277539b6000 JavaThread "Cache worker for dependencies-accessors (C:\Users\JULIETH\AndroidStudioProjects\BlueTV\.gradle\7.2\dependencies-accessors)" [_thread_blocked, id=1016, stack(0x0000007d81100000,0x0000007d81200000)]
  0x00000277539ba000 JavaThread "Cache worker for Build Output Cleanup Cache (C:\Users\JULIETH\AndroidStudioProjects\BlueTV\.gradle\buildOutputCleanup)" [_thread_blocked, id=1916, stack(0x0000007d81200000,0x0000007d81300000)]
  0x00000277539bc800 JavaThread "Unconstrained build operations" [_thread_blocked, id=4412, stack(0x0000007d81300000,0x0000007d81400000)]
  0x00000277539bd000 JavaThread "Unconstrained build operations Thread 2" [_thread_blocked, id=3380, stack(0x0000007d81400000,0x0000007d81500000)]
  0x00000277539b7800 JavaThread "Unconstrained build operations Thread 3" [_thread_blocked, id=1884, stack(0x0000007d81500000,0x0000007d81600000)]
  0x00000277539be000 JavaThread "Unconstrained build operations Thread 4" [_thread_blocked, id=5096, stack(0x0000007d81600000,0x0000007d81700000)]
  0x00000277571cd000 JavaThread "Unconstrained build operations Thread 5" [_thread_blocked, id=11092, stack(0x0000007d81700000,0x0000007d81800000)]
  0x00000277571ce000 JavaThread "Unconstrained build operations Thread 6" [_thread_blocked, id=12004, stack(0x0000007d81800000,0x0000007d81900000)]
  0x00000277571cb800 JavaThread "Unconstrained build operations Thread 7" [_thread_blocked, id=9732, stack(0x0000007d81900000,0x0000007d81a00000)]
  0x00000277571c8800 JavaThread "Unconstrained build operations Thread 8" [_thread_blocked, id=4112, stack(0x0000007d81a00000,0x0000007d81b00000)]
  0x00000277571cc800 JavaThread "Unconstrained build operations Thread 9" [_thread_blocked, id=13520, stack(0x0000007d81b00000,0x0000007d81c00000)]
  0x00000277571cf000 JavaThread "Unconstrained build operations Thread 10" [_thread_blocked, id=7516, stack(0x0000007d81c00000,0x0000007d81d00000)]
  0x00000277571c9000 JavaThread "Unconstrained build operations Thread 11" [_thread_blocked, id=7876, stack(0x0000007d81d00000,0x0000007d81e00000)]
  0x00000277571cf800 JavaThread "Unconstrained build operations Thread 12" [_thread_blocked, id=12744, stack(0x0000007d81e00000,0x0000007d81f00000)]
  0x00000277571ca000 JavaThread "Unconstrained build operations Thread 13" [_thread_blocked, id=13616, stack(0x0000007d81f00000,0x0000007d82000000)]
  0x00000277571d0800 JavaThread "Unconstrained build operations Thread 14" [_thread_blocked, id=12404, stack(0x0000007d82000000,0x0000007d82100000)]
  0x00000277571ca800 JavaThread "Unconstrained build operations Thread 15" [_thread_blocked, id=10352, stack(0x0000007d82100000,0x0000007d82200000)]
  0x00000277571d3000 JavaThread "Unconstrained build operations Thread 16" [_thread_blocked, id=5208, stack(0x0000007d82200000,0x0000007d82300000)]
  0x00000277571d2000 JavaThread "Unconstrained build operations Thread 17" [_thread_blocked, id=11912, stack(0x0000007d82300000,0x0000007d82400000)]
  0x00000277571d7000 JavaThread "Unconstrained build operations Thread 18" [_thread_blocked, id=14136, stack(0x0000007d82400000,0x0000007d82500000)]
  0x00000277571d3800 JavaThread "Unconstrained build operations Thread 19" [_thread_blocked, id=13888, stack(0x0000007d82500000,0x0000007d82600000)]
  0x00000277571d1800 JavaThread "Unconstrained build operations Thread 20" [_thread_blocked, id=14088, stack(0x0000007d82600000,0x0000007d82700000)]
  0x00000277571d4800 JavaThread "Unconstrained build operations Thread 21" [_thread_blocked, id=3288, stack(0x0000007d82700000,0x0000007d82800000)]
  0x00000277571d5800 JavaThread "Unconstrained build operations Thread 22" [_thread_blocked, id=5708, stack(0x0000007d82800000,0x0000007d82900000)]
  0x00000277571d6000 JavaThread "Unconstrained build operations Thread 23" [_thread_blocked, id=7896, stack(0x0000007d82900000,0x0000007d82a00000)]
  0x0000027756f8b000 JavaThread "Unconstrained build operations Thread 24" [_thread_blocked, id=8768, stack(0x0000007d82a00000,0x0000007d82b00000)]
  0x0000027756f88000 JavaThread "Unconstrained build operations Thread 25" [_thread_blocked, id=5836, stack(0x0000007d82b00000,0x0000007d82c00000)]
  0x0000027756f87000 JavaThread "Unconstrained build operations Thread 26" [_thread_blocked, id=13716, stack(0x0000007d82c00000,0x0000007d82d00000)]
  0x0000027756f89800 JavaThread "Unconstrained build operations Thread 27" [_thread_blocked, id=9064, stack(0x0000007d82d00000,0x0000007d82e00000)]
  0x0000027756f88800 JavaThread "Unconstrained build operations Thread 28" [_thread_blocked, id=14288, stack(0x0000007d82e00000,0x0000007d82f00000)]
  0x0000027756f86000 JavaThread "Unconstrained build operations Thread 29" [_thread_blocked, id=8184, stack(0x0000007d82f00000,0x0000007d83000000)]
  0x0000027756f8a000 JavaThread "Unconstrained build operations Thread 30" [_thread_blocked, id=5424, stack(0x0000007d83000000,0x0000007d83100000)]
  0x0000027756f85800 JavaThread "Unconstrained build operations Thread 31" [_thread_blocked, id=4360, stack(0x0000007d83100000,0x0000007d83200000)]
  0x0000027756f90000 JavaThread "Unconstrained build operations Thread 32" [_thread_blocked, id=13588, stack(0x0000007d83200000,0x0000007d83300000)]
  0x0000027756f91000 JavaThread "Unconstrained build operations Thread 33" [_thread_blocked, id=10280, stack(0x0000007d83300000,0x0000007d83400000)]
  0x0000027756f8d800 JavaThread "Unconstrained build operations Thread 34" [_thread_blocked, id=8472, stack(0x0000007d83400000,0x0000007d83500000)]
  0x0000027756f8f000 JavaThread "Unconstrained build operations Thread 35" [_thread_blocked, id=5564, stack(0x0000007d83500000,0x0000007d83600000)]
  0x0000027756f8c000 JavaThread "Unconstrained build operations Thread 36" [_thread_blocked, id=7552, stack(0x0000007d83600000,0x0000007d83700000)]
  0x0000027756f8e800 JavaThread "Unconstrained build operations Thread 37" [_thread_blocked, id=12764, stack(0x0000007d83700000,0x0000007d83800000)]
  0x0000027756f91800 JavaThread "Unconstrained build operations Thread 38" [_thread_blocked, id=7348, stack(0x0000007d83800000,0x0000007d83900000)]
  0x0000027756f92800 JavaThread "Unconstrained build operations Thread 39" [_thread_blocked, id=6644, stack(0x0000007d83900000,0x0000007d83a00000)]
  0x0000027756f8c800 JavaThread "Unconstrained build operations Thread 40" [_thread_blocked, id=7504, stack(0x0000007d83a00000,0x0000007d83b00000)]
  0x0000027756f93000 JavaThread "Unconstrained build operations Thread 41" [_thread_blocked, id=11880, stack(0x0000007d83b00000,0x0000007d83c00000)]
  0x0000027756f94000 JavaThread "Unconstrained build operations Thread 42" [_thread_blocked, id=5684, stack(0x0000007d83c00000,0x0000007d83d00000)]
  0x00000277558e4000 JavaThread "Unconstrained build operations Thread 43" [_thread_blocked, id=9056, stack(0x0000007d83d00000,0x0000007d83e00000)]
  0x00000277558e3800 JavaThread "Unconstrained build operations Thread 44" [_thread_blocked, id=5312, stack(0x0000007d83e00000,0x0000007d83f00000)]
  0x00000277558e5000 JavaThread "Unconstrained build operations Thread 45" [_thread_blocked, id=6356, stack(0x0000007d83f00000,0x0000007d84000000)]
  0x00000277558e5800 JavaThread "Unconstrained build operations Thread 46" [_thread_blocked, id=8728, stack(0x0000007d84000000,0x0000007d84100000)]
  0x00000277558e2800 JavaThread "Unconstrained build operations Thread 47" [_thread_blocked, id=9864, stack(0x0000007d84100000,0x0000007d84200000)]
  0x00000277558e0000 JavaThread "Unconstrained build operations Thread 48" [_thread_blocked, id=8772, stack(0x0000007d84200000,0x0000007d84300000)]
  0x00000277558e6800 JavaThread "Unconstrained build operations Thread 49" [_thread_blocked, id=9120, stack(0x0000007d84300000,0x0000007d84400000)]
  0x00000277558e1000 JavaThread "Unconstrained build operations Thread 50" [_thread_blocked, id=2012, stack(0x0000007d84400000,0x0000007d84500000)]
  0x00000277558e7800 JavaThread "Unconstrained build operations Thread 51" [_thread_blocked, id=8520, stack(0x0000007d84500000,0x0000007d84600000)]
  0x00000277558e1800 JavaThread "Unconstrained build operations Thread 52" [_thread_blocked, id=2704, stack(0x0000007d84600000,0x0000007d84700000)]
  0x00000277558ea800 JavaThread "Unconstrained build operations Thread 53" [_thread_blocked, id=5004, stack(0x0000007d84700000,0x0000007d84800000)]
  0x00000277558e8000 JavaThread "Unconstrained build operations Thread 54" [_thread_blocked, id=13876, stack(0x0000007d84800000,0x0000007d84900000)]
  0x00000277558ea000 JavaThread "Unconstrained build operations Thread 55" [_thread_blocked, id=2472, stack(0x0000007d84900000,0x0000007d84a00000)]
  0x00000277558ee800 JavaThread "Unconstrained build operations Thread 56" [_thread_blocked, id=12000, stack(0x0000007d84a00000,0x0000007d84b00000)]
  0x00000277558eb800 JavaThread "Unconstrained build operations Thread 57" [_thread_blocked, id=4768, stack(0x0000007d84b00000,0x0000007d84c00000)]
  0x00000277558e9000 JavaThread "Unconstrained build operations Thread 58" [_thread_blocked, id=6348, stack(0x0000007d84c00000,0x0000007d84d00000)]
  0x00000277558ec000 JavaThread "Unconstrained build operations Thread 59" [_thread_blocked, id=7656, stack(0x0000007d84d00000,0x0000007d84e00000)]
  0x00000277558ed000 JavaThread "Unconstrained build operations Thread 60" [_thread_blocked, id=3412, stack(0x0000007d84e00000,0x0000007d84f00000)]
  0x00000277558ee000 JavaThread "Unconstrained build operations Thread 61" [_thread_blocked, id=14168, stack(0x0000007d84f00000,0x0000007d85000000)]
  0x0000027755915800 JavaThread "Unconstrained build operations Thread 62" [_thread_blocked, id=6388, stack(0x0000007d85000000,0x0000007d85100000)]
  0x0000027755916800 JavaThread "Unconstrained build operations Thread 63" [_thread_blocked, id=6740, stack(0x0000007d85100000,0x0000007d85200000)]
  0x0000027755913800 JavaThread "Unconstrained build operations Thread 64" [_thread_blocked, id=4444, stack(0x0000007d85200000,0x0000007d85300000)]
  0x0000027755919000 JavaThread "Unconstrained build operations Thread 65" [_thread_blocked, id=7800, stack(0x0000007d85300000,0x0000007d85400000)]
  0x0000027755917800 JavaThread "Unconstrained build operations Thread 66" [_thread_blocked, id=13936, stack(0x0000007d85400000,0x0000007d85500000)]
  0x0000027755918000 JavaThread "Unconstrained build operations Thread 67" [_thread_blocked, id=12488, stack(0x0000007d85500000,0x0000007d85600000)]
  0x0000027755915000 JavaThread "Unconstrained build operations Thread 68" [_thread_blocked, id=9480, stack(0x0000007d85600000,0x0000007d85700000)]
  0x000002775591a000 JavaThread "Unconstrained build operations Thread 69" [_thread_blocked, id=8660, stack(0x0000007d85700000,0x0000007d85800000)]
  0x0000027755914000 JavaThread "Unconstrained build operations Thread 70" [_thread_blocked, id=7152, stack(0x0000007d85800000,0x0000007d85900000)]
  0x000002775591f800 JavaThread "Unconstrained build operations Thread 71" [_thread_blocked, id=8044, stack(0x0000007d85900000,0x0000007d85a00000)]
  0x000002775591d000 JavaThread "Unconstrained build operations Thread 72" [_thread_blocked, id=4044, stack(0x0000007d85a00000,0x0000007d85b00000)]
  0x0000027755920800 JavaThread "Unconstrained build operations Thread 73" [_thread_blocked, id=14180, stack(0x0000007d85b00000,0x0000007d85c00000)]
  0x000002775591b800 JavaThread "Unconstrained build operations Thread 74" [_thread_blocked, id=8928, stack(0x0000007d85c00000,0x0000007d85d00000)]
  0x000002775591e000 JavaThread "Unconstrained build operations Thread 75" [_thread_blocked, id=13208, stack(0x0000007d85d00000,0x0000007d85e00000)]
  0x000002775591a800 JavaThread "Unconstrained build operations Thread 76" [_thread_blocked, id=11012, stack(0x0000007d85e00000,0x0000007d85f00000)]
  0x0000027755922000 JavaThread "Unconstrained build operations Thread 77" [_thread_blocked, id=12544, stack(0x0000007d85f00000,0x0000007d86000000)]
  0x000002775591c800 JavaThread "Unconstrained build operations Thread 78" [_thread_blocked, id=6836, stack(0x0000007d86000000,0x0000007d86100000)]
  0x000002775591e800 JavaThread "Unconstrained build operations Thread 79" [_thread_blocked, id=13528, stack(0x0000007d86100000,0x0000007d86200000)]
  0x0000027755921000 JavaThread "Unconstrained build operations Thread 80" [_thread_blocked, id=5228, stack(0x0000007d86200000,0x0000007d86300000)]

Other Threads:
=>0x00000277509ad000 VMThread "VM Thread" [stack: 0x0000007dfdf00000,0x0000007dfe000000] [id=2640]
  0x00000277514d0800 WatcherThread [stack: 0x0000007dfe900000,0x0000007dfea00000] [id=6192]
  0x0000027734553800 GCTaskThread "GC Thread#0" [stack: 0x0000007dfda00000,0x0000007dfdb00000] [id=10744]
  0x0000027752030000 GCTaskThread "GC Thread#1" [stack: 0x0000007dfea00000,0x0000007dfeb00000] [id=14280]
  0x0000027751f09800 GCTaskThread "GC Thread#2" [stack: 0x0000007dfeb00000,0x0000007dfec00000] [id=4620]
  0x0000027752eb3800 GCTaskThread "GC Thread#3" [stack: 0x0000007dff600000,0x0000007dff700000] [id=13884]
  0x00000277529c6800 GCTaskThread "GC Thread#4" [stack: 0x0000007dff700000,0x0000007dff800000] [id=11696]
  0x000002775360d000 GCTaskThread "GC Thread#5" [stack: 0x0000007dff800000,0x0000007dff900000] [id=12020]
  0x0000027753630000 GCTaskThread "GC Thread#6" [stack: 0x0000007dff900000,0x0000007dffa00000] [id=7956]
  0x0000027752874000 GCTaskThread "GC Thread#7" [stack: 0x0000007dffa00000,0x0000007dffb00000] [id=8696]
  0x0000027734585800 ConcurrentGCThread "G1 Main Marker" [stack: 0x0000007dfdb00000,0x0000007dfdc00000] [id=3984]
  0x0000027734588000 ConcurrentGCThread "G1 Conc#0" [stack: 0x0000007dfdc00000,0x0000007dfdd00000] [id=10860]
  0x000002775367c800 ConcurrentGCThread "G1 Conc#1" [stack: 0x0000007dffd00000,0x0000007dffe00000] [id=6820]
  0x0000027734615800 ConcurrentGCThread "G1 Refine#0" [stack: 0x0000007dfdd00000,0x0000007dfde00000] [id=3320]
  0x0000027750800800 ConcurrentGCThread "G1 Young RemSet Sampling" [stack: 0x0000007dfde00000,0x0000007dfdf00000] [id=5472]

Threads with active compile tasks:

VM state:at safepoint (normal execution)

VM Mutex/Monitor currently owned by a thread:  ([mutex/lock_event])
[0x0000027734535c10] Threads_lock - owner thread: 0x00000277509ad000
[0x00000277345358b0] Heap_lock - owner thread: 0x0000027752c96800

Heap address: 0x0000000080000000, size: 2048 MB, Compressed Oops mode: 32-bit
Narrow klass base: 0x0000000000000000, Narrow klass shift: 3
Compressed class space size: 1073741824 Address: 0x0000000100000000

Heap:
 garbage-first heap   total 189440K, used 78434K [0x0000000080000000, 0x0000000100000000)
  region size 1024K, 7 young (7168K), 7 survivors (7168K)
 Metaspace       used 52274K, capacity 53837K, committed 53888K, reserved 1095680K
  class space    used 6684K, capacity 7247K, committed 7296K, reserved 1048576K
Heap Regions: E=young(eden), S=young(survivor), O=old, HS=humongous(starts), HC=humongous(continues), CS=collection set, F=free, A=archive, TAMS=top-at-mark-start (previous, next)
|   0|0x0000000080000000, 0x0000000080100000, 0x0000000080100000|100%| O|  |TAMS 0x0000000080100000, 0x0000000080000000| Untracked 
|   1|0x0000000080100000, 0x0000000080200000, 0x0000000080200000|100%| O|  |TAMS 0x0000000080200000, 0x0000000080100000| Untracked 
|   2|0x0000000080200000, 0x0000000080300000, 0x0000000080300000|100%| O|  |TAMS 0x0000000080300000, 0x0000000080200000| Untracked 
|   3|0x0000000080300000, 0x0000000080400000, 0x0000000080400000|100%|HS|  |TAMS 0x0000000080400000, 0x0000000080300000| Complete 
|   4|0x0000000080400000, 0x0000000080500000, 0x0000000080500000|100%|HC|  |TAMS 0x0000000080500000, 0x0000000080400000| Complete 
|   5|0x0000000080500000, 0x0000000080600000, 0x0000000080600000|100%|HC|  |TAMS 0x0000000080600000, 0x0000000080500000| Complete 
|   6|0x0000000080600000, 0x0000000080700000, 0x0000000080700000|100%| O|  |TAMS 0x0000000080700000, 0x0000000080600000| Untracked 
|   7|0x0000000080700000, 0x0000000080800000, 0x0000000080800000|100%| O|  |TAMS 0x0000000080800000, 0x0000000080700000| Untracked 
|   8|0x0000000080800000, 0x0000000080900000, 0x0000000080900000|100%| O|  |TAMS 0x0000000080900000, 0x0000000080800000| Untracked 
|   9|0x0000000080900000, 0x0000000080a00000, 0x0000000080a00000|100%| O|  |TAMS 0x0000000080a00000, 0x0000000080900000| Untracked 
|  10|0x0000000080a00000, 0x0000000080b00000, 0x0000000080b00000|100%| O|  |TAMS 0x0000000080b00000, 0x0000000080a00000| Untracked 
|  11|0x0000000080b00000, 0x0000000080c00000, 0x0000000080c00000|100%| O|  |TAMS 0x0000000080c00000, 0x0000000080b00000| Untracked 
|  12|0x0000000080c00000, 0x0000000080d00000, 0x0000000080d00000|100%| O|  |TAMS 0x0000000080d00000, 0x0000000080c00000| Untracked 
|  13|0x0000000080d00000, 0x0000000080e00000, 0x0000000080e00000|100%| O|  |TAMS 0x0000000080e00000, 0x0000000080d00000| Untracked 
|  14|0x0000000080e00000, 0x0000000080f00000, 0x0000000080f00000|100%| O|  |TAMS 0x0000000080f00000, 0x0000000080e00000| Untracked 
|  15|0x0000000080f00000, 0x0000000081000000, 0x0000000081000000|100%| O|  |TAMS 0x0000000081000000, 0x0000000080f00000| Untracked 
|  16|0x0000000081000000, 0x0000000081100000, 0x0000000081100000|100%| O|  |TAMS 0x0000000081100000, 0x0000000081000000| Untracked 
|  17|0x0000000081100000, 0x0000000081200000, 0x0000000081200000|100%|HS|  |TAMS 0x0000000081200000, 0x0000000081100000| Complete 
|  18|0x0000000081200000, 0x0000000081300000, 0x0000000081300000|100%|HC|  |TAMS 0x0000000081300000, 0x0000000081200000| Complete 
|  19|0x0000000081300000, 0x0000000081400000, 0x0000000081400000|100%|HS|  |TAMS 0x0000000081400000, 0x0000000081300000| Complete 
|  20|0x0000000081400000, 0x0000000081500000, 0x0000000081500000|100%|HC|  |TAMS 0x0000000081500000, 0x0000000081400000| Complete 
|  21|0x0000000081500000, 0x0000000081600000, 0x0000000081600000|100%|HC|  |TAMS 0x0000000081600000, 0x0000000081500000| Complete 
|  22|0x0000000081600000, 0x0000000081700000, 0x0000000081700000|100%|HS|  |TAMS 0x0000000081700000, 0x0000000081600000| Complete 
|  23|0x0000000081700000, 0x0000000081800000, 0x0000000081800000|100%|HC|  |TAMS 0x0000000081800000, 0x0000000081700000| Complete 
|  24|0x0000000081800000, 0x0000000081900000, 0x0000000081900000|100%|HC|  |TAMS 0x0000000081900000, 0x0000000081800000| Complete 
|  25|0x0000000081900000, 0x0000000081a00000, 0x0000000081a00000|100%|HC|  |TAMS 0x0000000081a00000, 0x0000000081900000| Complete 
|  26|0x0000000081a00000, 0x0000000081b00000, 0x0000000081b00000|100%| O|  |TAMS 0x0000000081b00000, 0x0000000081a00000| Untracked 
|  27|0x0000000081b00000, 0x0000000081c00000, 0x0000000081c00000|100%| O|  |TAMS 0x0000000081c00000, 0x0000000081b00000| Untracked 
|  28|0x0000000081c00000, 0x0000000081d00000, 0x0000000081d00000|100%| O|  |TAMS 0x0000000081d00000, 0x0000000081c00000| Untracked 
|  29|0x0000000081d00000, 0x0000000081e00000, 0x0000000081e00000|100%| O|  |TAMS 0x0000000081e00000, 0x0000000081d00000| Untracked 
|  30|0x0000000081e00000, 0x0000000081f00000, 0x0000000081f00000|100%| O|  |TAMS 0x0000000081f00000, 0x0000000081e00000| Untracked 
|  31|0x0000000081f00000, 0x0000000082000000, 0x0000000082000000|100%| O|  |TAMS 0x0000000082000000, 0x0000000081f00000| Untracked 
|  32|0x0000000082000000, 0x0000000082100000, 0x0000000082100000|100%| O|  |TAMS 0x0000000082100000, 0x0000000082000000| Untracked 
|  33|0x0000000082100000, 0x0000000082200000, 0x0000000082200000|100%| O|  |TAMS 0x000000008211b800, 0x0000000082100000| Untracked 
|  34|0x0000000082200000, 0x0000000082300000, 0x0000000082300000|100%|HS|  |TAMS 0x0000000082200000, 0x0000000082200000| Complete 
|  35|0x0000000082300000, 0x0000000082400000, 0x0000000082400000|100%|HC|  |TAMS 0x0000000082300000, 0x0000000082300000| Complete 
|  36|0x0000000082400000, 0x0000000082500000, 0x0000000082500000|100%|HC|  |TAMS 0x0000000082400000, 0x0000000082400000| Complete 
|  37|0x0000000082500000, 0x0000000082600000, 0x0000000082600000|100%| O|  |TAMS 0x0000000082500000, 0x0000000082500000| Untracked 
|  38|0x0000000082600000, 0x0000000082700000, 0x0000000082700000|100%| O|  |TAMS 0x0000000082600000, 0x0000000082600000| Untracked 
|  39|0x0000000082700000, 0x0000000082800000, 0x0000000082800000|100%|HS|  |TAMS 0x0000000082700000, 0x0000000082700000| Complete 
|  40|0x0000000082800000, 0x0000000082900000, 0x0000000082900000|100%|HC|  |TAMS 0x0000000082800000, 0x0000000082800000| Complete 
|  41|0x0000000082900000, 0x0000000082a00000, 0x0000000082a00000|100%|HC|  |TAMS 0x0000000082900000, 0x0000000082900000| Complete 
|  42|0x0000000082a00000, 0x0000000082b00000, 0x0000000082b00000|100%|HC|  |TAMS 0x0000000082a00000, 0x0000000082a00000| Complete 
|  43|0x0000000082b00000, 0x0000000082c00000, 0x0000000082c00000|100%| O|  |TAMS 0x0000000082b00000, 0x0000000082b00000| Untracked 
|  44|0x0000000082c00000, 0x0000000082d00000, 0x0000000082d00000|100%| O|  |TAMS 0x0000000082c00000, 0x0000000082c00000| Untracked 
|  45|0x0000000082d00000, 0x0000000082e00000, 0x0000000082e00000|100%| O|  |TAMS 0x0000000082d00000, 0x0000000082d00000| Untracked 
|  46|0x0000000082e00000, 0x0000000082f00000, 0x0000000082f00000|100%| O|  |TAMS 0x0000000082e00000, 0x0000000082e00000| Untracked 
|  47|0x0000000082f00000, 0x0000000083000000, 0x0000000083000000|100%| O|  |TAMS 0x0000000082f00000, 0x0000000082f00000| Untracked 
|  48|0x0000000083000000, 0x0000000083100000, 0x0000000083100000|100%| O|  |TAMS 0x0000000083000000, 0x0000000083000000| Untracked 
|  49|0x0000000083100000, 0x0000000083200000, 0x0000000083200000|100%| O|  |TAMS 0x0000000083100000, 0x0000000083100000| Untracked 
|  50|0x0000000083200000, 0x0000000083300000, 0x0000000083300000|100%| O|  |TAMS 0x0000000083200000, 0x0000000083200000| Untracked 
|  51|0x0000000083300000, 0x0000000083400000, 0x0000000083400000|100%| O|  |TAMS 0x0000000083300000, 0x0000000083300000| Untracked 
|  52|0x0000000083400000, 0x0000000083500000, 0x0000000083500000|100%| O|  |TAMS 0x0000000083400000, 0x0000000083400000| Untracked 
|  53|0x0000000083500000, 0x0000000083600000, 0x0000000083600000|100%| O|  |TAMS 0x0000000083500000, 0x0000000083500000| Untracked 
|  54|0x0000000083600000, 0x0000000083700000, 0x0000000083700000|100%| O|  |TAMS 0x0000000083600000, 0x0000000083600000| Untracked 
|  55|0x0000000083700000, 0x0000000083800000, 0x0000000083800000|100%|HS|  |TAMS 0x0000000083700000, 0x0000000083700000| Complete 
|  56|0x0000000083800000, 0x0000000083900000, 0x0000000083900000|100%|HS|  |TAMS 0x0000000083800000, 0x0000000083800000| Complete 
|  57|0x0000000083900000, 0x0000000083a00000, 0x0000000083a00000|100%|HS|  |TAMS 0x0000000083900000, 0x0000000083900000| Complete 
|  58|0x0000000083a00000, 0x0000000083b00000, 0x0000000083b00000|100%|HS|  |TAMS 0x0000000083a00000, 0x0000000083a00000| Complete 
|  59|0x0000000083b00000, 0x0000000083c00000, 0x0000000083c00000|100%|HS|  |TAMS 0x0000000083b00000, 0x0000000083b00000| Complete 
|  60|0x0000000083c00000, 0x0000000083d00000, 0x0000000083d00000|100%|HC|  |TAMS 0x0000000083c00000, 0x0000000083c00000| Complete 
|  61|0x0000000083d00000, 0x0000000083e00000, 0x0000000083e00000|100%|HC|  |TAMS 0x0000000083d00000, 0x0000000083d00000| Complete 
|  62|0x0000000083e00000, 0x0000000083f00000, 0x0000000083f00000|100%|HS|  |TAMS 0x0000000083e00000, 0x0000000083e00000| Complete 
|  63|0x0000000083f00000, 0x0000000084000000, 0x0000000084000000|100%|HC|  |TAMS 0x0000000083f00000, 0x0000000083f00000| Complete 
|  64|0x0000000084000000, 0x0000000084100000, 0x0000000084100000|100%| O|  |TAMS 0x0000000084000000, 0x0000000084000000| Untracked 
|  65|0x0000000084100000, 0x0000000084200000, 0x0000000084200000|100%| O|  |TAMS 0x0000000084100000, 0x0000000084100000| Untracked 
|  66|0x0000000084200000, 0x0000000084300000, 0x0000000084300000|100%| O|  |TAMS 0x0000000084200000, 0x0000000084200000| Untracked 
|  67|0x0000000084300000, 0x0000000084400000, 0x0000000084400000|100%| O|  |TAMS 0x0000000084300000, 0x0000000084300000| Untracked 
|  68|0x0000000084400000, 0x0000000084500000, 0x0000000084500000|100%| O|  |TAMS 0x0000000084400000, 0x0000000084400000| Untracked 
|  69|0x0000000084500000, 0x0000000084598800, 0x0000000084600000| 59%| O|  |TAMS 0x0000000084500000, 0x0000000084500000| Untracked 
|  70|0x0000000084600000, 0x0000000084600000, 0x0000000084700000|  0%| F|  |TAMS 0x0000000084600000, 0x0000000084600000| Untracked 
|  71|0x0000000084700000, 0x0000000084700000, 0x0000000084800000|  0%| F|  |TAMS 0x0000000084700000, 0x0000000084700000| Untracked 
|  72|0x0000000084800000, 0x0000000084800000, 0x0000000084900000|  0%| F|  |TAMS 0x0000000084800000, 0x0000000084800000| Untracked 
|  73|0x0000000084900000, 0x0000000084900000, 0x0000000084a00000|  0%| F|  |TAMS 0x0000000084900000, 0x0000000084900000| Untracked 
|  74|0x0000000084a00000, 0x0000000084a00000, 0x0000000084b00000|  0%| F|  |TAMS 0x0000000084a00000, 0x0000000084a00000| Untracked 
|  75|0x0000000084b00000, 0x0000000084b00000, 0x0000000084c00000|  0%| F|  |TAMS 0x0000000084b00000, 0x0000000084b00000| Untracked 
|  76|0x0000000084c00000, 0x0000000084c00000, 0x0000000084d00000|  0%| F|  |TAMS 0x0000000084c00000, 0x0000000084c00000| Untracked 
|  77|0x0000000084d00000, 0x0000000084d00000, 0x0000000084e00000|  0%| F|  |TAMS 0x0000000084d00000, 0x0000000084d00000| Untracked 
|  78|0x0000000084e00000, 0x0000000084e00000, 0x0000000084f00000|  0%| F|  |TAMS 0x0000000084e00000, 0x0000000084e00000| Untracked 
|  79|0x0000000084f00000, 0x0000000084f00000, 0x0000000085000000|  0%| F|  |TAMS 0x0000000084f00000, 0x0000000084f00000| Untracked 
|  80|0x0000000085000000, 0x0000000085000000, 0x0000000085100000|  0%| F|  |TAMS 0x0000000085000000, 0x0000000085000000| Untracked 
|  81|0x0000000085100000, 0x0000000085100000, 0x0000000085200000|  0%| F|  |TAMS 0x0000000085100000, 0x0000000085100000| Untracked 
|  82|0x0000000085200000, 0x0000000085200000, 0x0000000085300000|  0%| F|  |TAMS 0x0000000085200000, 0x0000000085200000| Untracked 
|  83|0x0000000085300000, 0x0000000085300000, 0x0000000085400000|  0%| F|  |TAMS 0x0000000085300000, 0x0000000085300000| Untracked 
|  84|0x0000000085400000, 0x0000000085400000, 0x0000000085500000|  0%| F|  |TAMS 0x0000000085400000, 0x0000000085400000| Untracked 
|  85|0x0000000085500000, 0x0000000085500000, 0x0000000085600000|  0%| F|  |TAMS 0x0000000085500000, 0x0000000085500000| Untracked 
|  86|0x0000000085600000, 0x0000000085600000, 0x0000000085700000|  0%| F|  |TAMS 0x0000000085600000, 0x0000000085600000| Untracked 
|  87|0x0000000085700000, 0x0000000085700000, 0x0000000085800000|  0%| F|  |TAMS 0x0000000085700000, 0x0000000085700000| Untracked 
|  88|0x0000000085800000, 0x0000000085800000, 0x0000000085900000|  0%| F|  |TAMS 0x0000000085800000, 0x0000000085800000| Untracked 
|  89|0x0000000085900000, 0x0000000085900000, 0x0000000085a00000|  0%| F|  |TAMS 0x0000000085900000, 0x0000000085900000| Untracked 
|  90|0x0000000085a00000, 0x0000000085a00000, 0x0000000085b00000|  0%| F|  |TAMS 0x0000000085a00000, 0x0000000085a00000| Untracked 
|  91|0x0000000085b00000, 0x0000000085c00000, 0x0000000085c00000|100%| S|CS|TAMS 0x0000000085b00000, 0x0000000085b00000| Complete 
|  92|0x0000000085c00000, 0x0000000085d00000, 0x0000000085d00000|100%| S|CS|TAMS 0x0000000085c00000, 0x0000000085c00000| Complete 
|  93|0x0000000085d00000, 0x0000000085e00000, 0x0000000085e00000|100%| S|CS|TAMS 0x0000000085d00000, 0x0000000085d00000| Complete 
|  94|0x0000000085e00000, 0x0000000085f00000, 0x0000000085f00000|100%| S|CS|TAMS 0x0000000085e00000, 0x0000000085e00000| Complete 
|  95|0x0000000085f00000, 0x0000000086000000, 0x0000000086000000|100%| S|CS|TAMS 0x0000000085f00000, 0x0000000085f00000| Complete 
|  96|0x0000000086000000, 0x0000000086100000, 0x0000000086100000|100%| S|CS|TAMS 0x0000000086000000, 0x0000000086000000| Complete 
|  97|0x0000000086100000, 0x0000000086200000, 0x0000000086200000|100%| S|CS|TAMS 0x0000000086100000, 0x0000000086100000| Complete 
|  98|0x0000000086200000, 0x0000000086200000, 0x0000000086300000|  0%| F|  |TAMS 0x0000000086200000, 0x0000000086200000| Untracked 
|  99|0x0000000086300000, 0x0000000086300000, 0x0000000086400000|  0%| F|  |TAMS 0x0000000086300000, 0x0000000086300000| Untracked 
| 100|0x0000000086400000, 0x0000000086400000, 0x0000000086500000|  0%| F|  |TAMS 0x0000000086400000, 0x0000000086400000| Untracked 
| 101|0x0000000086500000, 0x0000000086500000, 0x0000000086600000|  0%| F|  |TAMS 0x0000000086500000, 0x0000000086500000| Untracked 
| 102|0x0000000086600000, 0x0000000086600000, 0x0000000086700000|  0%| F|  |TAMS 0x0000000086600000, 0x0000000086600000| Untracked 
| 103|0x0000000086700000, 0x0000000086700000, 0x0000000086800000|  0%| F|  |TAMS 0x0000000086700000, 0x0000000086700000| Untracked 
| 104|0x0000000086800000, 0x0000000086800000, 0x0000000086900000|  0%| F|  |TAMS 0x0000000086800000, 0x0000000086800000| Untracked 
| 105|0x0000000086900000, 0x0000000086900000, 0x0000000086a00000|  0%| F|  |TAMS 0x0000000086900000, 0x0000000086900000| Untracked 
| 106|0x0000000086a00000, 0x0000000086a00000, 0x0000000086b00000|  0%| F|  |TAMS 0x0000000086a00000, 0x0000000086a00000| Untracked 
| 107|0x0000000086b00000, 0x0000000086b00000, 0x0000000086c00000|  0%| F|  |TAMS 0x0000000086b00000, 0x0000000086b00000| Untracked 
| 108|0x0000000086c00000, 0x0000000086c00000, 0x0000000086d00000|  0%| F|  |TAMS 0x0000000086c00000, 0x0000000086c00000| Untracked 
| 109|0x0000000086d00000, 0x0000000086d00000, 0x0000000086e00000|  0%| F|  |TAMS 0x0000000086d00000, 0x0000000086d00000| Untracked 
| 110|0x0000000086e00000, 0x0000000086e00000, 0x0000000086f00000|  0%| F|  |TAMS 0x0000000086e00000, 0x0000000086e00000| Untracked 
| 111|0x0000000086f00000, 0x0000000086f00000, 0x0000000087000000|  0%| F|  |TAMS 0x0000000086f00000, 0x0000000086f00000| Untracked 
| 112|0x0000000087000000, 0x0000000087000000, 0x0000000087100000|  0%| F|  |TAMS 0x0000000087000000, 0x0000000087000000| Untracked 
| 113|0x0000000087100000, 0x0000000087100000, 0x0000000087200000|  0%| F|  |TAMS 0x0000000087100000, 0x0000000087100000| Untracked 
| 114|0x0000000087200000, 0x0000000087200000, 0x0000000087300000|  0%| F|  |TAMS 0x0000000087200000, 0x0000000087200000| Untracked 
| 115|0x0000000087300000, 0x0000000087300000, 0x0000000087400000|  0%| F|  |TAMS 0x0000000087300000, 0x0000000087300000| Untracked 
| 116|0x0000000087400000, 0x0000000087400000, 0x0000000087500000|  0%| F|  |TAMS 0x0000000087400000, 0x0000000087400000| Untracked 
| 117|0x0000000087500000, 0x0000000087500000, 0x0000000087600000|  0%| F|  |TAMS 0x0000000087500000, 0x0000000087500000| Untracked 
| 118|0x0000000087600000, 0x0000000087600000, 0x0000000087700000|  0%| F|  |TAMS 0x0000000087600000, 0x0000000087600000| Untracked 
| 119|0x0000000087700000, 0x0000000087700000, 0x0000000087800000|  0%| F|  |TAMS 0x0000000087700000, 0x0000000087700000| Untracked 
| 120|0x0000000087800000, 0x0000000087800000, 0x0000000087900000|  0%| F|  |TAMS 0x0000000087800000, 0x0000000087800000| Untracked 
| 121|0x0000000087900000, 0x0000000087900000, 0x0000000087a00000|  0%| F|  |TAMS 0x0000000087900000, 0x0000000087900000| Untracked 
| 122|0x0000000087a00000, 0x0000000087a00000, 0x0000000087b00000|  0%| F|  |TAMS 0x0000000087a00000, 0x0000000087a00000| Untracked 
| 123|0x0000000087b00000, 0x0000000087b00000, 0x0000000087c00000|  0%| F|  |TAMS 0x0000000087b00000, 0x0000000087b00000| Untracked 
| 124|0x0000000087c00000, 0x0000000087c00000, 0x0000000087d00000|  0%| F|  |TAMS 0x0000000087c00000, 0x0000000087c00000| Untracked 
| 125|0x0000000087d00000, 0x0000000087d00000, 0x0000000087e00000|  0%| F|  |TAMS 0x0000000087d00000, 0x0000000087d00000| Untracked 
| 126|0x0000000087e00000, 0x0000000087e00000, 0x0000000087f00000|  0%| F|  |TAMS 0x0000000087e00000, 0x0000000087e00000| Untracked 
| 127|0x0000000087f00000, 0x0000000087f00000, 0x0000000088000000|  0%| F|  |TAMS 0x0000000087f00000, 0x0000000087f00000| Untracked 
| 128|0x0000000088000000, 0x0000000088000000, 0x0000000088100000|  0%| F|  |TAMS 0x0000000088000000, 0x0000000088000000| Untracked 
| 129|0x0000000088100000, 0x0000000088100000, 0x0000000088200000|  0%| F|  |TAMS 0x0000000088100000, 0x0000000088100000| Untracked 
| 130|0x0000000088200000, 0x0000000088200000, 0x0000000088300000|  0%| F|  |TAMS 0x0000000088200000, 0x0000000088200000| Untracked 
| 131|0x0000000088300000, 0x0000000088300000, 0x0000000088400000|  0%| F|  |TAMS 0x0000000088300000, 0x0000000088300000| Untracked 
| 132|0x0000000088400000, 0x0000000088400000, 0x0000000088500000|  0%| F|  |TAMS 0x0000000088400000, 0x0000000088400000| Untracked 
| 133|0x0000000088500000, 0x0000000088500000, 0x0000000088600000|  0%| F|  |TAMS 0x0000000088500000, 0x0000000088500000| Untracked 
| 134|0x0000000088600000, 0x0000000088600000, 0x0000000088700000|  0%| F|  |TAMS 0x0000000088600000, 0x0000000088600000| Untracked 
| 135|0x0000000088700000, 0x0000000088700000, 0x0000000088800000|  0%| F|  |TAMS 0x0000000088700000, 0x0000000088700000| Untracked 
| 136|0x0000000088800000, 0x0000000088800000, 0x0000000088900000|  0%| F|  |TAMS 0x0000000088800000, 0x0000000088800000| Untracked 
| 137|0x0000000088900000, 0x0000000088900000, 0x0000000088a00000|  0%| F|  |TAMS 0x0000000088900000, 0x0000000088900000| Untracked 
| 138|0x0000000088a00000, 0x0000000088a00000, 0x0000000088b00000|  0%| F|  |TAMS 0x0000000088a00000, 0x0000000088a00000| Untracked 
| 139|0x0000000088b00000, 0x0000000088b00000, 0x0000000088c00000|  0%| F|  |TAMS 0x0000000088b00000, 0x0000000088b00000| Untracked 
| 140|0x0000000088c00000, 0x0000000088c00000, 0x0000000088d00000|  0%| F|  |TAMS 0x0000000088c00000, 0x0000000088c00000| Untracked 
| 141|0x0000000088d00000, 0x0000000088d00000, 0x0000000088e00000|  0%| F|  |TAMS 0x0000000088d00000, 0x0000000088d00000| Untracked 
| 142|0x0000000088e00000, 0x0000000088e00000, 0x0000000088f00000|  0%| F|  |TAMS 0x0000000088e00000, 0x0000000088e00000| Untracked 
| 143|0x0000000088f00000, 0x0000000088f00000, 0x0000000089000000|  0%| F|  |TAMS 0x0000000088f00000, 0x0000000088f00000| Untracked 
| 144|0x0000000089000000, 0x0000000089000000, 0x0000000089100000|  0%| F|  |TAMS 0x0000000089000000, 0x0000000089000000| Untracked 
| 145|0x0000000089100000, 0x0000000089100000, 0x0000000089200000|  0%| F|  |TAMS 0x0000000089100000, 0x0000000089100000| Untracked 
| 146|0x0000000089200000, 0x0000000089200000, 0x0000000089300000|  0%| F|  |TAMS 0x0000000089200000, 0x0000000089200000| Untracked 
| 147|0x0000000089300000, 0x0000000089300000, 0x0000000089400000|  0%| F|  |TAMS 0x0000000089300000, 0x0000000089300000| Untracked 
| 148|0x0000000089400000, 0x0000000089400000, 0x0000000089500000|  0%| F|  |TAMS 0x0000000089400000, 0x0000000089400000| Untracked 
| 149|0x0000000089500000, 0x0000000089500000, 0x0000000089600000|  0%| F|  |TAMS 0x0000000089500000, 0x0000000089500000| Untracked 
| 150|0x0000000089600000, 0x0000000089600000, 0x0000000089700000|  0%| F|  |TAMS 0x0000000089600000, 0x0000000089600000| Untracked 
| 151|0x0000000089700000, 0x0000000089700000, 0x0000000089800000|  0%| F|  |TAMS 0x0000000089700000, 0x0000000089700000| Untracked 
| 152|0x0000000089800000, 0x0000000089800000, 0x0000000089900000|  0%| F|  |TAMS 0x0000000089800000, 0x0000000089800000| Untracked 
| 153|0x0000000089900000, 0x0000000089900000, 0x0000000089a00000|  0%| F|  |TAMS 0x0000000089900000, 0x0000000089900000| Untracked 

Card table byte_map: [0x00000277496e0000,0x0000027749ae0000] _byte_map_base: 0x00000277492e0000

Marking Bits (Prev, Next): (CMBitMap*) 0x000002773457cc30, (CMBitMap*) 0x000002773457cbf8
 Prev Bits: [0x000002774bee0000, 0x000002774dee0000)
 Next Bits: [0x0000027749ee0000, 0x000002774bee0000)

Polling page: 0x0000027734620000

Metaspace:

Usage:
  Non-class:     45.50 MB capacity,    44.52 MB ( 98%) used,   859.60 KB (  2%) free+waste,   141.19 KB ( <1%) overhead. 
      Class:      7.08 MB capacity,     6.53 MB ( 92%) used,   494.53 KB (  7%) free+waste,    67.63 KB ( <1%) overhead. 
       Both:     52.58 MB capacity,    51.05 MB ( 97%) used,     1.32 MB (  3%) free+waste,   208.81 KB ( <1%) overhead. 

Virtual space:
  Non-class space:       46.00 MB reserved,      45.50 MB ( 99%) committed 
      Class space:        1.00 GB reserved,       7.13 MB ( <1%) committed 
             Both:        1.04 GB reserved,      52.63 MB (  5%) committed 

Chunk freelists:
   Non-Class:  2.00 KB
       Class:  17.00 KB
        Both:  19.00 KB

MaxMetaspaceSize: 17179869184.00 GB
CompressedClassSpaceSize: 1.00 GB

CodeHeap 'non-profiled nmethods': size=120000Kb used=3330Kb max_used=3330Kb free=116669Kb
 bounds [0x0000027741340000, 0x0000027741690000, 0x0000027748870000]
CodeHeap 'profiled nmethods': size=120000Kb used=12130Kb max_used=12130Kb free=107870Kb
 bounds [0x0000027739e10000, 0x000002773a9f0000, 0x0000027741340000]
CodeHeap 'non-nmethods': size=5760Kb used=2222Kb max_used=2271Kb free=3537Kb
 bounds [0x0000027739870000, 0x0000027739ae0000, 0x0000027739e10000]
 total_blobs=6641 nmethods=5844 adapters=709
 compilation: enabled
              stopped_count=0, restarted_count=0
 full_count=0

Compilation events (20 events):
Event: 10.175 Thread 0x000002775135e800 5840       4       sun.net.www.protocol.jar.Handler::parseContextSpec (150 bytes)
Event: 10.188 Thread 0x000002775135e800 nmethod 5840 0x000002774167e710 code [0x000002774167e8e0, 0x000002774167ef18]
Event: 10.188 Thread 0x000002775135e800 5842       4       java.lang.String::regionMatches (150 bytes)
Event: 10.203 Thread 0x000002775135e800 nmethod 5842 0x000002774167f390 code [0x000002774167f560, 0x000002774167fc58]
Event: 10.203 Thread 0x000002775135e800 5841       4       sun.net.www.protocol.jar.Handler::indexOfBangSlash (52 bytes)
Event: 10.206 Thread 0x00000277509d9800 5843       3       com.google.common.reflect.TypeResolver::<init> (10 bytes)
Event: 10.207 Thread 0x00000277509d9800 nmethod 5843 0x000002773a9e6810 code [0x000002773a9e69c0, 0x000002773a9e6b78]
Event: 10.208 Thread 0x000002775135e800 nmethod 5841 0x0000027741680210 code [0x00000277416803c0, 0x0000027741680658]
Event: 10.219 Thread 0x00000277509d9800 5844       3       sun.net.www.protocol.jar.JarURLConnection::getUseCaches (8 bytes)
Event: 10.219 Thread 0x00000277509d9800 nmethod 5844 0x000002773a9e6c10 code [0x000002773a9e6dc0, 0x000002773a9e6f88]
Event: 10.223 Thread 0x00000277509d9800 5845       3       java.util.regex.Pattern$TreeInfo::reset (21 bytes)
Event: 10.223 Thread 0x00000277509d9800 nmethod 5845 0x000002773a9e7090 code [0x000002773a9e7240, 0x000002773a9e7358]
Event: 10.226 Thread 0x00000277509d9800 5846       3       com.google.common.cache.LocalCache::customWeigher (16 bytes)
Event: 10.226 Thread 0x00000277509d9800 nmethod 5846 0x000002773a9e7410 code [0x000002773a9e75c0, 0x000002773a9e7738]
Event: 10.228 Thread 0x00000277509d9800 5847       3       sun.reflect.generics.tree.SimpleClassTypeSignature::accept (8 bytes)
Event: 10.228 Thread 0x00000277509d9800 nmethod 5847 0x000002773a9e7810 code [0x000002773a9e7a20, 0x000002773a9e7e68]
Event: 10.228 Thread 0x00000277509d9800 5848       3       sun.reflect.generics.visitor.Reifier::visitSimpleClassTypeSignature (18 bytes)
Event: 10.229 Thread 0x00000277509d9800 nmethod 5848 0x000002773a9e8090 code [0x000002773a9e8280, 0x000002773a9e8608]
Event: 10.229 Thread 0x000002775135e800 5849       4       org.objectweb.asm.MethodWriter::visitCode (1 bytes)
Event: 10.229 Thread 0x000002775135e800 nmethod 5849 0x0000027741680890 code [0x0000027741680a20, 0x0000027741680a78]

GC Heap History (20 events):
Event: 1.808 GC heap after
{Heap after GC invocations=2 (full 0):
 garbage-first heap   total 131072K, used 10129K [0x0000000080000000, 0x0000000100000000)
  region size 1024K, 1 young (1024K), 1 survivors (1024K)
 Metaspace       used 11203K, capacity 11450K, committed 11520K, reserved 1058816K
  class space    used 1175K, capacity 1246K, committed 1280K, reserved 1048576K
}
Event: 3.083 GC heap before
{Heap before GC invocations=2 (full 0):
 garbage-first heap   total 131072K, used 64401K [0x0000000080000000, 0x0000000100000000)
  region size 1024K, 54 young (55296K), 1 survivors (1024K)
 Metaspace       used 18069K, capacity 18498K, committed 18688K, reserved 1064960K
  class space    used 2141K, capacity 2270K, committed 2304K, reserved 1048576K
}
Event: 3.091 GC heap after
{Heap after GC invocations=3 (full 0):
 garbage-first heap   total 131072K, used 16433K [0x0000000080000000, 0x0000000100000000)
  region size 1024K, 7 young (7168K), 7 survivors (7168K)
 Metaspace       used 18069K, capacity 18498K, committed 18688K, reserved 1064960K
  class space    used 2141K, capacity 2270K, committed 2304K, reserved 1048576K
}
Event: 3.380 GC heap before
{Heap before GC invocations=3 (full 0):
 garbage-first heap   total 131072K, used 37937K [0x0000000080000000, 0x0000000100000000)
  region size 1024K, 29 young (29696K), 7 survivors (7168K)
 Metaspace       used 20707K, capacity 21186K, committed 21296K, reserved 1069056K
  class space    used 2534K, capacity 2676K, committed 2688K, reserved 1048576K
}
Event: 3.389 GC heap after
{Heap after GC invocations=4 (full 0):
 garbage-first heap   total 131072K, used 17725K [0x0000000080000000, 0x0000000100000000)
  region size 1024K, 1 young (1024K), 1 survivors (1024K)
 Metaspace       used 20707K, capacity 21186K, committed 21296K, reserved 1069056K
  class space    used 2534K, capacity 2676K, committed 2688K, reserved 1048576K
}
Event: 4.286 GC heap before
{Heap before GC invocations=5 (full 0):
 garbage-first heap   total 131072K, used 71997K [0x0000000080000000, 0x0000000100000000)
  region size 1024K, 54 young (55296K), 1 survivors (1024K)
 Metaspace       used 26579K, capacity 27314K, committed 27520K, reserved 1073152K
  class space    used 3482K, capacity 3705K, committed 3712K, reserved 1048576K
}
Event: 4.291 GC heap after
{Heap after GC invocations=6 (full 0):
 garbage-first heap   total 131072K, used 19862K [0x0000000080000000, 0x0000000100000000)
  region size 1024K, 4 young (4096K), 4 survivors (4096K)
 Metaspace       used 26579K, capacity 27314K, committed 27520K, reserved 1073152K
  class space    used 3482K, capacity 3705K, committed 3712K, reserved 1048576K
}
Event: 5.399 GC heap before
{Heap before GC invocations=6 (full 0):
 garbage-first heap   total 131072K, used 85398K [0x0000000080000000, 0x0000000100000000)
  region size 1024K, 60 young (61440K), 4 survivors (4096K)
 Metaspace       used 31656K, capacity 32585K, committed 32768K, reserved 1077248K
  class space    used 4266K, capacity 4607K, committed 4608K, reserved 1048576K
}
Event: 5.409 GC heap after
{Heap after GC invocations=7 (full 0):
 garbage-first heap   total 131072K, used 34031K [0x0000000080000000, 0x0000000100000000)
  region size 1024K, 8 young (8192K), 8 survivors (8192K)
 Metaspace       used 31656K, capacity 32585K, committed 32768K, reserved 1077248K
  class space    used 4266K, capacity 4607K, committed 4608K, reserved 1048576K
}
Event: 5.769 GC heap before
{Heap before GC invocations=7 (full 0):
 garbage-first heap   total 131072K, used 46319K [0x0000000080000000, 0x0000000100000000)
  region size 1024K, 21 young (21504K), 8 survivors (8192K)
 Metaspace       used 34945K, capacity 35885K, committed 35968K, reserved 1081344K
  class space    used 4557K, capacity 4920K, committed 4992K, reserved 1048576K
}
Event: 5.783 GC heap after
{Heap after GC invocations=8 (full 0):
 garbage-first heap   total 131072K, used 35903K [0x0000000080000000, 0x0000000100000000)
  region size 1024K, 2 young (2048K), 2 survivors (2048K)
 Metaspace       used 34945K, capacity 35885K, committed 35968K, reserved 1081344K
  class space    used 4557K, capacity 4920K, committed 4992K, reserved 1048576K
}
Event: 6.451 GC heap before
{Heap before GC invocations=9 (full 0):
 garbage-first heap   total 131072K, used 80959K [0x0000000080000000, 0x0000000100000000)
  region size 1024K, 44 young (45056K), 2 survivors (2048K)
 Metaspace       used 39818K, capacity 40929K, committed 41088K, reserved 1085440K
  class space    used 5057K, capacity 5446K, committed 5504K, reserved 1048576K
}
Event: 6.466 GC heap after
{Heap after GC invocations=10 (full 0):
 garbage-first heap   total 157696K, used 39785K [0x0000000080000000, 0x0000000100000000)
  region size 1024K, 6 young (6144K), 6 survivors (6144K)
 Metaspace       used 39818K, capacity 40929K, committed 41088K, reserved 1085440K
  class space    used 5057K, capacity 5446K, committed 5504K, reserved 1048576K
}
Event: 7.368 GC heap before
{Heap before GC invocations=11 (full 0):
 garbage-first heap   total 157696K, used 95081K [0x0000000080000000, 0x0000000100000000)
  region size 1024K, 58 young (59392K), 6 survivors (6144K)
 Metaspace       used 43555K, capacity 44775K, committed 45056K, reserved 1087488K
  class space    used 5590K, capacity 6036K, committed 6144K, reserved 1048576K
}
Event: 7.377 GC heap after
{Heap after GC invocations=12 (full 0):
 garbage-first heap   total 157696K, used 47083K [0x0000000080000000, 0x0000000100000000)
  region size 1024K, 8 young (8192K), 8 survivors (8192K)
 Metaspace       used 43555K, capacity 44775K, committed 45056K, reserved 1087488K
  class space    used 5590K, capacity 6036K, committed 6144K, reserved 1048576K
}
Event: 8.148 GC heap before
{Heap before GC invocations=12 (full 0):
 garbage-first heap   total 157696K, used 105451K [0x0000000080000000, 0x0000000100000000)
  region size 1024K, 61 young (62464K), 8 survivors (8192K)
 Metaspace       used 46967K, capacity 48279K, committed 48512K, reserved 1091584K
  class space    used 5968K, capacity 6433K, committed 6528K, reserved 1048576K
}
Event: 8.161 GC heap after
{Heap after GC invocations=13 (full 0):
 garbage-first heap   total 157696K, used 56450K [0x0000000080000000, 0x0000000100000000)
  region size 1024K, 6 young (6144K), 6 survivors (6144K)
 Metaspace       used 46967K, capacity 48279K, committed 48512K, reserved 1091584K
  class space    used 5968K, capacity 6433K, committed 6528K, reserved 1048576K
}
Event: 8.868 GC heap before
{Heap before GC invocations=13 (full 0):
 garbage-first heap   total 157696K, used 108674K [0x0000000080000000, 0x0000000100000000)
  region size 1024K, 57 young (58368K), 6 survivors (6144K)
 Metaspace       used 50172K, capacity 51639K, committed 51712K, reserved 1093632K
  class space    used 6424K, capacity 6910K, committed 6912K, reserved 1048576K
}
Event: 8.879 GC heap after
{Heap after GC invocations=14 (full 0):
 garbage-first heap   total 157696K, used 59738K [0x0000000080000000, 0x0000000100000000)
  region size 1024K, 4 young (4096K), 4 survivors (4096K)
 Metaspace       used 50172K, capacity 51639K, committed 51712K, reserved 1093632K
  class space    used 6424K, capacity 6910K, committed 6912K, reserved 1048576K
}
Event: 10.231 GC heap before
{Heap before GC invocations=14 (full 0):
 garbage-first heap   total 157696K, used 121178K [0x0000000080000000, 0x0000000100000000)
  region size 1024K, 56 young (57344K), 4 survivors (4096K)
 Metaspace       used 52274K, capacity 53837K, committed 53888K, reserved 1095680K
  class space    used 6684K, capacity 7247K, committed 7296K, reserved 1048576K
}

Deoptimization events (20 events):
Event: 9.466 Thread 0x0000027752c96800 DEOPT PACKING pc=0x000002773a2f7faa sp=0x0000007dff2ef780
Event: 9.466 Thread 0x0000027752c96800 DEOPT UNPACKING pc=0x0000027739896dde sp=0x0000007dff2eed58 mode 0
Event: 9.649 Thread 0x0000027752c96800 Uncommon trap: trap_request=0xffffff4d fr.pc=0x00000277415baef4 relative=0x00000000000004b4
Event: 9.649 Thread 0x0000027752c96800 Uncommon trap: reason=unstable_if action=reinterpret pc=0x00000277415baef4 method=java.lang.StringCoding.newStringUTF8NoRepl([BII)Ljava/lang/String; @ 12 c2
Event: 9.649 Thread 0x0000027752c96800 DEOPT PACKING pc=0x00000277415baef4 sp=0x0000007dff2ef7a0
Event: 9.649 Thread 0x0000027752c96800 DEOPT UNPACKING pc=0x000002773989662f sp=0x0000007dff2ef690 mode 2
Event: 9.772 Thread 0x0000027752c96800 DEOPT PACKING pc=0x0000027739ed792e sp=0x0000007dff2efde0
Event: 9.772 Thread 0x0000027752c96800 DEOPT UNPACKING pc=0x0000027739896dde sp=0x0000007dff2ef250 mode 0
Event: 9.951 Thread 0x0000027752c96800 Uncommon trap: trap_request=0xffffffc6 fr.pc=0x000002774155e694 relative=0x0000000000003b94
Event: 9.951 Thread 0x0000027752c96800 Uncommon trap: reason=bimorphic_or_optimized_type_check action=maybe_recompile pc=0x000002774155e694 method=java.util.AbstractCollection.addAll(Ljava/util/Collection;)Z @ 29 c2
Event: 9.951 Thread 0x0000027752c96800 DEOPT PACKING pc=0x000002774155e694 sp=0x0000007dff2fb610
Event: 9.951 Thread 0x0000027752c96800 DEOPT UNPACKING pc=0x000002773989662f sp=0x0000007dff2fb610 mode 2
Event: 10.220 Thread 0x0000027752c96800 Uncommon trap: trap_request=0xffffffc6 fr.pc=0x0000027741443c64 relative=0x00000000000004e4
Event: 10.221 Thread 0x0000027752c96800 Uncommon trap: reason=bimorphic_or_optimized_type_check action=maybe_recompile pc=0x0000027741443c64 method=java.io.BufferedInputStream.read([BII)I @ 101 c2
Event: 10.221 Thread 0x0000027752c96800 DEOPT PACKING pc=0x0000027741443c64 sp=0x0000007dff2f6c00
Event: 10.221 Thread 0x0000027752c96800 DEOPT UNPACKING pc=0x000002773989662f sp=0x0000007dff2f6bb8 mode 2
Event: 10.222 Thread 0x0000027752c96800 Uncommon trap: trap_request=0xffffff4d fr.pc=0x00000277413b0af4 relative=0x0000000000000054
Event: 10.222 Thread 0x0000027752c96800 Uncommon trap: reason=unstable_if action=reinterpret pc=0x00000277413b0af4 method=java.util.regex.Pattern.has(I)Z @ 6 c2
Event: 10.222 Thread 0x0000027752c96800 DEOPT PACKING pc=0x00000277413b0af4 sp=0x0000007dff2f5d30
Event: 10.222 Thread 0x0000027752c96800 DEOPT UNPACKING pc=0x000002773989662f sp=0x0000007dff2f5cc0 mode 2

Classes redefined (0 events):
No events

Internal exceptions (20 events):
Event: 9.522 Thread 0x0000027752c96800 Exception <a 'java/security/PrivilegedActionException'{0x0000000087bd0860}> (0x0000000087bd0860) thrown at [./src/hotspot/share/prims/jvm.cpp, line 1306]
Event: 9.522 Thread 0x0000027752c96800 Exception <a 'java/security/PrivilegedActionException'{0x0000000087bd1dc8}> (0x0000000087bd1dc8) thrown at [./src/hotspot/share/prims/jvm.cpp, line 1306]
Event: 9.522 Thread 0x0000027752c96800 Exception <a 'java/security/PrivilegedActionException'{0x0000000087bd4f78}> (0x0000000087bd4f78) thrown at [./src/hotspot/share/prims/jvm.cpp, line 1306]
Event: 9.522 Thread 0x0000027752c96800 Exception <a 'java/security/PrivilegedActionException'{0x0000000087bd64e0}> (0x0000000087bd64e0) thrown at [./src/hotspot/share/prims/jvm.cpp, line 1306]
Event: 9.522 Thread 0x0000027752c96800 Exception <a 'java/security/PrivilegedActionException'{0x0000000087bd96b8}> (0x0000000087bd96b8) thrown at [./src/hotspot/share/prims/jvm.cpp, line 1306]
Event: 9.522 Thread 0x0000027752c96800 Exception <a 'java/security/PrivilegedActionException'{0x0000000087bdac20}> (0x0000000087bdac20) thrown at [./src/hotspot/share/prims/jvm.cpp, line 1306]
Event: 9.522 Thread 0x0000027752c96800 Exception <a 'java/security/PrivilegedActionException'{0x0000000087bdde60}> (0x0000000087bdde60) thrown at [./src/hotspot/share/prims/jvm.cpp, line 1306]
Event: 9.522 Thread 0x0000027752c96800 Exception <a 'java/security/PrivilegedActionException'{0x0000000087bdf3c8}> (0x0000000087bdf3c8) thrown at [./src/hotspot/share/prims/jvm.cpp, line 1306]
Event: 9.932 Thread 0x0000027752c96800 Exception <a 'java/lang/ClassNotFoundException'{0x00000000875e3190}: org/gradle/api/tasks/Delete_DecoratedBeanInfo> (0x00000000875e3190) thrown at [./src/hotspot/share/classfile/systemDictionary.cpp, line 231]
Event: 9.933 Thread 0x0000027752c96800 Exception <a 'java/lang/ClassNotFoundException'{0x000000008740e260}: org/gradle/api/tasks/DeleteBeanInfo> (0x000000008740e260) thrown at [./src/hotspot/share/classfile/systemDictionary.cpp, line 231]
Event: 9.933 Thread 0x0000027752c96800 Exception <a 'java/lang/ClassNotFoundException'{0x000000008743c960}: org/gradle/api/internal/ConventionTaskBeanInfo> (0x000000008743c960) thrown at [./src/hotspot/share/classfile/systemDictionary.cpp, line 231]
Event: 9.934 Thread 0x0000027752c96800 Exception <a 'java/lang/ClassNotFoundException'{0x0000000087466ec0}: org/gradle/api/DefaultTaskBeanInfo> (0x0000000087466ec0) thrown at [./src/hotspot/share/classfile/systemDictionary.cpp, line 231]
Event: 9.934 Thread 0x0000027752c96800 Exception <a 'java/lang/ClassNotFoundException'{0x0000000087495850}: org/gradle/api/internal/AbstractTaskBeanInfo> (0x0000000087495850) thrown at [./src/hotspot/share/classfile/systemDictionary.cpp, line 231]
Event: 9.935 Thread 0x0000027752c96800 Exception <a 'java/lang/ClassNotFoundException'{0x00000000874c4478}: org/gradle/api/internal/AbstractTaskCustomizer> (0x00000000874c4478) thrown at [./src/hotspot/share/classfile/systemDictionary.cpp, line 231]
Event: 9.938 Thread 0x0000027752c96800 Exception <a 'java/lang/ClassNotFoundException'{0x00000000873387d0}: org/gradle/api/DefaultTaskCustomizer> (0x00000000873387d0) thrown at [./src/hotspot/share/classfile/systemDictionary.cpp, line 231]
Event: 9.941 Thread 0x0000027752c96800 Exception <a 'java/lang/ClassNotFoundException'{0x00000000873bb2f0}: org/gradle/api/internal/ConventionTaskCustomizer> (0x00000000873bb2f0) thrown at [./src/hotspot/share/classfile/systemDictionary.cpp, line 231]
Event: 9.942 Thread 0x0000027752c96800 Exception <a 'java/lang/ClassNotFoundException'{0x00000000873f46f8}: org/gradle/api/tasks/DeleteCustomizer> (0x00000000873f46f8) thrown at [./src/hotspot/share/classfile/systemDictionary.cpp, line 231]
Event: 9.944 Thread 0x0000027752c96800 Exception <a 'java/lang/ClassNotFoundException'{0x0000000087234900}: org/gradle/api/tasks/Delete_DecoratedCustomizer> (0x0000000087234900) thrown at [./src/hotspot/share/classfile/systemDictionary.cpp, line 231]
Event: 9.968 Thread 0x0000027752c96800 Exception <a 'java/lang/ClassNotFoundException'{0x000000008715f7e8}: build_6sxxtytl52xr810a0fh9dymz5BeanInfo> (0x000000008715f7e8) thrown at [./src/hotspot/share/classfile/systemDictionary.cpp, line 231]
Event: 9.969 Thread 0x0000027752c96800 Exception <a 'java/lang/ClassNotFoundException'{0x000000008716a7a0}: build_6sxxtytl52xr810a0fh9dymz5Customizer> (0x000000008716a7a0) thrown at [./src/hotspot/share/classfile/systemDictionary.cpp, line 231]

Events (20 events):
Event: 10.227 loading class org/gradle/api/services/internal/BuildServiceProvider done
Event: 10.227 loading class org/gradle/api/services/internal/DefaultBuildServicesRegistry$DefaultServiceRegistration
Event: 10.227 loading class org/gradle/api/services/internal/DefaultBuildServicesRegistry$DefaultServiceRegistration done
Event: 10.227 loading class org/gradle/api/services/BuildServiceRegistration
Event: 10.227 loading class org/gradle/api/services/BuildServiceRegistration done
Event: 10.228 loading class org/gradle/internal/service/scopes/Scopes$Gradle
Event: 10.228 loading class org/gradle/internal/service/scopes/Scopes$Gradle done
Event: 10.229 loading class org/gradle/api/services/BuildServiceParameters$None
Event: 10.229 loading class org/gradle/api/services/BuildServiceParameters$None done
Event: 10.230 loading class org/gradle/api/internal/DynamicPropertyNamer
Event: 10.230 loading class org/gradle/api/internal/DynamicPropertyNamer done
Event: 10.230 loading class org/gradle/api/internal/NoNamingPropertyException
Event: 10.230 loading class org/gradle/api/internal/NoNamingPropertyException done
Event: 10.230 loading class org/gradle/api/internal/NullNamingPropertyException
Event: 10.230 loading class org/gradle/api/internal/NullNamingPropertyException done
Event: 10.230 loading class com/android/build/gradle/internal/services/BuildServicesKt
Event: 10.230 loading class com/android/build/gradle/internal/services/BuildServicesKt done
Event: 10.231 loading class com/android/build/gradle/internal/services/ServiceRegistrationAction$execute$1
Event: 10.231 loading class com/android/build/gradle/internal/services/ServiceRegistrationAction$execute$1 done
Event: 10.231 Executing VM operation: G1CollectForAllocation


Dynamic libraries:
0x00007ff600ad0000 - 0x00007ff600ada000 	C:\Program Files\Android\Android Studio\jre\bin\java.exe
0x00007ffe66710000 - 0x00007ffe66908000 	C:\WINDOWS\SYSTEM32\ntdll.dll
0x00007ffe64e00000 - 0x00007ffe64ebd000 	C:\WINDOWS\System32\KERNEL32.DLL
0x00007ffe642f0000 - 0x00007ffe645be000 	C:\WINDOWS\System32\KERNELBASE.dll
0x00007ffe64030000 - 0x00007ffe64130000 	C:\WINDOWS\System32\ucrtbase.dll
0x00007ffe4c880000 - 0x00007ffe4c899000 	C:\Program Files\Android\Android Studio\jre\bin\jli.dll
0x00007ffe4dbd0000 - 0x00007ffe4dbe7000 	C:\Program Files\Android\Android Studio\jre\bin\VCRUNTIME140.dll
0x00007ffe66300000 - 0x00007ffe664a0000 	C:\WINDOWS\System32\USER32.dll
0x00007ffe57dc0000 - 0x00007ffe5805a000 	C:\WINDOWS\WinSxS\amd64_microsoft.windows.common-controls_6595b64144ccf1df_6.0.19041.1110_none_60b5254171f9507e\COMCTL32.dll
0x00007ffe646f0000 - 0x00007ffe64712000 	C:\WINDOWS\System32\win32u.dll
0x00007ffe65fa0000 - 0x00007ffe6603e000 	C:\WINDOWS\System32\msvcrt.dll
0x00007ffe66040000 - 0x00007ffe6606a000 	C:\WINDOWS\System32\GDI32.dll
0x00007ffe64130000 - 0x00007ffe6423b000 	C:\WINDOWS\System32\gdi32full.dll
0x00007ffe64650000 - 0x00007ffe646ed000 	C:\WINDOWS\System32\msvcp_win.dll
0x00007ffe64770000 - 0x00007ffe647a0000 	C:\WINDOWS\System32\IMM32.DLL
0x00007ffe40f30000 - 0x00007ffe40fcd000 	C:\Program Files\Android\Android Studio\jre\bin\msvcp140.dll
0x00007ffe3ec70000 - 0x00007ffe3f745000 	C:\Program Files\Android\Android Studio\jre\bin\server\jvm.dll
0x00007ffe66250000 - 0x00007ffe662fe000 	C:\WINDOWS\System32\ADVAPI32.dll
0x00007ffe66080000 - 0x00007ffe6611c000 	C:\WINDOWS\System32\sechost.dll
0x00007ffe64b30000 - 0x00007ffe64c55000 	C:\WINDOWS\System32\RPCRT4.dll
0x00007ffe66510000 - 0x00007ffe66518000 	C:\WINDOWS\System32\PSAPI.DLL
0x00007ffe55620000 - 0x00007ffe55647000 	C:\WINDOWS\SYSTEM32\WINMM.dll
0x00007ffe5e640000 - 0x00007ffe5e64a000 	C:\WINDOWS\SYSTEM32\VERSION.dll
0x00007ffe606f0000 - 0x00007ffe606f9000 	C:\WINDOWS\SYSTEM32\WSOCK32.dll
0x00007ffe664a0000 - 0x00007ffe6650b000 	C:\WINDOWS\System32\WS2_32.dll
0x00007ffe61d50000 - 0x00007ffe61d62000 	C:\WINDOWS\SYSTEM32\kernel.appcore.dll
0x00007ffe4e230000 - 0x00007ffe4e241000 	C:\Program Files\Android\Android Studio\jre\bin\verify.dll
0x00007ffe55710000 - 0x00007ffe558f4000 	C:\WINDOWS\SYSTEM32\DBGHELP.DLL
0x00007ffe53160000 - 0x00007ffe5318c000 	C:\WINDOWS\SYSTEM32\dbgcore.DLL
0x00007ffe645c0000 - 0x00007ffe64642000 	C:\WINDOWS\System32\bcryptPrimitives.dll
0x00007ffe4dfc0000 - 0x00007ffe4dfe9000 	C:\Program Files\Android\Android Studio\jre\bin\java.dll
0x00007ffe55b30000 - 0x00007ffe55b3b000 	C:\Program Files\Android\Android Studio\jre\bin\jimage.dll
0x00007ffe4dfa0000 - 0x00007ffe4dfb8000 	C:\Program Files\Android\Android Studio\jre\bin\zip.dll
0x00007ffe65490000 - 0x00007ffe65bd4000 	C:\WINDOWS\System32\SHELL32.dll
0x00007ffe61f50000 - 0x00007ffe626e4000 	C:\WINDOWS\SYSTEM32\windows.storage.dll
0x00007ffe65c40000 - 0x00007ffe65f94000 	C:\WINDOWS\System32\combase.dll
0x00007ffe637c0000 - 0x00007ffe637f0000 	C:\WINDOWS\SYSTEM32\Wldp.dll
0x00007ffe66530000 - 0x00007ffe665dd000 	C:\WINDOWS\System32\SHCORE.dll
0x00007ffe65be0000 - 0x00007ffe65c35000 	C:\WINDOWS\System32\shlwapi.dll
0x00007ffe63d70000 - 0x00007ffe63d8f000 	C:\WINDOWS\SYSTEM32\profapi.dll
0x00007ffe4df60000 - 0x00007ffe4df7a000 	C:\Program Files\Android\Android Studio\jre\bin\net.dll
0x00007ffe5b540000 - 0x00007ffe5b64a000 	C:\WINDOWS\SYSTEM32\WINHTTP.dll
0x00007ffe63520000 - 0x00007ffe6358a000 	C:\WINDOWS\system32\mswsock.dll
0x00007ffe4df40000 - 0x00007ffe4df54000 	C:\Program Files\Android\Android Studio\jre\bin\nio.dll
0x00007ffe4c010000 - 0x00007ffe4c037000 	C:\Users\JULIETH\.gradle\native\e1d6ef7f7dcc3fd88c89a11ec53ec762bb8ba0a96d01ffa2cd45eb1d1d8dd5c5\windows-amd64\native-platform.dll
0x00007ffe3d430000 - 0x00007ffe3d574000 	C:\Users\JULIETH\.gradle\native\5664cfc778a61ccfe75a443a1ab52a65af34e5dc3c78e0209fed803814484fcb\windows-amd64\native-platform-file-events.dll
0x00007ffe4e3b0000 - 0x00007ffe4e3ba000 	C:\Program Files\Android\Android Studio\jre\bin\management.dll
0x00007ffe4e1b0000 - 0x00007ffe4e1bd000 	C:\Program Files\Android\Android Studio\jre\bin\management_ext.dll
0x00007ffe63710000 - 0x00007ffe63728000 	C:\WINDOWS\SYSTEM32\CRYPTSP.dll
0x00007ffe62ea0000 - 0x00007ffe62ed4000 	C:\WINDOWS\system32\rsaenh.dll
0x00007ffe63ea0000 - 0x00007ffe63ec7000 	C:\WINDOWS\System32\bcrypt.dll
0x00007ffe63cf0000 - 0x00007ffe63d1e000 	C:\WINDOWS\SYSTEM32\USERENV.dll
0x00007ffe63730000 - 0x00007ffe6373c000 	C:\WINDOWS\SYSTEM32\CRYPTBASE.dll
0x00007ffe63210000 - 0x00007ffe6324b000 	C:\WINDOWS\SYSTEM32\IPHLPAPI.DLL
0x00007ffe66070000 - 0x00007ffe66078000 	C:\WINDOWS\System32\NSI.dll
0x00007ffe5e820000 - 0x00007ffe5e837000 	C:\WINDOWS\SYSTEM32\dhcpcsvc6.DLL
0x00007ffe5e790000 - 0x00007ffe5e7ad000 	C:\WINDOWS\SYSTEM32\dhcpcsvc.DLL
0x00007ffe63250000 - 0x00007ffe6331a000 	C:\WINDOWS\SYSTEM32\DNSAPI.dll

dbghelp: loaded successfully - version: 4.0.5 - missing functions: none
symbol engine: initialized successfully - sym options: 0x614 - pdb path: .;C:\Program Files\Android\Android Studio\jre\bin;C:\WINDOWS\SYSTEM32;C:\WINDOWS\WinSxS\amd64_microsoft.windows.common-controls_6595b64144ccf1df_6.0.19041.1110_none_60b5254171f9507e;C:\Program Files\Android\Android Studio\jre\bin\server;C:\Users\JULIETH\.gradle\native\e1d6ef7f7dcc3fd88c89a11ec53ec762bb8ba0a96d01ffa2cd45eb1d1d8dd5c5\windows-amd64;C:\Users\JULIETH\.gradle\native\5664cfc778a61ccfe75a443a1ab52a65af34e5dc3c78e0209fed803814484fcb\windows-amd64

VM Arguments:
jvm_args: --add-opens=java.base/java.util=ALL-UNNAMED --add-opens=java.base/java.lang=ALL-UNNAMED --add-opens=java.base/java.lang.invoke=ALL-UNNAMED --add-opens=java.base/java.util=ALL-UNNAMED --add-opens=java.prefs/java.util.prefs=ALL-UNNAMED --add-opens=java.prefs/java.util.prefs=ALL-UNNAMED --add-opens=java.base/java.nio.charset=ALL-UNNAMED --add-opens=java.base/java.net=ALL-UNNAMED --add-opens=java.base/java.util.concurrent.atomic=ALL-UNNAMED -Xmx2048m -Dfile.encoding=UTF-8 -Duser.country=CO -Duser.language=es -Duser.variant 
java_command: org.gradle.launcher.daemon.bootstrap.GradleDaemon 7.2
java_class_path (initial): C:\Users\JULIETH\.gradle\wrapper\dists\gradle-7.2-bin\2dnblmf4td7x66yl1d74lt32g\gradle-7.2\lib\gradle-launcher-7.2.jar
Launcher Type: SUN_STANDARD

[Global flags]
     intx CICompilerCount                          = 4                                         {product} {ergonomic}
     uint ConcGCThreads                            = 2                                         {product} {ergonomic}
     uint G1ConcRefinementThreads                  = 8                                         {product} {ergonomic}
   size_t G1HeapRegionSize                         = 1048576                                   {product} {ergonomic}
    uintx GCDrainStackTargetSize                   = 64                                        {product} {ergonomic}
   size_t InitialHeapSize                          = 134217728                                 {product} {ergonomic}
   size_t MarkStackSize                            = 4194304                                   {product} {ergonomic}
   size_t MaxHeapSize                              = 2147483648                                {product} {command line}
   size_t MaxNewSize                               = 1287651328                                {product} {ergonomic}
   size_t MinHeapDeltaBytes                        = 1048576                                   {product} {ergonomic}
    uintx NonNMethodCodeHeapSize                   = 5836300                                {pd product} {ergonomic}
    uintx NonProfiledCodeHeapSize                  = 122910970                              {pd product} {ergonomic}
    uintx ProfiledCodeHeapSize                     = 122910970                              {pd product} {ergonomic}
    uintx ReservedCodeCacheSize                    = 251658240                              {pd product} {ergonomic}
     bool SegmentedCodeCache                       = true                                      {product} {ergonomic}
     bool UseCompressedClassPointers               = true                                 {lp64_product} {ergonomic}
     bool UseCompressedOops                        = true                                 {lp64_product} {ergonomic}
     bool UseG1GC                                  = true                                      {product} {ergonomic}
     bool UseLargePagesIndividualAllocation        = false                                  {pd product} {ergonomic}

Logging:
Log output configuration:
 #0: stdout all=warning uptime,level,tags
 #1: stderr all=off uptime,level,tags

Environment Variables:
PATH=C:\WINDOWS\system32;C:\WINDOWS;C:\WINDOWS\System32\Wbem;C:\WINDOWS\System32\WindowsPowerShell\v1.0\;C:\WINDOWS\System32\OpenSSH\;C:\Program Files\dotnet\;C:\Program Files\Git\cmd;C:\Program Files\nodejs\;C:\Users\JULIETH\AppData\Local\Microsoft\WindowsApps;C:\Users\JULIETH\AppData\Local\GitHubDesktop\bin;C:\Users\JULIETH\AppData\Local\Programs\Microsoft VS Code\bin;C:\Users\JULIETH\AppData\Roaming\npm
USERNAME=JULIETH
OS=Windows_NT
PROCESSOR_IDENTIFIER=AMD64 Family 21 Model 2 Stepping 0, AuthenticAMD



---------------  S Y S T E M  ---------------

OS: Windows 10 , 64 bit Build 19041 (10.0.19041.1889)
OS uptime: 0 days 22:01 hours

CPU:total 8 (initial active 8) (8 cores per cpu, 1 threads per core) family 21 model 2 stepping 0 microcode 0x0, cmov, cx8, fxsr, mmx, sse, sse2, sse3, ssse3, sse4.1, sse4.2, popcnt, avx, aes, clmul, mmxext, 3dnowpref, lzcnt, sse4a, tsc, tscinvbit, tscinv, bmi1, fma

Memory: 4k page, system-wide physical 8168M (1697M free)
TotalPageFile size 8184M (AvailPageFile size 22M)
current process WorkingSet (physical memory assigned to process): 336M, peak: 336M
current process commit charge ("private bytes"): 377M, peak: 408M

vm_info: OpenJDK 64-Bit Server VM (11.0.11+9-b60-7590822) for windows-amd64 JRE (11.0.11+9-b60-7590822), built on Jul 29 2021 21:43:44 by "builder" with MS VC++ 14.0 (VS2015)

END.
