#
# There is insufficient memory for the Java Runtime Environment to continue.
# Native memory allocation (malloc) failed to allocate 521216 bytes for Chunk::new
# Possible reasons:
#   The system is out of physical RAM or swap space
#   The process is running with CompressedOops enabled, and the Java Heap may be blocking the growth of the native heap
# Possible solutions:
#   Reduce memory load on the system
#   Increase physical memory or swap space
#   Check if swap backing store is full
#   Decrease Java heap size (-Xmx/-Xms)
#   Decrease number of Java threads
#   Decrease Java thread stack sizes (-Xss)
#   Set larger code cache with -XX:ReservedCodeCacheSize=
#   JVM is running with Unscaled Compressed Oops mode in which the Java heap is
#     placed in the first 4GB address space. The Java Heap base address is the
#     maximum limit for the native heap growth. Please use -XX:HeapBaseMinAddress
#     to set the Java Heap base and to place the Java Heap above 4GB virtual address.
# This output file may be truncated or incomplete.
#
#  Out of Memory Error (./src/hotspot/share/memory/arena.cpp:197), pid=10824, tid=10928
#
# JRE version: OpenJDK Runtime Environment (11.0.11+9) (build 11.0.11+9-b60-7590822)
# Java VM: OpenJDK 64-Bit Server VM (11.0.11+9-b60-7590822, mixed mode, tiered, compressed oops, g1 gc, windows-amd64)
# No core dump will be written. Minidumps are not enabled by default on client versions of Windows
#

---------------  S U M M A R Y ------------

Command Line: org.jetbrains.kotlin.cli.jvm.K2JVMCompiler @C:\Users\David\AndroidStudioProjects\BlueTV\app\build\20220928_14689430500682561018.compiler.options

Host: AMD FX-8320E Eight-Core Processor              , 8 cores, 7G,  Windows 10 , 64 bit Build 19041 (10.0.19041.1889)
Time: Wed Sep 28 23:38:51 2022 Hora est. Pacífico, Sudamérica elapsed time: 3.212026 seconds (0d 0h 0m 3s)

---------------  T H R E A D  ---------------

Current thread (0x000001a9ffd2f000):  JavaThread "C2 CompilerThread0" daemon [_thread_in_native, id=10928, stack(0x0000001e57400000,0x0000001e57500000)]


Current CompileTask:
C2:   3212 2370   !   4       java.net.URL::<init> (543 bytes)

Stack: [0x0000001e57400000,0x0000001e57500000]
Native frames: (J=compiled Java code, j=interpreted, Vv=VM code, C=native code)
V  [jvm.dll+0x5f214a]
V  [jvm.dll+0x726fb5]
V  [jvm.dll+0x7285cd]
V  [jvm.dll+0x728c83]
V  [jvm.dll+0x243278]
V  [jvm.dll+0xbc53c]
V  [jvm.dll+0xbca3c]
V  [jvm.dll+0x2b5c34]
V  [jvm.dll+0x508488]
V  [jvm.dll+0x203d53]
V  [jvm.dll+0x1fdbac]
V  [jvm.dll+0x1fb35f]
V  [jvm.dll+0x183d6c]
V  [jvm.dll+0x209a57]
V  [jvm.dll+0x2082a1]
V  [jvm.dll+0x6ef58f]
V  [jvm.dll+0x6e80b5]
V  [jvm.dll+0x5f1036]
C  [ucrtbase.dll+0x21bb2]
C  [KERNEL32.DLL+0x17034]
C  [ntdll.dll+0x526a1]


---------------  P R O C E S S  ---------------

Threads class SMR info:
_java_thread_list=0x000001a991852cb0, length=12, elements={
0x000001a9f6189000, 0x000001a9ffd15000, 0x000001a9ffd19000, 0x000001a991847800,
0x000001a99184a800, 0x000001a99184d800, 0x000001a9ffd2f000, 0x000001a9ffd36000,
0x000001a9ffd3b800, 0x000001a9919a7800, 0x000001a9934ac000, 0x000001a992d26000
}

Java Threads: ( => current thread )
  0x000001a9f6189000 JavaThread "main" [_thread_in_native, id=1296, stack(0x0000001e56800000,0x0000001e56900000)]
  0x000001a9ffd15000 JavaThread "Reference Handler" daemon [_thread_blocked, id=11736, stack(0x0000001e56f00000,0x0000001e57000000)]
  0x000001a9ffd19000 JavaThread "Finalizer" daemon [_thread_blocked, id=3084, stack(0x0000001e57000000,0x0000001e57100000)]
  0x000001a991847800 JavaThread "Signal Dispatcher" daemon [_thread_blocked, id=7536, stack(0x0000001e57100000,0x0000001e57200000)]
  0x000001a99184a800 JavaThread "Attach Listener" daemon [_thread_blocked, id=1472, stack(0x0000001e57200000,0x0000001e57300000)]
  0x000001a99184d800 JavaThread "Service Thread" daemon [_thread_blocked, id=10344, stack(0x0000001e57300000,0x0000001e57400000)]
=>0x000001a9ffd2f000 JavaThread "C2 CompilerThread0" daemon [_thread_in_native, id=10928, stack(0x0000001e57400000,0x0000001e57500000)]
  0x000001a9ffd36000 JavaThread "C1 CompilerThread0" daemon [_thread_blocked, id=10688, stack(0x0000001e57500000,0x0000001e57600000)]
  0x000001a9ffd3b800 JavaThread "Sweeper thread" daemon [_thread_blocked, id=7592, stack(0x0000001e57600000,0x0000001e57700000)]
  0x000001a9919a7800 JavaThread "Common-Cleaner" daemon [_thread_blocked, id=8668, stack(0x0000001e57800000,0x0000001e57900000)]
  0x000001a9934ac000 JavaThread "C2 CompilerThread1" daemon [_thread_in_native, id=8336, stack(0x0000001e57b00000,0x0000001e57c00000)]
  0x000001a992d26000 JavaThread "C2 CompilerThread2" daemon [_thread_in_native, id=10628, stack(0x0000001e57d00000,0x0000001e57e00000)]

Other Threads:
  0x000001a9ffd13000 VMThread "VM Thread" [stack: 0x0000001e56e00000,0x0000001e56f00000] [id=2564]
  0x000001a991997000 WatcherThread [stack: 0x0000001e57700000,0x0000001e57800000] [id=8296]
  0x000001a9f61a0800 GCTaskThread "GC Thread#0" [stack: 0x0000001e56900000,0x0000001e56a00000] [id=8036]
  0x000001a991e97800 GCTaskThread "GC Thread#1" [stack: 0x0000001e57900000,0x0000001e57a00000] [id=4076]
  0x000001a991f1a800 GCTaskThread "GC Thread#2" [stack: 0x0000001e57a00000,0x0000001e57b00000] [id=9100]
  0x000001a9f61d3800 ConcurrentGCThread "G1 Main Marker" [stack: 0x0000001e56a00000,0x0000001e56b00000] [id=11944]
  0x000001a9f61d5800 ConcurrentGCThread "G1 Conc#0" [stack: 0x0000001e56b00000,0x0000001e56c00000] [id=4768]
  0x000001a9922b6800 ConcurrentGCThread "G1 Conc#1" [stack: 0x0000001e57c00000,0x0000001e57d00000] [id=9152]
  0x000001a9f6267800 ConcurrentGCThread "G1 Refine#0" [stack: 0x0000001e56c00000,0x0000001e56d00000] [id=2820]
  0x000001a9ffb60800 ConcurrentGCThread "G1 Young RemSet Sampling" [stack: 0x0000001e56d00000,0x0000001e56e00000] [id=10724]

Threads with active compile tasks:
C2 CompilerThread0   3232 2370   !   4       java.net.URL::<init> (543 bytes)
C2 CompilerThread1   3232 2249       4       org.jetbrains.kotlin.com.intellij.openapi.vfs.impl.ZipHandlerBase::getOrCreate (305 bytes)
C2 CompilerThread2   3233 2372       4       java.util.jar.JarFile::getEntry (22 bytes)

VM state:not at safepoint (normal execution)

VM Mutex/Monitor currently owned by a thread:  ([mutex/lock_event])
[0x000001a9f6185420] SystemDictionary_lock - owner thread: 0x0000000000000000

Heap address: 0x0000000080400000, size: 2044 MB, Compressed Oops mode: 32-bit
Narrow klass base: 0x0000000000000000, Narrow klass shift: 3
Compressed class space size: 1073741824 Address: 0x0000000100000000

Heap:
 garbage-first heap   total 131072K, used 27995K [0x0000000080400000, 0x0000000100000000)
  region size 1024K, 15 young (15360K), 7 survivors (7168K)
 Metaspace       used 32887K, capacity 33356K, committed 33712K, reserved 1079296K
  class space    used 4132K, capacity 4325K, committed 4352K, reserved 1048576K
Heap Regions: E=young(eden), S=young(survivor), O=old, HS=humongous(starts), HC=humongous(continues), CS=collection set, F=free, A=archive, TAMS=top-at-mark-start (previous, next)
|   0|0x0000000080400000, 0x0000000080500000, 0x0000000080500000|100%|HS|  |TAMS 0x0000000080500000, 0x0000000080400000| Complete 
|   1|0x0000000080500000, 0x0000000080600000, 0x0000000080600000|100%|HC|  |TAMS 0x0000000080600000, 0x0000000080500000| Complete 
|   2|0x0000000080600000, 0x0000000080700000, 0x0000000080700000|100%|HC|  |TAMS 0x0000000080700000, 0x0000000080600000| Complete 
|   3|0x0000000080700000, 0x0000000080800000, 0x0000000080800000|100%|HS|  |TAMS 0x0000000080700000, 0x0000000080700000| Complete 
|   4|0x0000000080800000, 0x0000000080900000, 0x0000000080900000|100%|HC|  |TAMS 0x0000000080800000, 0x0000000080800000| Complete 
|   5|0x0000000080900000, 0x0000000080a00000, 0x0000000080a00000|100%|HC|  |TAMS 0x0000000080900000, 0x0000000080900000| Complete 
|   6|0x0000000080a00000, 0x0000000080b00000, 0x0000000080b00000|100%|HS|  |TAMS 0x0000000080a00000, 0x0000000080a00000| Complete 
|   7|0x0000000080b00000, 0x0000000080c00000, 0x0000000080c00000|100%|HC|  |TAMS 0x0000000080b00000, 0x0000000080b00000| Complete 
|   8|0x0000000080c00000, 0x0000000080d00000, 0x0000000080d00000|100%| O|  |TAMS 0x0000000080c00000, 0x0000000080c00000| Untracked 
|   9|0x0000000080d00000, 0x0000000080e00000, 0x0000000080e00000|100%| O|  |TAMS 0x0000000080d00000, 0x0000000080d00000| Untracked 
|  10|0x0000000080e00000, 0x0000000080f00000, 0x0000000080f00000|100%| O|  |TAMS 0x0000000080e00000, 0x0000000080e00000| Untracked 
|  11|0x0000000080f00000, 0x0000000081000000, 0x0000000081000000|100%| O|  |TAMS 0x0000000080f00000, 0x0000000080f00000| Untracked 
|  12|0x0000000081000000, 0x0000000081100000, 0x0000000081100000|100%| O|  |TAMS 0x0000000081000000, 0x0000000081000000| Untracked 
|  13|0x0000000081100000, 0x0000000081156c00, 0x0000000081200000| 33%| O|  |TAMS 0x0000000081100000, 0x0000000081100000| Untracked 
|  14|0x0000000081200000, 0x0000000081200000, 0x0000000081300000|  0%| F|  |TAMS 0x0000000081200000, 0x0000000081200000| Untracked 
|  15|0x0000000081300000, 0x0000000081300000, 0x0000000081400000|  0%| F|  |TAMS 0x0000000081300000, 0x0000000081300000| Untracked 
|  16|0x0000000081400000, 0x0000000081400000, 0x0000000081500000|  0%| F|  |TAMS 0x0000000081400000, 0x0000000081400000| Untracked 
|  17|0x0000000081500000, 0x0000000081500000, 0x0000000081600000|  0%| F|  |TAMS 0x0000000081500000, 0x0000000081500000| Untracked 
|  18|0x0000000081600000, 0x0000000081600000, 0x0000000081700000|  0%| F|  |TAMS 0x0000000081600000, 0x0000000081600000| Untracked 
|  19|0x0000000081700000, 0x0000000081700000, 0x0000000081800000|  0%| F|  |TAMS 0x0000000081700000, 0x0000000081700000| Untracked 
|  20|0x0000000081800000, 0x0000000081800000, 0x0000000081900000|  0%| F|  |TAMS 0x0000000081800000, 0x0000000081800000| Untracked 
|  21|0x0000000081900000, 0x0000000081900000, 0x0000000081a00000|  0%| F|  |TAMS 0x0000000081900000, 0x0000000081900000| Untracked 
|  22|0x0000000081a00000, 0x0000000081a00000, 0x0000000081b00000|  0%| F|  |TAMS 0x0000000081a00000, 0x0000000081a00000| Untracked 
|  23|0x0000000081b00000, 0x0000000081b00000, 0x0000000081c00000|  0%| F|  |TAMS 0x0000000081b00000, 0x0000000081b00000| Untracked 
|  24|0x0000000081c00000, 0x0000000081c00000, 0x0000000081d00000|  0%| F|  |TAMS 0x0000000081c00000, 0x0000000081c00000| Untracked 
|  25|0x0000000081d00000, 0x0000000081d00000, 0x0000000081e00000|  0%| F|  |TAMS 0x0000000081d00000, 0x0000000081d00000| Untracked 
|  26|0x0000000081e00000, 0x0000000081e00000, 0x0000000081f00000|  0%| F|  |TAMS 0x0000000081e00000, 0x0000000081e00000| Untracked 
|  27|0x0000000081f00000, 0x0000000081f00000, 0x0000000082000000|  0%| F|  |TAMS 0x0000000081f00000, 0x0000000081f00000| Untracked 
|  28|0x0000000082000000, 0x0000000082000000, 0x0000000082100000|  0%| F|  |TAMS 0x0000000082000000, 0x0000000082000000| Untracked 
|  29|0x0000000082100000, 0x0000000082100000, 0x0000000082200000|  0%| F|  |TAMS 0x0000000082100000, 0x0000000082100000| Untracked 
|  30|0x0000000082200000, 0x0000000082200000, 0x0000000082300000|  0%| F|  |TAMS 0x0000000082200000, 0x0000000082200000| Untracked 
|  31|0x0000000082300000, 0x0000000082300000, 0x0000000082400000|  0%| F|  |TAMS 0x0000000082300000, 0x0000000082300000| Untracked 
|  32|0x0000000082400000, 0x0000000082400000, 0x0000000082500000|  0%| F|  |TAMS 0x0000000082400000, 0x0000000082400000| Untracked 
|  33|0x0000000082500000, 0x0000000082500000, 0x0000000082600000|  0%| F|  |TAMS 0x0000000082500000, 0x0000000082500000| Untracked 
|  34|0x0000000082600000, 0x0000000082600000, 0x0000000082700000|  0%| F|  |TAMS 0x0000000082600000, 0x0000000082600000| Untracked 
|  35|0x0000000082700000, 0x0000000082700000, 0x0000000082800000|  0%| F|  |TAMS 0x0000000082700000, 0x0000000082700000| Untracked 
|  36|0x0000000082800000, 0x0000000082800000, 0x0000000082900000|  0%| F|  |TAMS 0x0000000082800000, 0x0000000082800000| Untracked 
|  37|0x0000000082900000, 0x0000000082900000, 0x0000000082a00000|  0%| F|  |TAMS 0x0000000082900000, 0x0000000082900000| Untracked 
|  38|0x0000000082a00000, 0x0000000082a00000, 0x0000000082b00000|  0%| F|  |TAMS 0x0000000082a00000, 0x0000000082a00000| Untracked 
|  39|0x0000000082b00000, 0x0000000082b00000, 0x0000000082c00000|  0%| F|  |TAMS 0x0000000082b00000, 0x0000000082b00000| Untracked 
|  40|0x0000000082c00000, 0x0000000082c00000, 0x0000000082d00000|  0%| F|  |TAMS 0x0000000082c00000, 0x0000000082c00000| Untracked 
|  41|0x0000000082d00000, 0x0000000082d00000, 0x0000000082e00000|  0%| F|  |TAMS 0x0000000082d00000, 0x0000000082d00000| Untracked 
|  42|0x0000000082e00000, 0x0000000082e00000, 0x0000000082f00000|  0%| F|  |TAMS 0x0000000082e00000, 0x0000000082e00000| Untracked 
|  43|0x0000000082f00000, 0x0000000082f00000, 0x0000000083000000|  0%| F|  |TAMS 0x0000000082f00000, 0x0000000082f00000| Untracked 
|  44|0x0000000083000000, 0x0000000083000000, 0x0000000083100000|  0%| F|  |TAMS 0x0000000083000000, 0x0000000083000000| Untracked 
|  45|0x0000000083100000, 0x0000000083100000, 0x0000000083200000|  0%| F|  |TAMS 0x0000000083100000, 0x0000000083100000| Untracked 
|  46|0x0000000083200000, 0x0000000083200000, 0x0000000083300000|  0%| F|  |TAMS 0x0000000083200000, 0x0000000083200000| Untracked 
|  47|0x0000000083300000, 0x0000000083300000, 0x0000000083400000|  0%| F|  |TAMS 0x0000000083300000, 0x0000000083300000| Untracked 
|  48|0x0000000083400000, 0x0000000083400000, 0x0000000083500000|  0%| F|  |TAMS 0x0000000083400000, 0x0000000083400000| Untracked 
|  49|0x0000000083500000, 0x0000000083500000, 0x0000000083600000|  0%| F|  |TAMS 0x0000000083500000, 0x0000000083500000| Untracked 
|  50|0x0000000083600000, 0x0000000083600000, 0x0000000083700000|  0%| F|  |TAMS 0x0000000083600000, 0x0000000083600000| Untracked 
|  51|0x0000000083700000, 0x0000000083700000, 0x0000000083800000|  0%| F|  |TAMS 0x0000000083700000, 0x0000000083700000| Untracked 
|  52|0x0000000083800000, 0x0000000083800000, 0x0000000083900000|  0%| F|  |TAMS 0x0000000083800000, 0x0000000083800000| Untracked 
|  53|0x0000000083900000, 0x0000000083900000, 0x0000000083a00000|  0%| F|  |TAMS 0x0000000083900000, 0x0000000083900000| Untracked 
|  54|0x0000000083a00000, 0x0000000083a00000, 0x0000000083b00000|  0%| F|  |TAMS 0x0000000083a00000, 0x0000000083a00000| Untracked 
|  55|0x0000000083b00000, 0x0000000083b00000, 0x0000000083c00000|  0%| F|  |TAMS 0x0000000083b00000, 0x0000000083b00000| Untracked 
|  56|0x0000000083c00000, 0x0000000083c00000, 0x0000000083d00000|  0%| F|  |TAMS 0x0000000083c00000, 0x0000000083c00000| Untracked 
|  57|0x0000000083d00000, 0x0000000083d00000, 0x0000000083e00000|  0%| F|  |TAMS 0x0000000083d00000, 0x0000000083d00000| Untracked 
|  58|0x0000000083e00000, 0x0000000083e00000, 0x0000000083f00000|  0%| F|  |TAMS 0x0000000083e00000, 0x0000000083e00000| Untracked 
|  59|0x0000000083f00000, 0x0000000083f00000, 0x0000000084000000|  0%| F|  |TAMS 0x0000000083f00000, 0x0000000083f00000| Untracked 
|  60|0x0000000084000000, 0x0000000084000000, 0x0000000084100000|  0%| F|  |TAMS 0x0000000084000000, 0x0000000084000000| Untracked 
|  61|0x0000000084100000, 0x0000000084100000, 0x0000000084200000|  0%| F|  |TAMS 0x0000000084100000, 0x0000000084100000| Untracked 
|  62|0x0000000084200000, 0x0000000084200000, 0x0000000084300000|  0%| F|  |TAMS 0x0000000084200000, 0x0000000084200000| Untracked 
|  63|0x0000000084300000, 0x0000000084300000, 0x0000000084400000|  0%| F|  |TAMS 0x0000000084300000, 0x0000000084300000| Untracked 
|  64|0x0000000084400000, 0x0000000084400000, 0x0000000084500000|  0%| F|  |TAMS 0x0000000084400000, 0x0000000084400000| Untracked 
|  65|0x0000000084500000, 0x0000000084500000, 0x0000000084600000|  0%| F|  |TAMS 0x0000000084500000, 0x0000000084500000| Untracked 
|  66|0x0000000084600000, 0x0000000084700000, 0x0000000084700000|100%| S|CS|TAMS 0x0000000084600000, 0x0000000084600000| Complete 
|  67|0x0000000084700000, 0x0000000084800000, 0x0000000084800000|100%| S|CS|TAMS 0x0000000084700000, 0x0000000084700000| Complete 
|  68|0x0000000084800000, 0x0000000084900000, 0x0000000084900000|100%| S|CS|TAMS 0x0000000084800000, 0x0000000084800000| Complete 
|  69|0x0000000084900000, 0x0000000084a00000, 0x0000000084a00000|100%| S|CS|TAMS 0x0000000084900000, 0x0000000084900000| Complete 
|  70|0x0000000084a00000, 0x0000000084b00000, 0x0000000084b00000|100%| S|CS|TAMS 0x0000000084a00000, 0x0000000084a00000| Complete 
|  71|0x0000000084b00000, 0x0000000084c00000, 0x0000000084c00000|100%| S|CS|TAMS 0x0000000084b00000, 0x0000000084b00000| Complete 
|  72|0x0000000084c00000, 0x0000000084d00000, 0x0000000084d00000|100%| S|CS|TAMS 0x0000000084c00000, 0x0000000084c00000| Complete 
|  73|0x0000000084d00000, 0x0000000084d00000, 0x0000000084e00000|  0%| F|  |TAMS 0x0000000084d00000, 0x0000000084d00000| Untracked 
|  74|0x0000000084e00000, 0x0000000084e00000, 0x0000000084f00000|  0%| F|  |TAMS 0x0000000084e00000, 0x0000000084e00000| Untracked 
|  75|0x0000000084f00000, 0x0000000084f00000, 0x0000000085000000|  0%| F|  |TAMS 0x0000000084f00000, 0x0000000084f00000| Untracked 
|  76|0x0000000085000000, 0x0000000085000000, 0x0000000085100000|  0%| F|  |TAMS 0x0000000085000000, 0x0000000085000000| Untracked 
|  77|0x0000000085100000, 0x0000000085100000, 0x0000000085200000|  0%| F|  |TAMS 0x0000000085100000, 0x0000000085100000| Untracked 
|  78|0x0000000085200000, 0x0000000085200000, 0x0000000085300000|  0%| F|  |TAMS 0x0000000085200000, 0x0000000085200000| Untracked 
|  79|0x0000000085300000, 0x0000000085300000, 0x0000000085400000|  0%| F|  |TAMS 0x0000000085300000, 0x0000000085300000| Untracked 
|  80|0x0000000085400000, 0x0000000085400000, 0x0000000085500000|  0%| F|  |TAMS 0x0000000085400000, 0x0000000085400000| Untracked 
|  81|0x0000000085500000, 0x0000000085500000, 0x0000000085600000|  0%| F|  |TAMS 0x0000000085500000, 0x0000000085500000| Untracked 
|  82|0x0000000085600000, 0x0000000085600000, 0x0000000085700000|  0%| F|  |TAMS 0x0000000085600000, 0x0000000085600000| Untracked 
|  83|0x0000000085700000, 0x0000000085700000, 0x0000000085800000|  0%| F|  |TAMS 0x0000000085700000, 0x0000000085700000| Untracked 
|  84|0x0000000085800000, 0x0000000085800000, 0x0000000085900000|  0%| F|  |TAMS 0x0000000085800000, 0x0000000085800000| Untracked 
|  85|0x0000000085900000, 0x0000000085900000, 0x0000000085a00000|  0%| F|  |TAMS 0x0000000085900000, 0x0000000085900000| Untracked 
|  86|0x0000000085a00000, 0x0000000085a00000, 0x0000000085b00000|  0%| F|  |TAMS 0x0000000085a00000, 0x0000000085a00000| Untracked 
|  87|0x0000000085b00000, 0x0000000085b00000, 0x0000000085c00000|  0%| F|  |TAMS 0x0000000085b00000, 0x0000000085b00000| Untracked 
|  88|0x0000000085c00000, 0x0000000085c00000, 0x0000000085d00000|  0%| F|  |TAMS 0x0000000085c00000, 0x0000000085c00000| Untracked 
|  89|0x0000000085d00000, 0x0000000085d00000, 0x0000000085e00000|  0%| F|  |TAMS 0x0000000085d00000, 0x0000000085d00000| Untracked 
|  90|0x0000000085e00000, 0x0000000085e00000, 0x0000000085f00000|  0%| F|  |TAMS 0x0000000085e00000, 0x0000000085e00000| Untracked 
|  91|0x0000000085f00000, 0x0000000085f00000, 0x0000000086000000|  0%| F|  |TAMS 0x0000000085f00000, 0x0000000085f00000| Untracked 
|  92|0x0000000086000000, 0x0000000086000000, 0x0000000086100000|  0%| F|  |TAMS 0x0000000086000000, 0x0000000086000000| Untracked 
|  93|0x0000000086100000, 0x0000000086100000, 0x0000000086200000|  0%| F|  |TAMS 0x0000000086100000, 0x0000000086100000| Untracked 
|  94|0x0000000086200000, 0x0000000086200000, 0x0000000086300000|  0%| F|  |TAMS 0x0000000086200000, 0x0000000086200000| Untracked 
|  95|0x0000000086300000, 0x0000000086300000, 0x0000000086400000|  0%| F|  |TAMS 0x0000000086300000, 0x0000000086300000| Untracked 
|  96|0x0000000086400000, 0x0000000086400000, 0x0000000086500000|  0%| F|  |TAMS 0x0000000086400000, 0x0000000086400000| Untracked 
|  97|0x0000000086500000, 0x0000000086500000, 0x0000000086600000|  0%| F|  |TAMS 0x0000000086500000, 0x0000000086500000| Untracked 
|  98|0x0000000086600000, 0x0000000086600000, 0x0000000086700000|  0%| F|  |TAMS 0x0000000086600000, 0x0000000086600000| Untracked 
|  99|0x0000000086700000, 0x0000000086700000, 0x0000000086800000|  0%| F|  |TAMS 0x0000000086700000, 0x0000000086700000| Untracked 
| 100|0x0000000086800000, 0x0000000086800000, 0x0000000086900000|  0%| F|  |TAMS 0x0000000086800000, 0x0000000086800000| Untracked 
| 101|0x0000000086900000, 0x0000000086900000, 0x0000000086a00000|  0%| F|  |TAMS 0x0000000086900000, 0x0000000086900000| Untracked 
| 102|0x0000000086a00000, 0x0000000086a00000, 0x0000000086b00000|  0%| F|  |TAMS 0x0000000086a00000, 0x0000000086a00000| Untracked 
| 103|0x0000000086b00000, 0x0000000086b00000, 0x0000000086c00000|  0%| F|  |TAMS 0x0000000086b00000, 0x0000000086b00000| Untracked 
| 104|0x0000000086c00000, 0x0000000086c00000, 0x0000000086d00000|  0%| F|  |TAMS 0x0000000086c00000, 0x0000000086c00000| Untracked 
| 105|0x0000000086d00000, 0x0000000086d00000, 0x0000000086e00000|  0%| F|  |TAMS 0x0000000086d00000, 0x0000000086d00000| Untracked 
| 106|0x0000000086e00000, 0x0000000086e00000, 0x0000000086f00000|  0%| F|  |TAMS 0x0000000086e00000, 0x0000000086e00000| Untracked 
| 107|0x0000000086f00000, 0x0000000086f00000, 0x0000000087000000|  0%| F|  |TAMS 0x0000000086f00000, 0x0000000086f00000| Untracked 
| 108|0x0000000087000000, 0x0000000087000000, 0x0000000087100000|  0%| F|  |TAMS 0x0000000087000000, 0x0000000087000000| Untracked 
| 109|0x0000000087100000, 0x0000000087100000, 0x0000000087200000|  0%| F|  |TAMS 0x0000000087100000, 0x0000000087100000| Untracked 
| 110|0x0000000087200000, 0x0000000087200000, 0x0000000087300000|  0%| F|  |TAMS 0x0000000087200000, 0x0000000087200000| Untracked 
| 111|0x0000000087300000, 0x0000000087300000, 0x0000000087400000|  0%| F|  |TAMS 0x0000000087300000, 0x0000000087300000| Untracked 
| 112|0x0000000087400000, 0x0000000087400000, 0x0000000087500000|  0%| F|  |TAMS 0x0000000087400000, 0x0000000087400000| Untracked 
| 113|0x0000000087500000, 0x0000000087500000, 0x0000000087600000|  0%| F|  |TAMS 0x0000000087500000, 0x0000000087500000| Untracked 
| 114|0x0000000087600000, 0x0000000087600000, 0x0000000087700000|  0%| F|  |TAMS 0x0000000087600000, 0x0000000087600000| Untracked 
| 115|0x0000000087700000, 0x0000000087700000, 0x0000000087800000|  0%| F|  |TAMS 0x0000000087700000, 0x0000000087700000| Untracked 
| 116|0x0000000087800000, 0x0000000087800000, 0x0000000087900000|  0%| F|  |TAMS 0x0000000087800000, 0x0000000087800000| Untracked 
| 117|0x0000000087900000, 0x0000000087900000, 0x0000000087a00000|  0%| F|  |TAMS 0x0000000087900000, 0x0000000087900000| Untracked 
| 118|0x0000000087a00000, 0x0000000087a00000, 0x0000000087b00000|  0%| F|  |TAMS 0x0000000087a00000, 0x0000000087a00000| Untracked 
| 119|0x0000000087b00000, 0x0000000087b80800, 0x0000000087c00000| 50%| E|  |TAMS 0x0000000087b00000, 0x0000000087b00000| Complete 
| 120|0x0000000087c00000, 0x0000000087d00000, 0x0000000087d00000|100%| E|CS|TAMS 0x0000000087c00000, 0x0000000087c00000| Complete 
| 121|0x0000000087d00000, 0x0000000087e00000, 0x0000000087e00000|100%| E|CS|TAMS 0x0000000087d00000, 0x0000000087d00000| Complete 
| 122|0x0000000087e00000, 0x0000000087f00000, 0x0000000087f00000|100%| E|CS|TAMS 0x0000000087e00000, 0x0000000087e00000| Complete 
| 123|0x0000000087f00000, 0x0000000088000000, 0x0000000088000000|100%| E|CS|TAMS 0x0000000087f00000, 0x0000000087f00000| Complete 
| 124|0x0000000088000000, 0x0000000088100000, 0x0000000088100000|100%| E|CS|TAMS 0x0000000088000000, 0x0000000088000000| Complete 
| 125|0x0000000088100000, 0x0000000088200000, 0x0000000088200000|100%| E|CS|TAMS 0x0000000088100000, 0x0000000088100000| Complete 
| 126|0x0000000088200000, 0x0000000088300000, 0x0000000088300000|100%| E|CS|TAMS 0x0000000088200000, 0x0000000088200000| Complete 
| 127|0x0000000088300000, 0x0000000088400000, 0x0000000088400000|100%| E|CS|TAMS 0x0000000088300000, 0x0000000088300000| Complete 

Card table byte_map: [0x000001a9faaf0000,0x000001a9faef0000] _byte_map_base: 0x000001a9fa6ee000

Marking Bits (Prev, Next): (CMBitMap*) 0x000001a9f61ca960, (CMBitMap*) 0x000001a9f61ca928
 Prev Bits: [0x000001a9fd2e0000, 0x000001a9ff2d0000)
 Next Bits: [0x000001a9fb2f0000, 0x000001a9fd2e0000)

Polling page: 0x000001a9f48e0000

Metaspace:

Usage:
  Non-class:     28.41 MB capacity,    28.17 MB (>99%) used,   203.34 KB ( <1%) free+waste,    50.38 KB ( <1%) overhead. 
      Class:      4.22 MB capacity,     4.05 MB ( 96%) used,   154.48 KB (  4%) free+waste,    24.50 KB ( <1%) overhead. 
       Both:     32.64 MB capacity,    32.21 MB ( 99%) used,   357.82 KB (  1%) free+waste,    74.88 KB ( <1%) overhead. 

Virtual space:
  Non-class space:       30.00 MB reserved,      28.67 MB ( 96%) committed 
      Class space:        1.00 GB reserved,       4.25 MB ( <1%) committed 
             Both:        1.03 GB reserved,      32.92 MB (  3%) committed 

Chunk freelists:
   Non-Class:  137.00 KB
       Class:  27.00 KB
        Both:  164.00 KB

MaxMetaspaceSize: 17179869184.00 GB
CompressedClassSpaceSize: 1.00 GB

CodeHeap 'non-profiled nmethods': size=120000Kb used=925Kb max_used=925Kb free=119074Kb
 bounds [0x000001a987ad0000, 0x000001a987d40000, 0x000001a98f000000]
CodeHeap 'profiled nmethods': size=120000Kb used=4432Kb max_used=4432Kb free=115567Kb
 bounds [0x000001a9805a0000, 0x000001a980a00000, 0x000001a987ad0000]
CodeHeap 'non-nmethods': size=5760Kb used=1207Kb max_used=1211Kb free=4552Kb
 bounds [0x000001a980000000, 0x000001a980270000, 0x000001a9805a0000]
 total_blobs=2901 nmethods=2378 adapters=433
 compilation: enabled
              stopped_count=0, restarted_count=0
 full_count=0

Compilation events (20 events):
Event: 3.147 Thread 0x000001a9ffd36000 nmethod 2367 0x000001a9809ec090 code [0x000001a9809ec240, 0x000001a9809ec3c8]
Event: 3.153 Thread 0x000001a9ffd2f000 2369   !   4       jdk.internal.loader.URLClassPath$JarLoader::ensureOpen (36 bytes)
Event: 3.154 Thread 0x000001a9ffd2f000 nmethod 2369 0x000001a987bae390 code [0x000001a987bae540, 0x000001a987bae668]
Event: 3.155 Thread 0x000001a9ffd2f000 2370   !   4       java.net.URL::<init> (543 bytes)
Event: 3.157 Thread 0x000001a9ffd36000 2371       1       org.jetbrains.kotlin.com.intellij.psi.tree.IElementType::getIndex (5 bytes)
Event: 3.157 Thread 0x000001a9ffd36000 nmethod 2371 0x000001a987bae790 code [0x000001a987bae940, 0x000001a987bae9f8]
Event: 3.178 Thread 0x000001a9ffd36000 2373       3       java.lang.Class::arrayContentsEq (70 bytes)
Event: 3.179 Thread 0x000001a9ffd36000 nmethod 2373 0x000001a9809ec490 code [0x000001a9809ec660, 0x000001a9809eca58]
Event: 3.179 Thread 0x000001a9ffd36000 2374       3       java.lang.Class::privateGetDeclaredConstructors (79 bytes)
Event: 3.179 Thread 0x000001a9ffd36000 nmethod 2374 0x000001a9809ecb90 code [0x000001a9809ecda0, 0x000001a9809ed2a8]
Event: 3.179 Thread 0x000001a9ffd36000 2375       3       jdk.internal.reflect.ReflectionFactory::copyConstructor (10 bytes)
Event: 3.180 Thread 0x000001a9ffd36000 nmethod 2375 0x000001a9809ed490 code [0x000001a9809ed680, 0x000001a9809ed988]
Event: 3.180 Thread 0x000001a9ffd36000 2376       3       java.lang.reflect.ReflectAccess::copyConstructor (5 bytes)
Event: 3.180 Thread 0x000001a9ffd36000 nmethod 2376 0x000001a9809edb10 code [0x000001a9809edcc0, 0x000001a9809edde8]
Event: 3.180 Thread 0x000001a9ffd36000 2377       3       java.lang.reflect.Constructor::copy (72 bytes)
Event: 3.180 Thread 0x000001a9ffd36000 nmethod 2377 0x000001a9809ede90 code [0x000001a9809ee060, 0x000001a9809ee3f8]
Event: 3.182 Thread 0x000001a9ffd36000 2378   !   3       org.jetbrains.kotlin.com.intellij.psi.tree.IElementType::<init> (295 bytes)
Event: 3.185 Thread 0x000001a9ffd36000 nmethod 2378 0x000001a9809ee510 code [0x000001a9809eeae0, 0x000001a9809f1918]
Event: 3.185 Thread 0x000001a9ffd36000 2379       3       org.jetbrains.kotlin.com.intellij.psi.tree.IElementType::<init> (29 bytes)
Event: 3.186 Thread 0x000001a9ffd36000 nmethod 2379 0x000001a9809f2e90 code [0x000001a9809f3080, 0x000001a9809f33a8]

GC Heap History (6 events):
Event: 1.019 GC heap before
{Heap before GC invocations=0 (full 0):
 garbage-first heap   total 131072K, used 27648K [0x0000000080400000, 0x0000000100000000)
  region size 1024K, 24 young (24576K), 0 survivors (0K)
 Metaspace       used 12381K, capacity 12504K, committed 12800K, reserved 1060864K
  class space    used 1165K, capacity 1207K, committed 1280K, reserved 1048576K
}
Event: 1.025 GC heap after
{Heap after GC invocations=1 (full 0):
 garbage-first heap   total 131072K, used 5952K [0x0000000080400000, 0x0000000100000000)
  region size 1024K, 3 young (3072K), 3 survivors (3072K)
 Metaspace       used 12381K, capacity 12504K, committed 12800K, reserved 1060864K
  class space    used 1165K, capacity 1207K, committed 1280K, reserved 1048576K
}
Event: 1.873 GC heap before
{Heap before GC invocations=1 (full 0):
 garbage-first heap   total 131072K, used 41792K [0x0000000080400000, 0x0000000100000000)
  region size 1024K, 39 young (39936K), 3 survivors (3072K)
 Metaspace       used 20924K, capacity 21178K, committed 21296K, reserved 1069056K
  class space    used 2273K, capacity 2379K, committed 2432K, reserved 1048576K
}
Event: 1.884 GC heap after
{Heap after GC invocations=2 (full 0):
 garbage-first heap   total 131072K, used 9318K [0x0000000080400000, 0x0000000100000000)
  region size 1024K, 7 young (7168K), 7 survivors (7168K)
 Metaspace       used 20924K, capacity 21178K, committed 21296K, reserved 1069056K
  class space    used 2273K, capacity 2379K, committed 2432K, reserved 1048576K
}
Event: 3.025 GC heap before
{Heap before GC invocations=3 (full 0):
 garbage-first heap   total 131072K, used 63590K [0x0000000080400000, 0x0000000100000000)
  region size 1024K, 55 young (56320K), 7 survivors (7168K)
 Metaspace       used 31528K, capacity 32032K, committed 32432K, reserved 1077248K
  class space    used 3788K, capacity 3972K, committed 4096K, reserved 1048576K
}
Event: 3.051 GC heap after
{Heap after GC invocations=4 (full 0):
 garbage-first heap   total 131072K, used 20827K [0x0000000080400000, 0x0000000100000000)
  region size 1024K, 7 young (7168K), 7 survivors (7168K)
 Metaspace       used 31528K, capacity 32032K, committed 32432K, reserved 1077248K
  class space    used 3788K, capacity 3972K, committed 4096K, reserved 1048576K
}

Deoptimization events (20 events):
Event: 2.737 Thread 0x000001a9f6189000 Uncommon trap: trap_request=0xffffffde fr.pc=0x000001a987b5f384 relative=0x0000000000000064
Event: 2.737 Thread 0x000001a9f6189000 Uncommon trap: reason=class_check action=maybe_recompile pc=0x000001a987b5f384 method=java.util.LinkedHashMap.afterNodeInsertion(Z)V @ 15 c2
Event: 2.737 Thread 0x000001a9f6189000 DEOPT PACKING pc=0x000001a987b5f384 sp=0x0000001e568fe0a0
Event: 2.737 Thread 0x000001a9f6189000 DEOPT UNPACKING pc=0x000001a98002662f sp=0x0000001e568fe018 mode 2
Event: 2.888 Thread 0x000001a9f6189000 Uncommon trap: trap_request=0xffffff4d fr.pc=0x000001a987b93ec4 relative=0x00000000000006a4
Event: 2.888 Thread 0x000001a9f6189000 Uncommon trap: reason=unstable_if action=reinterpret pc=0x000001a987b93ec4 method=org.jetbrains.kotlin.com.intellij.openapi.vfs.impl.ZipEntryMap.isTheOne(Lorg/jetbrains/kotlin/com/intellij/openapi/vfs/impl/ArchiveHandler$EntryInfo;Ljava/lang/CharSequence;
Event: 2.888 Thread 0x000001a9f6189000 DEOPT PACKING pc=0x000001a987b93ec4 sp=0x0000001e568fe410
Event: 2.888 Thread 0x000001a9f6189000 DEOPT UNPACKING pc=0x000001a98002662f sp=0x0000001e568fe2f0 mode 2
Event: 2.889 Thread 0x000001a9f6189000 Uncommon trap: trap_request=0xffffff4d fr.pc=0x000001a987b95838 relative=0x0000000000000838
Event: 2.889 Thread 0x000001a9f6189000 Uncommon trap: reason=unstable_if action=reinterpret pc=0x000001a987b95838 method=org.jetbrains.kotlin.com.intellij.openapi.vfs.impl.ZipEntryMap.isTheOne(Lorg/jetbrains/kotlin/com/intellij/openapi/vfs/impl/ArchiveHandler$EntryInfo;Ljava/lang/CharSequence;
Event: 2.889 Thread 0x000001a9f6189000 DEOPT PACKING pc=0x000001a987b95838 sp=0x0000001e568fe2c0
Event: 2.889 Thread 0x000001a9f6189000 DEOPT UNPACKING pc=0x000001a98002662f sp=0x0000001e568fe228 mode 2
Event: 2.890 Thread 0x000001a9f6189000 Uncommon trap: trap_request=0xffffff4d fr.pc=0x000001a987b925c4 relative=0x00000000000006a4
Event: 2.890 Thread 0x000001a9f6189000 Uncommon trap: reason=unstable_if action=reinterpret pc=0x000001a987b925c4 method=org.jetbrains.kotlin.com.intellij.openapi.vfs.impl.ZipEntryMap.isTheOne(Lorg/jetbrains/kotlin/com/intellij/openapi/vfs/impl/ArchiveHandler$EntryInfo;Ljava/lang/CharSequence;
Event: 2.890 Thread 0x000001a9f6189000 DEOPT PACKING pc=0x000001a987b925c4 sp=0x0000001e568fe3d0
Event: 2.890 Thread 0x000001a9f6189000 DEOPT UNPACKING pc=0x000001a98002662f sp=0x0000001e568fe318 mode 2
Event: 2.890 Thread 0x000001a9f6189000 Uncommon trap: trap_request=0xffffff4d fr.pc=0x000001a987b913c0 relative=0x0000000000000440
Event: 2.890 Thread 0x000001a9f6189000 Uncommon trap: reason=unstable_if action=reinterpret pc=0x000001a987b913c0 method=org.jetbrains.kotlin.com.intellij.openapi.vfs.impl.ZipEntryMap.isTheOne(Lorg/jetbrains/kotlin/com/intellij/openapi/vfs/impl/ArchiveHandler$EntryInfo;Ljava/lang/CharSequence;
Event: 2.890 Thread 0x000001a9f6189000 DEOPT PACKING pc=0x000001a987b913c0 sp=0x0000001e568fe260
Event: 2.890 Thread 0x000001a9f6189000 DEOPT UNPACKING pc=0x000001a98002662f sp=0x0000001e568fe220 mode 2

Classes redefined (0 events):
No events

Internal exceptions (20 events):
Event: 1.935 Thread 0x000001a9f6189000 Exception <a 'java/lang/NoSuchMethodError'{0x000000008819ef18}: 'long java.lang.invoke.DirectMethodHandle$Holder.invokeStatic(java.lang.Object)'> (0x000000008819ef18) thrown at [./src/hotspot/share/interpreter/linkResolver.cpp, line 773]
Event: 1.935 Thread 0x000001a9f6189000 Exception <a 'java/lang/NoSuchMethodError'{0x00000000881a1d70}: 'long java.lang.invoke.DirectMethodHandle$Holder.invokeStaticInit(java.lang.Object)'> (0x00000000881a1d70) thrown at [./src/hotspot/share/interpreter/linkResolver.cpp, line 773]
Event: 2.002 Thread 0x000001a9f6189000 Exception <a 'java/lang/NoSuchMethodError'{0x0000000087d4ab00}: 'int java.lang.invoke.DirectMethodHandle$Holder.invokeStaticInit(java.lang.Object, java.lang.Object, java.lang.Object)'> (0x0000000087d4ab00) thrown at [./src/hotspot/share/interpreter/linkResolver.cpp, line 773]
Event: 2.006 Thread 0x000001a9f6189000 Exception <a 'java/lang/NoSuchMethodError'{0x0000000087d75730}: 'int java.lang.invoke.DirectMethodHandle$Holder.invokeStaticInit(java.lang.Object, java.lang.Object)'> (0x0000000087d75730) thrown at [./src/hotspot/share/interpreter/linkResolver.cpp, line 773]
Event: 2.062 Thread 0x000001a9f6189000 Exception <a 'java/lang/NoSuchMethodError'{0x0000000087b8bcf0}: 'void java.lang.invoke.DirectMethodHandle$Holder.invokeSpecial(java.lang.Object, java.lang.Object)'> (0x0000000087b8bcf0) thrown at [./src/hotspot/share/interpreter/linkResolver.cpp, line 773]
Event: 2.301 Thread 0x000001a9f6189000 Exception <a 'java/lang/NoSuchMethodError'{0x00000000872133e8}: 'java.lang.Object java.lang.invoke.DirectMethodHandle$Holder.invokeStatic(java.lang.Object, java.lang.Object, java.lang.Object, java.lang.Object, java.lang.Object, java.lang.Object, java.lang.Object, java.lang.Object, java.lang.Object, java.lang.Object, java.lang.Object, java.lang.Object, java.lang.Object, java.lang.Object, java.lang.Object)'> (0x00000000872133e8) thrown at [./src/hotspot/share/interpreter/linkResolver.cpp, line 773]
Event: 2.303 Thread 0x000001a9f6189000 Exception <a 'java/lang/NoSuchMethodError'{0x00000000872213f0}: 'java.lang.Object java.lang.invoke.DirectMethodHandle$Holder.invokeStatic(java.lang.Object, java.lang.Object, java.lang.Object, java.lang.Object, java.lang.Object, java.lang.Object, java.lang.Object, java.lang.Object, java.lang.Object, java.lang.Object, java.lang.Object, java.lang.Object, java.lang.Object, java.lang.Object, java.lang.Object, java.lang.Object)'> (0x00000000872213f0) thrown at [./src/hotspot/share/interpreter/linkResolver.cpp, l
Event: 2.305 Thread 0x000001a9f6189000 Exception <a 'java/lang/NoSuchMethodError'{0x000000008722f308}: 'java.lang.Object java.lang.invoke.DirectMethodHandle$Holder.invokeSpecial(java.lang.Object, java.lang.Object, int, int, java.lang.Object, java.lang.Object, java.lang.Object)'> (0x000000008722f308) thrown at [./src/hotspot/share/interpreter/linkResolver.cpp, line 773]
Event: 2.305 Thread 0x000001a9f6189000 Exception <a 'java/lang/NoSuchMethodError'{0x0000000087232b40}: 'java.lang.Object java.lang.invoke.DelegatingMethodHandle$Holder.reinvoke_L(java.lang.Object, int, int, java.lang.Object, java.lang.Object, java.lang.Object)'> (0x0000000087232b40) thrown at [./src/hotspot/share/interpreter/linkResolver.cpp, line 773]
Event: 2.306 Thread 0x000001a9f6189000 Exception <a 'java/lang/NoSuchMethodError'{0x0000000087236ec8}: 'java.lang.Object java.lang.invoke.DirectMethodHandle$Holder.invokeStatic(java.lang.Object, java.lang.Object, java.lang.Object, java.lang.Object, int)'> (0x0000000087236ec8) thrown at [./src/hotspot/share/interpreter/linkResolver.cpp, line 773]
Event: 2.359 Thread 0x000001a9f6189000 Exception <a 'sun/nio/fs/WindowsException'{0x0000000087176d38}> (0x0000000087176d38) thrown at [./src/hotspot/share/prims/jni.cpp, line 615]
Event: 2.359 Thread 0x000001a9f6189000 Exception <a 'sun/nio/fs/WindowsException'{0x00000000871775b0}> (0x00000000871775b0) thrown at [./src/hotspot/share/prims/jni.cpp, line 615]
Event: 2.359 Thread 0x000001a9f6189000 Exception <a 'sun/nio/fs/WindowsException'{0x0000000087177e38}> (0x0000000087177e38) thrown at [./src/hotspot/share/prims/jni.cpp, line 615]
Event: 2.360 Thread 0x000001a9f6189000 Exception <a 'sun/nio/fs/WindowsException'{0x0000000087178830}> (0x0000000087178830) thrown at [./src/hotspot/share/prims/jni.cpp, line 615]
Event: 2.360 Thread 0x000001a9f6189000 Exception <a 'sun/nio/fs/WindowsException'{0x0000000087179138}> (0x0000000087179138) thrown at [./src/hotspot/share/prims/jni.cpp, line 615]
Event: 2.360 Thread 0x000001a9f6189000 Exception <a 'sun/nio/fs/WindowsException'{0x0000000087179a70}> (0x0000000087179a70) thrown at [./src/hotspot/share/prims/jni.cpp, line 615]
Event: 2.362 Thread 0x000001a9f6189000 Exception <a 'java/lang/NoSuchMethodError'{0x0000000087180280}: 'void java.lang.invoke.DirectMethodHandle$Holder.invokeStatic(java.lang.Object, java.lang.Object, java.lang.Object, java.lang.Object)'> (0x0000000087180280) thrown at [./src/hotspot/share/interpreter/linkResolver.cpp, line 773]
Event: 2.438 Thread 0x000001a9f6189000 Exception <a 'java/lang/NoSuchMethodError'{0x0000000086d589b0}: 'void java.lang.invoke.DirectMethodHandle$Holder.invokeStaticInit(java.lang.Object, java.lang.Object)'> (0x0000000086d589b0) thrown at [./src/hotspot/share/interpreter/linkResolver.cpp, line 773]
Event: 2.534 Thread 0x000001a9f6189000 Exception <a 'java/lang/NoSuchMethodError'{0x0000000086850a60}: 'void java.lang.invoke.DirectMethodHandle$Holder.invokeVirtual(java.lang.Object, java.lang.Object)'> (0x0000000086850a60) thrown at [./src/hotspot/share/interpreter/linkResolver.cpp, line 773]
Event: 2.543 Thread 0x000001a9f6189000 Exception <a 'java/lang/NoSuchMethodError'{0x00000000868c5b48}: 'int java.lang.invoke.DirectMethodHandle$Holder.invokeVirtual(java.lang.Object, java.lang.Object)'> (0x00000000868c5b48) thrown at [./src/hotspot/share/interpreter/linkResolver.cpp, line 773]

Events (20 events):
Event: 3.204 loading class org/jetbrains/kotlin/psi/KtClassLiteralExpression
Event: 3.204 loading class org/jetbrains/kotlin/psi/KtClassLiteralExpression done
Event: 3.205 loading class org/jetbrains/kotlin/psi/KtSafeQualifiedExpression
Event: 3.205 loading class org/jetbrains/kotlin/psi/KtSafeQualifiedExpression done
Event: 3.206 loading class org/jetbrains/kotlin/psi/KtObjectLiteralExpression
Event: 3.206 loading class org/jetbrains/kotlin/psi/KtObjectLiteralExpression done
Event: 3.206 loading class org/jetbrains/kotlin/psi/KtWhenExpression
Event: 3.206 loading class org/jetbrains/kotlin/psi/KtWhenExpression done
Event: 3.207 loading class org/jetbrains/kotlin/psi/KtWhenEntry
Event: 3.207 loading class org/jetbrains/kotlin/psi/KtWhenEntry done
Event: 3.207 loading class org/jetbrains/kotlin/psi/KtWhenConditionInRange
Event: 3.207 loading class org/jetbrains/kotlin/psi/KtWhenConditionInRange done
Event: 3.208 loading class org/jetbrains/kotlin/psi/KtWhenCondition
Event: 3.208 loading class org/jetbrains/kotlin/psi/KtWhenCondition done
Event: 3.208 loading class org/jetbrains/kotlin/psi/KtWhenConditionIsPattern
Event: 3.208 loading class org/jetbrains/kotlin/psi/KtWhenConditionIsPattern done
Event: 3.209 loading class org/jetbrains/kotlin/psi/KtWhenConditionWithExpression
Event: 3.209 loading class org/jetbrains/kotlin/psi/KtWhenConditionWithExpression done
Event: 3.209 loading class org/jetbrains/kotlin/psi/KtCollectionLiteralExpression
Event: 3.209 loading class org/jetbrains/kotlin/psi/KtCollectionLiteralExpression done


Dynamic libraries:
0x00007ff70d1b0000 - 0x00007ff70d1ba000 	C:\Program Files\Android\Android Studio\jre\bin\java.exe
0x00007fffe7490000 - 0x00007fffe7688000 	C:\WINDOWS\SYSTEM32\ntdll.dll
0x00007fffe6320000 - 0x00007fffe63dd000 	C:\WINDOWS\System32\KERNEL32.DLL
0x00007fffe51b0000 - 0x00007fffe547e000 	C:\WINDOWS\System32\KERNELBASE.dll
0x00007fffe4d00000 - 0x00007fffe4e00000 	C:\WINDOWS\System32\ucrtbase.dll
0x00007fffc6840000 - 0x00007fffc6859000 	C:\Program Files\Android\Android Studio\jre\bin\jli.dll
0x00007fffbb520000 - 0x00007fffbb537000 	C:\Program Files\Android\Android Studio\jre\bin\VCRUNTIME140.dll
0x00007fffe5a00000 - 0x00007fffe5ba0000 	C:\WINDOWS\System32\USER32.dll
0x00007fffd01c0000 - 0x00007fffd045a000 	C:\WINDOWS\WinSxS\amd64_microsoft.windows.common-controls_6595b64144ccf1df_6.0.19041.1110_none_60b5254171f9507e\COMCTL32.dll
0x00007fffe4ca0000 - 0x00007fffe4cc2000 	C:\WINDOWS\System32\win32u.dll
0x00007fffe5760000 - 0x00007fffe57fe000 	C:\WINDOWS\System32\msvcrt.dll
0x00007fffe6ff0000 - 0x00007fffe701a000 	C:\WINDOWS\System32\GDI32.dll
0x00007fffe4e90000 - 0x00007fffe4f9b000 	C:\WINDOWS\System32\gdi32full.dll
0x00007fffe4c00000 - 0x00007fffe4c9d000 	C:\WINDOWS\System32\msvcp_win.dll
0x00007fffe63e0000 - 0x00007fffe6410000 	C:\WINDOWS\System32\IMM32.DLL
0x00007fffb8b30000 - 0x00007fffb8bcd000 	C:\Program Files\Android\Android Studio\jre\bin\msvcp140.dll
0x00007fffb78a0000 - 0x00007fffb8375000 	C:\Program Files\Android\Android Studio\jre\bin\server\jvm.dll
0x00007fffe6010000 - 0x00007fffe60be000 	C:\WINDOWS\System32\ADVAPI32.dll
0x00007fffe5800000 - 0x00007fffe589c000 	C:\WINDOWS\System32\sechost.dll
0x00007fffe60c0000 - 0x00007fffe61e5000 	C:\WINDOWS\System32\RPCRT4.dll
0x00007fffe56f0000 - 0x00007fffe56f8000 	C:\WINDOWS\System32\PSAPI.DLL
0x00007fffe2380000 - 0x00007fffe2389000 	C:\WINDOWS\SYSTEM32\WSOCK32.dll
0x00007fffd96e0000 - 0x00007fffd9707000 	C:\WINDOWS\SYSTEM32\WINMM.dll
0x00007fffdf910000 - 0x00007fffdf91a000 	C:\WINDOWS\SYSTEM32\VERSION.dll
0x00007fffe55a0000 - 0x00007fffe560b000 	C:\WINDOWS\System32\WS2_32.dll
0x00007fffe2ac0000 - 0x00007fffe2ad2000 	C:\WINDOWS\SYSTEM32\kernel.appcore.dll
0x00007fffe2360000 - 0x00007fffe2371000 	C:\Program Files\Android\Android Studio\jre\bin\verify.dll
0x00007fffd0d90000 - 0x00007fffd0f74000 	C:\WINDOWS\SYSTEM32\DBGHELP.DLL
0x00007fffdedf0000 - 0x00007fffdee1c000 	C:\WINDOWS\SYSTEM32\dbgcore.DLL
0x00007fffe4e00000 - 0x00007fffe4e82000 	C:\WINDOWS\System32\bcryptPrimitives.dll
0x00007fffcd9a0000 - 0x00007fffcd9c9000 	C:\Program Files\Android\Android Studio\jre\bin\java.dll
0x00007fffcedd0000 - 0x00007fffceddb000 	C:\Program Files\Android\Android Studio\jre\bin\jimage.dll
0x00007fffce8f0000 - 0x00007fffce908000 	C:\Program Files\Android\Android Studio\jre\bin\zip.dll
0x00007fffe6530000 - 0x00007fffe6c73000 	C:\WINDOWS\System32\SHELL32.dll
0x00007fffe2cc0000 - 0x00007fffe3455000 	C:\WINDOWS\SYSTEM32\windows.storage.dll
0x00007fffe6c80000 - 0x00007fffe6fd4000 	C:\WINDOWS\System32\combase.dll
0x00007fffe4540000 - 0x00007fffe4570000 	C:\WINDOWS\SYSTEM32\Wldp.dll
0x00007fffe54f0000 - 0x00007fffe559d000 	C:\WINDOWS\System32\SHCORE.dll
0x00007fffe62c0000 - 0x00007fffe6315000 	C:\WINDOWS\System32\shlwapi.dll
0x00007fffe4af0000 - 0x00007fffe4b0f000 	C:\WINDOWS\SYSTEM32\profapi.dll
0x00007fffbc8b0000 - 0x00007fffbc8ca000 	C:\Program Files\Android\Android Studio\jre\bin\net.dll
0x00007fffdecb0000 - 0x00007fffdedba000 	C:\WINDOWS\SYSTEM32\WINHTTP.dll
0x00007fffe42a0000 - 0x00007fffe430a000 	C:\WINDOWS\system32\mswsock.dll
0x00007fffbc890000 - 0x00007fffbc8a4000 	C:\Program Files\Android\Android Studio\jre\bin\nio.dll

dbghelp: loaded successfully - version: 4.0.5 - missing functions: none
symbol engine: initialized successfully - sym options: 0x614 - pdb path: .;C:\Program Files\Android\Android Studio\jre\bin;C:\WINDOWS\SYSTEM32;C:\WINDOWS\WinSxS\amd64_microsoft.windows.common-controls_6595b64144ccf1df_6.0.19041.1110_none_60b5254171f9507e;C:\Program Files\Android\Android Studio\jre\bin\server

VM Arguments:
java_command: org.jetbrains.kotlin.cli.jvm.K2JVMCompiler @C:\Users\David\AndroidStudioProjects\BlueTV\app\build\20220928_14689430500682561018.compiler.options
java_class_path (initial): C:\Users\David\.gradle\caches\modules-2\files-2.1\org.jetbrains.kotlin\kotlin-compiler-embeddable\1.6.21\97bdd5a752ce73b58ef16c17bc7f0ea2faff7a2e\kotlin-compiler-embeddable-1.6.21.jar;C:\Users\David\.gradle\caches\modules-2\files-2.1\org.jetbrains.kotlin\kotlin-reflect\1.6.21\5dc3574d9b7bebfcb4ec6b10ada4aaa9e140bd0b\kotlin-reflect-1.6.21.jar;C:\Users\David\.gradle\caches\modules-2\files-2.1\org.jetbrains.kotlin\kotlin-stdlib\1.6.21\11ef67f1900634fd951bad28c53ec957fabbe5b8\kotlin-stdlib-1.6.21.jar;C:\Users\David\.gradle\caches\modules-2\files-2.1\org.jetbrains.kotlin\kotlin-script-runtime\1.6.21\99c6675100da5d6d5b1c5a1032f27f28008d101b\kotlin-script-runtime-1.6.21.jar;C:\Users\David\.gradle\caches\modules-2\files-2.1\org.jetbrains.kotlin\kotlin-daemon-embeddable\1.6.21\46b78cf392e1c4f10854c3cadba44abb7b82250f\kotlin-daemon-embeddable-1.6.21.jar;C:\Users\David\.gradle\caches\modules-2\files-2.1\org.jetbrains.intellij.deps\trove4j\1.0.20200330\3afb14d5f9ceb459d724e907a21145e8ff394f02\trove4j-1.0.20200330.jar;C:\Users\David\.gradle\caches\modules-2\files-2.1\net.java.dev.jna\jna\5.6.0\330f2244e9030119ab3030fc3fededc86713d9cc\jna-5.6.0.jar;C:\Users\David\.gradle\caches\modules-2\files-2.1\org.jetbrains.kotlin\kotlin-stdlib-common\1.6.21\5e5b55c26dbc80372a920aef60eb774b714559b8\kotlin-stdlib-common-1.6.21.jar;C:\Users\David\.gradle\caches\modules-2\files-2.1\org.jetbrains\annotations\13.0\919f0dfe192fb4e063e7dacadee7f8bb9a2672a9\annotations-13.0.jar
Launcher Type: SUN_STANDARD

[Global flags]
     intx CICompilerCount                          = 4                                         {product} {ergonomic}
     uint ConcGCThreads                            = 2                                         {product} {ergonomic}
     uint G1ConcRefinementThreads                  = 8                                         {product} {ergonomic}
   size_t G1HeapRegionSize                         = 1048576                                   {product} {ergonomic}
    uintx GCDrainStackTargetSize                   = 64                                        {product} {ergonomic}
   size_t InitialHeapSize                          = 134217728                                 {product} {ergonomic}
   size_t MarkStackSize                            = 4194304                                   {product} {ergonomic}
   size_t MaxHeapSize                              = 2143289344                                {product} {ergonomic}
   size_t MaxNewSize                               = 1285554176                                {product} {ergonomic}
   size_t MinHeapDeltaBytes                        = 1048576                                   {product} {ergonomic}
    uintx NonNMethodCodeHeapSize                   = 5836300                                {pd product} {ergonomic}
    uintx NonProfiledCodeHeapSize                  = 122910970                              {pd product} {ergonomic}
    uintx ProfiledCodeHeapSize                     = 122910970                              {pd product} {ergonomic}
    uintx ReservedCodeCacheSize                    = 251658240                              {pd product} {ergonomic}
     bool SegmentedCodeCache                       = true                                      {product} {ergonomic}
     bool UseCompressedClassPointers               = true                                 {lp64_product} {ergonomic}
     bool UseCompressedOops                        = true                                 {lp64_product} {ergonomic}
     bool UseG1GC                                  = true                                      {product} {ergonomic}
     bool UseLargePagesIndividualAllocation        = false                                  {pd product} {ergonomic}

Logging:
Log output configuration:
 #0: stdout all=warning uptime,level,tags
 #1: stderr all=off uptime,level,tags

Environment Variables:
PATH=C:\WINDOWS\system32;C:\WINDOWS;C:\WINDOWS\System32\Wbem;C:\WINDOWS\System32\WindowsPowerShell\v1.0\;C:\WINDOWS\System32\OpenSSH\;C:\Program Files\dotnet\;C:\Program Files\Git\cmd;C:\Program Files\nodejs\;C:\Users\David\AppData\Local\Microsoft\WindowsApps;C:\Users\JULIETH\AppData\Local\GitHubDesktop\bin;C:\Users\JULIETH\AppData\Local\Programs\Microsoft VS Code\bin;C:\Users\JULIETH\AppData\Roaming\npm
USERNAME=JULIETH
OS=Windows_NT
PROCESSOR_IDENTIFIER=AMD64 Family 21 Model 2 Stepping 0, AuthenticAMD



---------------  S Y S T E M  ---------------

OS: Windows 10 , 64 bit Build 19041 (10.0.19041.1889)
OS uptime: 0 days 0:14 hours

CPU:total 8 (initial active 8) (8 cores per cpu, 1 threads per core) family 21 model 2 stepping 0 microcode 0x0, cmov, cx8, fxsr, mmx, sse, sse2, sse3, ssse3, sse4.1, sse4.2, popcnt, avx, aes, clmul, mmxext, 3dnowpref, lzcnt, sse4a, tsc, tscinvbit, tscinv, bmi1, fma

Memory: 4k page, system-wide physical 8168M (1411M free)
TotalPageFile size 8184M (AvailPageFile size 12M)
current process WorkingSet (physical memory assigned to process): 190M, peak: 200M
current process commit charge ("private bytes"): 282M, peak: 290M

vm_info: OpenJDK 64-Bit Server VM (11.0.11+9-b60-7590822) for windows-amd64 JRE (11.0.11+9-b60-7590822), built on Jul 29 2021 21:43:44 by "builder" with MS VC++ 14.0 (VS2015)

END.
