#
# There is insufficient memory for the Java Runtime Environment to continue.
# Native memory allocation (mmap) failed to map 32505856 bytes for Failed to commit area from 0x0000000089a00000 to 0x000000008b900000 of length 32505856.
# Possible reasons:
#   The system is out of physical RAM or swap space
#   The process is running with CompressedOops enabled, and the Java Heap may be blocking the growth of the native heap
# Possible solutions:
#   Reduce memory load on the system
#   Increase physical memory or swap space
#   Check if swap backing store is full
#   Decrease Java heap size (-Xmx/-Xms)
#   Decrease number of Java threads
#   Decrease Java thread stack sizes (-Xss)
#   Set larger code cache with -XX:ReservedCodeCacheSize=
#   JVM is running with Unscaled Compressed Oops mode in which the Java heap is
#     placed in the first 4GB address space. The Java Heap base address is the
#     maximum limit for the native heap growth. Please use -XX:HeapBaseMinAddress
#     to set the Java Heap base and to place the Java Heap above 4GB virtual address.
# This output file may be truncated or incomplete.
#
#  Out of Memory Error (./src/hotspot/os/windows/os_windows.cpp:3301), pid=9744, tid=15156
#
# JRE version: OpenJDK Runtime Environment (11.0.11+9) (build 11.0.11+9-b60-7590822)
# Java VM: OpenJDK 64-Bit Server VM (11.0.11+9-b60-7590822, mixed mode, tiered, compressed oops, g1 gc, windows-amd64)
# No core dump will be written. Minidumps are not enabled by default on client versions of Windows
#

---------------  S U M M A R Y ------------

Command Line: --add-opens=java.base/java.util=ALL-UNNAMED --add-opens=java.base/java.lang=ALL-UNNAMED --add-opens=java.base/java.lang.invoke=ALL-UNNAMED --add-opens=java.base/java.util=ALL-UNNAMED --add-opens=java.prefs/java.util.prefs=ALL-UNNAMED --add-opens=java.prefs/java.util.prefs=ALL-UNNAMED --add-opens=java.base/java.nio.charset=ALL-UNNAMED --add-opens=java.base/java.net=ALL-UNNAMED --add-opens=java.base/java.util.concurrent.atomic=ALL-UNNAMED -Xmx2048m -Dfile.encoding=UTF-8 -Duser.country=CO -Duser.language=es -Duser.variant org.gradle.launcher.daemon.bootstrap.GradleDaemon 7.2

Host: AMD FX-8320E Eight-Core Processor              , 8 cores, 7G,  Windows 10 , 64 bit Build 19041 (10.0.19041.1889)
Time: Sat Sep  3 05:37:53 2022 Hora est. Pacífico, Sudamérica elapsed time: 10.726697 seconds (0d 0h 0m 10s)

---------------  T H R E A D  ---------------

Current thread (0x000001e81c80c800):  VMThread "VM Thread" [stack: 0x000000412d900000,0x000000412da00000] [id=15156]

Stack: [0x000000412d900000,0x000000412da00000]
[error occurred during error reporting (printing stack bounds), id 0xc0000005, EXCEPTION_ACCESS_VIOLATION (0xc0000005) at pc=0x000001e805ea0f2d]

Native frames: (J=compiled Java code, j=interpreted, Vv=VM code, C=native code)
V  [jvm.dll+0x5f214a]
V  [jvm.dll+0x726fb5]
V  [jvm.dll+0x7285cd]
V  [jvm.dll+0x728be5]
V  [jvm.dll+0x728b9b]
V  [jvm.dll+0x5f14e8]
V  [jvm.dll+0x5f1c78]
C  [ntdll.dll+0xa229f]
C  [ntdll.dll+0x51454]
C  [ntdll.dll+0xa0dce]
C  0x000001e805ea0f2d

VM_Operation (0x000000412ecf5d00): G1CollectForAllocation, mode: safepoint, requested by thread 0x000001e81ed30000


---------------  P R O C E S S  ---------------

Threads class SMR info:
_java_thread_list=0x000001e826598f70, length=125, elements={
0x000001e80239e000, 0x000001e81c810800, 0x000001e81c81b800, 0x000001e81d1b6800,
0x000001e81d1b7800, 0x000001e81d1b9000, 0x000001e81d1bd000, 0x000001e81d1c0800,
0x000001e81c833000, 0x000001e81d303800, 0x000001e81f954000, 0x000001e81dd00800,
0x000001e81fb3b800, 0x000001e81eaf0000, 0x000001e81e7cf800, 0x000001e81f60c800,
0x000001e81ed30000, 0x000001e81ed30800, 0x000001e81fb94800, 0x000001e81fb98800,
0x000001e81fb96000, 0x000001e81fb9a000, 0x000001e81fb97800, 0x000001e81fb99000,
0x000001e81fb9b000, 0x000001e81fb95000, 0x000001e81fb97000, 0x000001e820682000,
0x000001e820680000, 0x000001e820685000, 0x000001e820683800, 0x000001e820686000,
0x000001e820681000, 0x000001e820687800, 0x000001e820688800, 0x000001e820682800,
0x000001e820689000, 0x000001e82068a000, 0x000001e820684000, 0x000001e82068b000,
0x000001e82068e000, 0x000001e82068b800, 0x000001e82068d000, 0x000001e82068c800,
0x000001e822e07000, 0x000001e822e0c800, 0x000001e822e0a000, 0x000001e822e0b000,
0x000001e822e0b800, 0x000001e822e0d800, 0x000001e822e08800, 0x000001e822e07800,
0x000001e822e0e000, 0x000001e822e0f000, 0x000001e822e09800, 0x000001e822e13000,
0x000001e822e10800, 0x000001e822e14000, 0x000001e822e11800, 0x000001e822e14800,
0x000001e822e12800, 0x000001e822e15800, 0x000001e822e10000, 0x000001e820d22000,
0x000001e820d22800, 0x000001e820d1d000, 0x000001e820d21000, 0x000001e820d23800,
0x000001e820d1e000, 0x000001e820d24800, 0x000001e820d20000, 0x000001e820d1f800,
0x000001e820d1e800, 0x000001e820d2b000, 0x000001e820d27800, 0x000001e820d27000,
0x000001e820d28800, 0x000001e820d29000, 0x000001e820d25000, 0x000001e820d2a000,
0x000001e820d2b800, 0x000001e820d26000, 0x000001e820879000, 0x000001e820879800,
0x000001e82087a800, 0x000001e82087c000, 0x000001e82087d000, 0x000001e82087b800,
0x000001e820877800, 0x000001e82087e000, 0x000001e820878000, 0x000001e820884800,
0x000001e820883800, 0x000001e820882000, 0x000001e820881000, 0x000001e82087e800,
0x000001e820882800, 0x000001e820885000, 0x000001e82087f800, 0x000001e820886000,
0x000001e820880000, 0x000001e82441a800, 0x000001e82441a000, 0x000001e824419000,
0x000001e824417800, 0x000001e824415000, 0x000001e824418800, 0x000001e824416800,
0x000001e82441b800, 0x000001e824416000, 0x000001e82441c800, 0x000001e824423000,
0x000001e82441e000, 0x000001e824421000, 0x000001e824420800, 0x000001e824422000,
0x000001e82441d000, 0x000001e824423800, 0x000001e82441f000, 0x000001e82441f800,
0x000001e81e5a0800, 0x000001e81ff06000, 0x000001e820160800, 0x000001e81e5a3000,
0x000001e81e59d000
}

Java Threads: ( => current thread )
  0x000001e80239e000 JavaThread "main" [_thread_blocked, id=884, stack(0x000000412d300000,0x000000412d400000)]
  0x000001e81c810800 JavaThread "Reference Handler" daemon [_thread_blocked, id=2572, stack(0x000000412da00000,0x000000412db00000)]
  0x000001e81c81b800 JavaThread "Finalizer" daemon [_thread_blocked, id=2388, stack(0x000000412db00000,0x000000412dc00000)]
  0x000001e81d1b6800 JavaThread "Signal Dispatcher" daemon [_thread_blocked, id=11480, stack(0x000000412dc00000,0x000000412dd00000)]
  0x000001e81d1b7800 JavaThread "Attach Listener" daemon [_thread_blocked, id=3212, stack(0x000000412dd00000,0x000000412de00000)]
  0x000001e81d1b9000 JavaThread "Service Thread" daemon [_thread_blocked, id=948, stack(0x000000412de00000,0x000000412df00000)]
  0x000001e81d1bd000 JavaThread "C2 CompilerThread0" daemon [_thread_in_native, id=11448, stack(0x000000412df00000,0x000000412e000000)]
  0x000001e81d1c0800 JavaThread "C1 CompilerThread0" daemon [_thread_blocked, id=4728, stack(0x000000412e000000,0x000000412e100000)]
  0x000001e81c833000 JavaThread "Sweeper thread" daemon [_thread_blocked, id=11552, stack(0x000000412e100000,0x000000412e200000)]
  0x000001e81d303800 JavaThread "Common-Cleaner" daemon [_thread_blocked, id=6036, stack(0x000000412e200000,0x000000412e300000)]
  0x000001e81f954000 JavaThread "Daemon health stats" [_thread_blocked, id=10144, stack(0x000000412e800000,0x000000412e900000)]
  0x000001e81dd00800 JavaThread "Incoming local TCP Connector on port 53345" [_thread_in_native, id=13116, stack(0x000000412e400000,0x000000412e500000)]
  0x000001e81fb3b800 JavaThread "Daemon periodic checks" [_thread_blocked, id=10424, stack(0x000000412e500000,0x000000412e600000)]
  0x000001e81eaf0000 JavaThread "Daemon" [_thread_blocked, id=10556, stack(0x000000412e900000,0x000000412ea00000)]
  0x000001e81e7cf800 JavaThread "Handler for socket connection from /127.0.0.1:53345 to /127.0.0.1:53346" [_thread_in_native, id=10176, stack(0x000000412ea00000,0x000000412eb00000)]
  0x000001e81f60c800 JavaThread "Cancel handler" [_thread_blocked, id=2692, stack(0x000000412eb00000,0x000000412ec00000)]
  0x000001e81ed30000 JavaThread "Daemon worker" [_thread_blocked, id=7732, stack(0x000000412ec00000,0x000000412ed00000)]
  0x000001e81ed30800 JavaThread "Asynchronous log dispatcher for DefaultDaemonConnection: socket connection from /127.0.0.1:53345 to /127.0.0.1:53346" [_thread_blocked, id=8120, stack(0x000000412ee00000,0x000000412ef00000)]
  0x000001e81fb94800 JavaThread "Stdin handler" [_thread_blocked, id=7216, stack(0x000000412ef00000,0x000000412f000000)]
  0x000001e81fb98800 JavaThread "Daemon client event forwarder" [_thread_blocked, id=8264, stack(0x000000412f000000,0x000000412f100000)]
  0x000001e81fb96000 JavaThread "Cache worker for journal cache (C:\Users\JULIETH\.gradle\caches\journal-1)" [_thread_blocked, id=8104, stack(0x000000412ed00000,0x000000412ee00000)]
  0x000001e81fb9a000 JavaThread "File lock request listener" [_thread_in_native, id=4360, stack(0x000000412f600000,0x000000412f700000)]
  0x000001e81fb97800 JavaThread "Cache worker for file hash cache (C:\Users\JULIETH\.gradle\caches\7.2\fileHashes)" [_thread_blocked, id=4440, stack(0x000000412f700000,0x000000412f800000)]
  0x000001e81fb99000 JavaThread "Cache worker for file hash cache (C:\Users\JULIETH\AndroidStudioProjects\BlueTV\.gradle\7.2\fileHashes)" [_thread_blocked, id=8540, stack(0x000000412fa00000,0x000000412fb00000)]
  0x000001e81fb9b000 JavaThread "File watcher server" daemon [_thread_in_native, id=6948, stack(0x000000412fb00000,0x000000412fc00000)]
  0x000001e81fb95000 JavaThread "File watcher consumer" daemon [_thread_blocked, id=12244, stack(0x000000412fc00000,0x000000412fd00000)]
  0x000001e81fb97000 JavaThread "Cache worker for checksums cache (C:\Users\JULIETH\AndroidStudioProjects\BlueTV\.gradle\checksums)" [_thread_blocked, id=11584, stack(0x000000412fd00000,0x000000412fe00000)]
  0x000001e820682000 JavaThread "Cache worker for cache directory md-supplier (C:\Users\JULIETH\.gradle\caches\7.2\md-supplier)" [_thread_blocked, id=12084, stack(0x000000412fe00000,0x000000412ff00000)]
  0x000001e820680000 JavaThread "Cache worker for cache directory md-rule (C:\Users\JULIETH\.gradle\caches\7.2\md-rule)" [_thread_blocked, id=1016, stack(0x0000004130000000,0x0000004130100000)]
  0x000001e820685000 JavaThread "Cache worker for execution history cache (C:\Users\JULIETH\.gradle\caches\7.2\executionHistory)" [_thread_blocked, id=13424, stack(0x0000004130100000,0x0000004130200000)]
  0x000001e820683800 JavaThread "jar transforms" [_thread_blocked, id=1464, stack(0x0000004130200000,0x0000004130300000)]
  0x000001e820686000 JavaThread "Cache worker for file content cache (C:\Users\JULIETH\.gradle\caches\7.2\fileContent)" [_thread_blocked, id=13740, stack(0x0000004130300000,0x0000004130400000)]
  0x000001e820681000 JavaThread "jar transforms Thread 2" [_thread_blocked, id=7192, stack(0x0000004130400000,0x0000004130500000)]
  0x000001e820687800 JavaThread "Cache worker for dependencies-accessors (C:\Users\JULIETH\AndroidStudioProjects\BlueTV\.gradle\7.2\dependencies-accessors)" [_thread_blocked, id=8908, stack(0x0000004130500000,0x0000004130600000)]
  0x000001e820688800 JavaThread "jar transforms Thread 3" [_thread_blocked, id=1788, stack(0x0000004130600000,0x0000004130700000)]
  0x000001e820682800 JavaThread "Cache worker for Build Output Cleanup Cache (C:\Users\JULIETH\AndroidStudioProjects\BlueTV\.gradle\buildOutputCleanup)" [_thread_blocked, id=14952, stack(0x0000004130700000,0x0000004130800000)]
  0x000001e820689000 JavaThread "Unconstrained build operations" [_thread_blocked, id=12204, stack(0x0000004130800000,0x0000004130900000)]
  0x000001e82068a000 JavaThread "Unconstrained build operations Thread 2" [_thread_blocked, id=8036, stack(0x0000004130900000,0x0000004130a00000)]
  0x000001e820684000 JavaThread "Unconstrained build operations Thread 3" [_thread_blocked, id=14884, stack(0x0000004130a00000,0x0000004130b00000)]
  0x000001e82068b000 JavaThread "Unconstrained build operations Thread 4" [_thread_blocked, id=14744, stack(0x0000004130b00000,0x0000004130c00000)]
  0x000001e82068e000 JavaThread "Unconstrained build operations Thread 5" [_thread_blocked, id=11108, stack(0x0000004130c00000,0x0000004130d00000)]
  0x000001e82068b800 JavaThread "Unconstrained build operations Thread 6" [_thread_blocked, id=12504, stack(0x0000004130d00000,0x0000004130e00000)]
  0x000001e82068d000 JavaThread "Unconstrained build operations Thread 7" [_thread_blocked, id=10856, stack(0x0000004130e00000,0x0000004130f00000)]
  0x000001e82068c800 JavaThread "Unconstrained build operations Thread 8" [_thread_blocked, id=10432, stack(0x0000004130f00000,0x0000004131000000)]
  0x000001e822e07000 JavaThread "Unconstrained build operations Thread 9" [_thread_blocked, id=11492, stack(0x0000004131000000,0x0000004131100000)]
  0x000001e822e0c800 JavaThread "Unconstrained build operations Thread 10" [_thread_blocked, id=11120, stack(0x0000004131100000,0x0000004131200000)]
  0x000001e822e0a000 JavaThread "Unconstrained build operations Thread 11" [_thread_blocked, id=5148, stack(0x0000004131200000,0x0000004131300000)]
  0x000001e822e0b000 JavaThread "Unconstrained build operations Thread 12" [_thread_blocked, id=11748, stack(0x0000004131300000,0x0000004131400000)]
  0x000001e822e0b800 JavaThread "Unconstrained build operations Thread 13" [_thread_blocked, id=12776, stack(0x0000004131400000,0x0000004131500000)]
  0x000001e822e0d800 JavaThread "Unconstrained build operations Thread 14" [_thread_blocked, id=10932, stack(0x0000004131500000,0x0000004131600000)]
  0x000001e822e08800 JavaThread "Unconstrained build operations Thread 15" [_thread_blocked, id=4512, stack(0x0000004131600000,0x0000004131700000)]
  0x000001e822e07800 JavaThread "Unconstrained build operations Thread 16" [_thread_blocked, id=13552, stack(0x0000004131700000,0x0000004131800000)]
  0x000001e822e0e000 JavaThread "Unconstrained build operations Thread 17" [_thread_blocked, id=3900, stack(0x0000004131800000,0x0000004131900000)]
  0x000001e822e0f000 JavaThread "Unconstrained build operations Thread 18" [_thread_blocked, id=6780, stack(0x0000004131900000,0x0000004131a00000)]
  0x000001e822e09800 JavaThread "Unconstrained build operations Thread 19" [_thread_blocked, id=6476, stack(0x0000004131a00000,0x0000004131b00000)]
  0x000001e822e13000 JavaThread "Unconstrained build operations Thread 20" [_thread_blocked, id=7520, stack(0x0000004131b00000,0x0000004131c00000)]
  0x000001e822e10800 JavaThread "Unconstrained build operations Thread 21" [_thread_blocked, id=12784, stack(0x0000004131c00000,0x0000004131d00000)]
  0x000001e822e14000 JavaThread "Unconstrained build operations Thread 22" [_thread_blocked, id=9928, stack(0x0000004131d00000,0x0000004131e00000)]
  0x000001e822e11800 JavaThread "Unconstrained build operations Thread 23" [_thread_blocked, id=6840, stack(0x0000004131e00000,0x0000004131f00000)]
  0x000001e822e14800 JavaThread "Unconstrained build operations Thread 24" [_thread_blocked, id=11500, stack(0x0000004131f00000,0x0000004132000000)]
  0x000001e822e12800 JavaThread "Unconstrained build operations Thread 25" [_thread_blocked, id=13976, stack(0x0000004132000000,0x0000004132100000)]
  0x000001e822e15800 JavaThread "Unconstrained build operations Thread 26" [_thread_blocked, id=14288, stack(0x0000004132100000,0x0000004132200000)]
  0x000001e822e10000 JavaThread "Unconstrained build operations Thread 27" [_thread_blocked, id=9848, stack(0x0000004132200000,0x0000004132300000)]
  0x000001e820d22000 JavaThread "Unconstrained build operations Thread 28" [_thread_blocked, id=9272, stack(0x0000004132300000,0x0000004132400000)]
  0x000001e820d22800 JavaThread "Unconstrained build operations Thread 29" [_thread_blocked, id=11144, stack(0x0000004132400000,0x0000004132500000)]
  0x000001e820d1d000 JavaThread "Unconstrained build operations Thread 30" [_thread_blocked, id=2156, stack(0x0000004132500000,0x0000004132600000)]
  0x000001e820d21000 JavaThread "Unconstrained build operations Thread 31" [_thread_blocked, id=10844, stack(0x0000004132600000,0x0000004132700000)]
  0x000001e820d23800 JavaThread "Unconstrained build operations Thread 32" [_thread_blocked, id=1388, stack(0x0000004132700000,0x0000004132800000)]
  0x000001e820d1e000 JavaThread "Unconstrained build operations Thread 33" [_thread_blocked, id=7320, stack(0x0000004132800000,0x0000004132900000)]
  0x000001e820d24800 JavaThread "Unconstrained build operations Thread 34" [_thread_blocked, id=12312, stack(0x0000004132900000,0x0000004132a00000)]
  0x000001e820d20000 JavaThread "Unconstrained build operations Thread 35" [_thread_blocked, id=13240, stack(0x0000004132a00000,0x0000004132b00000)]
  0x000001e820d1f800 JavaThread "Unconstrained build operations Thread 36" [_thread_blocked, id=4416, stack(0x0000004132b00000,0x0000004132c00000)]
  0x000001e820d1e800 JavaThread "Unconstrained build operations Thread 37" [_thread_blocked, id=12200, stack(0x0000004132c00000,0x0000004132d00000)]
  0x000001e820d2b000 JavaThread "Unconstrained build operations Thread 38" [_thread_blocked, id=5188, stack(0x0000004132d00000,0x0000004132e00000)]
  0x000001e820d27800 JavaThread "Unconstrained build operations Thread 39" [_thread_blocked, id=6732, stack(0x0000004132e00000,0x0000004132f00000)]
  0x000001e820d27000 JavaThread "Unconstrained build operations Thread 40" [_thread_blocked, id=7364, stack(0x0000004132f00000,0x0000004133000000)]
  0x000001e820d28800 JavaThread "Unconstrained build operations Thread 41" [_thread_blocked, id=2160, stack(0x0000004133000000,0x0000004133100000)]
  0x000001e820d29000 JavaThread "Unconstrained build operations Thread 42" [_thread_blocked, id=8676, stack(0x0000004133100000,0x0000004133200000)]
  0x000001e820d25000 JavaThread "Unconstrained build operations Thread 43" [_thread_blocked, id=13996, stack(0x0000004133200000,0x0000004133300000)]
  0x000001e820d2a000 JavaThread "Unconstrained build operations Thread 44" [_thread_blocked, id=12640, stack(0x0000004133300000,0x0000004133400000)]
  0x000001e820d2b800 JavaThread "Unconstrained build operations Thread 45" [_thread_blocked, id=10188, stack(0x0000004133400000,0x0000004133500000)]
  0x000001e820d26000 JavaThread "Unconstrained build operations Thread 46" [_thread_blocked, id=12972, stack(0x0000004133500000,0x0000004133600000)]
  0x000001e820879000 JavaThread "Unconstrained build operations Thread 47" [_thread_blocked, id=576, stack(0x0000004133600000,0x0000004133700000)]
  0x000001e820879800 JavaThread "Unconstrained build operations Thread 48" [_thread_blocked, id=5880, stack(0x0000004133700000,0x0000004133800000)]
  0x000001e82087a800 JavaThread "Unconstrained build operations Thread 49" [_thread_blocked, id=3732, stack(0x0000004133800000,0x0000004133900000)]
  0x000001e82087c000 JavaThread "Unconstrained build operations Thread 50" [_thread_blocked, id=8132, stack(0x0000004133900000,0x0000004133a00000)]
  0x000001e82087d000 JavaThread "Unconstrained build operations Thread 51" [_thread_blocked, id=5620, stack(0x0000004133a00000,0x0000004133b00000)]
  0x000001e82087b800 JavaThread "Unconstrained build operations Thread 52" [_thread_blocked, id=8708, stack(0x0000004133b00000,0x0000004133c00000)]
  0x000001e820877800 JavaThread "Unconstrained build operations Thread 53" [_thread_blocked, id=2768, stack(0x0000004133c00000,0x0000004133d00000)]
  0x000001e82087e000 JavaThread "Unconstrained build operations Thread 54" [_thread_blocked, id=940, stack(0x0000004133d00000,0x0000004133e00000)]
  0x000001e820878000 JavaThread "Unconstrained build operations Thread 55" [_thread_blocked, id=8980, stack(0x0000004133e00000,0x0000004133f00000)]
  0x000001e820884800 JavaThread "Unconstrained build operations Thread 56" [_thread_blocked, id=10904, stack(0x0000004133f00000,0x0000004134000000)]
  0x000001e820883800 JavaThread "Unconstrained build operations Thread 57" [_thread_blocked, id=3340, stack(0x0000004134000000,0x0000004134100000)]
  0x000001e820882000 JavaThread "Unconstrained build operations Thread 58" [_thread_blocked, id=15064, stack(0x0000004134100000,0x0000004134200000)]
  0x000001e820881000 JavaThread "Unconstrained build operations Thread 59" [_thread_blocked, id=15200, stack(0x0000004134200000,0x0000004134300000)]
  0x000001e82087e800 JavaThread "Unconstrained build operations Thread 60" [_thread_blocked, id=5252, stack(0x0000004134300000,0x0000004134400000)]
  0x000001e820882800 JavaThread "Unconstrained build operations Thread 61" [_thread_blocked, id=12552, stack(0x0000004134400000,0x0000004134500000)]
  0x000001e820885000 JavaThread "Unconstrained build operations Thread 62" [_thread_blocked, id=10208, stack(0x0000004134500000,0x0000004134600000)]
  0x000001e82087f800 JavaThread "Unconstrained build operations Thread 63" [_thread_blocked, id=13948, stack(0x0000004134600000,0x0000004134700000)]
  0x000001e820886000 JavaThread "Unconstrained build operations Thread 64" [_thread_blocked, id=12216, stack(0x0000004134700000,0x0000004134800000)]
  0x000001e820880000 JavaThread "Unconstrained build operations Thread 65" [_thread_blocked, id=15112, stack(0x0000004134800000,0x0000004134900000)]
  0x000001e82441a800 JavaThread "Unconstrained build operations Thread 66" [_thread_blocked, id=9324, stack(0x0000004134900000,0x0000004134a00000)]
  0x000001e82441a000 JavaThread "Unconstrained build operations Thread 67" [_thread_blocked, id=14440, stack(0x0000004134a00000,0x0000004134b00000)]
  0x000001e824419000 JavaThread "Unconstrained build operations Thread 68" [_thread_blocked, id=13600, stack(0x0000004134b00000,0x0000004134c00000)]
  0x000001e824417800 JavaThread "Unconstrained build operations Thread 69" [_thread_blocked, id=14176, stack(0x0000004134c00000,0x0000004134d00000)]
  0x000001e824415000 JavaThread "Unconstrained build operations Thread 70" [_thread_blocked, id=2404, stack(0x0000004134d00000,0x0000004134e00000)]
  0x000001e824418800 JavaThread "Unconstrained build operations Thread 71" [_thread_blocked, id=14384, stack(0x0000004134e00000,0x0000004134f00000)]
  0x000001e824416800 JavaThread "Unconstrained build operations Thread 72" [_thread_blocked, id=2240, stack(0x0000004134f00000,0x0000004135000000)]
  0x000001e82441b800 JavaThread "Unconstrained build operations Thread 73" [_thread_blocked, id=12232, stack(0x0000004135000000,0x0000004135100000)]
  0x000001e824416000 JavaThread "Unconstrained build operations Thread 74" [_thread_blocked, id=13720, stack(0x0000004135100000,0x0000004135200000)]
  0x000001e82441c800 JavaThread "Unconstrained build operations Thread 75" [_thread_blocked, id=10044, stack(0x0000004135200000,0x0000004135300000)]
  0x000001e824423000 JavaThread "Unconstrained build operations Thread 76" [_thread_blocked, id=3164, stack(0x0000004135300000,0x0000004135400000)]
  0x000001e82441e000 JavaThread "Unconstrained build operations Thread 77" [_thread_blocked, id=8764, stack(0x0000004135400000,0x0000004135500000)]
  0x000001e824421000 JavaThread "Unconstrained build operations Thread 78" [_thread_blocked, id=6208, stack(0x0000004135500000,0x0000004135600000)]
  0x000001e824420800 JavaThread "Unconstrained build operations Thread 79" [_thread_blocked, id=6292, stack(0x0000004135600000,0x0000004135700000)]
  0x000001e824422000 JavaThread "Unconstrained build operations Thread 80" [_thread_blocked, id=5352, stack(0x0000004135700000,0x0000004135800000)]
  0x000001e82441d000 JavaThread "jar transforms Thread 4" [_thread_blocked, id=9200, stack(0x0000004135800000,0x0000004135900000)]
  0x000001e824423800 JavaThread "jar transforms Thread 5" [_thread_blocked, id=2496, stack(0x0000004135900000,0x0000004135a00000)]
  0x000001e82441f000 JavaThread "jar transforms Thread 6" [_thread_blocked, id=5168, stack(0x0000004135a00000,0x0000004135b00000)]
  0x000001e82441f800 JavaThread "jar transforms Thread 7" [_thread_blocked, id=4784, stack(0x0000004135b00000,0x0000004135c00000)]
  0x000001e81e5a0800 JavaThread "jar transforms Thread 8" [_thread_blocked, id=1304, stack(0x0000004135c00000,0x0000004135d00000)]
  0x000001e81ff06000 JavaThread "C2 CompilerThread1" daemon [_thread_blocked, id=5768, stack(0x000000412f900000,0x000000412fa00000)]
  0x000001e820160800 JavaThread "C2 CompilerThread2" daemon [_thread_blocked, id=1780, stack(0x000000412ff00000,0x0000004130000000)]
  0x000001e81e5a3000 JavaThread "Memory manager" [_thread_blocked, id=5616, stack(0x0000004135d00000,0x0000004135e00000)]
  0x000001e81e59d000 JavaThread "build event listener" [_thread_blocked, id=12856, stack(0x0000004135e00000,0x0000004135f00000)]

Other Threads:
=>0x000001e81c80c800 VMThread "VM Thread" [stack: 0x000000412d900000,0x000000412da00000] [id=15156]
  0x000001e81d327000 WatcherThread [stack: 0x000000412e300000,0x000000412e400000] [id=11640]
  0x000001e8023b5800 GCTaskThread "GC Thread#0" [stack: 0x000000412d400000,0x000000412d500000] [id=14348]
  0x000001e81daa3800 GCTaskThread "GC Thread#1" [stack: 0x000000412e600000,0x000000412e700000] [id=8224]
  0x000001e81e030800 GCTaskThread "GC Thread#2" [stack: 0x000000412e700000,0x000000412e800000] [id=11476]
  0x000001e81f70c800 GCTaskThread "GC Thread#3" [stack: 0x000000412f100000,0x000000412f200000] [id=7088]
  0x000001e81e665000 GCTaskThread "GC Thread#4" [stack: 0x000000412f200000,0x000000412f300000] [id=11740]
  0x000001e81fad9000 GCTaskThread "GC Thread#5" [stack: 0x000000412f300000,0x000000412f400000] [id=3644]
  0x000001e81f22d800 GCTaskThread "GC Thread#6" [stack: 0x000000412f400000,0x000000412f500000] [id=12572]
  0x000001e81e93c000 GCTaskThread "GC Thread#7" [stack: 0x000000412f500000,0x000000412f600000] [id=12956]
  0x000001e8023e8000 ConcurrentGCThread "G1 Main Marker" [stack: 0x000000412d500000,0x000000412d600000] [id=8020]
  0x000001e8023e9000 ConcurrentGCThread "G1 Conc#0" [stack: 0x000000412d600000,0x000000412d700000] [id=6600]
  0x000001e81f6f6800 ConcurrentGCThread "G1 Conc#1" [stack: 0x000000412f800000,0x000000412f900000] [id=10184]
  0x000001e81c660800 ConcurrentGCThread "G1 Refine#0" [stack: 0x000000412d700000,0x000000412d800000] [id=13796]
  0x000001e81c661800 ConcurrentGCThread "G1 Young RemSet Sampling" [stack: 0x000000412d800000,0x000000412d900000] [id=4064]

Threads with active compile tasks:
C2 CompilerThread0  10754 6889       4       java.net.URLClassLoader$1::run (5 bytes)
C2 CompilerThread1  10755 6961       4       java.lang.Class::getMethodsRecursive (99 bytes)
C2 CompilerThread2  10755 6992       4       java.lang.Class::getMethod (59 bytes)

VM state:at safepoint (normal execution)

VM Mutex/Monitor currently owned by a thread:  ([mutex/lock_event])
[0x000001e802398ca0] Threads_lock - owner thread: 0x000001e81c80c800
[0x000001e8023983a0] Heap_lock - owner thread: 0x000001e81ed30000

Heap address: 0x0000000080000000, size: 2048 MB, Compressed Oops mode: 32-bit
Narrow klass base: 0x0000000000000000, Narrow klass shift: 3
Compressed class space size: 1073741824 Address: 0x0000000100000000

Heap:
 garbage-first heap   total 189440K, used 63553K [0x0000000080000000, 0x0000000100000000)
  region size 1024K, 5 young (5120K), 5 survivors (5120K)
 Metaspace       used 68062K, capacity 69580K, committed 69656K, reserved 1110016K
  class space    used 8591K, capacity 9164K, committed 9240K, reserved 1048576K
Heap Regions: E=young(eden), S=young(survivor), O=old, HS=humongous(starts), HC=humongous(continues), CS=collection set, F=free, A=archive, TAMS=top-at-mark-start (previous, next)
|   0|0x0000000080000000, 0x0000000080100000, 0x0000000080100000|100%| O|  |TAMS 0x0000000080100000, 0x0000000080000000| Untracked 
|   1|0x0000000080100000, 0x0000000080200000, 0x0000000080200000|100%| O|  |TAMS 0x0000000080200000, 0x0000000080100000| Untracked 
|   2|0x0000000080200000, 0x0000000080300000, 0x0000000080300000|100%| O|  |TAMS 0x0000000080300000, 0x0000000080200000| Untracked 
|   3|0x0000000080300000, 0x0000000080400000, 0x0000000080400000|100%|HS|  |TAMS 0x0000000080400000, 0x0000000080300000| Complete 
|   4|0x0000000080400000, 0x0000000080500000, 0x0000000080500000|100%|HC|  |TAMS 0x0000000080500000, 0x0000000080400000| Complete 
|   5|0x0000000080500000, 0x0000000080600000, 0x0000000080600000|100%|HC|  |TAMS 0x0000000080600000, 0x0000000080500000| Complete 
|   6|0x0000000080600000, 0x0000000080700000, 0x0000000080700000|100%| O|  |TAMS 0x0000000080700000, 0x0000000080600000| Untracked 
|   7|0x0000000080700000, 0x0000000080800000, 0x0000000080800000|100%| O|  |TAMS 0x0000000080800000, 0x0000000080700000| Untracked 
|   8|0x0000000080800000, 0x0000000080900000, 0x0000000080900000|100%| O|  |TAMS 0x0000000080900000, 0x0000000080800000| Untracked 
|   9|0x0000000080900000, 0x0000000080a00000, 0x0000000080a00000|100%| O|  |TAMS 0x0000000080a00000, 0x0000000080900000| Untracked 
|  10|0x0000000080a00000, 0x0000000080b00000, 0x0000000080b00000|100%| O|  |TAMS 0x0000000080b00000, 0x0000000080a00000| Untracked 
|  11|0x0000000080b00000, 0x0000000080c00000, 0x0000000080c00000|100%| O|  |TAMS 0x0000000080c00000, 0x0000000080b00000| Untracked 
|  12|0x0000000080c00000, 0x0000000080d00000, 0x0000000080d00000|100%| O|  |TAMS 0x0000000080d00000, 0x0000000080c00000| Untracked 
|  13|0x0000000080d00000, 0x0000000080e00000, 0x0000000080e00000|100%| O|  |TAMS 0x0000000080e00000, 0x0000000080d00000| Untracked 
|  14|0x0000000080e00000, 0x0000000080f00000, 0x0000000080f00000|100%| O|  |TAMS 0x0000000080f00000, 0x0000000080e00000| Untracked 
|  15|0x0000000080f00000, 0x0000000081000000, 0x0000000081000000|100%| O|  |TAMS 0x0000000081000000, 0x0000000080f00000| Untracked 
|  16|0x0000000081000000, 0x0000000081100000, 0x0000000081100000|100%| O|  |TAMS 0x0000000081100000, 0x0000000081000000| Untracked 
|  17|0x0000000081100000, 0x0000000081200000, 0x0000000081200000|100%|HS|  |TAMS 0x0000000081200000, 0x0000000081100000| Complete 
|  18|0x0000000081200000, 0x0000000081300000, 0x0000000081300000|100%| O|  |TAMS 0x0000000081300000, 0x0000000081200000| Untracked 
|  19|0x0000000081300000, 0x0000000081400000, 0x0000000081400000|100%| O|  |TAMS 0x0000000081400000, 0x0000000081300000| Untracked 
|  20|0x0000000081400000, 0x0000000081500000, 0x0000000081500000|100%| O|  |TAMS 0x0000000081500000, 0x0000000081400000| Untracked 
|  21|0x0000000081500000, 0x0000000081600000, 0x0000000081600000|100%| O|  |TAMS 0x0000000081600000, 0x0000000081500000| Untracked 
|  22|0x0000000081600000, 0x0000000081700000, 0x0000000081700000|100%| O|  |TAMS 0x0000000081700000, 0x0000000081600000| Untracked 
|  23|0x0000000081700000, 0x0000000081800000, 0x0000000081800000|100%| O|  |TAMS 0x0000000081800000, 0x0000000081700000| Untracked 
|  24|0x0000000081800000, 0x0000000081900000, 0x0000000081900000|100%| O|  |TAMS 0x0000000081900000, 0x0000000081800000| Untracked 
|  25|0x0000000081900000, 0x0000000081a00000, 0x0000000081a00000|100%| O|  |TAMS 0x0000000081a00000, 0x0000000081900000| Untracked 
|  26|0x0000000081a00000, 0x0000000081b00000, 0x0000000081b00000|100%| O|  |TAMS 0x0000000081b00000, 0x0000000081a00000| Untracked 
|  27|0x0000000081b00000, 0x0000000081c00000, 0x0000000081c00000|100%| O|  |TAMS 0x0000000081c00000, 0x0000000081b00000| Untracked 
|  28|0x0000000081c00000, 0x0000000081d00000, 0x0000000081d00000|100%|HS|  |TAMS 0x0000000081d00000, 0x0000000081c00000| Complete 
|  29|0x0000000081d00000, 0x0000000081e00000, 0x0000000081e00000|100%|HS|  |TAMS 0x0000000081e00000, 0x0000000081d00000| Complete 
|  30|0x0000000081e00000, 0x0000000081f00000, 0x0000000081f00000|100%|HS|  |TAMS 0x0000000081f00000, 0x0000000081e00000| Complete 
|  31|0x0000000081f00000, 0x0000000082000000, 0x0000000082000000|100%|HS|  |TAMS 0x0000000082000000, 0x0000000081f00000| Complete 
|  32|0x0000000082000000, 0x0000000082100000, 0x0000000082100000|100%|HC|  |TAMS 0x0000000082100000, 0x0000000082000000| Complete 
|  33|0x0000000082100000, 0x0000000082200000, 0x0000000082200000|100%|HC|  |TAMS 0x0000000082200000, 0x0000000082100000| Complete 
|  34|0x0000000082200000, 0x0000000082300000, 0x0000000082300000|100%|HS|  |TAMS 0x0000000082300000, 0x0000000082200000| Complete 
|  35|0x0000000082300000, 0x0000000082400000, 0x0000000082400000|100%|HC|  |TAMS 0x0000000082400000, 0x0000000082300000| Complete 
|  36|0x0000000082400000, 0x0000000082500000, 0x0000000082500000|100%| O|  |TAMS 0x0000000082500000, 0x0000000082400000| Untracked 
|  37|0x0000000082500000, 0x0000000082600000, 0x0000000082600000|100%| O|  |TAMS 0x0000000082600000, 0x0000000082500000| Untracked 
|  38|0x0000000082600000, 0x0000000082700000, 0x0000000082700000|100%| O|  |TAMS 0x0000000082700000, 0x0000000082600000| Untracked 
|  39|0x0000000082700000, 0x0000000082800000, 0x0000000082800000|100%| O|  |TAMS 0x0000000082800000, 0x0000000082700000| Untracked 
|  40|0x0000000082800000, 0x0000000082900000, 0x0000000082900000|100%| O|  |TAMS 0x0000000082900000, 0x0000000082800000| Untracked 
|  41|0x0000000082900000, 0x0000000082a00000, 0x0000000082a00000|100%| O|  |TAMS 0x0000000082a00000, 0x0000000082900000| Untracked 
|  42|0x0000000082a00000, 0x0000000082b00000, 0x0000000082b00000|100%| O|  |TAMS 0x0000000082b00000, 0x0000000082a00000| Untracked 
|  43|0x0000000082b00000, 0x0000000082c00000, 0x0000000082c00000|100%| O|  |TAMS 0x0000000082c00000, 0x0000000082b00000| Untracked 
|  44|0x0000000082c00000, 0x0000000082d00000, 0x0000000082d00000|100%| O|  |TAMS 0x0000000082d00000, 0x0000000082c00000| Untracked 
|  45|0x0000000082d00000, 0x0000000082e00000, 0x0000000082e00000|100%| O|  |TAMS 0x0000000082e00000, 0x0000000082d00000| Untracked 
|  46|0x0000000082e00000, 0x0000000082f00000, 0x0000000082f00000|100%| O|  |TAMS 0x0000000082f00000, 0x0000000082e00000| Untracked 
|  47|0x0000000082f00000, 0x0000000083000000, 0x0000000083000000|100%| O|  |TAMS 0x0000000083000000, 0x0000000082f00000| Untracked 
|  48|0x0000000083000000, 0x0000000083100000, 0x0000000083100000|100%| O|  |TAMS 0x0000000083100000, 0x0000000083000000| Untracked 
|  49|0x0000000083100000, 0x0000000083200000, 0x0000000083200000|100%| O|  |TAMS 0x0000000083200000, 0x0000000083100000| Untracked 
|  50|0x0000000083200000, 0x0000000083300000, 0x0000000083300000|100%| O|  |TAMS 0x0000000083287600, 0x0000000083200000| Untracked 
|  51|0x0000000083300000, 0x0000000083400000, 0x0000000083400000|100%| O|  |TAMS 0x0000000083300000, 0x0000000083300000| Untracked 
|  52|0x0000000083400000, 0x0000000083500000, 0x0000000083500000|100%| O|  |TAMS 0x0000000083400000, 0x0000000083400000| Untracked 
|  53|0x0000000083500000, 0x0000000083600000, 0x0000000083600000|100%| O|  |TAMS 0x0000000083500000, 0x0000000083500000| Untracked 
|  54|0x0000000083600000, 0x0000000083700000, 0x0000000083700000|100%| O|  |TAMS 0x0000000083600000, 0x0000000083600000| Untracked 
|  55|0x0000000083700000, 0x0000000083800000, 0x0000000083800000|100%| O|  |TAMS 0x0000000083700000, 0x0000000083700000| Untracked 
|  56|0x0000000083800000, 0x0000000083900000, 0x0000000083900000|100%| O|  |TAMS 0x0000000083800000, 0x0000000083800000| Untracked 
|  57|0x0000000083900000, 0x00000000839a0000, 0x0000000083a00000| 62%| O|  |TAMS 0x0000000083900000, 0x0000000083900000| Untracked 
|  58|0x0000000083a00000, 0x0000000083a00000, 0x0000000083b00000|  0%| F|  |TAMS 0x0000000083a00000, 0x0000000083a00000| Untracked 
|  59|0x0000000083b00000, 0x0000000083b00000, 0x0000000083c00000|  0%| F|  |TAMS 0x0000000083b00000, 0x0000000083b00000| Untracked 
|  60|0x0000000083c00000, 0x0000000083c00000, 0x0000000083d00000|  0%| F|  |TAMS 0x0000000083c00000, 0x0000000083c00000| Untracked 
|  61|0x0000000083d00000, 0x0000000083d00000, 0x0000000083e00000|  0%| F|  |TAMS 0x0000000083d00000, 0x0000000083d00000| Untracked 
|  62|0x0000000083e00000, 0x0000000083e00000, 0x0000000083f00000|  0%| F|  |TAMS 0x0000000083e00000, 0x0000000083e00000| Untracked 
|  63|0x0000000083f00000, 0x0000000083f00000, 0x0000000084000000|  0%| F|  |TAMS 0x0000000083f00000, 0x0000000083f00000| Untracked 
|  64|0x0000000084000000, 0x0000000084000000, 0x0000000084100000|  0%| F|  |TAMS 0x0000000084000000, 0x0000000084000000| Untracked 
|  65|0x0000000084100000, 0x0000000084100000, 0x0000000084200000|  0%| F|  |TAMS 0x0000000084100000, 0x0000000084100000| Untracked 
|  66|0x0000000084200000, 0x0000000084200000, 0x0000000084300000|  0%| F|  |TAMS 0x0000000084200000, 0x0000000084200000| Untracked 
|  67|0x0000000084300000, 0x0000000084300000, 0x0000000084400000|  0%| F|  |TAMS 0x0000000084300000, 0x0000000084300000| Untracked 
|  68|0x0000000084400000, 0x0000000084400000, 0x0000000084500000|  0%| F|  |TAMS 0x0000000084400000, 0x0000000084400000| Untracked 
|  69|0x0000000084500000, 0x0000000084500000, 0x0000000084600000|  0%| F|  |TAMS 0x0000000084500000, 0x0000000084500000| Untracked 
|  70|0x0000000084600000, 0x0000000084600000, 0x0000000084700000|  0%| F|  |TAMS 0x0000000084600000, 0x0000000084600000| Untracked 
|  71|0x0000000084700000, 0x0000000084700000, 0x0000000084800000|  0%| F|  |TAMS 0x0000000084700000, 0x0000000084700000| Untracked 
|  72|0x0000000084800000, 0x0000000084800000, 0x0000000084900000|  0%| F|  |TAMS 0x0000000084800000, 0x0000000084800000| Untracked 
|  73|0x0000000084900000, 0x0000000084900000, 0x0000000084a00000|  0%| F|  |TAMS 0x0000000084900000, 0x0000000084900000| Untracked 
|  74|0x0000000084a00000, 0x0000000084a00000, 0x0000000084b00000|  0%| F|  |TAMS 0x0000000084a00000, 0x0000000084a00000| Untracked 
|  75|0x0000000084b00000, 0x0000000084b00000, 0x0000000084c00000|  0%| F|  |TAMS 0x0000000084b00000, 0x0000000084b00000| Untracked 
|  76|0x0000000084c00000, 0x0000000084c00000, 0x0000000084d00000|  0%| F|  |TAMS 0x0000000084c00000, 0x0000000084c00000| Untracked 
|  77|0x0000000084d00000, 0x0000000084d00000, 0x0000000084e00000|  0%| F|  |TAMS 0x0000000084d00000, 0x0000000084d00000| Untracked 
|  78|0x0000000084e00000, 0x0000000084e00000, 0x0000000084f00000|  0%| F|  |TAMS 0x0000000084e00000, 0x0000000084e00000| Untracked 
|  79|0x0000000084f00000, 0x0000000084f00000, 0x0000000085000000|  0%| F|  |TAMS 0x0000000084f00000, 0x0000000084f00000| Untracked 
|  80|0x0000000085000000, 0x0000000085000000, 0x0000000085100000|  0%| F|  |TAMS 0x0000000085000000, 0x0000000085000000| Untracked 
|  81|0x0000000085100000, 0x0000000085100000, 0x0000000085200000|  0%| F|  |TAMS 0x0000000085100000, 0x0000000085100000| Untracked 
|  82|0x0000000085200000, 0x0000000085200000, 0x0000000085300000|  0%| F|  |TAMS 0x0000000085200000, 0x0000000085200000| Untracked 
|  83|0x0000000085300000, 0x0000000085300000, 0x0000000085400000|  0%| F|  |TAMS 0x0000000085300000, 0x0000000085300000| Untracked 
|  84|0x0000000085400000, 0x0000000085400000, 0x0000000085500000|  0%| F|  |TAMS 0x0000000085400000, 0x0000000085400000| Untracked 
|  85|0x0000000085500000, 0x0000000085570650, 0x0000000085600000| 43%| S|CS|TAMS 0x0000000085500000, 0x0000000085500000| Complete 
|  86|0x0000000085600000, 0x0000000085600000, 0x0000000085700000|  0%| F|  |TAMS 0x0000000085600000, 0x0000000085600000| Untracked 
|  87|0x0000000085700000, 0x0000000085700000, 0x0000000085800000|  0%| F|  |TAMS 0x0000000085700000, 0x0000000085700000| Untracked 
|  88|0x0000000085800000, 0x0000000085800000, 0x0000000085900000|  0%| F|  |TAMS 0x0000000085800000, 0x0000000085800000| Untracked 
|  89|0x0000000085900000, 0x0000000085900000, 0x0000000085a00000|  0%| F|  |TAMS 0x0000000085900000, 0x0000000085900000| Untracked 
|  90|0x0000000085a00000, 0x0000000085a00000, 0x0000000085b00000|  0%| F|  |TAMS 0x0000000085a00000, 0x0000000085a00000| Untracked 
|  91|0x0000000085b00000, 0x0000000085b00000, 0x0000000085c00000|  0%| F|  |TAMS 0x0000000085b00000, 0x0000000085b00000| Untracked 
|  92|0x0000000085c00000, 0x0000000085c00000, 0x0000000085d00000|  0%| F|  |TAMS 0x0000000085c00000, 0x0000000085c00000| Untracked 
|  93|0x0000000085d00000, 0x0000000085d00000, 0x0000000085e00000|  0%| F|  |TAMS 0x0000000085d00000, 0x0000000085d00000| Untracked 
|  94|0x0000000085e00000, 0x0000000085f00000, 0x0000000085f00000|100%| S|CS|TAMS 0x0000000085e00000, 0x0000000085e00000| Complete 
|  95|0x0000000085f00000, 0x0000000086000000, 0x0000000086000000|100%| S|CS|TAMS 0x0000000085f00000, 0x0000000085f00000| Complete 
|  96|0x0000000086000000, 0x0000000086100000, 0x0000000086100000|100%| S|CS|TAMS 0x0000000086000000, 0x0000000086000000| Complete 
|  97|0x0000000086100000, 0x0000000086200000, 0x0000000086200000|100%| S|CS|TAMS 0x0000000086100000, 0x0000000086100000| Complete 
|  98|0x0000000086200000, 0x0000000086200000, 0x0000000086300000|  0%| F|  |TAMS 0x0000000086200000, 0x0000000086200000| Untracked 
|  99|0x0000000086300000, 0x0000000086300000, 0x0000000086400000|  0%| F|  |TAMS 0x0000000086300000, 0x0000000086300000| Untracked 
| 100|0x0000000086400000, 0x0000000086400000, 0x0000000086500000|  0%| F|  |TAMS 0x0000000086400000, 0x0000000086400000| Untracked 
| 101|0x0000000086500000, 0x0000000086500000, 0x0000000086600000|  0%| F|  |TAMS 0x0000000086500000, 0x0000000086500000| Untracked 
| 102|0x0000000086600000, 0x0000000086600000, 0x0000000086700000|  0%| F|  |TAMS 0x0000000086600000, 0x0000000086600000| Untracked 
| 103|0x0000000086700000, 0x0000000086700000, 0x0000000086800000|  0%| F|  |TAMS 0x0000000086700000, 0x0000000086700000| Untracked 
| 104|0x0000000086800000, 0x0000000086800000, 0x0000000086900000|  0%| F|  |TAMS 0x0000000086800000, 0x0000000086800000| Untracked 
| 105|0x0000000086900000, 0x0000000086900000, 0x0000000086a00000|  0%| F|  |TAMS 0x0000000086900000, 0x0000000086900000| Untracked 
| 106|0x0000000086a00000, 0x0000000086a00000, 0x0000000086b00000|  0%| F|  |TAMS 0x0000000086a00000, 0x0000000086a00000| Untracked 
| 107|0x0000000086b00000, 0x0000000086b00000, 0x0000000086c00000|  0%| F|  |TAMS 0x0000000086b00000, 0x0000000086b00000| Untracked 
| 108|0x0000000086c00000, 0x0000000086c00000, 0x0000000086d00000|  0%| F|  |TAMS 0x0000000086c00000, 0x0000000086c00000| Untracked 
| 109|0x0000000086d00000, 0x0000000086d00000, 0x0000000086e00000|  0%| F|  |TAMS 0x0000000086d00000, 0x0000000086d00000| Untracked 
| 110|0x0000000086e00000, 0x0000000086e00000, 0x0000000086f00000|  0%| F|  |TAMS 0x0000000086e00000, 0x0000000086e00000| Untracked 
| 111|0x0000000086f00000, 0x0000000086f00000, 0x0000000087000000|  0%| F|  |TAMS 0x0000000086f00000, 0x0000000086f00000| Untracked 
| 112|0x0000000087000000, 0x0000000087000000, 0x0000000087100000|  0%| F|  |TAMS 0x0000000087000000, 0x0000000087000000| Untracked 
| 113|0x0000000087100000, 0x0000000087100000, 0x0000000087200000|  0%| F|  |TAMS 0x0000000087100000, 0x0000000087100000| Untracked 
| 114|0x0000000087200000, 0x0000000087200000, 0x0000000087300000|  0%| F|  |TAMS 0x0000000087200000, 0x0000000087200000| Untracked 
| 115|0x0000000087300000, 0x0000000087300000, 0x0000000087400000|  0%| F|  |TAMS 0x0000000087300000, 0x0000000087300000| Untracked 
| 116|0x0000000087400000, 0x0000000087400000, 0x0000000087500000|  0%| F|  |TAMS 0x0000000087400000, 0x0000000087400000| Untracked 
| 117|0x0000000087500000, 0x0000000087500000, 0x0000000087600000|  0%| F|  |TAMS 0x0000000087500000, 0x0000000087500000| Untracked 
| 118|0x0000000087600000, 0x0000000087600000, 0x0000000087700000|  0%| F|  |TAMS 0x0000000087600000, 0x0000000087600000| Untracked 
| 119|0x0000000087700000, 0x0000000087700000, 0x0000000087800000|  0%| F|  |TAMS 0x0000000087700000, 0x0000000087700000| Untracked 
| 120|0x0000000087800000, 0x0000000087800000, 0x0000000087900000|  0%| F|  |TAMS 0x0000000087800000, 0x0000000087800000| Untracked 
| 121|0x0000000087900000, 0x0000000087900000, 0x0000000087a00000|  0%| F|  |TAMS 0x0000000087900000, 0x0000000087900000| Untracked 
| 122|0x0000000087a00000, 0x0000000087a00000, 0x0000000087b00000|  0%| F|  |TAMS 0x0000000087a00000, 0x0000000087a00000| Untracked 
| 123|0x0000000087b00000, 0x0000000087b00000, 0x0000000087c00000|  0%| F|  |TAMS 0x0000000087b00000, 0x0000000087b00000| Untracked 
| 124|0x0000000087c00000, 0x0000000087c00000, 0x0000000087d00000|  0%| F|  |TAMS 0x0000000087c00000, 0x0000000087c00000| Untracked 
| 125|0x0000000087d00000, 0x0000000087d00000, 0x0000000087e00000|  0%| F|  |TAMS 0x0000000087d00000, 0x0000000087d00000| Untracked 
| 126|0x0000000087e00000, 0x0000000087e00000, 0x0000000087f00000|  0%| F|  |TAMS 0x0000000087e00000, 0x0000000087e00000| Untracked 
| 127|0x0000000087f00000, 0x0000000087f00000, 0x0000000088000000|  0%| F|  |TAMS 0x0000000087f00000, 0x0000000087f00000| Untracked 
| 128|0x0000000088000000, 0x0000000088000000, 0x0000000088100000|  0%| F|  |TAMS 0x0000000088000000, 0x0000000088000000| Untracked 
| 129|0x0000000088100000, 0x0000000088100000, 0x0000000088200000|  0%| F|  |TAMS 0x0000000088100000, 0x0000000088100000| Untracked 
| 130|0x0000000088200000, 0x0000000088200000, 0x0000000088300000|  0%| F|  |TAMS 0x0000000088200000, 0x0000000088200000| Untracked 
| 131|0x0000000088300000, 0x0000000088300000, 0x0000000088400000|  0%| F|  |TAMS 0x0000000088300000, 0x0000000088300000| Untracked 
| 132|0x0000000088400000, 0x0000000088400000, 0x0000000088500000|  0%| F|  |TAMS 0x0000000088400000, 0x0000000088400000| Untracked 
| 133|0x0000000088500000, 0x0000000088500000, 0x0000000088600000|  0%| F|  |TAMS 0x0000000088500000, 0x0000000088500000| Untracked 
| 134|0x0000000088600000, 0x0000000088600000, 0x0000000088700000|  0%| F|  |TAMS 0x0000000088600000, 0x0000000088600000| Untracked 
| 135|0x0000000088700000, 0x0000000088700000, 0x0000000088800000|  0%| F|  |TAMS 0x0000000088700000, 0x0000000088700000| Untracked 
| 136|0x0000000088800000, 0x0000000088800000, 0x0000000088900000|  0%| F|  |TAMS 0x0000000088800000, 0x0000000088800000| Untracked 
| 137|0x0000000088900000, 0x0000000088900000, 0x0000000088a00000|  0%| F|  |TAMS 0x0000000088900000, 0x0000000088900000| Untracked 
| 138|0x0000000088a00000, 0x0000000088a00000, 0x0000000088b00000|  0%| F|  |TAMS 0x0000000088a00000, 0x0000000088a00000| Untracked 
| 139|0x0000000088b00000, 0x0000000088b00000, 0x0000000088c00000|  0%| F|  |TAMS 0x0000000088b00000, 0x0000000088b00000| Untracked 
| 140|0x0000000088c00000, 0x0000000088c00000, 0x0000000088d00000|  0%| F|  |TAMS 0x0000000088c00000, 0x0000000088c00000| Untracked 
| 141|0x0000000088d00000, 0x0000000088d00000, 0x0000000088e00000|  0%| F|  |TAMS 0x0000000088d00000, 0x0000000088d00000| Untracked 
| 142|0x0000000088e00000, 0x0000000088e00000, 0x0000000088f00000|  0%| F|  |TAMS 0x0000000088e00000, 0x0000000088e00000| Untracked 
| 143|0x0000000088f00000, 0x0000000088f00000, 0x0000000089000000|  0%| F|  |TAMS 0x0000000088f00000, 0x0000000088f00000| Untracked 
| 144|0x0000000089000000, 0x0000000089000000, 0x0000000089100000|  0%| F|  |TAMS 0x0000000089000000, 0x0000000089000000| Untracked 
| 145|0x0000000089100000, 0x0000000089100000, 0x0000000089200000|  0%| F|  |TAMS 0x0000000089100000, 0x0000000089100000| Untracked 
| 146|0x0000000089200000, 0x0000000089200000, 0x0000000089300000|  0%| F|  |TAMS 0x0000000089200000, 0x0000000089200000| Untracked 
| 147|0x0000000089300000, 0x0000000089300000, 0x0000000089400000|  0%| F|  |TAMS 0x0000000089300000, 0x0000000089300000| Untracked 
| 148|0x0000000089400000, 0x0000000089400000, 0x0000000089500000|  0%| F|  |TAMS 0x0000000089400000, 0x0000000089400000| Untracked 
| 149|0x0000000089500000, 0x0000000089500000, 0x0000000089600000|  0%| F|  |TAMS 0x0000000089500000, 0x0000000089500000| Untracked 
| 150|0x0000000089600000, 0x0000000089600000, 0x0000000089700000|  0%| F|  |TAMS 0x0000000089600000, 0x0000000089600000| Untracked 
| 151|0x0000000089700000, 0x0000000089700000, 0x0000000089800000|  0%| F|  |TAMS 0x0000000089700000, 0x0000000089700000| Untracked 
| 152|0x0000000089800000, 0x0000000089800000, 0x0000000089900000|  0%| F|  |TAMS 0x0000000089800000, 0x0000000089800000| Untracked 
| 153|0x0000000089900000, 0x0000000089900000, 0x0000000089a00000|  0%| F|  |TAMS 0x0000000089900000, 0x0000000089900000| Untracked 

Card table byte_map: [0x000001e8155d0000,0x000001e8159d0000] _byte_map_base: 0x000001e8151d0000

Marking Bits (Prev, Next): (CMBitMap*) 0x000001e8023df2d8, (CMBitMap*) 0x000001e8023df310
 Prev Bits: [0x000001e815dd0000, 0x000001e817dd0000)
 Next Bits: [0x000001e817dd0000, 0x000001e819dd0000)

Polling page: 0x000001e8002e0000

Metaspace:

Usage:
  Non-class:     59.00 MB capacity,    58.08 MB ( 98%) used,   773.98 KB (  1%) free+waste,   170.38 KB ( <1%) overhead. 
      Class:      8.95 MB capacity,     8.39 MB ( 94%) used,   494.09 KB (  5%) free+waste,    78.81 KB ( <1%) overhead. 
       Both:     67.95 MB capacity,    66.47 MB ( 98%) used,     1.24 MB (  2%) free+waste,   249.19 KB ( <1%) overhead. 

Virtual space:
  Non-class space:       60.00 MB reserved,      59.00 MB ( 98%) committed 
      Class space:        1.00 GB reserved,       9.02 MB ( <1%) committed 
             Both:        1.06 GB reserved,      68.02 MB (  6%) committed 

Chunk freelists:
   Non-Class:  0 bytes
       Class:  20.00 KB
        Both:  20.00 KB

MaxMetaspaceSize: 17179869184.00 GB
CompressedClassSpaceSize: 1.00 GB

CodeHeap 'non-profiled nmethods': size=120000Kb used=4242Kb max_used=4242Kb free=115758Kb
 bounds [0x000001e80d970000, 0x000001e80dda0000, 0x000001e814ea0000]
CodeHeap 'profiled nmethods': size=120000Kb used=14853Kb max_used=14853Kb free=105146Kb
 bounds [0x000001e806440000, 0x000001e8072d0000, 0x000001e80d970000]
CodeHeap 'non-nmethods': size=5760Kb used=2260Kb max_used=2299Kb free=3499Kb
 bounds [0x000001e805ea0000, 0x000001e806110000, 0x000001e806440000]
 total_blobs=7840 nmethods=6987 adapters=765
 compilation: enabled
              stopped_count=0, restarted_count=0
 full_count=0

Compilation events (20 events):
Event: 10.668 Thread 0x000001e81d1c0800 6997       3       java.util.stream.SpinedBuffer::asArray (46 bytes)
Event: 10.668 Thread 0x000001e81d1c0800 nmethod 6997 0x000001e8072ba190 code [0x000001e8072ba3a0, 0x000001e8072ba9a8]
Event: 10.668 Thread 0x000001e81d1c0800 6998       3       java.util.stream.Nodes$SpinedNodeBuilder::copyInto (30 bytes)
Event: 10.668 Thread 0x000001e81d1c0800 nmethod 6998 0x000001e8072bab90 code [0x000001e8072bad40, 0x000001e8072bae88]
Event: 10.688 Thread 0x000001e81d1c0800 7004       3       java.beans.PropertyDescriptor::<init> (112 bytes)
Event: 10.689 Thread 0x000001e81d1c0800 nmethod 7004 0x000001e8072baf10 code [0x000001e8072bb140, 0x000001e8072bb868]
Event: 10.689 Thread 0x000001e81d1c0800 7005   !   3       java.beans.PropertyDescriptor::updateGenericsFor (37 bytes)
Event: 10.691 Thread 0x000001e81d1c0800 nmethod 7005 0x000001e8072bbb10 code [0x000001e8072bbde0, 0x000001e8072bce38]
Event: 10.694 Thread 0x000001e81d1c0800 7007       3       com.sun.beans.introspect.MethodInfo::isThrow (42 bytes)
Event: 10.694 Thread 0x000001e81d1c0800 nmethod 7007 0x000001e8072bd390 code [0x000001e8072bd580, 0x000001e8072bd9a8]
Event: 10.696 Thread 0x000001e81d1c0800 7008       3       java.util.LinkedList$ListItr::set (28 bytes)
Event: 10.696 Thread 0x000001e81d1c0800 nmethod 7008 0x000001e8072bdb10 code [0x000001e8072bdd00, 0x000001e8072be0f8]
Event: 10.697 Thread 0x000001e81d1c0800 7009       3       org.apache.groovy.util.BeanUtils::decapitalize (68 bytes)
Event: 10.699 Thread 0x000001e81d1c0800 nmethod 7009 0x000001e8072be310 code [0x000001e8072be700, 0x000001e8072c01e8]
Event: 10.699 Thread 0x000001e81d1c0800 7010       3       java.lang.String::<init> (10 bytes)
Event: 10.699 Thread 0x000001e81d1c0800 nmethod 7010 0x000001e8072c0b10 code [0x000001e8072c0cc0, 0x000001e8072c0e08]
Event: 10.705 Thread 0x000001e81d1c0800 7011       1       org.gradle.internal.extensibility.DefaultConvention::getExtraProperties (5 bytes)
Event: 10.705 Thread 0x000001e81d1c0800 nmethod 7011 0x000001e80dd94510 code [0x000001e80dd946c0, 0x000001e80dd94778]
Event: 10.708 Thread 0x000001e81d1c0800 7012       3       org.codehaus.groovy.runtime.metaclass.MetaMethodIndex$Header::<init> (26 bytes)
Event: 10.709 Thread 0x000001e81d1c0800 nmethod 7012 0x000001e8072c0f10 code [0x000001e8072c10e0, 0x000001e8072c13c8]

GC Heap History (20 events):
Event: 2.627 GC heap after
{Heap after GC invocations=3 (full 0):
 garbage-first heap   total 131072K, used 16337K [0x0000000080000000, 0x0000000100000000)
  region size 1024K, 7 young (7168K), 7 survivors (7168K)
 Metaspace       used 17868K, capacity 18290K, committed 18432K, reserved 1064960K
  class space    used 2126K, capacity 2253K, committed 2304K, reserved 1048576K
}
Event: 2.922 GC heap before
{Heap before GC invocations=3 (full 0):
 garbage-first heap   total 131072K, used 38865K [0x0000000080000000, 0x0000000100000000)
  region size 1024K, 30 young (30720K), 7 survivors (7168K)
 Metaspace       used 20645K, capacity 21077K, committed 21248K, reserved 1067008K
  class space    used 2536K, capacity 2692K, committed 2816K, reserved 1048576K
}
Event: 2.930 GC heap after
{Heap after GC invocations=4 (full 0):
 garbage-first heap   total 131072K, used 17702K [0x0000000080000000, 0x0000000100000000)
  region size 1024K, 1 young (1024K), 1 survivors (1024K)
 Metaspace       used 20645K, capacity 21077K, committed 21248K, reserved 1067008K
  class space    used 2536K, capacity 2692K, committed 2816K, reserved 1048576K
}
Event: 3.628 GC heap before
{Heap before GC invocations=5 (full 0):
 garbage-first heap   total 131072K, used 72998K [0x0000000080000000, 0x0000000100000000)
  region size 1024K, 55 young (56320K), 1 survivors (1024K)
 Metaspace       used 26204K, capacity 26772K, committed 27008K, reserved 1073152K
  class space    used 3430K, capacity 3618K, committed 3712K, reserved 1048576K
}
Event: 3.632 GC heap after
{Heap after GC invocations=6 (full 0):
 garbage-first heap   total 131072K, used 19605K [0x0000000080000000, 0x0000000100000000)
  region size 1024K, 3 young (3072K), 3 survivors (3072K)
 Metaspace       used 26204K, capacity 26772K, committed 27008K, reserved 1073152K
  class space    used 3430K, capacity 3618K, committed 3712K, reserved 1048576K
}
Event: 4.634 GC heap before
{Heap before GC invocations=6 (full 0):
 garbage-first heap   total 131072K, used 75925K [0x0000000080000000, 0x0000000100000000)
  region size 1024K, 59 young (60416K), 3 survivors (3072K)
 Metaspace       used 35053K, capacity 35787K, committed 35840K, reserved 1081344K
  class space    used 4558K, capacity 4863K, committed 4864K, reserved 1048576K
}
Event: 4.647 GC heap after
{Heap after GC invocations=7 (full 0):
 garbage-first heap   total 131072K, used 23111K [0x0000000080000000, 0x0000000100000000)
  region size 1024K, 7 young (7168K), 7 survivors (7168K)
 Metaspace       used 35053K, capacity 35787K, committed 35840K, reserved 1081344K
  class space    used 4558K, capacity 4863K, committed 4864K, reserved 1048576K
}
Event: 5.504 GC heap before
{Heap before GC invocations=8 (full 0):
 garbage-first heap   total 131072K, used 85575K [0x0000000080000000, 0x0000000100000000)
  region size 1024K, 65 young (66560K), 7 survivors (7168K)
 Metaspace       used 39287K, capacity 40208K, committed 40268K, reserved 1083392K
  class space    used 5040K, capacity 5393K, committed 5452K, reserved 1048576K
}
Event: 5.515 GC heap after
{Heap after GC invocations=9 (full 0):
 garbage-first heap   total 131072K, used 28136K [0x0000000080000000, 0x0000000100000000)
  region size 1024K, 9 young (9216K), 9 survivors (9216K)
 Metaspace       used 39287K, capacity 40208K, committed 40268K, reserved 1083392K
  class space    used 5040K, capacity 5393K, committed 5452K, reserved 1048576K
}
Event: 6.300 GC heap before
{Heap before GC invocations=9 (full 0):
 garbage-first heap   total 131072K, used 89576K [0x0000000080000000, 0x0000000100000000)
  region size 1024K, 69 young (70656K), 9 survivors (9216K)
 Metaspace       used 44983K, capacity 45995K, committed 46156K, reserved 1089536K
  class space    used 5773K, capacity 6162K, committed 6220K, reserved 1048576K
}
Event: 6.311 GC heap after
{Heap after GC invocations=10 (full 0):
 garbage-first heap   total 157696K, used 30233K [0x0000000080000000, 0x0000000100000000)
  region size 1024K, 3 young (3072K), 3 survivors (3072K)
 Metaspace       used 44983K, capacity 45995K, committed 46156K, reserved 1089536K
  class space    used 5773K, capacity 6162K, committed 6220K, reserved 1048576K
}
Event: 7.602 GC heap before
{Heap before GC invocations=10 (full 0):
 garbage-first heap   total 157696K, used 128537K [0x0000000080000000, 0x0000000100000000)
  region size 1024K, 91 young (93184K), 3 survivors (3072K)
 Metaspace       used 48588K, capacity 49785K, committed 49996K, reserved 1093632K
  class space    used 6206K, capacity 6681K, committed 6732K, reserved 1048576K
}
Event: 7.613 GC heap after
{Heap after GC invocations=11 (full 0):
 garbage-first heap   total 157696K, used 51504K [0x0000000080000000, 0x0000000100000000)
  region size 1024K, 12 young (12288K), 12 survivors (12288K)
 Metaspace       used 48588K, capacity 49785K, committed 49996K, reserved 1093632K
  class space    used 6206K, capacity 6681K, committed 6732K, reserved 1048576K
}
Event: 8.709 GC heap before
{Heap before GC invocations=11 (full 0):
 garbage-first heap   total 157696K, used 114992K [0x0000000080000000, 0x0000000100000000)
  region size 1024K, 74 young (75776K), 12 survivors (12288K)
 Metaspace       used 57588K, capacity 58934K, committed 59084K, reserved 1099776K
  class space    used 7247K, capacity 7767K, committed 7884K, reserved 1048576K
}
Event: 8.722 GC heap after
{Heap after GC invocations=12 (full 0):
 garbage-first heap   total 157696K, used 54785K [0x0000000080000000, 0x0000000100000000)
  region size 1024K, 3 young (3072K), 3 survivors (3072K)
 Metaspace       used 57588K, capacity 58934K, committed 59084K, reserved 1099776K
  class space    used 7247K, capacity 7767K, committed 7884K, reserved 1048576K
}
Event: 8.885 GC heap before
{Heap before GC invocations=12 (full 0):
 garbage-first heap   total 157696K, used 65025K [0x0000000080000000, 0x0000000100000000)
  region size 1024K, 14 young (14336K), 3 survivors (3072K)
 Metaspace       used 58848K, capacity 60163K, committed 60236K, reserved 1101824K
  class space    used 7440K, capacity 7960K, committed 8012K, reserved 1048576K
}
Event: 8.890 GC heap after
{Heap after GC invocations=13 (full 0):
 garbage-first heap   total 157696K, used 54591K [0x0000000080000000, 0x0000000100000000)
  region size 1024K, 3 young (3072K), 3 survivors (3072K)
 Metaspace       used 58848K, capacity 60163K, committed 60236K, reserved 1101824K
  class space    used 7440K, capacity 7960K, committed 8012K, reserved 1048576K
}
Event: 9.849 GC heap before
{Heap before GC invocations=14 (full 0):
 garbage-first heap   total 157696K, used 112959K [0x0000000080000000, 0x0000000100000000)
  region size 1024K, 60 young (61440K), 3 survivors (3072K)
 Metaspace       used 64899K, capacity 66309K, committed 66456K, reserved 1107968K
  class space    used 8184K, capacity 8741K, committed 8856K, reserved 1048576K
}
Event: 9.864 GC heap after
{Heap after GC invocations=15 (full 0):
 garbage-first heap   total 157696K, used 59438K [0x0000000080000000, 0x0000000100000000)
  region size 1024K, 8 young (8192K), 8 survivors (8192K)
 Metaspace       used 64899K, capacity 66309K, committed 66456K, reserved 1107968K
  class space    used 8184K, capacity 8741K, committed 8856K, reserved 1048576K
}
Event: 10.713 GC heap before
{Heap before GC invocations=16 (full 0):
 garbage-first heap   total 157696K, used 116782K [0x0000000080000000, 0x0000000100000000)
  region size 1024K, 64 young (65536K), 8 survivors (8192K)
 Metaspace       used 68062K, capacity 69580K, committed 69656K, reserved 1110016K
  class space    used 8591K, capacity 9164K, committed 9240K, reserved 1048576K
}

Deoptimization events (20 events):
Event: 10.311 Thread 0x000001e81ed30000 Uncommon trap: trap_request=0xffffff4d fr.pc=0x000001e80dae58a0 relative=0x0000000000004880
Event: 10.311 Thread 0x000001e81ed30000 Uncommon trap: reason=unstable_if action=reinterpret pc=0x000001e80dae58a0 method=sun.net.www.protocol.jar.Handler.parseURL(Ljava/net/URL;Ljava/lang/String;II)V @ 116 c2
Event: 10.311 Thread 0x000001e81ed30000 DEOPT PACKING pc=0x000001e80dae58a0 sp=0x000000412ecf7f40
Event: 10.311 Thread 0x000001e81ed30000 DEOPT UNPACKING pc=0x000001e805ec662f sp=0x000000412ecf7e28 mode 2
Event: 10.576 Thread 0x000001e81ed30000 Uncommon trap: trap_request=0xffffff4d fr.pc=0x000001e80db0015c relative=0x000000000000031c
Event: 10.576 Thread 0x000001e81ed30000 Uncommon trap: reason=unstable_if action=reinterpret pc=0x000001e80db0015c method=java.util.StringJoiner.add(Ljava/lang/CharSequence;)Ljava/util/StringJoiner; @ 33 c2
Event: 10.576 Thread 0x000001e81ed30000 DEOPT PACKING pc=0x000001e80db0015c sp=0x000000412ecf5b90
Event: 10.576 Thread 0x000001e81ed30000 DEOPT UNPACKING pc=0x000001e805ec662f sp=0x000000412ecf5b40 mode 2
Event: 10.596 Thread 0x000001e81ed30000 Uncommon trap: trap_request=0xffffff4d fr.pc=0x000001e80dd8d6fc relative=0x00000000000005fc
Event: 10.596 Thread 0x000001e81ed30000 Uncommon trap: reason=unstable_if action=reinterpret pc=0x000001e80dd8d6fc method=groovy.lang.MetaClassImpl.filterPropertyMethod(Ljava/lang/Object;ZZ)Ljava/lang/Object; @ 60 c2
Event: 10.596 Thread 0x000001e81ed30000 DEOPT PACKING pc=0x000001e80dd8d6fc sp=0x000000412ecf80d0
Event: 10.596 Thread 0x000001e81ed30000 DEOPT UNPACKING pc=0x000001e805ec662f sp=0x000000412ecf8048 mode 2
Event: 10.667 Thread 0x000001e81ed30000 Uncommon trap: trap_request=0xffffffdc fr.pc=0x000001e80dd93634 relative=0x0000000000000274
Event: 10.667 Thread 0x000001e81ed30000 Uncommon trap: reason=class_check action=make_not_entrant pc=0x000001e80dd93634 method=java.util.ArrayList.toArray([Ljava/lang/Object;)[Ljava/lang/Object; @ 21 c2
Event: 10.667 Thread 0x000001e81ed30000 DEOPT PACKING pc=0x000001e80dd93634 sp=0x000000412ecf5f10
Event: 10.667 Thread 0x000001e81ed30000 DEOPT UNPACKING pc=0x000001e805ec662f sp=0x000000412ecf5ed0 mode 2
Event: 10.678 Thread 0x000001e81ed30000 Uncommon trap: trap_request=0xfffffff4 fr.pc=0x000001e80dd90e90 relative=0x0000000000000870
Event: 10.678 Thread 0x000001e81ed30000 Uncommon trap: reason=null_check action=make_not_entrant pc=0x000001e80dd90e90 method=com.sun.beans.introspect.MethodInfo$MethodOrder.compare(Ljava/lang/reflect/Method;Ljava/lang/reflect/Method;)I @ 133 c2
Event: 10.678 Thread 0x000001e81ed30000 DEOPT PACKING pc=0x000001e80dd90e90 sp=0x000000412ecf3b20
Event: 10.678 Thread 0x000001e81ed30000 DEOPT UNPACKING pc=0x000001e805ec662f sp=0x000000412ecf3a68 mode 2

Classes redefined (0 events):
No events

Internal exceptions (20 events):
Event: 10.578 Thread 0x000001e81ed30000 Exception <a 'java/lang/ClassNotFoundException'{0x00000000870074e8}: com/android/build/gradle/TestedExtensionCustomizer> (0x00000000870074e8) thrown at [./src/hotspot/share/classfile/systemDictionary.cpp, line 231]
Event: 10.579 Thread 0x000001e81ed30000 Exception <a 'java/lang/ClassNotFoundException'{0x000000008703ad20}: com/android/build/gradle/AbstractAppExtensionCustomizer> (0x000000008703ad20) thrown at [./src/hotspot/share/classfile/systemDictionary.cpp, line 231]
Event: 10.580 Thread 0x000001e81ed30000 Exception <a 'java/lang/ClassNotFoundException'{0x0000000087068f90}: com/android/build/gradle/AppExtensionCustomizer> (0x0000000087068f90) thrown at [./src/hotspot/share/classfile/systemDictionary.cpp, line 231]
Event: 10.582 Thread 0x000001e81ed30000 Exception <a 'java/lang/ClassNotFoundException'{0x000000008709a1a8}: com/android/build/gradle/internal/dsl/BaseAppModuleExtensionCustomizer> (0x000000008709a1a8) thrown at [./src/hotspot/share/classfile/systemDictionary.cpp, line 231]
Event: 10.589 Thread 0x000001e81ed30000 Exception <a 'java/lang/ClassNotFoundException'{0x0000000086f85c80}: com/android/build/gradle/internal/dsl/BaseAppModuleExtension_DecoratedCustomizer> (0x0000000086f85c80) thrown at [./src/hotspot/share/classfile/systemDictionary.cpp, line 231]
Event: 10.675 Thread 0x000001e81ed30000 Exception <a 'java/lang/ClassNotFoundException'{0x0000000086616688}: com/android/build/gradle/internal/dsl/DefaultConfig$AgpDecorated_DecoratedBeanInfo> (0x0000000086616688) thrown at [./src/hotspot/share/classfile/systemDictionary.cpp, line 231]
Event: 10.675 Thread 0x000001e81ed30000 Exception <a 'java/lang/ClassNotFoundException'{0x0000000086633e90}: com/android/build/gradle/internal/dsl/DefaultConfig$AgpDecoratedBeanInfo> (0x0000000086633e90) thrown at [./src/hotspot/share/classfile/systemDictionary.cpp, line 231]
Event: 10.676 Thread 0x000001e81ed30000 Exception <a 'java/lang/ClassNotFoundException'{0x00000000866504a0}: com/android/build/gradle/internal/dsl/DefaultConfigBeanInfo> (0x00000000866504a0) thrown at [./src/hotspot/share/classfile/systemDictionary.cpp, line 231]
Event: 10.676 Thread 0x000001e81ed30000 Exception <a 'java/lang/ClassNotFoundException'{0x000000008666be80}: com/android/build/gradle/internal/dsl/BaseFlavorBeanInfo> (0x000000008666be80) thrown at [./src/hotspot/share/classfile/systemDictionary.cpp, line 231]
Event: 10.677 Thread 0x000001e81ed30000 Exception <a 'java/lang/ClassNotFoundException'{0x00000000866878e0}: com/android/builder/core/AbstractProductFlavorBeanInfo> (0x00000000866878e0) thrown at [./src/hotspot/share/classfile/systemDictionary.cpp, line 231]
Event: 10.677 Thread 0x000001e81ed30000 Exception <a 'java/lang/ClassNotFoundException'{0x00000000866a31f0}: com/android/builder/internal/BaseConfigImplBeanInfo> (0x00000000866a31f0) thrown at [./src/hotspot/share/classfile/systemDictionary.cpp, line 231]
Event: 10.678 Thread 0x000001e81ed30000 Exception <a 'java/lang/ClassNotFoundException'{0x00000000866beb70}: com/android/builder/internal/BaseConfigImplCustomizer> (0x00000000866beb70) thrown at [./src/hotspot/share/classfile/systemDictionary.cpp, line 231]
Event: 10.678 Thread 0x000001e81ed30000 Implicit null exception at 0x000001e80dd908e1 to 0x000001e80dd90e80
Event: 10.680 Thread 0x000001e81ed30000 Exception <a 'java/lang/ClassNotFoundException'{0x00000000866f8f10}: com/android/builder/core/AbstractProductFlavorCustomizer> (0x00000000866f8f10) thrown at [./src/hotspot/share/classfile/systemDictionary.cpp, line 231]
Event: 10.682 Thread 0x000001e81ed30000 Exception <a 'java/lang/ClassNotFoundException'{0x000000008654fdc0}: com/android/build/gradle/internal/dsl/BaseFlavorCustomizer> (0x000000008654fdc0) thrown at [./src/hotspot/share/classfile/systemDictionary.cpp, line 231]
Event: 10.687 Thread 0x000001e81ed30000 Exception <a 'java/lang/ClassNotFoundException'{0x00000000865cb128}: com/android/build/gradle/internal/dsl/DefaultConfigCustomizer> (0x00000000865cb128) thrown at [./src/hotspot/share/classfile/systemDictionary.cpp, line 231]
Event: 10.688 Thread 0x000001e81ed30000 Exception <a 'java/lang/ClassNotFoundException'{0x00000000864014b8}: com/android/build/gradle/internal/dsl/DefaultConfig$AgpDecoratedCustomizer> (0x00000000864014b8) thrown at [./src/hotspot/share/classfile/systemDictionary.cpp, line 231]
Event: 10.690 Thread 0x000001e81ed30000 Exception <a 'java/lang/ClassNotFoundException'{0x0000000086460110}: com/android/build/gradle/internal/dsl/DefaultConfig$AgpDecorated_DecoratedCustomizer> (0x0000000086460110) thrown at [./src/hotspot/share/classfile/systemDictionary.cpp, line 231]
Event: 10.703 Thread 0x000001e81ed30000 Exception <a 'java/lang/ClassNotFoundException'{0x00000000863b3de0}: org/gradle/api/internal/NamedDomainObjectContainerConfigureDelegateBeanInfo> (0x00000000863b3de0) thrown at [./src/hotspot/share/classfile/systemDictionary.cpp, line 231]
Event: 10.704 Thread 0x000001e81ed30000 Exception <a 'java/lang/ClassNotFoundException'{0x00000000863ed288}: org/gradle/api/internal/NamedDomainObjectContainerConfigureDelegateCustomizer> (0x00000000863ed288) thrown at [./src/hotspot/share/classfile/systemDictionary.cpp, line 231]

Events (20 events):
Event: 10.702 loading class org/gradle/api/internal/NamedDomainObjectContainerConfigureDelegateBeanInfo done
Event: 10.702 loading class org/gradle/api/internal/NamedDomainObjectContainerConfigureDelegateBeanInfo
Event: 10.702 loading class org/gradle/api/internal/NamedDomainObjectContainerConfigureDelegateBeanInfo done
Event: 10.702 loading class org/gradle/api/internal/NamedDomainObjectContainerConfigureDelegateBeanInfo
Event: 10.702 loading class org/gradle/api/internal/NamedDomainObjectContainerConfigureDelegateBeanInfo done
Event: 10.703 loading class org/gradle/api/internal/NamedDomainObjectContainerConfigureDelegateBeanInfo
Event: 10.703 loading class org/gradle/api/internal/NamedDomainObjectContainerConfigureDelegateBeanInfo done
Event: 10.703 loading class org/gradle/api/internal/NamedDomainObjectContainerConfigureDelegateCustomizer
Event: 10.703 loading class org/gradle/api/internal/NamedDomainObjectContainerConfigureDelegateCustomizer done
Event: 10.703 loading class org/gradle/api/internal/NamedDomainObjectContainerConfigureDelegateCustomizer
Event: 10.703 loading class org/gradle/api/internal/NamedDomainObjectContainerConfigureDelegateCustomizer done
Event: 10.703 loading class org/gradle/api/internal/NamedDomainObjectContainerConfigureDelegateCustomizer
Event: 10.703 loading class org/gradle/api/internal/NamedDomainObjectContainerConfigureDelegateCustomizer done
Event: 10.704 loading class org/gradle/api/internal/NamedDomainObjectContainerConfigureDelegateCustomizer
Event: 10.704 loading class org/gradle/api/internal/NamedDomainObjectContainerConfigureDelegateCustomizer done
Event: 10.705 loading class groovy/runtime/metaclass/build_6sxxtytl52xr810a0fh9dymz5$_run_closure1$_closure4$_closure5MetaClass
Event: 10.705 loading class groovy/runtime/metaclass/build_6sxxtytl52xr810a0fh9dymz5$_run_closure1$_closure4$_closure5MetaClass done
Event: 10.706 loading class groovy/runtime/metaclass/org/gradle/api/internal/FactoryNamedDomainObjectContainer_DecoratedMetaClass
Event: 10.706 loading class groovy/runtime/metaclass/org/gradle/api/internal/FactoryNamedDomainObjectContainer_DecoratedMetaClass done
Event: 10.712 Executing VM operation: G1CollectForAllocation


Dynamic libraries:
0x00007ff736c80000 - 0x00007ff736c8a000 	C:\Program Files\Android\Android Studio\jre\bin\java.exe
0x00007ff963eb0000 - 0x00007ff9640a8000 	C:\WINDOWS\SYSTEM32\ntdll.dll
0x00007ff9621c0000 - 0x00007ff96227d000 	C:\WINDOWS\System32\KERNEL32.DLL
0x00007ff9617f0000 - 0x00007ff961abe000 	C:\WINDOWS\System32\KERNELBASE.dll
0x00007ff961ac0000 - 0x00007ff961bc0000 	C:\WINDOWS\System32\ucrtbase.dll
0x00007ff94b6d0000 - 0x00007ff94b6e9000 	C:\Program Files\Android\Android Studio\jre\bin\jli.dll
0x00007ff949780000 - 0x00007ff949797000 	C:\Program Files\Android\Android Studio\jre\bin\VCRUNTIME140.dll
0x00007ff962e60000 - 0x00007ff963000000 	C:\WINDOWS\System32\USER32.dll
0x00007ff961d40000 - 0x00007ff961d62000 	C:\WINDOWS\System32\win32u.dll
0x00007ff952ee0000 - 0x00007ff95317a000 	C:\WINDOWS\WinSxS\amd64_microsoft.windows.common-controls_6595b64144ccf1df_6.0.19041.1110_none_60b5254171f9507e\COMCTL32.dll
0x00007ff9631c0000 - 0x00007ff9631ea000 	C:\WINDOWS\System32\GDI32.dll
0x00007ff963000000 - 0x00007ff96309e000 	C:\WINDOWS\System32\msvcrt.dll
0x00007ff961e00000 - 0x00007ff961f0b000 	C:\WINDOWS\System32\gdi32full.dll
0x00007ff961c70000 - 0x00007ff961d0d000 	C:\WINDOWS\System32\msvcp_win.dll
0x00007ff962b50000 - 0x00007ff962b80000 	C:\WINDOWS\System32\IMM32.DLL
0x00007ff944ad0000 - 0x00007ff944b6d000 	C:\Program Files\Android\Android Studio\jre\bin\msvcp140.dll
0x00007ff932800000 - 0x00007ff9332d5000 	C:\Program Files\Android\Android Studio\jre\bin\server\jvm.dll
0x00007ff962db0000 - 0x00007ff962e5e000 	C:\WINDOWS\System32\ADVAPI32.dll
0x00007ff962040000 - 0x00007ff9620dc000 	C:\WINDOWS\System32\sechost.dll
0x00007ff961f10000 - 0x00007ff962035000 	C:\WINDOWS\System32\RPCRT4.dll
0x00007ff962b80000 - 0x00007ff962b88000 	C:\WINDOWS\System32\PSAPI.DLL
0x00007ff95e550000 - 0x00007ff95e559000 	C:\WINDOWS\SYSTEM32\WSOCK32.dll
0x00007ff956ee0000 - 0x00007ff956f07000 	C:\WINDOWS\SYSTEM32\WINMM.dll
0x00007ff9623e0000 - 0x00007ff96244b000 	C:\WINDOWS\System32\WS2_32.dll
0x00007ff95c010000 - 0x00007ff95c01a000 	C:\WINDOWS\SYSTEM32\VERSION.dll
0x00007ff95f4f0000 - 0x00007ff95f502000 	C:\WINDOWS\SYSTEM32\kernel.appcore.dll
0x00007ff95ac00000 - 0x00007ff95ac11000 	C:\Program Files\Android\Android Studio\jre\bin\verify.dll
0x00007ff94c9e0000 - 0x00007ff94cbc4000 	C:\WINDOWS\SYSTEM32\DBGHELP.DLL
0x00007ff94c920000 - 0x00007ff94c94c000 	C:\WINDOWS\SYSTEM32\dbgcore.DLL
0x00007ff961d70000 - 0x00007ff961df2000 	C:\WINDOWS\System32\bcryptPrimitives.dll
0x00007ff959340000 - 0x00007ff959369000 	C:\Program Files\Android\Android Studio\jre\bin\java.dll
0x00007ff95e480000 - 0x00007ff95e48b000 	C:\Program Files\Android\Android Studio\jre\bin\jimage.dll
0x00007ff959320000 - 0x00007ff959338000 	C:\Program Files\Android\Android Studio\jre\bin\zip.dll
0x00007ff963720000 - 0x00007ff963e64000 	C:\WINDOWS\System32\SHELL32.dll
0x00007ff95f6f0000 - 0x00007ff95fe84000 	C:\WINDOWS\SYSTEM32\windows.storage.dll
0x00007ff963300000 - 0x00007ff963654000 	C:\WINDOWS\System32\combase.dll
0x00007ff960f60000 - 0x00007ff960f90000 	C:\WINDOWS\SYSTEM32\Wldp.dll
0x00007ff9631f0000 - 0x00007ff96329d000 	C:\WINDOWS\System32\SHCORE.dll
0x00007ff9625a0000 - 0x00007ff9625f5000 	C:\WINDOWS\System32\shlwapi.dll
0x00007ff961510000 - 0x00007ff96152f000 	C:\WINDOWS\SYSTEM32\profapi.dll
0x00007ff9592e0000 - 0x00007ff9592fa000 	C:\Program Files\Android\Android Studio\jre\bin\net.dll
0x00007ff95af30000 - 0x00007ff95b03a000 	C:\WINDOWS\SYSTEM32\WINHTTP.dll
0x00007ff960cc0000 - 0x00007ff960d2a000 	C:\WINDOWS\system32\mswsock.dll
0x00007ff9592c0000 - 0x00007ff9592d4000 	C:\Program Files\Android\Android Studio\jre\bin\nio.dll
0x00007ff94c6d0000 - 0x00007ff94c6f7000 	C:\Users\JULIETH\.gradle\native\e1d6ef7f7dcc3fd88c89a11ec53ec762bb8ba0a96d01ffa2cd45eb1d1d8dd5c5\windows-amd64\native-platform.dll
0x00007ff93bb70000 - 0x00007ff93bcb4000 	C:\Users\JULIETH\.gradle\native\5664cfc778a61ccfe75a443a1ab52a65af34e5dc3c78e0209fed803814484fcb\windows-amd64\native-platform-file-events.dll
0x00007ff95d290000 - 0x00007ff95d29a000 	C:\Program Files\Android\Android Studio\jre\bin\management.dll
0x00007ff95d0f0000 - 0x00007ff95d0fd000 	C:\Program Files\Android\Android Studio\jre\bin\management_ext.dll
0x00007ff960eb0000 - 0x00007ff960ec8000 	C:\WINDOWS\SYSTEM32\CRYPTSP.dll
0x00007ff960640000 - 0x00007ff960674000 	C:\WINDOWS\system32\rsaenh.dll
0x00007ff961d10000 - 0x00007ff961d37000 	C:\WINDOWS\System32\bcrypt.dll
0x00007ff9614d0000 - 0x00007ff9614fe000 	C:\WINDOWS\SYSTEM32\USERENV.dll
0x00007ff960ed0000 - 0x00007ff960edc000 	C:\WINDOWS\SYSTEM32\CRYPTBASE.dll
0x00007ff9609b0000 - 0x00007ff9609eb000 	C:\WINDOWS\SYSTEM32\IPHLPAPI.DLL
0x00007ff963710000 - 0x00007ff963718000 	C:\WINDOWS\System32\NSI.dll
0x00007ff95bff0000 - 0x00007ff95c007000 	C:\WINDOWS\SYSTEM32\dhcpcsvc6.DLL
0x00007ff95bf60000 - 0x00007ff95bf7d000 	C:\WINDOWS\SYSTEM32\dhcpcsvc.DLL
0x00007ff9609f0000 - 0x00007ff960aba000 	C:\WINDOWS\SYSTEM32\DNSAPI.dll

dbghelp: loaded successfully - version: 4.0.5 - missing functions: none
symbol engine: initialized successfully - sym options: 0x614 - pdb path: .;C:\Program Files\Android\Android Studio\jre\bin;C:\WINDOWS\SYSTEM32;C:\WINDOWS\WinSxS\amd64_microsoft.windows.common-controls_6595b64144ccf1df_6.0.19041.1110_none_60b5254171f9507e;C:\Program Files\Android\Android Studio\jre\bin\server;C:\Users\JULIETH\.gradle\native\e1d6ef7f7dcc3fd88c89a11ec53ec762bb8ba0a96d01ffa2cd45eb1d1d8dd5c5\windows-amd64;C:\Users\JULIETH\.gradle\native\5664cfc778a61ccfe75a443a1ab52a65af34e5dc3c78e0209fed803814484fcb\windows-amd64

VM Arguments:
jvm_args: --add-opens=java.base/java.util=ALL-UNNAMED --add-opens=java.base/java.lang=ALL-UNNAMED --add-opens=java.base/java.lang.invoke=ALL-UNNAMED --add-opens=java.base/java.util=ALL-UNNAMED --add-opens=java.prefs/java.util.prefs=ALL-UNNAMED --add-opens=java.prefs/java.util.prefs=ALL-UNNAMED --add-opens=java.base/java.nio.charset=ALL-UNNAMED --add-opens=java.base/java.net=ALL-UNNAMED --add-opens=java.base/java.util.concurrent.atomic=ALL-UNNAMED -Xmx2048m -Dfile.encoding=UTF-8 -Duser.country=CO -Duser.language=es -Duser.variant 
java_command: org.gradle.launcher.daemon.bootstrap.GradleDaemon 7.2
java_class_path (initial): C:\Users\JULIETH\.gradle\wrapper\dists\gradle-7.2-bin\2dnblmf4td7x66yl1d74lt32g\gradle-7.2\lib\gradle-launcher-7.2.jar
Launcher Type: SUN_STANDARD

[Global flags]
     intx CICompilerCount                          = 4                                         {product} {ergonomic}
     uint ConcGCThreads                            = 2                                         {product} {ergonomic}
     uint G1ConcRefinementThreads                  = 8                                         {product} {ergonomic}
   size_t G1HeapRegionSize                         = 1048576                                   {product} {ergonomic}
    uintx GCDrainStackTargetSize                   = 64                                        {product} {ergonomic}
   size_t InitialHeapSize                          = 134217728                                 {product} {ergonomic}
   size_t MarkStackSize                            = 4194304                                   {product} {ergonomic}
   size_t MaxHeapSize                              = 2147483648                                {product} {command line}
   size_t MaxNewSize                               = 1287651328                                {product} {ergonomic}
   size_t MinHeapDeltaBytes                        = 1048576                                   {product} {ergonomic}
    uintx NonNMethodCodeHeapSize                   = 5836300                                {pd product} {ergonomic}
    uintx NonProfiledCodeHeapSize                  = 122910970                              {pd product} {ergonomic}
    uintx ProfiledCodeHeapSize                     = 122910970                              {pd product} {ergonomic}
    uintx ReservedCodeCacheSize                    = 251658240                              {pd product} {ergonomic}
     bool SegmentedCodeCache                       = true                                      {product} {ergonomic}
     bool UseCompressedClassPointers               = true                                 {lp64_product} {ergonomic}
     bool UseCompressedOops                        = true                                 {lp64_product} {ergonomic}
     bool UseG1GC                                  = true                                      {product} {ergonomic}
     bool UseLargePagesIndividualAllocation        = false                                  {pd product} {ergonomic}

Logging:
Log output configuration:
 #0: stdout all=warning uptime,level,tags
 #1: stderr all=off uptime,level,tags

Environment Variables:
PATH=C:\WINDOWS\system32;C:\WINDOWS;C:\WINDOWS\System32\Wbem;C:\WINDOWS\System32\WindowsPowerShell\v1.0\;C:\WINDOWS\System32\OpenSSH\;C:\Program Files\dotnet\;C:\Program Files\Git\cmd;C:\Program Files\nodejs\;C:\Users\JULIETH\AppData\Local\Microsoft\WindowsApps;C:\Users\JULIETH\AppData\Local\GitHubDesktop\bin;C:\Users\JULIETH\AppData\Local\Programs\Microsoft VS Code\bin;C:\Users\JULIETH\AppData\Roaming\npm
USERNAME=JULIETH
OS=Windows_NT
PROCESSOR_IDENTIFIER=AMD64 Family 21 Model 2 Stepping 0, AuthenticAMD



---------------  S Y S T E M  ---------------

OS: Windows 10 , 64 bit Build 19041 (10.0.19041.1889)
OS uptime: 6 days 8:47 hours

CPU:total 8 (initial active 8) (8 cores per cpu, 1 threads per core) family 21 model 2 stepping 0 microcode 0x0, cmov, cx8, fxsr, mmx, sse, sse2, sse3, ssse3, sse4.1, sse4.2, popcnt, avx, aes, clmul, mmxext, 3dnowpref, lzcnt, sse4a, tsc, tscinvbit, tscinv, bmi1, fma

Memory: 4k page, system-wide physical 8168M (1142M free)
TotalPageFile size 8184M (AvailPageFile size 28M)
current process WorkingSet (physical memory assigned to process): 376M, peak: 377M
current process commit charge ("private bytes"): 415M, peak: 445M

vm_info: OpenJDK 64-Bit Server VM (11.0.11+9-b60-7590822) for windows-amd64 JRE (11.0.11+9-b60-7590822), built on Jul 29 2021 21:43:44 by "builder" with MS VC++ 14.0 (VS2015)

END.
