#
# There is insufficient memory for the Java Runtime Environment to continue.
# Native memory allocation (malloc) failed to allocate 307536 bytes for Chunk::new
# Possible reasons:
#   The system is out of physical RAM or swap space
#   The process is running with CompressedOops enabled, and the Java Heap may be blocking the growth of the native heap
# Possible solutions:
#   Reduce memory load on the system
#   Increase physical memory or swap space
#   Check if swap backing store is full
#   Decrease Java heap size (-Xmx/-Xms)
#   Decrease number of Java threads
#   Decrease Java thread stack sizes (-Xss)
#   Set larger code cache with -XX:ReservedCodeCacheSize=
#   JVM is running with Unscaled Compressed Oops mode in which the Java heap is
#     placed in the first 4GB address space. The Java Heap base address is the
#     maximum limit for the native heap growth. Please use -XX:HeapBaseMinAddress
#     to set the Java Heap base and to place the Java Heap above 4GB virtual address.
# This output file may be truncated or incomplete.
#
#  Out of Memory Error (./src/hotspot/share/memory/arena.cpp:197), pid=13452, tid=508
#
# JRE version: OpenJDK Runtime Environment (11.0.11+9) (build 11.0.11+9-b60-7590822)
# Java VM: OpenJDK 64-Bit Server VM (11.0.11+9-b60-7590822, mixed mode, tiered, compressed oops, g1 gc, windows-amd64)
# No core dump will be written. Minidumps are not enabled by default on client versions of Windows
#

---------------  S U M M A R Y ------------

Command Line: --add-opens=java.base/java.util=ALL-UNNAMED --add-opens=java.base/java.lang=ALL-UNNAMED --add-opens=java.base/java.lang.invoke=ALL-UNNAMED --add-opens=java.base/java.util=ALL-UNNAMED --add-opens=java.prefs/java.util.prefs=ALL-UNNAMED --add-opens=java.prefs/java.util.prefs=ALL-UNNAMED --add-opens=java.base/java.nio.charset=ALL-UNNAMED --add-opens=java.base/java.net=ALL-UNNAMED --add-opens=java.base/java.util.concurrent.atomic=ALL-UNNAMED -Xmx2048m -Dfile.encoding=UTF-8 -Duser.country=CO -Duser.language=es -Duser.variant org.gradle.launcher.daemon.bootstrap.GradleDaemon 7.2

Host: AMD FX-8320E Eight-Core Processor              , 8 cores, 7G,  Windows 10 , 64 bit Build 19041 (10.0.19041.1889)
Time: Sat Sep  3 05:39:55 2022 Hora est. Pacífico, Sudamérica elapsed time: 13.101620 seconds (0d 0h 0m 13s)

---------------  T H R E A D  ---------------

Current thread (0x00000285ff82f000):  JavaThread "C2 CompilerThread0" daemon [_thread_in_native, id=508, stack(0x000000b6a6a00000,0x000000b6a6b00000)]


Current CompileTask:
C2:  13101 9123       4       org.gradle.cache.internal.btree.CachingBlockStore::read (56 bytes)

Stack: [0x000000b6a6a00000,0x000000b6a6b00000]
Native frames: (J=compiled Java code, j=interpreted, Vv=VM code, C=native code)
V  [jvm.dll+0x5f214a]
V  [jvm.dll+0x726fb5]
V  [jvm.dll+0x7285cd]
V  [jvm.dll+0x728c83]
V  [jvm.dll+0x243278]
V  [jvm.dll+0xbc53c]
V  [jvm.dll+0xbca3c]
V  [jvm.dll+0x353e7d]
V  [jvm.dll+0x1983c0]
V  [jvm.dll+0x1fc2ee]
V  [jvm.dll+0x1fb3d4]
V  [jvm.dll+0x183d6c]
V  [jvm.dll+0x209a57]
V  [jvm.dll+0x2082a1]
V  [jvm.dll+0x6ef58f]
V  [jvm.dll+0x6e80b5]
V  [jvm.dll+0x5f1036]
C  [ucrtbase.dll+0x21bb2]
C  [KERNEL32.DLL+0x17034]
C  [ntdll.dll+0x52651]


---------------  P R O C E S S  ---------------

Threads class SMR info:
_java_thread_list=0x0000028589b0ecb0, length=136, elements={
0x00000285e6bae000, 0x00000285ff802000, 0x00000285ff80d800, 0x00000285ff81f000,
0x00000285ff820000, 0x00000285ff824000, 0x00000285ff82f000, 0x00000285ff833800,
0x00000285ff834800, 0x00000285ffaf7800, 0x0000028583c46800, 0x00000285836d2000,
0x00000285847ac000, 0x0000028583ec0800, 0x0000028583ec1000, 0x0000028584502000,
0x0000028584c8d800, 0x0000028584729800, 0x0000028584350800, 0x0000028584ddb000,
0x0000028583d47000, 0x0000028584ddb800, 0x0000028584dd7800, 0x0000028584dd8800,
0x0000028584dda000, 0x0000028584ddc800, 0x0000028584dd9000, 0x0000028584dd6800,
0x0000028584ddd000, 0x0000028586008000, 0x0000028586009000, 0x000002858600a800,
0x0000028586005000, 0x000002858600b800, 0x000002858600c800, 0x0000028586006800,
0x000002858600d000, 0x0000028586007800, 0x0000028586012000, 0x000002858600f800,
0x0000028586013000, 0x0000028586010800, 0x0000028586011000, 0x0000028586013800,
0x000002858600e000, 0x000002858600f000, 0x0000028582b96800, 0x0000028582b92800,
0x0000028582b93000, 0x0000028582b94000, 0x0000028582b94800, 0x0000028582b95800,
0x0000028582b98000, 0x0000028582b97000, 0x0000028582b99000, 0x0000028586bd1000,
0x0000028586bd2000, 0x0000028586bcf800, 0x0000028586bce800, 0x0000028586bd3000,
0x0000028586bd3800, 0x0000028586bd4800, 0x0000028586bd5800, 0x0000028586bd6000,
0x0000028586bd0800, 0x0000028586bdc000, 0x0000028586bd9800, 0x0000028586bdb000,
0x0000028586bda000, 0x0000028586bdc800, 0x0000028586bd8800, 0x0000028586bd7000,
0x0000028586bdd800, 0x0000028586bd7800, 0x0000028586993800, 0x0000028586995000,
0x0000028586994800, 0x0000028586996000, 0x0000028586990800, 0x0000028586991000,
0x0000028586997000, 0x0000028586997800, 0x0000028586992000, 0x0000028586998800,
0x0000028586992800, 0x0000028586999800, 0x000002858699b000, 0x000002858699c800,
0x000002858699b800, 0x000002858699a000, 0x000002858699d800, 0x000002858699e000,
0x000002858699f000, 0x0000028588f81800, 0x0000028588f85000, 0x0000028588f83800,
0x0000028588f84000, 0x0000028588f86000, 0x0000028588f88000, 0x0000028588f86800,
0x0000028588f82800, 0x0000028588f89000, 0x0000028588f87800, 0x0000028588f8f800,
0x0000028588f8e000, 0x0000028588f8a800, 0x0000028588f8a000, 0x0000028588f90800,
0x0000028588f8b800, 0x0000028588f8e800, 0x0000028588f8c800, 0x0000028588f8d000,
0x0000028588fbe000, 0x0000028588fb9800, 0x0000028588fbd000, 0x0000028588fba800,
0x0000028588fbe800, 0x0000028588fbc000, 0x0000028588fbf800, 0x0000028588fc0000,
0x0000028588fc1000, 0x0000028588fbb800, 0x0000028588fc2000, 0x0000028588fc7800,
0x0000028588fc8800, 0x00000285861ea000, 0x0000028588fc5000, 0x0000028588fc6000,
0x0000028588fc7000, 0x0000028588fc2800, 0x0000028588fc4800, 0x000002858bac6800,
0x000002858bac9000, 0x000002858bac9800, 0x000002858bac8000, 0x000002858bac4800
}

Java Threads: ( => current thread )
  0x00000285e6bae000 JavaThread "main" [_thread_blocked, id=9112, stack(0x000000b6a5e00000,0x000000b6a5f00000)]
  0x00000285ff802000 JavaThread "Reference Handler" daemon [_thread_blocked, id=7352, stack(0x000000b6a6500000,0x000000b6a6600000)]
  0x00000285ff80d800 JavaThread "Finalizer" daemon [_thread_blocked, id=6384, stack(0x000000b6a6600000,0x000000b6a6700000)]
  0x00000285ff81f000 JavaThread "Signal Dispatcher" daemon [_thread_blocked, id=5836, stack(0x000000b6a6700000,0x000000b6a6800000)]
  0x00000285ff820000 JavaThread "Attach Listener" daemon [_thread_blocked, id=9328, stack(0x000000b6a6800000,0x000000b6a6900000)]
  0x00000285ff824000 JavaThread "Service Thread" daemon [_thread_blocked, id=10548, stack(0x000000b6a6900000,0x000000b6a6a00000)]
=>0x00000285ff82f000 JavaThread "C2 CompilerThread0" daemon [_thread_in_native, id=508, stack(0x000000b6a6a00000,0x000000b6a6b00000)]
  0x00000285ff833800 JavaThread "C1 CompilerThread0" daemon [_thread_blocked, id=13972, stack(0x000000b6a6b00000,0x000000b6a6c00000)]
  0x00000285ff834800 JavaThread "Sweeper thread" daemon [_thread_blocked, id=14732, stack(0x000000b6a6c00000,0x000000b6a6d00000)]
  0x00000285ffaf7800 JavaThread "Common-Cleaner" daemon [_thread_blocked, id=9684, stack(0x000000b6a6d00000,0x000000b6a6e00000)]
  0x0000028583c46800 JavaThread "Daemon health stats" [_thread_blocked, id=11960, stack(0x000000b6a7300000,0x000000b6a7400000)]
  0x00000285836d2000 JavaThread "Incoming local TCP Connector on port 53456" [_thread_in_native, id=1948, stack(0x000000b6a6f00000,0x000000b6a7000000)]
  0x00000285847ac000 JavaThread "Daemon periodic checks" [_thread_blocked, id=11280, stack(0x000000b6a7000000,0x000000b6a7100000)]
  0x0000028583ec0800 JavaThread "Daemon" [_thread_blocked, id=4548, stack(0x000000b6a7400000,0x000000b6a7500000)]
  0x0000028583ec1000 JavaThread "Handler for socket connection from /127.0.0.1:53456 to /127.0.0.1:53457" [_thread_in_native, id=2472, stack(0x000000b6a7500000,0x000000b6a7600000)]
  0x0000028584502000 JavaThread "Cancel handler" [_thread_blocked, id=5752, stack(0x000000b6a7600000,0x000000b6a7700000)]
  0x0000028584c8d800 JavaThread "Daemon worker" [_thread_blocked, id=10592, stack(0x000000b6a7700000,0x000000b6a7800000)]
  0x0000028584729800 JavaThread "Asynchronous log dispatcher for DefaultDaemonConnection: socket connection from /127.0.0.1:53456 to /127.0.0.1:53457" [_thread_blocked, id=1924, stack(0x000000b6a7800000,0x000000b6a7900000)]
  0x0000028584350800 JavaThread "Stdin handler" [_thread_blocked, id=13276, stack(0x000000b6a7900000,0x000000b6a7a00000)]
  0x0000028584ddb000 JavaThread "Daemon client event forwarder" [_thread_blocked, id=13592, stack(0x000000b6a7a00000,0x000000b6a7b00000)]
  0x0000028583d47000 JavaThread "C2 CompilerThread1" daemon [_thread_in_native, id=4368, stack(0x000000b6a7b00000,0x000000b6a7c00000)]
  0x0000028584ddb800 JavaThread "Cache worker for journal cache (C:\Users\JULIETH\.gradle\caches\journal-1)" [_thread_blocked, id=2556, stack(0x000000b6a8100000,0x000000b6a8200000)]
  0x0000028584dd7800 JavaThread "File lock request listener" [_thread_in_native, id=1652, stack(0x000000b6a8200000,0x000000b6a8300000)]
  0x0000028584dd8800 JavaThread "Cache worker for file hash cache (C:\Users\JULIETH\.gradle\caches\7.2\fileHashes)" [_thread_blocked, id=10724, stack(0x000000b6a8300000,0x000000b6a8400000)]
  0x0000028584dda000 JavaThread "Cache worker for file hash cache (C:\Users\JULIETH\AndroidStudioProjects\BlueTV\.gradle\7.2\fileHashes)" [_thread_blocked, id=6424, stack(0x000000b6a8500000,0x000000b6a8600000)]
  0x0000028584ddc800 JavaThread "File watcher server" daemon [_thread_in_native, id=8428, stack(0x000000b6a8600000,0x000000b6a8700000)]
  0x0000028584dd9000 JavaThread "File watcher consumer" daemon [_thread_blocked, id=13048, stack(0x000000b6a8700000,0x000000b6a8800000)]
  0x0000028584dd6800 JavaThread "Cache worker for checksums cache (C:\Users\JULIETH\AndroidStudioProjects\BlueTV\.gradle\checksums)" [_thread_blocked, id=10152, stack(0x000000b6a8800000,0x000000b6a8900000)]
  0x0000028584ddd000 JavaThread "Cache worker for cache directory md-supplier (C:\Users\JULIETH\.gradle\caches\7.2\md-supplier)" [_thread_blocked, id=10656, stack(0x000000b6a8900000,0x000000b6a8a00000)]
  0x0000028586008000 JavaThread "Cache worker for cache directory md-rule (C:\Users\JULIETH\.gradle\caches\7.2\md-rule)" [_thread_blocked, id=12220, stack(0x000000b6a8a00000,0x000000b6a8b00000)]
  0x0000028586009000 JavaThread "Cache worker for execution history cache (C:\Users\JULIETH\.gradle\caches\7.2\executionHistory)" [_thread_blocked, id=10648, stack(0x000000b6a8b00000,0x000000b6a8c00000)]
  0x000002858600a800 JavaThread "jar transforms" [_thread_blocked, id=9280, stack(0x000000b6a8d00000,0x000000b6a8e00000)]
  0x0000028586005000 JavaThread "Cache worker for file content cache (C:\Users\JULIETH\.gradle\caches\7.2\fileContent)" [_thread_blocked, id=2960, stack(0x000000b6a8e00000,0x000000b6a8f00000)]
  0x000002858600b800 JavaThread "jar transforms Thread 2" [_thread_blocked, id=14932, stack(0x000000b6a8f00000,0x000000b6a9000000)]
  0x000002858600c800 JavaThread "Cache worker for dependencies-accessors (C:\Users\JULIETH\AndroidStudioProjects\BlueTV\.gradle\7.2\dependencies-accessors)" [_thread_blocked, id=9512, stack(0x000000b6a9000000,0x000000b6a9100000)]
  0x0000028586006800 JavaThread "jar transforms Thread 3" [_thread_blocked, id=5208, stack(0x000000b6a9100000,0x000000b6a9200000)]
  0x000002858600d000 JavaThread "Cache worker for Build Output Cleanup Cache (C:\Users\JULIETH\AndroidStudioProjects\BlueTV\.gradle\buildOutputCleanup)" [_thread_blocked, id=1116, stack(0x000000b6a9200000,0x000000b6a9300000)]
  0x0000028586007800 JavaThread "Unconstrained build operations" [_thread_blocked, id=8876, stack(0x000000b6a9300000,0x000000b6a9400000)]
  0x0000028586012000 JavaThread "Unconstrained build operations Thread 2" [_thread_blocked, id=10032, stack(0x000000b6a9400000,0x000000b6a9500000)]
  0x000002858600f800 JavaThread "Unconstrained build operations Thread 3" [_thread_blocked, id=6032, stack(0x000000b6a9500000,0x000000b6a9600000)]
  0x0000028586013000 JavaThread "Unconstrained build operations Thread 4" [_thread_blocked, id=12112, stack(0x000000b6a9600000,0x000000b6a9700000)]
  0x0000028586010800 JavaThread "Unconstrained build operations Thread 5" [_thread_blocked, id=2636, stack(0x000000b6a9700000,0x000000b6a9800000)]
  0x0000028586011000 JavaThread "Unconstrained build operations Thread 6" [_thread_blocked, id=1884, stack(0x000000b6a9800000,0x000000b6a9900000)]
  0x0000028586013800 JavaThread "Unconstrained build operations Thread 7" [_thread_blocked, id=6420, stack(0x000000b6a9900000,0x000000b6a9a00000)]
  0x000002858600e000 JavaThread "Unconstrained build operations Thread 8" [_thread_blocked, id=9432, stack(0x000000b6a9a00000,0x000000b6a9b00000)]
  0x000002858600f000 JavaThread "Unconstrained build operations Thread 9" [_thread_blocked, id=724, stack(0x000000b6a9b00000,0x000000b6a9c00000)]
  0x0000028582b96800 JavaThread "Unconstrained build operations Thread 10" [_thread_blocked, id=11880, stack(0x000000b6a9c00000,0x000000b6a9d00000)]
  0x0000028582b92800 JavaThread "Unconstrained build operations Thread 11" [_thread_blocked, id=12284, stack(0x000000b6a9d00000,0x000000b6a9e00000)]
  0x0000028582b93000 JavaThread "Unconstrained build operations Thread 12" [_thread_blocked, id=4300, stack(0x000000b6a9e00000,0x000000b6a9f00000)]
  0x0000028582b94000 JavaThread "Unconstrained build operations Thread 13" [_thread_blocked, id=14840, stack(0x000000b6a9f00000,0x000000b6aa000000)]
  0x0000028582b94800 JavaThread "Unconstrained build operations Thread 14" [_thread_blocked, id=11432, stack(0x000000b6aa000000,0x000000b6aa100000)]
  0x0000028582b95800 JavaThread "Unconstrained build operations Thread 15" [_thread_blocked, id=6692, stack(0x000000b6aa100000,0x000000b6aa200000)]
  0x0000028582b98000 JavaThread "Unconstrained build operations Thread 16" [_thread_blocked, id=4716, stack(0x000000b6aa200000,0x000000b6aa300000)]
  0x0000028582b97000 JavaThread "Unconstrained build operations Thread 17" [_thread_blocked, id=8248, stack(0x000000b6aa300000,0x000000b6aa400000)]
  0x0000028582b99000 JavaThread "Unconstrained build operations Thread 18" [_thread_blocked, id=3728, stack(0x000000b6aa400000,0x000000b6aa500000)]
  0x0000028586bd1000 JavaThread "Unconstrained build operations Thread 19" [_thread_blocked, id=14004, stack(0x000000b6aa500000,0x000000b6aa600000)]
  0x0000028586bd2000 JavaThread "Unconstrained build operations Thread 20" [_thread_blocked, id=4884, stack(0x000000b6aa600000,0x000000b6aa700000)]
  0x0000028586bcf800 JavaThread "Unconstrained build operations Thread 21" [_thread_blocked, id=9956, stack(0x000000b6aa700000,0x000000b6aa800000)]
  0x0000028586bce800 JavaThread "Unconstrained build operations Thread 22" [_thread_blocked, id=8128, stack(0x000000b6aa800000,0x000000b6aa900000)]
  0x0000028586bd3000 JavaThread "Unconstrained build operations Thread 23" [_thread_blocked, id=13344, stack(0x000000b6aa900000,0x000000b6aaa00000)]
  0x0000028586bd3800 JavaThread "Unconstrained build operations Thread 24" [_thread_blocked, id=8532, stack(0x000000b6aaa00000,0x000000b6aab00000)]
  0x0000028586bd4800 JavaThread "Unconstrained build operations Thread 25" [_thread_blocked, id=6232, stack(0x000000b6aab00000,0x000000b6aac00000)]
  0x0000028586bd5800 JavaThread "Unconstrained build operations Thread 26" [_thread_blocked, id=11360, stack(0x000000b6aac00000,0x000000b6aad00000)]
  0x0000028586bd6000 JavaThread "Unconstrained build operations Thread 27" [_thread_blocked, id=11696, stack(0x000000b6aad00000,0x000000b6aae00000)]
  0x0000028586bd0800 JavaThread "Unconstrained build operations Thread 28" [_thread_blocked, id=3068, stack(0x000000b6aae00000,0x000000b6aaf00000)]
  0x0000028586bdc000 JavaThread "Unconstrained build operations Thread 29" [_thread_blocked, id=2672, stack(0x000000b6aaf00000,0x000000b6ab000000)]
  0x0000028586bd9800 JavaThread "Unconstrained build operations Thread 30" [_thread_blocked, id=9444, stack(0x000000b6ab000000,0x000000b6ab100000)]
  0x0000028586bdb000 JavaThread "Unconstrained build operations Thread 31" [_thread_blocked, id=13488, stack(0x000000b6ab100000,0x000000b6ab200000)]
  0x0000028586bda000 JavaThread "Unconstrained build operations Thread 32" [_thread_blocked, id=14760, stack(0x000000b6ab200000,0x000000b6ab300000)]
  0x0000028586bdc800 JavaThread "Unconstrained build operations Thread 33" [_thread_blocked, id=1692, stack(0x000000b6ab300000,0x000000b6ab400000)]
  0x0000028586bd8800 JavaThread "Unconstrained build operations Thread 34" [_thread_blocked, id=6612, stack(0x000000b6ab400000,0x000000b6ab500000)]
  0x0000028586bd7000 JavaThread "Unconstrained build operations Thread 35" [_thread_blocked, id=2152, stack(0x000000b6ab500000,0x000000b6ab600000)]
  0x0000028586bdd800 JavaThread "Unconstrained build operations Thread 36" [_thread_blocked, id=13712, stack(0x000000b6ab600000,0x000000b6ab700000)]
  0x0000028586bd7800 JavaThread "Unconstrained build operations Thread 37" [_thread_blocked, id=13900, stack(0x000000b6ab700000,0x000000b6ab800000)]
  0x0000028586993800 JavaThread "Unconstrained build operations Thread 38" [_thread_blocked, id=9396, stack(0x000000b6ab800000,0x000000b6ab900000)]
  0x0000028586995000 JavaThread "Unconstrained build operations Thread 39" [_thread_blocked, id=8728, stack(0x000000b6ab900000,0x000000b6aba00000)]
  0x0000028586994800 JavaThread "Unconstrained build operations Thread 40" [_thread_blocked, id=9492, stack(0x000000b6aba00000,0x000000b6abb00000)]
  0x0000028586996000 JavaThread "Unconstrained build operations Thread 41" [_thread_blocked, id=14864, stack(0x000000b6abb00000,0x000000b6abc00000)]
  0x0000028586990800 JavaThread "Unconstrained build operations Thread 42" [_thread_blocked, id=12376, stack(0x000000b6abc00000,0x000000b6abd00000)]
  0x0000028586991000 JavaThread "Unconstrained build operations Thread 43" [_thread_blocked, id=13400, stack(0x000000b6abd00000,0x000000b6abe00000)]
  0x0000028586997000 JavaThread "Unconstrained build operations Thread 44" [_thread_blocked, id=2504, stack(0x000000b6abe00000,0x000000b6abf00000)]
  0x0000028586997800 JavaThread "Unconstrained build operations Thread 45" [_thread_blocked, id=13144, stack(0x000000b6abf00000,0x000000b6ac000000)]
  0x0000028586992000 JavaThread "Unconstrained build operations Thread 46" [_thread_blocked, id=12848, stack(0x000000b6ac000000,0x000000b6ac100000)]
  0x0000028586998800 JavaThread "Unconstrained build operations Thread 47" [_thread_blocked, id=10892, stack(0x000000b6ac100000,0x000000b6ac200000)]
  0x0000028586992800 JavaThread "Unconstrained build operations Thread 48" [_thread_blocked, id=14508, stack(0x000000b6ac200000,0x000000b6ac300000)]
  0x0000028586999800 JavaThread "Unconstrained build operations Thread 49" [_thread_blocked, id=12092, stack(0x000000b6ac300000,0x000000b6ac400000)]
  0x000002858699b000 JavaThread "Unconstrained build operations Thread 50" [_thread_blocked, id=6836, stack(0x000000b6ac400000,0x000000b6ac500000)]
  0x000002858699c800 JavaThread "Unconstrained build operations Thread 51" [_thread_blocked, id=2272, stack(0x000000b6ac500000,0x000000b6ac600000)]
  0x000002858699b800 JavaThread "Unconstrained build operations Thread 52" [_thread_blocked, id=7880, stack(0x000000b6ac600000,0x000000b6ac700000)]
  0x000002858699a000 JavaThread "Unconstrained build operations Thread 53" [_thread_blocked, id=3656, stack(0x000000b6ac700000,0x000000b6ac800000)]
  0x000002858699d800 JavaThread "Unconstrained build operations Thread 54" [_thread_blocked, id=10924, stack(0x000000b6ac800000,0x000000b6ac900000)]
  0x000002858699e000 JavaThread "Unconstrained build operations Thread 55" [_thread_in_Java, id=14648, stack(0x000000b6ac900000,0x000000b6aca00000)]
  0x000002858699f000 JavaThread "Unconstrained build operations Thread 56" [_thread_blocked, id=5096, stack(0x000000b6aca00000,0x000000b6acb00000)]
  0x0000028588f81800 JavaThread "Unconstrained build operations Thread 57" [_thread_blocked, id=11616, stack(0x000000b6acb00000,0x000000b6acc00000)]
  0x0000028588f85000 JavaThread "Unconstrained build operations Thread 58" [_thread_blocked, id=7828, stack(0x000000b6acc00000,0x000000b6acd00000)]
  0x0000028588f83800 JavaThread "Unconstrained build operations Thread 59" [_thread_blocked, id=15228, stack(0x000000b6acd00000,0x000000b6ace00000)]
  0x0000028588f84000 JavaThread "Unconstrained build operations Thread 60" [_thread_blocked, id=8040, stack(0x000000b6ace00000,0x000000b6acf00000)]
  0x0000028588f86000 JavaThread "Unconstrained build operations Thread 61" [_thread_blocked, id=6508, stack(0x000000b6acf00000,0x000000b6ad000000)]
  0x0000028588f88000 JavaThread "Unconstrained build operations Thread 62" [_thread_blocked, id=11840, stack(0x000000b6ad000000,0x000000b6ad100000)]
  0x0000028588f86800 JavaThread "Unconstrained build operations Thread 63" [_thread_blocked, id=13540, stack(0x000000b6ad100000,0x000000b6ad200000)]
  0x0000028588f82800 JavaThread "Unconstrained build operations Thread 64" [_thread_blocked, id=9352, stack(0x000000b6ad200000,0x000000b6ad300000)]
  0x0000028588f89000 JavaThread "Unconstrained build operations Thread 65" [_thread_blocked, id=11712, stack(0x000000b6ad300000,0x000000b6ad400000)]
  0x0000028588f87800 JavaThread "Unconstrained build operations Thread 66" [_thread_blocked, id=3200, stack(0x000000b6ad400000,0x000000b6ad500000)]
  0x0000028588f8f800 JavaThread "Unconstrained build operations Thread 67" [_thread_blocked, id=8380, stack(0x000000b6ad500000,0x000000b6ad600000)]
  0x0000028588f8e000 JavaThread "Unconstrained build operations Thread 68" [_thread_blocked, id=6588, stack(0x000000b6ad600000,0x000000b6ad700000)]
  0x0000028588f8a800 JavaThread "Unconstrained build operations Thread 69" [_thread_blocked, id=5528, stack(0x000000b6ad700000,0x000000b6ad800000)]
  0x0000028588f8a000 JavaThread "Unconstrained build operations Thread 70" [_thread_blocked, id=14656, stack(0x000000b6ad800000,0x000000b6ad900000)]
  0x0000028588f90800 JavaThread "Unconstrained build operations Thread 71" [_thread_blocked, id=13816, stack(0x000000b6ad900000,0x000000b6ada00000)]
  0x0000028588f8b800 JavaThread "Unconstrained build operations Thread 72" [_thread_blocked, id=5516, stack(0x000000b6ada00000,0x000000b6adb00000)]
  0x0000028588f8e800 JavaThread "Unconstrained build operations Thread 73" [_thread_blocked, id=9428, stack(0x000000b6adb00000,0x000000b6adc00000)]
  0x0000028588f8c800 JavaThread "Unconstrained build operations Thread 74" [_thread_blocked, id=4956, stack(0x000000b6adc00000,0x000000b6add00000)]
  0x0000028588f8d000 JavaThread "Unconstrained build operations Thread 75" [_thread_blocked, id=5664, stack(0x000000b6add00000,0x000000b6ade00000)]
  0x0000028588fbe000 JavaThread "Unconstrained build operations Thread 76" [_thread_blocked, id=3764, stack(0x000000b6ade00000,0x000000b6adf00000)]
  0x0000028588fb9800 JavaThread "Unconstrained build operations Thread 77" [_thread_blocked, id=2892, stack(0x000000b6adf00000,0x000000b6ae000000)]
  0x0000028588fbd000 JavaThread "Unconstrained build operations Thread 78" [_thread_blocked, id=9604, stack(0x000000b6ae000000,0x000000b6ae100000)]
  0x0000028588fba800 JavaThread "Unconstrained build operations Thread 79" [_thread_blocked, id=9808, stack(0x000000b6ae100000,0x000000b6ae200000)]
  0x0000028588fbe800 JavaThread "Unconstrained build operations Thread 80" [_thread_blocked, id=10280, stack(0x000000b6ae200000,0x000000b6ae300000)]
  0x0000028588fbc000 JavaThread "jar transforms Thread 4" [_thread_blocked, id=11812, stack(0x000000b6ae300000,0x000000b6ae400000)]
  0x0000028588fbf800 JavaThread "jar transforms Thread 5" [_thread_blocked, id=14868, stack(0x000000b6ae400000,0x000000b6ae500000)]
  0x0000028588fc0000 JavaThread "jar transforms Thread 6" [_thread_blocked, id=5916, stack(0x000000b6ae500000,0x000000b6ae600000)]
  0x0000028588fc1000 JavaThread "jar transforms Thread 7" [_thread_blocked, id=13936, stack(0x000000b6ae600000,0x000000b6ae700000)]
  0x0000028588fbb800 JavaThread "jar transforms Thread 8" [_thread_blocked, id=3224, stack(0x000000b6ae700000,0x000000b6ae800000)]
  0x0000028588fc2000 JavaThread "Memory manager" [_thread_blocked, id=11528, stack(0x000000b6ae800000,0x000000b6ae900000)]
  0x0000028588fc7800 JavaThread "build event listener" [_thread_blocked, id=15196, stack(0x000000b6ae900000,0x000000b6aea00000)]
  0x0000028588fc8800 JavaThread "build event listener" [_thread_blocked, id=4060, stack(0x000000b6aea00000,0x000000b6aeb00000)]
  0x00000285861ea000 JavaThread "C2 CompilerThread2" daemon [_thread_in_native, id=7176, stack(0x000000b6a8c00000,0x000000b6a8d00000)]
  0x0000028588fc5000 JavaThread "pool-3-thread-1" [_thread_blocked, id=7588, stack(0x000000b6aeb00000,0x000000b6aec00000)]
  0x0000028588fc6000 JavaThread "build event listener" [_thread_blocked, id=8196, stack(0x000000b6aec00000,0x000000b6aed00000)]
  0x0000028588fc7000 JavaThread "Execution worker for ':'" [_thread_blocked, id=5992, stack(0x000000b6aed00000,0x000000b6aee00000)]
  0x0000028588fc2800 JavaThread "Execution worker for ':' Thread 2" [_thread_blocked, id=11464, stack(0x000000b6aee00000,0x000000b6aef00000)]
  0x0000028588fc4800 JavaThread "Execution worker for ':' Thread 3" [_thread_blocked, id=10392, stack(0x000000b6aef00000,0x000000b6af000000)]
  0x000002858bac6800 JavaThread "Execution worker for ':' Thread 4" [_thread_blocked, id=9080, stack(0x000000b6af000000,0x000000b6af100000)]
  0x000002858bac9000 JavaThread "Execution worker for ':' Thread 5" [_thread_blocked, id=13208, stack(0x000000b6af100000,0x000000b6af200000)]
  0x000002858bac9800 JavaThread "Execution worker for ':' Thread 6" [_thread_blocked, id=14252, stack(0x000000b6af200000,0x000000b6af300000)]
  0x000002858bac8000 JavaThread "Execution worker for ':' Thread 7" [_thread_blocked, id=3064, stack(0x000000b6af300000,0x000000b6af400000)]
  0x000002858bac4800 JavaThread "Cache worker for execution history cache (C:\Users\JULIETH\AndroidStudioProjects\BlueTV\.gradle\7.2\executionHistory)" [_thread_blocked, id=13412, stack(0x000000b6af400000,0x000000b6af500000)]

Other Threads:
  0x00000285ff800000 VMThread "VM Thread" [stack: 0x000000b6a6400000,0x000000b6a6500000] [id=3648]
  0x00000285ffb18000 WatcherThread [stack: 0x000000b6a6e00000,0x000000b6a6f00000] [id=7388]
  0x00000285e6bc5000 GCTaskThread "GC Thread#0" [stack: 0x000000b6a5f00000,0x000000b6a6000000] [id=7812]
  0x00000285830aa000 GCTaskThread "GC Thread#1" [stack: 0x000000b6a7100000,0x000000b6a7200000] [id=4484]
  0x00000285832d3800 GCTaskThread "GC Thread#2" [stack: 0x000000b6a7200000,0x000000b6a7300000] [id=11928]
  0x0000028583cec000 GCTaskThread "GC Thread#3" [stack: 0x000000b6a7c00000,0x000000b6a7d00000] [id=12864]
  0x0000028584518800 GCTaskThread "GC Thread#4" [stack: 0x000000b6a7d00000,0x000000b6a7e00000] [id=1196]
  0x00000285837f7000 GCTaskThread "GC Thread#5" [stack: 0x000000b6a7e00000,0x000000b6a7f00000] [id=5048]
  0x00000285837f7800 GCTaskThread "GC Thread#6" [stack: 0x000000b6a7f00000,0x000000b6a8000000] [id=12064]
  0x00000285837f8800 GCTaskThread "GC Thread#7" [stack: 0x000000b6a8000000,0x000000b6a8100000] [id=12600]
  0x00000285e6bf6000 ConcurrentGCThread "G1 Main Marker" [stack: 0x000000b6a6000000,0x000000b6a6100000] [id=13224]
  0x00000285e6bf8000 ConcurrentGCThread "G1 Conc#0" [stack: 0x000000b6a6100000,0x000000b6a6200000] [id=7540]
  0x00000285848a9800 ConcurrentGCThread "G1 Conc#1" [stack: 0x000000b6a8400000,0x000000b6a8500000] [id=13416]
  0x00000285ff650800 ConcurrentGCThread "G1 Refine#0" [stack: 0x000000b6a6200000,0x000000b6a6300000] [id=11936]
  0x00000285ff651800 ConcurrentGCThread "G1 Young RemSet Sampling" [stack: 0x000000b6a6300000,0x000000b6a6400000] [id=12228]

Threads with active compile tasks:
C2 CompilerThread0  13147 9123       4       org.gradle.cache.internal.btree.CachingBlockStore::read (56 bytes)
C2 CompilerThread1  13147 9133       4       org.gradle.cache.internal.btree.FreeListBlockStore::read (12 bytes)
C2 CompilerThread2  13147 9134       4       org.gradle.api.internal.cache.StringInterner::intern (9 bytes)

VM state:not at safepoint (normal execution)

VM Mutex/Monitor currently owned by a thread: None

Heap address: 0x0000000080000000, size: 2048 MB, Compressed Oops mode: 32-bit
Narrow klass base: 0x0000000000000000, Narrow klass shift: 3
Compressed class space size: 1073741824 Address: 0x0000000100000000

Heap:
 garbage-first heap   total 189440K, used 87168K [0x0000000080000000, 0x0000000100000000)
  region size 1024K, 13 young (13312K), 8 survivors (8192K)
 Metaspace       used 86829K, capacity 88867K, committed 89112K, reserved 1126400K
  class space    used 11209K, capacity 11989K, committed 12056K, reserved 1048576K
Heap Regions: E=young(eden), S=young(survivor), O=old, HS=humongous(starts), HC=humongous(continues), CS=collection set, F=free, A=archive, TAMS=top-at-mark-start (previous, next)
|   0|0x0000000080000000, 0x0000000080100000, 0x0000000080100000|100%| O|  |TAMS 0x0000000080100000, 0x0000000080000000| Untracked 
|   1|0x0000000080100000, 0x0000000080200000, 0x0000000080200000|100%| O|  |TAMS 0x0000000080200000, 0x0000000080100000| Untracked 
|   2|0x0000000080200000, 0x0000000080300000, 0x0000000080300000|100%| O|  |TAMS 0x0000000080300000, 0x0000000080200000| Untracked 
|   3|0x0000000080300000, 0x0000000080400000, 0x0000000080400000|100%|HS|  |TAMS 0x0000000080400000, 0x0000000080300000| Complete 
|   4|0x0000000080400000, 0x0000000080500000, 0x0000000080500000|100%|HC|  |TAMS 0x0000000080500000, 0x0000000080400000| Complete 
|   5|0x0000000080500000, 0x0000000080600000, 0x0000000080600000|100%|HC|  |TAMS 0x0000000080600000, 0x0000000080500000| Complete 
|   6|0x0000000080600000, 0x0000000080700000, 0x0000000080700000|100%| O|  |TAMS 0x0000000080700000, 0x0000000080600000| Untracked 
|   7|0x0000000080700000, 0x0000000080800000, 0x0000000080800000|100%| O|  |TAMS 0x0000000080800000, 0x0000000080700000| Untracked 
|   8|0x0000000080800000, 0x0000000080900000, 0x0000000080900000|100%| O|  |TAMS 0x0000000080900000, 0x0000000080800000| Untracked 
|   9|0x0000000080900000, 0x0000000080a00000, 0x0000000080a00000|100%| O|  |TAMS 0x0000000080a00000, 0x0000000080900000| Untracked 
|  10|0x0000000080a00000, 0x0000000080b00000, 0x0000000080b00000|100%| O|  |TAMS 0x0000000080b00000, 0x0000000080a00000| Untracked 
|  11|0x0000000080b00000, 0x0000000080c00000, 0x0000000080c00000|100%| O|  |TAMS 0x0000000080c00000, 0x0000000080b00000| Untracked 
|  12|0x0000000080c00000, 0x0000000080d00000, 0x0000000080d00000|100%| O|  |TAMS 0x0000000080d00000, 0x0000000080c00000| Untracked 
|  13|0x0000000080d00000, 0x0000000080e00000, 0x0000000080e00000|100%| O|  |TAMS 0x0000000080e00000, 0x0000000080d00000| Untracked 
|  14|0x0000000080e00000, 0x0000000080f00000, 0x0000000080f00000|100%| O|  |TAMS 0x0000000080f00000, 0x0000000080e00000| Untracked 
|  15|0x0000000080f00000, 0x0000000081000000, 0x0000000081000000|100%| O|  |TAMS 0x0000000081000000, 0x0000000080f00000| Untracked 
|  16|0x0000000081000000, 0x0000000081100000, 0x0000000081100000|100%| O|  |TAMS 0x0000000081100000, 0x0000000081000000| Untracked 
|  17|0x0000000081100000, 0x0000000081200000, 0x0000000081200000|100%|HS|  |TAMS 0x0000000081200000, 0x0000000081100000| Complete 
|  18|0x0000000081200000, 0x0000000081300000, 0x0000000081300000|100%| O|  |TAMS 0x0000000081300000, 0x0000000081200000| Untracked 
|  19|0x0000000081300000, 0x0000000081400000, 0x0000000081400000|100%| O|  |TAMS 0x0000000081400000, 0x0000000081300000| Untracked 
|  20|0x0000000081400000, 0x0000000081500000, 0x0000000081500000|100%| O|  |TAMS 0x0000000081500000, 0x0000000081400000| Untracked 
|  21|0x0000000081500000, 0x0000000081600000, 0x0000000081600000|100%| O|  |TAMS 0x0000000081600000, 0x0000000081500000| Untracked 
|  22|0x0000000081600000, 0x0000000081700000, 0x0000000081700000|100%| O|  |TAMS 0x0000000081700000, 0x0000000081600000| Untracked 
|  23|0x0000000081700000, 0x0000000081800000, 0x0000000081800000|100%| O|  |TAMS 0x0000000081800000, 0x0000000081700000| Untracked 
|  24|0x0000000081800000, 0x0000000081900000, 0x0000000081900000|100%|HS|  |TAMS 0x0000000081900000, 0x0000000081800000| Complete 
|  25|0x0000000081900000, 0x0000000081a00000, 0x0000000081a00000|100%|HS|  |TAMS 0x0000000081a00000, 0x0000000081900000| Complete 
|  26|0x0000000081a00000, 0x0000000081b00000, 0x0000000081b00000|100%|HS|  |TAMS 0x0000000081b00000, 0x0000000081a00000| Complete 
|  27|0x0000000081b00000, 0x0000000081c00000, 0x0000000081c00000|100%|HS|  |TAMS 0x0000000081c00000, 0x0000000081b00000| Complete 
|  28|0x0000000081c00000, 0x0000000081d00000, 0x0000000081d00000|100%|HC|  |TAMS 0x0000000081d00000, 0x0000000081c00000| Complete 
|  29|0x0000000081d00000, 0x0000000081e00000, 0x0000000081e00000|100%|HC|  |TAMS 0x0000000081e00000, 0x0000000081d00000| Complete 
|  30|0x0000000081e00000, 0x0000000081f00000, 0x0000000081f00000|100%|HS|  |TAMS 0x0000000081f00000, 0x0000000081e00000| Complete 
|  31|0x0000000081f00000, 0x0000000082000000, 0x0000000082000000|100%|HC|  |TAMS 0x0000000082000000, 0x0000000081f00000| Complete 
|  32|0x0000000082000000, 0x0000000082100000, 0x0000000082100000|100%| O|  |TAMS 0x0000000082100000, 0x0000000082000000| Untracked 
|  33|0x0000000082100000, 0x0000000082200000, 0x0000000082200000|100%| O|  |TAMS 0x0000000082200000, 0x0000000082100000| Untracked 
|  34|0x0000000082200000, 0x0000000082300000, 0x0000000082300000|100%| O|  |TAMS 0x0000000082300000, 0x0000000082200000| Untracked 
|  35|0x0000000082300000, 0x0000000082400000, 0x0000000082400000|100%| O|  |TAMS 0x0000000082400000, 0x0000000082300000| Untracked 
|  36|0x0000000082400000, 0x0000000082500000, 0x0000000082500000|100%| O|  |TAMS 0x0000000082500000, 0x0000000082400000| Untracked 
|  37|0x0000000082500000, 0x0000000082600000, 0x0000000082600000|100%| O|  |TAMS 0x0000000082600000, 0x0000000082500000| Untracked 
|  38|0x0000000082600000, 0x0000000082700000, 0x0000000082700000|100%| O|  |TAMS 0x0000000082700000, 0x0000000082600000| Untracked 
|  39|0x0000000082700000, 0x0000000082800000, 0x0000000082800000|100%| O|  |TAMS 0x0000000082800000, 0x0000000082700000| Untracked 
|  40|0x0000000082800000, 0x0000000082900000, 0x0000000082900000|100%| O|  |TAMS 0x0000000082900000, 0x0000000082800000| Untracked 
|  41|0x0000000082900000, 0x0000000082a00000, 0x0000000082a00000|100%| O|  |TAMS 0x0000000082a00000, 0x0000000082900000| Untracked 
|  42|0x0000000082a00000, 0x0000000082b00000, 0x0000000082b00000|100%| O|  |TAMS 0x0000000082b00000, 0x0000000082a00000| Untracked 
|  43|0x0000000082b00000, 0x0000000082c00000, 0x0000000082c00000|100%| O|  |TAMS 0x0000000082c00000, 0x0000000082b00000| Untracked 
|  44|0x0000000082c00000, 0x0000000082d00000, 0x0000000082d00000|100%| O|  |TAMS 0x0000000082d00000, 0x0000000082c00000| Untracked 
|  45|0x0000000082d00000, 0x0000000082e00000, 0x0000000082e00000|100%| O|  |TAMS 0x0000000082e00000, 0x0000000082d00000| Untracked 
|  46|0x0000000082e00000, 0x0000000082f00000, 0x0000000082f00000|100%| O|  |TAMS 0x0000000082f00000, 0x0000000082e00000| Untracked 
|  47|0x0000000082f00000, 0x0000000083000000, 0x0000000083000000|100%| O|  |TAMS 0x0000000083000000, 0x0000000082f00000| Untracked 
|  48|0x0000000083000000, 0x0000000083100000, 0x0000000083100000|100%| O|  |TAMS 0x0000000083100000, 0x0000000083000000| Untracked 
|  49|0x0000000083100000, 0x0000000083200000, 0x0000000083200000|100%| O|  |TAMS 0x0000000083200000, 0x0000000083100000| Untracked 
|  50|0x0000000083200000, 0x0000000083300000, 0x0000000083300000|100%| O|  |TAMS 0x00000000832fb400, 0x0000000083200000| Untracked 
|  51|0x0000000083300000, 0x0000000083400000, 0x0000000083400000|100%| O|  |TAMS 0x0000000083300000, 0x0000000083300000| Untracked 
|  52|0x0000000083400000, 0x0000000083500000, 0x0000000083500000|100%| O|  |TAMS 0x0000000083400000, 0x0000000083400000| Untracked 
|  53|0x0000000083500000, 0x0000000083600000, 0x0000000083600000|100%| O|  |TAMS 0x0000000083500000, 0x0000000083500000| Untracked 
|  54|0x0000000083600000, 0x0000000083700000, 0x0000000083700000|100%| O|  |TAMS 0x0000000083600000, 0x0000000083600000| Untracked 
|  55|0x0000000083700000, 0x0000000083800000, 0x0000000083800000|100%| O|  |TAMS 0x0000000083700000, 0x0000000083700000| Untracked 
|  56|0x0000000083800000, 0x0000000083900000, 0x0000000083900000|100%| O|  |TAMS 0x0000000083800000, 0x0000000083800000| Untracked 
|  57|0x0000000083900000, 0x0000000083a00000, 0x0000000083a00000|100%| O|  |TAMS 0x0000000083900000, 0x0000000083900000| Untracked 
|  58|0x0000000083a00000, 0x0000000083b00000, 0x0000000083b00000|100%| O|  |TAMS 0x0000000083a00000, 0x0000000083a00000| Untracked 
|  59|0x0000000083b00000, 0x0000000083c00000, 0x0000000083c00000|100%| O|  |TAMS 0x0000000083b00000, 0x0000000083b00000| Untracked 
|  60|0x0000000083c00000, 0x0000000083d00000, 0x0000000083d00000|100%| O|  |TAMS 0x0000000083c00000, 0x0000000083c00000| Untracked 
|  61|0x0000000083d00000, 0x0000000083e00000, 0x0000000083e00000|100%| O|  |TAMS 0x0000000083d00000, 0x0000000083d00000| Untracked 
|  62|0x0000000083e00000, 0x0000000083f00000, 0x0000000083f00000|100%| O|  |TAMS 0x0000000083e00000, 0x0000000083e00000| Untracked 
|  63|0x0000000083f00000, 0x0000000084000000, 0x0000000084000000|100%| O|  |TAMS 0x0000000083f00000, 0x0000000083f00000| Untracked 
|  64|0x0000000084000000, 0x0000000084100000, 0x0000000084100000|100%| O|  |TAMS 0x0000000084000000, 0x0000000084000000| Untracked 
|  65|0x0000000084100000, 0x0000000084200000, 0x0000000084200000|100%| O|  |TAMS 0x0000000084100000, 0x0000000084100000| Untracked 
|  66|0x0000000084200000, 0x0000000084300000, 0x0000000084300000|100%| O|  |TAMS 0x0000000084200000, 0x0000000084200000| Untracked 
|  67|0x0000000084300000, 0x0000000084400000, 0x0000000084400000|100%| O|  |TAMS 0x0000000084300000, 0x0000000084300000| Untracked 
|  68|0x0000000084400000, 0x0000000084500000, 0x0000000084500000|100%| O|  |TAMS 0x0000000084400000, 0x0000000084400000| Untracked 
|  69|0x0000000084500000, 0x0000000084600000, 0x0000000084600000|100%| O|  |TAMS 0x0000000084500000, 0x0000000084500000| Untracked 
|  70|0x0000000084600000, 0x0000000084700000, 0x0000000084700000|100%| O|  |TAMS 0x0000000084600000, 0x0000000084600000| Untracked 
|  71|0x0000000084700000, 0x0000000084800000, 0x0000000084800000|100%| O|  |TAMS 0x0000000084700000, 0x0000000084700000| Untracked 
|  72|0x0000000084800000, 0x0000000084900000, 0x0000000084900000|100%| O|  |TAMS 0x0000000084800000, 0x0000000084800000| Untracked 
|  73|0x0000000084900000, 0x00000000849df600, 0x0000000084a00000| 87%| O|  |TAMS 0x0000000084900000, 0x0000000084900000| Untracked 
|  74|0x0000000084a00000, 0x0000000084a00000, 0x0000000084b00000|  0%| F|  |TAMS 0x0000000084a00000, 0x0000000084a00000| Untracked 
|  75|0x0000000084b00000, 0x0000000084b00000, 0x0000000084c00000|  0%| F|  |TAMS 0x0000000084b00000, 0x0000000084b00000| Untracked 
|  76|0x0000000084c00000, 0x0000000084c00000, 0x0000000084d00000|  0%| F|  |TAMS 0x0000000084c00000, 0x0000000084c00000| Untracked 
|  77|0x0000000084d00000, 0x0000000084d00000, 0x0000000084e00000|  0%| F|  |TAMS 0x0000000084d00000, 0x0000000084d00000| Untracked 
|  78|0x0000000084e00000, 0x0000000084e00000, 0x0000000084f00000|  0%| F|  |TAMS 0x0000000084e00000, 0x0000000084e00000| Untracked 
|  79|0x0000000084f00000, 0x0000000084f00000, 0x0000000085000000|  0%| F|  |TAMS 0x0000000084f00000, 0x0000000084f00000| Untracked 
|  80|0x0000000085000000, 0x0000000085000000, 0x0000000085100000|  0%| F|  |TAMS 0x0000000085000000, 0x0000000085000000| Untracked 
|  81|0x0000000085100000, 0x0000000085100000, 0x0000000085200000|  0%| F|  |TAMS 0x0000000085100000, 0x0000000085100000| Untracked 
|  82|0x0000000085200000, 0x0000000085200000, 0x0000000085300000|  0%| F|  |TAMS 0x0000000085200000, 0x0000000085200000| Untracked 
|  83|0x0000000085300000, 0x0000000085300000, 0x0000000085400000|  0%| F|  |TAMS 0x0000000085300000, 0x0000000085300000| Untracked 
|  84|0x0000000085400000, 0x0000000085400000, 0x0000000085500000|  0%| F|  |TAMS 0x0000000085400000, 0x0000000085400000| Untracked 
|  85|0x0000000085500000, 0x0000000085500000, 0x0000000085600000|  0%| F|  |TAMS 0x0000000085500000, 0x0000000085500000| Untracked 
|  86|0x0000000085600000, 0x0000000085600000, 0x0000000085700000|  0%| F|  |TAMS 0x0000000085600000, 0x0000000085600000| Untracked 
|  87|0x0000000085700000, 0x0000000085700000, 0x0000000085800000|  0%| F|  |TAMS 0x0000000085700000, 0x0000000085700000| Untracked 
|  88|0x0000000085800000, 0x0000000085800000, 0x0000000085900000|  0%| F|  |TAMS 0x0000000085800000, 0x0000000085800000| Untracked 
|  89|0x0000000085900000, 0x0000000085900000, 0x0000000085a00000|  0%| F|  |TAMS 0x0000000085900000, 0x0000000085900000| Untracked 
|  90|0x0000000085a00000, 0x0000000085a00000, 0x0000000085b00000|  0%| F|  |TAMS 0x0000000085a00000, 0x0000000085a00000| Untracked 
|  91|0x0000000085b00000, 0x0000000085b00000, 0x0000000085c00000|  0%| F|  |TAMS 0x0000000085b00000, 0x0000000085b00000| Untracked 
|  92|0x0000000085c00000, 0x0000000085c00000, 0x0000000085d00000|  0%| F|  |TAMS 0x0000000085c00000, 0x0000000085c00000| Untracked 
|  93|0x0000000085d00000, 0x0000000085d00000, 0x0000000085e00000|  0%| F|  |TAMS 0x0000000085d00000, 0x0000000085d00000| Untracked 
|  94|0x0000000085e00000, 0x0000000085e00000, 0x0000000085f00000|  0%| F|  |TAMS 0x0000000085e00000, 0x0000000085e00000| Untracked 
|  95|0x0000000085f00000, 0x0000000085f00000, 0x0000000086000000|  0%| F|  |TAMS 0x0000000085f00000, 0x0000000085f00000| Untracked 
|  96|0x0000000086000000, 0x0000000086000000, 0x0000000086100000|  0%| F|  |TAMS 0x0000000086000000, 0x0000000086000000| Untracked 
|  97|0x0000000086100000, 0x0000000086100000, 0x0000000086200000|  0%| F|  |TAMS 0x0000000086100000, 0x0000000086100000| Untracked 
|  98|0x0000000086200000, 0x0000000086200000, 0x0000000086300000|  0%| F|  |TAMS 0x0000000086200000, 0x0000000086200000| Untracked 
|  99|0x0000000086300000, 0x0000000086300000, 0x0000000086400000|  0%| F|  |TAMS 0x0000000086300000, 0x0000000086300000| Untracked 
| 100|0x0000000086400000, 0x0000000086400000, 0x0000000086500000|  0%| F|  |TAMS 0x0000000086400000, 0x0000000086400000| Untracked 
| 101|0x0000000086500000, 0x0000000086500000, 0x0000000086600000|  0%| F|  |TAMS 0x0000000086500000, 0x0000000086500000| Untracked 
| 102|0x0000000086600000, 0x0000000086640c88, 0x0000000086700000| 25%| S|CS|TAMS 0x0000000086600000, 0x0000000086600000| Complete 
| 103|0x0000000086700000, 0x0000000086800000, 0x0000000086800000|100%| S|CS|TAMS 0x0000000086700000, 0x0000000086700000| Complete 
| 104|0x0000000086800000, 0x0000000086900000, 0x0000000086900000|100%| S|CS|TAMS 0x0000000086800000, 0x0000000086800000| Complete 
| 105|0x0000000086900000, 0x0000000086a00000, 0x0000000086a00000|100%| S|CS|TAMS 0x0000000086900000, 0x0000000086900000| Complete 
| 106|0x0000000086a00000, 0x0000000086b00000, 0x0000000086b00000|100%| S|CS|TAMS 0x0000000086a00000, 0x0000000086a00000| Complete 
| 107|0x0000000086b00000, 0x0000000086b00000, 0x0000000086c00000|  0%| F|  |TAMS 0x0000000086b00000, 0x0000000086b00000| Untracked 
| 108|0x0000000086c00000, 0x0000000086c00000, 0x0000000086d00000|  0%| F|  |TAMS 0x0000000086c00000, 0x0000000086c00000| Untracked 
| 109|0x0000000086d00000, 0x0000000086d00000, 0x0000000086e00000|  0%| F|  |TAMS 0x0000000086d00000, 0x0000000086d00000| Untracked 
| 110|0x0000000086e00000, 0x0000000086e00000, 0x0000000086f00000|  0%| F|  |TAMS 0x0000000086e00000, 0x0000000086e00000| Untracked 
| 111|0x0000000086f00000, 0x0000000086f00000, 0x0000000087000000|  0%| F|  |TAMS 0x0000000086f00000, 0x0000000086f00000| Untracked 
| 112|0x0000000087000000, 0x0000000087000000, 0x0000000087100000|  0%| F|  |TAMS 0x0000000087000000, 0x0000000087000000| Untracked 
| 113|0x0000000087100000, 0x0000000087200000, 0x0000000087200000|100%| S|CS|TAMS 0x0000000087100000, 0x0000000087100000| Complete 
| 114|0x0000000087200000, 0x0000000087300000, 0x0000000087300000|100%| S|CS|TAMS 0x0000000087200000, 0x0000000087200000| Complete 
| 115|0x0000000087300000, 0x0000000087400000, 0x0000000087400000|100%| S|CS|TAMS 0x0000000087300000, 0x0000000087300000| Complete 
| 116|0x0000000087400000, 0x0000000087400000, 0x0000000087500000|  0%| F|  |TAMS 0x0000000087400000, 0x0000000087400000| Untracked 
| 117|0x0000000087500000, 0x0000000087500000, 0x0000000087600000|  0%| F|  |TAMS 0x0000000087500000, 0x0000000087500000| Untracked 
| 118|0x0000000087600000, 0x0000000087600000, 0x0000000087700000|  0%| F|  |TAMS 0x0000000087600000, 0x0000000087600000| Untracked 
| 119|0x0000000087700000, 0x0000000087700000, 0x0000000087800000|  0%| F|  |TAMS 0x0000000087700000, 0x0000000087700000| Untracked 
| 120|0x0000000087800000, 0x0000000087800000, 0x0000000087900000|  0%| F|  |TAMS 0x0000000087800000, 0x0000000087800000| Untracked 
| 121|0x0000000087900000, 0x0000000087900000, 0x0000000087a00000|  0%| F|  |TAMS 0x0000000087900000, 0x0000000087900000| Untracked 
| 122|0x0000000087a00000, 0x0000000087a00000, 0x0000000087b00000|  0%| F|  |TAMS 0x0000000087a00000, 0x0000000087a00000| Untracked 
| 123|0x0000000087b00000, 0x0000000087b00000, 0x0000000087c00000|  0%| F|  |TAMS 0x0000000087b00000, 0x0000000087b00000| Untracked 
| 124|0x0000000087c00000, 0x0000000087c00000, 0x0000000087d00000|  0%| F|  |TAMS 0x0000000087c00000, 0x0000000087c00000| Untracked 
| 125|0x0000000087d00000, 0x0000000087d00000, 0x0000000087e00000|  0%| F|  |TAMS 0x0000000087d00000, 0x0000000087d00000| Untracked 
| 126|0x0000000087e00000, 0x0000000087e00000, 0x0000000087f00000|  0%| F|  |TAMS 0x0000000087e00000, 0x0000000087e00000| Untracked 
| 127|0x0000000087f00000, 0x0000000087f00000, 0x0000000088000000|  0%| F|  |TAMS 0x0000000087f00000, 0x0000000087f00000| Untracked 
| 128|0x0000000088000000, 0x0000000088000000, 0x0000000088100000|  0%| F|  |TAMS 0x0000000088000000, 0x0000000088000000| Untracked 
| 129|0x0000000088100000, 0x0000000088100000, 0x0000000088200000|  0%| F|  |TAMS 0x0000000088100000, 0x0000000088100000| Untracked 
| 130|0x0000000088200000, 0x0000000088200000, 0x0000000088300000|  0%| F|  |TAMS 0x0000000088200000, 0x0000000088200000| Untracked 
| 131|0x0000000088300000, 0x0000000088300000, 0x0000000088400000|  0%| F|  |TAMS 0x0000000088300000, 0x0000000088300000| Untracked 
| 132|0x0000000088400000, 0x0000000088400000, 0x0000000088500000|  0%| F|  |TAMS 0x0000000088400000, 0x0000000088400000| Untracked 
| 133|0x0000000088500000, 0x0000000088500000, 0x0000000088600000|  0%| F|  |TAMS 0x0000000088500000, 0x0000000088500000| Untracked 
| 134|0x0000000088600000, 0x0000000088600000, 0x0000000088700000|  0%| F|  |TAMS 0x0000000088600000, 0x0000000088600000| Untracked 
| 135|0x0000000088700000, 0x0000000088700000, 0x0000000088800000|  0%| F|  |TAMS 0x0000000088700000, 0x0000000088700000| Untracked 
| 136|0x0000000088800000, 0x0000000088800000, 0x0000000088900000|  0%| F|  |TAMS 0x0000000088800000, 0x0000000088800000| Untracked 
| 137|0x0000000088900000, 0x0000000088900000, 0x0000000088a00000|  0%| F|  |TAMS 0x0000000088900000, 0x0000000088900000| Untracked 
| 138|0x0000000088a00000, 0x0000000088a00000, 0x0000000088b00000|  0%| F|  |TAMS 0x0000000088a00000, 0x0000000088a00000| Untracked 
| 139|0x0000000088b00000, 0x0000000088b00000, 0x0000000088c00000|  0%| F|  |TAMS 0x0000000088b00000, 0x0000000088b00000| Untracked 
| 140|0x0000000088c00000, 0x0000000088c00000, 0x0000000088d00000|  0%| F|  |TAMS 0x0000000088c00000, 0x0000000088c00000| Untracked 
| 141|0x0000000088d00000, 0x0000000088d00000, 0x0000000088e00000|  0%| F|  |TAMS 0x0000000088d00000, 0x0000000088d00000| Untracked 
| 142|0x0000000088e00000, 0x0000000088e00000, 0x0000000088f00000|  0%| F|  |TAMS 0x0000000088e00000, 0x0000000088e00000| Untracked 
| 143|0x0000000088f00000, 0x0000000088f00000, 0x0000000089000000|  0%| F|  |TAMS 0x0000000088f00000, 0x0000000088f00000| Untracked 
| 144|0x0000000089000000, 0x0000000089000000, 0x0000000089100000|  0%| F|  |TAMS 0x0000000089000000, 0x0000000089000000| Untracked 
| 145|0x0000000089100000, 0x0000000089100000, 0x0000000089200000|  0%| F|  |TAMS 0x0000000089100000, 0x0000000089100000| Untracked 
| 146|0x0000000089200000, 0x0000000089200000, 0x0000000089300000|  0%| F|  |TAMS 0x0000000089200000, 0x0000000089200000| Untracked 
| 147|0x0000000089300000, 0x0000000089300000, 0x0000000089400000|  0%| F|  |TAMS 0x0000000089300000, 0x0000000089300000| Untracked 
| 148|0x0000000089400000, 0x0000000089400000, 0x0000000089500000|  0%| F|  |TAMS 0x0000000089400000, 0x0000000089400000| Untracked 
| 149|0x0000000089500000, 0x0000000089500000, 0x0000000089600000|  0%| F|  |TAMS 0x0000000089500000, 0x0000000089500000| Untracked 
| 150|0x0000000089600000, 0x0000000089600000, 0x0000000089700000|  0%| F|  |TAMS 0x0000000089600000, 0x0000000089600000| Untracked 
| 151|0x0000000089700000, 0x0000000089700000, 0x0000000089800000|  0%| F|  |TAMS 0x0000000089700000, 0x0000000089700000| Untracked 
| 152|0x0000000089800000, 0x0000000089800000, 0x0000000089900000|  0%| F|  |TAMS 0x0000000089800000, 0x0000000089800000| Untracked 
| 153|0x0000000089900000, 0x0000000089900000, 0x0000000089a00000|  0%| F|  |TAMS 0x0000000089900000, 0x0000000089900000| Untracked 
| 154|0x0000000089a00000, 0x0000000089a00000, 0x0000000089b00000|  0%| F|  |TAMS 0x0000000089a00000, 0x0000000089a00000| Untracked 
| 155|0x0000000089b00000, 0x0000000089b00000, 0x0000000089c00000|  0%| F|  |TAMS 0x0000000089b00000, 0x0000000089b00000| Untracked 
| 156|0x0000000089c00000, 0x0000000089c00000, 0x0000000089d00000|  0%| F|  |TAMS 0x0000000089c00000, 0x0000000089c00000| Untracked 
| 157|0x0000000089d00000, 0x0000000089d00000, 0x0000000089e00000|  0%| F|  |TAMS 0x0000000089d00000, 0x0000000089d00000| Untracked 
| 158|0x0000000089e00000, 0x0000000089e00000, 0x0000000089f00000|  0%| F|  |TAMS 0x0000000089e00000, 0x0000000089e00000| Untracked 
| 159|0x0000000089f00000, 0x0000000089f00000, 0x000000008a000000|  0%| F|  |TAMS 0x0000000089f00000, 0x0000000089f00000| Untracked 
| 160|0x000000008a000000, 0x000000008a000000, 0x000000008a100000|  0%| F|  |TAMS 0x000000008a000000, 0x000000008a000000| Untracked 
| 161|0x000000008a100000, 0x000000008a100000, 0x000000008a200000|  0%| F|  |TAMS 0x000000008a100000, 0x000000008a100000| Untracked 
| 162|0x000000008a200000, 0x000000008a200000, 0x000000008a300000|  0%| F|  |TAMS 0x000000008a200000, 0x000000008a200000| Untracked 
| 163|0x000000008a300000, 0x000000008a300000, 0x000000008a400000|  0%| F|  |TAMS 0x000000008a300000, 0x000000008a300000| Untracked 
| 164|0x000000008a400000, 0x000000008a400000, 0x000000008a500000|  0%| F|  |TAMS 0x000000008a400000, 0x000000008a400000| Untracked 
| 165|0x000000008a500000, 0x000000008a500000, 0x000000008a600000|  0%| F|  |TAMS 0x000000008a500000, 0x000000008a500000| Untracked 
| 166|0x000000008a600000, 0x000000008a600000, 0x000000008a700000|  0%| F|  |TAMS 0x000000008a600000, 0x000000008a600000| Untracked 
| 167|0x000000008a700000, 0x000000008a700000, 0x000000008a800000|  0%| F|  |TAMS 0x000000008a700000, 0x000000008a700000| Untracked 
| 168|0x000000008a800000, 0x000000008a800000, 0x000000008a900000|  0%| F|  |TAMS 0x000000008a800000, 0x000000008a800000| Untracked 
| 169|0x000000008a900000, 0x000000008a900000, 0x000000008aa00000|  0%| F|  |TAMS 0x000000008a900000, 0x000000008a900000| Untracked 
| 170|0x000000008aa00000, 0x000000008aa00000, 0x000000008ab00000|  0%| F|  |TAMS 0x000000008aa00000, 0x000000008aa00000| Untracked 
| 171|0x000000008ab00000, 0x000000008ab00000, 0x000000008ac00000|  0%| F|  |TAMS 0x000000008ab00000, 0x000000008ab00000| Untracked 
| 172|0x000000008ac00000, 0x000000008ac00000, 0x000000008ad00000|  0%| F|  |TAMS 0x000000008ac00000, 0x000000008ac00000| Untracked 
| 173|0x000000008ad00000, 0x000000008ad00000, 0x000000008ae00000|  0%| F|  |TAMS 0x000000008ad00000, 0x000000008ad00000| Untracked 
| 174|0x000000008ae00000, 0x000000008ae00000, 0x000000008af00000|  0%| F|  |TAMS 0x000000008ae00000, 0x000000008ae00000| Untracked 
| 175|0x000000008af00000, 0x000000008af00000, 0x000000008b000000|  0%| F|  |TAMS 0x000000008af00000, 0x000000008af00000| Untracked 
| 176|0x000000008b000000, 0x000000008b000000, 0x000000008b100000|  0%| F|  |TAMS 0x000000008b000000, 0x000000008b000000| Untracked 
| 177|0x000000008b100000, 0x000000008b100000, 0x000000008b200000|  0%| F|  |TAMS 0x000000008b100000, 0x000000008b100000| Untracked 
| 178|0x000000008b200000, 0x000000008b200000, 0x000000008b300000|  0%| F|  |TAMS 0x000000008b200000, 0x000000008b200000| Untracked 
| 179|0x000000008b300000, 0x000000008b3fa9a8, 0x000000008b400000| 97%| E|  |TAMS 0x000000008b300000, 0x000000008b300000| Complete 
| 180|0x000000008b400000, 0x000000008b500000, 0x000000008b500000|100%| E|CS|TAMS 0x000000008b400000, 0x000000008b400000| Complete 
| 181|0x000000008b500000, 0x000000008b600000, 0x000000008b600000|100%| E|CS|TAMS 0x000000008b500000, 0x000000008b500000| Complete 
| 182|0x000000008b600000, 0x000000008b700000, 0x000000008b700000|100%| E|CS|TAMS 0x000000008b600000, 0x000000008b600000| Complete 
| 183|0x000000008b700000, 0x000000008b800000, 0x000000008b800000|100%| E|CS|TAMS 0x000000008b700000, 0x000000008b700000| Complete 
| 184|0x000000008b800000, 0x000000008b900000, 0x000000008b900000|100%| E|CS|TAMS 0x000000008b800000, 0x000000008b800000| Complete 

Card table byte_map: [0x00000285fa530000,0x00000285fa930000] _byte_map_base: 0x00000285fa130000

Marking Bits (Prev, Next): (CMBitMap*) 0x00000285e6bec238, (CMBitMap*) 0x00000285e6bec270
 Prev Bits: [0x00000285fad30000, 0x00000285fcd30000)
 Next Bits: [0x00000285fcd30000, 0x00000285fed30000)

Polling page: 0x00000285e5370000

Metaspace:

Usage:
  Non-class:     75.08 MB capacity,    73.86 MB ( 98%) used,  1011.00 KB (  1%) free+waste,   238.50 KB ( <1%) overhead. 
      Class:     11.71 MB capacity,    10.95 MB ( 94%) used,   668.72 KB (  6%) free+waste,   110.06 KB ( <1%) overhead. 
       Both:     86.78 MB capacity,    84.80 MB ( 98%) used,     1.64 MB (  2%) free+waste,   348.56 KB ( <1%) overhead. 

Virtual space:
  Non-class space:       76.00 MB reserved,      75.25 MB (>99%) committed 
      Class space:        1.00 GB reserved,      11.77 MB (  1%) committed 
             Both:        1.07 GB reserved,      87.02 MB (  8%) committed 

Chunk freelists:
   Non-Class:  50.00 KB
       Class:  0 bytes
        Both:  50.00 KB

MaxMetaspaceSize: 17179869184.00 GB
CompressedClassSpaceSize: 1.00 GB

CodeHeap 'non-profiled nmethods': size=120000Kb used=5363Kb max_used=5363Kb free=114636Kb
 bounds [0x00000285f2180000, 0x00000285f26c0000, 0x00000285f96b0000]
CodeHeap 'profiled nmethods': size=120000Kb used=20015Kb max_used=20015Kb free=99984Kb
 bounds [0x00000285eac50000, 0x00000285ebfe0000, 0x00000285f2180000]
CodeHeap 'non-nmethods': size=5760Kb used=2292Kb max_used=2334Kb free=3467Kb
 bounds [0x00000285ea6b0000, 0x00000285ea920000, 0x00000285eac50000]
 total_blobs=10085 nmethods=9206 adapters=789
 compilation: enabled
              stopped_count=0, restarted_count=0
 full_count=0

Compilation events (20 events):
Event: 13.079 Thread 0x00000285ff833800 9165       3       org.gradle.internal.snapshot.MerkleDirectorySnapshotBuilder$Directory::fold (145 bytes)
Event: 13.082 Thread 0x00000285ff833800 nmethod 9165 0x00000285ebfb2e10 code [0x00000285ebfb3380, 0x00000285ebfb6308]
Event: 13.082 Thread 0x00000285ff833800 9167   !   3       sun.nio.fs.WindowsDirectoryStream::<init> (104 bytes)
Event: 13.083 Thread 0x00000285861ea000 nmethod 9158 0x00000285f26b9a90 code [0x00000285f26b9c60, 0x00000285f26b9f38]
Event: 13.083 Thread 0x00000285861ea000 9148       4       sun.security.provider.MD5::implCompress (1508 bytes)
Event: 13.083 Thread 0x00000285ff833800 nmethod 9167 0x00000285ebfb7510 code [0x00000285ebfb77a0, 0x00000285ebfb82f8]
Event: 13.083 Thread 0x00000285ff833800 9168   !   3       sun.nio.fs.WindowsNativeDispatcher::OpenNtQueryDirectoryInformation (48 bytes)
Event: 13.083 Thread 0x00000285ff833800 nmethod 9168 0x00000285ebfb8790 code [0x00000285ebfb89a0, 0x00000285ebfb8df8]
Event: 13.083 Thread 0x00000285ff833800 9170       3       org.gradle.internal.hash.Hashing$MessageDigestHasher::update (28 bytes)
Event: 13.084 Thread 0x00000285ff833800 nmethod 9170 0x00000285ebfb9090 code [0x00000285ebfb92c0, 0x00000285ebfb9948]
Event: 13.084 Thread 0x00000285ff833800 9171       3       org.gradle.internal.hash.Hashing$MessageDigestHasher::castBuffer (2 bytes)
Event: 13.084 Thread 0x00000285ff833800 nmethod 9171 0x00000285ebfb9c10 code [0x00000285ebfb9dc0, 0x00000285ebfb9e98]
Event: 13.084 Thread 0x00000285ff833800 9169       3       org.gradle.internal.snapshot.impl.DirectorySnapshotterStatistics$CollectingFileVisitor::preVisitDirectory (10 bytes)
Event: 13.084 Thread 0x00000285ff833800 nmethod 9169 0x00000285ebfb9f10 code [0x00000285ebfba100, 0x00000285ebfba508]
Event: 13.085 Thread 0x00000285ff833800 9173       3       org.gradle.internal.snapshot.impl.DirectorySnapshotterStatistics$CollectingFileVisitor::postVisitDirectory (10 bytes)
Event: 13.085 Thread 0x00000285ff833800 nmethod 9173 0x00000285ebfba690 code [0x00000285ebfba860, 0x00000285ebfbab68]
Event: 13.085 Thread 0x00000285ff833800 9174       3       org.gradle.internal.snapshot.impl.DirectorySnapshotterStatistics$CollectingFileVisitor::postVisitDirectory (7 bytes)
Event: 13.085 Thread 0x00000285ff833800 nmethod 9174 0x00000285ebfbac90 code [0x00000285ebfbae40, 0x00000285ebfbafe8]
Event: 13.087 Thread 0x00000285ff833800 9175       3       org.gradle.internal.snapshot.RelativePathTracker::isRoot (10 bytes)
Event: 13.087 Thread 0x00000285ff833800 nmethod 9175 0x00000285ebfbb090 code [0x00000285ebfbb240, 0x00000285ebfbb408]

GC Heap History (20 events):
Event: 3.270 GC heap before
{Heap before GC invocations=5 (full 0):
 garbage-first heap   total 131072K, used 72963K [0x0000000080000000, 0x0000000100000000)
  region size 1024K, 55 young (56320K), 1 survivors (1024K)
 Metaspace       used 26204K, capacity 26863K, committed 27008K, reserved 1073152K
  class space    used 3433K, capacity 3650K, committed 3712K, reserved 1048576K
}
Event: 3.275 GC heap after
{Heap after GC invocations=6 (full 0):
 garbage-first heap   total 131072K, used 19628K [0x0000000080000000, 0x0000000100000000)
  region size 1024K, 3 young (3072K), 3 survivors (3072K)
 Metaspace       used 26204K, capacity 26863K, committed 27008K, reserved 1073152K
  class space    used 3433K, capacity 3650K, committed 3712K, reserved 1048576K
}
Event: 4.123 GC heap before
{Heap before GC invocations=6 (full 0):
 garbage-first heap   total 131072K, used 75948K [0x0000000080000000, 0x0000000100000000)
  region size 1024K, 59 young (60416K), 3 survivors (3072K)
 Metaspace       used 35034K, capacity 35781K, committed 35840K, reserved 1081344K
  class space    used 4549K, capacity 4863K, committed 4864K, reserved 1048576K
}
Event: 4.135 GC heap after
{Heap after GC invocations=7 (full 0):
 garbage-first heap   total 131072K, used 23164K [0x0000000080000000, 0x0000000100000000)
  region size 1024K, 7 young (7168K), 7 survivors (7168K)
 Metaspace       used 35034K, capacity 35781K, committed 35840K, reserved 1081344K
  class space    used 4549K, capacity 4863K, committed 4864K, reserved 1048576K
}
Event: 4.922 GC heap before
{Heap before GC invocations=8 (full 0):
 garbage-first heap   total 131072K, used 84604K [0x0000000080000000, 0x0000000100000000)
  region size 1024K, 65 young (66560K), 7 survivors (7168K)
 Metaspace       used 39288K, capacity 40172K, committed 40268K, reserved 1083392K
  class space    used 5035K, capacity 5361K, committed 5452K, reserved 1048576K
}
Event: 4.938 GC heap after
{Heap after GC invocations=9 (full 0):
 garbage-first heap   total 157696K, used 28142K [0x0000000080000000, 0x0000000100000000)
  region size 1024K, 9 young (9216K), 9 survivors (9216K)
 Metaspace       used 39288K, capacity 40172K, committed 40268K, reserved 1083392K
  class space    used 5035K, capacity 5361K, committed 5452K, reserved 1048576K
}
Event: 5.892 GC heap before
{Heap before GC invocations=9 (full 0):
 garbage-first heap   total 157696K, used 105966K [0x0000000080000000, 0x0000000100000000)
  region size 1024K, 85 young (87040K), 9 survivors (9216K)
 Metaspace       used 46376K, capacity 47392K, committed 47692K, reserved 1091584K
  class space    used 5966K, capacity 6373K, committed 6476K, reserved 1048576K
}
Event: 5.905 GC heap after
{Heap after GC invocations=10 (full 0):
 garbage-first heap   total 157696K, used 30645K [0x0000000080000000, 0x0000000100000000)
  region size 1024K, 8 young (8192K), 8 survivors (8192K)
 Metaspace       used 46376K, capacity 47392K, committed 47692K, reserved 1091584K
  class space    used 5966K, capacity 6373K, committed 6476K, reserved 1048576K
}
Event: 7.043 GC heap before
{Heap before GC invocations=10 (full 0):
 garbage-first heap   total 157696K, used 123829K [0x0000000080000000, 0x0000000100000000)
  region size 1024K, 91 young (93184K), 8 survivors (8192K)
 Metaspace       used 50224K, capacity 51504K, committed 51788K, reserved 1093632K
  class space    used 6404K, capacity 6916K, committed 6988K, reserved 1048576K
}
Event: 7.057 GC heap after
{Heap after GC invocations=11 (full 0):
 garbage-first heap   total 157696K, used 51576K [0x0000000080000000, 0x0000000100000000)
  region size 1024K, 12 young (12288K), 12 survivors (12288K)
 Metaspace       used 50224K, capacity 51504K, committed 51788K, reserved 1093632K
  class space    used 6404K, capacity 6916K, committed 6988K, reserved 1048576K
}
Event: 7.951 GC heap before
{Heap before GC invocations=11 (full 0):
 garbage-first heap   total 157696K, used 110968K [0x0000000080000000, 0x0000000100000000)
  region size 1024K, 71 young (72704K), 12 survivors (12288K)
 Metaspace       used 58761K, capacity 60131K, committed 60236K, reserved 1101824K
  class space    used 7420K, capacity 7952K, committed 8012K, reserved 1048576K
}
Event: 7.975 GC heap after
{Heap after GC invocations=12 (full 0):
 garbage-first heap   total 157696K, used 54978K [0x0000000080000000, 0x0000000100000000)
  region size 1024K, 3 young (3072K), 3 survivors (3072K)
 Metaspace       used 58761K, capacity 60131K, committed 60236K, reserved 1101824K
  class space    used 7420K, capacity 7952K, committed 8012K, reserved 1048576K
}
Event: 8.902 GC heap before
{Heap before GC invocations=13 (full 0):
 garbage-first heap   total 157696K, used 117442K [0x0000000080000000, 0x0000000100000000)
  region size 1024K, 64 young (65536K), 3 survivors (3072K)
 Metaspace       used 65285K, capacity 66770K, committed 66968K, reserved 1107968K
  class space    used 8220K, capacity 8789K, committed 8856K, reserved 1048576K
}
Event: 8.916 GC heap after
{Heap after GC invocations=14 (full 0):
 garbage-first heap   total 189440K, used 60205K [0x0000000080000000, 0x0000000100000000)
  region size 1024K, 8 young (8192K), 8 survivors (8192K)
 Metaspace       used 65285K, capacity 66770K, committed 66968K, reserved 1107968K
  class space    used 8220K, capacity 8789K, committed 8856K, reserved 1048576K
}
Event: 9.785 GC heap before
{Heap before GC invocations=15 (full 0):
 garbage-first heap   total 189440K, used 133933K [0x0000000080000000, 0x0000000100000000)
  region size 1024K, 80 young (81920K), 8 survivors (8192K)
 Metaspace       used 69187K, capacity 70702K, committed 70808K, reserved 1110016K
  class space    used 8711K, capacity 9326K, committed 9368K, reserved 1048576K
}
Event: 9.797 GC heap after
{Heap after GC invocations=16 (full 0):
 garbage-first heap   total 189440K, used 64533K [0x0000000080000000, 0x0000000100000000)
  region size 1024K, 6 young (6144K), 6 survivors (6144K)
 Metaspace       used 69187K, capacity 70702K, committed 70808K, reserved 1110016K
  class space    used 8711K, capacity 9326K, committed 9368K, reserved 1048576K
}
Event: 11.023 GC heap before
{Heap before GC invocations=16 (full 0):
 garbage-first heap   total 189440K, used 138261K [0x0000000080000000, 0x0000000100000000)
  region size 1024K, 78 young (79872K), 6 survivors (6144K)
 Metaspace       used 76336K, capacity 78017K, committed 78104K, reserved 1116160K
  class space    used 9853K, capacity 10488K, committed 10520K, reserved 1048576K
}
Event: 11.034 GC heap after
{Heap after GC invocations=17 (full 0):
 garbage-first heap   total 189440K, used 68861K [0x0000000080000000, 0x0000000100000000)
  region size 1024K, 10 young (10240K), 10 survivors (10240K)
 Metaspace       used 76336K, capacity 78017K, committed 78104K, reserved 1116160K
  class space    used 9853K, capacity 10488K, committed 10520K, reserved 1048576K
}
Event: 12.343 GC heap before
{Heap before GC invocations=17 (full 0):
 garbage-first heap   total 189440K, used 141565K [0x0000000080000000, 0x0000000100000000)
  region size 1024K, 82 young (83968K), 10 survivors (10240K)
 Metaspace       used 83791K, capacity 85621K, committed 85784K, reserved 1124352K
  class space    used 10805K, capacity 11488K, committed 11544K, reserved 1048576K
}
Event: 12.362 GC heap after
{Heap after GC invocations=18 (full 0):
 garbage-first heap   total 189440K, used 75482K [0x0000000080000000, 0x0000000100000000)
  region size 1024K, 11 young (11264K), 11 survivors (11264K)
 Metaspace       used 83791K, capacity 85621K, committed 85784K, reserved 1124352K
  class space    used 10805K, capacity 11488K, committed 11544K, reserved 1048576K
}

Deoptimization events (20 events):
Event: 12.946 Thread 0x0000028582b95800 DEOPT PACKING pc=0x00000285f21d5634 sp=0x000000b6aa1fb4a0
Event: 12.946 Thread 0x0000028582b95800 DEOPT UNPACKING pc=0x00000285ea6d662f sp=0x000000b6aa1fb428 mode 2
Event: 12.955 Thread 0x0000028584dd8800 DEOPT PACKING pc=0x00000285eb61fb3d sp=0x000000b6a83fdde0
Event: 12.955 Thread 0x0000028584dd8800 DEOPT UNPACKING pc=0x00000285ea6d6dde sp=0x000000b6a83fd2a0 mode 0
Event: 12.965 Thread 0x0000028586009000 DEOPT PACKING pc=0x00000285eb61fb3d sp=0x000000b6a8bfdcb0
Event: 12.965 Thread 0x0000028586009000 DEOPT UNPACKING pc=0x00000285ea6d6dde sp=0x000000b6a8bfd170 mode 0
Event: 12.979 Thread 0x0000028586009000 DEOPT PACKING pc=0x00000285eb61fb3d sp=0x000000b6a8bfdd60
Event: 12.979 Thread 0x0000028586009000 DEOPT UNPACKING pc=0x00000285ea6d6dde sp=0x000000b6a8bfd220 mode 0
Event: 12.988 Thread 0x0000028584dd8800 DEOPT PACKING pc=0x00000285eb61fb3d sp=0x000000b6a83fde90
Event: 12.988 Thread 0x0000028584dd8800 DEOPT UNPACKING pc=0x00000285ea6d6dde sp=0x000000b6a83fd350 mode 0
Event: 12.997 Thread 0x0000028584dd8800 DEOPT PACKING pc=0x00000285eb61fb3d sp=0x000000b6a83fde90
Event: 12.997 Thread 0x0000028584dd8800 DEOPT UNPACKING pc=0x00000285ea6d6dde sp=0x000000b6a83fd350 mode 0
Event: 13.005 Thread 0x0000028584dd8800 DEOPT PACKING pc=0x00000285eb61fb3d sp=0x000000b6a83fde90
Event: 13.005 Thread 0x0000028584dd8800 DEOPT UNPACKING pc=0x00000285ea6d6dde sp=0x000000b6a83fd350 mode 0
Event: 13.012 Thread 0x0000028584dd8800 DEOPT PACKING pc=0x00000285eb61fb3d sp=0x000000b6a83fde90
Event: 13.012 Thread 0x0000028584dd8800 DEOPT UNPACKING pc=0x00000285ea6d6dde sp=0x000000b6a83fd350 mode 0
Event: 13.015 Thread 0x0000028588f85000 DEOPT PACKING pc=0x00000285ebcb3bc4 sp=0x000000b6accfb780
Event: 13.015 Thread 0x0000028588f85000 DEOPT UNPACKING pc=0x00000285ea6d6dde sp=0x000000b6accfad20 mode 0
Event: 13.041 Thread 0x0000028586011000 DEOPT PACKING pc=0x00000285ebf6c931 sp=0x000000b6a98fb640
Event: 13.041 Thread 0x0000028586011000 DEOPT UNPACKING pc=0x00000285ea6d6dde sp=0x000000b6a98fab08 mode 0

Classes redefined (0 events):
No events

Internal exceptions (20 events):
Event: 12.481 Thread 0x0000028584ddb000 Exception <a 'java/lang/NoSuchMethodError'{0x000000008b3f4438}: <clinit>> (0x000000008b3f4438) thrown at [./src/hotspot/share/prims/jni.cpp, line 1362]
Event: 12.485 Thread 0x0000028584ddb000 Exception <a 'java/lang/NoSuchMethodError'{0x000000008b2409a0}: <clinit>> (0x000000008b2409a0) thrown at [./src/hotspot/share/prims/jni.cpp, line 1362]
Event: 12.486 Thread 0x0000028584ddb000 Exception <a 'java/lang/NoSuchMethodError'{0x000000008b275c70}: <clinit>> (0x000000008b275c70) thrown at [./src/hotspot/share/prims/jni.cpp, line 1362]
Event: 12.487 Thread 0x0000028584ddb000 Exception <a 'java/lang/NoSuchMethodError'{0x000000008b2893f0}: <clinit>> (0x000000008b2893f0) thrown at [./src/hotspot/share/prims/jni.cpp, line 1362]
Event: 12.521 Thread 0x0000028588fc8800 Exception <a 'java/lang/NoSuchMethodError'{0x000000008b06cce8}: <clinit>> (0x000000008b06cce8) thrown at [./src/hotspot/share/prims/jni.cpp, line 1362]
Event: 12.525 Thread 0x0000028588fc8800 Exception <a 'java/lang/NoSuchMethodError'{0x000000008b08eab0}: <clinit>> (0x000000008b08eab0) thrown at [./src/hotspot/share/prims/jni.cpp, line 1362]
Event: 12.529 Thread 0x0000028588fc8800 Exception <a 'java/lang/NoSuchMethodError'{0x000000008af33788}: <clinit>> (0x000000008af33788) thrown at [./src/hotspot/share/prims/jni.cpp, line 1362]
Event: 12.537 Thread 0x0000028588fc7000 Exception <a 'java/lang/IncompatibleClassChangeError'{0x000000008afc4628}: Found class java.lang.Object, but interface was expected> (0x000000008afc4628) thrown at [./src/hotspot/share/interpreter/linkResolver.cpp, line 839]
Event: 12.561 Thread 0x0000028584ddb000 Exception <a 'java/lang/NoSuchMethodError'{0x000000008ad2ca88}: <clinit>> (0x000000008ad2ca88) thrown at [./src/hotspot/share/prims/jni.cpp, line 1362]
Event: 12.562 Thread 0x0000028588fc7000 Exception <a 'java/lang/NoSuchMethodError'{0x000000008ad1deb0}: 'java.lang.Object java.lang.invoke.DirectMethodHandle$Holder.invokeInterface(java.lang.Object, java.lang.Object, int)'> (0x000000008ad1deb0) thrown at [./src/hotspot/share/interpreter/linkResolver.cpp, line 773]
Event: 12.564 Thread 0x0000028588fc7000 Exception <a 'java/lang/NoSuchMethodError'{0x000000008ad3b008}: 'void java.lang.invoke.DirectMethodHandle$Holder.invokeStatic(java.lang.Object, java.lang.Object, java.lang.Object, int)'> (0x000000008ad3b008) thrown at [./src/hotspot/share/interpreter/linkResolver.cpp, line 773]
Event: 12.601 Thread 0x0000028588fc7000 Exception <a 'java/lang/IncompatibleClassChangeError'{0x000000008acac838}: Found class java.lang.Object, but interface was expected> (0x000000008acac838) thrown at [./src/hotspot/share/interpreter/linkResolver.cpp, line 839]
Event: 12.604 Thread 0x0000028588fc7000 Exception <a 'java/lang/IncompatibleClassChangeError'{0x000000008acd0238}: Found class java.lang.Object, but interface was expected> (0x000000008acd0238) thrown at [./src/hotspot/share/interpreter/linkResolver.cpp, line 839]
Event: 12.636 Thread 0x0000028588fc7000 Exception <a 'java/lang/NoSuchMethodError'{0x000000008a912118}: 'int java.lang.invoke.DirectMethodHandle$Holder.invokeStaticInit(java.lang.Object, java.lang.Object, java.lang.Object, java.lang.Object, java.lang.Object)'> (0x000000008a912118) thrown at [./src/hotspot/share/interpreter/linkResolver.cpp, line 773]
Event: 12.855 Thread 0x0000028588fc7000 Exception <a 'java/lang/NoSuchMethodError'{0x000000008a1826f8}: 'void java.lang.invoke.DirectMethodHandle$Holder.invokeStatic(java.lang.Object, java.lang.Object, java.lang.Object, java.lang.Object, int, java.lang.Object, java.lang.Object)'> (0x000000008a1826f8) thrown at [./src/hotspot/share/interpreter/linkResolver.cpp, line 773]
Event: 12.888 Thread 0x000002858600f000 Exception <a 'java/lang/NoSuchMethodError'{0x000000008a0c0888}: 'java.lang.Object java.lang.invoke.DirectMethodHandle$Holder.invokeSpecialIFC(java.lang.Object, java.lang.Object, java.lang.Object)'> (0x000000008a0c0888) thrown at [./src/hotspot/share/interpreter/linkResolver.cpp, line 773]
Event: 12.888 Thread 0x0000028586007800 Exception <a 'java/lang/NoSuchMethodError'{0x0000000089a8e8c0}: 'java.lang.Object java.lang.invoke.DirectMethodHandle$Holder.invokeSpecialIFC(java.lang.Object, java.lang.Object, java.lang.Object)'> (0x0000000089a8e8c0) thrown at [./src/hotspot/share/interpreter/linkResolver.cpp, line 773]
Event: 12.888 Thread 0x0000028586012000 Exception <a 'java/lang/NoSuchMethodError'{0x00000000899119d8}: 'java.lang.Object java.lang.invoke.DirectMethodHandle$Holder.invokeSpecialIFC(java.lang.Object, java.lang.Object, java.lang.Object)'> (0x00000000899119d8) thrown at [./src/hotspot/share/interpreter/linkResolver.cpp, line 773]
Event: 12.888 Thread 0x0000028586013000 Exception <a 'java/lang/NoSuchMethodError'{0x0000000089ae6498}: 'java.lang.Object java.lang.invoke.DirectMethodHandle$Holder.invokeSpecialIFC(java.lang.Object, java.lang.Object, java.lang.Object)'> (0x0000000089ae6498) thrown at [./src/hotspot/share/interpreter/linkResolver.cpp, line 773]
Event: 12.889 Thread 0x0000028586010800 Exception <a 'java/lang/NoSuchMethodError'{0x00000000899267a0}: 'java.lang.Object java.lang.invoke.DirectMethodHandle$Holder.invokeSpecialIFC(java.lang.Object, java.lang.Object, java.lang.Object)'> (0x00000000899267a0) thrown at [./src/hotspot/share/interpreter/linkResolver.cpp, line 773]

Events (20 events):
Event: 12.969 Executing VM operation: RevokeBias done
Event: 12.969 Executing VM operation: RevokeBias
Event: 12.969 Executing VM operation: RevokeBias done
Event: 12.981 Executing VM operation: RevokeBias
Event: 12.982 Executing VM operation: RevokeBias done
Event: 12.998 Executing VM operation: RevokeBias
Event: 12.998 Executing VM operation: RevokeBias done
Event: 13.002 Executing VM operation: RevokeBias
Event: 13.002 Executing VM operation: RevokeBias done
Event: 13.017 Executing VM operation: RevokeBias
Event: 13.018 Executing VM operation: RevokeBias done
Event: 13.033 Executing VM operation: RevokeBias
Event: 13.034 Executing VM operation: RevokeBias done
Event: 13.070 Loaded shared library C:\Program Files\Android\Android Studio\jre\bin\nio.dll
Event: 13.072 loading class org/gradle/process/internal/health/memory/JvmMemoryStatusSnapshot
Event: 13.072 loading class org/gradle/process/internal/health/memory/JvmMemoryStatusSnapshot done
Event: 13.072 Executing VM operation: RevokeBias
Event: 13.073 Executing VM operation: RevokeBias done
Event: 13.073 Executing VM operation: RevokeBias
Event: 13.073 Executing VM operation: RevokeBias done


Dynamic libraries:
0x00007ff736c80000 - 0x00007ff736c8a000 	C:\Program Files\Android\Android Studio\jre\bin\java.exe
0x00007ff963eb0000 - 0x00007ff9640a8000 	C:\WINDOWS\SYSTEM32\ntdll.dll
0x00007ff9621c0000 - 0x00007ff96227d000 	C:\WINDOWS\System32\KERNEL32.DLL
0x00007ff9617f0000 - 0x00007ff961abe000 	C:\WINDOWS\System32\KERNELBASE.dll
0x00007ff961ac0000 - 0x00007ff961bc0000 	C:\WINDOWS\System32\ucrtbase.dll
0x00007ff959190000 - 0x00007ff9591a7000 	C:\Program Files\Android\Android Studio\jre\bin\VCRUNTIME140.dll
0x00007ff959170000 - 0x00007ff959189000 	C:\Program Files\Android\Android Studio\jre\bin\jli.dll
0x00007ff962e60000 - 0x00007ff963000000 	C:\WINDOWS\System32\USER32.dll
0x00007ff961d40000 - 0x00007ff961d62000 	C:\WINDOWS\System32\win32u.dll
0x00007ff952ee0000 - 0x00007ff95317a000 	C:\WINDOWS\WinSxS\amd64_microsoft.windows.common-controls_6595b64144ccf1df_6.0.19041.1110_none_60b5254171f9507e\COMCTL32.dll
0x00007ff9631c0000 - 0x00007ff9631ea000 	C:\WINDOWS\System32\GDI32.dll
0x00007ff963000000 - 0x00007ff96309e000 	C:\WINDOWS\System32\msvcrt.dll
0x00007ff961e00000 - 0x00007ff961f0b000 	C:\WINDOWS\System32\gdi32full.dll
0x00007ff961c70000 - 0x00007ff961d0d000 	C:\WINDOWS\System32\msvcp_win.dll
0x00007ff962b50000 - 0x00007ff962b80000 	C:\WINDOWS\System32\IMM32.DLL
0x00007ff940ea0000 - 0x00007ff940f3d000 	C:\Program Files\Android\Android Studio\jre\bin\msvcp140.dll
0x00007ff932800000 - 0x00007ff9332d5000 	C:\Program Files\Android\Android Studio\jre\bin\server\jvm.dll
0x00007ff962db0000 - 0x00007ff962e5e000 	C:\WINDOWS\System32\ADVAPI32.dll
0x00007ff962040000 - 0x00007ff9620dc000 	C:\WINDOWS\System32\sechost.dll
0x00007ff961f10000 - 0x00007ff962035000 	C:\WINDOWS\System32\RPCRT4.dll
0x00007ff962b80000 - 0x00007ff962b88000 	C:\WINDOWS\System32\PSAPI.DLL
0x00007ff95e480000 - 0x00007ff95e489000 	C:\WINDOWS\SYSTEM32\WSOCK32.dll
0x00007ff956ee0000 - 0x00007ff956f07000 	C:\WINDOWS\SYSTEM32\WINMM.dll
0x00007ff95c010000 - 0x00007ff95c01a000 	C:\WINDOWS\SYSTEM32\VERSION.dll
0x00007ff9623e0000 - 0x00007ff96244b000 	C:\WINDOWS\System32\WS2_32.dll
0x00007ff95f4f0000 - 0x00007ff95f502000 	C:\WINDOWS\SYSTEM32\kernel.appcore.dll
0x00007ff9592e0000 - 0x00007ff9592f1000 	C:\Program Files\Android\Android Studio\jre\bin\verify.dll
0x00007ff94c9e0000 - 0x00007ff94cbc4000 	C:\WINDOWS\SYSTEM32\DBGHELP.DLL
0x00007ff94c920000 - 0x00007ff94c94c000 	C:\WINDOWS\SYSTEM32\dbgcore.DLL
0x00007ff961d70000 - 0x00007ff961df2000 	C:\WINDOWS\System32\bcryptPrimitives.dll
0x00007ff959120000 - 0x00007ff959149000 	C:\Program Files\Android\Android Studio\jre\bin\java.dll
0x00007ff95d290000 - 0x00007ff95d29b000 	C:\Program Files\Android\Android Studio\jre\bin\jimage.dll
0x00007ff9592c0000 - 0x00007ff9592d8000 	C:\Program Files\Android\Android Studio\jre\bin\zip.dll
0x00007ff963720000 - 0x00007ff963e64000 	C:\WINDOWS\System32\SHELL32.dll
0x00007ff95f6f0000 - 0x00007ff95fe84000 	C:\WINDOWS\SYSTEM32\windows.storage.dll
0x00007ff963300000 - 0x00007ff963654000 	C:\WINDOWS\System32\combase.dll
0x00007ff960f60000 - 0x00007ff960f90000 	C:\WINDOWS\SYSTEM32\Wldp.dll
0x00007ff9631f0000 - 0x00007ff96329d000 	C:\WINDOWS\System32\SHCORE.dll
0x00007ff9625a0000 - 0x00007ff9625f5000 	C:\WINDOWS\System32\shlwapi.dll
0x00007ff961510000 - 0x00007ff96152f000 	C:\WINDOWS\SYSTEM32\profapi.dll
0x00007ff959100000 - 0x00007ff95911a000 	C:\Program Files\Android\Android Studio\jre\bin\net.dll
0x00007ff95af30000 - 0x00007ff95b03a000 	C:\WINDOWS\SYSTEM32\WINHTTP.dll
0x00007ff960cc0000 - 0x00007ff960d2a000 	C:\WINDOWS\system32\mswsock.dll
0x00007ff9590e0000 - 0x00007ff9590f4000 	C:\Program Files\Android\Android Studio\jre\bin\nio.dll
0x00007ff9591b0000 - 0x00007ff9591d7000 	C:\Users\JULIETH\.gradle\native\e1d6ef7f7dcc3fd88c89a11ec53ec762bb8ba0a96d01ffa2cd45eb1d1d8dd5c5\windows-amd64\native-platform.dll
0x00007ff9360d0000 - 0x00007ff936214000 	C:\Users\JULIETH\.gradle\native\5664cfc778a61ccfe75a443a1ab52a65af34e5dc3c78e0209fed803814484fcb\windows-amd64\native-platform-file-events.dll
0x00007ff95d0f0000 - 0x00007ff95d0fa000 	C:\Program Files\Android\Android Studio\jre\bin\management.dll
0x00007ff95d0c0000 - 0x00007ff95d0cd000 	C:\Program Files\Android\Android Studio\jre\bin\management_ext.dll
0x00007ff960eb0000 - 0x00007ff960ec8000 	C:\WINDOWS\SYSTEM32\CRYPTSP.dll
0x00007ff960640000 - 0x00007ff960674000 	C:\WINDOWS\system32\rsaenh.dll
0x00007ff961d10000 - 0x00007ff961d37000 	C:\WINDOWS\System32\bcrypt.dll
0x00007ff9614d0000 - 0x00007ff9614fe000 	C:\WINDOWS\SYSTEM32\USERENV.dll
0x00007ff960ed0000 - 0x00007ff960edc000 	C:\WINDOWS\SYSTEM32\CRYPTBASE.dll
0x00007ff9609b0000 - 0x00007ff9609eb000 	C:\WINDOWS\SYSTEM32\IPHLPAPI.DLL
0x00007ff963710000 - 0x00007ff963718000 	C:\WINDOWS\System32\NSI.dll
0x00007ff95bff0000 - 0x00007ff95c007000 	C:\WINDOWS\SYSTEM32\dhcpcsvc6.DLL
0x00007ff95bf60000 - 0x00007ff95bf7d000 	C:\WINDOWS\SYSTEM32\dhcpcsvc.DLL
0x00007ff9609f0000 - 0x00007ff960aba000 	C:\WINDOWS\SYSTEM32\DNSAPI.dll

dbghelp: loaded successfully - version: 4.0.5 - missing functions: none
symbol engine: initialized successfully - sym options: 0x614 - pdb path: .;C:\Program Files\Android\Android Studio\jre\bin;C:\WINDOWS\SYSTEM32;C:\WINDOWS\WinSxS\amd64_microsoft.windows.common-controls_6595b64144ccf1df_6.0.19041.1110_none_60b5254171f9507e;C:\Program Files\Android\Android Studio\jre\bin\server;C:\Users\JULIETH\.gradle\native\e1d6ef7f7dcc3fd88c89a11ec53ec762bb8ba0a96d01ffa2cd45eb1d1d8dd5c5\windows-amd64;C:\Users\JULIETH\.gradle\native\5664cfc778a61ccfe75a443a1ab52a65af34e5dc3c78e0209fed803814484fcb\windows-amd64

VM Arguments:
jvm_args: --add-opens=java.base/java.util=ALL-UNNAMED --add-opens=java.base/java.lang=ALL-UNNAMED --add-opens=java.base/java.lang.invoke=ALL-UNNAMED --add-opens=java.base/java.util=ALL-UNNAMED --add-opens=java.prefs/java.util.prefs=ALL-UNNAMED --add-opens=java.prefs/java.util.prefs=ALL-UNNAMED --add-opens=java.base/java.nio.charset=ALL-UNNAMED --add-opens=java.base/java.net=ALL-UNNAMED --add-opens=java.base/java.util.concurrent.atomic=ALL-UNNAMED -Xmx2048m -Dfile.encoding=UTF-8 -Duser.country=CO -Duser.language=es -Duser.variant 
java_command: org.gradle.launcher.daemon.bootstrap.GradleDaemon 7.2
java_class_path (initial): C:\Users\JULIETH\.gradle\wrapper\dists\gradle-7.2-bin\2dnblmf4td7x66yl1d74lt32g\gradle-7.2\lib\gradle-launcher-7.2.jar
Launcher Type: SUN_STANDARD

[Global flags]
     intx CICompilerCount                          = 4                                         {product} {ergonomic}
     uint ConcGCThreads                            = 2                                         {product} {ergonomic}
     uint G1ConcRefinementThreads                  = 8                                         {product} {ergonomic}
   size_t G1HeapRegionSize                         = 1048576                                   {product} {ergonomic}
    uintx GCDrainStackTargetSize                   = 64                                        {product} {ergonomic}
   size_t InitialHeapSize                          = 134217728                                 {product} {ergonomic}
   size_t MarkStackSize                            = 4194304                                   {product} {ergonomic}
   size_t MaxHeapSize                              = 2147483648                                {product} {command line}
   size_t MaxNewSize                               = 1287651328                                {product} {ergonomic}
   size_t MinHeapDeltaBytes                        = 1048576                                   {product} {ergonomic}
    uintx NonNMethodCodeHeapSize                   = 5836300                                {pd product} {ergonomic}
    uintx NonProfiledCodeHeapSize                  = 122910970                              {pd product} {ergonomic}
    uintx ProfiledCodeHeapSize                     = 122910970                              {pd product} {ergonomic}
    uintx ReservedCodeCacheSize                    = 251658240                              {pd product} {ergonomic}
     bool SegmentedCodeCache                       = true                                      {product} {ergonomic}
     bool UseCompressedClassPointers               = true                                 {lp64_product} {ergonomic}
     bool UseCompressedOops                        = true                                 {lp64_product} {ergonomic}
     bool UseG1GC                                  = true                                      {product} {ergonomic}
     bool UseLargePagesIndividualAllocation        = false                                  {pd product} {ergonomic}

Logging:
Log output configuration:
 #0: stdout all=warning uptime,level,tags
 #1: stderr all=off uptime,level,tags

Environment Variables:
PATH=C:\WINDOWS\system32;C:\WINDOWS;C:\WINDOWS\System32\Wbem;C:\WINDOWS\System32\WindowsPowerShell\v1.0\;C:\WINDOWS\System32\OpenSSH\;C:\Program Files\dotnet\;C:\Program Files\Git\cmd;C:\Program Files\nodejs\;C:\Users\JULIETH\AppData\Local\Microsoft\WindowsApps;C:\Users\JULIETH\AppData\Local\GitHubDesktop\bin;C:\Users\JULIETH\AppData\Local\Programs\Microsoft VS Code\bin;C:\Users\JULIETH\AppData\Roaming\npm
USERNAME=JULIETH
OS=Windows_NT
PROCESSOR_IDENTIFIER=AMD64 Family 21 Model 2 Stepping 0, AuthenticAMD



---------------  S Y S T E M  ---------------

OS: Windows 10 , 64 bit Build 19041 (10.0.19041.1889)
OS uptime: 6 days 8:49 hours

CPU:total 8 (initial active 8) (8 cores per cpu, 1 threads per core) family 21 model 2 stepping 0 microcode 0x0, cmov, cx8, fxsr, mmx, sse, sse2, sse3, ssse3, sse4.1, sse4.2, popcnt, avx, aes, clmul, mmxext, 3dnowpref, lzcnt, sse4a, tsc, tscinvbit, tscinv, bmi1, fma

Memory: 4k page, system-wide physical 8168M (1103M free)
TotalPageFile size 8184M (AvailPageFile size 5M)
current process WorkingSet (physical memory assigned to process): 441M, peak: 441M
current process commit charge ("private bytes"): 481M, peak: 481M

vm_info: OpenJDK 64-Bit Server VM (11.0.11+9-b60-7590822) for windows-amd64 JRE (11.0.11+9-b60-7590822), built on Jul 29 2021 21:43:44 by "builder" with MS VC++ 14.0 (VS2015)

END.
