#
# There is insufficient memory for the Java Runtime Environment to continue.
# Native memory allocation (mmap) failed to map 28311552 bytes for Failed to commit area from 0x0000000088400000 to 0x0000000089f00000 of length 28311552.
# Possible reasons:
#   The system is out of physical RAM or swap space
#   The process is running with CompressedOops enabled, and the Java Heap may be blocking the growth of the native heap
# Possible solutions:
#   Reduce memory load on the system
#   Increase physical memory or swap space
#   Check if swap backing store is full
#   Decrease Java heap size (-Xmx/-Xms)
#   Decrease number of Java threads
#   Decrease Java thread stack sizes (-Xss)
#   Set larger code cache with -XX:ReservedCodeCacheSize=
#   JVM is running with Unscaled Compressed Oops mode in which the Java heap is
#     placed in the first 4GB address space. The Java Heap base address is the
#     maximum limit for the native heap growth. Please use -XX:HeapBaseMinAddress
#     to set the Java Heap base and to place the Java Heap above 4GB virtual address.
# This output file may be truncated or incomplete.
#
#  Out of Memory Error (./src/hotspot/os/windows/os_windows.cpp:3301), pid=12136, tid=11560
#
# JRE version: OpenJDK Runtime Environment (11.0.11+9) (build 11.0.11+9-b60-7590822)
# Java VM: OpenJDK 64-Bit Server VM (11.0.11+9-b60-7590822, mixed mode, tiered, compressed oops, g1 gc, windows-amd64)
# No core dump will be written. Minidumps are not enabled by default on client versions of Windows
#

---------------  S U M M A R Y ------------

Command Line: org.jetbrains.kotlin.cli.jvm.K2JVMCompiler @C:\Users\JULIETH\AndroidStudioProjects\BlueTV\app\build\20220823_274297898855146271.compiler.options

Host: AMD FX-8320E Eight-Core Processor              , 8 cores, 7G,  Windows 10 , 64 bit Build 19041 (10.0.19041.1889)
Time: Tue Aug 23 10:37:29 2022 Hora est. Pacífico, Sudamérica elapsed time: 2.916628 seconds (0d 0h 0m 2s)

---------------  T H R E A D  ---------------

Current thread (0x00000275d2053000):  VMThread "VM Thread" [stack: 0x000000ff9da00000,0x000000ff9db00000] [id=11560]

Stack: [0x000000ff9da00000,0x000000ff9db00000]
[error occurred during error reporting (printing stack bounds), id 0xc0000005, EXCEPTION_ACCESS_VIOLATION (0xc0000005) at pc=0x00000275baf40f2d]

Native frames: (J=compiled Java code, j=interpreted, Vv=VM code, C=native code)
V  [jvm.dll+0x5f214a]
V  [jvm.dll+0x726fb5]
V  [jvm.dll+0x7285cd]
V  [jvm.dll+0x728be5]
V  [jvm.dll+0x728b9b]
V  [jvm.dll+0x5f14e8]
V  [jvm.dll+0x5f1c78]
C  [ntdll.dll+0xa229f]
C  [ntdll.dll+0x51454]
C  [ntdll.dll+0xa0dce]
C  0x00000275baf40f2d

VM_Operation (0x000000ff9d4f9fb0): CollectForMetadataAllocation, mode: safepoint, requested by thread 0x00000275b7418000


---------------  P R O C E S S  ---------------

Threads class SMR info:
_java_thread_list=0x00000275d2bb1670, length=12, elements={
0x00000275b7418000, 0x00000275d2079000, 0x00000275d207c000, 0x00000275d2a27800,
0x00000275d2a29000, 0x00000275d2a2d000, 0x00000275d2a32800, 0x00000275d209e800,
0x00000275d20a7800, 0x00000275d2b90800, 0x00000275d2be1000, 0x00000275d2bb5000
}

Java Threads: ( => current thread )
  0x00000275b7418000 JavaThread "main" [_thread_blocked, id=3180, stack(0x000000ff9d400000,0x000000ff9d500000)]
  0x00000275d2079000 JavaThread "Reference Handler" daemon [_thread_blocked, id=11784, stack(0x000000ff9db00000,0x000000ff9dc00000)]
  0x00000275d207c000 JavaThread "Finalizer" daemon [_thread_blocked, id=1272, stack(0x000000ff9dc00000,0x000000ff9dd00000)]
  0x00000275d2a27800 JavaThread "Signal Dispatcher" daemon [_thread_blocked, id=3396, stack(0x000000ff9dd00000,0x000000ff9de00000)]
  0x00000275d2a29000 JavaThread "Attach Listener" daemon [_thread_blocked, id=9968, stack(0x000000ff9de00000,0x000000ff9df00000)]
  0x00000275d2a2d000 JavaThread "Service Thread" daemon [_thread_blocked, id=11388, stack(0x000000ff9df00000,0x000000ff9e000000)]
  0x00000275d2a32800 JavaThread "C2 CompilerThread0" daemon [_thread_blocked, id=6968, stack(0x000000ff9e000000,0x000000ff9e100000)]
  0x00000275d209e800 JavaThread "C1 CompilerThread0" daemon [_thread_blocked, id=11240, stack(0x000000ff9e100000,0x000000ff9e200000)]
  0x00000275d20a7800 JavaThread "Sweeper thread" daemon [_thread_blocked, id=6944, stack(0x000000ff9e200000,0x000000ff9e300000)]
  0x00000275d2b90800 JavaThread "Common-Cleaner" daemon [_thread_blocked, id=11288, stack(0x000000ff9e400000,0x000000ff9e500000)]
  0x00000275d2be1000 JavaThread "C2 CompilerThread1" daemon [_thread_blocked, id=9092, stack(0x000000ff9e500000,0x000000ff9e600000)]
  0x00000275d2bb5000 JavaThread "C2 CompilerThread2" daemon [_thread_blocked, id=10140, stack(0x000000ff9e600000,0x000000ff9e700000)]

Other Threads:
=>0x00000275d2053000 VMThread "VM Thread" [stack: 0x000000ff9da00000,0x000000ff9db00000] [id=11560]
  0x00000275d2b85800 WatcherThread [stack: 0x000000ff9e300000,0x000000ff9e400000] [id=5896]
  0x00000275b742f800 GCTaskThread "GC Thread#0" [stack: 0x000000ff9d500000,0x000000ff9d600000] [id=9300]
  0x00000275d3157000 GCTaskThread "GC Thread#1" [stack: 0x000000ff9e700000,0x000000ff9e800000] [id=3112]
  0x00000275d3158000 GCTaskThread "GC Thread#2" [stack: 0x000000ff9e800000,0x000000ff9e900000] [id=11224]
  0x00000275b7462000 ConcurrentGCThread "G1 Main Marker" [stack: 0x000000ff9d600000,0x000000ff9d700000] [id=1432]
  0x00000275b7463000 ConcurrentGCThread "G1 Conc#0" [stack: 0x000000ff9d700000,0x000000ff9d800000] [id=7472]
  0x00000275d31cf800 ConcurrentGCThread "G1 Conc#1" [stack: 0x000000ff9e900000,0x000000ff9ea00000] [id=2488]
  0x00000275d1ec0800 ConcurrentGCThread "G1 Refine#0" [stack: 0x000000ff9d800000,0x000000ff9d900000] [id=4020]
  0x00000275d3580000 ConcurrentGCThread "G1 Refine#1" [stack: 0x000000ff9ea00000,0x000000ff9eb00000] [id=3856]
  0x00000275d1ec1800 ConcurrentGCThread "G1 Young RemSet Sampling" [stack: 0x000000ff9d900000,0x000000ff9da00000] [id=8232]

Threads with active compile tasks:

VM state:at safepoint (normal execution)

VM Mutex/Monitor currently owned by a thread:  ([mutex/lock_event])
[0x00000275b7415150] Threads_lock - owner thread: 0x00000275d2053000
[0x00000275b7415e40] Heap_lock - owner thread: 0x00000275b7418000

Heap address: 0x0000000080400000, size: 2044 MB, Compressed Oops mode: 32-bit
Narrow klass base: 0x0000000000000000, Narrow klass shift: 3
Compressed class space size: 1073741824 Address: 0x0000000100000000

Heap:
 garbage-first heap   total 158720K, used 19946K [0x0000000080400000, 0x0000000100000000)
  region size 1024K, 2 young (2048K), 2 survivors (2048K)
 Metaspace       used 35390K, capacity 35775K, committed 35920K, reserved 1081344K
  class space    used 4379K, capacity 4538K, committed 4608K, reserved 1048576K
Heap Regions: E=young(eden), S=young(survivor), O=old, HS=humongous(starts), HC=humongous(continues), CS=collection set, F=free, A=archive, TAMS=top-at-mark-start (previous, next)
|   0|0x0000000080400000, 0x0000000080500000, 0x0000000080500000|100%|HS|  |TAMS 0x0000000080500000, 0x0000000080500000| Complete 
|   1|0x0000000080500000, 0x0000000080600000, 0x0000000080600000|100%|HC|  |TAMS 0x0000000080600000, 0x0000000080600000| Complete 
|   2|0x0000000080600000, 0x0000000080700000, 0x0000000080700000|100%|HC|  |TAMS 0x0000000080700000, 0x0000000080700000| Complete 
|   3|0x0000000080700000, 0x0000000080800000, 0x0000000080800000|100%|HS|  |TAMS 0x0000000080700000, 0x0000000080800000| Complete 
|   4|0x0000000080800000, 0x0000000080900000, 0x0000000080900000|100%|HC|  |TAMS 0x0000000080800000, 0x0000000080900000| Complete 
|   5|0x0000000080900000, 0x0000000080a00000, 0x0000000080a00000|100%|HC|  |TAMS 0x0000000080900000, 0x0000000080a00000| Complete 
|   6|0x0000000080a00000, 0x0000000080a00000, 0x0000000080b00000|  0%| F|  |TAMS 0x0000000080a00000, 0x0000000080a00000| Untracked 
|   7|0x0000000080b00000, 0x0000000080b00000, 0x0000000080c00000|  0%| F|  |TAMS 0x0000000080b00000, 0x0000000080b00000| Untracked 
|   8|0x0000000080c00000, 0x0000000080d00000, 0x0000000080d00000|100%| O|  |TAMS 0x0000000080c00000, 0x0000000080d00000| Untracked 
|   9|0x0000000080d00000, 0x0000000080e00000, 0x0000000080e00000|100%| O|  |TAMS 0x0000000080d00000, 0x0000000080e00000| Untracked 
|  10|0x0000000080e00000, 0x0000000080f00000, 0x0000000080f00000|100%| O|  |TAMS 0x0000000080e00000, 0x0000000080f00000| Untracked 
|  11|0x0000000080f00000, 0x0000000081000000, 0x0000000081000000|100%| O|  |TAMS 0x0000000080f00000, 0x0000000081000000| Untracked 
|  12|0x0000000081000000, 0x0000000081100000, 0x0000000081100000|100%| O|  |TAMS 0x0000000081000000, 0x0000000081100000| Untracked 
|  13|0x0000000081100000, 0x0000000081200000, 0x0000000081200000|100%| O|  |TAMS 0x0000000081100000, 0x0000000081200000| Untracked 
|  14|0x0000000081200000, 0x0000000081300000, 0x0000000081300000|100%| O|  |TAMS 0x0000000081200000, 0x0000000081300000| Untracked 
|  15|0x0000000081300000, 0x0000000081400000, 0x0000000081400000|100%| O|  |TAMS 0x0000000081300000, 0x0000000081400000| Untracked 
|  16|0x0000000081400000, 0x0000000081500000, 0x0000000081500000|100%| O|  |TAMS 0x0000000081400000, 0x0000000081500000| Untracked 
|  17|0x0000000081500000, 0x0000000081600000, 0x0000000081600000|100%| O|  |TAMS 0x0000000081500000, 0x0000000081600000| Untracked 
|  18|0x0000000081600000, 0x0000000081700000, 0x0000000081700000|100%| O|  |TAMS 0x0000000081600000, 0x0000000081700000| Untracked 
|  19|0x0000000081700000, 0x0000000081800000, 0x0000000081800000|100%| O|  |TAMS 0x0000000081700000, 0x0000000081800000| Untracked 
|  20|0x0000000081800000, 0x0000000081800000, 0x0000000081900000|  0%| F|  |TAMS 0x0000000081800000, 0x0000000081800000| Untracked 
|  21|0x0000000081900000, 0x0000000081900000, 0x0000000081a00000|  0%| F|  |TAMS 0x0000000081900000, 0x0000000081900000| Untracked 
|  22|0x0000000081a00000, 0x0000000081a00000, 0x0000000081b00000|  0%| F|  |TAMS 0x0000000081a00000, 0x0000000081a00000| Untracked 
|  23|0x0000000081b00000, 0x0000000081b00000, 0x0000000081c00000|  0%| F|  |TAMS 0x0000000081b00000, 0x0000000081b00000| Untracked 
|  24|0x0000000081c00000, 0x0000000081c00000, 0x0000000081d00000|  0%| F|  |TAMS 0x0000000081c00000, 0x0000000081c00000| Untracked 
|  25|0x0000000081d00000, 0x0000000081d00000, 0x0000000081e00000|  0%| F|  |TAMS 0x0000000081d00000, 0x0000000081d00000| Untracked 
|  26|0x0000000081e00000, 0x0000000081e00000, 0x0000000081f00000|  0%| F|  |TAMS 0x0000000081e00000, 0x0000000081e00000| Untracked 
|  27|0x0000000081f00000, 0x0000000081f00000, 0x0000000082000000|  0%| F|  |TAMS 0x0000000081f00000, 0x0000000081f00000| Untracked 
|  28|0x0000000082000000, 0x0000000082000000, 0x0000000082100000|  0%| F|  |TAMS 0x0000000082000000, 0x0000000082000000| Untracked 
|  29|0x0000000082100000, 0x0000000082100000, 0x0000000082200000|  0%| F|  |TAMS 0x0000000082100000, 0x0000000082100000| Untracked 
|  30|0x0000000082200000, 0x0000000082200000, 0x0000000082300000|  0%| F|  |TAMS 0x0000000082200000, 0x0000000082200000| Untracked 
|  31|0x0000000082300000, 0x0000000082300000, 0x0000000082400000|  0%| F|  |TAMS 0x0000000082300000, 0x0000000082300000| Untracked 
|  32|0x0000000082400000, 0x0000000082400000, 0x0000000082500000|  0%| F|  |TAMS 0x0000000082400000, 0x0000000082400000| Untracked 
|  33|0x0000000082500000, 0x0000000082500000, 0x0000000082600000|  0%| F|  |TAMS 0x0000000082500000, 0x0000000082500000| Untracked 
|  34|0x0000000082600000, 0x0000000082600000, 0x0000000082700000|  0%| F|  |TAMS 0x0000000082600000, 0x0000000082600000| Untracked 
|  35|0x0000000082700000, 0x0000000082700000, 0x0000000082800000|  0%| F|  |TAMS 0x0000000082700000, 0x0000000082700000| Untracked 
|  36|0x0000000082800000, 0x0000000082800000, 0x0000000082900000|  0%| F|  |TAMS 0x0000000082800000, 0x0000000082800000| Untracked 
|  37|0x0000000082900000, 0x0000000082900000, 0x0000000082a00000|  0%| F|  |TAMS 0x0000000082900000, 0x0000000082900000| Untracked 
|  38|0x0000000082a00000, 0x0000000082a00000, 0x0000000082b00000|  0%| F|  |TAMS 0x0000000082a00000, 0x0000000082a00000| Untracked 
|  39|0x0000000082b00000, 0x0000000082b00000, 0x0000000082c00000|  0%| F|  |TAMS 0x0000000082b00000, 0x0000000082b00000| Untracked 
|  40|0x0000000082c00000, 0x0000000082c00000, 0x0000000082d00000|  0%| F|  |TAMS 0x0000000082c00000, 0x0000000082c00000| Untracked 
|  41|0x0000000082d00000, 0x0000000082d00000, 0x0000000082e00000|  0%| F|  |TAMS 0x0000000082d00000, 0x0000000082d00000| Untracked 
|  42|0x0000000082e00000, 0x0000000082e00000, 0x0000000082f00000|  0%| F|  |TAMS 0x0000000082e00000, 0x0000000082e00000| Untracked 
|  43|0x0000000082f00000, 0x0000000082f00000, 0x0000000083000000|  0%| F|  |TAMS 0x0000000082f00000, 0x0000000082f00000| Untracked 
|  44|0x0000000083000000, 0x0000000083000000, 0x0000000083100000|  0%| F|  |TAMS 0x0000000083000000, 0x0000000083000000| Untracked 
|  45|0x0000000083100000, 0x0000000083100000, 0x0000000083200000|  0%| F|  |TAMS 0x0000000083100000, 0x0000000083100000| Untracked 
|  46|0x0000000083200000, 0x0000000083200000, 0x0000000083300000|  0%| F|  |TAMS 0x0000000083200000, 0x0000000083200000| Untracked 
|  47|0x0000000083300000, 0x0000000083300000, 0x0000000083400000|  0%| F|  |TAMS 0x0000000083300000, 0x0000000083300000| Untracked 
|  48|0x0000000083400000, 0x0000000083400000, 0x0000000083500000|  0%| F|  |TAMS 0x0000000083400000, 0x0000000083400000| Untracked 
|  49|0x0000000083500000, 0x0000000083500000, 0x0000000083600000|  0%| F|  |TAMS 0x0000000083500000, 0x0000000083500000| Untracked 
|  50|0x0000000083600000, 0x0000000083600000, 0x0000000083700000|  0%| F|  |TAMS 0x0000000083600000, 0x0000000083600000| Untracked 
|  51|0x0000000083700000, 0x0000000083700000, 0x0000000083800000|  0%| F|  |TAMS 0x0000000083700000, 0x0000000083700000| Untracked 
|  52|0x0000000083800000, 0x0000000083800000, 0x0000000083900000|  0%| F|  |TAMS 0x0000000083800000, 0x0000000083800000| Untracked 
|  53|0x0000000083900000, 0x0000000083900000, 0x0000000083a00000|  0%| F|  |TAMS 0x0000000083900000, 0x0000000083900000| Untracked 
|  54|0x0000000083a00000, 0x0000000083a00000, 0x0000000083b00000|  0%| F|  |TAMS 0x0000000083a00000, 0x0000000083a00000| Untracked 
|  55|0x0000000083b00000, 0x0000000083b00000, 0x0000000083c00000|  0%| F|  |TAMS 0x0000000083b00000, 0x0000000083b00000| Untracked 
|  56|0x0000000083c00000, 0x0000000083c00000, 0x0000000083d00000|  0%| F|  |TAMS 0x0000000083c00000, 0x0000000083c00000| Untracked 
|  57|0x0000000083d00000, 0x0000000083d00000, 0x0000000083e00000|  0%| F|  |TAMS 0x0000000083d00000, 0x0000000083d00000| Untracked 
|  58|0x0000000083e00000, 0x0000000083e00000, 0x0000000083f00000|  0%| F|  |TAMS 0x0000000083e00000, 0x0000000083e00000| Untracked 
|  59|0x0000000083f00000, 0x0000000083f00000, 0x0000000084000000|  0%| F|  |TAMS 0x0000000083f00000, 0x0000000083f00000| Untracked 
|  60|0x0000000084000000, 0x0000000084000000, 0x0000000084100000|  0%| F|  |TAMS 0x0000000084000000, 0x0000000084000000| Untracked 
|  61|0x0000000084100000, 0x0000000084100000, 0x0000000084200000|  0%| F|  |TAMS 0x0000000084100000, 0x0000000084100000| Untracked 
|  62|0x0000000084200000, 0x0000000084200000, 0x0000000084300000|  0%| F|  |TAMS 0x0000000084200000, 0x0000000084200000| Untracked 
|  63|0x0000000084300000, 0x0000000084300000, 0x0000000084400000|  0%| F|  |TAMS 0x0000000084300000, 0x0000000084300000| Untracked 
|  64|0x0000000084400000, 0x0000000084400000, 0x0000000084500000|  0%| F|  |TAMS 0x0000000084400000, 0x0000000084400000| Untracked 
|  65|0x0000000084500000, 0x0000000084500000, 0x0000000084600000|  0%| F|  |TAMS 0x0000000084500000, 0x0000000084500000| Untracked 
|  66|0x0000000084600000, 0x0000000084600000, 0x0000000084700000|  0%| F|  |TAMS 0x0000000084600000, 0x0000000084600000| Untracked 
|  67|0x0000000084700000, 0x0000000084700000, 0x0000000084800000|  0%| F|  |TAMS 0x0000000084700000, 0x0000000084700000| Untracked 
|  68|0x0000000084800000, 0x0000000084800000, 0x0000000084900000|  0%| F|  |TAMS 0x0000000084800000, 0x0000000084800000| Untracked 
|  69|0x0000000084900000, 0x0000000084900000, 0x0000000084a00000|  0%| F|  |TAMS 0x0000000084900000, 0x0000000084900000| Untracked 
|  70|0x0000000084a00000, 0x0000000084a00000, 0x0000000084b00000|  0%| F|  |TAMS 0x0000000084a00000, 0x0000000084a00000| Untracked 
|  71|0x0000000084b00000, 0x0000000084b00000, 0x0000000084c00000|  0%| F|  |TAMS 0x0000000084b00000, 0x0000000084b00000| Untracked 
|  72|0x0000000084c00000, 0x0000000084c00000, 0x0000000084d00000|  0%| F|  |TAMS 0x0000000084c00000, 0x0000000084c00000| Untracked 
|  73|0x0000000084d00000, 0x0000000084d00000, 0x0000000084e00000|  0%| F|  |TAMS 0x0000000084d00000, 0x0000000084d00000| Untracked 
|  74|0x0000000084e00000, 0x0000000084e00000, 0x0000000084f00000|  0%| F|  |TAMS 0x0000000084e00000, 0x0000000084e00000| Untracked 
|  75|0x0000000084f00000, 0x0000000084f00000, 0x0000000085000000|  0%| F|  |TAMS 0x0000000084f00000, 0x0000000084f00000| Untracked 
|  76|0x0000000085000000, 0x0000000085000000, 0x0000000085100000|  0%| F|  |TAMS 0x0000000085000000, 0x0000000085000000| Untracked 
|  77|0x0000000085100000, 0x0000000085100000, 0x0000000085200000|  0%| F|  |TAMS 0x0000000085100000, 0x0000000085100000| Untracked 
|  78|0x0000000085200000, 0x0000000085200000, 0x0000000085300000|  0%| F|  |TAMS 0x0000000085200000, 0x0000000085200000| Untracked 
|  79|0x0000000085300000, 0x0000000085300000, 0x0000000085400000|  0%| F|  |TAMS 0x0000000085300000, 0x0000000085300000| Untracked 
|  80|0x0000000085400000, 0x0000000085400000, 0x0000000085500000|  0%| F|  |TAMS 0x0000000085400000, 0x0000000085400000| Untracked 
|  81|0x0000000085500000, 0x0000000085500000, 0x0000000085600000|  0%| F|  |TAMS 0x0000000085500000, 0x0000000085500000| Untracked 
|  82|0x0000000085600000, 0x0000000085600000, 0x0000000085700000|  0%| F|  |TAMS 0x0000000085600000, 0x0000000085600000| Untracked 
|  83|0x0000000085700000, 0x0000000085700000, 0x0000000085800000|  0%| F|  |TAMS 0x0000000085700000, 0x0000000085700000| Untracked 
|  84|0x0000000085800000, 0x0000000085800000, 0x0000000085900000|  0%| F|  |TAMS 0x0000000085800000, 0x0000000085800000| Untracked 
|  85|0x0000000085900000, 0x0000000085900000, 0x0000000085a00000|  0%| F|  |TAMS 0x0000000085900000, 0x0000000085900000| Untracked 
|  86|0x0000000085a00000, 0x0000000085a00000, 0x0000000085b00000|  0%| F|  |TAMS 0x0000000085a00000, 0x0000000085a00000| Untracked 
|  87|0x0000000085b00000, 0x0000000085b00000, 0x0000000085c00000|  0%| F|  |TAMS 0x0000000085b00000, 0x0000000085b00000| Untracked 
|  88|0x0000000085c00000, 0x0000000085c00000, 0x0000000085d00000|  0%| F|  |TAMS 0x0000000085c00000, 0x0000000085c00000| Untracked 
|  89|0x0000000085d00000, 0x0000000085d00000, 0x0000000085e00000|  0%| F|  |TAMS 0x0000000085d00000, 0x0000000085d00000| Untracked 
|  90|0x0000000085e00000, 0x0000000085e00000, 0x0000000085f00000|  0%| F|  |TAMS 0x0000000085e00000, 0x0000000085e00000| Untracked 
|  91|0x0000000085f00000, 0x0000000085f00000, 0x0000000086000000|  0%| F|  |TAMS 0x0000000085f00000, 0x0000000085f00000| Untracked 
|  92|0x0000000086000000, 0x0000000086000000, 0x0000000086100000|  0%| F|  |TAMS 0x0000000086000000, 0x0000000086000000| Untracked 
|  93|0x0000000086100000, 0x0000000086100000, 0x0000000086200000|  0%| F|  |TAMS 0x0000000086100000, 0x0000000086100000| Untracked 
|  94|0x0000000086200000, 0x0000000086200000, 0x0000000086300000|  0%| F|  |TAMS 0x0000000086200000, 0x0000000086200000| Untracked 
|  95|0x0000000086300000, 0x0000000086300000, 0x0000000086400000|  0%| F|  |TAMS 0x0000000086300000, 0x0000000086300000| Untracked 
|  96|0x0000000086400000, 0x0000000086400000, 0x0000000086500000|  0%| F|  |TAMS 0x0000000086400000, 0x0000000086400000| Untracked 
|  97|0x0000000086500000, 0x0000000086500000, 0x0000000086600000|  0%| F|  |TAMS 0x0000000086500000, 0x0000000086500000| Untracked 
|  98|0x0000000086600000, 0x0000000086600000, 0x0000000086700000|  0%| F|  |TAMS 0x0000000086600000, 0x0000000086600000| Untracked 
|  99|0x0000000086700000, 0x0000000086700000, 0x0000000086800000|  0%| F|  |TAMS 0x0000000086700000, 0x0000000086700000| Untracked 
| 100|0x0000000086800000, 0x0000000086800000, 0x0000000086900000|  0%| F|  |TAMS 0x0000000086800000, 0x0000000086800000| Untracked 
| 101|0x0000000086900000, 0x0000000086900000, 0x0000000086a00000|  0%| F|  |TAMS 0x0000000086900000, 0x0000000086900000| Untracked 
| 102|0x0000000086a00000, 0x0000000086a00000, 0x0000000086b00000|  0%| F|  |TAMS 0x0000000086a00000, 0x0000000086a00000| Untracked 
| 103|0x0000000086b00000, 0x0000000086b00000, 0x0000000086c00000|  0%| F|  |TAMS 0x0000000086b00000, 0x0000000086b00000| Untracked 
| 104|0x0000000086c00000, 0x0000000086c00000, 0x0000000086d00000|  0%| F|  |TAMS 0x0000000086c00000, 0x0000000086c00000| Untracked 
| 105|0x0000000086d00000, 0x0000000086d00000, 0x0000000086e00000|  0%| F|  |TAMS 0x0000000086d00000, 0x0000000086d00000| Untracked 
| 106|0x0000000086e00000, 0x0000000086e00000, 0x0000000086f00000|  0%| F|  |TAMS 0x0000000086e00000, 0x0000000086e00000| Untracked 
| 107|0x0000000086f00000, 0x0000000086f00000, 0x0000000087000000|  0%| F|  |TAMS 0x0000000086f00000, 0x0000000086f00000| Untracked 
| 108|0x0000000087000000, 0x0000000087000000, 0x0000000087100000|  0%| F|  |TAMS 0x0000000087000000, 0x0000000087000000| Untracked 
| 109|0x0000000087100000, 0x0000000087100000, 0x0000000087200000|  0%| F|  |TAMS 0x0000000087100000, 0x0000000087100000| Untracked 
| 110|0x0000000087200000, 0x0000000087200000, 0x0000000087300000|  0%| F|  |TAMS 0x0000000087200000, 0x0000000087200000| Untracked 
| 111|0x0000000087300000, 0x0000000087300000, 0x0000000087400000|  0%| F|  |TAMS 0x0000000087300000, 0x0000000087300000| Untracked 
| 112|0x0000000087400000, 0x0000000087400000, 0x0000000087500000|  0%| F|  |TAMS 0x0000000087400000, 0x0000000087400000| Untracked 
| 113|0x0000000087500000, 0x0000000087500000, 0x0000000087600000|  0%| F|  |TAMS 0x0000000087500000, 0x0000000087500000| Untracked 
| 114|0x0000000087600000, 0x0000000087600000, 0x0000000087700000|  0%| F|  |TAMS 0x0000000087600000, 0x0000000087600000| Untracked 
| 115|0x0000000087700000, 0x0000000087700000, 0x0000000087800000|  0%| F|  |TAMS 0x0000000087700000, 0x0000000087700000| Untracked 
| 116|0x0000000087800000, 0x0000000087800000, 0x0000000087900000|  0%| F|  |TAMS 0x0000000087800000, 0x0000000087800000| Untracked 
| 117|0x0000000087900000, 0x0000000087900000, 0x0000000087a00000|  0%| F|  |TAMS 0x0000000087900000, 0x0000000087900000| Untracked 
| 118|0x0000000087a00000, 0x0000000087a00000, 0x0000000087b00000|  0%| F|  |TAMS 0x0000000087a00000, 0x0000000087a00000| Untracked 
| 119|0x0000000087b00000, 0x0000000087b00000, 0x0000000087c00000|  0%| F|  |TAMS 0x0000000087b00000, 0x0000000087b00000| Untracked 
| 120|0x0000000087c00000, 0x0000000087c00000, 0x0000000087d00000|  0%| F|  |TAMS 0x0000000087c00000, 0x0000000087c00000| Untracked 
| 121|0x0000000087d00000, 0x0000000087d00000, 0x0000000087e00000|  0%| F|  |TAMS 0x0000000087d00000, 0x0000000087d00000| Untracked 
| 122|0x0000000087e00000, 0x0000000087e7aa48, 0x0000000087f00000| 47%| S|CS|TAMS 0x0000000087e00000, 0x0000000087e00000| Complete 
| 123|0x0000000087f00000, 0x0000000088000000, 0x0000000088000000|100%| S|CS|TAMS 0x0000000087f00000, 0x0000000087f00000| Complete 
| 124|0x0000000088000000, 0x0000000088000000, 0x0000000088100000|  0%| F|  |TAMS 0x0000000088000000, 0x0000000088000000| Untracked 
| 125|0x0000000088100000, 0x0000000088100000, 0x0000000088200000|  0%| F|  |TAMS 0x0000000088100000, 0x0000000088100000| Untracked 
| 126|0x0000000088200000, 0x0000000088200000, 0x0000000088300000|  0%| F|  |TAMS 0x0000000088200000, 0x0000000088200000| Untracked 
| 127|0x0000000088300000, 0x0000000088300000, 0x0000000088400000|  0%| F|  |TAMS 0x0000000088300000, 0x0000000088300000| Untracked 

Card table byte_map: [0x00000275cadc0000,0x00000275cb1c0000] _byte_map_base: 0x00000275ca9be000

Marking Bits (Prev, Next): (CMBitMap*) 0x00000275b7459590, (CMBitMap*) 0x00000275b7459558
 Prev Bits: [0x00000275cd5b0000, 0x00000275cf5a0000)
 Next Bits: [0x00000275cb5c0000, 0x00000275cd5b0000)

Polling page: 0x00000275baf20000

Metaspace:

Usage:
  Non-class:     30.50 MB capacity,    30.28 MB (>99%) used,   174.63 KB ( <1%) free+waste,    51.81 KB ( <1%) overhead. 
      Class:      4.43 MB capacity,     4.28 MB ( 97%) used,   133.94 KB (  3%) free+waste,    24.50 KB ( <1%) overhead. 
       Both:     34.94 MB capacity,    34.56 MB ( 99%) used,   308.56 KB ( <1%) free+waste,    76.31 KB ( <1%) overhead. 

Virtual space:
  Non-class space:       32.00 MB reserved,      30.58 MB ( 96%) committed 
      Class space:        1.00 GB reserved,       4.50 MB ( <1%) committed 
             Both:        1.03 GB reserved,      35.08 MB (  3%) committed 

Chunk freelists:
   Non-Class:  43.00 KB
       Class:  6.00 KB
        Both:  49.00 KB

MaxMetaspaceSize: 17179869184.00 GB
CompressedClassSpaceSize: 1.00 GB

CodeHeap 'non-profiled nmethods': size=120000Kb used=978Kb max_used=978Kb free=119021Kb
 bounds [0x00000275c2a10000, 0x00000275c2c80000, 0x00000275c9f40000]
CodeHeap 'profiled nmethods': size=120000Kb used=4633Kb max_used=4633Kb free=115366Kb
 bounds [0x00000275bb4e0000, 0x00000275bb970000, 0x00000275c2a10000]
CodeHeap 'non-nmethods': size=5760Kb used=1173Kb max_used=1227Kb free=4586Kb
 bounds [0x00000275baf40000, 0x00000275bb1b0000, 0x00000275bb4e0000]
 total_blobs=2969 nmethods=2453 adapters=428
 compilation: enabled
              stopped_count=0, restarted_count=0
 full_count=0

Compilation events (20 events):
Event: 2.877 Thread 0x00000275d209e800 2447       3       org.jetbrains.kotlin.metadata.ProtoBuf$TypeTable::getType (14 bytes)
Event: 2.878 Thread 0x00000275d209e800 nmethod 2447 0x00000275bb964010 code [0x00000275bb9641e0, 0x00000275bb964488]
Event: 2.878 Thread 0x00000275d209e800 2448       3       org.jetbrains.kotlin.metadata.ProtoBuf$Type::hasFlexibleUpperBound (16 bytes)
Event: 2.878 Thread 0x00000275d209e800 nmethod 2448 0x00000275bb964590 code [0x00000275bb964740, 0x00000275bb964898]
Event: 2.878 Thread 0x00000275d209e800 2449       3       org.jetbrains.kotlin.metadata.ProtoBuf$Type::hasOuterType (20 bytes)
Event: 2.878 Thread 0x00000275d209e800 nmethod 2449 0x00000275bb964910 code [0x00000275bb964ac0, 0x00000275bb964c38]
Event: 2.878 Thread 0x00000275d209e800 2450       3       org.jetbrains.kotlin.metadata.ProtoBuf$Type::hasAbbreviatedType (20 bytes)
Event: 2.878 Thread 0x00000275d209e800 nmethod 2450 0x00000275bb964d10 code [0x00000275bb964ec0, 0x00000275bb965038]
Event: 2.878 Thread 0x00000275d209e800 2443       3       org.jetbrains.kotlin.metadata.ProtoBuf$Type$1::parsePartialFrom (7 bytes)
Event: 2.878 Thread 0x00000275d209e800 nmethod 2443 0x00000275bb965110 code [0x00000275bb9652e0, 0x00000275bb965548]
Event: 2.878 Thread 0x00000275d209e800 2444       3       org.jetbrains.kotlin.metadata.ProtoBuf$Type$1::parsePartialFrom (11 bytes)
Event: 2.878 Thread 0x00000275d209e800 nmethod 2444 0x00000275bb965690 code [0x00000275bb965860, 0x00000275bb965a68]
Event: 2.878 Thread 0x00000275d209e800 2445       3       org.jetbrains.kotlin.metadata.ProtoBuf$Type::<init> (7 bytes)
Event: 2.878 Thread 0x00000275d209e800 nmethod 2445 0x00000275bb965b90 code [0x00000275bb965d40, 0x00000275bb965e68]
Event: 2.878 Thread 0x00000275d209e800 2441       3       org.jetbrains.kotlin.protobuf.SmallSortedMap$Entry::getKey (5 bytes)
Event: 2.878 Thread 0x00000275d209e800 nmethod 2441 0x00000275bb965f10 code [0x00000275bb9660c0, 0x00000275bb9661d8]
Event: 2.878 Thread 0x00000275d209e800 2453       1       org.jetbrains.kotlin.metadata.jvm.JvmModuleProtoBuf$PackageParts::getShortClassNameList (5 bytes)
Event: 2.878 Thread 0x00000275d209e800 nmethod 2453 0x00000275c2b04890 code [0x00000275c2b04a40, 0x00000275c2b04af8]
Event: 2.886 Thread 0x00000275d209e800 2454       3       java.util.regex.Pattern$Node::<init> (12 bytes)
Event: 2.886 Thread 0x00000275d209e800 nmethod 2454 0x00000275bb966290 code [0x00000275bb966440, 0x00000275bb9665f8]

GC Heap History (9 events):
Event: 0.740 GC heap before
{Heap before GC invocations=0 (full 0):
 garbage-first heap   total 131072K, used 27648K [0x0000000080400000, 0x0000000100000000)
  region size 1024K, 24 young (24576K), 0 survivors (0K)
 Metaspace       used 12354K, capacity 12504K, committed 12800K, reserved 1060864K
  class space    used 1164K, capacity 1207K, committed 1280K, reserved 1048576K
}
Event: 0.745 GC heap after
{Heap after GC invocations=1 (full 0):
 garbage-first heap   total 131072K, used 5929K [0x0000000080400000, 0x0000000100000000)
  region size 1024K, 3 young (3072K), 3 survivors (3072K)
 Metaspace       used 12354K, capacity 12504K, committed 12800K, reserved 1060864K
  class space    used 1164K, capacity 1207K, committed 1280K, reserved 1048576K
}
Event: 1.510 GC heap before
{Heap before GC invocations=1 (full 0):
 garbage-first heap   total 131072K, used 41769K [0x0000000080400000, 0x0000000100000000)
  region size 1024K, 39 young (39936K), 3 survivors (3072K)
 Metaspace       used 20858K, capacity 21087K, committed 21296K, reserved 1069056K
  class space    used 2218K, capacity 2312K, committed 2432K, reserved 1048576K
}
Event: 1.525 GC heap after
{Heap after GC invocations=2 (full 0):
 garbage-first heap   total 131072K, used 9315K [0x0000000080400000, 0x0000000100000000)
  region size 1024K, 7 young (7168K), 7 survivors (7168K)
 Metaspace       used 20858K, capacity 21087K, committed 21296K, reserved 1069056K
  class space    used 2218K, capacity 2312K, committed 2432K, reserved 1048576K
}
Event: 2.586 GC heap before
{Heap before GC invocations=3 (full 0):
 garbage-first heap   total 131072K, used 63587K [0x0000000080400000, 0x0000000100000000)
  region size 1024K, 55 young (56320K), 7 survivors (7168K)
 Metaspace       used 32381K, capacity 32820K, committed 33072K, reserved 1079296K
  class space    used 4053K, capacity 4214K, committed 4224K, reserved 1048576K
}
Event: 2.610 GC heap after
{Heap after GC invocations=4 (full 0):
 garbage-first heap   total 131072K, used 20486K [0x0000000080400000, 0x0000000100000000)
  region size 1024K, 7 young (7168K), 7 survivors (7168K)
 Metaspace       used 32381K, capacity 32820K, committed 33072K, reserved 1079296K
  class space    used 4053K, capacity 4214K, committed 4224K, reserved 1048576K
}
Event: 2.832 GC heap before
{Heap before GC invocations=4 (full 0):
 garbage-first heap   total 131072K, used 31750K [0x0000000080400000, 0x0000000100000000)
  region size 1024K, 18 young (18432K), 7 survivors (7168K)
 Metaspace       used 34532K, capacity 34975K, committed 35120K, reserved 1079296K
  class space    used 4281K, capacity 4442K, committed 4480K, reserved 1048576K
}
Event: 2.848 GC heap after
{Heap after GC invocations=5 (full 0):
 garbage-first heap   total 131072K, used 20398K [0x0000000080400000, 0x0000000100000000)
  region size 1024K, 2 young (2048K), 2 survivors (2048K)
 Metaspace       used 34532K, capacity 34975K, committed 35120K, reserved 1079296K
  class space    used 4281K, capacity 4442K, committed 4480K, reserved 1048576K
}
Event: 2.912 GC heap before
{Heap before GC invocations=5 (full 0):
 garbage-first heap   total 131072K, used 23470K [0x0000000080400000, 0x0000000100000000)
  region size 1024K, 6 young (6144K), 2 survivors (2048K)
 Metaspace       used 35390K, capacity 35775K, committed 35920K, reserved 1081344K
  class space    used 4379K, capacity 4538K, committed 4608K, reserved 1048576K
}

Deoptimization events (20 events):
Event: 2.797 Thread 0x00000275b7418000 Uncommon trap: trap_request=0xffffffde fr.pc=0x00000275c2abfb90 relative=0x0000000000000070
Event: 2.797 Thread 0x00000275b7418000 Uncommon trap: reason=class_check action=maybe_recompile pc=0x00000275c2abfb90 method=java.util.AbstractList$Itr.hasNext()Z @ 8 c2
Event: 2.797 Thread 0x00000275b7418000 DEOPT PACKING pc=0x00000275c2abfb90 sp=0x000000ff9d4fdc20
Event: 2.797 Thread 0x00000275b7418000 DEOPT UNPACKING pc=0x00000275baf6662f sp=0x000000ff9d4fdbb8 mode 2
Event: 2.798 Thread 0x00000275b7418000 Uncommon trap: trap_request=0xffffffde fr.pc=0x00000275c2abfb90 relative=0x0000000000000070
Event: 2.798 Thread 0x00000275b7418000 Uncommon trap: reason=class_check action=maybe_recompile pc=0x00000275c2abfb90 method=java.util.AbstractList$Itr.hasNext()Z @ 8 c2
Event: 2.798 Thread 0x00000275b7418000 DEOPT PACKING pc=0x00000275c2abfb90 sp=0x000000ff9d4fdc20
Event: 2.798 Thread 0x00000275b7418000 DEOPT UNPACKING pc=0x00000275baf6662f sp=0x000000ff9d4fdbb8 mode 2
Event: 2.798 Thread 0x00000275b7418000 Uncommon trap: trap_request=0xffffffde fr.pc=0x00000275c2ad7e14 relative=0x00000000000000d4
Event: 2.798 Thread 0x00000275b7418000 Uncommon trap: reason=class_check action=maybe_recompile pc=0x00000275c2ad7e14 method=java.util.AbstractList$Itr.next()Ljava/lang/Object; @ 14 c2
Event: 2.798 Thread 0x00000275b7418000 DEOPT PACKING pc=0x00000275c2ad7e14 sp=0x000000ff9d4fdbb0
Event: 2.798 Thread 0x00000275b7418000 DEOPT UNPACKING pc=0x00000275baf6662f sp=0x000000ff9d4fdb48 mode 2
Event: 2.798 Thread 0x00000275b7418000 Uncommon trap: trap_request=0xffffffde fr.pc=0x00000275c2ad7e14 relative=0x00000000000000d4
Event: 2.798 Thread 0x00000275b7418000 Uncommon trap: reason=class_check action=maybe_recompile pc=0x00000275c2ad7e14 method=java.util.AbstractList$Itr.next()Ljava/lang/Object; @ 14 c2
Event: 2.798 Thread 0x00000275b7418000 DEOPT PACKING pc=0x00000275c2ad7e14 sp=0x000000ff9d4fdbb0
Event: 2.798 Thread 0x00000275b7418000 DEOPT UNPACKING pc=0x00000275baf6662f sp=0x000000ff9d4fdb48 mode 2
Event: 2.800 Thread 0x00000275b7418000 Uncommon trap: trap_request=0xffffffde fr.pc=0x00000275c2ad7e14 relative=0x00000000000000d4
Event: 2.800 Thread 0x00000275b7418000 Uncommon trap: reason=class_check action=maybe_recompile pc=0x00000275c2ad7e14 method=java.util.AbstractList$Itr.next()Ljava/lang/Object; @ 14 c2
Event: 2.800 Thread 0x00000275b7418000 DEOPT PACKING pc=0x00000275c2ad7e14 sp=0x000000ff9d4fdbb0
Event: 2.800 Thread 0x00000275b7418000 DEOPT UNPACKING pc=0x00000275baf6662f sp=0x000000ff9d4fdb48 mode 2

Classes redefined (0 events):
No events

Internal exceptions (20 events):
Event: 1.479 Thread 0x00000275b7418000 Exception <a 'java/lang/NoSuchMethodError'{0x0000000085f2d668}: 'long java.lang.invoke.DirectMethodHandle$Holder.invokeStaticInit(java.lang.Object)'> (0x0000000085f2d668) thrown at [./src/hotspot/share/interpreter/linkResolver.cpp, line 773]
Event: 1.560 Thread 0x00000275b7418000 Exception <a 'java/lang/NoSuchMethodError'{0x00000000882b26a8}: 'int java.lang.invoke.DirectMethodHandle$Holder.invokeStaticInit(java.lang.Object, java.lang.Object, java.lang.Object)'> (0x00000000882b26a8) thrown at [./src/hotspot/share/interpreter/linkResolver.cpp, line 773]
Event: 1.564 Thread 0x00000275b7418000 Exception <a 'java/lang/NoSuchMethodError'{0x00000000882de008}: 'int java.lang.invoke.DirectMethodHandle$Holder.invokeStaticInit(java.lang.Object, java.lang.Object)'> (0x00000000882de008) thrown at [./src/hotspot/share/interpreter/linkResolver.cpp, line 773]
Event: 1.619 Thread 0x00000275b7418000 Exception <a 'java/lang/NoSuchMethodError'{0x00000000880f0fb0}: 'void java.lang.invoke.DirectMethodHandle$Holder.invokeSpecial(java.lang.Object, java.lang.Object)'> (0x00000000880f0fb0) thrown at [./src/hotspot/share/interpreter/linkResolver.cpp, line 773]
Event: 1.818 Thread 0x00000275b7418000 Exception <a 'java/lang/NoSuchMethodError'{0x0000000087716ff8}: 'java.lang.Object java.lang.invoke.DirectMethodHandle$Holder.invokeStatic(java.lang.Object, java.lang.Object, java.lang.Object, java.lang.Object, java.lang.Object, java.lang.Object, java.lang.Object, java.lang.Object, java.lang.Object, java.lang.Object, java.lang.Object, java.lang.Object, java.lang.Object, java.lang.Object, java.lang.Object)'> (0x0000000087716ff8) thrown at [./src/hotspot/share/interpreter/linkResolver.cpp, line 773]
Event: 1.819 Thread 0x00000275b7418000 Exception <a 'java/lang/NoSuchMethodError'{0x0000000087725000}: 'java.lang.Object java.lang.invoke.DirectMethodHandle$Holder.invokeStatic(java.lang.Object, java.lang.Object, java.lang.Object, java.lang.Object, java.lang.Object, java.lang.Object, java.lang.Object, java.lang.Object, java.lang.Object, java.lang.Object, java.lang.Object, java.lang.Object, java.lang.Object, java.lang.Object, java.lang.Object, java.lang.Object)'> (0x0000000087725000) thrown at [./src/hotspot/share/interpreter/linkResolver.cpp, l
Event: 1.821 Thread 0x00000275b7418000 Exception <a 'java/lang/NoSuchMethodError'{0x0000000087732f18}: 'java.lang.Object java.lang.invoke.DirectMethodHandle$Holder.invokeSpecial(java.lang.Object, java.lang.Object, int, int, java.lang.Object, java.lang.Object, java.lang.Object)'> (0x0000000087732f18) thrown at [./src/hotspot/share/interpreter/linkResolver.cpp, line 773]
Event: 1.821 Thread 0x00000275b7418000 Exception <a 'java/lang/NoSuchMethodError'{0x0000000087736750}: 'java.lang.Object java.lang.invoke.DelegatingMethodHandle$Holder.reinvoke_L(java.lang.Object, int, int, java.lang.Object, java.lang.Object, java.lang.Object)'> (0x0000000087736750) thrown at [./src/hotspot/share/interpreter/linkResolver.cpp, line 773]
Event: 1.821 Thread 0x00000275b7418000 Exception <a 'java/lang/NoSuchMethodError'{0x000000008773aad8}: 'java.lang.Object java.lang.invoke.DirectMethodHandle$Holder.invokeStatic(java.lang.Object, java.lang.Object, java.lang.Object, java.lang.Object, int)'> (0x000000008773aad8) thrown at [./src/hotspot/share/interpreter/linkResolver.cpp, line 773]
Event: 1.869 Thread 0x00000275b7418000 Exception <a 'sun/nio/fs/WindowsException'{0x000000008767a5f8}> (0x000000008767a5f8) thrown at [./src/hotspot/share/prims/jni.cpp, line 615]
Event: 1.869 Thread 0x00000275b7418000 Exception <a 'sun/nio/fs/WindowsException'{0x000000008767ae80}> (0x000000008767ae80) thrown at [./src/hotspot/share/prims/jni.cpp, line 615]
Event: 1.869 Thread 0x00000275b7418000 Exception <a 'sun/nio/fs/WindowsException'{0x000000008767b718}> (0x000000008767b718) thrown at [./src/hotspot/share/prims/jni.cpp, line 615]
Event: 1.869 Thread 0x00000275b7418000 Exception <a 'sun/nio/fs/WindowsException'{0x000000008767c118}> (0x000000008767c118) thrown at [./src/hotspot/share/prims/jni.cpp, line 615]
Event: 1.869 Thread 0x00000275b7418000 Exception <a 'sun/nio/fs/WindowsException'{0x000000008767ca20}> (0x000000008767ca20) thrown at [./src/hotspot/share/prims/jni.cpp, line 615]
Event: 1.870 Thread 0x00000275b7418000 Exception <a 'sun/nio/fs/WindowsException'{0x000000008767d358}> (0x000000008767d358) thrown at [./src/hotspot/share/prims/jni.cpp, line 615]
Event: 1.872 Thread 0x00000275b7418000 Exception <a 'java/lang/NoSuchMethodError'{0x0000000087683e48}: 'void java.lang.invoke.DirectMethodHandle$Holder.invokeStatic(java.lang.Object, java.lang.Object, java.lang.Object, java.lang.Object)'> (0x0000000087683e48) thrown at [./src/hotspot/share/interpreter/linkResolver.cpp, line 773]
Event: 1.936 Thread 0x00000275b7418000 Exception <a 'java/lang/NoSuchMethodError'{0x0000000087263998}: 'void java.lang.invoke.DirectMethodHandle$Holder.invokeStaticInit(java.lang.Object, java.lang.Object)'> (0x0000000087263998) thrown at [./src/hotspot/share/interpreter/linkResolver.cpp, line 773]
Event: 2.017 Thread 0x00000275b7418000 Exception <a 'java/lang/NoSuchMethodError'{0x0000000086e860a0}: 'void java.lang.invoke.DirectMethodHandle$Holder.invokeVirtual(java.lang.Object, java.lang.Object)'> (0x0000000086e860a0) thrown at [./src/hotspot/share/interpreter/linkResolver.cpp, line 773]
Event: 2.026 Thread 0x00000275b7418000 Exception <a 'java/lang/NoSuchMethodError'{0x0000000086ef7b60}: 'int java.lang.invoke.DirectMethodHandle$Holder.invokeVirtual(java.lang.Object, java.lang.Object)'> (0x0000000086ef7b60) thrown at [./src/hotspot/share/interpreter/linkResolver.cpp, line 773]
Event: 2.782 Thread 0x00000275b7418000 Exception <a 'java/lang/NoSuchMethodError'{0x0000000087ba4e30}: 'java.lang.Object java.lang.invoke.DirectMethodHandle$Holder.invokeVirtual(java.lang.Object, java.lang.Object, java.lang.Object)'> (0x0000000087ba4e30) thrown at [./src/hotspot/share/interpreter/linkResolver.cpp, line 773]

Events (20 events):
Event: 2.908 loading class org/jetbrains/kotlin/resolve/calls/checkers/NewSchemeOfIntegerOperatorResolutionChecker done
Event: 2.909 loading class org/jetbrains/kotlin/utils/StringsKt
Event: 2.909 loading class org/jetbrains/kotlin/utils/StringsKt done
Event: 2.909 loading class org/jetbrains/kotlin/resolve/calls/checkers/EnumEntryVsCompanionPriorityCallChecker
Event: 2.909 loading class org/jetbrains/kotlin/resolve/calls/checkers/EnumEntryVsCompanionPriorityCallChecker done
Event: 2.909 loading class org/jetbrains/kotlin/resolve/calls/checkers/CompanionInParenthesesLHSCallChecker
Event: 2.909 loading class org/jetbrains/kotlin/resolve/calls/checkers/CompanionInParenthesesLHSCallChecker done
Event: 2.910 loading class org/jetbrains/kotlin/resolve/checkers/DeprecatedClassifierUsageChecker
Event: 2.910 loading class org/jetbrains/kotlin/resolve/checkers/DeprecatedClassifierUsageChecker done
Event: 2.910 loading class org/jetbrains/kotlin/resolve/checkers/ApiVersionClassifierUsageChecker
Event: 2.910 loading class org/jetbrains/kotlin/resolve/checkers/ApiVersionClassifierUsageChecker done
Event: 2.911 loading class org/jetbrains/kotlin/resolve/checkers/MissingDependencyClassChecker$ClassifierUsage
Event: 2.911 loading class org/jetbrains/kotlin/resolve/checkers/MissingDependencyClassChecker$ClassifierUsage done
Event: 2.911 loading class org/jetbrains/kotlin/resolve/checkers/OptionalExpectationUsageChecker
Event: 2.911 loading class org/jetbrains/kotlin/resolve/checkers/OptionalExpectationUsageChecker done
Event: 2.911 loading class org/jetbrains/kotlin/resolve/IdentifierCheckerClashesResolver
Event: 2.911 loading class org/jetbrains/kotlin/resolve/IdentifierCheckerClashesResolver done
Event: 2.911 loading class org/jetbrains/kotlin/resolve/calls/results/TypeSpecificityComparator$NONE
Event: 2.911 loading class org/jetbrains/kotlin/resolve/calls/results/TypeSpecificityComparator$NONE done
Event: 2.911 Executing VM operation: CollectForMetadataAllocation


Dynamic libraries:
0x00007ff6477a0000 - 0x00007ff6477aa000 	C:\Program Files\Android\Android Studio\jre\bin\java.exe
0x00007ffa8a0d0000 - 0x00007ffa8a2c8000 	C:\WINDOWS\SYSTEM32\ntdll.dll
0x00007ffa89550000 - 0x00007ffa8960d000 	C:\WINDOWS\System32\KERNEL32.DLL
0x00007ffa87de0000 - 0x00007ffa880ae000 	C:\WINDOWS\System32\KERNELBASE.dll
0x00007ffa87ae0000 - 0x00007ffa87be0000 	C:\WINDOWS\System32\ucrtbase.dll
0x00007ffa71590000 - 0x00007ffa715a9000 	C:\Program Files\Android\Android Studio\jre\bin\jli.dll
0x00007ffa711c0000 - 0x00007ffa711d7000 	C:\Program Files\Android\Android Studio\jre\bin\VCRUNTIME140.dll
0x00007ffa89b70000 - 0x00007ffa89d10000 	C:\WINDOWS\System32\USER32.dll
0x00007ffa87ab0000 - 0x00007ffa87ad2000 	C:\WINDOWS\System32\win32u.dll
0x00007ffa89f30000 - 0x00007ffa89f5a000 	C:\WINDOWS\System32\GDI32.dll
0x00007ffa878a0000 - 0x00007ffa879ab000 	C:\WINDOWS\System32\gdi32full.dll
0x00007ffa72560000 - 0x00007ffa727fa000 	C:\WINDOWS\WinSxS\amd64_microsoft.windows.common-controls_6595b64144ccf1df_6.0.19041.1110_none_60b5254171f9507e\COMCTL32.dll
0x00007ffa87d40000 - 0x00007ffa87ddd000 	C:\WINDOWS\System32\msvcp_win.dll
0x00007ffa88a80000 - 0x00007ffa88b1e000 	C:\WINDOWS\System32\msvcrt.dll
0x00007ffa884a0000 - 0x00007ffa884d0000 	C:\WINDOWS\System32\IMM32.DLL
0x00007ffa6fef0000 - 0x00007ffa6ff8d000 	C:\Program Files\Android\Android Studio\jre\bin\msvcp140.dll
0x00007ffa66cf0000 - 0x00007ffa677c5000 	C:\Program Files\Android\Android Studio\jre\bin\server\jvm.dll
0x00007ffa89d10000 - 0x00007ffa89dbe000 	C:\WINDOWS\System32\ADVAPI32.dll
0x00007ffa896c0000 - 0x00007ffa8975c000 	C:\WINDOWS\System32\sechost.dll
0x00007ffa88950000 - 0x00007ffa88a75000 	C:\WINDOWS\System32\RPCRT4.dll
0x00007ffa89ea0000 - 0x00007ffa89ea8000 	C:\WINDOWS\System32\PSAPI.DLL
0x00007ffa70ee0000 - 0x00007ffa70ee9000 	C:\WINDOWS\SYSTEM32\WSOCK32.dll
0x00007ffa7c170000 - 0x00007ffa7c197000 	C:\WINDOWS\SYSTEM32\WINMM.dll
0x00007ffa899d0000 - 0x00007ffa89a3b000 	C:\WINDOWS\System32\WS2_32.dll
0x00007ffa81dc0000 - 0x00007ffa81dca000 	C:\WINDOWS\SYSTEM32\VERSION.dll
0x00007ffa85710000 - 0x00007ffa85722000 	C:\WINDOWS\SYSTEM32\kernel.appcore.dll
0x00007ffa66cd0000 - 0x00007ffa66ce1000 	C:\Program Files\Android\Android Studio\jre\bin\verify.dll
0x00007ffa72d00000 - 0x00007ffa72ee4000 	C:\WINDOWS\SYSTEM32\DBGHELP.DLL
0x00007ffa72be0000 - 0x00007ffa72c0c000 	C:\WINDOWS\SYSTEM32\dbgcore.DLL
0x00007ffa87a20000 - 0x00007ffa87aa2000 	C:\WINDOWS\System32\bcryptPrimitives.dll
0x00007ffa66ca0000 - 0x00007ffa66cc9000 	C:\Program Files\Android\Android Studio\jre\bin\java.dll
0x00007ffa704d0000 - 0x00007ffa704db000 	C:\Program Files\Android\Android Studio\jre\bin\jimage.dll
0x00007ffa66c80000 - 0x00007ffa66c98000 	C:\Program Files\Android\Android Studio\jre\bin\zip.dll
0x00007ffa88d50000 - 0x00007ffa89494000 	C:\WINDOWS\System32\SHELL32.dll
0x00007ffa85910000 - 0x00007ffa860a4000 	C:\WINDOWS\SYSTEM32\windows.storage.dll
0x00007ffa88140000 - 0x00007ffa88494000 	C:\WINDOWS\System32\combase.dll
0x00007ffa87180000 - 0x00007ffa871b0000 	C:\WINDOWS\SYSTEM32\Wldp.dll
0x00007ffa894a0000 - 0x00007ffa8954d000 	C:\WINDOWS\System32\SHCORE.dll
0x00007ffa89a40000 - 0x00007ffa89a95000 	C:\WINDOWS\System32\shlwapi.dll
0x00007ffa87730000 - 0x00007ffa8774f000 	C:\WINDOWS\SYSTEM32\profapi.dll
0x00007ffa66c60000 - 0x00007ffa66c7a000 	C:\Program Files\Android\Android Studio\jre\bin\net.dll
0x00007ffa813a0000 - 0x00007ffa814aa000 	C:\WINDOWS\SYSTEM32\WINHTTP.dll
0x00007ffa86ee0000 - 0x00007ffa86f4a000 	C:\WINDOWS\system32\mswsock.dll
0x00007ffa66c40000 - 0x00007ffa66c54000 	C:\Program Files\Android\Android Studio\jre\bin\nio.dll

dbghelp: loaded successfully - version: 4.0.5 - missing functions: none
symbol engine: initialized successfully - sym options: 0x614 - pdb path: .;C:\Program Files\Android\Android Studio\jre\bin;C:\WINDOWS\SYSTEM32;C:\WINDOWS\WinSxS\amd64_microsoft.windows.common-controls_6595b64144ccf1df_6.0.19041.1110_none_60b5254171f9507e;C:\Program Files\Android\Android Studio\jre\bin\server

VM Arguments:
java_command: org.jetbrains.kotlin.cli.jvm.K2JVMCompiler @C:\Users\JULIETH\AndroidStudioProjects\BlueTV\app\build\20220823_274297898855146271.compiler.options
java_class_path (initial): C:\Users\JULIETH\.gradle\caches\modules-2\files-2.1\org.jetbrains.kotlin\kotlin-compiler-embeddable\1.6.10\88f2073f4020cdb83132cfe940ceb9a60aba54ea\kotlin-compiler-embeddable-1.6.10.jar;C:\Users\JULIETH\.gradle\caches\modules-2\files-2.1\org.jetbrains.kotlin\kotlin-reflect\1.6.10\1cbe9c92c12a94eea200d23c2bbaedaf3daf5132\kotlin-reflect-1.6.10.jar;C:\Users\JULIETH\.gradle\caches\modules-2\files-2.1\org.jetbrains.kotlin\kotlin-stdlib\1.6.10\b8af3fe6f1ca88526914929add63cf5e7c5049af\kotlin-stdlib-1.6.10.jar;C:\Users\JULIETH\.gradle\caches\modules-2\files-2.1\org.jetbrains.kotlin\kotlin-script-runtime\1.6.10\d0a7ff2e2500ef497ed0214ae40ad3c8387a6164\kotlin-script-runtime-1.6.10.jar;C:\Users\JULIETH\.gradle\caches\modules-2\files-2.1\org.jetbrains.kotlin\kotlin-daemon-embeddable\1.6.10\a56d79bcbea411fa6058e4ecffc2de73e742bd2a\kotlin-daemon-embeddable-1.6.10.jar;C:\Users\JULIETH\.gradle\caches\modules-2\files-2.1\org.jetbrains.intellij.deps\trove4j\1.0.20181211\216c2e14b070f334479d800987affe4054cd563f\trove4j-1.0.20181211.jar;C:\Users\JULIETH\.gradle\caches\modules-2\files-2.1\net.java.dev.jna\jna\5.6.0\330f2244e9030119ab3030fc3fededc86713d9cc\jna-5.6.0.jar;C:\Users\JULIETH\.gradle\caches\modules-2\files-2.1\org.jetbrains\annotations\13.0\919f0dfe192fb4e063e7dacadee7f8bb9a2672a9\annotations-13.0.jar;C:\Users\JULIETH\.gradle\caches\modules-2\files-2.1\org.jetbrains.kotlin\kotlin-stdlib-common\1.6.10\c118700e3a33c8a0d9adc920e9dec0831171925\kotlin-stdlib-common-1.6.10.jar
Launcher Type: SUN_STANDARD

[Global flags]
     intx CICompilerCount                          = 4                                         {product} {ergonomic}
     uint ConcGCThreads                            = 2                                         {product} {ergonomic}
     uint G1ConcRefinementThreads                  = 8                                         {product} {ergonomic}
   size_t G1HeapRegionSize                         = 1048576                                   {product} {ergonomic}
    uintx GCDrainStackTargetSize                   = 64                                        {product} {ergonomic}
   size_t InitialHeapSize                          = 134217728                                 {product} {ergonomic}
   size_t MarkStackSize                            = 4194304                                   {product} {ergonomic}
   size_t MaxHeapSize                              = 2143289344                                {product} {ergonomic}
   size_t MaxNewSize                               = 1285554176                                {product} {ergonomic}
   size_t MinHeapDeltaBytes                        = 1048576                                   {product} {ergonomic}
    uintx NonNMethodCodeHeapSize                   = 5836300                                {pd product} {ergonomic}
    uintx NonProfiledCodeHeapSize                  = 122910970                              {pd product} {ergonomic}
    uintx ProfiledCodeHeapSize                     = 122910970                              {pd product} {ergonomic}
    uintx ReservedCodeCacheSize                    = 251658240                              {pd product} {ergonomic}
     bool SegmentedCodeCache                       = true                                      {product} {ergonomic}
     bool UseCompressedClassPointers               = true                                 {lp64_product} {ergonomic}
     bool UseCompressedOops                        = true                                 {lp64_product} {ergonomic}
     bool UseG1GC                                  = true                                      {product} {ergonomic}
     bool UseLargePagesIndividualAllocation        = false                                  {pd product} {ergonomic}

Logging:
Log output configuration:
 #0: stdout all=warning uptime,level,tags
 #1: stderr all=off uptime,level,tags

Environment Variables:
PATH=C:\WINDOWS\system32;C:\WINDOWS;C:\WINDOWS\System32\Wbem;C:\WINDOWS\System32\WindowsPowerShell\v1.0\;C:\WINDOWS\System32\OpenSSH\;C:\Program Files\dotnet\;C:\Program Files\Git\cmd;C:\Program Files\nodejs\;C:\Users\JULIETH\AppData\Local\Microsoft\WindowsApps;C:\Users\JULIETH\AppData\Local\GitHubDesktop\bin;C:\Users\JULIETH\AppData\Local\Programs\Microsoft VS Code\bin;C:\Users\JULIETH\AppData\Roaming\npm
USERNAME=JULIETH
OS=Windows_NT
PROCESSOR_IDENTIFIER=AMD64 Family 21 Model 2 Stepping 0, AuthenticAMD



---------------  S Y S T E M  ---------------

OS: Windows 10 , 64 bit Build 19041 (10.0.19041.1889)
OS uptime: 0 days 0:24 hours

CPU:total 8 (initial active 8) (8 cores per cpu, 1 threads per core) family 21 model 2 stepping 0 microcode 0x0, cmov, cx8, fxsr, mmx, sse, sse2, sse3, ssse3, sse4.1, sse4.2, popcnt, avx, aes, clmul, mmxext, 3dnowpref, lzcnt, sse4a, tsc, tscinvbit, tscinv, bmi1, fma

Memory: 4k page, system-wide physical 8168M (1404M free)
TotalPageFile size 8184M (AvailPageFile size 21M)
current process WorkingSet (physical memory assigned to process): 194M, peak: 194M
current process commit charge ("private bytes"): 279M, peak: 306M

vm_info: OpenJDK 64-Bit Server VM (11.0.11+9-b60-7590822) for windows-amd64 JRE (11.0.11+9-b60-7590822), built on Jul 29 2021 21:43:44 by "builder" with MS VC++ 14.0 (VS2015)

END.
