#
# There is insufficient memory for the Java Runtime Environment to continue.
# Native memory allocation (malloc) failed to allocate 443456 bytes for Chunk::new
# Possible reasons:
#   The system is out of physical RAM or swap space
#   The process is running with CompressedOops enabled, and the Java Heap may be blocking the growth of the native heap
# Possible solutions:
#   Reduce memory load on the system
#   Increase physical memory or swap space
#   Check if swap backing store is full
#   Decrease Java heap size (-Xmx/-Xms)
#   Decrease number of Java threads
#   Decrease Java thread stack sizes (-Xss)
#   Set larger code cache with -XX:ReservedCodeCacheSize=
#   JVM is running with Unscaled Compressed Oops mode in which the Java heap is
#     placed in the first 4GB address space. The Java Heap base address is the
#     maximum limit for the native heap growth. Please use -XX:HeapBaseMinAddress
#     to set the Java Heap base and to place the Java Heap above 4GB virtual address.
# This output file may be truncated or incomplete.
#
#  Out of Memory Error (./src/hotspot/share/memory/arena.cpp:197), pid=4508, tid=2232
#
# JRE version: OpenJDK Runtime Environment (11.0.11+9) (build 11.0.11+9-b60-7590822)
# Java VM: OpenJDK 64-Bit Server VM (11.0.11+9-b60-7590822, mixed mode, tiered, compressed oops, g1 gc, windows-amd64)
# No core dump will be written. Minidumps are not enabled by default on client versions of Windows
#

---------------  S U M M A R Y ------------

Command Line: --add-opens=java.base/java.util=ALL-UNNAMED --add-opens=java.base/java.lang=ALL-UNNAMED --add-opens=java.base/java.lang.invoke=ALL-UNNAMED --add-opens=java.base/java.util=ALL-UNNAMED --add-opens=java.prefs/java.util.prefs=ALL-UNNAMED --add-opens=java.prefs/java.util.prefs=ALL-UNNAMED --add-opens=java.base/java.nio.charset=ALL-UNNAMED --add-opens=java.base/java.net=ALL-UNNAMED --add-opens=java.base/java.util.concurrent.atomic=ALL-UNNAMED -Xmx2048m -Dfile.encoding=UTF-8 -Duser.country=CO -Duser.language=es -Duser.variant org.gradle.launcher.daemon.bootstrap.GradleDaemon 7.2

Host: AMD FX-8320E Eight-Core Processor              , 8 cores, 7G,  Windows 10 , 64 bit Build 19041 (10.0.19041.1889)
Time: Sat Sep 10 10:14:03 2022 Hora est. Pacífico, Sudamérica elapsed time: 13.952346 seconds (0d 0h 0m 13s)

---------------  T H R E A D  ---------------

Current thread (0x000002f74b048800):  JavaThread "C2 CompilerThread2" daemon [_thread_in_native, id=2232, stack(0x000000f8c2700000,0x000000f8c2800000)]


Current CompileTask:
C2:  13952 8600       4       org.gradle.internal.reflect.ClassInspector::inspectClass (179 bytes)

Stack: [0x000000f8c2700000,0x000000f8c2800000]
Native frames: (J=compiled Java code, j=interpreted, Vv=VM code, C=native code)
V  [jvm.dll+0x5f214a]
V  [jvm.dll+0x726fb5]
V  [jvm.dll+0x7285cd]
V  [jvm.dll+0x728c83]
V  [jvm.dll+0x243278]
V  [jvm.dll+0xbc53c]
V  [jvm.dll+0xbca3c]
V  [jvm.dll+0x2b5c34]
V  [jvm.dll+0x508488]
V  [jvm.dll+0x1fd70e]
V  [jvm.dll+0x1fb35f]
V  [jvm.dll+0x183d6c]
V  [jvm.dll+0x209a57]
V  [jvm.dll+0x2082a1]
V  [jvm.dll+0x6ef58f]
V  [jvm.dll+0x6e80b5]
V  [jvm.dll+0x5f1036]
C  [ucrtbase.dll+0x21bb2]
C  [KERNEL32.DLL+0x17034]
C  [ntdll.dll+0x52651]


---------------  P R O C E S S  ---------------

Threads class SMR info:
_java_thread_list=0x000002f74f107470, length=136, elements={
0x000002f72eb8e800, 0x000002f74900e000, 0x000002f74901b800, 0x000002f7499b5800,
0x000002f7499b7000, 0x000002f7499ba800, 0x000002f7499bd000, 0x000002f7499c2800,
0x000002f74902e000, 0x000002f749032000, 0x000002f749031000, 0x000002f74902d000,
0x000002f74902e800, 0x000002f749032800, 0x000002f74902f800, 0x000002f749030800,
0x000002f749033800, 0x000002f74be23000, 0x000002f74be1f000, 0x000002f74be1d800,
0x000002f74be20800, 0x000002f74be21800, 0x000002f74be24000, 0x000002f74be20000,
0x000002f74be22000, 0x000002f74be1e000, 0x000002f74c8fc000, 0x000002f74c8fd800,
0x000002f74c8ff800, 0x000002f74c900000, 0x000002f74c8fd000, 0x000002f74c902000,
0x000002f74c8fe800, 0x000002f74c906800, 0x000002f74c905000, 0x000002f74c907800,
0x000002f74c906000, 0x000002f74c908800, 0x000002f74c909000, 0x000002f74c90a000,
0x000002f750910000, 0x000002f750910800, 0x000002f750912000, 0x000002f750913000,
0x000002f750911800, 0x000002f75090d800, 0x000002f750914000, 0x000002f75090e000,
0x000002f750914800, 0x000002f75090f000, 0x000002f750916800, 0x000002f750915800,
0x000002f75091a800, 0x000002f75091b000, 0x000002f750919000, 0x000002f75091c000,
0x000002f750917000, 0x000002f750918000, 0x000002f750919800, 0x000002f74d333800,
0x000002f74d334800, 0x000002f74d332000, 0x000002f74d331000, 0x000002f74d32f800,
0x000002f74d333000, 0x000002f74d32e800, 0x000002f74d330800, 0x000002f74d337800,
0x000002f74d338800, 0x000002f74d33b000, 0x000002f74d339800, 0x000002f74d33a000,
0x000002f74d335000, 0x000002f74d33b800, 0x000002f74d336000, 0x000002f74d33c800,
0x000002f74d337000, 0x000002f74d33d800, 0x000002f74f94a800, 0x000002f74f947800,
0x000002f74f949000, 0x000002f74f948000, 0x000002f74f946800, 0x000002f74f94b800,
0x000002f74f94c000, 0x000002f74f94d000, 0x000002f74f94a000, 0x000002f74f953800,
0x000002f74f94f800, 0x000002f74f94e000, 0x000002f74f952800, 0x000002f74f950800,
0x000002f74f94e800, 0x000002f74f952000, 0x000002f74f955000, 0x000002f74f954800,
0x000002f74f951000, 0x000002f74f937800, 0x000002f74f938000, 0x000002f74f93b800,
0x000002f74f939000, 0x000002f74f93a000, 0x000002f74f93a800, 0x000002f74f93c000,
0x000002f74f936800, 0x000002f74f940800, 0x000002f74f941000, 0x000002f74f93e800,
0x000002f74f942000, 0x000002f74f93d000, 0x000002f74f942800, 0x000002f74f943800,
0x000002f74f93e000, 0x000002f74f944800, 0x000002f74f93f800, 0x000002f74f945000,
0x000002f74b044800, 0x000002f74b042000, 0x000002f74b045800, 0x000002f74b048000,
0x000002f74b046800, 0x000002f74b043000, 0x000002f74b048800, 0x000002f74b049800,
0x000002f74b044000, 0x000002f74b04a800, 0x000002f74b04c000, 0x000002f74b04b000,
0x000002f74b047000, 0x000002f74b050000, 0x000002f74b04e800, 0x000002f74b04d800,
0x000002f74b04f800, 0x000002f74b051000, 0x000002f74c901000, 0x000002f74d838800
}

Java Threads: ( => current thread )
  0x000002f72eb8e800 JavaThread "main" [_thread_blocked, id=13628, stack(0x000000f8bfa00000,0x000000f8bfb00000)]
  0x000002f74900e000 JavaThread "Reference Handler" daemon [_thread_blocked, id=11364, stack(0x000000f8c0100000,0x000000f8c0200000)]
  0x000002f74901b800 JavaThread "Finalizer" daemon [_thread_blocked, id=1736, stack(0x000000f8c0200000,0x000000f8c0300000)]
  0x000002f7499b5800 JavaThread "Signal Dispatcher" daemon [_thread_blocked, id=14288, stack(0x000000f8c0300000,0x000000f8c0400000)]
  0x000002f7499b7000 JavaThread "Attach Listener" daemon [_thread_blocked, id=9532, stack(0x000000f8c0400000,0x000000f8c0500000)]
  0x000002f7499ba800 JavaThread "Service Thread" daemon [_thread_blocked, id=3772, stack(0x000000f8c0500000,0x000000f8c0600000)]
  0x000002f7499bd000 JavaThread "C2 CompilerThread0" daemon [_thread_in_native, id=10780, stack(0x000000f8c0600000,0x000000f8c0700000)]
  0x000002f7499c2800 JavaThread "C1 CompilerThread0" daemon [_thread_blocked, id=1728, stack(0x000000f8c0700000,0x000000f8c0800000)]
  0x000002f74902e000 JavaThread "Sweeper thread" daemon [_thread_blocked, id=8112, stack(0x000000f8c0800000,0x000000f8c0900000)]
  0x000002f749032000 JavaThread "Common-Cleaner" daemon [_thread_blocked, id=4616, stack(0x000000f8c0900000,0x000000f8c0a00000)]
  0x000002f749031000 JavaThread "Daemon health stats" [_thread_blocked, id=13936, stack(0x000000f8c0f00000,0x000000f8c1000000)]
  0x000002f74902d000 JavaThread "Incoming local TCP Connector on port 51903" [_thread_in_native, id=11116, stack(0x000000f8c0b00000,0x000000f8c0c00000)]
  0x000002f74902e800 JavaThread "Daemon periodic checks" [_thread_blocked, id=4068, stack(0x000000f8c0e00000,0x000000f8c0f00000)]
  0x000002f749032800 JavaThread "Daemon" [_thread_blocked, id=9456, stack(0x000000f8c1000000,0x000000f8c1100000)]
  0x000002f74902f800 JavaThread "Handler for socket connection from /127.0.0.1:51903 to /127.0.0.1:51904" [_thread_in_native, id=7296, stack(0x000000f8c1100000,0x000000f8c1200000)]
  0x000002f749030800 JavaThread "Cancel handler" [_thread_blocked, id=10564, stack(0x000000f8c1200000,0x000000f8c1300000)]
  0x000002f749033800 JavaThread "Daemon worker" [_thread_blocked, id=13508, stack(0x000000f8c1300000,0x000000f8c1400000)]
  0x000002f74be23000 JavaThread "Asynchronous log dispatcher for DefaultDaemonConnection: socket connection from /127.0.0.1:51903 to /127.0.0.1:51904" [_thread_blocked, id=11456, stack(0x000000f8c1400000,0x000000f8c1500000)]
  0x000002f74be1f000 JavaThread "Stdin handler" [_thread_blocked, id=8156, stack(0x000000f8c1500000,0x000000f8c1600000)]
  0x000002f74be1d800 JavaThread "Daemon client event forwarder" [_thread_blocked, id=10208, stack(0x000000f8c1600000,0x000000f8c1700000)]
  0x000002f74be20800 JavaThread "C2 CompilerThread1" daemon [_thread_blocked, id=13664, stack(0x000000f8c1700000,0x000000f8c1800000)]
  0x000002f74be21800 JavaThread "Cache worker for journal cache (C:\Users\JULIETH\.gradle\caches\journal-1)" [_thread_blocked, id=11020, stack(0x000000f8c1d00000,0x000000f8c1e00000)]
  0x000002f74be24000 JavaThread "File lock request listener" [_thread_in_native, id=9340, stack(0x000000f8c1e00000,0x000000f8c1f00000)]
  0x000002f74be20000 JavaThread "Cache worker for file hash cache (C:\Users\JULIETH\.gradle\caches\7.2\fileHashes)" [_thread_blocked, id=1196, stack(0x000000f8c1f00000,0x000000f8c2000000)]
  0x000002f74be22000 JavaThread "Cache worker for file hash cache (C:\Users\JULIETH\AndroidStudioProjects\BlueTV\.gradle\7.2\fileHashes)" [_thread_blocked, id=2160, stack(0x000000f8c2100000,0x000000f8c2200000)]
  0x000002f74be1e000 JavaThread "File watcher server" daemon [_thread_in_native, id=9632, stack(0x000000f8c2200000,0x000000f8c2300000)]
  0x000002f74c8fc000 JavaThread "File watcher consumer" daemon [_thread_blocked, id=8488, stack(0x000000f8c2300000,0x000000f8c2400000)]
  0x000002f74c8fd800 JavaThread "Cache worker for checksums cache (C:\Users\JULIETH\AndroidStudioProjects\BlueTV\.gradle\checksums)" [_thread_blocked, id=6424, stack(0x000000f8c2400000,0x000000f8c2500000)]
  0x000002f74c8ff800 JavaThread "Cache worker for cache directory md-supplier (C:\Users\JULIETH\.gradle\caches\7.2\md-supplier)" [_thread_blocked, id=11844, stack(0x000000f8c2500000,0x000000f8c2600000)]
  0x000002f74c900000 JavaThread "Cache worker for cache directory md-rule (C:\Users\JULIETH\.gradle\caches\7.2\md-rule)" [_thread_blocked, id=3932, stack(0x000000f8c2600000,0x000000f8c2700000)]
  0x000002f74c8fd000 JavaThread "Cache worker for execution history cache (C:\Users\JULIETH\.gradle\caches\7.2\executionHistory)" [_thread_blocked, id=3944, stack(0x000000f8c2800000,0x000000f8c2900000)]
  0x000002f74c902000 JavaThread "jar transforms" [_thread_blocked, id=1816, stack(0x000000f8c2900000,0x000000f8c2a00000)]
  0x000002f74c8fe800 JavaThread "Cache worker for file content cache (C:\Users\JULIETH\.gradle\caches\7.2\fileContent)" [_thread_blocked, id=11620, stack(0x000000f8c2a00000,0x000000f8c2b00000)]
  0x000002f74c906800 JavaThread "jar transforms Thread 2" [_thread_blocked, id=7496, stack(0x000000f8c2b00000,0x000000f8c2c00000)]
  0x000002f74c905000 JavaThread "Cache worker for dependencies-accessors (C:\Users\JULIETH\AndroidStudioProjects\BlueTV\.gradle\7.2\dependencies-accessors)" [_thread_blocked, id=6272, stack(0x000000f8c2c00000,0x000000f8c2d00000)]
  0x000002f74c907800 JavaThread "jar transforms Thread 3" [_thread_blocked, id=11092, stack(0x000000f8c2d00000,0x000000f8c2e00000)]
  0x000002f74c906000 JavaThread "Cache worker for Build Output Cleanup Cache (C:\Users\JULIETH\AndroidStudioProjects\BlueTV\.gradle\buildOutputCleanup)" [_thread_blocked, id=7884, stack(0x000000f8c2e00000,0x000000f8c2f00000)]
  0x000002f74c908800 JavaThread "Unconstrained build operations" [_thread_blocked, id=6804, stack(0x000000f8c2f00000,0x000000f8c3000000)]
  0x000002f74c909000 JavaThread "Unconstrained build operations Thread 2" [_thread_blocked, id=11304, stack(0x000000f8c3000000,0x000000f8c3100000)]
  0x000002f74c90a000 JavaThread "Unconstrained build operations Thread 3" [_thread_blocked, id=8892, stack(0x000000f8c3100000,0x000000f8c3200000)]
  0x000002f750910000 JavaThread "Unconstrained build operations Thread 4" [_thread_blocked, id=10876, stack(0x000000f8c3200000,0x000000f8c3300000)]
  0x000002f750910800 JavaThread "Unconstrained build operations Thread 5" [_thread_blocked, id=13560, stack(0x000000f8c3300000,0x000000f8c3400000)]
  0x000002f750912000 JavaThread "Unconstrained build operations Thread 6" [_thread_blocked, id=14156, stack(0x000000f8c3400000,0x000000f8c3500000)]
  0x000002f750913000 JavaThread "Unconstrained build operations Thread 7" [_thread_blocked, id=13208, stack(0x000000f8c3500000,0x000000f8c3600000)]
  0x000002f750911800 JavaThread "Unconstrained build operations Thread 8" [_thread_blocked, id=10444, stack(0x000000f8c3600000,0x000000f8c3700000)]
  0x000002f75090d800 JavaThread "Unconstrained build operations Thread 9" [_thread_blocked, id=12584, stack(0x000000f8c3700000,0x000000f8c3800000)]
  0x000002f750914000 JavaThread "Unconstrained build operations Thread 10" [_thread_blocked, id=4052, stack(0x000000f8c3800000,0x000000f8c3900000)]
  0x000002f75090e000 JavaThread "Unconstrained build operations Thread 11" [_thread_blocked, id=11012, stack(0x000000f8c3900000,0x000000f8c3a00000)]
  0x000002f750914800 JavaThread "Unconstrained build operations Thread 12" [_thread_blocked, id=3676, stack(0x000000f8c3a00000,0x000000f8c3b00000)]
  0x000002f75090f000 JavaThread "Unconstrained build operations Thread 13" [_thread_blocked, id=13916, stack(0x000000f8c3b00000,0x000000f8c3c00000)]
  0x000002f750916800 JavaThread "Unconstrained build operations Thread 14" [_thread_blocked, id=7136, stack(0x000000f8c3c00000,0x000000f8c3d00000)]
  0x000002f750915800 JavaThread "Unconstrained build operations Thread 15" [_thread_blocked, id=12404, stack(0x000000f8c3d00000,0x000000f8c3e00000)]
  0x000002f75091a800 JavaThread "Unconstrained build operations Thread 16" [_thread_blocked, id=4044, stack(0x000000f8c3e00000,0x000000f8c3f00000)]
  0x000002f75091b000 JavaThread "Unconstrained build operations Thread 17" [_thread_blocked, id=8504, stack(0x000000f8c3f00000,0x000000f8c4000000)]
  0x000002f750919000 JavaThread "Unconstrained build operations Thread 18" [_thread_blocked, id=13932, stack(0x000000f8c4000000,0x000000f8c4100000)]
  0x000002f75091c000 JavaThread "Unconstrained build operations Thread 19" [_thread_blocked, id=14292, stack(0x000000f8c4100000,0x000000f8c4200000)]
  0x000002f750917000 JavaThread "Unconstrained build operations Thread 20" [_thread_blocked, id=4420, stack(0x000000f8c4200000,0x000000f8c4300000)]
  0x000002f750918000 JavaThread "Unconstrained build operations Thread 21" [_thread_blocked, id=7876, stack(0x000000f8c4300000,0x000000f8c4400000)]
  0x000002f750919800 JavaThread "Unconstrained build operations Thread 22" [_thread_blocked, id=12844, stack(0x000000f8c4400000,0x000000f8c4500000)]
  0x000002f74d333800 JavaThread "Unconstrained build operations Thread 23" [_thread_blocked, id=3320, stack(0x000000f8c4500000,0x000000f8c4600000)]
  0x000002f74d334800 JavaThread "Unconstrained build operations Thread 24" [_thread_blocked, id=7420, stack(0x000000f8c4600000,0x000000f8c4700000)]
  0x000002f74d332000 JavaThread "Unconstrained build operations Thread 25" [_thread_blocked, id=10588, stack(0x000000f8c4700000,0x000000f8c4800000)]
  0x000002f74d331000 JavaThread "Unconstrained build operations Thread 26" [_thread_blocked, id=4968, stack(0x000000f8c4800000,0x000000f8c4900000)]
  0x000002f74d32f800 JavaThread "Unconstrained build operations Thread 27" [_thread_blocked, id=9192, stack(0x000000f8c4900000,0x000000f8c4a00000)]
  0x000002f74d333000 JavaThread "Unconstrained build operations Thread 28" [_thread_blocked, id=13996, stack(0x000000f8c4a00000,0x000000f8c4b00000)]
  0x000002f74d32e800 JavaThread "Unconstrained build operations Thread 29" [_thread_blocked, id=5676, stack(0x000000f8c4b00000,0x000000f8c4c00000)]
  0x000002f74d330800 JavaThread "Unconstrained build operations Thread 30" [_thread_blocked, id=7552, stack(0x000000f8c4c00000,0x000000f8c4d00000)]
  0x000002f74d337800 JavaThread "Unconstrained build operations Thread 31" [_thread_blocked, id=8464, stack(0x000000f8c4d00000,0x000000f8c4e00000)]
  0x000002f74d338800 JavaThread "Unconstrained build operations Thread 32" [_thread_blocked, id=7872, stack(0x000000f8c4e00000,0x000000f8c4f00000)]
  0x000002f74d33b000 JavaThread "Unconstrained build operations Thread 33" [_thread_blocked, id=3812, stack(0x000000f8c4f00000,0x000000f8c5000000)]
  0x000002f74d339800 JavaThread "Unconstrained build operations Thread 34" [_thread_blocked, id=14220, stack(0x000000f8c5000000,0x000000f8c5100000)]
  0x000002f74d33a000 JavaThread "Unconstrained build operations Thread 35" [_thread_blocked, id=10960, stack(0x000000f8c5100000,0x000000f8c5200000)]
  0x000002f74d335000 JavaThread "Unconstrained build operations Thread 36" [_thread_blocked, id=7348, stack(0x000000f8c5200000,0x000000f8c5300000)]
  0x000002f74d33b800 JavaThread "Unconstrained build operations Thread 37" [_thread_blocked, id=7736, stack(0x000000f8c5300000,0x000000f8c5400000)]
  0x000002f74d336000 JavaThread "Unconstrained build operations Thread 38" [_thread_blocked, id=7516, stack(0x000000f8c5400000,0x000000f8c5500000)]
  0x000002f74d33c800 JavaThread "Unconstrained build operations Thread 39" [_thread_blocked, id=9580, stack(0x000000f8c5500000,0x000000f8c5600000)]
  0x000002f74d337000 JavaThread "Unconstrained build operations Thread 40" [_thread_blocked, id=3412, stack(0x000000f8c5600000,0x000000f8c5700000)]
  0x000002f74d33d800 JavaThread "Unconstrained build operations Thread 41" [_thread_blocked, id=12656, stack(0x000000f8c5700000,0x000000f8c5800000)]
  0x000002f74f94a800 JavaThread "Unconstrained build operations Thread 42" [_thread_blocked, id=5716, stack(0x000000f8c5800000,0x000000f8c5900000)]
  0x000002f74f947800 JavaThread "Unconstrained build operations Thread 43" [_thread_blocked, id=8564, stack(0x000000f8c5900000,0x000000f8c5a00000)]
  0x000002f74f949000 JavaThread "Unconstrained build operations Thread 44" [_thread_blocked, id=6832, stack(0x000000f8c5a00000,0x000000f8c5b00000)]
  0x000002f74f948000 JavaThread "Unconstrained build operations Thread 45" [_thread_blocked, id=12720, stack(0x000000f8c5b00000,0x000000f8c5c00000)]
  0x000002f74f946800 JavaThread "Unconstrained build operations Thread 46" [_thread_blocked, id=1132, stack(0x000000f8c5c00000,0x000000f8c5d00000)]
  0x000002f74f94b800 JavaThread "Unconstrained build operations Thread 47" [_thread_blocked, id=14192, stack(0x000000f8c5d00000,0x000000f8c5e00000)]
  0x000002f74f94c000 JavaThread "Unconstrained build operations Thread 48" [_thread_blocked, id=11252, stack(0x000000f8c5e00000,0x000000f8c5f00000)]
  0x000002f74f94d000 JavaThread "Unconstrained build operations Thread 49" [_thread_blocked, id=9968, stack(0x000000f8c5f00000,0x000000f8c6000000)]
  0x000002f74f94a000 JavaThread "Unconstrained build operations Thread 50" [_thread_blocked, id=1336, stack(0x000000f8c6000000,0x000000f8c6100000)]
  0x000002f74f953800 JavaThread "Unconstrained build operations Thread 51" [_thread_blocked, id=9900, stack(0x000000f8c6100000,0x000000f8c6200000)]
  0x000002f74f94f800 JavaThread "Unconstrained build operations Thread 52" [_thread_blocked, id=11704, stack(0x000000f8c6200000,0x000000f8c6300000)]
  0x000002f74f94e000 JavaThread "Unconstrained build operations Thread 53" [_thread_blocked, id=9280, stack(0x000000f8c6300000,0x000000f8c6400000)]
  0x000002f74f952800 JavaThread "Unconstrained build operations Thread 54" [_thread_blocked, id=10156, stack(0x000000f8c6400000,0x000000f8c6500000)]
  0x000002f74f950800 JavaThread "Unconstrained build operations Thread 55" [_thread_blocked, id=6156, stack(0x000000f8c6500000,0x000000f8c6600000)]
  0x000002f74f94e800 JavaThread "Unconstrained build operations Thread 56" [_thread_blocked, id=11256, stack(0x000000f8c6600000,0x000000f8c6700000)]
  0x000002f74f952000 JavaThread "Unconstrained build operations Thread 57" [_thread_blocked, id=6240, stack(0x000000f8c6700000,0x000000f8c6800000)]
  0x000002f74f955000 JavaThread "Unconstrained build operations Thread 58" [_thread_blocked, id=6080, stack(0x000000f8c6800000,0x000000f8c6900000)]
  0x000002f74f954800 JavaThread "Unconstrained build operations Thread 59" [_thread_blocked, id=6316, stack(0x000000f8c6900000,0x000000f8c6a00000)]
  0x000002f74f951000 JavaThread "Unconstrained build operations Thread 60" [_thread_blocked, id=14252, stack(0x000000f8c6a00000,0x000000f8c6b00000)]
  0x000002f74f937800 JavaThread "Unconstrained build operations Thread 61" [_thread_blocked, id=8436, stack(0x000000f8c6b00000,0x000000f8c6c00000)]
  0x000002f74f938000 JavaThread "Unconstrained build operations Thread 62" [_thread_blocked, id=7132, stack(0x000000f8c6c00000,0x000000f8c6d00000)]
  0x000002f74f93b800 JavaThread "Unconstrained build operations Thread 63" [_thread_blocked, id=7632, stack(0x000000f8c6d00000,0x000000f8c6e00000)]
  0x000002f74f939000 JavaThread "Unconstrained build operations Thread 64" [_thread_blocked, id=3240, stack(0x000000f8c6e00000,0x000000f8c6f00000)]
  0x000002f74f93a000 JavaThread "Unconstrained build operations Thread 65" [_thread_blocked, id=7756, stack(0x000000f8c6f00000,0x000000f8c7000000)]
  0x000002f74f93a800 JavaThread "Unconstrained build operations Thread 66" [_thread_blocked, id=14056, stack(0x000000f8c7000000,0x000000f8c7100000)]
  0x000002f74f93c000 JavaThread "Unconstrained build operations Thread 67" [_thread_blocked, id=13588, stack(0x000000f8c7100000,0x000000f8c7200000)]
  0x000002f74f936800 JavaThread "Unconstrained build operations Thread 68" [_thread_blocked, id=8508, stack(0x000000f8c7200000,0x000000f8c7300000)]
  0x000002f74f940800 JavaThread "Unconstrained build operations Thread 69" [_thread_blocked, id=8176, stack(0x000000f8c7300000,0x000000f8c7400000)]
  0x000002f74f941000 JavaThread "Unconstrained build operations Thread 70" [_thread_blocked, id=13952, stack(0x000000f8c7400000,0x000000f8c7500000)]
  0x000002f74f93e800 JavaThread "Unconstrained build operations Thread 71" [_thread_blocked, id=7312, stack(0x000000f8c7500000,0x000000f8c7600000)]
  0x000002f74f942000 JavaThread "Unconstrained build operations Thread 72" [_thread_blocked, id=3596, stack(0x000000f8c7600000,0x000000f8c7700000)]
  0x000002f74f93d000 JavaThread "Unconstrained build operations Thread 73" [_thread_blocked, id=7332, stack(0x000000f8c7700000,0x000000f8c7800000)]
  0x000002f74f942800 JavaThread "Unconstrained build operations Thread 74" [_thread_blocked, id=2424, stack(0x000000f8c7800000,0x000000f8c7900000)]
  0x000002f74f943800 JavaThread "Unconstrained build operations Thread 75" [_thread_blocked, id=2928, stack(0x000000f8c7900000,0x000000f8c7a00000)]
  0x000002f74f93e000 JavaThread "Unconstrained build operations Thread 76" [_thread_blocked, id=10200, stack(0x000000f8c7a00000,0x000000f8c7b00000)]
  0x000002f74f944800 JavaThread "Unconstrained build operations Thread 77" [_thread_blocked, id=9736, stack(0x000000f8c7b00000,0x000000f8c7c00000)]
  0x000002f74f93f800 JavaThread "Unconstrained build operations Thread 78" [_thread_blocked, id=9744, stack(0x000000f8c7c00000,0x000000f8c7d00000)]
  0x000002f74f945000 JavaThread "Unconstrained build operations Thread 79" [_thread_blocked, id=2772, stack(0x000000f8c7d00000,0x000000f8c7e00000)]
  0x000002f74b044800 JavaThread "Unconstrained build operations Thread 80" [_thread_blocked, id=3984, stack(0x000000f8c7e00000,0x000000f8c7f00000)]
  0x000002f74b042000 JavaThread "jar transforms Thread 4" [_thread_blocked, id=11672, stack(0x000000f8c7f00000,0x000000f8c8000000)]
  0x000002f74b045800 JavaThread "jar transforms Thread 5" [_thread_blocked, id=2640, stack(0x000000f8c8000000,0x000000f8c8100000)]
  0x000002f74b048000 JavaThread "jar transforms Thread 6" [_thread_blocked, id=4936, stack(0x000000f8c8100000,0x000000f8c8200000)]
  0x000002f74b046800 JavaThread "jar transforms Thread 7" [_thread_blocked, id=13548, stack(0x000000f8c8200000,0x000000f8c8300000)]
  0x000002f74b043000 JavaThread "jar transforms Thread 8" [_thread_blocked, id=11600, stack(0x000000f8c8300000,0x000000f8c8400000)]
=>0x000002f74b048800 JavaThread "C2 CompilerThread2" daemon [_thread_in_native, id=2232, stack(0x000000f8c2700000,0x000000f8c2800000)]
  0x000002f74b049800 JavaThread "Memory manager" [_thread_blocked, id=8660, stack(0x000000f8c8400000,0x000000f8c8500000)]
  0x000002f74b044000 JavaThread "build event listener" [_thread_blocked, id=14228, stack(0x000000f8c8500000,0x000000f8c8600000)]
  0x000002f74b04a800 JavaThread "build event listener" [_thread_blocked, id=9904, stack(0x000000f8c8600000,0x000000f8c8700000)]
  0x000002f74b04c000 JavaThread "pool-3-thread-1" [_thread_blocked, id=8944, stack(0x000000f8c8700000,0x000000f8c8800000)]
  0x000002f74b04b000 JavaThread "build event listener" [_thread_blocked, id=8708, stack(0x000000f8c8800000,0x000000f8c8900000)]
  0x000002f74b047000 JavaThread "Execution worker for ':'" [_thread_blocked, id=2420, stack(0x000000f8c8900000,0x000000f8c8a00000)]
  0x000002f74b050000 JavaThread "Execution worker for ':' Thread 2" [_thread_blocked, id=14080, stack(0x000000f8c8a00000,0x000000f8c8b00000)]
  0x000002f74b04e800 JavaThread "Execution worker for ':' Thread 3" [_thread_blocked, id=7616, stack(0x000000f8c8b00000,0x000000f8c8c00000)]
  0x000002f74b04d800 JavaThread "Execution worker for ':' Thread 4" [_thread_blocked, id=8072, stack(0x000000f8c8c00000,0x000000f8c8d00000)]
  0x000002f74b04f800 JavaThread "Execution worker for ':' Thread 5" [_thread_blocked, id=7556, stack(0x000000f8c8d00000,0x000000f8c8e00000)]
  0x000002f74b051000 JavaThread "Execution worker for ':' Thread 6" [_thread_blocked, id=13584, stack(0x000000f8c8e00000,0x000000f8c8f00000)]
  0x000002f74c901000 JavaThread "Execution worker for ':' Thread 7" [_thread_blocked, id=8716, stack(0x000000f8c8f00000,0x000000f8c9000000)]
  0x000002f74d838800 JavaThread "Cache worker for execution history cache (C:\Users\JULIETH\AndroidStudioProjects\BlueTV\.gradle\7.2\executionHistory)" [_thread_blocked, id=11964, stack(0x000000f8c9000000,0x000000f8c9100000)]

Other Threads:
  0x000002f74900b800 VMThread "VM Thread" [stack: 0x000000f8c0000000,0x000000f8c0100000] [id=11872]
  0x000002f749b1d800 WatcherThread [stack: 0x000000f8c0a00000,0x000000f8c0b00000] [id=10640]
  0x000002f72eba4000 GCTaskThread "GC Thread#0" [stack: 0x000000f8bfb00000,0x000000f8bfc00000] [id=2124]
  0x000002f74a316800 GCTaskThread "GC Thread#1" [stack: 0x000000f8c0c00000,0x000000f8c0d00000] [id=12636]
  0x000002f74a317800 GCTaskThread "GC Thread#2" [stack: 0x000000f8c0d00000,0x000000f8c0e00000] [id=5472]
  0x000002f74aebd000 GCTaskThread "GC Thread#3" [stack: 0x000000f8c1800000,0x000000f8c1900000] [id=3740]
  0x000002f74b260000 GCTaskThread "GC Thread#4" [stack: 0x000000f8c1900000,0x000000f8c1a00000] [id=7412]
  0x000002f74bf2d800 GCTaskThread "GC Thread#5" [stack: 0x000000f8c1a00000,0x000000f8c1b00000] [id=5368]
  0x000002f74bf2e000 GCTaskThread "GC Thread#6" [stack: 0x000000f8c1b00000,0x000000f8c1c00000] [id=14276]
  0x000002f74c107000 GCTaskThread "GC Thread#7" [stack: 0x000000f8c1c00000,0x000000f8c1d00000] [id=11724]
  0x000002f72ebd7800 ConcurrentGCThread "G1 Main Marker" [stack: 0x000000f8bfc00000,0x000000f8bfd00000] [id=10272]
  0x000002f72ebd8800 ConcurrentGCThread "G1 Conc#0" [stack: 0x000000f8bfd00000,0x000000f8bfe00000] [id=8792]
  0x000002f74c00e800 ConcurrentGCThread "G1 Conc#1" [stack: 0x000000f8c2000000,0x000000f8c2100000] [id=1204]
  0x000002f72ec69000 ConcurrentGCThread "G1 Refine#0" [stack: 0x000000f8bfe00000,0x000000f8bff00000] [id=10684]
  0x000002f748e60800 ConcurrentGCThread "G1 Young RemSet Sampling" [stack: 0x000000f8bff00000,0x000000f8c0000000] [id=11900]

Threads with active compile tasks:
C2 CompilerThread0  14003 8596       4       org.gradle.api.internal.artifacts.ivyservice.modulecache.StringDeduplicatingDecoder::readString (22 bytes)
C1 CompilerThread0  14003 8722       3       java.util.Comparator$$Lambda$446/0x00000001005dbc40::compare (14 bytes)
C2 CompilerThread1  14003 8590       4       org.gradle.api.internal.artifacts.ivyservice.modulecache.StringDeduplicatingDecoder::readSmallInt (10 bytes)
C2 CompilerThread2  14003 8600       4       org.gradle.internal.reflect.ClassInspector::inspectClass (179 bytes)

VM state:at safepoint (normal execution)

VM Mutex/Monitor currently owned by a thread:  ([mutex/lock_event])
[0x000002f72cbca1f0] Threads_lock - owner thread: 0x000002f74900b800
[0x000002f72cbcb090] Heap_lock - owner thread: 0x000002f7499c2800
[0x000002f72cbcbab0] MethodData_lock - owner thread: 0x000002f7499c2800

Heap address: 0x0000000080000000, size: 2048 MB, Compressed Oops mode: 32-bit
Narrow klass base: 0x0000000000000000, Narrow klass shift: 3
Compressed class space size: 1073741824 Address: 0x0000000100000000

Heap:
 garbage-first heap   total 189440K, used 77599K [0x0000000080000000, 0x0000000100000000)
  region size 1024K, 10 young (10240K), 10 survivors (10240K)
 Metaspace       used 86291K, capacity 88241K, committed 88276K, reserved 1134592K
  class space    used 11138K, capacity 11891K, committed 11904K, reserved 1048576K
Heap Regions: E=young(eden), S=young(survivor), O=old, HS=humongous(starts), HC=humongous(continues), CS=collection set, F=free, A=archive, TAMS=top-at-mark-start (previous, next)
|   0|0x0000000080000000, 0x0000000080100000, 0x0000000080100000|100%| O|  |TAMS 0x0000000080100000, 0x0000000080100000| Untracked 
|   1|0x0000000080100000, 0x0000000080200000, 0x0000000080200000|100%| O|  |TAMS 0x0000000080200000, 0x0000000080200000| Untracked 
|   2|0x0000000080200000, 0x0000000080300000, 0x0000000080300000|100%| O|  |TAMS 0x0000000080300000, 0x0000000080300000| Untracked 
|   3|0x0000000080300000, 0x0000000080400000, 0x0000000080400000|100%|HS|  |TAMS 0x0000000080400000, 0x0000000080400000| Complete 
|   4|0x0000000080400000, 0x0000000080500000, 0x0000000080500000|100%|HC|  |TAMS 0x0000000080500000, 0x0000000080500000| Complete 
|   5|0x0000000080500000, 0x0000000080600000, 0x0000000080600000|100%|HC|  |TAMS 0x0000000080600000, 0x0000000080600000| Complete 
|   6|0x0000000080600000, 0x0000000080700000, 0x0000000080700000|100%| O|  |TAMS 0x0000000080700000, 0x0000000080700000| Untracked 
|   7|0x0000000080700000, 0x0000000080800000, 0x0000000080800000|100%| O|  |TAMS 0x0000000080800000, 0x0000000080800000| Untracked 
|   8|0x0000000080800000, 0x0000000080900000, 0x0000000080900000|100%| O|  |TAMS 0x0000000080900000, 0x0000000080900000| Untracked 
|   9|0x0000000080900000, 0x0000000080a00000, 0x0000000080a00000|100%| O|  |TAMS 0x0000000080a00000, 0x0000000080a00000| Untracked 
|  10|0x0000000080a00000, 0x0000000080b00000, 0x0000000080b00000|100%| O|  |TAMS 0x0000000080b00000, 0x0000000080b00000| Untracked 
|  11|0x0000000080b00000, 0x0000000080c00000, 0x0000000080c00000|100%| O|  |TAMS 0x0000000080c00000, 0x0000000080c00000| Untracked 
|  12|0x0000000080c00000, 0x0000000080d00000, 0x0000000080d00000|100%| O|  |TAMS 0x0000000080d00000, 0x0000000080d00000| Untracked 
|  13|0x0000000080d00000, 0x0000000080e00000, 0x0000000080e00000|100%| O|  |TAMS 0x0000000080e00000, 0x0000000080e00000| Untracked 
|  14|0x0000000080e00000, 0x0000000080f00000, 0x0000000080f00000|100%| O|  |TAMS 0x0000000080f00000, 0x0000000080f00000| Untracked 
|  15|0x0000000080f00000, 0x0000000081000000, 0x0000000081000000|100%| O|  |TAMS 0x0000000081000000, 0x0000000081000000| Untracked 
|  16|0x0000000081000000, 0x0000000081100000, 0x0000000081100000|100%| O|  |TAMS 0x0000000081100000, 0x0000000081100000| Untracked 
|  17|0x0000000081100000, 0x0000000081200000, 0x0000000081200000|100%|HS|  |TAMS 0x0000000081200000, 0x0000000081200000| Complete 
|  18|0x0000000081200000, 0x0000000081300000, 0x0000000081300000|100%| O|  |TAMS 0x0000000081300000, 0x0000000081300000| Untracked 
|  19|0x0000000081300000, 0x0000000081400000, 0x0000000081400000|100%| O|  |TAMS 0x0000000081400000, 0x0000000081400000| Untracked 
|  20|0x0000000081400000, 0x0000000081500000, 0x0000000081500000|100%| O|  |TAMS 0x0000000081500000, 0x0000000081500000| Untracked 
|  21|0x0000000081500000, 0x0000000081600000, 0x0000000081600000|100%| O|  |TAMS 0x0000000081600000, 0x0000000081600000| Untracked 
|  22|0x0000000081600000, 0x0000000081700000, 0x0000000081700000|100%| O|  |TAMS 0x0000000081700000, 0x0000000081700000| Untracked 
|  23|0x0000000081700000, 0x0000000081800000, 0x0000000081800000|100%| O|  |TAMS 0x0000000081800000, 0x0000000081800000| Untracked 
|  24|0x0000000081800000, 0x0000000081900000, 0x0000000081900000|100%| O|  |TAMS 0x0000000081900000, 0x0000000081900000| Untracked 
|  25|0x0000000081900000, 0x0000000081a00000, 0x0000000081a00000|100%| O|  |TAMS 0x0000000081a00000, 0x0000000081a00000| Untracked 
|  26|0x0000000081a00000, 0x0000000081b00000, 0x0000000081b00000|100%| O|  |TAMS 0x0000000081b00000, 0x0000000081b00000| Untracked 
|  27|0x0000000081b00000, 0x0000000081c00000, 0x0000000081c00000|100%| O|  |TAMS 0x0000000081c00000, 0x0000000081c00000| Untracked 
|  28|0x0000000081c00000, 0x0000000081d00000, 0x0000000081d00000|100%|HS|  |TAMS 0x0000000081d00000, 0x0000000081d00000| Complete 
|  29|0x0000000081d00000, 0x0000000081e00000, 0x0000000081e00000|100%|HS|  |TAMS 0x0000000081e00000, 0x0000000081e00000| Complete 
|  30|0x0000000081e00000, 0x0000000081f00000, 0x0000000081f00000|100%|HS|  |TAMS 0x0000000081f00000, 0x0000000081f00000| Complete 
|  31|0x0000000081f00000, 0x0000000082000000, 0x0000000082000000|100%|HS|  |TAMS 0x0000000082000000, 0x0000000082000000| Complete 
|  32|0x0000000082000000, 0x0000000082100000, 0x0000000082100000|100%|HC|  |TAMS 0x0000000082100000, 0x0000000082100000| Complete 
|  33|0x0000000082100000, 0x0000000082200000, 0x0000000082200000|100%|HC|  |TAMS 0x0000000082200000, 0x0000000082200000| Complete 
|  34|0x0000000082200000, 0x0000000082300000, 0x0000000082300000|100%|HS|  |TAMS 0x0000000082300000, 0x0000000082300000| Complete 
|  35|0x0000000082300000, 0x0000000082400000, 0x0000000082400000|100%|HC|  |TAMS 0x0000000082400000, 0x0000000082400000| Complete 
|  36|0x0000000082400000, 0x0000000082500000, 0x0000000082500000|100%| O|  |TAMS 0x0000000082500000, 0x0000000082500000| Untracked 
|  37|0x0000000082500000, 0x0000000082600000, 0x0000000082600000|100%| O|  |TAMS 0x0000000082600000, 0x0000000082600000| Untracked 
|  38|0x0000000082600000, 0x0000000082700000, 0x0000000082700000|100%| O|  |TAMS 0x0000000082700000, 0x0000000082700000| Untracked 
|  39|0x0000000082700000, 0x0000000082800000, 0x0000000082800000|100%| O|  |TAMS 0x0000000082800000, 0x0000000082800000| Untracked 
|  40|0x0000000082800000, 0x0000000082900000, 0x0000000082900000|100%| O|  |TAMS 0x0000000082900000, 0x0000000082900000| Untracked 
|  41|0x0000000082900000, 0x0000000082a00000, 0x0000000082a00000|100%| O|  |TAMS 0x0000000082a00000, 0x0000000082a00000| Untracked 
|  42|0x0000000082a00000, 0x0000000082b00000, 0x0000000082b00000|100%| O|  |TAMS 0x0000000082b00000, 0x0000000082b00000| Untracked 
|  43|0x0000000082b00000, 0x0000000082c00000, 0x0000000082c00000|100%| O|  |TAMS 0x0000000082c00000, 0x0000000082c00000| Untracked 
|  44|0x0000000082c00000, 0x0000000082d00000, 0x0000000082d00000|100%| O|  |TAMS 0x0000000082d00000, 0x0000000082d00000| Untracked 
|  45|0x0000000082d00000, 0x0000000082e00000, 0x0000000082e00000|100%| O|  |TAMS 0x0000000082e00000, 0x0000000082e00000| Untracked 
|  46|0x0000000082e00000, 0x0000000082f00000, 0x0000000082f00000|100%| O|  |TAMS 0x0000000082f00000, 0x0000000082f00000| Untracked 
|  47|0x0000000082f00000, 0x0000000083000000, 0x0000000083000000|100%| O|  |TAMS 0x0000000083000000, 0x0000000083000000| Untracked 
|  48|0x0000000083000000, 0x0000000083100000, 0x0000000083100000|100%| O|  |TAMS 0x0000000083100000, 0x0000000083100000| Untracked 
|  49|0x0000000083100000, 0x0000000083200000, 0x0000000083200000|100%| O|  |TAMS 0x0000000083200000, 0x0000000083200000| Untracked 
|  50|0x0000000083200000, 0x0000000083300000, 0x0000000083300000|100%| O|  |TAMS 0x00000000832a8e00, 0x0000000083300000| Untracked 
|  51|0x0000000083300000, 0x0000000083400000, 0x0000000083400000|100%| O|  |TAMS 0x0000000083300000, 0x0000000083400000| Untracked 
|  52|0x0000000083400000, 0x0000000083500000, 0x0000000083500000|100%| O|  |TAMS 0x0000000083400000, 0x0000000083500000| Untracked 
|  53|0x0000000083500000, 0x0000000083600000, 0x0000000083600000|100%| O|  |TAMS 0x0000000083500000, 0x0000000083600000| Untracked 
|  54|0x0000000083600000, 0x0000000083700000, 0x0000000083700000|100%| O|  |TAMS 0x0000000083600000, 0x0000000083700000| Untracked 
|  55|0x0000000083700000, 0x0000000083800000, 0x0000000083800000|100%| O|  |TAMS 0x0000000083700000, 0x0000000083800000| Untracked 
|  56|0x0000000083800000, 0x0000000083900000, 0x0000000083900000|100%| O|  |TAMS 0x0000000083800000, 0x0000000083900000| Untracked 
|  57|0x0000000083900000, 0x0000000083a00000, 0x0000000083a00000|100%| O|  |TAMS 0x0000000083900000, 0x0000000083a00000| Untracked 
|  58|0x0000000083a00000, 0x0000000083b00000, 0x0000000083b00000|100%| O|  |TAMS 0x0000000083a00000, 0x0000000083b00000| Untracked 
|  59|0x0000000083b00000, 0x0000000083c00000, 0x0000000083c00000|100%| O|  |TAMS 0x0000000083b00000, 0x0000000083c00000| Untracked 
|  60|0x0000000083c00000, 0x0000000083d00000, 0x0000000083d00000|100%| O|  |TAMS 0x0000000083c00000, 0x0000000083d00000| Untracked 
|  61|0x0000000083d00000, 0x0000000083e00000, 0x0000000083e00000|100%| O|  |TAMS 0x0000000083d00000, 0x0000000083e00000| Untracked 
|  62|0x0000000083e00000, 0x0000000083f00000, 0x0000000083f00000|100%| O|  |TAMS 0x0000000083e00000, 0x0000000083f00000| Untracked 
|  63|0x0000000083f00000, 0x0000000084000000, 0x0000000084000000|100%| O|  |TAMS 0x0000000083f00000, 0x0000000084000000| Untracked 
|  64|0x0000000084000000, 0x0000000084100000, 0x0000000084100000|100%| O|  |TAMS 0x0000000084000000, 0x0000000084100000| Untracked 
|  65|0x0000000084100000, 0x0000000084200000, 0x0000000084200000|100%| O|  |TAMS 0x0000000084100000, 0x0000000084200000| Untracked 
|  66|0x0000000084200000, 0x0000000084200000, 0x0000000084300000|  0%| F|  |TAMS 0x0000000084200000, 0x0000000084200000| Untracked 
|  67|0x0000000084300000, 0x0000000084300000, 0x0000000084400000|  0%| F|  |TAMS 0x0000000084300000, 0x0000000084300000| Untracked 
|  68|0x0000000084400000, 0x0000000084400000, 0x0000000084500000|  0%| F|  |TAMS 0x0000000084400000, 0x0000000084400000| Untracked 
|  69|0x0000000084500000, 0x0000000084500000, 0x0000000084600000|  0%| F|  |TAMS 0x0000000084500000, 0x0000000084500000| Untracked 
|  70|0x0000000084600000, 0x0000000084600000, 0x0000000084700000|  0%| F|  |TAMS 0x0000000084600000, 0x0000000084600000| Untracked 
|  71|0x0000000084700000, 0x0000000084700000, 0x0000000084800000|  0%| F|  |TAMS 0x0000000084700000, 0x0000000084700000| Untracked 
|  72|0x0000000084800000, 0x0000000084800000, 0x0000000084900000|  0%| F|  |TAMS 0x0000000084800000, 0x0000000084800000| Untracked 
|  73|0x0000000084900000, 0x0000000084900000, 0x0000000084a00000|  0%| F|  |TAMS 0x0000000084900000, 0x0000000084900000| Untracked 
|  74|0x0000000084a00000, 0x0000000084a00000, 0x0000000084b00000|  0%| F|  |TAMS 0x0000000084a00000, 0x0000000084a00000| Untracked 
|  75|0x0000000084b00000, 0x0000000084b00000, 0x0000000084c00000|  0%| F|  |TAMS 0x0000000084b00000, 0x0000000084b00000| Untracked 
|  76|0x0000000084c00000, 0x0000000084c00000, 0x0000000084d00000|  0%| F|  |TAMS 0x0000000084c00000, 0x0000000084c00000| Untracked 
|  77|0x0000000084d00000, 0x0000000084d00000, 0x0000000084e00000|  0%| F|  |TAMS 0x0000000084d00000, 0x0000000084d00000| Untracked 
|  78|0x0000000084e00000, 0x0000000084e00000, 0x0000000084f00000|  0%| F|  |TAMS 0x0000000084e00000, 0x0000000084e00000| Untracked 
|  79|0x0000000084f00000, 0x0000000084f00000, 0x0000000085000000|  0%| F|  |TAMS 0x0000000084f00000, 0x0000000084f00000| Untracked 
|  80|0x0000000085000000, 0x0000000085000000, 0x0000000085100000|  0%| F|  |TAMS 0x0000000085000000, 0x0000000085000000| Untracked 
|  81|0x0000000085100000, 0x0000000085100000, 0x0000000085200000|  0%| F|  |TAMS 0x0000000085100000, 0x0000000085100000| Untracked 
|  82|0x0000000085200000, 0x0000000085200000, 0x0000000085300000|  0%| F|  |TAMS 0x0000000085200000, 0x0000000085200000| Untracked 
|  83|0x0000000085300000, 0x0000000085300000, 0x0000000085400000|  0%| F|  |TAMS 0x0000000085300000, 0x0000000085300000| Untracked 
|  84|0x0000000085400000, 0x0000000085400000, 0x0000000085500000|  0%| F|  |TAMS 0x0000000085400000, 0x0000000085400000| Untracked 
|  85|0x0000000085500000, 0x0000000085500000, 0x0000000085600000|  0%| F|  |TAMS 0x0000000085500000, 0x0000000085500000| Untracked 
|  86|0x0000000085600000, 0x0000000085600000, 0x0000000085700000|  0%| F|  |TAMS 0x0000000085600000, 0x0000000085600000| Untracked 
|  87|0x0000000085700000, 0x0000000085700000, 0x0000000085800000|  0%| F|  |TAMS 0x0000000085700000, 0x0000000085700000| Untracked 
|  88|0x0000000085800000, 0x0000000085800000, 0x0000000085900000|  0%| F|  |TAMS 0x0000000085800000, 0x0000000085800000| Untracked 
|  89|0x0000000085900000, 0x0000000085900000, 0x0000000085a00000|  0%| F|  |TAMS 0x0000000085900000, 0x0000000085900000| Untracked 
|  90|0x0000000085a00000, 0x0000000085a00000, 0x0000000085b00000|  0%| F|  |TAMS 0x0000000085a00000, 0x0000000085a00000| Untracked 
|  91|0x0000000085b00000, 0x0000000085b00000, 0x0000000085c00000|  0%| F|  |TAMS 0x0000000085b00000, 0x0000000085b00000| Untracked 
|  92|0x0000000085c00000, 0x0000000085c00000, 0x0000000085d00000|  0%| F|  |TAMS 0x0000000085c00000, 0x0000000085c00000| Untracked 
|  93|0x0000000085d00000, 0x0000000085d00000, 0x0000000085e00000|  0%| F|  |TAMS 0x0000000085d00000, 0x0000000085d00000| Untracked 
|  94|0x0000000085e00000, 0x0000000085e00000, 0x0000000085f00000|  0%| F|  |TAMS 0x0000000085e00000, 0x0000000085e00000| Untracked 
|  95|0x0000000085f00000, 0x0000000085f00000, 0x0000000086000000|  0%| F|  |TAMS 0x0000000085f00000, 0x0000000085f00000| Untracked 
|  96|0x0000000086000000, 0x0000000086000000, 0x0000000086100000|  0%| F|  |TAMS 0x0000000086000000, 0x0000000086000000| Untracked 
|  97|0x0000000086100000, 0x0000000086100000, 0x0000000086200000|  0%| F|  |TAMS 0x0000000086100000, 0x0000000086100000| Untracked 
|  98|0x0000000086200000, 0x0000000086200000, 0x0000000086300000|  0%| F|  |TAMS 0x0000000086200000, 0x0000000086200000| Untracked 
|  99|0x0000000086300000, 0x0000000086300000, 0x0000000086400000|  0%| F|  |TAMS 0x0000000086300000, 0x0000000086300000| Untracked 
| 100|0x0000000086400000, 0x0000000086400000, 0x0000000086500000|  0%| F|  |TAMS 0x0000000086400000, 0x0000000086400000| Untracked 
| 101|0x0000000086500000, 0x0000000086500000, 0x0000000086600000|  0%| F|  |TAMS 0x0000000086500000, 0x0000000086500000| Untracked 
| 102|0x0000000086600000, 0x0000000086600000, 0x0000000086700000|  0%| F|  |TAMS 0x0000000086600000, 0x0000000086600000| Untracked 
| 103|0x0000000086700000, 0x0000000086700000, 0x0000000086800000|  0%| F|  |TAMS 0x0000000086700000, 0x0000000086700000| Untracked 
| 104|0x0000000086800000, 0x0000000086800000, 0x0000000086900000|  0%| F|  |TAMS 0x0000000086800000, 0x0000000086800000| Untracked 
| 105|0x0000000086900000, 0x0000000086900000, 0x0000000086a00000|  0%| F|  |TAMS 0x0000000086900000, 0x0000000086900000| Untracked 
| 106|0x0000000086a00000, 0x0000000086a00000, 0x0000000086b00000|  0%| F|  |TAMS 0x0000000086a00000, 0x0000000086a00000| Untracked 
| 107|0x0000000086b00000, 0x0000000086b00000, 0x0000000086c00000|  0%| F|  |TAMS 0x0000000086b00000, 0x0000000086b00000| Untracked 
| 108|0x0000000086c00000, 0x0000000086c00000, 0x0000000086d00000|  0%| F|  |TAMS 0x0000000086c00000, 0x0000000086c00000| Untracked 
| 109|0x0000000086d00000, 0x0000000086d00000, 0x0000000086e00000|  0%| F|  |TAMS 0x0000000086d00000, 0x0000000086d00000| Untracked 
| 110|0x0000000086e00000, 0x0000000086e00000, 0x0000000086f00000|  0%| F|  |TAMS 0x0000000086e00000, 0x0000000086e00000| Untracked 
| 111|0x0000000086f00000, 0x0000000086f00000, 0x0000000087000000|  0%| F|  |TAMS 0x0000000086f00000, 0x0000000086f00000| Untracked 
| 112|0x0000000087000000, 0x0000000087000000, 0x0000000087100000|  0%| F|  |TAMS 0x0000000087000000, 0x0000000087000000| Untracked 
| 113|0x0000000087100000, 0x0000000087100000, 0x0000000087200000|  0%| F|  |TAMS 0x0000000087100000, 0x0000000087100000| Untracked 
| 114|0x0000000087200000, 0x0000000087200000, 0x0000000087300000|  0%| F|  |TAMS 0x0000000087200000, 0x0000000087200000| Untracked 
| 115|0x0000000087300000, 0x0000000087300000, 0x0000000087400000|  0%| F|  |TAMS 0x0000000087300000, 0x0000000087300000| Untracked 
| 116|0x0000000087400000, 0x0000000087400000, 0x0000000087500000|  0%| F|  |TAMS 0x0000000087400000, 0x0000000087400000| Untracked 
| 117|0x0000000087500000, 0x0000000087500000, 0x0000000087600000|  0%| F|  |TAMS 0x0000000087500000, 0x0000000087500000| Untracked 
| 118|0x0000000087600000, 0x0000000087600000, 0x0000000087700000|  0%| F|  |TAMS 0x0000000087600000, 0x0000000087600000| Untracked 
| 119|0x0000000087700000, 0x0000000087700000, 0x0000000087800000|  0%| F|  |TAMS 0x0000000087700000, 0x0000000087700000| Untracked 
| 120|0x0000000087800000, 0x0000000087800000, 0x0000000087900000|  0%| F|  |TAMS 0x0000000087800000, 0x0000000087800000| Untracked 
| 121|0x0000000087900000, 0x0000000087900000, 0x0000000087a00000|  0%| F|  |TAMS 0x0000000087900000, 0x0000000087900000| Untracked 
| 122|0x0000000087a00000, 0x0000000087a00000, 0x0000000087b00000|  0%| F|  |TAMS 0x0000000087a00000, 0x0000000087a00000| Untracked 
| 123|0x0000000087b00000, 0x0000000087b00000, 0x0000000087c00000|  0%| F|  |TAMS 0x0000000087b00000, 0x0000000087b00000| Untracked 
| 124|0x0000000087c00000, 0x0000000087c00000, 0x0000000087d00000|  0%| F|  |TAMS 0x0000000087c00000, 0x0000000087c00000| Untracked 
| 125|0x0000000087d00000, 0x0000000087d00000, 0x0000000087e00000|  0%| F|  |TAMS 0x0000000087d00000, 0x0000000087d00000| Untracked 
| 126|0x0000000087e00000, 0x0000000087e00000, 0x0000000087f00000|  0%| F|  |TAMS 0x0000000087e00000, 0x0000000087e00000| Untracked 
| 127|0x0000000087f00000, 0x0000000087f00000, 0x0000000088000000|  0%| F|  |TAMS 0x0000000087f00000, 0x0000000087f00000| Untracked 
| 128|0x0000000088000000, 0x0000000088000000, 0x0000000088100000|  0%| F|  |TAMS 0x0000000088000000, 0x0000000088000000| Untracked 
| 129|0x0000000088100000, 0x00000000881c7f20, 0x0000000088200000| 78%| S|CS|TAMS 0x0000000088100000, 0x0000000088100000| Complete 
| 130|0x0000000088200000, 0x0000000088300000, 0x0000000088300000|100%| S|CS|TAMS 0x0000000088200000, 0x0000000088200000| Complete 
| 131|0x0000000088300000, 0x0000000088400000, 0x0000000088400000|100%| S|CS|TAMS 0x0000000088300000, 0x0000000088300000| Complete 
| 132|0x0000000088400000, 0x0000000088500000, 0x0000000088500000|100%| S|CS|TAMS 0x0000000088400000, 0x0000000088400000| Complete 
| 133|0x0000000088500000, 0x0000000088600000, 0x0000000088600000|100%| S|CS|TAMS 0x0000000088500000, 0x0000000088500000| Complete 
| 134|0x0000000088600000, 0x0000000088700000, 0x0000000088700000|100%| S|CS|TAMS 0x0000000088600000, 0x0000000088600000| Complete 
| 135|0x0000000088700000, 0x0000000088800000, 0x0000000088800000|100%| S|CS|TAMS 0x0000000088700000, 0x0000000088700000| Complete 
| 136|0x0000000088800000, 0x0000000088900000, 0x0000000088900000|100%| S|CS|TAMS 0x0000000088800000, 0x0000000088800000| Complete 
| 137|0x0000000088900000, 0x0000000088a00000, 0x0000000088a00000|100%| S|CS|TAMS 0x0000000088900000, 0x0000000088900000| Complete 
| 138|0x0000000088a00000, 0x0000000088b00000, 0x0000000088b00000|100%| S|CS|TAMS 0x0000000088a00000, 0x0000000088a00000| Complete 
| 139|0x0000000088b00000, 0x0000000088b00000, 0x0000000088c00000|  0%| F|  |TAMS 0x0000000088b00000, 0x0000000088b00000| Untracked 
| 140|0x0000000088c00000, 0x0000000088c00000, 0x0000000088d00000|  0%| F|  |TAMS 0x0000000088c00000, 0x0000000088c00000| Untracked 
| 141|0x0000000088d00000, 0x0000000088d00000, 0x0000000088e00000|  0%| F|  |TAMS 0x0000000088d00000, 0x0000000088d00000| Untracked 
| 142|0x0000000088e00000, 0x0000000088e00000, 0x0000000088f00000|  0%| F|  |TAMS 0x0000000088e00000, 0x0000000088e00000| Untracked 
| 143|0x0000000088f00000, 0x0000000088f00000, 0x0000000089000000|  0%| F|  |TAMS 0x0000000088f00000, 0x0000000088f00000| Untracked 
| 144|0x0000000089000000, 0x0000000089000000, 0x0000000089100000|  0%| F|  |TAMS 0x0000000089000000, 0x0000000089000000| Untracked 
| 145|0x0000000089100000, 0x0000000089100000, 0x0000000089200000|  0%| F|  |TAMS 0x0000000089100000, 0x0000000089100000| Untracked 
| 146|0x0000000089200000, 0x0000000089200000, 0x0000000089300000|  0%| F|  |TAMS 0x0000000089200000, 0x0000000089200000| Untracked 
| 147|0x0000000089300000, 0x0000000089300000, 0x0000000089400000|  0%| F|  |TAMS 0x0000000089300000, 0x0000000089300000| Untracked 
| 148|0x0000000089400000, 0x0000000089400000, 0x0000000089500000|  0%| F|  |TAMS 0x0000000089400000, 0x0000000089400000| Untracked 
| 149|0x0000000089500000, 0x0000000089500000, 0x0000000089600000|  0%| F|  |TAMS 0x0000000089500000, 0x0000000089500000| Untracked 
| 150|0x0000000089600000, 0x0000000089600000, 0x0000000089700000|  0%| F|  |TAMS 0x0000000089600000, 0x0000000089600000| Untracked 
| 151|0x0000000089700000, 0x0000000089700000, 0x0000000089800000|  0%| F|  |TAMS 0x0000000089700000, 0x0000000089700000| Untracked 
| 152|0x0000000089800000, 0x0000000089800000, 0x0000000089900000|  0%| F|  |TAMS 0x0000000089800000, 0x0000000089800000| Untracked 
| 153|0x0000000089900000, 0x0000000089900000, 0x0000000089a00000|  0%| F|  |TAMS 0x0000000089900000, 0x0000000089900000| Untracked 
| 154|0x0000000089a00000, 0x0000000089a00000, 0x0000000089b00000|  0%| F|  |TAMS 0x0000000089a00000, 0x0000000089a00000| Untracked 
| 155|0x0000000089b00000, 0x0000000089b00000, 0x0000000089c00000|  0%| F|  |TAMS 0x0000000089b00000, 0x0000000089b00000| Untracked 
| 156|0x0000000089c00000, 0x0000000089c00000, 0x0000000089d00000|  0%| F|  |TAMS 0x0000000089c00000, 0x0000000089c00000| Untracked 
| 157|0x0000000089d00000, 0x0000000089d00000, 0x0000000089e00000|  0%| F|  |TAMS 0x0000000089d00000, 0x0000000089d00000| Untracked 
| 158|0x0000000089e00000, 0x0000000089e00000, 0x0000000089f00000|  0%| F|  |TAMS 0x0000000089e00000, 0x0000000089e00000| Untracked 
| 159|0x0000000089f00000, 0x0000000089f00000, 0x000000008a000000|  0%| F|  |TAMS 0x0000000089f00000, 0x0000000089f00000| Untracked 
| 160|0x000000008a000000, 0x000000008a000000, 0x000000008a100000|  0%| F|  |TAMS 0x000000008a000000, 0x000000008a000000| Untracked 
| 161|0x000000008a100000, 0x000000008a100000, 0x000000008a200000|  0%| F|  |TAMS 0x000000008a100000, 0x000000008a100000| Untracked 
| 162|0x000000008a200000, 0x000000008a200000, 0x000000008a300000|  0%| F|  |TAMS 0x000000008a200000, 0x000000008a200000| Untracked 
| 163|0x000000008a300000, 0x000000008a300000, 0x000000008a400000|  0%| F|  |TAMS 0x000000008a300000, 0x000000008a300000| Untracked 
| 164|0x000000008a400000, 0x000000008a400000, 0x000000008a500000|  0%| F|  |TAMS 0x000000008a400000, 0x000000008a400000| Untracked 
| 165|0x000000008a500000, 0x000000008a500000, 0x000000008a600000|  0%| F|  |TAMS 0x000000008a500000, 0x000000008a500000| Untracked 
| 166|0x000000008a600000, 0x000000008a600000, 0x000000008a700000|  0%| F|  |TAMS 0x000000008a600000, 0x000000008a600000| Untracked 
| 167|0x000000008a700000, 0x000000008a700000, 0x000000008a800000|  0%| F|  |TAMS 0x000000008a700000, 0x000000008a700000| Untracked 
| 168|0x000000008a800000, 0x000000008a800000, 0x000000008a900000|  0%| F|  |TAMS 0x000000008a800000, 0x000000008a800000| Untracked 
| 169|0x000000008a900000, 0x000000008a900000, 0x000000008aa00000|  0%| F|  |TAMS 0x000000008a900000, 0x000000008a900000| Untracked 
| 170|0x000000008aa00000, 0x000000008aa00000, 0x000000008ab00000|  0%| F|  |TAMS 0x000000008aa00000, 0x000000008aa00000| Untracked 
| 171|0x000000008ab00000, 0x000000008ab00000, 0x000000008ac00000|  0%| F|  |TAMS 0x000000008ab00000, 0x000000008ab00000| Untracked 
| 172|0x000000008ac00000, 0x000000008ac00000, 0x000000008ad00000|  0%| F|  |TAMS 0x000000008ac00000, 0x000000008ac00000| Untracked 
| 173|0x000000008ad00000, 0x000000008ad00000, 0x000000008ae00000|  0%| F|  |TAMS 0x000000008ad00000, 0x000000008ad00000| Untracked 
| 174|0x000000008ae00000, 0x000000008ae00000, 0x000000008af00000|  0%| F|  |TAMS 0x000000008ae00000, 0x000000008ae00000| Untracked 
| 175|0x000000008af00000, 0x000000008af00000, 0x000000008b000000|  0%| F|  |TAMS 0x000000008af00000, 0x000000008af00000| Untracked 
| 176|0x000000008b000000, 0x000000008b000000, 0x000000008b100000|  0%| F|  |TAMS 0x000000008b000000, 0x000000008b000000| Untracked 
| 177|0x000000008b100000, 0x000000008b100000, 0x000000008b200000|  0%| F|  |TAMS 0x000000008b100000, 0x000000008b100000| Untracked 
| 178|0x000000008b200000, 0x000000008b200000, 0x000000008b300000|  0%| F|  |TAMS 0x000000008b200000, 0x000000008b200000| Untracked 
| 179|0x000000008b300000, 0x000000008b300000, 0x000000008b400000|  0%| F|  |TAMS 0x000000008b300000, 0x000000008b300000| Untracked 
| 180|0x000000008b400000, 0x000000008b400000, 0x000000008b500000|  0%| F|  |TAMS 0x000000008b400000, 0x000000008b400000| Untracked 
| 181|0x000000008b500000, 0x000000008b500000, 0x000000008b600000|  0%| F|  |TAMS 0x000000008b500000, 0x000000008b500000| Untracked 
| 182|0x000000008b600000, 0x000000008b600000, 0x000000008b700000|  0%| F|  |TAMS 0x000000008b600000, 0x000000008b600000| Untracked 
| 183|0x000000008b700000, 0x000000008b700000, 0x000000008b800000|  0%| F|  |TAMS 0x000000008b700000, 0x000000008b700000| Untracked 
| 184|0x000000008b800000, 0x000000008b800000, 0x000000008b900000|  0%| F|  |TAMS 0x000000008b800000, 0x000000008b800000| Untracked 

Card table byte_map: [0x000002f741dc0000,0x000002f7421c0000] _byte_map_base: 0x000002f7419c0000

Marking Bits (Prev, Next): (CMBitMap*) 0x000002f72ebcea28, (CMBitMap*) 0x000002f72ebcea60
 Prev Bits: [0x000002f7425c0000, 0x000002f7445c0000)
 Next Bits: [0x000002f7445c0000, 0x000002f7465c0000)

Polling page: 0x000002f72cac0000

Metaspace:

Usage:
  Non-class:     74.56 MB capacity,    73.39 MB ( 98%) used,   971.30 KB (  1%) free+waste,   225.56 KB ( <1%) overhead. 
      Class:     11.61 MB capacity,    10.88 MB ( 94%) used,   648.29 KB (  5%) free+waste,   103.94 KB ( <1%) overhead. 
       Both:     86.17 MB capacity,    84.27 MB ( 98%) used,     1.58 MB (  2%) free+waste,   329.50 KB ( <1%) overhead. 

Virtual space:
  Non-class space:       84.00 MB reserved,      74.58 MB ( 89%) committed 
      Class space:        1.00 GB reserved,      11.63 MB (  1%) committed 
             Both:        1.08 GB reserved,      86.21 MB (  8%) committed 

Chunk freelists:
   Non-Class:  22.00 KB
       Class:  13.00 KB
        Both:  35.00 KB

MaxMetaspaceSize: 17179869184.00 GB
CompressedClassSpaceSize: 1.00 GB

CodeHeap 'non-profiled nmethods': size=120000Kb used=5373Kb max_used=5373Kb free=114626Kb
 bounds [0x000002f73a160000, 0x000002f73a6a0000, 0x000002f741690000]
CodeHeap 'profiled nmethods': size=120000Kb used=18896Kb max_used=18896Kb free=101104Kb
 bounds [0x000002f732c30000, 0x000002f733eb0000, 0x000002f73a160000]
CodeHeap 'non-nmethods': size=5760Kb used=2276Kb max_used=2324Kb free=3483Kb
 bounds [0x000002f732690000, 0x000002f732900000, 0x000002f732c30000]
 total_blobs=9552 nmethods=8675 adapters=789
 compilation: enabled
              stopped_count=0, restarted_count=0
 full_count=0

Compilation events (20 events):
Event: 13.945 Thread 0x000002f7499c2800 8666       3       org.gradle.api.internal.artifacts.ivyservice.projectmodule.ProjectDependencyResolver::isProjectModule (5 bytes)
Event: 13.945 Thread 0x000002f7499c2800 nmethod 8666 0x000002f733e8bc90 code [0x000002f733e8be40, 0x000002f733e8c058]
Event: 13.946 Thread 0x000002f7499c2800 8667       3       org.gradle.api.internal.artifacts.ResolvedConfigurationIdentifier::<init> (15 bytes)
Event: 13.946 Thread 0x000002f7499c2800 nmethod 8667 0x000002f733e8c110 code [0x000002f733e8c2c0, 0x000002f733e8c4d8]
Event: 13.946 Thread 0x000002f7499c2800 8668       3       org.gradle.api.internal.artifacts.ResolvedConfigurationIdentifier::hashCode (16 bytes)
Event: 13.946 Thread 0x000002f7499c2800 nmethod 8668 0x000002f733e8c590 code [0x000002f733e8c760, 0x000002f733e8c978]
Event: 13.946 Thread 0x000002f7499c2800 8670       3       org.gradle.internal.component.model.MultipleCandidateMatcher::getValueIndex (16 bytes)
Event: 13.946 Thread 0x000002f7499c2800 nmethod 8670 0x000002f733e8ca90 code [0x000002f733e8cc40, 0x000002f733e8ce28]
Event: 13.946 Thread 0x000002f7499c2800 8671       3       org.gradle.api.internal.artifacts.ivyservice.resolveengine.graph.builder.DependencyState::<init> (34 bytes)
Event: 13.947 Thread 0x000002f7499c2800 nmethod 8671 0x000002f733e8cf10 code [0x000002f733e8d100, 0x000002f733e8d5d8]
Event: 13.947 Thread 0x000002f7499c2800 8672       3       org.gradle.api.internal.artifacts.ivyservice.resolveengine.graph.builder.DependencyState::computeHashCode (23 bytes)
Event: 13.947 Thread 0x000002f7499c2800 nmethod 8672 0x000002f733e8d790 code [0x000002f733e8d960, 0x000002f733e8dbf8]
Event: 13.947 Thread 0x000002f7499c2800 8669       1       org.gradle.api.attributes.Usage$Impl::getName (5 bytes)
Event: 13.947 Thread 0x000002f7499c2800 nmethod 8669 0x000002f73a69bc90 code [0x000002f73a69be40, 0x000002f73a69bef8]
Event: 13.947 Thread 0x000002f7499c2800 8673   !   3       org.gradle.cache.internal.DefaultCacheAccess::onEndWork (36 bytes)
Event: 13.948 Thread 0x000002f7499c2800 nmethod 8673 0x000002f733e8dd10 code [0x000002f733e8dee0, 0x000002f733e8e1a8]
Event: 13.948 Thread 0x000002f7499c2800 8675       3       java.util.LinkedList::remove (77 bytes)
Event: 13.948 Thread 0x000002f7499c2800 nmethod 8675 0x000002f733e8e290 code [0x000002f733e8e4a0, 0x000002f733e8e968]
Event: 13.948 Thread 0x000002f7499c2800 8676       3       org.gradle.api.internal.attributes.DefaultImmutableAttributes::contains (9 bytes)
Event: 13.948 Thread 0x000002f7499c2800 nmethod 8676 0x000002f733e8eb10 code [0x000002f733e8ecc0, 0x000002f733e8ee88]

GC Heap History (20 events):
Event: 4.830 GC heap before
{Heap before GC invocations=6 (full 0):
 garbage-first heap   total 131072K, used 76915K [0x0000000080000000, 0x0000000100000000)
  region size 1024K, 60 young (61440K), 3 survivors (3072K)
 Metaspace       used 35065K, capacity 35846K, committed 36048K, reserved 1081344K
  class space    used 4561K, capacity 4863K, committed 4864K, reserved 1048576K
}
Event: 4.843 GC heap after
{Heap after GC invocations=7 (full 0):
 garbage-first heap   total 131072K, used 23066K [0x0000000080000000, 0x0000000100000000)
  region size 1024K, 7 young (7168K), 7 survivors (7168K)
 Metaspace       used 35065K, capacity 35846K, committed 36048K, reserved 1081344K
  class space    used 4561K, capacity 4863K, committed 4864K, reserved 1048576K
}
Event: 5.674 GC heap before
{Heap before GC invocations=8 (full 0):
 garbage-first heap   total 131072K, used 85530K [0x0000000080000000, 0x0000000100000000)
  region size 1024K, 66 young (67584K), 7 survivors (7168K)
 Metaspace       used 39290K, capacity 40203K, committed 40528K, reserved 1085440K
  class space    used 5040K, capacity 5393K, committed 5504K, reserved 1048576K
}
Event: 5.685 GC heap after
{Heap after GC invocations=9 (full 0):
 garbage-first heap   total 131072K, used 28092K [0x0000000080000000, 0x0000000100000000)
  region size 1024K, 9 young (9216K), 9 survivors (9216K)
 Metaspace       used 39290K, capacity 40203K, committed 40528K, reserved 1085440K
  class space    used 5040K, capacity 5393K, committed 5504K, reserved 1048576K
}
Event: 6.493 GC heap before
{Heap before GC invocations=9 (full 0):
 garbage-first heap   total 131072K, used 90556K [0x0000000080000000, 0x0000000100000000)
  region size 1024K, 70 young (71680K), 9 survivors (9216K)
 Metaspace       used 45181K, capacity 46244K, committed 46416K, reserved 1089536K
  class space    used 5800K, capacity 6204K, committed 6272K, reserved 1048576K
}
Event: 6.504 GC heap after
{Heap after GC invocations=10 (full 0):
 garbage-first heap   total 157696K, used 29777K [0x0000000080000000, 0x0000000100000000)
  region size 1024K, 3 young (3072K), 3 survivors (3072K)
 Metaspace       used 45181K, capacity 46244K, committed 46416K, reserved 1089536K
  class space    used 5800K, capacity 6204K, committed 6272K, reserved 1048576K
}
Event: 7.744 GC heap before
{Heap before GC invocations=10 (full 0):
 garbage-first heap   total 157696K, used 128081K [0x0000000080000000, 0x0000000100000000)
  region size 1024K, 91 young (93184K), 3 survivors (3072K)
 Metaspace       used 48724K, capacity 50003K, committed 50256K, reserved 1093632K
  class space    used 6218K, capacity 6713K, committed 6784K, reserved 1048576K
}
Event: 7.754 GC heap after
{Heap after GC invocations=11 (full 0):
 garbage-first heap   total 157696K, used 51504K [0x0000000080000000, 0x0000000100000000)
  region size 1024K, 12 young (12288K), 12 survivors (12288K)
 Metaspace       used 48724K, capacity 50003K, committed 50256K, reserved 1093632K
  class space    used 6218K, capacity 6713K, committed 6784K, reserved 1048576K
}
Event: 8.729 GC heap before
{Heap before GC invocations=11 (full 0):
 garbage-first heap   total 157696K, used 114992K [0x0000000080000000, 0x0000000100000000)
  region size 1024K, 74 young (75776K), 12 survivors (12288K)
 Metaspace       used 57793K, capacity 59083K, committed 59216K, reserved 1101824K
  class space    used 7270K, capacity 7771K, committed 7808K, reserved 1048576K
}
Event: 8.742 GC heap after
{Heap after GC invocations=12 (full 0):
 garbage-first heap   total 157696K, used 54307K [0x0000000080000000, 0x0000000100000000)
  region size 1024K, 3 young (3072K), 3 survivors (3072K)
 Metaspace       used 57793K, capacity 59083K, committed 59216K, reserved 1101824K
  class space    used 7270K, capacity 7771K, committed 7808K, reserved 1048576K
}
Event: 8.885 GC heap before
{Heap before GC invocations=12 (full 0):
 garbage-first heap   total 157696K, used 62499K [0x0000000080000000, 0x0000000100000000)
  region size 1024K, 12 young (12288K), 3 survivors (3072K)
 Metaspace       used 58827K, capacity 60124K, committed 60240K, reserved 1101824K
  class space    used 7429K, capacity 7949K, committed 8064K, reserved 1048576K
}
Event: 8.890 GC heap after
{Heap after GC invocations=13 (full 0):
 garbage-first heap   total 157696K, used 54292K [0x0000000080000000, 0x0000000100000000)
  region size 1024K, 3 young (3072K), 3 survivors (3072K)
 Metaspace       used 58827K, capacity 60124K, committed 60240K, reserved 1101824K
  class space    used 7429K, capacity 7949K, committed 8064K, reserved 1048576K
}
Event: 9.957 GC heap before
{Heap before GC invocations=14 (full 0):
 garbage-first heap   total 157696K, used 115732K [0x0000000080000000, 0x0000000100000000)
  region size 1024K, 63 young (64512K), 3 survivors (3072K)
 Metaspace       used 65090K, capacity 66531K, committed 66772K, reserved 1107968K
  class space    used 8196K, capacity 8774K, committed 8832K, reserved 1048576K
}
Event: 9.973 GC heap after
{Heap after GC invocations=15 (full 0):
 garbage-first heap   total 157696K, used 60067K [0x0000000080000000, 0x0000000100000000)
  region size 1024K, 8 young (8192K), 8 survivors (8192K)
 Metaspace       used 65090K, capacity 66531K, committed 66772K, reserved 1107968K
  class space    used 8196K, capacity 8774K, committed 8832K, reserved 1048576K
}
Event: 10.731 GC heap before
{Heap before GC invocations=16 (full 0):
 garbage-first heap   total 157696K, used 118435K [0x0000000080000000, 0x0000000100000000)
  region size 1024K, 65 young (66560K), 8 survivors (8192K)
 Metaspace       used 68082K, capacity 69640K, committed 69716K, reserved 1110016K
  class space    used 8588K, capacity 9164K, committed 9216K, reserved 1048576K
}
Event: 10.743 GC heap after
{Heap after GC invocations=17 (full 0):
 garbage-first heap   total 189440K, used 63977K [0x0000000080000000, 0x0000000100000000)
  region size 1024K, 5 young (5120K), 5 survivors (5120K)
 Metaspace       used 68082K, capacity 69640K, committed 69716K, reserved 1110016K
  class space    used 8588K, capacity 9164K, committed 9216K, reserved 1048576K
}
Event: 11.842 GC heap before
{Heap before GC invocations=17 (full 0):
 garbage-first heap   total 189440K, used 133609K [0x0000000080000000, 0x0000000100000000)
  region size 1024K, 73 young (74752K), 5 survivors (5120K)
 Metaspace       used 74811K, capacity 76335K, committed 76372K, reserved 1116160K
  class space    used 9632K, capacity 10216K, committed 10240K, reserved 1048576K
}
Event: 11.850 GC heap after
{Heap after GC invocations=18 (full 0):
 garbage-first heap   total 189440K, used 67572K [0x0000000080000000, 0x0000000100000000)
  region size 1024K, 9 young (9216K), 9 survivors (9216K)
 Metaspace       used 74811K, capacity 76335K, committed 76372K, reserved 1116160K
  class space    used 9632K, capacity 10216K, committed 10240K, reserved 1048576K
}
Event: 13.160 GC heap before
{Heap before GC invocations=18 (full 0):
 garbage-first heap   total 189440K, used 137204K [0x0000000080000000, 0x0000000100000000)
  region size 1024K, 77 young (78848K), 9 survivors (9216K)
 Metaspace       used 81981K, capacity 83724K, committed 83924K, reserved 1122304K
  class space    used 10602K, capacity 11306K, committed 11392K, reserved 1048576K
}
Event: 13.174 GC heap after
{Heap after GC invocations=19 (full 0):
 garbage-first heap   total 189440K, used 71842K [0x0000000080000000, 0x0000000100000000)
  region size 1024K, 9 young (9216K), 9 survivors (9216K)
 Metaspace       used 81981K, capacity 83724K, committed 83924K, reserved 1122304K
  class space    used 10602K, capacity 11306K, committed 11392K, reserved 1048576K
}

Deoptimization events (20 events):
Event: 13.731 Thread 0x000002f74b050000 Uncommon trap: trap_request=0xffffffbe fr.pc=0x000002f73a615604 relative=0x0000000000000504
Event: 13.731 Thread 0x000002f74b050000 Uncommon trap: reason=profile_predicate action=maybe_recompile pc=0x000002f73a615604 method=java.util.stream.ReferencePipeline.forEachWithCancel(Ljava/util/Spliterator;Ljava/util/stream/Sink;)Z @ 8 c2
Event: 13.731 Thread 0x000002f74b050000 DEOPT PACKING pc=0x000002f73a615604 sp=0x000000f8c8afdfe0
Event: 13.731 Thread 0x000002f74b050000 DEOPT UNPACKING pc=0x000002f7326b662f sp=0x000000f8c8afdf80 mode 2
Event: 13.732 Thread 0x000002f74b050000 Uncommon trap: trap_request=0xffffffbe fr.pc=0x000002f73a615604 relative=0x0000000000000504
Event: 13.732 Thread 0x000002f74b050000 Uncommon trap: reason=profile_predicate action=maybe_recompile pc=0x000002f73a615604 method=java.util.stream.ReferencePipeline.forEachWithCancel(Ljava/util/Spliterator;Ljava/util/stream/Sink;)Z @ 8 c2
Event: 13.732 Thread 0x000002f74b050000 DEOPT PACKING pc=0x000002f73a615604 sp=0x000000f8c8afd280
Event: 13.732 Thread 0x000002f74b050000 DEOPT UNPACKING pc=0x000002f7326b662f sp=0x000000f8c8afd220 mode 2
Event: 13.733 Thread 0x000002f74b050000 Uncommon trap: trap_request=0xffffffc6 fr.pc=0x000002f73a549470 relative=0x0000000000000410
Event: 13.733 Thread 0x000002f74b050000 Uncommon trap: reason=bimorphic_or_optimized_type_check action=maybe_recompile pc=0x000002f73a549470 method=java.util.Collections$SetFromMap.remove(Ljava/lang/Object;)Z @ 5 c2
Event: 13.733 Thread 0x000002f74b050000 DEOPT PACKING pc=0x000002f73a549470 sp=0x000000f8c8afe5d0
Event: 13.733 Thread 0x000002f74b050000 DEOPT UNPACKING pc=0x000002f7326b662f sp=0x000000f8c8afe5c8 mode 2
Event: 13.733 Thread 0x000002f74b050000 Uncommon trap: trap_request=0xffffffc6 fr.pc=0x000002f73a549470 relative=0x0000000000000410
Event: 13.733 Thread 0x000002f74b050000 Uncommon trap: reason=bimorphic_or_optimized_type_check action=maybe_recompile pc=0x000002f73a549470 method=java.util.Collections$SetFromMap.remove(Ljava/lang/Object;)Z @ 5 c2
Event: 13.733 Thread 0x000002f74b050000 DEOPT PACKING pc=0x000002f73a549470 sp=0x000000f8c8afe470
Event: 13.733 Thread 0x000002f74b050000 DEOPT UNPACKING pc=0x000002f7326b662f sp=0x000000f8c8afe468 mode 2
Event: 13.783 Thread 0x000002f74b050000 Uncommon trap: trap_request=0xffffffc6 fr.pc=0x000002f73a549470 relative=0x0000000000000410
Event: 13.783 Thread 0x000002f74b050000 Uncommon trap: reason=bimorphic_or_optimized_type_check action=maybe_recompile pc=0x000002f73a549470 method=java.util.Collections$SetFromMap.remove(Ljava/lang/Object;)Z @ 5 c2
Event: 13.783 Thread 0x000002f74b050000 DEOPT PACKING pc=0x000002f73a549470 sp=0x000000f8c8afe5d0
Event: 13.783 Thread 0x000002f74b050000 DEOPT UNPACKING pc=0x000002f7326b662f sp=0x000000f8c8afe5c8 mode 2

Classes redefined (0 events):
No events

Internal exceptions (20 events):
Event: 13.593 Thread 0x000002f749033800 Implicit null exception at 0x000002f73a67a8d4 to 0x000002f73a67b0ec
Event: 13.619 Thread 0x000002f749033800 Exception <a 'java/lang/NoSuchMethodError'{0x0000000089f512c8}: <clinit>> (0x0000000089f512c8) thrown at [./src/hotspot/share/prims/jni.cpp, line 1362]
Event: 13.630 Thread 0x000002f749033800 Exception <a 'java/lang/NoSuchMethodError'{0x0000000089f99ba8}: <clinit>> (0x0000000089f99ba8) thrown at [./src/hotspot/share/prims/jni.cpp, line 1362]
Event: 13.634 Thread 0x000002f749033800 Exception <a 'java/lang/NoSuchMethodError'{0x0000000089fcc2e0}: 'void java.lang.invoke.DirectMethodHandle$Holder.invokeSpecial(java.lang.Object, java.lang.Object, java.lang.Object, int)'> (0x0000000089fcc2e0) thrown at [./src/hotspot/share/interpreter/linkResolver.cpp, line 773]
Event: 13.674 Thread 0x000002f749033800 Exception <a 'sun/nio/fs/WindowsException'{0x0000000089de7b30}> (0x0000000089de7b30) thrown at [./src/hotspot/share/prims/jni.cpp, line 615]
Event: 13.726 Thread 0x000002f74be1d800 Exception <a 'java/lang/NoSuchMethodError'{0x000000008997d6a0}: <clinit>> (0x000000008997d6a0) thrown at [./src/hotspot/share/prims/jni.cpp, line 1362]
Event: 13.726 Thread 0x000002f74be1d800 Exception <a 'java/lang/NoSuchMethodError'{0x00000000899878e8}: <clinit>> (0x00000000899878e8) thrown at [./src/hotspot/share/prims/jni.cpp, line 1362]
Event: 13.730 Thread 0x000002f74be1d800 Exception <a 'java/lang/NoSuchMethodError'{0x00000000899d5a88}: <clinit>> (0x00000000899d5a88) thrown at [./src/hotspot/share/prims/jni.cpp, line 1362]
Event: 13.732 Thread 0x000002f74be1d800 Exception <a 'java/lang/NoSuchMethodError'{0x00000000899e7788}: <clinit>> (0x00000000899e7788) thrown at [./src/hotspot/share/prims/jni.cpp, line 1362]
Event: 13.732 Thread 0x000002f74be1d800 Exception <a 'java/lang/NoSuchMethodError'{0x00000000899e8ca0}: <clinit>> (0x00000000899e8ca0) thrown at [./src/hotspot/share/prims/jni.cpp, line 1362]
Event: 13.758 Thread 0x000002f74b04a800 Exception <a 'java/lang/NoSuchMethodError'{0x00000000897bbb80}: <clinit>> (0x00000000897bbb80) thrown at [./src/hotspot/share/prims/jni.cpp, line 1362]
Event: 13.761 Thread 0x000002f74b050000 Exception <a 'java/lang/IncompatibleClassChangeError'{0x00000000896a3d68}: Found class java.lang.Object, but interface was expected> (0x00000000896a3d68) thrown at [./src/hotspot/share/interpreter/linkResolver.cpp, line 839]
Event: 13.762 Thread 0x000002f74b04a800 Exception <a 'java/lang/NoSuchMethodError'{0x00000000897d0db0}: <clinit>> (0x00000000897d0db0) thrown at [./src/hotspot/share/prims/jni.cpp, line 1362]
Event: 13.766 Thread 0x000002f74b04a800 Exception <a 'java/lang/NoSuchMethodError'{0x0000000089518580}: <clinit>> (0x0000000089518580) thrown at [./src/hotspot/share/prims/jni.cpp, line 1362]
Event: 13.784 Thread 0x000002f74be1d800 Exception <a 'java/lang/NoSuchMethodError'{0x00000000894db648}: <clinit>> (0x00000000894db648) thrown at [./src/hotspot/share/prims/jni.cpp, line 1362]
Event: 13.784 Thread 0x000002f74b050000 Exception <a 'java/lang/NoSuchMethodError'{0x00000000894c18c0}: 'java.lang.Object java.lang.invoke.DirectMethodHandle$Holder.invokeInterface(java.lang.Object, java.lang.Object, int)'> (0x00000000894c18c0) thrown at [./src/hotspot/share/interpreter/linkResolver.cpp, line 773]
Event: 13.786 Thread 0x000002f74b050000 Exception <a 'java/lang/NoSuchMethodError'{0x00000000894eaab8}: 'void java.lang.invoke.DirectMethodHandle$Holder.invokeStatic(java.lang.Object, java.lang.Object, java.lang.Object, int)'> (0x00000000894eaab8) thrown at [./src/hotspot/share/interpreter/linkResolver.cpp, line 773]
Event: 13.822 Thread 0x000002f74b050000 Exception <a 'java/lang/IncompatibleClassChangeError'{0x00000000893ec5f8}: Found class java.lang.Object, but interface was expected> (0x00000000893ec5f8) thrown at [./src/hotspot/share/interpreter/linkResolver.cpp, line 839]
Event: 13.827 Thread 0x000002f74b050000 Exception <a 'java/lang/IncompatibleClassChangeError'{0x00000000892394e0}: Found class java.lang.Object, but interface was expected> (0x00000000892394e0) thrown at [./src/hotspot/share/interpreter/linkResolver.cpp, line 839]
Event: 13.862 Thread 0x000002f74b050000 Exception <a 'java/lang/NoSuchMethodError'{0x000000008907ce98}: 'int java.lang.invoke.DirectMethodHandle$Holder.invokeStaticInit(java.lang.Object, java.lang.Object, java.lang.Object, java.lang.Object, java.lang.Object)'> (0x000000008907ce98) thrown at [./src/hotspot/share/interpreter/linkResolver.cpp, line 773]

Events (20 events):
Event: 13.885 Executing VM operation: RevokeBias
Event: 13.885 Executing VM operation: RevokeBias done
Event: 13.885 Executing VM operation: RevokeBias
Event: 13.886 Executing VM operation: RevokeBias done
Event: 13.886 Executing VM operation: RevokeBias
Event: 13.886 Executing VM operation: RevokeBias done
Event: 13.888 Executing VM operation: RevokeBias
Event: 13.888 Executing VM operation: RevokeBias done
Event: 13.892 Executing VM operation: RevokeBias
Event: 13.892 Executing VM operation: RevokeBias done
Event: 13.893 Executing VM operation: RevokeBias
Event: 13.893 Executing VM operation: RevokeBias done
Event: 13.897 loading class org/gradle/internal/component/external/model/AbstractMutableModuleComponentResolveMetadata$DependencyConstraintImpl
Event: 13.897 loading class org/gradle/internal/component/external/model/AbstractMutableModuleComponentResolveMetadata$DependencyConstraintImpl done
Event: 13.898 loading class org/gradle/internal/component/external/model/ComponentVariant$DependencyConstraint
Event: 13.898 loading class org/gradle/internal/component/external/model/ComponentVariant$DependencyConstraint done
Event: 13.905 loading class org/gradle/api/attributes/CompatibilityCheckDetails
Event: 13.905 loading class org/gradle/api/attributes/CompatibilityCheckDetails done
Event: 13.906 loading class org/jetbrains/kotlin/gradle/plugin/mpp/KotlinUsages$KotlinMetadataCompatibility
Event: 13.906 loading class org/jetbrains/kotlin/gradle/plugin/mpp/KotlinUsages$KotlinMetadataCompatibility done


Dynamic libraries:
0x00007ff600ad0000 - 0x00007ff600ada000 	C:\Program Files\Android\Android Studio\jre\bin\java.exe
0x00007ffe66710000 - 0x00007ffe66908000 	C:\WINDOWS\SYSTEM32\ntdll.dll
0x00007ffe64e00000 - 0x00007ffe64ebd000 	C:\WINDOWS\System32\KERNEL32.DLL
0x00007ffe642f0000 - 0x00007ffe645be000 	C:\WINDOWS\System32\KERNELBASE.dll
0x00007ffe64030000 - 0x00007ffe64130000 	C:\WINDOWS\System32\ucrtbase.dll
0x00007ffe4dbd0000 - 0x00007ffe4dbe7000 	C:\Program Files\Android\Android Studio\jre\bin\VCRUNTIME140.dll
0x00007ffe4c880000 - 0x00007ffe4c899000 	C:\Program Files\Android\Android Studio\jre\bin\jli.dll
0x00007ffe66300000 - 0x00007ffe664a0000 	C:\WINDOWS\System32\USER32.dll
0x00007ffe57dc0000 - 0x00007ffe5805a000 	C:\WINDOWS\WinSxS\amd64_microsoft.windows.common-controls_6595b64144ccf1df_6.0.19041.1110_none_60b5254171f9507e\COMCTL32.dll
0x00007ffe646f0000 - 0x00007ffe64712000 	C:\WINDOWS\System32\win32u.dll
0x00007ffe65fa0000 - 0x00007ffe6603e000 	C:\WINDOWS\System32\msvcrt.dll
0x00007ffe66040000 - 0x00007ffe6606a000 	C:\WINDOWS\System32\GDI32.dll
0x00007ffe64130000 - 0x00007ffe6423b000 	C:\WINDOWS\System32\gdi32full.dll
0x00007ffe64650000 - 0x00007ffe646ed000 	C:\WINDOWS\System32\msvcp_win.dll
0x00007ffe64770000 - 0x00007ffe647a0000 	C:\WINDOWS\System32\IMM32.DLL
0x00007ffe40f30000 - 0x00007ffe40fcd000 	C:\Program Files\Android\Android Studio\jre\bin\msvcp140.dll
0x00007ffe3ec70000 - 0x00007ffe3f745000 	C:\Program Files\Android\Android Studio\jre\bin\server\jvm.dll
0x00007ffe66250000 - 0x00007ffe662fe000 	C:\WINDOWS\System32\ADVAPI32.dll
0x00007ffe66080000 - 0x00007ffe6611c000 	C:\WINDOWS\System32\sechost.dll
0x00007ffe64b30000 - 0x00007ffe64c55000 	C:\WINDOWS\System32\RPCRT4.dll
0x00007ffe66510000 - 0x00007ffe66518000 	C:\WINDOWS\System32\PSAPI.DLL
0x00007ffe606f0000 - 0x00007ffe606f9000 	C:\WINDOWS\SYSTEM32\WSOCK32.dll
0x00007ffe55620000 - 0x00007ffe55647000 	C:\WINDOWS\SYSTEM32\WINMM.dll
0x00007ffe664a0000 - 0x00007ffe6650b000 	C:\WINDOWS\System32\WS2_32.dll
0x00007ffe5e640000 - 0x00007ffe5e64a000 	C:\WINDOWS\SYSTEM32\VERSION.dll
0x00007ffe61d50000 - 0x00007ffe61d62000 	C:\WINDOWS\SYSTEM32\kernel.appcore.dll
0x00007ffe4e230000 - 0x00007ffe4e241000 	C:\Program Files\Android\Android Studio\jre\bin\verify.dll
0x00007ffe55710000 - 0x00007ffe558f4000 	C:\WINDOWS\SYSTEM32\DBGHELP.DLL
0x00007ffe53160000 - 0x00007ffe5318c000 	C:\WINDOWS\SYSTEM32\dbgcore.DLL
0x00007ffe645c0000 - 0x00007ffe64642000 	C:\WINDOWS\System32\bcryptPrimitives.dll
0x00007ffe4dfc0000 - 0x00007ffe4dfe9000 	C:\Program Files\Android\Android Studio\jre\bin\java.dll
0x00007ffe55b30000 - 0x00007ffe55b3b000 	C:\Program Files\Android\Android Studio\jre\bin\jimage.dll
0x00007ffe4dfa0000 - 0x00007ffe4dfb8000 	C:\Program Files\Android\Android Studio\jre\bin\zip.dll
0x00007ffe65490000 - 0x00007ffe65bd4000 	C:\WINDOWS\System32\SHELL32.dll
0x00007ffe61f50000 - 0x00007ffe626e4000 	C:\WINDOWS\SYSTEM32\windows.storage.dll
0x00007ffe65c40000 - 0x00007ffe65f94000 	C:\WINDOWS\System32\combase.dll
0x00007ffe637c0000 - 0x00007ffe637f0000 	C:\WINDOWS\SYSTEM32\Wldp.dll
0x00007ffe66530000 - 0x00007ffe665dd000 	C:\WINDOWS\System32\SHCORE.dll
0x00007ffe65be0000 - 0x00007ffe65c35000 	C:\WINDOWS\System32\shlwapi.dll
0x00007ffe63d70000 - 0x00007ffe63d8f000 	C:\WINDOWS\SYSTEM32\profapi.dll
0x00007ffe4df60000 - 0x00007ffe4df7a000 	C:\Program Files\Android\Android Studio\jre\bin\net.dll
0x00007ffe5b540000 - 0x00007ffe5b64a000 	C:\WINDOWS\SYSTEM32\WINHTTP.dll
0x00007ffe63520000 - 0x00007ffe6358a000 	C:\WINDOWS\system32\mswsock.dll
0x00007ffe4df40000 - 0x00007ffe4df54000 	C:\Program Files\Android\Android Studio\jre\bin\nio.dll
0x00007ffe4bfc0000 - 0x00007ffe4bfe7000 	C:\Users\JULIETH\.gradle\native\e1d6ef7f7dcc3fd88c89a11ec53ec762bb8ba0a96d01ffa2cd45eb1d1d8dd5c5\windows-amd64\native-platform.dll
0x00007ffe3b680000 - 0x00007ffe3b7c4000 	C:\Users\JULIETH\.gradle\native\5664cfc778a61ccfe75a443a1ab52a65af34e5dc3c78e0209fed803814484fcb\windows-amd64\native-platform-file-events.dll
0x00007ffe4e3b0000 - 0x00007ffe4e3ba000 	C:\Program Files\Android\Android Studio\jre\bin\management.dll
0x00007ffe4e1b0000 - 0x00007ffe4e1bd000 	C:\Program Files\Android\Android Studio\jre\bin\management_ext.dll
0x00007ffe63710000 - 0x00007ffe63728000 	C:\WINDOWS\SYSTEM32\CRYPTSP.dll
0x00007ffe62ea0000 - 0x00007ffe62ed4000 	C:\WINDOWS\system32\rsaenh.dll
0x00007ffe63ea0000 - 0x00007ffe63ec7000 	C:\WINDOWS\System32\bcrypt.dll
0x00007ffe63cf0000 - 0x00007ffe63d1e000 	C:\WINDOWS\SYSTEM32\USERENV.dll
0x00007ffe63730000 - 0x00007ffe6373c000 	C:\WINDOWS\SYSTEM32\CRYPTBASE.dll
0x00007ffe63210000 - 0x00007ffe6324b000 	C:\WINDOWS\SYSTEM32\IPHLPAPI.DLL
0x00007ffe66070000 - 0x00007ffe66078000 	C:\WINDOWS\System32\NSI.dll
0x00007ffe5e820000 - 0x00007ffe5e837000 	C:\WINDOWS\SYSTEM32\dhcpcsvc6.DLL
0x00007ffe5e790000 - 0x00007ffe5e7ad000 	C:\WINDOWS\SYSTEM32\dhcpcsvc.DLL
0x00007ffe63250000 - 0x00007ffe6331a000 	C:\WINDOWS\SYSTEM32\DNSAPI.dll

dbghelp: loaded successfully - version: 4.0.5 - missing functions: none
symbol engine: initialized successfully - sym options: 0x614 - pdb path: .;C:\Program Files\Android\Android Studio\jre\bin;C:\WINDOWS\SYSTEM32;C:\WINDOWS\WinSxS\amd64_microsoft.windows.common-controls_6595b64144ccf1df_6.0.19041.1110_none_60b5254171f9507e;C:\Program Files\Android\Android Studio\jre\bin\server;C:\Users\JULIETH\.gradle\native\e1d6ef7f7dcc3fd88c89a11ec53ec762bb8ba0a96d01ffa2cd45eb1d1d8dd5c5\windows-amd64;C:\Users\JULIETH\.gradle\native\5664cfc778a61ccfe75a443a1ab52a65af34e5dc3c78e0209fed803814484fcb\windows-amd64

VM Arguments:
jvm_args: --add-opens=java.base/java.util=ALL-UNNAMED --add-opens=java.base/java.lang=ALL-UNNAMED --add-opens=java.base/java.lang.invoke=ALL-UNNAMED --add-opens=java.base/java.util=ALL-UNNAMED --add-opens=java.prefs/java.util.prefs=ALL-UNNAMED --add-opens=java.prefs/java.util.prefs=ALL-UNNAMED --add-opens=java.base/java.nio.charset=ALL-UNNAMED --add-opens=java.base/java.net=ALL-UNNAMED --add-opens=java.base/java.util.concurrent.atomic=ALL-UNNAMED -Xmx2048m -Dfile.encoding=UTF-8 -Duser.country=CO -Duser.language=es -Duser.variant 
java_command: org.gradle.launcher.daemon.bootstrap.GradleDaemon 7.2
java_class_path (initial): C:\Users\JULIETH\.gradle\wrapper\dists\gradle-7.2-bin\2dnblmf4td7x66yl1d74lt32g\gradle-7.2\lib\gradle-launcher-7.2.jar
Launcher Type: SUN_STANDARD

[Global flags]
     intx CICompilerCount                          = 4                                         {product} {ergonomic}
     uint ConcGCThreads                            = 2                                         {product} {ergonomic}
     uint G1ConcRefinementThreads                  = 8                                         {product} {ergonomic}
   size_t G1HeapRegionSize                         = 1048576                                   {product} {ergonomic}
    uintx GCDrainStackTargetSize                   = 64                                        {product} {ergonomic}
   size_t InitialHeapSize                          = 134217728                                 {product} {ergonomic}
   size_t MarkStackSize                            = 4194304                                   {product} {ergonomic}
   size_t MaxHeapSize                              = 2147483648                                {product} {command line}
   size_t MaxNewSize                               = 1287651328                                {product} {ergonomic}
   size_t MinHeapDeltaBytes                        = 1048576                                   {product} {ergonomic}
    uintx NonNMethodCodeHeapSize                   = 5836300                                {pd product} {ergonomic}
    uintx NonProfiledCodeHeapSize                  = 122910970                              {pd product} {ergonomic}
    uintx ProfiledCodeHeapSize                     = 122910970                              {pd product} {ergonomic}
    uintx ReservedCodeCacheSize                    = 251658240                              {pd product} {ergonomic}
     bool SegmentedCodeCache                       = true                                      {product} {ergonomic}
     bool UseCompressedClassPointers               = true                                 {lp64_product} {ergonomic}
     bool UseCompressedOops                        = true                                 {lp64_product} {ergonomic}
     bool UseG1GC                                  = true                                      {product} {ergonomic}
     bool UseLargePagesIndividualAllocation        = false                                  {pd product} {ergonomic}

Logging:
Log output configuration:
 #0: stdout all=warning uptime,level,tags
 #1: stderr all=off uptime,level,tags

Environment Variables:
PATH=C:\WINDOWS\system32;C:\WINDOWS;C:\WINDOWS\System32\Wbem;C:\WINDOWS\System32\WindowsPowerShell\v1.0\;C:\WINDOWS\System32\OpenSSH\;C:\Program Files\dotnet\;C:\Program Files\Git\cmd;C:\Program Files\nodejs\;C:\Users\JULIETH\AppData\Local\Microsoft\WindowsApps;C:\Users\JULIETH\AppData\Local\GitHubDesktop\bin;C:\Users\JULIETH\AppData\Local\Programs\Microsoft VS Code\bin;C:\Users\JULIETH\AppData\Roaming\npm
USERNAME=JULIETH
OS=Windows_NT
PROCESSOR_IDENTIFIER=AMD64 Family 21 Model 2 Stepping 0, AuthenticAMD



---------------  S Y S T E M  ---------------

OS: Windows 10 , 64 bit Build 19041 (10.0.19041.1889)
OS uptime: 0 days 22:42 hours

CPU:total 8 (initial active 8) (8 cores per cpu, 1 threads per core) family 21 model 2 stepping 0 microcode 0x0, cmov, cx8, fxsr, mmx, sse, sse2, sse3, ssse3, sse4.1, sse4.2, popcnt, avx, aes, clmul, mmxext, 3dnowpref, lzcnt, sse4a, tsc, tscinvbit, tscinv, bmi1, fma

Memory: 4k page, system-wide physical 8168M (1657M free)
TotalPageFile size 8184M (AvailPageFile size 1M)
current process WorkingSet (physical memory assigned to process): 448M, peak: 453M
current process commit charge ("private bytes"): 487M, peak: 492M

vm_info: OpenJDK 64-Bit Server VM (11.0.11+9-b60-7590822) for windows-amd64 JRE (11.0.11+9-b60-7590822), built on Jul 29 2021 21:43:44 by "builder" with MS VC++ 14.0 (VS2015)

END.
