#
# There is insufficient memory for the Java Runtime Environment to continue.
# Native memory allocation (mmap) failed to map 65536 bytes for Failed to commit area from 0x0000017e18980000 to 0x0000017e18990000 of length 65536.
# Possible reasons:
#   The system is out of physical RAM or swap space
#   The process is running with CompressedOops enabled, and the Java Heap may be blocking the growth of the native heap
# Possible solutions:
#   Reduce memory load on the system
#   Increase physical memory or swap space
#   Check if swap backing store is full
#   Decrease Java heap size (-Xmx/-Xms)
#   Decrease number of Java threads
#   Decrease Java thread stack sizes (-Xss)
#   Set larger code cache with -XX:ReservedCodeCacheSize=
#   JVM is running with Unscaled Compressed Oops mode in which the Java heap is
#     placed in the first 4GB address space. The Java Heap base address is the
#     maximum limit for the native heap growth. Please use -XX:HeapBaseMinAddress
#     to set the Java Heap base and to place the Java Heap above 4GB virtual address.
# This output file may be truncated or incomplete.
#
#  Out of Memory Error (./src/hotspot/os/windows/os_windows.cpp:3301), pid=13052, tid=7044
#
# JRE version: OpenJDK Runtime Environment (11.0.11+9) (build 11.0.11+9-b60-7590822)
# Java VM: OpenJDK 64-Bit Server VM (11.0.11+9-b60-7590822, mixed mode, tiered, compressed oops, g1 gc, windows-amd64)
# No core dump will be written. Minidumps are not enabled by default on client versions of Windows
#

---------------  S U M M A R Y ------------

Command Line: --add-opens=java.base/java.util=ALL-UNNAMED --add-opens=java.base/java.lang=ALL-UNNAMED --add-opens=java.base/java.lang.invoke=ALL-UNNAMED --add-opens=java.base/java.util=ALL-UNNAMED --add-opens=java.prefs/java.util.prefs=ALL-UNNAMED --add-opens=java.prefs/java.util.prefs=ALL-UNNAMED --add-opens=java.base/java.nio.charset=ALL-UNNAMED --add-opens=java.base/java.net=ALL-UNNAMED --add-opens=java.base/java.util.concurrent.atomic=ALL-UNNAMED -Xmx2048m -Dfile.encoding=UTF-8 -Duser.country=CO -Duser.language=es -Duser.variant org.gradle.launcher.daemon.bootstrap.GradleDaemon 7.2

Host: AMD FX-8320E Eight-Core Processor              , 8 cores, 7G,  Windows 10 , 64 bit Build 19041 (10.0.19041.1889)
Time: Sat Sep 10 09:59:04 2022 Hora est. Pacífico, Sudamérica elapsed time: 720.334612 seconds (0d 0h 12m 0s)

---------------  T H R E A D  ---------------

Current thread (0x0000017e1ce90000):  VMThread "VM Thread" [stack: 0x00000050e6e00000,0x00000050e6f00000] [id=7044]

Stack: [0x00000050e6e00000,0x00000050e6f00000]
[error occurred during error reporting (printing stack bounds), id 0xc0000005, EXCEPTION_ACCESS_VIOLATION (0xc0000005) at pc=0x0000017e05d50f2d]

Native frames: (J=compiled Java code, j=interpreted, Vv=VM code, C=native code)
V  [jvm.dll+0x5f214a]
V  [jvm.dll+0x726fb5]
V  [jvm.dll+0x7285cd]
V  [jvm.dll+0x728be5]
V  [jvm.dll+0x728b9b]
V  [jvm.dll+0x5f14e8]
V  [jvm.dll+0x5f1c78]
C  [ntdll.dll+0xa229f]
C  [ntdll.dll+0x51454]
C  [ntdll.dll+0xa0dce]
C  0x0000017e05d50f2d

VM_Operation (0x00000050e82fd980): G1CollectForAllocation, mode: safepoint, requested by thread 0x0000017e1eaf0000


---------------  P R O C E S S  ---------------

Threads class SMR info:
_java_thread_list=0x0000017e1e870350, length=146, elements={
0x0000017e00a0e000, 0x0000017e1ce92000, 0x0000017e1ce93800, 0x0000017e1cea9800,
0x0000017e1ceaa800, 0x0000017e1ceab800, 0x0000017e1ceb9800, 0x0000017e1cebe000,
0x0000017e1cec7800, 0x0000017e1d98b000, 0x0000017e1e960000, 0x0000017e1f2ba800,
0x0000017e1f344800, 0x0000017e1fa70800, 0x0000017e1fa6b000, 0x0000017e1fa6d800,
0x0000017e1fa6c800, 0x0000017e1fa70000, 0x0000017e1fa6e000, 0x0000017e1fa6b800,
0x0000017e215cb800, 0x0000017e215cb000, 0x0000017e215c9000, 0x0000017e215cc800,
0x0000017e215cd800, 0x0000017e215ce000, 0x0000017e215d1800, 0x0000017e215d5800,
0x0000017e1df62000, 0x0000017e1df5d000, 0x0000017e1df59800, 0x0000017e1df5b800,
0x0000017e1eaf7800, 0x0000017e1eaed800, 0x0000017e1eaf1000, 0x0000017e1eaef800,
0x0000017e1eaf1800, 0x0000017e1eaee800, 0x0000017e1eaf0000, 0x0000017e1eaf2800,
0x0000017e1eaed000, 0x0000017e1eaf6800, 0x0000017e1eaf5000, 0x0000017e1eaf6000,
0x0000017e1eaf9000, 0x0000017e1eaf3800, 0x0000017e1eafb800, 0x0000017e1eafa000,
0x0000017e1eafa800, 0x0000017e1df56800, 0x0000017e1df55800, 0x0000017e1df5c000,
0x0000017e1df57800, 0x0000017e1df5e000, 0x0000017e1df5a800, 0x0000017e1df58000,
0x0000017e1df5e800, 0x0000017e1df59000, 0x0000017e1df62800, 0x0000017e1df60000,
0x0000017e1df63800, 0x0000017e215cf800, 0x0000017e215ca000, 0x0000017e215d4800,
0x0000017e215d3000, 0x0000017e215d6800, 0x0000017e215d2000, 0x0000017e215d0800,
0x0000017e215d7000, 0x0000017e215d8000, 0x0000017e1fa6f000, 0x0000017e1fa6a000,
0x0000017e25811000, 0x0000017e2580f800, 0x0000017e25814000, 0x0000017e25813800,
0x0000017e2580e800, 0x0000017e25812000, 0x0000017e25816000, 0x0000017e25815000,
0x0000017e25810000, 0x0000017e25816800, 0x0000017e25817800, 0x0000017e25818800,
0x0000017e25812800, 0x0000017e2581d000, 0x0000017e25819000, 0x0000017e2581a000,
0x0000017e2581b800, 0x0000017e2581b000, 0x0000017e2581c800, 0x0000017e2572c000,
0x0000017e2572e000, 0x0000017e25729000, 0x0000017e2572d000, 0x0000017e2572a000,
0x0000017e2572a800, 0x0000017e2572b800, 0x0000017e25728000, 0x0000017e2572e800,
0x0000017e23dfa800, 0x0000017e23dfb000, 0x0000017e23dfc000, 0x0000017e23df9000,
0x0000017e23df9800, 0x0000017e23dfd000, 0x0000017e23dfd800, 0x0000017e23df8000,
0x0000017e23dfe800, 0x0000017e23842000, 0x0000017e23847000, 0x0000017e23845000,
0x0000017e23843000, 0x0000017e23847800, 0x0000017e23844800, 0x0000017e23846000,
0x0000017e23848800, 0x0000017e23843800, 0x0000017e23849800, 0x0000017e2384c800,
0x0000017e2384a000, 0x0000017e23850800, 0x0000017e2384f000, 0x0000017e2384b000,
0x0000017e23850000, 0x0000017e2384c000, 0x0000017e2384d800, 0x0000017e2384e000,
0x0000017e29cdc800, 0x0000017e29cda800, 0x0000017e29cd7800, 0x0000017e29cdb800,
0x0000017e29cde000, 0x0000017e29cdd000, 0x0000017e29cd8800, 0x0000017e29cdf000,
0x0000017e29cd9000, 0x0000017e29cdf800, 0x0000017e29cda000, 0x0000017e29ce3000,
0x0000017e29ce3800, 0x0000017e29ce1800, 0x0000017e29ce4800, 0x0000017e29ce0800,
0x0000017e29ce2000, 0x0000017e29ce5800
}

Java Threads: ( => current thread )
  0x0000017e00a0e000 JavaThread "main" [_thread_blocked, id=6576, stack(0x00000050e6800000,0x00000050e6900000)]
  0x0000017e1ce92000 JavaThread "Reference Handler" daemon [_thread_blocked, id=4288, stack(0x00000050e6f00000,0x00000050e7000000)]
  0x0000017e1ce93800 JavaThread "Finalizer" daemon [_thread_blocked, id=14164, stack(0x00000050e7000000,0x00000050e7100000)]
  0x0000017e1cea9800 JavaThread "Signal Dispatcher" daemon [_thread_blocked, id=13844, stack(0x00000050e7100000,0x00000050e7200000)]
  0x0000017e1ceaa800 JavaThread "Attach Listener" daemon [_thread_blocked, id=6384, stack(0x00000050e7200000,0x00000050e7300000)]
  0x0000017e1ceab800 JavaThread "Service Thread" daemon [_thread_blocked, id=11372, stack(0x00000050e7300000,0x00000050e7400000)]
  0x0000017e1ceb9800 JavaThread "C2 CompilerThread0" daemon [_thread_blocked, id=8212, stack(0x00000050e7400000,0x00000050e7500000)]
  0x0000017e1cebe000 JavaThread "C1 CompilerThread0" daemon [_thread_blocked, id=4848, stack(0x00000050e7500000,0x00000050e7600000)]
  0x0000017e1cec7800 JavaThread "Sweeper thread" daemon [_thread_blocked, id=10772, stack(0x00000050e7600000,0x00000050e7700000)]
  0x0000017e1d98b000 JavaThread "Common-Cleaner" daemon [_thread_blocked, id=13056, stack(0x00000050e7700000,0x00000050e7800000)]
  0x0000017e1e960000 JavaThread "Daemon health stats" [_thread_blocked, id=5796, stack(0x00000050e7c00000,0x00000050e7d00000)]
  0x0000017e1f2ba800 JavaThread "Incoming local TCP Connector on port 50961" [_thread_in_native, id=11068, stack(0x00000050e7900000,0x00000050e7a00000)]
  0x0000017e1f344800 JavaThread "Daemon periodic checks" [_thread_blocked, id=6888, stack(0x00000050e7d00000,0x00000050e7e00000)]
  0x0000017e1fa70800 JavaThread "Cache worker for journal cache (C:\Users\JULIETH\.gradle\caches\journal-1)" [_thread_blocked, id=5076, stack(0x00000050e8a00000,0x00000050e8b00000)]
  0x0000017e1fa6b000 JavaThread "File lock request listener" [_thread_in_native, id=10912, stack(0x00000050e8b00000,0x00000050e8c00000)]
  0x0000017e1fa6d800 JavaThread "Cache worker for file hash cache (C:\Users\JULIETH\.gradle\caches\7.2\fileHashes)" [_thread_blocked, id=6420, stack(0x00000050e8d00000,0x00000050e8e00000)]
  0x0000017e1fa6c800 JavaThread "File watcher server" daemon [_thread_blocked, id=12244, stack(0x00000050e9000000,0x00000050e9100000)]
  0x0000017e1fa70000 JavaThread "File watcher consumer" daemon [_thread_blocked, id=6404, stack(0x00000050e9100000,0x00000050e9200000)]
  0x0000017e1fa6e000 JavaThread "jar transforms" [_thread_blocked, id=7080, stack(0x00000050e9200000,0x00000050e9300000)]
  0x0000017e1fa6b800 JavaThread "jar transforms Thread 2" [_thread_blocked, id=7792, stack(0x00000050e9300000,0x00000050e9400000)]
  0x0000017e215cb800 JavaThread "jar transforms Thread 3" [_thread_blocked, id=4540, stack(0x00000050e9400000,0x00000050e9500000)]
  0x0000017e215cb000 JavaThread "jar transforms Thread 4" [_thread_blocked, id=13164, stack(0x00000050e9500000,0x00000050e9600000)]
  0x0000017e215c9000 JavaThread "jar transforms Thread 5" [_thread_blocked, id=4912, stack(0x00000050e9600000,0x00000050e9700000)]
  0x0000017e215cc800 JavaThread "jar transforms Thread 6" [_thread_blocked, id=10776, stack(0x00000050e9700000,0x00000050e9800000)]
  0x0000017e215cd800 JavaThread "jar transforms Thread 7" [_thread_blocked, id=8640, stack(0x00000050e9800000,0x00000050e9900000)]
  0x0000017e215ce000 JavaThread "jar transforms Thread 8" [_thread_blocked, id=7992, stack(0x00000050e9900000,0x00000050e9a00000)]
  0x0000017e215d1800 JavaThread "Cache worker for execution history cache (C:\Users\JULIETH\.gradle\caches\7.2\executionHistory)" [_thread_blocked, id=7196, stack(0x00000050e9d00000,0x00000050e9e00000)]
  0x0000017e215d5800 JavaThread "Cache worker for file content cache (C:\Users\JULIETH\.gradle\caches\7.2\fileContent)" [_thread_blocked, id=664, stack(0x00000050e9f00000,0x00000050ea000000)]
  0x0000017e1df62000 JavaThread "Memory manager" [_thread_blocked, id=11928, stack(0x00000050ef200000,0x00000050ef300000)]
  0x0000017e1df5d000 JavaThread "pool-3-thread-1" [_thread_blocked, id=2052, stack(0x00000050ef400000,0x00000050ef500000)]
  0x0000017e1df59800 JavaThread "Daemon Thread 2" [_thread_blocked, id=3392, stack(0x00000050e6500000,0x00000050e6600000)]
  0x0000017e1df5b800 JavaThread "Daemon worker Thread 2" [_thread_blocked, id=8628, stack(0x00000050e7e00000,0x00000050e7f00000)]
  0x0000017e1eaf7800 JavaThread "pool-6-thread-1" [_thread_blocked, id=992, stack(0x00000050ef000000,0x00000050ef100000)]
  0x0000017e1eaed800 JavaThread "Handler for socket connection from /127.0.0.1:50961 to /127.0.0.1:51793" [_thread_in_native, id=5316, stack(0x00000050e6600000,0x00000050e6700000)]
  0x0000017e1eaf1000 JavaThread "Cancel handler" [_thread_blocked, id=2824, stack(0x00000050e6700000,0x00000050e6800000)]
  0x0000017e1eaef800 JavaThread "Asynchronous log dispatcher for DefaultDaemonConnection: socket connection from /127.0.0.1:50961 to /127.0.0.1:51793" [_thread_blocked, id=3988, stack(0x00000050e7f00000,0x00000050e8000000)]
  0x0000017e1eaf1800 JavaThread "Stdin handler" [_thread_blocked, id=2792, stack(0x00000050e8000000,0x00000050e8100000)]
  0x0000017e1eaee800 JavaThread "Daemon client event forwarder" [_thread_blocked, id=11588, stack(0x00000050e8100000,0x00000050e8200000)]
  0x0000017e1eaf0000 JavaThread "Cache worker for file hash cache (C:\Users\JULIETH\AndroidStudioProjects\BlueTV\.gradle\7.2\fileHashes)" [_thread_blocked, id=9880, stack(0x00000050e8200000,0x00000050e8300000)]
  0x0000017e1eaf2800 JavaThread "Cache worker for checksums cache (C:\Users\JULIETH\AndroidStudioProjects\BlueTV\.gradle\checksums)" [_thread_blocked, id=11760, stack(0x00000050e8300000,0x00000050e8400000)]
  0x0000017e1eaed000 JavaThread "Cache worker for cache directory md-supplier (C:\Users\JULIETH\.gradle\caches\7.2\md-supplier)" [_thread_blocked, id=14176, stack(0x00000050e8400000,0x00000050e8500000)]
  0x0000017e1eaf6800 JavaThread "Cache worker for cache directory md-rule (C:\Users\JULIETH\.gradle\caches\7.2\md-rule)" [_thread_blocked, id=7836, stack(0x00000050e8e00000,0x00000050e8f00000)]
  0x0000017e1eaf5000 JavaThread "Cache worker for dependencies-accessors (C:\Users\JULIETH\AndroidStudioProjects\BlueTV\.gradle\7.2\dependencies-accessors)" [_thread_blocked, id=12264, stack(0x00000050e9a00000,0x00000050e9b00000)]
  0x0000017e1eaf6000 JavaThread "Cache worker for Build Output Cleanup Cache (C:\Users\JULIETH\AndroidStudioProjects\BlueTV\.gradle\buildOutputCleanup)" [_thread_blocked, id=5752, stack(0x00000050e9c00000,0x00000050e9d00000)]
  0x0000017e1eaf9000 JavaThread "Unconstrained build operations" [_thread_blocked, id=2092, stack(0x00000050e9e00000,0x00000050e9f00000)]
  0x0000017e1eaf3800 JavaThread "Unconstrained build operations Thread 2" [_thread_blocked, id=10660, stack(0x00000050ea000000,0x00000050ea100000)]
  0x0000017e1eafb800 JavaThread "Unconstrained build operations Thread 3" [_thread_blocked, id=8956, stack(0x00000050ea100000,0x00000050ea200000)]
  0x0000017e1eafa000 JavaThread "Unconstrained build operations Thread 4" [_thread_blocked, id=9972, stack(0x00000050ea200000,0x00000050ea300000)]
  0x0000017e1eafa800 JavaThread "Unconstrained build operations Thread 5" [_thread_blocked, id=1340, stack(0x00000050ea300000,0x00000050ea400000)]
  0x0000017e1df56800 JavaThread "Unconstrained build operations Thread 6" [_thread_blocked, id=9408, stack(0x00000050ea400000,0x00000050ea500000)]
  0x0000017e1df55800 JavaThread "Unconstrained build operations Thread 7" [_thread_blocked, id=3024, stack(0x00000050ea500000,0x00000050ea600000)]
  0x0000017e1df5c000 JavaThread "Unconstrained build operations Thread 8" [_thread_blocked, id=9140, stack(0x00000050ea600000,0x00000050ea700000)]
  0x0000017e1df57800 JavaThread "Unconstrained build operations Thread 9" [_thread_blocked, id=7288, stack(0x00000050ea700000,0x00000050ea800000)]
  0x0000017e1df5e000 JavaThread "Unconstrained build operations Thread 10" [_thread_blocked, id=224, stack(0x00000050ea800000,0x00000050ea900000)]
  0x0000017e1df5a800 JavaThread "Unconstrained build operations Thread 11" [_thread_blocked, id=7620, stack(0x00000050ea900000,0x00000050eaa00000)]
  0x0000017e1df58000 JavaThread "Unconstrained build operations Thread 12" [_thread_blocked, id=11644, stack(0x00000050eaa00000,0x00000050eab00000)]
  0x0000017e1df5e800 JavaThread "Unconstrained build operations Thread 13" [_thread_blocked, id=6064, stack(0x00000050eab00000,0x00000050eac00000)]
  0x0000017e1df59000 JavaThread "Unconstrained build operations Thread 14" [_thread_blocked, id=10532, stack(0x00000050eac00000,0x00000050ead00000)]
  0x0000017e1df62800 JavaThread "Unconstrained build operations Thread 15" [_thread_blocked, id=11576, stack(0x00000050ead00000,0x00000050eae00000)]
  0x0000017e1df60000 JavaThread "Unconstrained build operations Thread 16" [_thread_blocked, id=9252, stack(0x00000050eae00000,0x00000050eaf00000)]
  0x0000017e1df63800 JavaThread "Unconstrained build operations Thread 17" [_thread_blocked, id=11100, stack(0x00000050eaf00000,0x00000050eb000000)]
  0x0000017e215cf800 JavaThread "Unconstrained build operations Thread 18" [_thread_blocked, id=6196, stack(0x00000050eb000000,0x00000050eb100000)]
  0x0000017e215ca000 JavaThread "Unconstrained build operations Thread 19" [_thread_blocked, id=12124, stack(0x00000050eb100000,0x00000050eb200000)]
  0x0000017e215d4800 JavaThread "Unconstrained build operations Thread 20" [_thread_blocked, id=6520, stack(0x00000050eb200000,0x00000050eb300000)]
  0x0000017e215d3000 JavaThread "Unconstrained build operations Thread 21" [_thread_blocked, id=7644, stack(0x00000050eb300000,0x00000050eb400000)]
  0x0000017e215d6800 JavaThread "Unconstrained build operations Thread 22" [_thread_blocked, id=6952, stack(0x00000050eb400000,0x00000050eb500000)]
  0x0000017e215d2000 JavaThread "Unconstrained build operations Thread 23" [_thread_blocked, id=8068, stack(0x00000050eb500000,0x00000050eb600000)]
  0x0000017e215d0800 JavaThread "Unconstrained build operations Thread 24" [_thread_blocked, id=1992, stack(0x00000050eb600000,0x00000050eb700000)]
  0x0000017e215d7000 JavaThread "Unconstrained build operations Thread 25" [_thread_blocked, id=12008, stack(0x00000050eb700000,0x00000050eb800000)]
  0x0000017e215d8000 JavaThread "Unconstrained build operations Thread 26" [_thread_blocked, id=6904, stack(0x00000050eb800000,0x00000050eb900000)]
  0x0000017e1fa6f000 JavaThread "Unconstrained build operations Thread 27" [_thread_blocked, id=13252, stack(0x00000050eb900000,0x00000050eba00000)]
  0x0000017e1fa6a000 JavaThread "Unconstrained build operations Thread 28" [_thread_blocked, id=6356, stack(0x00000050eba00000,0x00000050ebb00000)]
  0x0000017e25811000 JavaThread "Unconstrained build operations Thread 29" [_thread_blocked, id=5312, stack(0x00000050ebb00000,0x00000050ebc00000)]
  0x0000017e2580f800 JavaThread "Unconstrained build operations Thread 30" [_thread_blocked, id=8384, stack(0x00000050ebc00000,0x00000050ebd00000)]
  0x0000017e25814000 JavaThread "Unconstrained build operations Thread 31" [_thread_blocked, id=7432, stack(0x00000050ebd00000,0x00000050ebe00000)]
  0x0000017e25813800 JavaThread "Unconstrained build operations Thread 32" [_thread_blocked, id=2992, stack(0x00000050ebe00000,0x00000050ebf00000)]
  0x0000017e2580e800 JavaThread "Unconstrained build operations Thread 33" [_thread_blocked, id=9772, stack(0x00000050ebf00000,0x00000050ec000000)]
  0x0000017e25812000 JavaThread "Unconstrained build operations Thread 34" [_thread_blocked, id=1280, stack(0x00000050ec000000,0x00000050ec100000)]
  0x0000017e25816000 JavaThread "Unconstrained build operations Thread 35" [_thread_blocked, id=6204, stack(0x00000050ec100000,0x00000050ec200000)]
  0x0000017e25815000 JavaThread "Unconstrained build operations Thread 36" [_thread_blocked, id=10824, stack(0x00000050ec200000,0x00000050ec300000)]
  0x0000017e25810000 JavaThread "Unconstrained build operations Thread 37" [_thread_blocked, id=8712, stack(0x00000050ec300000,0x00000050ec400000)]
  0x0000017e25816800 JavaThread "Unconstrained build operations Thread 38" [_thread_blocked, id=14236, stack(0x00000050ec400000,0x00000050ec500000)]
  0x0000017e25817800 JavaThread "Unconstrained build operations Thread 39" [_thread_blocked, id=7048, stack(0x00000050ec500000,0x00000050ec600000)]
  0x0000017e25818800 JavaThread "Unconstrained build operations Thread 40" [_thread_blocked, id=7764, stack(0x00000050ec600000,0x00000050ec700000)]
  0x0000017e25812800 JavaThread "Unconstrained build operations Thread 41" [_thread_blocked, id=14032, stack(0x00000050ec700000,0x00000050ec800000)]
  0x0000017e2581d000 JavaThread "Unconstrained build operations Thread 42" [_thread_blocked, id=6032, stack(0x00000050ec800000,0x00000050ec900000)]
  0x0000017e25819000 JavaThread "Unconstrained build operations Thread 43" [_thread_blocked, id=3692, stack(0x00000050ec900000,0x00000050eca00000)]
  0x0000017e2581a000 JavaThread "Unconstrained build operations Thread 44" [_thread_blocked, id=9236, stack(0x00000050eca00000,0x00000050ecb00000)]
  0x0000017e2581b800 JavaThread "Unconstrained build operations Thread 45" [_thread_blocked, id=13256, stack(0x00000050ecb00000,0x00000050ecc00000)]
  0x0000017e2581b000 JavaThread "Unconstrained build operations Thread 46" [_thread_blocked, id=13660, stack(0x00000050ecc00000,0x00000050ecd00000)]
  0x0000017e2581c800 JavaThread "Unconstrained build operations Thread 47" [_thread_blocked, id=10680, stack(0x00000050ecd00000,0x00000050ece00000)]
  0x0000017e2572c000 JavaThread "Unconstrained build operations Thread 48" [_thread_blocked, id=11236, stack(0x00000050ece00000,0x00000050ecf00000)]
  0x0000017e2572e000 JavaThread "Unconstrained build operations Thread 49" [_thread_blocked, id=9368, stack(0x00000050ecf00000,0x00000050ed000000)]
  0x0000017e25729000 JavaThread "Unconstrained build operations Thread 50" [_thread_blocked, id=3252, stack(0x00000050ed000000,0x00000050ed100000)]
  0x0000017e2572d000 JavaThread "Unconstrained build operations Thread 51" [_thread_blocked, id=13912, stack(0x00000050ed100000,0x00000050ed200000)]
  0x0000017e2572a000 JavaThread "Unconstrained build operations Thread 52" [_thread_blocked, id=7024, stack(0x00000050ed200000,0x00000050ed300000)]
  0x0000017e2572a800 JavaThread "Unconstrained build operations Thread 53" [_thread_blocked, id=9684, stack(0x00000050ed300000,0x00000050ed400000)]
  0x0000017e2572b800 JavaThread "Unconstrained build operations Thread 54" [_thread_blocked, id=11120, stack(0x00000050ed400000,0x00000050ed500000)]
  0x0000017e25728000 JavaThread "Unconstrained build operations Thread 55" [_thread_blocked, id=10908, stack(0x00000050ed500000,0x00000050ed600000)]
  0x0000017e2572e800 JavaThread "Unconstrained build operations Thread 56" [_thread_blocked, id=5464, stack(0x00000050ed600000,0x00000050ed700000)]
  0x0000017e23dfa800 JavaThread "Unconstrained build operations Thread 57" [_thread_blocked, id=10968, stack(0x00000050ed700000,0x00000050ed800000)]
  0x0000017e23dfb000 JavaThread "Unconstrained build operations Thread 58" [_thread_blocked, id=1064, stack(0x00000050ed800000,0x00000050ed900000)]
  0x0000017e23dfc000 JavaThread "Unconstrained build operations Thread 59" [_thread_blocked, id=2016, stack(0x00000050ed900000,0x00000050eda00000)]
  0x0000017e23df9000 JavaThread "Unconstrained build operations Thread 60" [_thread_blocked, id=10832, stack(0x00000050eda00000,0x00000050edb00000)]
  0x0000017e23df9800 JavaThread "Unconstrained build operations Thread 61" [_thread_blocked, id=6736, stack(0x00000050edb00000,0x00000050edc00000)]
  0x0000017e23dfd000 JavaThread "Unconstrained build operations Thread 62" [_thread_blocked, id=1656, stack(0x00000050edc00000,0x00000050edd00000)]
  0x0000017e23dfd800 JavaThread "Unconstrained build operations Thread 63" [_thread_blocked, id=8140, stack(0x00000050edd00000,0x00000050ede00000)]
  0x0000017e23df8000 JavaThread "Unconstrained build operations Thread 64" [_thread_blocked, id=8076, stack(0x00000050ede00000,0x00000050edf00000)]
  0x0000017e23dfe800 JavaThread "Unconstrained build operations Thread 65" [_thread_blocked, id=6796, stack(0x00000050edf00000,0x00000050ee000000)]
  0x0000017e23842000 JavaThread "Unconstrained build operations Thread 66" [_thread_blocked, id=11292, stack(0x00000050ee000000,0x00000050ee100000)]
  0x0000017e23847000 JavaThread "Unconstrained build operations Thread 67" [_thread_blocked, id=10740, stack(0x00000050ee100000,0x00000050ee200000)]
  0x0000017e23845000 JavaThread "Unconstrained build operations Thread 68" [_thread_blocked, id=12624, stack(0x00000050ee200000,0x00000050ee300000)]
  0x0000017e23843000 JavaThread "Unconstrained build operations Thread 69" [_thread_blocked, id=13612, stack(0x00000050ee300000,0x00000050ee400000)]
  0x0000017e23847800 JavaThread "Unconstrained build operations Thread 70" [_thread_blocked, id=8948, stack(0x00000050ee400000,0x00000050ee500000)]
  0x0000017e23844800 JavaThread "Unconstrained build operations Thread 71" [_thread_blocked, id=8788, stack(0x00000050ee500000,0x00000050ee600000)]
  0x0000017e23846000 JavaThread "Unconstrained build operations Thread 72" [_thread_blocked, id=12936, stack(0x00000050ee600000,0x00000050ee700000)]
  0x0000017e23848800 JavaThread "Unconstrained build operations Thread 73" [_thread_blocked, id=9816, stack(0x00000050ee700000,0x00000050ee800000)]
  0x0000017e23843800 JavaThread "Unconstrained build operations Thread 74" [_thread_blocked, id=9820, stack(0x00000050ee800000,0x00000050ee900000)]
  0x0000017e23849800 JavaThread "Unconstrained build operations Thread 75" [_thread_blocked, id=13972, stack(0x00000050ee900000,0x00000050eea00000)]
  0x0000017e2384c800 JavaThread "Unconstrained build operations Thread 76" [_thread_blocked, id=7572, stack(0x00000050eea00000,0x00000050eeb00000)]
  0x0000017e2384a000 JavaThread "Unconstrained build operations Thread 77" [_thread_blocked, id=7492, stack(0x00000050eeb00000,0x00000050eec00000)]
  0x0000017e23850800 JavaThread "Unconstrained build operations Thread 78" [_thread_blocked, id=13732, stack(0x00000050eec00000,0x00000050eed00000)]
  0x0000017e2384f000 JavaThread "Unconstrained build operations Thread 79" [_thread_blocked, id=1588, stack(0x00000050eed00000,0x00000050eee00000)]
  0x0000017e2384b000 JavaThread "Unconstrained build operations Thread 80" [_thread_blocked, id=8908, stack(0x00000050eee00000,0x00000050eef00000)]
  0x0000017e23850000 JavaThread "build event listener" [_thread_blocked, id=10264, stack(0x00000050eef00000,0x00000050ef000000)]
  0x0000017e2384c000 JavaThread "build event listener" [_thread_blocked, id=9700, stack(0x00000050ef100000,0x00000050ef200000)]
  0x0000017e2384d800 JavaThread "pool-9-thread-1" [_thread_blocked, id=7940, stack(0x00000050ef300000,0x00000050ef400000)]
  0x0000017e2384e000 JavaThread "build event listener" [_thread_blocked, id=10396, stack(0x00000050ef500000,0x00000050ef600000)]
  0x0000017e29cdc800 JavaThread "Execution worker for ':'" [_thread_blocked, id=7624, stack(0x00000050ef600000,0x00000050ef700000)]
  0x0000017e29cda800 JavaThread "Execution worker for ':' Thread 2" [_thread_blocked, id=12672, stack(0x00000050ef700000,0x00000050ef800000)]
  0x0000017e29cd7800 JavaThread "Execution worker for ':' Thread 3" [_thread_blocked, id=12024, stack(0x00000050ef800000,0x00000050ef900000)]
  0x0000017e29cdb800 JavaThread "Execution worker for ':' Thread 4" [_thread_blocked, id=10768, stack(0x00000050ef900000,0x00000050efa00000)]
  0x0000017e29cde000 JavaThread "Execution worker for ':' Thread 5" [_thread_blocked, id=11596, stack(0x00000050efa00000,0x00000050efb00000)]
  0x0000017e29cdd000 JavaThread "Execution worker for ':' Thread 6" [_thread_blocked, id=1284, stack(0x00000050efb00000,0x00000050efc00000)]
  0x0000017e29cd8800 JavaThread "Execution worker for ':' Thread 7" [_thread_blocked, id=13748, stack(0x00000050efc00000,0x00000050efd00000)]
  0x0000017e29cdf000 JavaThread "Cache worker for execution history cache (C:\Users\JULIETH\AndroidStudioProjects\BlueTV\.gradle\7.2\executionHistory)" [_thread_blocked, id=13368, stack(0x00000050efd00000,0x00000050efe00000)]
  0x0000017e29cd9000 JavaThread "WorkerExecutor Queue" [_thread_blocked, id=6388, stack(0x00000050efe00000,0x00000050eff00000)]
  0x0000017e29cdf800 JavaThread "C2 CompilerThread1" daemon [_thread_blocked, id=7760, stack(0x00000050e8f00000,0x00000050e9000000)]
  0x0000017e29cda000 JavaThread "C2 CompilerThread2" daemon [_thread_blocked, id=13324, stack(0x00000050e9b00000,0x00000050e9c00000)]
  0x0000017e29ce3000 JavaThread "WorkerExecutor Queue Thread 2" [_thread_blocked, id=1984, stack(0x00000050eff00000,0x00000050f0000000)]
  0x0000017e29ce3800 JavaThread "WorkerExecutor Queue Thread 3" [_thread_blocked, id=3852, stack(0x00000050f0000000,0x00000050f0100000)]
  0x0000017e29ce1800 JavaThread "WorkerExecutor Queue Thread 4" [_thread_blocked, id=5708, stack(0x00000050f0100000,0x00000050f0200000)]
  0x0000017e29ce4800 JavaThread "WorkerExecutor Queue Thread 5" [_thread_blocked, id=14088, stack(0x00000050f0200000,0x00000050f0300000)]
  0x0000017e29ce0800 JavaThread "WorkerExecutor Queue Thread 6" [_thread_blocked, id=13572, stack(0x00000050f0300000,0x00000050f0400000)]
  0x0000017e29ce2000 JavaThread "WorkerExecutor Queue Thread 7" [_thread_blocked, id=12072, stack(0x00000050f0400000,0x00000050f0500000)]
  0x0000017e29ce5800 JavaThread "WorkerExecutor Queue Thread 8" [_thread_blocked, id=4272, stack(0x00000050f0500000,0x00000050f0600000)]

Other Threads:
=>0x0000017e1ce90000 VMThread "VM Thread" [stack: 0x00000050e6e00000,0x00000050e6f00000] [id=7044]
  0x0000017e1d9a6000 WatcherThread [stack: 0x00000050e7800000,0x00000050e7900000] [id=10456]
  0x0000017e00a46000 GCTaskThread "GC Thread#0" [stack: 0x00000050e6900000,0x00000050e6a00000] [id=3620]
  0x0000017e1e4c7800 GCTaskThread "GC Thread#1" [stack: 0x00000050e7a00000,0x00000050e7b00000] [id=10004]
  0x0000017e1e4c8800 GCTaskThread "GC Thread#2" [stack: 0x00000050e7b00000,0x00000050e7c00000] [id=4828]
  0x0000017e1fca3000 GCTaskThread "GC Thread#3" [stack: 0x00000050e8500000,0x00000050e8600000] [id=9416]
  0x0000017e1fa56800 GCTaskThread "GC Thread#4" [stack: 0x00000050e8600000,0x00000050e8700000] [id=5384]
  0x0000017e1f3b7800 GCTaskThread "GC Thread#5" [stack: 0x00000050e8700000,0x00000050e8800000] [id=4280]
  0x0000017e1f3b8000 GCTaskThread "GC Thread#6" [stack: 0x00000050e8800000,0x00000050e8900000] [id=14144]
  0x0000017e1fe1c800 GCTaskThread "GC Thread#7" [stack: 0x00000050e8900000,0x00000050e8a00000] [id=9764]
  0x0000017e00a78800 ConcurrentGCThread "G1 Main Marker" [stack: 0x00000050e6a00000,0x00000050e6b00000] [id=144]
  0x0000017e00a7c000 ConcurrentGCThread "G1 Conc#0" [stack: 0x00000050e6b00000,0x00000050e6c00000] [id=7660]
  0x0000017e1ffbf800 ConcurrentGCThread "G1 Conc#1" [stack: 0x00000050e8c00000,0x00000050e8d00000] [id=1788]
  0x0000017e1cce0800 ConcurrentGCThread "G1 Refine#0" [stack: 0x00000050e6c00000,0x00000050e6d00000] [id=2580]
  0x0000017e1cce1800 ConcurrentGCThread "G1 Young RemSet Sampling" [stack: 0x00000050e6d00000,0x00000050e6e00000] [id=8836]

Threads with active compile tasks:
C2 CompilerThread0 720359 18990       4       kotlin.reflect.jvm.internal.impl.protobuf.GeneratedMessageLite$ExtendableMessage::extensionsAreInitialized (8 bytes)
C1 CompilerThread0 720359 19005       3       kotlin.reflect.jvm.internal.impl.descriptors.FindClassInModuleKt::findClassifierAcrossModuleDependencies (746 bytes)
C2 CompilerThread1 720360 19007       4       kotlin.reflect.jvm.internal.impl.name.FqName::<init> (26 bytes)
C2 CompilerThread2 720360 19009       4       java.util.regex.Matcher::search (154 bytes)

VM state:at safepoint (normal execution)

VM Mutex/Monitor currently owned by a thread:  ([mutex/lock_event])
[0x0000017e00a0a080] Threads_lock - owner thread: 0x0000017e1ce90000
[0x0000017e00a0a8f0] Heap_lock - owner thread: 0x0000017e1eaf0000

Heap address: 0x0000000080000000, size: 2048 MB, Compressed Oops mode: 32-bit
Narrow klass base: 0x0000000000000000, Narrow klass shift: 3
Compressed class space size: 1073741824 Address: 0x0000000100000000

Heap:
 garbage-first heap   total 386048K, used 199851K [0x0000000080000000, 0x0000000100000000)
  region size 1024K, 3 young (3072K), 3 survivors (3072K)
 Metaspace       used 131609K, capacity 135293K, committed 135496K, reserved 1167360K
  class space    used 16249K, capacity 17571K, committed 17664K, reserved 1048576K
Heap Regions: E=young(eden), S=young(survivor), O=old, HS=humongous(starts), HC=humongous(continues), CS=collection set, F=free, A=archive, TAMS=top-at-mark-start (previous, next)
|   0|0x0000000080000000, 0x0000000080100000, 0x0000000080100000|100%| O|  |TAMS 0x0000000080100000, 0x0000000080000000| Untracked 
|   1|0x0000000080100000, 0x0000000080200000, 0x0000000080200000|100%| O|  |TAMS 0x0000000080200000, 0x0000000080100000| Untracked 
|   2|0x0000000080200000, 0x0000000080300000, 0x0000000080300000|100%| O|  |TAMS 0x0000000080300000, 0x0000000080200000| Untracked 
|   3|0x0000000080300000, 0x0000000080400000, 0x0000000080400000|100%|HS|  |TAMS 0x0000000080400000, 0x0000000080300000| Complete 
|   4|0x0000000080400000, 0x0000000080500000, 0x0000000080500000|100%|HC|  |TAMS 0x0000000080500000, 0x0000000080400000| Complete 
|   5|0x0000000080500000, 0x0000000080600000, 0x0000000080600000|100%|HC|  |TAMS 0x0000000080600000, 0x0000000080500000| Complete 
|   6|0x0000000080600000, 0x0000000080700000, 0x0000000080700000|100%| O|  |TAMS 0x0000000080700000, 0x0000000080600000| Untracked 
|   7|0x0000000080700000, 0x0000000080800000, 0x0000000080800000|100%| O|  |TAMS 0x0000000080800000, 0x0000000080700000| Untracked 
|   8|0x0000000080800000, 0x0000000080900000, 0x0000000080900000|100%| O|  |TAMS 0x0000000080900000, 0x0000000080800000| Untracked 
|   9|0x0000000080900000, 0x0000000080a00000, 0x0000000080a00000|100%| O|  |TAMS 0x0000000080a00000, 0x0000000080900000| Untracked 
|  10|0x0000000080a00000, 0x0000000080b00000, 0x0000000080b00000|100%| O|  |TAMS 0x0000000080b00000, 0x0000000080a00000| Untracked 
|  11|0x0000000080b00000, 0x0000000080c00000, 0x0000000080c00000|100%| O|  |TAMS 0x0000000080c00000, 0x0000000080b00000| Untracked 
|  12|0x0000000080c00000, 0x0000000080d00000, 0x0000000080d00000|100%| O|  |TAMS 0x0000000080d00000, 0x0000000080c00000| Untracked 
|  13|0x0000000080d00000, 0x0000000080e00000, 0x0000000080e00000|100%| O|  |TAMS 0x0000000080e00000, 0x0000000080d00000| Untracked 
|  14|0x0000000080e00000, 0x0000000080f00000, 0x0000000080f00000|100%| O|  |TAMS 0x0000000080f00000, 0x0000000080e00000| Untracked 
|  15|0x0000000080f00000, 0x0000000081000000, 0x0000000081000000|100%| O|  |TAMS 0x0000000081000000, 0x0000000080f00000| Untracked 
|  16|0x0000000081000000, 0x0000000081100000, 0x0000000081100000|100%| O|  |TAMS 0x0000000081100000, 0x0000000081000000| Untracked 
|  17|0x0000000081100000, 0x0000000081200000, 0x0000000081200000|100%|HS|  |TAMS 0x0000000081200000, 0x0000000081100000| Complete 
|  18|0x0000000081200000, 0x0000000081300000, 0x0000000081300000|100%|HC|  |TAMS 0x0000000081300000, 0x0000000081200000| Complete 
|  19|0x0000000081300000, 0x0000000081400000, 0x0000000081400000|100%|HS|  |TAMS 0x0000000081400000, 0x0000000081300000| Complete 
|  20|0x0000000081400000, 0x0000000081500000, 0x0000000081500000|100%|HC|  |TAMS 0x0000000081500000, 0x0000000081400000| Complete 
|  21|0x0000000081500000, 0x0000000081600000, 0x0000000081600000|100%|HC|  |TAMS 0x0000000081600000, 0x0000000081500000| Complete 
|  22|0x0000000081600000, 0x0000000081700000, 0x0000000081700000|100%|HS|  |TAMS 0x0000000081700000, 0x0000000081600000| Complete 
|  23|0x0000000081700000, 0x0000000081800000, 0x0000000081800000|100%|HC|  |TAMS 0x0000000081800000, 0x0000000081700000| Complete 
|  24|0x0000000081800000, 0x0000000081900000, 0x0000000081900000|100%|HC|  |TAMS 0x0000000081900000, 0x0000000081800000| Complete 
|  25|0x0000000081900000, 0x0000000081a00000, 0x0000000081a00000|100%|HC|  |TAMS 0x0000000081a00000, 0x0000000081900000| Complete 
|  26|0x0000000081a00000, 0x0000000081b00000, 0x0000000081b00000|100%| O|  |TAMS 0x0000000081b00000, 0x0000000081a00000| Untracked 
|  27|0x0000000081b00000, 0x0000000081c00000, 0x0000000081c00000|100%| O|  |TAMS 0x0000000081c00000, 0x0000000081b00000| Untracked 
|  28|0x0000000081c00000, 0x0000000081d00000, 0x0000000081d00000|100%|HS|  |TAMS 0x0000000081d00000, 0x0000000081c00000| Complete 
|  29|0x0000000081d00000, 0x0000000081e00000, 0x0000000081e00000|100%|HC|  |TAMS 0x0000000081e00000, 0x0000000081d00000| Complete 
|  30|0x0000000081e00000, 0x0000000081f00000, 0x0000000081f00000|100%|HC|  |TAMS 0x0000000081f00000, 0x0000000081e00000| Complete 
|  31|0x0000000081f00000, 0x0000000082000000, 0x0000000082000000|100%| O|  |TAMS 0x0000000082000000, 0x0000000081f00000| Untracked 
|  32|0x0000000082000000, 0x0000000082100000, 0x0000000082100000|100%| O|  |TAMS 0x0000000082100000, 0x0000000082000000| Untracked 
|  33|0x0000000082100000, 0x0000000082200000, 0x0000000082200000|100%| O|  |TAMS 0x0000000082200000, 0x0000000082100000| Untracked 
|  34|0x0000000082200000, 0x0000000082300000, 0x0000000082300000|100%| O|  |TAMS 0x0000000082300000, 0x0000000082200000| Untracked 
|  35|0x0000000082300000, 0x0000000082400000, 0x0000000082400000|100%| O|  |TAMS 0x0000000082400000, 0x0000000082300000| Untracked 
|  36|0x0000000082400000, 0x0000000082500000, 0x0000000082500000|100%| O|  |TAMS 0x0000000082500000, 0x0000000082400000| Untracked 
|  37|0x0000000082500000, 0x0000000082600000, 0x0000000082600000|100%| O|  |TAMS 0x0000000082600000, 0x0000000082500000| Untracked 
|  38|0x0000000082600000, 0x0000000082700000, 0x0000000082700000|100%| O|  |TAMS 0x0000000082700000, 0x0000000082600000| Untracked 
|  39|0x0000000082700000, 0x0000000082800000, 0x0000000082800000|100%| O|  |TAMS 0x0000000082800000, 0x0000000082700000| Untracked 
|  40|0x0000000082800000, 0x0000000082900000, 0x0000000082900000|100%| O|  |TAMS 0x0000000082900000, 0x0000000082800000| Untracked 
|  41|0x0000000082900000, 0x0000000082a00000, 0x0000000082a00000|100%| O|  |TAMS 0x0000000082a00000, 0x0000000082900000| Untracked 
|  42|0x0000000082a00000, 0x0000000082b00000, 0x0000000082b00000|100%|HS|  |TAMS 0x0000000082b00000, 0x0000000082a00000| Complete 
|  43|0x0000000082b00000, 0x0000000082c00000, 0x0000000082c00000|100%|HC|  |TAMS 0x0000000082c00000, 0x0000000082b00000| Complete 
|  44|0x0000000082c00000, 0x0000000082d00000, 0x0000000082d00000|100%|HC|  |TAMS 0x0000000082d00000, 0x0000000082c00000| Complete 
|  45|0x0000000082d00000, 0x0000000082e00000, 0x0000000082e00000|100%|HC|  |TAMS 0x0000000082e00000, 0x0000000082d00000| Complete 
|  46|0x0000000082e00000, 0x0000000082f00000, 0x0000000082f00000|100%| O|  |TAMS 0x0000000082f00000, 0x0000000082e00000| Untracked 
|  47|0x0000000082f00000, 0x0000000083000000, 0x0000000083000000|100%| O|  |TAMS 0x0000000083000000, 0x0000000082f00000| Untracked 
|  48|0x0000000083000000, 0x0000000083100000, 0x0000000083100000|100%| O|  |TAMS 0x0000000083100000, 0x0000000083000000| Untracked 
|  49|0x0000000083100000, 0x0000000083200000, 0x0000000083200000|100%| O|  |TAMS 0x0000000083200000, 0x0000000083100000| Untracked 
|  50|0x0000000083200000, 0x0000000083300000, 0x0000000083300000|100%| O|  |TAMS 0x0000000083300000, 0x0000000083200000| Untracked 
|  51|0x0000000083300000, 0x0000000083400000, 0x0000000083400000|100%| O|  |TAMS 0x0000000083400000, 0x0000000083300000| Untracked 
|  52|0x0000000083400000, 0x0000000083500000, 0x0000000083500000|100%| O|  |TAMS 0x0000000083500000, 0x0000000083400000| Untracked 
|  53|0x0000000083500000, 0x0000000083600000, 0x0000000083600000|100%| O|  |TAMS 0x0000000083600000, 0x0000000083500000| Untracked 
|  54|0x0000000083600000, 0x0000000083700000, 0x0000000083700000|100%|HS|  |TAMS 0x0000000083700000, 0x0000000083600000| Complete 
|  55|0x0000000083700000, 0x0000000083800000, 0x0000000083800000|100%|HS|  |TAMS 0x0000000083800000, 0x0000000083700000| Complete 
|  56|0x0000000083800000, 0x0000000083900000, 0x0000000083900000|100%|HS|  |TAMS 0x0000000083900000, 0x0000000083800000| Complete 
|  57|0x0000000083900000, 0x0000000083a00000, 0x0000000083a00000|100%|HS|  |TAMS 0x0000000083a00000, 0x0000000083900000| Complete 
|  58|0x0000000083a00000, 0x0000000083b00000, 0x0000000083b00000|100%|HS|  |TAMS 0x0000000083b00000, 0x0000000083a00000| Complete 
|  59|0x0000000083b00000, 0x0000000083c00000, 0x0000000083c00000|100%|HC|  |TAMS 0x0000000083c00000, 0x0000000083b00000| Complete 
|  60|0x0000000083c00000, 0x0000000083d00000, 0x0000000083d00000|100%|HC|  |TAMS 0x0000000083d00000, 0x0000000083c00000| Complete 
|  61|0x0000000083d00000, 0x0000000083e00000, 0x0000000083e00000|100%|HS|  |TAMS 0x0000000083e00000, 0x0000000083d00000| Complete 
|  62|0x0000000083e00000, 0x0000000083f00000, 0x0000000083f00000|100%|HC|  |TAMS 0x0000000083f00000, 0x0000000083e00000| Complete 
|  63|0x0000000083f00000, 0x0000000084000000, 0x0000000084000000|100%| O|  |TAMS 0x0000000084000000, 0x0000000083f00000| Untracked 
|  64|0x0000000084000000, 0x0000000084100000, 0x0000000084100000|100%| O|  |TAMS 0x0000000084100000, 0x0000000084000000| Untracked 
|  65|0x0000000084100000, 0x0000000084200000, 0x0000000084200000|100%| O|  |TAMS 0x0000000084200000, 0x0000000084100000| Untracked 
|  66|0x0000000084200000, 0x0000000084300000, 0x0000000084300000|100%| O|  |TAMS 0x0000000084300000, 0x0000000084200000| Untracked 
|  67|0x0000000084300000, 0x0000000084400000, 0x0000000084400000|100%| O|  |TAMS 0x0000000084400000, 0x0000000084300000| Untracked 
|  68|0x0000000084400000, 0x0000000084500000, 0x0000000084500000|100%| O|  |TAMS 0x0000000084500000, 0x0000000084400000| Untracked 
|  69|0x0000000084500000, 0x0000000084600000, 0x0000000084600000|100%| O|  |TAMS 0x0000000084600000, 0x0000000084500000| Untracked 
|  70|0x0000000084600000, 0x0000000084700000, 0x0000000084700000|100%| O|  |TAMS 0x0000000084700000, 0x0000000084600000| Untracked 
|  71|0x0000000084700000, 0x0000000084800000, 0x0000000084800000|100%| O|  |TAMS 0x0000000084800000, 0x0000000084700000| Untracked 
|  72|0x0000000084800000, 0x0000000084900000, 0x0000000084900000|100%| O|  |TAMS 0x0000000084900000, 0x0000000084800000| Untracked 
|  73|0x0000000084900000, 0x0000000084a00000, 0x0000000084a00000|100%| O|  |TAMS 0x0000000084a00000, 0x0000000084900000| Untracked 
|  74|0x0000000084a00000, 0x0000000084b00000, 0x0000000084b00000|100%| O|  |TAMS 0x0000000084b00000, 0x0000000084a00000| Untracked 
|  75|0x0000000084b00000, 0x0000000084c00000, 0x0000000084c00000|100%| O|  |TAMS 0x0000000084c00000, 0x0000000084b00000| Untracked 
|  76|0x0000000084c00000, 0x0000000084d00000, 0x0000000084d00000|100%| O|  |TAMS 0x0000000084d00000, 0x0000000084c00000| Untracked 
|  77|0x0000000084d00000, 0x0000000084e00000, 0x0000000084e00000|100%| O|  |TAMS 0x0000000084e00000, 0x0000000084d00000| Untracked 
|  78|0x0000000084e00000, 0x0000000084f00000, 0x0000000084f00000|100%| O|  |TAMS 0x0000000084f00000, 0x0000000084e00000| Untracked 
|  79|0x0000000084f00000, 0x0000000085000000, 0x0000000085000000|100%| O|  |TAMS 0x0000000085000000, 0x0000000084f00000| Untracked 
|  80|0x0000000085000000, 0x0000000085100000, 0x0000000085100000|100%| O|  |TAMS 0x0000000085100000, 0x0000000085000000| Untracked 
|  81|0x0000000085100000, 0x0000000085200000, 0x0000000085200000|100%| O|  |TAMS 0x0000000085200000, 0x0000000085100000| Untracked 
|  82|0x0000000085200000, 0x0000000085300000, 0x0000000085300000|100%| O|  |TAMS 0x0000000085300000, 0x0000000085200000| Untracked 
|  83|0x0000000085300000, 0x0000000085400000, 0x0000000085400000|100%| O|  |TAMS 0x0000000085400000, 0x0000000085300000| Untracked 
|  84|0x0000000085400000, 0x0000000085500000, 0x0000000085500000|100%| O|  |TAMS 0x0000000085500000, 0x0000000085400000| Untracked 
|  85|0x0000000085500000, 0x0000000085600000, 0x0000000085600000|100%| O|  |TAMS 0x0000000085600000, 0x0000000085500000| Untracked 
|  86|0x0000000085600000, 0x0000000085700000, 0x0000000085700000|100%| O|  |TAMS 0x0000000085700000, 0x0000000085600000| Untracked 
|  87|0x0000000085700000, 0x0000000085800000, 0x0000000085800000|100%| O|  |TAMS 0x0000000085800000, 0x0000000085700000| Untracked 
|  88|0x0000000085800000, 0x0000000085900000, 0x0000000085900000|100%|HS|  |TAMS 0x0000000085900000, 0x0000000085800000| Complete 
|  89|0x0000000085900000, 0x0000000085a00000, 0x0000000085a00000|100%|HC|  |TAMS 0x0000000085a00000, 0x0000000085900000| Complete 
|  90|0x0000000085a00000, 0x0000000085b00000, 0x0000000085b00000|100%|HS|  |TAMS 0x0000000085b00000, 0x0000000085a00000| Complete 
|  91|0x0000000085b00000, 0x0000000085c00000, 0x0000000085c00000|100%|HC|  |TAMS 0x0000000085c00000, 0x0000000085b00000| Complete 
|  92|0x0000000085c00000, 0x0000000085d00000, 0x0000000085d00000|100%|HC|  |TAMS 0x0000000085d00000, 0x0000000085c00000| Complete 
|  93|0x0000000085d00000, 0x0000000085e00000, 0x0000000085e00000|100%|HS|  |TAMS 0x0000000085e00000, 0x0000000085d00000| Complete 
|  94|0x0000000085e00000, 0x0000000085f00000, 0x0000000085f00000|100%|HC|  |TAMS 0x0000000085f00000, 0x0000000085e00000| Complete 
|  95|0x0000000085f00000, 0x0000000086000000, 0x0000000086000000|100%|HC|  |TAMS 0x0000000086000000, 0x0000000085f00000| Complete 
|  96|0x0000000086000000, 0x0000000086100000, 0x0000000086100000|100%|HC|  |TAMS 0x0000000086100000, 0x0000000086000000| Complete 
|  97|0x0000000086100000, 0x0000000086200000, 0x0000000086200000|100%| O|  |TAMS 0x0000000086200000, 0x0000000086100000| Untracked 
|  98|0x0000000086200000, 0x0000000086300000, 0x0000000086300000|100%| O|  |TAMS 0x0000000086300000, 0x0000000086200000| Untracked 
|  99|0x0000000086300000, 0x0000000086400000, 0x0000000086400000|100%| O|  |TAMS 0x0000000086400000, 0x0000000086300000| Untracked 
| 100|0x0000000086400000, 0x0000000086500000, 0x0000000086500000|100%| O|  |TAMS 0x0000000086500000, 0x0000000086400000| Untracked 
| 101|0x0000000086500000, 0x0000000086600000, 0x0000000086600000|100%| O|  |TAMS 0x0000000086600000, 0x0000000086500000| Untracked 
| 102|0x0000000086600000, 0x0000000086700000, 0x0000000086700000|100%| O|  |TAMS 0x0000000086700000, 0x0000000086600000| Untracked 
| 103|0x0000000086700000, 0x0000000086800000, 0x0000000086800000|100%| O|  |TAMS 0x0000000086800000, 0x0000000086700000| Untracked 
| 104|0x0000000086800000, 0x0000000086900000, 0x0000000086900000|100%| O|  |TAMS 0x0000000086900000, 0x0000000086800000| Untracked 
| 105|0x0000000086900000, 0x0000000086a00000, 0x0000000086a00000|100%| O|  |TAMS 0x0000000086a00000, 0x0000000086900000| Untracked 
| 106|0x0000000086a00000, 0x0000000086b00000, 0x0000000086b00000|100%| O|  |TAMS 0x0000000086b00000, 0x0000000086a00000| Untracked 
| 107|0x0000000086b00000, 0x0000000086c00000, 0x0000000086c00000|100%| O|  |TAMS 0x0000000086c00000, 0x0000000086b00000| Untracked 
| 108|0x0000000086c00000, 0x0000000086d00000, 0x0000000086d00000|100%| O|  |TAMS 0x0000000086d00000, 0x0000000086c00000| Untracked 
| 109|0x0000000086d00000, 0x0000000086e00000, 0x0000000086e00000|100%| O|  |TAMS 0x0000000086e00000, 0x0000000086d00000| Untracked 
| 110|0x0000000086e00000, 0x0000000086f00000, 0x0000000086f00000|100%| O|  |TAMS 0x0000000086f00000, 0x0000000086e00000| Untracked 
| 111|0x0000000086f00000, 0x0000000087000000, 0x0000000087000000|100%| O|  |TAMS 0x0000000087000000, 0x0000000086f00000| Untracked 
| 112|0x0000000087000000, 0x0000000087100000, 0x0000000087100000|100%| O|  |TAMS 0x0000000087100000, 0x0000000087000000| Untracked 
| 113|0x0000000087100000, 0x0000000087200000, 0x0000000087200000|100%| O|  |TAMS 0x0000000087200000, 0x0000000087100000| Untracked 
| 114|0x0000000087200000, 0x0000000087300000, 0x0000000087300000|100%| O|  |TAMS 0x0000000087300000, 0x0000000087200000| Untracked 
| 115|0x0000000087300000, 0x0000000087400000, 0x0000000087400000|100%| O|  |TAMS 0x0000000087400000, 0x0000000087300000| Untracked 
| 116|0x0000000087400000, 0x0000000087500000, 0x0000000087500000|100%| O|  |TAMS 0x0000000087500000, 0x0000000087400000| Untracked 
| 117|0x0000000087500000, 0x0000000087600000, 0x0000000087600000|100%| O|  |TAMS 0x0000000087600000, 0x0000000087500000| Untracked 
| 118|0x0000000087600000, 0x0000000087700000, 0x0000000087700000|100%| O|  |TAMS 0x0000000087700000, 0x0000000087600000| Untracked 
| 119|0x0000000087700000, 0x0000000087800000, 0x0000000087800000|100%| O|  |TAMS 0x0000000087800000, 0x0000000087700000| Untracked 
| 120|0x0000000087800000, 0x0000000087900000, 0x0000000087900000|100%| O|  |TAMS 0x0000000087900000, 0x0000000087800000| Untracked 
| 121|0x0000000087900000, 0x0000000087a00000, 0x0000000087a00000|100%| O|  |TAMS 0x0000000087a00000, 0x0000000087900000| Untracked 
| 122|0x0000000087a00000, 0x0000000087b00000, 0x0000000087b00000|100%| O|  |TAMS 0x0000000087b00000, 0x0000000087a00000| Untracked 
| 123|0x0000000087b00000, 0x0000000087c00000, 0x0000000087c00000|100%| O|  |TAMS 0x0000000087c00000, 0x0000000087b00000| Untracked 
| 124|0x0000000087c00000, 0x0000000087d00000, 0x0000000087d00000|100%| O|  |TAMS 0x0000000087d00000, 0x0000000087c00000| Untracked 
| 125|0x0000000087d00000, 0x0000000087e00000, 0x0000000087e00000|100%| O|  |TAMS 0x0000000087e00000, 0x0000000087d00000| Untracked 
| 126|0x0000000087e00000, 0x0000000087f00000, 0x0000000087f00000|100%| O|  |TAMS 0x0000000087f00000, 0x0000000087e00000| Untracked 
| 127|0x0000000087f00000, 0x0000000088000000, 0x0000000088000000|100%| O|  |TAMS 0x0000000088000000, 0x0000000087f00000| Untracked 
| 128|0x0000000088000000, 0x0000000088100000, 0x0000000088100000|100%| O|  |TAMS 0x0000000088100000, 0x0000000088000000| Untracked 
| 129|0x0000000088100000, 0x0000000088200000, 0x0000000088200000|100%| O|  |TAMS 0x0000000088200000, 0x0000000088100000| Untracked 
| 130|0x0000000088200000, 0x0000000088300000, 0x0000000088300000|100%| O|  |TAMS 0x0000000088300000, 0x0000000088200000| Untracked 
| 131|0x0000000088300000, 0x0000000088400000, 0x0000000088400000|100%| O|  |TAMS 0x0000000088400000, 0x0000000088300000| Untracked 
| 132|0x0000000088400000, 0x0000000088500000, 0x0000000088500000|100%| O|  |TAMS 0x0000000088500000, 0x0000000088400000| Untracked 
| 133|0x0000000088500000, 0x0000000088600000, 0x0000000088600000|100%| O|  |TAMS 0x0000000088600000, 0x0000000088500000| Untracked 
| 134|0x0000000088600000, 0x0000000088700000, 0x0000000088700000|100%| O|  |TAMS 0x0000000088700000, 0x0000000088600000| Untracked 
| 135|0x0000000088700000, 0x0000000088800000, 0x0000000088800000|100%| O|  |TAMS 0x0000000088800000, 0x0000000088700000| Untracked 
| 136|0x0000000088800000, 0x0000000088900000, 0x0000000088900000|100%| O|  |TAMS 0x0000000088900000, 0x0000000088800000| Untracked 
| 137|0x0000000088900000, 0x0000000088a00000, 0x0000000088a00000|100%| O|  |TAMS 0x0000000088a00000, 0x0000000088900000| Untracked 
| 138|0x0000000088a00000, 0x0000000088b00000, 0x0000000088b00000|100%| O|  |TAMS 0x0000000088b00000, 0x0000000088a00000| Untracked 
| 139|0x0000000088b00000, 0x0000000088c00000, 0x0000000088c00000|100%| O|  |TAMS 0x0000000088c00000, 0x0000000088b00000| Untracked 
| 140|0x0000000088c00000, 0x0000000088d00000, 0x0000000088d00000|100%| O|  |TAMS 0x0000000088d00000, 0x0000000088c00000| Untracked 
| 141|0x0000000088d00000, 0x0000000088e00000, 0x0000000088e00000|100%| O|  |TAMS 0x0000000088e00000, 0x0000000088d00000| Untracked 
| 142|0x0000000088e00000, 0x0000000088f00000, 0x0000000088f00000|100%| O|  |TAMS 0x0000000088f00000, 0x0000000088e00000| Untracked 
| 143|0x0000000088f00000, 0x0000000089000000, 0x0000000089000000|100%| O|  |TAMS 0x0000000089000000, 0x0000000088f00000| Untracked 
| 144|0x0000000089000000, 0x0000000089100000, 0x0000000089100000|100%| O|  |TAMS 0x0000000089100000, 0x0000000089000000| Untracked 
| 145|0x0000000089100000, 0x0000000089200000, 0x0000000089200000|100%| O|  |TAMS 0x0000000089200000, 0x0000000089100000| Untracked 
| 146|0x0000000089200000, 0x0000000089300000, 0x0000000089300000|100%| O|  |TAMS 0x0000000089300000, 0x0000000089200000| Untracked 
| 147|0x0000000089300000, 0x0000000089400000, 0x0000000089400000|100%| O|  |TAMS 0x0000000089400000, 0x0000000089300000| Untracked 
| 148|0x0000000089400000, 0x0000000089500000, 0x0000000089500000|100%| O|  |TAMS 0x0000000089400000, 0x0000000089400000| Untracked 
| 149|0x0000000089500000, 0x0000000089600000, 0x0000000089600000|100%| O|  |TAMS 0x0000000089600000, 0x0000000089500000| Untracked 
| 150|0x0000000089600000, 0x0000000089700000, 0x0000000089700000|100%| O|  |TAMS 0x0000000089700000, 0x0000000089600000| Untracked 
| 151|0x0000000089700000, 0x0000000089800000, 0x0000000089800000|100%| O|  |TAMS 0x0000000089800000, 0x0000000089700000| Untracked 
| 152|0x0000000089800000, 0x0000000089900000, 0x0000000089900000|100%| O|  |TAMS 0x0000000089900000, 0x0000000089800000| Untracked 
| 153|0x0000000089900000, 0x0000000089a00000, 0x0000000089a00000|100%| O|  |TAMS 0x0000000089a00000, 0x0000000089900000| Untracked 
| 154|0x0000000089a00000, 0x0000000089b00000, 0x0000000089b00000|100%| O|  |TAMS 0x0000000089b00000, 0x0000000089a00000| Untracked 
| 155|0x0000000089b00000, 0x0000000089c00000, 0x0000000089c00000|100%| O|  |TAMS 0x0000000089c00000, 0x0000000089b00000| Untracked 
| 156|0x0000000089c00000, 0x0000000089d00000, 0x0000000089d00000|100%|HS|  |TAMS 0x0000000089d00000, 0x0000000089c00000| Complete 
| 157|0x0000000089d00000, 0x0000000089e00000, 0x0000000089e00000|100%| O|  |TAMS 0x0000000089e00000, 0x0000000089d00000| Untracked 
| 158|0x0000000089e00000, 0x0000000089f00000, 0x0000000089f00000|100%| O|  |TAMS 0x0000000089f00000, 0x0000000089e00000| Untracked 
| 159|0x0000000089f00000, 0x000000008a000000, 0x000000008a000000|100%| O|  |TAMS 0x000000008a000000, 0x0000000089f00000| Untracked 
| 160|0x000000008a000000, 0x000000008a100000, 0x000000008a100000|100%| O|  |TAMS 0x000000008a100000, 0x000000008a000000| Untracked 
| 161|0x000000008a100000, 0x000000008a200000, 0x000000008a200000|100%| O|  |TAMS 0x000000008a200000, 0x000000008a100000| Untracked 
| 162|0x000000008a200000, 0x000000008a300000, 0x000000008a300000|100%| O|  |TAMS 0x000000008a300000, 0x000000008a200000| Untracked 
| 163|0x000000008a300000, 0x000000008a400000, 0x000000008a400000|100%| O|  |TAMS 0x000000008a400000, 0x000000008a300000| Untracked 
| 164|0x000000008a400000, 0x000000008a500000, 0x000000008a500000|100%| O|  |TAMS 0x000000008a500000, 0x000000008a400000| Untracked 
| 165|0x000000008a500000, 0x000000008a600000, 0x000000008a600000|100%| O|  |TAMS 0x000000008a600000, 0x000000008a500000| Untracked 
| 166|0x000000008a600000, 0x000000008a700000, 0x000000008a700000|100%| O|  |TAMS 0x000000008a700000, 0x000000008a600000| Untracked 
| 167|0x000000008a700000, 0x000000008a800000, 0x000000008a800000|100%| O|  |TAMS 0x000000008a800000, 0x000000008a700000| Untracked 
| 168|0x000000008a800000, 0x000000008a900000, 0x000000008a900000|100%| O|  |TAMS 0x000000008a900000, 0x000000008a800000| Untracked 
| 169|0x000000008a900000, 0x000000008aa00000, 0x000000008aa00000|100%| O|  |TAMS 0x000000008aa00000, 0x000000008a900000| Untracked 
| 170|0x000000008aa00000, 0x000000008ab00000, 0x000000008ab00000|100%| O|  |TAMS 0x000000008ab00000, 0x000000008aa00000| Untracked 
| 171|0x000000008ab00000, 0x000000008ac00000, 0x000000008ac00000|100%| O|  |TAMS 0x000000008ac00000, 0x000000008ab00000| Untracked 
| 172|0x000000008ac00000, 0x000000008ad00000, 0x000000008ad00000|100%| O|  |TAMS 0x000000008ad00000, 0x000000008ac00000| Untracked 
| 173|0x000000008ad00000, 0x000000008ae00000, 0x000000008ae00000|100%| O|  |TAMS 0x000000008ae00000, 0x000000008ad00000| Untracked 
| 174|0x000000008ae00000, 0x000000008af00000, 0x000000008af00000|100%| O|  |TAMS 0x000000008af00000, 0x000000008ae00000| Untracked 
| 175|0x000000008af00000, 0x000000008b000000, 0x000000008b000000|100%| O|  |TAMS 0x000000008b000000, 0x000000008af00000| Untracked 
| 176|0x000000008b000000, 0x000000008b100000, 0x000000008b100000|100%| O|  |TAMS 0x000000008b100000, 0x000000008b000000| Untracked 
| 177|0x000000008b100000, 0x000000008b200000, 0x000000008b200000|100%| O|  |TAMS 0x000000008b200000, 0x000000008b100000| Untracked 
| 178|0x000000008b200000, 0x000000008b300000, 0x000000008b300000|100%| O|  |TAMS 0x000000008b200000, 0x000000008b200000| Untracked 
| 179|0x000000008b300000, 0x000000008b400000, 0x000000008b400000|100%| O|  |TAMS 0x000000008b300000, 0x000000008b300000| Untracked 
| 180|0x000000008b400000, 0x000000008b500000, 0x000000008b500000|100%| O|  |TAMS 0x000000008b500000, 0x000000008b400000| Untracked 
| 181|0x000000008b500000, 0x000000008b600000, 0x000000008b600000|100%| O|  |TAMS 0x000000008b5f5000, 0x000000008b500000| Untracked 
| 182|0x000000008b600000, 0x000000008b700000, 0x000000008b700000|100%| O|  |TAMS 0x000000008b600000, 0x000000008b600000| Untracked 
| 183|0x000000008b700000, 0x000000008b800000, 0x000000008b800000|100%| O|  |TAMS 0x000000008b700000, 0x000000008b700000| Untracked 
| 184|0x000000008b800000, 0x000000008b900000, 0x000000008b900000|100%| O|  |TAMS 0x000000008b800000, 0x000000008b800000| Untracked 
| 185|0x000000008b900000, 0x000000008ba00000, 0x000000008ba00000|100%| O|  |TAMS 0x000000008b900000, 0x000000008b900000| Untracked 
| 186|0x000000008ba00000, 0x000000008bb00000, 0x000000008bb00000|100%| O|  |TAMS 0x000000008ba00000, 0x000000008ba00000| Untracked 
| 187|0x000000008bb00000, 0x000000008bc00000, 0x000000008bc00000|100%| O|  |TAMS 0x000000008bb00000, 0x000000008bb00000| Untracked 
| 188|0x000000008bc00000, 0x000000008bd00000, 0x000000008bd00000|100%| O|  |TAMS 0x000000008bc00000, 0x000000008bc00000| Untracked 
| 189|0x000000008bd00000, 0x000000008bdac600, 0x000000008be00000| 67%| O|  |TAMS 0x000000008bd00000, 0x000000008bd00000| Untracked 
| 190|0x000000008be00000, 0x000000008be00000, 0x000000008bf00000|  0%| F|  |TAMS 0x000000008be00000, 0x000000008be00000| Untracked 
| 191|0x000000008bf00000, 0x000000008bf00000, 0x000000008c000000|  0%| F|  |TAMS 0x000000008bf00000, 0x000000008bf00000| Untracked 
| 192|0x000000008c000000, 0x000000008c000000, 0x000000008c100000|  0%| F|  |TAMS 0x000000008c000000, 0x000000008c000000| Untracked 
| 193|0x000000008c100000, 0x000000008c100000, 0x000000008c200000|  0%| F|  |TAMS 0x000000008c100000, 0x000000008c100000| Untracked 
| 194|0x000000008c200000, 0x000000008c200000, 0x000000008c300000|  0%| F|  |TAMS 0x000000008c200000, 0x000000008c200000| Untracked 
| 195|0x000000008c300000, 0x000000008c300000, 0x000000008c400000|  0%| F|  |TAMS 0x000000008c300000, 0x000000008c300000| Untracked 
| 196|0x000000008c400000, 0x000000008c500000, 0x000000008c500000|100%| O|  |TAMS 0x000000008c400000, 0x000000008c400000| Untracked 
| 197|0x000000008c500000, 0x000000008c600000, 0x000000008c600000|100%| O|  |TAMS 0x000000008c500000, 0x000000008c500000| Untracked 
| 198|0x000000008c600000, 0x000000008c700000, 0x000000008c700000|100%| O|  |TAMS 0x000000008c600000, 0x000000008c600000| Untracked 
| 199|0x000000008c700000, 0x000000008c700000, 0x000000008c800000|  0%| F|  |TAMS 0x000000008c700000, 0x000000008c700000| Untracked 
| 200|0x000000008c800000, 0x000000008c800000, 0x000000008c900000|  0%| F|  |TAMS 0x000000008c800000, 0x000000008c800000| Untracked 
| 201|0x000000008c900000, 0x000000008c900000, 0x000000008ca00000|  0%| F|  |TAMS 0x000000008c900000, 0x000000008c900000| Untracked 
| 202|0x000000008ca00000, 0x000000008ca00000, 0x000000008cb00000|  0%| F|  |TAMS 0x000000008ca00000, 0x000000008ca00000| Untracked 
| 203|0x000000008cb00000, 0x000000008cb00000, 0x000000008cc00000|  0%| F|  |TAMS 0x000000008cb00000, 0x000000008cb00000| Untracked 
| 204|0x000000008cc00000, 0x000000008cc00000, 0x000000008cd00000|  0%| F|  |TAMS 0x000000008cc00000, 0x000000008cc00000| Untracked 
| 205|0x000000008cd00000, 0x000000008cd00000, 0x000000008ce00000|  0%| F|  |TAMS 0x000000008cd00000, 0x000000008cd00000| Untracked 
| 206|0x000000008ce00000, 0x000000008ce00000, 0x000000008cf00000|  0%| F|  |TAMS 0x000000008ce00000, 0x000000008ce00000| Untracked 
| 207|0x000000008cf00000, 0x000000008cf00000, 0x000000008d000000|  0%| F|  |TAMS 0x000000008cf00000, 0x000000008cf00000| Untracked 
| 208|0x000000008d000000, 0x000000008d000000, 0x000000008d100000|  0%| F|  |TAMS 0x000000008d000000, 0x000000008d000000| Untracked 
| 209|0x000000008d100000, 0x000000008d100000, 0x000000008d200000|  0%| F|  |TAMS 0x000000008d100000, 0x000000008d100000| Untracked 
| 210|0x000000008d200000, 0x000000008d200000, 0x000000008d300000|  0%| F|  |TAMS 0x000000008d200000, 0x000000008d200000| Untracked 
| 211|0x000000008d300000, 0x000000008d300000, 0x000000008d400000|  0%| F|  |TAMS 0x000000008d300000, 0x000000008d300000| Untracked 
| 212|0x000000008d400000, 0x000000008d400000, 0x000000008d500000|  0%| F|  |TAMS 0x000000008d400000, 0x000000008d400000| Untracked 
| 213|0x000000008d500000, 0x000000008d500000, 0x000000008d600000|  0%| F|  |TAMS 0x000000008d500000, 0x000000008d500000| Untracked 
| 214|0x000000008d600000, 0x000000008d600000, 0x000000008d700000|  0%| F|  |TAMS 0x000000008d600000, 0x000000008d600000| Untracked 
| 215|0x000000008d700000, 0x000000008d700000, 0x000000008d800000|  0%| F|  |TAMS 0x000000008d700000, 0x000000008d700000| Untracked 
| 216|0x000000008d800000, 0x000000008d800000, 0x000000008d900000|  0%| F|  |TAMS 0x000000008d800000, 0x000000008d800000| Untracked 
| 217|0x000000008d900000, 0x000000008d900000, 0x000000008da00000|  0%| F|  |TAMS 0x000000008d900000, 0x000000008d900000| Untracked 
| 218|0x000000008da00000, 0x000000008da00000, 0x000000008db00000|  0%| F|  |TAMS 0x000000008da00000, 0x000000008da00000| Untracked 
| 219|0x000000008db00000, 0x000000008db00000, 0x000000008dc00000|  0%| F|  |TAMS 0x000000008db00000, 0x000000008db00000| Untracked 
| 220|0x000000008dc00000, 0x000000008dc00000, 0x000000008dd00000|  0%| F|  |TAMS 0x000000008dc00000, 0x000000008dc00000| Untracked 
| 221|0x000000008dd00000, 0x000000008dd00000, 0x000000008de00000|  0%| F|  |TAMS 0x000000008dd00000, 0x000000008dd00000| Untracked 
| 222|0x000000008de00000, 0x000000008de00000, 0x000000008df00000|  0%| F|  |TAMS 0x000000008de00000, 0x000000008de00000| Untracked 
| 223|0x000000008df00000, 0x000000008df00000, 0x000000008e000000|  0%| F|  |TAMS 0x000000008df00000, 0x000000008df00000| Untracked 
| 224|0x000000008e000000, 0x000000008e000000, 0x000000008e100000|  0%| F|  |TAMS 0x000000008e000000, 0x000000008e000000| Untracked 
| 225|0x000000008e100000, 0x000000008e100000, 0x000000008e200000|  0%| F|  |TAMS 0x000000008e100000, 0x000000008e100000| Untracked 
| 226|0x000000008e200000, 0x000000008e200000, 0x000000008e300000|  0%| F|  |TAMS 0x000000008e200000, 0x000000008e200000| Untracked 
| 227|0x000000008e300000, 0x000000008e300000, 0x000000008e400000|  0%| F|  |TAMS 0x000000008e300000, 0x000000008e300000| Untracked 
| 228|0x000000008e400000, 0x000000008e400000, 0x000000008e500000|  0%| F|  |TAMS 0x000000008e400000, 0x000000008e400000| Untracked 
| 229|0x000000008e500000, 0x000000008e500000, 0x000000008e600000|  0%| F|  |TAMS 0x000000008e500000, 0x000000008e500000| Untracked 
| 230|0x000000008e600000, 0x000000008e600000, 0x000000008e700000|  0%| F|  |TAMS 0x000000008e600000, 0x000000008e600000| Untracked 
| 231|0x000000008e700000, 0x000000008e700000, 0x000000008e800000|  0%| F|  |TAMS 0x000000008e700000, 0x000000008e700000| Untracked 
| 232|0x000000008e800000, 0x000000008e800000, 0x000000008e900000|  0%| F|  |TAMS 0x000000008e800000, 0x000000008e800000| Untracked 
| 233|0x000000008e900000, 0x000000008e900000, 0x000000008ea00000|  0%| F|  |TAMS 0x000000008e900000, 0x000000008e900000| Untracked 
| 234|0x000000008ea00000, 0x000000008ea00000, 0x000000008eb00000|  0%| F|  |TAMS 0x000000008ea00000, 0x000000008ea00000| Untracked 
| 235|0x000000008eb00000, 0x000000008eb00000, 0x000000008ec00000|  0%| F|  |TAMS 0x000000008eb00000, 0x000000008eb00000| Untracked 
| 236|0x000000008ec00000, 0x000000008ec00000, 0x000000008ed00000|  0%| F|  |TAMS 0x000000008ec00000, 0x000000008ec00000| Untracked 
| 237|0x000000008ed00000, 0x000000008ed00000, 0x000000008ee00000|  0%| F|  |TAMS 0x000000008ed00000, 0x000000008ed00000| Untracked 
| 238|0x000000008ee00000, 0x000000008ee00000, 0x000000008ef00000|  0%| F|  |TAMS 0x000000008ee00000, 0x000000008ee00000| Untracked 
| 239|0x000000008ef00000, 0x000000008ef00000, 0x000000008f000000|  0%| F|  |TAMS 0x000000008ef00000, 0x000000008ef00000| Untracked 
| 240|0x000000008f000000, 0x000000008f000000, 0x000000008f100000|  0%| F|  |TAMS 0x000000008f000000, 0x000000008f000000| Untracked 
| 241|0x000000008f100000, 0x000000008f100000, 0x000000008f200000|  0%| F|  |TAMS 0x000000008f100000, 0x000000008f100000| Untracked 
| 242|0x000000008f200000, 0x000000008f200000, 0x000000008f300000|  0%| F|  |TAMS 0x000000008f200000, 0x000000008f200000| Untracked 
| 243|0x000000008f300000, 0x000000008f37e9a0, 0x000000008f400000| 49%| S|CS|TAMS 0x000000008f300000, 0x000000008f300000| Complete 
| 244|0x000000008f400000, 0x000000008f500000, 0x000000008f500000|100%| S|CS|TAMS 0x000000008f400000, 0x000000008f400000| Complete 
| 245|0x000000008f500000, 0x000000008f600000, 0x000000008f600000|100%| S|CS|TAMS 0x000000008f500000, 0x000000008f500000| Complete 
| 246|0x000000008f600000, 0x000000008f600000, 0x000000008f700000|  0%| F|  |TAMS 0x000000008f600000, 0x000000008f600000| Untracked 
| 247|0x000000008f700000, 0x000000008f700000, 0x000000008f800000|  0%| F|  |TAMS 0x000000008f700000, 0x000000008f700000| Untracked 
| 248|0x000000008f800000, 0x000000008f800000, 0x000000008f900000|  0%| F|  |TAMS 0x000000008f800000, 0x000000008f800000| Untracked 
| 249|0x000000008f900000, 0x000000008f900000, 0x000000008fa00000|  0%| F|  |TAMS 0x000000008f900000, 0x000000008f900000| Untracked 
| 250|0x000000008fa00000, 0x000000008fa00000, 0x000000008fb00000|  0%| F|  |TAMS 0x000000008fa00000, 0x000000008fa00000| Untracked 
| 251|0x000000008fb00000, 0x000000008fb00000, 0x000000008fc00000|  0%| F|  |TAMS 0x000000008fb00000, 0x000000008fb00000| Untracked 
| 252|0x000000008fc00000, 0x000000008fc00000, 0x000000008fd00000|  0%| F|  |TAMS 0x000000008fc00000, 0x000000008fc00000| Untracked 
| 253|0x000000008fd00000, 0x000000008fd00000, 0x000000008fe00000|  0%| F|  |TAMS 0x000000008fd00000, 0x000000008fd00000| Untracked 
| 254|0x000000008fe00000, 0x000000008fe00000, 0x000000008ff00000|  0%| F|  |TAMS 0x000000008fe00000, 0x000000008fe00000| Untracked 
| 255|0x000000008ff00000, 0x000000008ff00000, 0x0000000090000000|  0%| F|  |TAMS 0x000000008ff00000, 0x000000008ff00000| Untracked 
| 256|0x0000000090000000, 0x0000000090000000, 0x0000000090100000|  0%| F|  |TAMS 0x0000000090000000, 0x0000000090000000| Untracked 
| 257|0x0000000090100000, 0x0000000090100000, 0x0000000090200000|  0%| F|  |TAMS 0x0000000090100000, 0x0000000090100000| Untracked 
| 258|0x0000000090200000, 0x0000000090200000, 0x0000000090300000|  0%| F|  |TAMS 0x0000000090200000, 0x0000000090200000| Untracked 
| 259|0x0000000090300000, 0x0000000090300000, 0x0000000090400000|  0%| F|  |TAMS 0x0000000090300000, 0x0000000090300000| Untracked 
| 260|0x0000000090400000, 0x0000000090400000, 0x0000000090500000|  0%| F|  |TAMS 0x0000000090400000, 0x0000000090400000| Untracked 
| 261|0x0000000090500000, 0x0000000090500000, 0x0000000090600000|  0%| F|  |TAMS 0x0000000090500000, 0x0000000090500000| Untracked 
| 262|0x0000000090600000, 0x0000000090600000, 0x0000000090700000|  0%| F|  |TAMS 0x0000000090600000, 0x0000000090600000| Untracked 
| 263|0x0000000090700000, 0x0000000090700000, 0x0000000090800000|  0%| F|  |TAMS 0x0000000090700000, 0x0000000090700000| Untracked 
| 264|0x0000000090800000, 0x0000000090800000, 0x0000000090900000|  0%| F|  |TAMS 0x0000000090800000, 0x0000000090800000| Untracked 
| 265|0x0000000090900000, 0x0000000090900000, 0x0000000090a00000|  0%| F|  |TAMS 0x0000000090900000, 0x0000000090900000| Untracked 
| 266|0x0000000090a00000, 0x0000000090a00000, 0x0000000090b00000|  0%| F|  |TAMS 0x0000000090a00000, 0x0000000090a00000| Untracked 
| 267|0x0000000090b00000, 0x0000000090b00000, 0x0000000090c00000|  0%| F|  |TAMS 0x0000000090b00000, 0x0000000090b00000| Untracked 
| 268|0x0000000090c00000, 0x0000000090c00000, 0x0000000090d00000|  0%| F|  |TAMS 0x0000000090c00000, 0x0000000090c00000| Untracked 
| 269|0x0000000090d00000, 0x0000000090d00000, 0x0000000090e00000|  0%| F|  |TAMS 0x0000000090d00000, 0x0000000090d00000| Untracked 
| 270|0x0000000090e00000, 0x0000000090e00000, 0x0000000090f00000|  0%| F|  |TAMS 0x0000000090e00000, 0x0000000090e00000| Untracked 
| 271|0x0000000090f00000, 0x0000000090f00000, 0x0000000091000000|  0%| F|  |TAMS 0x0000000090f00000, 0x0000000090f00000| Untracked 
| 272|0x0000000091000000, 0x0000000091000000, 0x0000000091100000|  0%| F|  |TAMS 0x0000000091000000, 0x0000000091000000| Untracked 
| 273|0x0000000091100000, 0x0000000091100000, 0x0000000091200000|  0%| F|  |TAMS 0x0000000091100000, 0x0000000091100000| Untracked 
| 274|0x0000000091200000, 0x0000000091200000, 0x0000000091300000|  0%| F|  |TAMS 0x0000000091200000, 0x0000000091200000| Untracked 
| 275|0x0000000091300000, 0x0000000091300000, 0x0000000091400000|  0%| F|  |TAMS 0x0000000091300000, 0x0000000091300000| Untracked 
| 276|0x0000000091400000, 0x0000000091400000, 0x0000000091500000|  0%| F|  |TAMS 0x0000000091400000, 0x0000000091400000| Untracked 
| 277|0x0000000091500000, 0x0000000091500000, 0x0000000091600000|  0%| F|  |TAMS 0x0000000091500000, 0x0000000091500000| Untracked 
| 278|0x0000000091600000, 0x0000000091600000, 0x0000000091700000|  0%| F|  |TAMS 0x0000000091600000, 0x0000000091600000| Untracked 
| 279|0x0000000091700000, 0x0000000091700000, 0x0000000091800000|  0%| F|  |TAMS 0x0000000091700000, 0x0000000091700000| Untracked 
| 280|0x0000000091800000, 0x0000000091800000, 0x0000000091900000|  0%| F|  |TAMS 0x0000000091800000, 0x0000000091800000| Untracked 
| 281|0x0000000091900000, 0x0000000091900000, 0x0000000091a00000|  0%| F|  |TAMS 0x0000000091900000, 0x0000000091900000| Untracked 
| 282|0x0000000091a00000, 0x0000000091a00000, 0x0000000091b00000|  0%| F|  |TAMS 0x0000000091a00000, 0x0000000091a00000| Untracked 
| 283|0x0000000091b00000, 0x0000000091b00000, 0x0000000091c00000|  0%| F|  |TAMS 0x0000000091b00000, 0x0000000091b00000| Untracked 
| 284|0x0000000091c00000, 0x0000000091c00000, 0x0000000091d00000|  0%| F|  |TAMS 0x0000000091c00000, 0x0000000091c00000| Untracked 

Card table byte_map: [0x0000017e15bb0000,0x0000017e15fb0000] _byte_map_base: 0x0000017e157b0000

Marking Bits (Prev, Next): (CMBitMap*) 0x0000017e00a6fbe8, (CMBitMap*) 0x0000017e00a6fc20
 Prev Bits: [0x0000017e163b0000, 0x0000017e183b0000)
 Next Bits: [0x0000017e183b0000, 0x0000017e1a3b0000)

Polling page: 0x0000017e008e0000

Metaspace:

Usage:
  Non-class:    114.96 MB capacity,   112.66 MB ( 98%) used,     1.92 MB (  2%) free+waste,   392.06 KB ( <1%) overhead. 
      Class:     17.16 MB capacity,    15.87 MB ( 92%) used,     1.12 MB (  7%) free+waste,   176.44 KB (  1%) overhead. 
       Both:    132.12 MB capacity,   128.53 MB ( 97%) used,     3.04 MB (  2%) free+waste,   568.50 KB ( <1%) overhead. 

Virtual space:
  Non-class space:      116.00 MB reserved,     115.07 MB (>99%) committed 
      Class space:        1.00 GB reserved,      17.25 MB (  2%) committed 
             Both:        1.11 GB reserved,     132.32 MB ( 12%) committed 

Chunk freelists:
   Non-Class:  46.00 KB
       Class:  29.00 KB
        Both:  75.00 KB

MaxMetaspaceSize: 17179869184.00 GB
CompressedClassSpaceSize: 1.00 GB

CodeHeap 'non-profiled nmethods': size=120000Kb used=11805Kb max_used=12316Kb free=108194Kb
 bounds [0x0000017e0d820000, 0x0000017e0e430000, 0x0000017e14d50000]
CodeHeap 'profiled nmethods': size=120000Kb used=40808Kb max_used=41752Kb free=79191Kb
 bounds [0x0000017e062f0000, 0x0000017e08bf0000, 0x0000017e0d820000]
CodeHeap 'non-nmethods': size=5760Kb used=2366Kb max_used=2414Kb free=3394Kb
 bounds [0x0000017e05d50000, 0x0000017e05fc0000, 0x0000017e062f0000]
 total_blobs=18944 nmethods=17957 adapters=898
 compilation: enabled
              stopped_count=0, restarted_count=0
 full_count=0

Compilation events (20 events):
Event: 720.308 Thread 0x0000017e1cebe000 nmethod 18991 0x0000017e064c4690 code [0x0000017e064c4860, 0x0000017e064c4aa8]
Event: 720.308 Thread 0x0000017e1cebe000 18993       3       kotlin.reflect.jvm.internal.impl.descriptors.runtime.structure.ReflectClassUtilKt::getClassId (195 bytes)
Event: 720.309 Thread 0x0000017e1ceb9800 nmethod 18985% 0x0000017e0d8dcb10 code [0x0000017e0d8dcca0, 0x0000017e0d8dcdd8]
Event: 720.309 Thread 0x0000017e1ceb9800 18988       4       kotlin.reflect.jvm.internal.impl.protobuf.SmallSortedMap::makeImmutable (42 bytes)
Event: 720.311 Thread 0x0000017e1ceb9800 nmethod 18988 0x0000017e0d8dc710 code [0x0000017e0d8dc8c0, 0x0000017e0d8dca38]
Event: 720.311 Thread 0x0000017e1ceb9800 18989       4       kotlin.reflect.jvm.internal.impl.protobuf.GeneratedMessageLite$ExtendableMessage::makeExtensionsImmutable (8 bytes)
Event: 720.314 Thread 0x0000017e1cebe000 nmethod 18993 0x0000017e0656cd10 code [0x0000017e0656d4e0, 0x0000017e06571118]
Event: 720.314 Thread 0x0000017e1cebe000 18997       3       kotlin.reflect.jvm.internal.impl.metadata.jvm.deserialization.UtfEncodingKt::stringsToBytes (218 bytes)
Event: 720.315 Thread 0x0000017e1cebe000 nmethod 18997 0x0000017e064d9110 code [0x0000017e064d9400, 0x0000017e064da518]
Event: 720.315 Thread 0x0000017e1cebe000 18998       3       java.lang.Class::getEnclosingMethod (217 bytes)
Event: 720.320 Thread 0x0000017e1cebe000 nmethod 18998 0x0000017e06750a90 code [0x0000017e067510a0, 0x0000017e06754be8]
Event: 720.320 Thread 0x0000017e29cda000 nmethod 18987 0x0000017e0d8dba10 code [0x0000017e0d8dbc20, 0x0000017e0d8dc1e8]
Event: 720.320 Thread 0x0000017e1cebe000 19005       3       kotlin.reflect.jvm.internal.impl.descriptors.FindClassInModuleKt::findClassifierAcrossModuleDependencies (746 bytes)
Event: 720.320 Thread 0x0000017e29cda000 19009       4       java.util.regex.Matcher::search (154 bytes)
Event: 720.321 Thread 0x0000017e29cdf800 nmethod 18986 0x0000017e0d8e7a10 code [0x0000017e0d8e7bc0, 0x0000017e0d8e82e8]
Event: 720.321 Thread 0x0000017e29cdf800 19008       4       kotlin.reflect.jvm.internal.impl.utils.WrappedValues::unescapeThrowable (44 bytes)
Event: 720.322 Thread 0x0000017e29cdf800 nmethod 19008 0x0000017e0d8b6990 code [0x0000017e0d8b6b20, 0x0000017e0d8b6b98]
Event: 720.322 Thread 0x0000017e29cdf800 19007       4       kotlin.reflect.jvm.internal.impl.name.FqName::<init> (26 bytes)
Event: 720.323 Thread 0x0000017e1ceb9800 nmethod 18989 0x0000017e0d8ffd10 code [0x0000017e0d8fff20, 0x0000017e0d9005e8]
Event: 720.323 Thread 0x0000017e1ceb9800 18990       4       kotlin.reflect.jvm.internal.impl.protobuf.GeneratedMessageLite$ExtendableMessage::extensionsAreInitialized (8 bytes)

GC Heap History (20 events):
Event: 718.124 GC heap after
{Heap after GC invocations=71 (full 0):
 garbage-first heap   total 227328K, used 180759K [0x0000000080000000, 0x0000000100000000)
  region size 1024K, 1 young (1024K), 1 survivors (1024K)
 Metaspace       used 124748K, capacity 128444K, committed 128712K, reserved 1161216K
  class space    used 15662K, capacity 16931K, committed 17024K, reserved 1048576K
}
Event: 718.194 GC heap before
{Heap before GC invocations=71 (full 0):
 garbage-first heap   total 227328K, used 196119K [0x0000000080000000, 0x0000000100000000)
  region size 1024K, 16 young (16384K), 1 survivors (1024K)
 Metaspace       used 124749K, capacity 128444K, committed 128712K, reserved 1161216K
  class space    used 15662K, capacity 16931K, committed 17024K, reserved 1048576K
}
Event: 718.196 GC heap after
{Heap after GC invocations=72 (full 0):
 garbage-first heap   total 227328K, used 180927K [0x0000000080000000, 0x0000000100000000)
  region size 1024K, 1 young (1024K), 1 survivors (1024K)
 Metaspace       used 124749K, capacity 128444K, committed 128712K, reserved 1161216K
  class space    used 15662K, capacity 16931K, committed 17024K, reserved 1048576K
}
Event: 718.265 GC heap before
{Heap before GC invocations=72 (full 0):
 garbage-first heap   total 227328K, used 196287K [0x0000000080000000, 0x0000000100000000)
  region size 1024K, 16 young (16384K), 1 survivors (1024K)
 Metaspace       used 124750K, capacity 128444K, committed 128712K, reserved 1161216K
  class space    used 15662K, capacity 16931K, committed 17024K, reserved 1048576K
}
Event: 718.267 GC heap after
{Heap after GC invocations=73 (full 0):
 garbage-first heap   total 227328K, used 180737K [0x0000000080000000, 0x0000000100000000)
  region size 1024K, 1 young (1024K), 1 survivors (1024K)
 Metaspace       used 124750K, capacity 128444K, committed 128712K, reserved 1161216K
  class space    used 15662K, capacity 16931K, committed 17024K, reserved 1048576K
}
Event: 718.354 GC heap before
{Heap before GC invocations=73 (full 0):
 garbage-first heap   total 227328K, used 197121K [0x0000000080000000, 0x0000000100000000)
  region size 1024K, 17 young (17408K), 1 survivors (1024K)
 Metaspace       used 124752K, capacity 128444K, committed 128712K, reserved 1161216K
  class space    used 15662K, capacity 16931K, committed 17024K, reserved 1048576K
}
Event: 718.356 GC heap after
{Heap after GC invocations=74 (full 0):
 garbage-first heap   total 227328K, used 180749K [0x0000000080000000, 0x0000000100000000)
  region size 1024K, 1 young (1024K), 1 survivors (1024K)
 Metaspace       used 124752K, capacity 128444K, committed 128712K, reserved 1161216K
  class space    used 15662K, capacity 16931K, committed 17024K, reserved 1048576K
}
Event: 718.547 GC heap before
{Heap before GC invocations=74 (full 0):
 garbage-first heap   total 227328K, used 193037K [0x0000000080000000, 0x0000000100000000)
  region size 1024K, 12 young (12288K), 1 survivors (1024K)
 Metaspace       used 124774K, capacity 128450K, committed 128712K, reserved 1161216K
  class space    used 15665K, capacity 16933K, committed 17024K, reserved 1048576K
}
Event: 718.556 GC heap after
{Heap after GC invocations=75 (full 0):
 garbage-first heap   total 227328K, used 188372K [0x0000000080000000, 0x0000000100000000)
  region size 1024K, 3 young (3072K), 3 survivors (3072K)
 Metaspace       used 124774K, capacity 128450K, committed 128712K, reserved 1161216K
  class space    used 15665K, capacity 16933K, committed 17024K, reserved 1048576K
}
Event: 718.698 GC heap before
{Heap before GC invocations=75 (full 0):
 garbage-first heap   total 227328K, used 209876K [0x0000000080000000, 0x0000000100000000)
  region size 1024K, 11 young (11264K), 3 survivors (3072K)
 Metaspace       used 125035K, capacity 128705K, committed 128968K, reserved 1161216K
  class space    used 15684K, capacity 16944K, committed 17024K, reserved 1048576K
}
Event: 718.706 GC heap after
{Heap after GC invocations=76 (full 0):
 garbage-first heap   total 227328K, used 187569K [0x0000000080000000, 0x0000000100000000)
  region size 1024K, 2 young (2048K), 2 survivors (2048K)
 Metaspace       used 125035K, capacity 128705K, committed 128968K, reserved 1161216K
  class space    used 15684K, capacity 16944K, committed 17024K, reserved 1048576K
}
Event: 718.774 GC heap before
{Heap before GC invocations=76 (full 0):
 garbage-first heap   total 227328K, used 196785K [0x0000000080000000, 0x0000000100000000)
  region size 1024K, 11 young (11264K), 2 survivors (2048K)
 Metaspace       used 125128K, capacity 128778K, committed 128968K, reserved 1161216K
  class space    used 15690K, capacity 16946K, committed 17024K, reserved 1048576K
}
Event: 718.780 GC heap after
{Heap after GC invocations=77 (full 0):
 garbage-first heap   total 291840K, used 189062K [0x0000000080000000, 0x0000000100000000)
  region size 1024K, 2 young (2048K), 2 survivors (2048K)
 Metaspace       used 125128K, capacity 128778K, committed 128968K, reserved 1161216K
  class space    used 15690K, capacity 16946K, committed 17024K, reserved 1048576K
}
Event: 719.364 GC heap before
{Heap before GC invocations=78 (full 0):
 garbage-first heap   total 291840K, used 228998K [0x0000000080000000, 0x0000000100000000)
  region size 1024K, 42 young (43008K), 2 survivors (2048K)
 Metaspace       used 129019K, capacity 132676K, committed 132936K, reserved 1165312K
  class space    used 16005K, capacity 17298K, committed 17408K, reserved 1048576K
}
Event: 719.372 GC heap after
{Heap after GC invocations=79 (full 0):
 garbage-first heap   total 291840K, used 193007K [0x0000000080000000, 0x0000000100000000)
  region size 1024K, 6 young (6144K), 6 survivors (6144K)
 Metaspace       used 129019K, capacity 132676K, committed 132936K, reserved 1165312K
  class space    used 16005K, capacity 17298K, committed 17408K, reserved 1048576K
}
Event: 719.613 GC heap before
{Heap before GC invocations=79 (full 0):
 garbage-first heap   total 291840K, used 232943K [0x0000000080000000, 0x0000000100000000)
  region size 1024K, 46 young (47104K), 6 survivors (6144K)
 Metaspace       used 129426K, capacity 133092K, committed 133448K, reserved 1165312K
  class space    used 16030K, capacity 17330K, committed 17408K, reserved 1048576K
}
Event: 719.620 GC heap after
{Heap after GC invocations=80 (full 0):
 garbage-first heap   total 291840K, used 193892K [0x0000000080000000, 0x0000000100000000)
  region size 1024K, 2 young (2048K), 2 survivors (2048K)
 Metaspace       used 129426K, capacity 133092K, committed 133448K, reserved 1165312K
  class space    used 16030K, capacity 17330K, committed 17408K, reserved 1048576K
}
Event: 719.980 GC heap before
{Heap before GC invocations=80 (full 0):
 garbage-first heap   total 291840K, used 235876K [0x0000000080000000, 0x0000000100000000)
  region size 1024K, 44 young (45056K), 2 survivors (2048K)
 Metaspace       used 130983K, capacity 134689K, committed 134856K, reserved 1167360K
  class space    used 16200K, capacity 17499K, committed 17536K, reserved 1048576K
}
Event: 719.990 GC heap after
{Heap after GC invocations=81 (full 0):
 garbage-first heap   total 291840K, used 200201K [0x0000000080000000, 0x0000000100000000)
  region size 1024K, 6 young (6144K), 6 survivors (6144K)
 Metaspace       used 130983K, capacity 134689K, committed 134856K, reserved 1167360K
  class space    used 16200K, capacity 17499K, committed 17536K, reserved 1048576K
}
Event: 720.324 GC heap before
{Heap before GC invocations=81 (full 0):
 garbage-first heap   total 291840K, used 239113K [0x0000000080000000, 0x0000000100000000)
  region size 1024K, 45 young (46080K), 6 survivors (6144K)
 Metaspace       used 131609K, capacity 135293K, committed 135496K, reserved 1167360K
  class space    used 16249K, capacity 17571K, committed 17664K, reserved 1048576K
}

Deoptimization events (20 events):
Event: 720.186 Thread 0x0000017e29cdd000 DEOPT PACKING pc=0x0000017e0e28439c sp=0x00000050efbf9e10
Event: 720.186 Thread 0x0000017e29cdd000 DEOPT UNPACKING pc=0x0000017e05d7662f sp=0x00000050efbf9db0 mode 2
Event: 720.204 Thread 0x0000017e29cdd000 Uncommon trap: trap_request=0xffffff4d fr.pc=0x0000017e0e35ada4 relative=0x00000000000006c4
Event: 720.204 Thread 0x0000017e29cdd000 Uncommon trap: reason=unstable_if action=reinterpret pc=0x0000017e0e35ada4 method=java.util.concurrent.ArrayBlockingQueue.dequeue()Ljava/lang/Object; @ 32 c2
Event: 720.204 Thread 0x0000017e29cdd000 DEOPT PACKING pc=0x0000017e0e35ada4 sp=0x00000050efbfb690
Event: 720.204 Thread 0x0000017e29cdd000 DEOPT UNPACKING pc=0x0000017e05d7662f sp=0x00000050efbfb678 mode 2
Event: 720.207 Thread 0x0000017e29cdf000 Uncommon trap: trap_request=0xffffff4d fr.pc=0x0000017e0db28a0c relative=0x000000000000022c
Event: 720.207 Thread 0x0000017e29cdf000 Uncommon trap: reason=unstable_if action=reinterpret pc=0x0000017e0db28a0c method=com.esotericsoftware.kryo.io.Output.writeString(Ljava/lang/CharSequence;)V @ 50 c2
Event: 720.207 Thread 0x0000017e29cdf000 DEOPT PACKING pc=0x0000017e0db28a0c sp=0x00000050efdfe1f0
Event: 720.207 Thread 0x0000017e29cdf000 DEOPT UNPACKING pc=0x0000017e05d7662f sp=0x00000050efdfe170 mode 2
Event: 720.208 Thread 0x0000017e29cdf000 Uncommon trap: trap_request=0xffffffde fr.pc=0x0000017e0e0d0ef4 relative=0x0000000000000554
Event: 720.208 Thread 0x0000017e29cdf000 Uncommon trap: reason=class_check action=maybe_recompile pc=0x0000017e0e0d0ef4 method=java.io.BufferedOutputStream.write([BII)V @ 20 c2
Event: 720.208 Thread 0x0000017e29cdf000 DEOPT PACKING pc=0x0000017e0e0d0ef4 sp=0x00000050efdfe380
Event: 720.208 Thread 0x0000017e29cdf000 DEOPT UNPACKING pc=0x0000017e05d7662f sp=0x00000050efdfe2b0 mode 2
Event: 720.217 Thread 0x0000017e29cdf000 Uncommon trap: trap_request=0xffffff4d fr.pc=0x0000017e0de06e80 relative=0x0000000000000d60
Event: 720.217 Thread 0x0000017e29cdf000 Uncommon trap: reason=unstable_if action=reinterpret pc=0x0000017e0de06e80 method=com.google.common.collect.MapMakerInternalMap$Segment.drainKeyReferenceQueue(Ljava/lang/ref/ReferenceQueue;)V @ 8 c2
Event: 720.217 Thread 0x0000017e29cdf000 DEOPT PACKING pc=0x0000017e0de06e80 sp=0x00000050efdfe0c0
Event: 720.217 Thread 0x0000017e29cdf000 DEOPT UNPACKING pc=0x0000017e05d7662f sp=0x00000050efdfdfb0 mode 2
Event: 720.240 Thread 0x0000017e1eaf0000 DEOPT PACKING pc=0x0000017e0645f5e9 sp=0x00000050e82fe3d0
Event: 720.240 Thread 0x0000017e1eaf0000 DEOPT UNPACKING pc=0x0000017e05d76dde sp=0x00000050e82fd870 mode 0

Classes redefined (0 events):
No events

Internal exceptions (20 events):
Event: 719.727 Thread 0x0000017e29cd8800 Exception <a 'sun/nio/fs/WindowsException'{0x000000009116db58}> (0x000000009116db58) thrown at [./src/hotspot/share/prims/jni.cpp, line 615]
Event: 719.728 Thread 0x0000017e29cd8800 Exception <a 'sun/nio/fs/WindowsException'{0x0000000091189ee8}> (0x0000000091189ee8) thrown at [./src/hotspot/share/prims/jni.cpp, line 615]
Event: 719.731 Thread 0x0000017e29cd8800 Exception <a 'sun/nio/fs/WindowsException'{0x00000000911a6a00}> (0x00000000911a6a00) thrown at [./src/hotspot/share/prims/jni.cpp, line 615]
Event: 719.733 Thread 0x0000017e29cd8800 Exception <a 'sun/nio/fs/WindowsException'{0x00000000911c2eb8}> (0x00000000911c2eb8) thrown at [./src/hotspot/share/prims/jni.cpp, line 615]
Event: 719.736 Thread 0x0000017e29cd8800 Exception <a 'sun/nio/fs/WindowsException'{0x00000000911fa048}> (0x00000000911fa048) thrown at [./src/hotspot/share/prims/jni.cpp, line 615]
Event: 719.738 Thread 0x0000017e29cd8800 Exception <a 'sun/nio/fs/WindowsException'{0x0000000091000ea8}> (0x0000000091000ea8) thrown at [./src/hotspot/share/prims/jni.cpp, line 615]
Event: 719.740 Thread 0x0000017e29cd8800 Exception <a 'sun/nio/fs/WindowsException'{0x0000000091037418}> (0x0000000091037418) thrown at [./src/hotspot/share/prims/jni.cpp, line 615]
Event: 719.741 Thread 0x0000017e29cd8800 Exception <a 'sun/nio/fs/WindowsException'{0x0000000091039e98}> (0x0000000091039e98) thrown at [./src/hotspot/share/prims/jni.cpp, line 615]
Event: 719.784 Thread 0x0000017e29cd8800 Exception <a 'sun/nio/fs/WindowsException'{0x0000000090d00a60}> (0x0000000090d00a60) thrown at [./src/hotspot/share/prims/jni.cpp, line 615]
Event: 719.784 Thread 0x0000017e29cd8800 Exception <a 'sun/nio/fs/WindowsException'{0x0000000090d1bd98}> (0x0000000090d1bd98) thrown at [./src/hotspot/share/prims/jni.cpp, line 615]
Event: 719.909 Thread 0x0000017e29cdd000 Exception <a 'sun/nio/fs/WindowsException'{0x0000000090100188}> (0x0000000090100188) thrown at [./src/hotspot/share/prims/jni.cpp, line 615]
Event: 719.910 Thread 0x0000017e29cdd000 Exception <a 'sun/nio/fs/WindowsException'{0x0000000090101508}> (0x0000000090101508) thrown at [./src/hotspot/share/prims/jni.cpp, line 615]
Event: 719.910 Thread 0x0000017e29cdd000 Exception <a 'sun/nio/fs/WindowsException'{0x0000000090101810}> (0x0000000090101810) thrown at [./src/hotspot/share/prims/jni.cpp, line 615]
Event: 719.910 Thread 0x0000017e29cdd000 Exception <a 'sun/nio/fs/WindowsException'{0x000000009011d9b0}> (0x000000009011d9b0) thrown at [./src/hotspot/share/prims/jni.cpp, line 615]
Event: 719.910 Thread 0x0000017e29cdd000 Exception <a 'sun/nio/fs/WindowsException'{0x000000009011dc98}> (0x000000009011dc98) thrown at [./src/hotspot/share/prims/jni.cpp, line 615]
Event: 719.910 Thread 0x0000017e29cdd000 Exception <a 'sun/nio/fs/WindowsException'{0x000000009011ed60}> (0x000000009011ed60) thrown at [./src/hotspot/share/prims/jni.cpp, line 615]
Event: 719.965 Thread 0x0000017e29ce5800 Implicit null exception at 0x0000017e0e2af46d to 0x0000017e0e2af834
Event: 719.965 Thread 0x0000017e29ce5800 Implicit null exception at 0x0000017e0e2af46d to 0x0000017e0e2af834
Event: 719.966 Thread 0x0000017e29ce5800 Implicit null exception at 0x0000017e0e2af46d to 0x0000017e0e2af834
Event: 719.966 Thread 0x0000017e29ce5800 Implicit null exception at 0x0000017e0e2af46d to 0x0000017e0e2af834

Events (20 events):
Event: 720.179 loading class com/android/ide/common/xml/XmlPrettyPrinter done
Event: 720.180 loading class com/android/ide/common/xml/XmlPrettyPrinter$ExitWithErrorStatusException
Event: 720.180 loading class com/android/ide/common/xml/XmlPrettyPrinter$ExitWithErrorStatusException done
Event: 720.182 loading class com/android/ide/common/xml/XmlAttributeSortOrder$3
Event: 720.182 loading class com/android/ide/common/xml/XmlAttributeSortOrder$3 done
Event: 720.208 Executing VM operation: RevokeBias
Event: 720.209 Executing VM operation: RevokeBias done
Event: 720.221 loading class com/android/build/api/variant/impl/BuiltArtifactsLoaderImpl
Event: 720.221 loading class com/android/build/api/variant/impl/BuiltArtifactsLoaderImpl done
Event: 720.222 loading class com/android/build/api/variant/BuiltArtifactsLoader
Event: 720.222 loading class com/android/build/api/variant/BuiltArtifactsLoader done
Event: 720.222 Executing VM operation: RevokeBias
Event: 720.222 Executing VM operation: RevokeBias done
Event: 720.223 loading class com/android/build/api/variant/impl/BuiltArtifactsLoaderImpl$Companion
Event: 720.223 loading class com/android/build/api/variant/impl/BuiltArtifactsLoaderImpl$Companion done
Event: 720.224 loading class com/android/ide/common/build/ListingFileRedirect
Event: 720.224 loading class com/android/ide/common/build/ListingFileRedirect done
Event: 720.227 loading class com/android/build/gradle/internal/api/artifact/ArtifactTypeUtils
Event: 720.227 loading class com/android/build/gradle/internal/api/artifact/ArtifactTypeUtils done
Event: 720.323 Executing VM operation: G1CollectForAllocation


Dynamic libraries:
0x00007ff600ad0000 - 0x00007ff600ada000 	C:\Program Files\Android\Android Studio\jre\bin\java.exe
0x00007ffe66710000 - 0x00007ffe66908000 	C:\WINDOWS\SYSTEM32\ntdll.dll
0x00007ffe64e00000 - 0x00007ffe64ebd000 	C:\WINDOWS\System32\KERNEL32.DLL
0x00007ffe642f0000 - 0x00007ffe645be000 	C:\WINDOWS\System32\KERNELBASE.dll
0x00007ffe64030000 - 0x00007ffe64130000 	C:\WINDOWS\System32\ucrtbase.dll
0x00007ffe4c880000 - 0x00007ffe4c899000 	C:\Program Files\Android\Android Studio\jre\bin\jli.dll
0x00007ffe4dbd0000 - 0x00007ffe4dbe7000 	C:\Program Files\Android\Android Studio\jre\bin\VCRUNTIME140.dll
0x00007ffe66300000 - 0x00007ffe664a0000 	C:\WINDOWS\System32\USER32.dll
0x00007ffe646f0000 - 0x00007ffe64712000 	C:\WINDOWS\System32\win32u.dll
0x00007ffe57dc0000 - 0x00007ffe5805a000 	C:\WINDOWS\WinSxS\amd64_microsoft.windows.common-controls_6595b64144ccf1df_6.0.19041.1110_none_60b5254171f9507e\COMCTL32.dll
0x00007ffe66040000 - 0x00007ffe6606a000 	C:\WINDOWS\System32\GDI32.dll
0x00007ffe65fa0000 - 0x00007ffe6603e000 	C:\WINDOWS\System32\msvcrt.dll
0x00007ffe64130000 - 0x00007ffe6423b000 	C:\WINDOWS\System32\gdi32full.dll
0x00007ffe64650000 - 0x00007ffe646ed000 	C:\WINDOWS\System32\msvcp_win.dll
0x00007ffe64770000 - 0x00007ffe647a0000 	C:\WINDOWS\System32\IMM32.DLL
0x00007ffe40f30000 - 0x00007ffe40fcd000 	C:\Program Files\Android\Android Studio\jre\bin\msvcp140.dll
0x00007ffe3ec70000 - 0x00007ffe3f745000 	C:\Program Files\Android\Android Studio\jre\bin\server\jvm.dll
0x00007ffe66250000 - 0x00007ffe662fe000 	C:\WINDOWS\System32\ADVAPI32.dll
0x00007ffe66080000 - 0x00007ffe6611c000 	C:\WINDOWS\System32\sechost.dll
0x00007ffe64b30000 - 0x00007ffe64c55000 	C:\WINDOWS\System32\RPCRT4.dll
0x00007ffe66510000 - 0x00007ffe66518000 	C:\WINDOWS\System32\PSAPI.DLL
0x00007ffe55620000 - 0x00007ffe55647000 	C:\WINDOWS\SYSTEM32\WINMM.dll
0x00007ffe606f0000 - 0x00007ffe606f9000 	C:\WINDOWS\SYSTEM32\WSOCK32.dll
0x00007ffe5e640000 - 0x00007ffe5e64a000 	C:\WINDOWS\SYSTEM32\VERSION.dll
0x00007ffe664a0000 - 0x00007ffe6650b000 	C:\WINDOWS\System32\WS2_32.dll
0x00007ffe61d50000 - 0x00007ffe61d62000 	C:\WINDOWS\SYSTEM32\kernel.appcore.dll
0x00007ffe4e230000 - 0x00007ffe4e241000 	C:\Program Files\Android\Android Studio\jre\bin\verify.dll
0x00007ffe55710000 - 0x00007ffe558f4000 	C:\WINDOWS\SYSTEM32\DBGHELP.DLL
0x00007ffe53160000 - 0x00007ffe5318c000 	C:\WINDOWS\SYSTEM32\dbgcore.DLL
0x00007ffe645c0000 - 0x00007ffe64642000 	C:\WINDOWS\System32\bcryptPrimitives.dll
0x00007ffe4dfc0000 - 0x00007ffe4dfe9000 	C:\Program Files\Android\Android Studio\jre\bin\java.dll
0x00007ffe55b30000 - 0x00007ffe55b3b000 	C:\Program Files\Android\Android Studio\jre\bin\jimage.dll
0x00007ffe4dfa0000 - 0x00007ffe4dfb8000 	C:\Program Files\Android\Android Studio\jre\bin\zip.dll
0x00007ffe65490000 - 0x00007ffe65bd4000 	C:\WINDOWS\System32\SHELL32.dll
0x00007ffe61f50000 - 0x00007ffe626e4000 	C:\WINDOWS\SYSTEM32\windows.storage.dll
0x00007ffe65c40000 - 0x00007ffe65f94000 	C:\WINDOWS\System32\combase.dll
0x00007ffe637c0000 - 0x00007ffe637f0000 	C:\WINDOWS\SYSTEM32\Wldp.dll
0x00007ffe66530000 - 0x00007ffe665dd000 	C:\WINDOWS\System32\SHCORE.dll
0x00007ffe65be0000 - 0x00007ffe65c35000 	C:\WINDOWS\System32\shlwapi.dll
0x00007ffe63d70000 - 0x00007ffe63d8f000 	C:\WINDOWS\SYSTEM32\profapi.dll
0x00007ffe4df60000 - 0x00007ffe4df7a000 	C:\Program Files\Android\Android Studio\jre\bin\net.dll
0x00007ffe5b540000 - 0x00007ffe5b64a000 	C:\WINDOWS\SYSTEM32\WINHTTP.dll
0x00007ffe63520000 - 0x00007ffe6358a000 	C:\WINDOWS\system32\mswsock.dll
0x00007ffe4df40000 - 0x00007ffe4df54000 	C:\Program Files\Android\Android Studio\jre\bin\nio.dll
0x00007ffe4c010000 - 0x00007ffe4c037000 	C:\Users\JULIETH\.gradle\native\e1d6ef7f7dcc3fd88c89a11ec53ec762bb8ba0a96d01ffa2cd45eb1d1d8dd5c5\windows-amd64\native-platform.dll
0x00007ffe40030000 - 0x00007ffe40174000 	C:\Users\JULIETH\.gradle\native\5664cfc778a61ccfe75a443a1ab52a65af34e5dc3c78e0209fed803814484fcb\windows-amd64\native-platform-file-events.dll
0x00007ffe4e3b0000 - 0x00007ffe4e3ba000 	C:\Program Files\Android\Android Studio\jre\bin\management.dll
0x00007ffe4e1b0000 - 0x00007ffe4e1bd000 	C:\Program Files\Android\Android Studio\jre\bin\management_ext.dll
0x00007ffe63710000 - 0x00007ffe63728000 	C:\WINDOWS\SYSTEM32\CRYPTSP.dll
0x00007ffe62ea0000 - 0x00007ffe62ed4000 	C:\WINDOWS\system32\rsaenh.dll
0x00007ffe63ea0000 - 0x00007ffe63ec7000 	C:\WINDOWS\System32\bcrypt.dll
0x00007ffe63cf0000 - 0x00007ffe63d1e000 	C:\WINDOWS\SYSTEM32\USERENV.dll
0x00007ffe63730000 - 0x00007ffe6373c000 	C:\WINDOWS\SYSTEM32\CRYPTBASE.dll
0x00007ffe63210000 - 0x00007ffe6324b000 	C:\WINDOWS\SYSTEM32\IPHLPAPI.DLL
0x00007ffe66070000 - 0x00007ffe66078000 	C:\WINDOWS\System32\NSI.dll
0x00007ffe5e820000 - 0x00007ffe5e837000 	C:\WINDOWS\SYSTEM32\dhcpcsvc6.DLL
0x00007ffe5e790000 - 0x00007ffe5e7ad000 	C:\WINDOWS\SYSTEM32\dhcpcsvc.DLL
0x00007ffe63250000 - 0x00007ffe6331a000 	C:\WINDOWS\SYSTEM32\DNSAPI.dll
0x00007ffe62b30000 - 0x00007ffe62b63000 	C:\WINDOWS\SYSTEM32\ntmarta.dll

dbghelp: loaded successfully - version: 4.0.5 - missing functions: none
symbol engine: initialized successfully - sym options: 0x614 - pdb path: .;C:\Program Files\Android\Android Studio\jre\bin;C:\WINDOWS\SYSTEM32;C:\WINDOWS\WinSxS\amd64_microsoft.windows.common-controls_6595b64144ccf1df_6.0.19041.1110_none_60b5254171f9507e;C:\Program Files\Android\Android Studio\jre\bin\server;C:\Users\JULIETH\.gradle\native\e1d6ef7f7dcc3fd88c89a11ec53ec762bb8ba0a96d01ffa2cd45eb1d1d8dd5c5\windows-amd64;C:\Users\JULIETH\.gradle\native\5664cfc778a61ccfe75a443a1ab52a65af34e5dc3c78e0209fed803814484fcb\windows-amd64

VM Arguments:
jvm_args: --add-opens=java.base/java.util=ALL-UNNAMED --add-opens=java.base/java.lang=ALL-UNNAMED --add-opens=java.base/java.lang.invoke=ALL-UNNAMED --add-opens=java.base/java.util=ALL-UNNAMED --add-opens=java.prefs/java.util.prefs=ALL-UNNAMED --add-opens=java.prefs/java.util.prefs=ALL-UNNAMED --add-opens=java.base/java.nio.charset=ALL-UNNAMED --add-opens=java.base/java.net=ALL-UNNAMED --add-opens=java.base/java.util.concurrent.atomic=ALL-UNNAMED -Xmx2048m -Dfile.encoding=UTF-8 -Duser.country=CO -Duser.language=es -Duser.variant 
java_command: org.gradle.launcher.daemon.bootstrap.GradleDaemon 7.2
java_class_path (initial): C:\Users\JULIETH\.gradle\wrapper\dists\gradle-7.2-bin\2dnblmf4td7x66yl1d74lt32g\gradle-7.2\lib\gradle-launcher-7.2.jar
Launcher Type: SUN_STANDARD

[Global flags]
     intx CICompilerCount                          = 4                                         {product} {ergonomic}
     uint ConcGCThreads                            = 2                                         {product} {ergonomic}
     uint G1ConcRefinementThreads                  = 8                                         {product} {ergonomic}
   size_t G1HeapRegionSize                         = 1048576                                   {product} {ergonomic}
    uintx GCDrainStackTargetSize                   = 64                                        {product} {ergonomic}
   size_t InitialHeapSize                          = 134217728                                 {product} {ergonomic}
   size_t MarkStackSize                            = 4194304                                   {product} {ergonomic}
   size_t MaxHeapSize                              = 2147483648                                {product} {command line}
   size_t MaxNewSize                               = 1287651328                                {product} {ergonomic}
   size_t MinHeapDeltaBytes                        = 1048576                                   {product} {ergonomic}
    uintx NonNMethodCodeHeapSize                   = 5836300                                {pd product} {ergonomic}
    uintx NonProfiledCodeHeapSize                  = 122910970                              {pd product} {ergonomic}
    uintx ProfiledCodeHeapSize                     = 122910970                              {pd product} {ergonomic}
    uintx ReservedCodeCacheSize                    = 251658240                              {pd product} {ergonomic}
     bool SegmentedCodeCache                       = true                                      {product} {ergonomic}
     bool UseCompressedClassPointers               = true                                 {lp64_product} {ergonomic}
     bool UseCompressedOops                        = true                                 {lp64_product} {ergonomic}
     bool UseG1GC                                  = true                                      {product} {ergonomic}
     bool UseLargePagesIndividualAllocation        = false                                  {pd product} {ergonomic}

Logging:
Log output configuration:
 #0: stdout all=warning uptime,level,tags
 #1: stderr all=off uptime,level,tags

Environment Variables:
PATH=C:\WINDOWS\system32;C:\WINDOWS;C:\WINDOWS\System32\Wbem;C:\WINDOWS\System32\WindowsPowerShell\v1.0\;C:\WINDOWS\System32\OpenSSH\;C:\Program Files\dotnet\;C:\Program Files\Git\cmd;C:\Program Files\nodejs\;C:\Users\JULIETH\AppData\Local\Microsoft\WindowsApps;C:\Users\JULIETH\AppData\Local\GitHubDesktop\bin;C:\Users\JULIETH\AppData\Local\Programs\Microsoft VS Code\bin;C:\Users\JULIETH\AppData\Roaming\npm
USERNAME=JULIETH
OS=Windows_NT
PROCESSOR_IDENTIFIER=AMD64 Family 21 Model 2 Stepping 0, AuthenticAMD



---------------  S Y S T E M  ---------------

OS: Windows 10 , 64 bit Build 19041 (10.0.19041.1889)
OS uptime: 0 days 22:27 hours

CPU:total 8 (initial active 8) (8 cores per cpu, 1 threads per core) family 21 model 2 stepping 0 microcode 0x0, cmov, cx8, fxsr, mmx, sse, sse2, sse3, ssse3, sse4.1, sse4.2, popcnt, avx, aes, clmul, mmxext, 3dnowpref, lzcnt, sse4a, tsc, tscinvbit, tscinv, bmi1, fma

Memory: 4k page, system-wide physical 8168M (1408M free)
TotalPageFile size 8184M (AvailPageFile size 4M)
current process WorkingSet (physical memory assigned to process): 639M, peak: 639M
current process commit charge ("private bytes"): 786M, peak: 786M

vm_info: OpenJDK 64-Bit Server VM (11.0.11+9-b60-7590822) for windows-amd64 JRE (11.0.11+9-b60-7590822), built on Jul 29 2021 21:43:44 by "builder" with MS VC++ 14.0 (VS2015)

END.
