#
# There is insufficient memory for the Java Runtime Environment to continue.
# Native memory allocation (malloc) failed to allocate 32744 bytes for ChunkPool::allocate
# Possible reasons:
#   The system is out of physical RAM or swap space
#   The process is running with CompressedOops enabled, and the Java Heap may be blocking the growth of the native heap
# Possible solutions:
#   Reduce memory load on the system
#   Increase physical memory or swap space
#   Check if swap backing store is full
#   Decrease Java heap size (-Xmx/-Xms)
#   Decrease number of Java threads
#   Decrease Java thread stack sizes (-Xss)
#   Set larger code cache with -XX:ReservedCodeCacheSize=
#   JVM is running with Unscaled Compressed Oops mode in which the Java heap is
#     placed in the first 4GB address space. The Java Heap base address is the
#     maximum limit for the native heap growth. Please use -XX:HeapBaseMinAddress
#     to set the Java Heap base and to place the Java Heap above 4GB virtual address.
# This output file may be truncated or incomplete.
#
#  Out of Memory Error (./src/hotspot/share/memory/arena.cpp:81), pid=8656, tid=3904
#
# JRE version: OpenJDK Runtime Environment (11.0.11+9) (build 11.0.11+9-b60-7590822)
# Java VM: OpenJDK 64-Bit Server VM (11.0.11+9-b60-7590822, mixed mode, tiered, compressed oops, g1 gc, windows-amd64)
# No core dump will be written. Minidumps are not enabled by default on client versions of Windows
#

---------------  S U M M A R Y ------------

Command Line: org.jetbrains.kotlin.cli.jvm.K2JVMCompiler @C:\Users\David\AndroidStudioProjects\BlueTV\app\build\20220928_17732136308428497912.compiler.options

Host: AMD FX-8320E Eight-Core Processor              , 8 cores, 7G,  Windows 10 , 64 bit Build 19041 (10.0.19041.1889)
Time: Wed Sep 28 23:44:21 2022 Hora est. Pacífico, Sudamérica elapsed time: 10.731974 seconds (0d 0h 0m 10s)

---------------  T H R E A D  ---------------

Current thread (0x00000244a3343800):  JavaThread "C2 CompilerThread1" daemon [_thread_in_native, id=3904, stack(0x0000009703d00000,0x0000009703e00000)]


Current CompileTask:
C2:  10732 9509       4       org.jetbrains.kotlin.descriptors.impl.FunctionDescriptorImpl::getSubstitutedValueParameters (270 bytes)

Stack: [0x0000009703d00000,0x0000009703e00000]
Native frames: (J=compiled Java code, j=interpreted, Vv=VM code, C=native code)
V  [jvm.dll+0x5f214a]
V  [jvm.dll+0x726fb5]
V  [jvm.dll+0x7285cd]
V  [jvm.dll+0x728c83]
V  [jvm.dll+0x243278]
V  [jvm.dll+0xbc78b]
V  [jvm.dll+0xbca3c]
V  [jvm.dll+0x35926c]
V  [jvm.dll+0x4ecc6e]
V  [jvm.dll+0x4ec083]
V  [jvm.dll+0x4ec856]
V  [jvm.dll+0x3218c2]
V  [jvm.dll+0x320d8a]
V  [jvm.dll+0x1fc1e2]
V  [jvm.dll+0x1fb3d4]
V  [jvm.dll+0x183d6c]
V  [jvm.dll+0x209a57]
V  [jvm.dll+0x2082a1]
V  [jvm.dll+0x6ef58f]
V  [jvm.dll+0x6e80b5]
V  [jvm.dll+0x5f1036]
C  [ucrtbase.dll+0x21bb2]
C  [KERNEL32.DLL+0x17034]
C  [ntdll.dll+0x526a1]


---------------  P R O C E S S  ---------------

Threads class SMR info:
_java_thread_list=0x00000244a6165a10, length=12, elements={
0x0000024487c09800, 0x00000244a2838800, 0x00000244a2839800, 0x00000244a31d7800,
0x00000244a31d9000, 0x00000244a31db000, 0x00000244a31e1800, 0x00000244a31e2800,
0x00000244a2862800, 0x00000244a3351000, 0x00000244a3343800, 0x00000244a5147800
}

Java Threads: ( => current thread )
  0x0000024487c09800 JavaThread "main" [_thread_in_vm, id=7652, stack(0x0000009702c00000,0x0000009702d00000)]
  0x00000244a2838800 JavaThread "Reference Handler" daemon [_thread_blocked, id=9972, stack(0x0000009703300000,0x0000009703400000)]
  0x00000244a2839800 JavaThread "Finalizer" daemon [_thread_blocked, id=11048, stack(0x0000009703400000,0x0000009703500000)]
  0x00000244a31d7800 JavaThread "Signal Dispatcher" daemon [_thread_blocked, id=11720, stack(0x0000009703500000,0x0000009703600000)]
  0x00000244a31d9000 JavaThread "Attach Listener" daemon [_thread_blocked, id=8212, stack(0x0000009703600000,0x0000009703700000)]
  0x00000244a31db000 JavaThread "Service Thread" daemon [_thread_blocked, id=5344, stack(0x0000009703700000,0x0000009703800000)]
  0x00000244a31e1800 JavaThread "C2 CompilerThread0" daemon [_thread_in_native, id=9420, stack(0x0000009703800000,0x0000009703900000)]
  0x00000244a31e2800 JavaThread "C1 CompilerThread0" daemon [_thread_blocked, id=6128, stack(0x0000009703900000,0x0000009703a00000)]
  0x00000244a2862800 JavaThread "Sweeper thread" daemon [_thread_blocked, id=4176, stack(0x0000009703a00000,0x0000009703b00000)]
  0x00000244a3351000 JavaThread "Common-Cleaner" daemon [_thread_blocked, id=10720, stack(0x0000009703c00000,0x0000009703d00000)]
=>0x00000244a3343800 JavaThread "C2 CompilerThread1" daemon [_thread_in_native, id=3904, stack(0x0000009703d00000,0x0000009703e00000)]
  0x00000244a5147800 JavaThread "C2 CompilerThread2" daemon [_thread_in_native, id=11572, stack(0x0000009704100000,0x0000009704200000)]

Other Threads:
  0x00000244a2813000 VMThread "VM Thread" [stack: 0x0000009703200000,0x0000009703300000] [id=1796]
  0x00000244a334d000 WatcherThread [stack: 0x0000009703b00000,0x0000009703c00000] [id=5944]
  0x0000024487c21000 GCTaskThread "GC Thread#0" [stack: 0x0000009702d00000,0x0000009702e00000] [id=5856]
  0x00000244a38c6000 GCTaskThread "GC Thread#1" [stack: 0x0000009703e00000,0x0000009703f00000] [id=7480]
  0x00000244a3908000 GCTaskThread "GC Thread#2" [stack: 0x0000009703f00000,0x0000009704000000] [id=7476]
  0x00000244a6d99800 GCTaskThread "GC Thread#3" [stack: 0x0000009704300000,0x0000009704400000] [id=7424]
  0x00000244a6d9a000 GCTaskThread "GC Thread#4" [stack: 0x0000009704400000,0x0000009704500000] [id=2324]
  0x0000024487c51000 ConcurrentGCThread "G1 Main Marker" [stack: 0x0000009702e00000,0x0000009702f00000] [id=12256]
  0x0000024487c53800 ConcurrentGCThread "G1 Conc#0" [stack: 0x0000009702f00000,0x0000009703000000] [id=3800]
  0x00000244a4681000 ConcurrentGCThread "G1 Conc#1" [stack: 0x0000009704000000,0x0000009704100000] [id=7240]
  0x00000244a2680800 ConcurrentGCThread "G1 Refine#0" [stack: 0x0000009703000000,0x0000009703100000] [id=9172]
  0x00000244a679a000 ConcurrentGCThread "G1 Refine#1" [stack: 0x0000009704200000,0x0000009704300000] [id=2684]
  0x00000244a2681800 ConcurrentGCThread "G1 Young RemSet Sampling" [stack: 0x0000009703100000,0x0000009703200000] [id=3572]

Threads with active compile tasks:
C2 CompilerThread0  10758 9553       4       org.jetbrains.kotlin.descriptors.impl.AbstractReceiverParameterDescriptor::substitute (94 bytes)
C2 CompilerThread1  10758 9509       4       org.jetbrains.kotlin.descriptors.impl.FunctionDescriptorImpl::getSubstitutedValueParameters (270 bytes)
C2 CompilerThread2  10758 9390       4       org.jetbrains.kotlin.resolve.calls.components.candidate.ResolutionCandidate::getSystem (73 bytes)

VM state:not at safepoint (normal execution)

VM Mutex/Monitor currently owned by a thread: None

Heap address: 0x0000000080400000, size: 2044 MB, Compressed Oops mode: 32-bit
Narrow klass base: 0x0000000000000000, Narrow klass shift: 3
Compressed class space size: 1073741824 Address: 0x0000000100000000

Heap:
 garbage-first heap   total 212992K, used 79839K [0x0000000080400000, 0x0000000100000000)
  region size 1024K, 27 young (27648K), 10 survivors (10240K)
 Metaspace       used 67602K, capacity 68495K, committed 68636K, reserved 1110016K
  class space    used 7657K, capacity 8021K, committed 8140K, reserved 1048576K
Heap Regions: E=young(eden), S=young(survivor), O=old, HS=humongous(starts), HC=humongous(continues), CS=collection set, F=free, A=archive, TAMS=top-at-mark-start (previous, next)
|   0|0x0000000080400000, 0x0000000080500000, 0x0000000080500000|100%|HS|  |TAMS 0x0000000080500000, 0x0000000080400000| Complete 
|   1|0x0000000080500000, 0x0000000080600000, 0x0000000080600000|100%|HC|  |TAMS 0x0000000080600000, 0x0000000080500000| Complete 
|   2|0x0000000080600000, 0x0000000080700000, 0x0000000080700000|100%|HC|  |TAMS 0x0000000080700000, 0x0000000080600000| Complete 
|   3|0x0000000080700000, 0x0000000080800000, 0x0000000080800000|100%|HS|  |TAMS 0x0000000080800000, 0x0000000080700000| Complete 
|   4|0x0000000080800000, 0x0000000080900000, 0x0000000080900000|100%|HC|  |TAMS 0x0000000080900000, 0x0000000080800000| Complete 
|   5|0x0000000080900000, 0x0000000080a00000, 0x0000000080a00000|100%|HC|  |TAMS 0x0000000080a00000, 0x0000000080900000| Complete 
|   6|0x0000000080a00000, 0x0000000080b00000, 0x0000000080b00000|100%|HS|  |TAMS 0x0000000080b00000, 0x0000000080a00000| Complete 
|   7|0x0000000080b00000, 0x0000000080c00000, 0x0000000080c00000|100%|HC|  |TAMS 0x0000000080c00000, 0x0000000080b00000| Complete 
|   8|0x0000000080c00000, 0x0000000080d00000, 0x0000000080d00000|100%| O|  |TAMS 0x0000000080d00000, 0x0000000080c00000| Untracked 
|   9|0x0000000080d00000, 0x0000000080e00000, 0x0000000080e00000|100%| O|  |TAMS 0x0000000080e00000, 0x0000000080d00000| Untracked 
|  10|0x0000000080e00000, 0x0000000080f00000, 0x0000000080f00000|100%| O|  |TAMS 0x0000000080f00000, 0x0000000080e00000| Untracked 
|  11|0x0000000080f00000, 0x0000000081000000, 0x0000000081000000|100%| O|  |TAMS 0x0000000081000000, 0x0000000080f00000| Untracked 
|  12|0x0000000081000000, 0x0000000081100000, 0x0000000081100000|100%| O|  |TAMS 0x0000000081100000, 0x0000000081000000| Untracked 
|  13|0x0000000081100000, 0x0000000081200000, 0x0000000081200000|100%| O|  |TAMS 0x0000000081200000, 0x0000000081100000| Untracked 
|  14|0x0000000081200000, 0x0000000081300000, 0x0000000081300000|100%| O|  |TAMS 0x0000000081300000, 0x0000000081200000| Untracked 
|  15|0x0000000081300000, 0x0000000081400000, 0x0000000081400000|100%| O|  |TAMS 0x0000000081400000, 0x0000000081300000| Untracked 
|  16|0x0000000081400000, 0x0000000081500000, 0x0000000081500000|100%| O|  |TAMS 0x0000000081500000, 0x0000000081400000| Untracked 
|  17|0x0000000081500000, 0x0000000081600000, 0x0000000081600000|100%| O|  |TAMS 0x0000000081600000, 0x0000000081500000| Untracked 
|  18|0x0000000081600000, 0x0000000081700000, 0x0000000081700000|100%| O|  |TAMS 0x0000000081700000, 0x0000000081600000| Untracked 
|  19|0x0000000081700000, 0x0000000081800000, 0x0000000081800000|100%| O|  |TAMS 0x0000000081800000, 0x0000000081700000| Untracked 
|  20|0x0000000081800000, 0x0000000081900000, 0x0000000081900000|100%| O|  |TAMS 0x0000000081900000, 0x0000000081800000| Untracked 
|  21|0x0000000081900000, 0x0000000081a00000, 0x0000000081a00000|100%| O|  |TAMS 0x0000000081a00000, 0x0000000081900000| Untracked 
|  22|0x0000000081a00000, 0x0000000081b00000, 0x0000000081b00000|100%| O|  |TAMS 0x0000000081b00000, 0x0000000081a00000| Untracked 
|  23|0x0000000081b00000, 0x0000000081c00000, 0x0000000081c00000|100%| O|  |TAMS 0x0000000081c00000, 0x0000000081b00000| Untracked 
|  24|0x0000000081c00000, 0x0000000081d00000, 0x0000000081d00000|100%| O|  |TAMS 0x0000000081d00000, 0x0000000081c00000| Untracked 
|  25|0x0000000081d00000, 0x0000000081e00000, 0x0000000081e00000|100%| O|  |TAMS 0x0000000081e00000, 0x0000000081d00000| Untracked 
|  26|0x0000000081e00000, 0x0000000081f00000, 0x0000000081f00000|100%| O|  |TAMS 0x0000000081f00000, 0x0000000081e00000| Untracked 
|  27|0x0000000081f00000, 0x0000000082000000, 0x0000000082000000|100%| O|  |TAMS 0x0000000082000000, 0x0000000081f00000| Untracked 
|  28|0x0000000082000000, 0x0000000082100000, 0x0000000082100000|100%| O|  |TAMS 0x0000000082100000, 0x0000000082000000| Untracked 
|  29|0x0000000082100000, 0x0000000082200000, 0x0000000082200000|100%| O|  |TAMS 0x0000000082200000, 0x0000000082100000| Untracked 
|  30|0x0000000082200000, 0x0000000082300000, 0x0000000082300000|100%| O|  |TAMS 0x0000000082300000, 0x0000000082200000| Untracked 
|  31|0x0000000082300000, 0x0000000082400000, 0x0000000082400000|100%| O|  |TAMS 0x0000000082400000, 0x0000000082300000| Untracked 
|  32|0x0000000082400000, 0x0000000082500000, 0x0000000082500000|100%| O|  |TAMS 0x0000000082500000, 0x0000000082400000| Untracked 
|  33|0x0000000082500000, 0x0000000082600000, 0x0000000082600000|100%| O|  |TAMS 0x0000000082600000, 0x0000000082500000| Untracked 
|  34|0x0000000082600000, 0x0000000082700000, 0x0000000082700000|100%| O|  |TAMS 0x0000000082700000, 0x0000000082600000| Untracked 
|  35|0x0000000082700000, 0x0000000082800000, 0x0000000082800000|100%| O|  |TAMS 0x0000000082800000, 0x0000000082700000| Untracked 
|  36|0x0000000082800000, 0x0000000082900000, 0x0000000082900000|100%| O|  |TAMS 0x0000000082900000, 0x0000000082800000| Untracked 
|  37|0x0000000082900000, 0x0000000082a00000, 0x0000000082a00000|100%| O|  |TAMS 0x0000000082a00000, 0x0000000082900000| Untracked 
|  38|0x0000000082a00000, 0x0000000082b00000, 0x0000000082b00000|100%| O|  |TAMS 0x0000000082b00000, 0x0000000082a00000| Untracked 
|  39|0x0000000082b00000, 0x0000000082c00000, 0x0000000082c00000|100%| O|  |TAMS 0x0000000082c00000, 0x0000000082b00000| Untracked 
|  40|0x0000000082c00000, 0x0000000082d00000, 0x0000000082d00000|100%| O|  |TAMS 0x0000000082d00000, 0x0000000082c00000| Untracked 
|  41|0x0000000082d00000, 0x0000000082e00000, 0x0000000082e00000|100%| O|  |TAMS 0x0000000082e00000, 0x0000000082d00000| Untracked 
|  42|0x0000000082e00000, 0x0000000082f00000, 0x0000000082f00000|100%| O|  |TAMS 0x0000000082f00000, 0x0000000082e00000| Untracked 
|  43|0x0000000082f00000, 0x0000000083000000, 0x0000000083000000|100%| O|  |TAMS 0x0000000083000000, 0x0000000082f00000| Untracked 
|  44|0x0000000083000000, 0x0000000083100000, 0x0000000083100000|100%| O|  |TAMS 0x0000000083100000, 0x0000000083000000| Untracked 
|  45|0x0000000083100000, 0x0000000083200000, 0x0000000083200000|100%| O|  |TAMS 0x0000000083200000, 0x0000000083100000| Untracked 
|  46|0x0000000083200000, 0x0000000083300000, 0x0000000083300000|100%| O|  |TAMS 0x0000000083300000, 0x0000000083200000| Untracked 
|  47|0x0000000083300000, 0x0000000083400000, 0x0000000083400000|100%| O|  |TAMS 0x0000000083400000, 0x0000000083300000| Untracked 
|  48|0x0000000083400000, 0x0000000083500000, 0x0000000083500000|100%| O|  |TAMS 0x0000000083500000, 0x0000000083400000| Untracked 
|  49|0x0000000083500000, 0x0000000083600000, 0x0000000083600000|100%| O|  |TAMS 0x0000000083600000, 0x0000000083500000| Untracked 
|  50|0x0000000083600000, 0x0000000083700000, 0x0000000083700000|100%| O|  |TAMS 0x0000000083700000, 0x0000000083600000| Untracked 
|  51|0x0000000083700000, 0x0000000083800000, 0x0000000083800000|100%| O|  |TAMS 0x0000000083800000, 0x0000000083700000| Untracked 
|  52|0x0000000083800000, 0x0000000083800000, 0x0000000083900000|  0%| F|  |TAMS 0x0000000083800000, 0x0000000083800000| Untracked 
|  53|0x0000000083900000, 0x0000000083900000, 0x0000000083a00000|  0%| F|  |TAMS 0x0000000083900000, 0x0000000083900000| Untracked 
|  54|0x0000000083a00000, 0x0000000083a00000, 0x0000000083b00000|  0%| F|  |TAMS 0x0000000083a00000, 0x0000000083a00000| Untracked 
|  55|0x0000000083b00000, 0x0000000083b00000, 0x0000000083c00000|  0%| F|  |TAMS 0x0000000083b00000, 0x0000000083b00000| Untracked 
|  56|0x0000000083c00000, 0x0000000083c00000, 0x0000000083d00000|  0%| F|  |TAMS 0x0000000083c00000, 0x0000000083c00000| Untracked 
|  57|0x0000000083d00000, 0x0000000083d00000, 0x0000000083e00000|  0%| F|  |TAMS 0x0000000083d00000, 0x0000000083d00000| Untracked 
|  58|0x0000000083e00000, 0x0000000083e00000, 0x0000000083f00000|  0%| F|  |TAMS 0x0000000083e00000, 0x0000000083e00000| Untracked 
|  59|0x0000000083f00000, 0x0000000083f00000, 0x0000000084000000|  0%| F|  |TAMS 0x0000000083f00000, 0x0000000083f00000| Untracked 
|  60|0x0000000084000000, 0x0000000084000000, 0x0000000084100000|  0%| F|  |TAMS 0x0000000084000000, 0x0000000084000000| Untracked 
|  61|0x0000000084100000, 0x0000000084100000, 0x0000000084200000|  0%| F|  |TAMS 0x0000000084100000, 0x0000000084100000| Untracked 
|  62|0x0000000084200000, 0x0000000084200000, 0x0000000084300000|  0%| F|  |TAMS 0x0000000084200000, 0x0000000084200000| Untracked 
|  63|0x0000000084300000, 0x0000000084300000, 0x0000000084400000|  0%| F|  |TAMS 0x0000000084300000, 0x0000000084300000| Untracked 
|  64|0x0000000084400000, 0x0000000084400000, 0x0000000084500000|  0%| F|  |TAMS 0x0000000084400000, 0x0000000084400000| Untracked 
|  65|0x0000000084500000, 0x0000000084500000, 0x0000000084600000|  0%| F|  |TAMS 0x0000000084500000, 0x0000000084500000| Untracked 
|  66|0x0000000084600000, 0x0000000084600000, 0x0000000084700000|  0%| F|  |TAMS 0x0000000084600000, 0x0000000084600000| Untracked 
|  67|0x0000000084700000, 0x0000000084700000, 0x0000000084800000|  0%| F|  |TAMS 0x0000000084700000, 0x0000000084700000| Untracked 
|  68|0x0000000084800000, 0x0000000084800000, 0x0000000084900000|  0%| F|  |TAMS 0x0000000084800000, 0x0000000084800000| Untracked 
|  69|0x0000000084900000, 0x0000000084900000, 0x0000000084a00000|  0%| F|  |TAMS 0x0000000084900000, 0x0000000084900000| Untracked 
|  70|0x0000000084a00000, 0x0000000084a00000, 0x0000000084b00000|  0%| F|  |TAMS 0x0000000084a00000, 0x0000000084a00000| Untracked 
|  71|0x0000000084b00000, 0x0000000084b00000, 0x0000000084c00000|  0%| F|  |TAMS 0x0000000084b00000, 0x0000000084b00000| Untracked 
|  72|0x0000000084c00000, 0x0000000084c00000, 0x0000000084d00000|  0%| F|  |TAMS 0x0000000084c00000, 0x0000000084c00000| Untracked 
|  73|0x0000000084d00000, 0x0000000084d00000, 0x0000000084e00000|  0%| F|  |TAMS 0x0000000084d00000, 0x0000000084d00000| Untracked 
|  74|0x0000000084e00000, 0x0000000084e00000, 0x0000000084f00000|  0%| F|  |TAMS 0x0000000084e00000, 0x0000000084e00000| Untracked 
|  75|0x0000000084f00000, 0x0000000084f00000, 0x0000000085000000|  0%| F|  |TAMS 0x0000000084f00000, 0x0000000084f00000| Untracked 
|  76|0x0000000085000000, 0x0000000085000000, 0x0000000085100000|  0%| F|  |TAMS 0x0000000085000000, 0x0000000085000000| Untracked 
|  77|0x0000000085100000, 0x0000000085100000, 0x0000000085200000|  0%| F|  |TAMS 0x0000000085100000, 0x0000000085100000| Untracked 
|  78|0x0000000085200000, 0x0000000085200000, 0x0000000085300000|  0%| F|  |TAMS 0x0000000085200000, 0x0000000085200000| Untracked 
|  79|0x0000000085300000, 0x0000000085300000, 0x0000000085400000|  0%| F|  |TAMS 0x0000000085300000, 0x0000000085300000| Untracked 
|  80|0x0000000085400000, 0x0000000085400000, 0x0000000085500000|  0%| F|  |TAMS 0x0000000085400000, 0x0000000085400000| Untracked 
|  81|0x0000000085500000, 0x0000000085500000, 0x0000000085600000|  0%| F|  |TAMS 0x0000000085500000, 0x0000000085500000| Untracked 
|  82|0x0000000085600000, 0x0000000085600000, 0x0000000085700000|  0%| F|  |TAMS 0x0000000085600000, 0x0000000085600000| Untracked 
|  83|0x0000000085700000, 0x0000000085700000, 0x0000000085800000|  0%| F|  |TAMS 0x0000000085700000, 0x0000000085700000| Untracked 
|  84|0x0000000085800000, 0x0000000085800000, 0x0000000085900000|  0%| F|  |TAMS 0x0000000085800000, 0x0000000085800000| Untracked 
|  85|0x0000000085900000, 0x0000000085900000, 0x0000000085a00000|  0%| F|  |TAMS 0x0000000085900000, 0x0000000085900000| Untracked 
|  86|0x0000000085a00000, 0x0000000085a00000, 0x0000000085b00000|  0%| F|  |TAMS 0x0000000085a00000, 0x0000000085a00000| Untracked 
|  87|0x0000000085b00000, 0x0000000085b00000, 0x0000000085c00000|  0%| F|  |TAMS 0x0000000085b00000, 0x0000000085b00000| Untracked 
|  88|0x0000000085c00000, 0x0000000085c00000, 0x0000000085d00000|  0%| F|  |TAMS 0x0000000085c00000, 0x0000000085c00000| Untracked 
|  89|0x0000000085d00000, 0x0000000085d00000, 0x0000000085e00000|  0%| F|  |TAMS 0x0000000085d00000, 0x0000000085d00000| Untracked 
|  90|0x0000000085e00000, 0x0000000085e00000, 0x0000000085f00000|  0%| F|  |TAMS 0x0000000085e00000, 0x0000000085e00000| Untracked 
|  91|0x0000000085f00000, 0x0000000085f00000, 0x0000000086000000|  0%| F|  |TAMS 0x0000000085f00000, 0x0000000085f00000| Untracked 
|  92|0x0000000086000000, 0x0000000086000000, 0x0000000086100000|  0%| F|  |TAMS 0x0000000086000000, 0x0000000086000000| Untracked 
|  93|0x0000000086100000, 0x0000000086100000, 0x0000000086200000|  0%| F|  |TAMS 0x0000000086100000, 0x0000000086100000| Untracked 
|  94|0x0000000086200000, 0x0000000086200000, 0x0000000086300000|  0%| F|  |TAMS 0x0000000086200000, 0x0000000086200000| Untracked 
|  95|0x0000000086300000, 0x0000000086300000, 0x0000000086400000|  0%| F|  |TAMS 0x0000000086300000, 0x0000000086300000| Untracked 
|  96|0x0000000086400000, 0x0000000086400000, 0x0000000086500000|  0%| F|  |TAMS 0x0000000086400000, 0x0000000086400000| Untracked 
|  97|0x0000000086500000, 0x0000000086500000, 0x0000000086600000|  0%| F|  |TAMS 0x0000000086500000, 0x0000000086500000| Untracked 
|  98|0x0000000086600000, 0x0000000086600000, 0x0000000086700000|  0%| F|  |TAMS 0x0000000086600000, 0x0000000086600000| Untracked 
|  99|0x0000000086700000, 0x0000000086700000, 0x0000000086800000|  0%| F|  |TAMS 0x0000000086700000, 0x0000000086700000| Untracked 
| 100|0x0000000086800000, 0x0000000086800000, 0x0000000086900000|  0%| F|  |TAMS 0x0000000086800000, 0x0000000086800000| Untracked 
| 101|0x0000000086900000, 0x0000000086900000, 0x0000000086a00000|  0%| F|  |TAMS 0x0000000086900000, 0x0000000086900000| Untracked 
| 102|0x0000000086a00000, 0x0000000086a00000, 0x0000000086b00000|  0%| F|  |TAMS 0x0000000086a00000, 0x0000000086a00000| Untracked 
| 103|0x0000000086b00000, 0x0000000086b00000, 0x0000000086c00000|  0%| F|  |TAMS 0x0000000086b00000, 0x0000000086b00000| Untracked 
| 104|0x0000000086c00000, 0x0000000086c00000, 0x0000000086d00000|  0%| F|  |TAMS 0x0000000086c00000, 0x0000000086c00000| Untracked 
| 105|0x0000000086d00000, 0x0000000086d00000, 0x0000000086e00000|  0%| F|  |TAMS 0x0000000086d00000, 0x0000000086d00000| Untracked 
| 106|0x0000000086e00000, 0x0000000086e00000, 0x0000000086f00000|  0%| F|  |TAMS 0x0000000086e00000, 0x0000000086e00000| Untracked 
| 107|0x0000000086f00000, 0x0000000086f00000, 0x0000000087000000|  0%| F|  |TAMS 0x0000000086f00000, 0x0000000086f00000| Untracked 
| 108|0x0000000087000000, 0x0000000087000000, 0x0000000087100000|  0%| F|  |TAMS 0x0000000087000000, 0x0000000087000000| Untracked 
| 109|0x0000000087100000, 0x0000000087100000, 0x0000000087200000|  0%| F|  |TAMS 0x0000000087100000, 0x0000000087100000| Untracked 
| 110|0x0000000087200000, 0x0000000087200000, 0x0000000087300000|  0%| F|  |TAMS 0x0000000087200000, 0x0000000087200000| Untracked 
| 111|0x0000000087300000, 0x0000000087300000, 0x0000000087400000|  0%| F|  |TAMS 0x0000000087300000, 0x0000000087300000| Untracked 
| 112|0x0000000087400000, 0x0000000087400000, 0x0000000087500000|  0%| F|  |TAMS 0x0000000087400000, 0x0000000087400000| Untracked 
| 113|0x0000000087500000, 0x0000000087500000, 0x0000000087600000|  0%| F|  |TAMS 0x0000000087500000, 0x0000000087500000| Untracked 
| 114|0x0000000087600000, 0x0000000087600000, 0x0000000087700000|  0%| F|  |TAMS 0x0000000087600000, 0x0000000087600000| Untracked 
| 115|0x0000000087700000, 0x0000000087700000, 0x0000000087800000|  0%| F|  |TAMS 0x0000000087700000, 0x0000000087700000| Untracked 
| 116|0x0000000087800000, 0x0000000087800000, 0x0000000087900000|  0%| F|  |TAMS 0x0000000087800000, 0x0000000087800000| Untracked 
| 117|0x0000000087900000, 0x0000000087900000, 0x0000000087a00000|  0%| F|  |TAMS 0x0000000087900000, 0x0000000087900000| Untracked 
| 118|0x0000000087a00000, 0x0000000087a00000, 0x0000000087b00000|  0%| F|  |TAMS 0x0000000087a00000, 0x0000000087a00000| Untracked 
| 119|0x0000000087b00000, 0x0000000087b00000, 0x0000000087c00000|  0%| F|  |TAMS 0x0000000087b00000, 0x0000000087b00000| Untracked 
| 120|0x0000000087c00000, 0x0000000087c00000, 0x0000000087d00000|  0%| F|  |TAMS 0x0000000087c00000, 0x0000000087c00000| Untracked 
| 121|0x0000000087d00000, 0x0000000087d00000, 0x0000000087e00000|  0%| F|  |TAMS 0x0000000087d00000, 0x0000000087d00000| Untracked 
| 122|0x0000000087e00000, 0x0000000087e00000, 0x0000000087f00000|  0%| F|  |TAMS 0x0000000087e00000, 0x0000000087e00000| Untracked 
| 123|0x0000000087f00000, 0x0000000087f00000, 0x0000000088000000|  0%| F|  |TAMS 0x0000000087f00000, 0x0000000087f00000| Untracked 
| 124|0x0000000088000000, 0x00000000880f7ff8, 0x0000000088100000| 96%| S|CS|TAMS 0x0000000088000000, 0x0000000088000000| Complete 
| 125|0x0000000088100000, 0x0000000088200000, 0x0000000088200000|100%| S|CS|TAMS 0x0000000088100000, 0x0000000088100000| Complete 
| 126|0x0000000088200000, 0x0000000088300000, 0x0000000088300000|100%| S|CS|TAMS 0x0000000088200000, 0x0000000088200000| Complete 
| 127|0x0000000088300000, 0x0000000088400000, 0x0000000088400000|100%| S|CS|TAMS 0x0000000088300000, 0x0000000088300000| Complete 
| 128|0x0000000088400000, 0x0000000088500000, 0x0000000088500000|100%| S|CS|TAMS 0x0000000088400000, 0x0000000088400000| Complete 
| 129|0x0000000088500000, 0x0000000088600000, 0x0000000088600000|100%| S|CS|TAMS 0x0000000088500000, 0x0000000088500000| Complete 
| 130|0x0000000088600000, 0x0000000088700000, 0x0000000088700000|100%| S|CS|TAMS 0x0000000088600000, 0x0000000088600000| Complete 
| 131|0x0000000088700000, 0x0000000088800000, 0x0000000088800000|100%| S|CS|TAMS 0x0000000088700000, 0x0000000088700000| Complete 
| 132|0x0000000088800000, 0x0000000088900000, 0x0000000088900000|100%| S|CS|TAMS 0x0000000088800000, 0x0000000088800000| Complete 
| 133|0x0000000088900000, 0x0000000088a00000, 0x0000000088a00000|100%| S|CS|TAMS 0x0000000088900000, 0x0000000088900000| Complete 
| 134|0x0000000088a00000, 0x0000000088a00000, 0x0000000088b00000|  0%| F|  |TAMS 0x0000000088a00000, 0x0000000088a00000| Untracked 
| 135|0x0000000088b00000, 0x0000000088b00000, 0x0000000088c00000|  0%| F|  |TAMS 0x0000000088b00000, 0x0000000088b00000| Untracked 
| 136|0x0000000088c00000, 0x0000000088c00000, 0x0000000088d00000|  0%| F|  |TAMS 0x0000000088c00000, 0x0000000088c00000| Untracked 
| 137|0x0000000088d00000, 0x0000000088d00000, 0x0000000088e00000|  0%| F|  |TAMS 0x0000000088d00000, 0x0000000088d00000| Untracked 
| 138|0x0000000088e00000, 0x0000000088e00000, 0x0000000088f00000|  0%| F|  |TAMS 0x0000000088e00000, 0x0000000088e00000| Untracked 
| 139|0x0000000088f00000, 0x0000000088f00000, 0x0000000089000000|  0%| F|  |TAMS 0x0000000088f00000, 0x0000000088f00000| Untracked 
| 140|0x0000000089000000, 0x0000000089000000, 0x0000000089100000|  0%| F|  |TAMS 0x0000000089000000, 0x0000000089000000| Untracked 
| 141|0x0000000089100000, 0x0000000089100000, 0x0000000089200000|  0%| F|  |TAMS 0x0000000089100000, 0x0000000089100000| Untracked 
| 142|0x0000000089200000, 0x0000000089200000, 0x0000000089300000|  0%| F|  |TAMS 0x0000000089200000, 0x0000000089200000| Untracked 
| 143|0x0000000089300000, 0x0000000089300000, 0x0000000089400000|  0%| F|  |TAMS 0x0000000089300000, 0x0000000089300000| Untracked 
| 144|0x0000000089400000, 0x0000000089400000, 0x0000000089500000|  0%| F|  |TAMS 0x0000000089400000, 0x0000000089400000| Untracked 
| 145|0x0000000089500000, 0x0000000089500000, 0x0000000089600000|  0%| F|  |TAMS 0x0000000089500000, 0x0000000089500000| Untracked 
| 146|0x0000000089600000, 0x0000000089600000, 0x0000000089700000|  0%| F|  |TAMS 0x0000000089600000, 0x0000000089600000| Untracked 
| 147|0x0000000089700000, 0x0000000089700000, 0x0000000089800000|  0%| F|  |TAMS 0x0000000089700000, 0x0000000089700000| Untracked 
| 148|0x0000000089800000, 0x0000000089800000, 0x0000000089900000|  0%| F|  |TAMS 0x0000000089800000, 0x0000000089800000| Untracked 
| 149|0x0000000089900000, 0x0000000089900000, 0x0000000089a00000|  0%| F|  |TAMS 0x0000000089900000, 0x0000000089900000| Untracked 
| 150|0x0000000089a00000, 0x0000000089a00000, 0x0000000089b00000|  0%| F|  |TAMS 0x0000000089a00000, 0x0000000089a00000| Untracked 
| 151|0x0000000089b00000, 0x0000000089b00000, 0x0000000089c00000|  0%| F|  |TAMS 0x0000000089b00000, 0x0000000089b00000| Untracked 
| 152|0x0000000089c00000, 0x0000000089c00000, 0x0000000089d00000|  0%| F|  |TAMS 0x0000000089c00000, 0x0000000089c00000| Untracked 
| 153|0x0000000089d00000, 0x0000000089d00000, 0x0000000089e00000|  0%| F|  |TAMS 0x0000000089d00000, 0x0000000089d00000| Untracked 
| 154|0x0000000089e00000, 0x0000000089e00000, 0x0000000089f00000|  0%| F|  |TAMS 0x0000000089e00000, 0x0000000089e00000| Untracked 
| 155|0x0000000089f00000, 0x0000000089f00000, 0x000000008a000000|  0%| F|  |TAMS 0x0000000089f00000, 0x0000000089f00000| Untracked 
| 156|0x000000008a000000, 0x000000008a000000, 0x000000008a100000|  0%| F|  |TAMS 0x000000008a000000, 0x000000008a000000| Untracked 
| 157|0x000000008a100000, 0x000000008a100000, 0x000000008a200000|  0%| F|  |TAMS 0x000000008a100000, 0x000000008a100000| Untracked 
| 158|0x000000008a200000, 0x000000008a200000, 0x000000008a300000|  0%| F|  |TAMS 0x000000008a200000, 0x000000008a200000| Untracked 
| 159|0x000000008a300000, 0x000000008a300000, 0x000000008a400000|  0%| F|  |TAMS 0x000000008a300000, 0x000000008a300000| Untracked 
| 160|0x000000008a400000, 0x000000008a400000, 0x000000008a500000|  0%| F|  |TAMS 0x000000008a400000, 0x000000008a400000| Untracked 
| 161|0x000000008a500000, 0x000000008a500000, 0x000000008a600000|  0%| F|  |TAMS 0x000000008a500000, 0x000000008a500000| Untracked 
| 162|0x000000008a600000, 0x000000008a600000, 0x000000008a700000|  0%| F|  |TAMS 0x000000008a600000, 0x000000008a600000| Untracked 
| 163|0x000000008a700000, 0x000000008a700000, 0x000000008a800000|  0%| F|  |TAMS 0x000000008a700000, 0x000000008a700000| Untracked 
| 164|0x000000008a800000, 0x000000008a800000, 0x000000008a900000|  0%| F|  |TAMS 0x000000008a800000, 0x000000008a800000| Untracked 
| 165|0x000000008a900000, 0x000000008a900000, 0x000000008aa00000|  0%| F|  |TAMS 0x000000008a900000, 0x000000008a900000| Untracked 
| 166|0x000000008aa00000, 0x000000008aa00000, 0x000000008ab00000|  0%| F|  |TAMS 0x000000008aa00000, 0x000000008aa00000| Untracked 
| 167|0x000000008ab00000, 0x000000008ab00000, 0x000000008ac00000|  0%| F|  |TAMS 0x000000008ab00000, 0x000000008ab00000| Untracked 
| 168|0x000000008ac00000, 0x000000008ac00000, 0x000000008ad00000|  0%| F|  |TAMS 0x000000008ac00000, 0x000000008ac00000| Untracked 
| 169|0x000000008ad00000, 0x000000008ad00000, 0x000000008ae00000|  0%| F|  |TAMS 0x000000008ad00000, 0x000000008ad00000| Untracked 
| 170|0x000000008ae00000, 0x000000008ae00000, 0x000000008af00000|  0%| F|  |TAMS 0x000000008ae00000, 0x000000008ae00000| Untracked 
| 171|0x000000008af00000, 0x000000008af00000, 0x000000008b000000|  0%| F|  |TAMS 0x000000008af00000, 0x000000008af00000| Untracked 
| 172|0x000000008b000000, 0x000000008b000000, 0x000000008b100000|  0%| F|  |TAMS 0x000000008b000000, 0x000000008b000000| Untracked 
| 173|0x000000008b100000, 0x000000008b100000, 0x000000008b200000|  0%| F|  |TAMS 0x000000008b100000, 0x000000008b100000| Untracked 
| 174|0x000000008b200000, 0x000000008b200000, 0x000000008b300000|  0%| F|  |TAMS 0x000000008b200000, 0x000000008b200000| Untracked 
| 175|0x000000008b300000, 0x000000008b300000, 0x000000008b400000|  0%| F|  |TAMS 0x000000008b300000, 0x000000008b300000| Untracked 
| 176|0x000000008b400000, 0x000000008b400000, 0x000000008b500000|  0%| F|  |TAMS 0x000000008b400000, 0x000000008b400000| Untracked 
| 177|0x000000008b500000, 0x000000008b500000, 0x000000008b600000|  0%| F|  |TAMS 0x000000008b500000, 0x000000008b500000| Untracked 
| 178|0x000000008b600000, 0x000000008b600000, 0x000000008b700000|  0%| F|  |TAMS 0x000000008b600000, 0x000000008b600000| Untracked 
| 179|0x000000008b700000, 0x000000008b700000, 0x000000008b800000|  0%| F|  |TAMS 0x000000008b700000, 0x000000008b700000| Untracked 
| 180|0x000000008b800000, 0x000000008b800000, 0x000000008b900000|  0%| F|  |TAMS 0x000000008b800000, 0x000000008b800000| Untracked 
| 181|0x000000008b900000, 0x000000008b900000, 0x000000008ba00000|  0%| F|  |TAMS 0x000000008b900000, 0x000000008b900000| Untracked 
| 182|0x000000008ba00000, 0x000000008ba00000, 0x000000008bb00000|  0%| F|  |TAMS 0x000000008ba00000, 0x000000008ba00000| Untracked 
| 183|0x000000008bb00000, 0x000000008bb00000, 0x000000008bc00000|  0%| F|  |TAMS 0x000000008bb00000, 0x000000008bb00000| Untracked 
| 184|0x000000008bc00000, 0x000000008bc00000, 0x000000008bd00000|  0%| F|  |TAMS 0x000000008bc00000, 0x000000008bc00000| Untracked 
| 185|0x000000008bd00000, 0x000000008bd00000, 0x000000008be00000|  0%| F|  |TAMS 0x000000008bd00000, 0x000000008bd00000| Untracked 
| 186|0x000000008be00000, 0x000000008be00000, 0x000000008bf00000|  0%| F|  |TAMS 0x000000008be00000, 0x000000008be00000| Untracked 
| 187|0x000000008bf00000, 0x000000008bf00000, 0x000000008c000000|  0%| F|  |TAMS 0x000000008bf00000, 0x000000008bf00000| Untracked 
| 188|0x000000008c000000, 0x000000008c000000, 0x000000008c100000|  0%| F|  |TAMS 0x000000008c000000, 0x000000008c000000| Untracked 
| 189|0x000000008c100000, 0x000000008c100000, 0x000000008c200000|  0%| F|  |TAMS 0x000000008c100000, 0x000000008c100000| Untracked 
| 190|0x000000008c200000, 0x000000008c200000, 0x000000008c300000|  0%| F|  |TAMS 0x000000008c200000, 0x000000008c200000| Untracked 
| 191|0x000000008c300000, 0x000000008c400000, 0x000000008c400000|100%| E|  |TAMS 0x000000008c300000, 0x000000008c300000| Complete 
| 192|0x000000008c400000, 0x000000008c500000, 0x000000008c500000|100%| E|CS|TAMS 0x000000008c400000, 0x000000008c400000| Complete 
| 193|0x000000008c500000, 0x000000008c600000, 0x000000008c600000|100%| E|CS|TAMS 0x000000008c500000, 0x000000008c500000| Complete 
| 194|0x000000008c600000, 0x000000008c700000, 0x000000008c700000|100%| E|CS|TAMS 0x000000008c600000, 0x000000008c600000| Complete 
| 195|0x000000008c700000, 0x000000008c800000, 0x000000008c800000|100%| E|CS|TAMS 0x000000008c700000, 0x000000008c700000| Complete 
| 196|0x000000008c800000, 0x000000008c900000, 0x000000008c900000|100%| E|CS|TAMS 0x000000008c800000, 0x000000008c800000| Complete 
| 197|0x000000008c900000, 0x000000008ca00000, 0x000000008ca00000|100%| E|CS|TAMS 0x000000008c900000, 0x000000008c900000| Complete 
| 198|0x000000008ca00000, 0x000000008cb00000, 0x000000008cb00000|100%| E|CS|TAMS 0x000000008ca00000, 0x000000008ca00000| Complete 
| 199|0x000000008cb00000, 0x000000008cc00000, 0x000000008cc00000|100%| E|CS|TAMS 0x000000008cb00000, 0x000000008cb00000| Complete 
| 200|0x000000008cc00000, 0x000000008cd00000, 0x000000008cd00000|100%| E|CS|TAMS 0x000000008cc00000, 0x000000008cc00000| Complete 
| 201|0x000000008cd00000, 0x000000008ce00000, 0x000000008ce00000|100%| E|CS|TAMS 0x000000008cd00000, 0x000000008cd00000| Complete 
| 202|0x000000008ce00000, 0x000000008cf00000, 0x000000008cf00000|100%| E|CS|TAMS 0x000000008ce00000, 0x000000008ce00000| Complete 
| 203|0x000000008cf00000, 0x000000008d000000, 0x000000008d000000|100%| E|CS|TAMS 0x000000008cf00000, 0x000000008cf00000| Complete 
| 204|0x000000008d000000, 0x000000008d100000, 0x000000008d100000|100%| E|CS|TAMS 0x000000008d000000, 0x000000008d000000| Complete 
| 205|0x000000008d100000, 0x000000008d200000, 0x000000008d200000|100%| E|CS|TAMS 0x000000008d100000, 0x000000008d100000| Complete 
| 206|0x000000008d200000, 0x000000008d300000, 0x000000008d300000|100%| E|CS|TAMS 0x000000008d200000, 0x000000008d200000| Complete 
| 207|0x000000008d300000, 0x000000008d400000, 0x000000008d400000|100%| E|CS|TAMS 0x000000008d300000, 0x000000008d300000| Complete 

Card table byte_map: [0x000002449b580000,0x000002449b980000] _byte_map_base: 0x000002449b17e000

Marking Bits (Prev, Next): (CMBitMap*) 0x0000024487c48680, (CMBitMap*) 0x0000024487c48648
 Prev Bits: [0x000002449dd70000, 0x000002449fd60000)
 Next Bits: [0x000002449bd80000, 0x000002449dd70000)

Polling page: 0x00000244863f0000

Metaspace:

Usage:
  Non-class:     59.06 MB capacity,    58.54 MB (>99%) used,   406.34 KB ( <1%) free+waste,   118.38 KB ( <1%) overhead. 
      Class:      7.83 MB capacity,     7.48 MB ( 95%) used,   311.54 KB (  4%) free+waste,    52.06 KB ( <1%) overhead. 
       Both:     66.89 MB capacity,    66.02 MB ( 99%) used,   717.88 KB (  1%) free+waste,   170.44 KB ( <1%) overhead. 

Virtual space:
  Non-class space:       60.00 MB reserved,      59.08 MB ( 98%) committed 
      Class space:        1.00 GB reserved,       7.95 MB ( <1%) committed 
             Both:        1.06 GB reserved,      67.03 MB (  6%) committed 

Chunk freelists:
   Non-Class:  22.00 KB
       Class:  11.00 KB
        Both:  33.00 KB

MaxMetaspaceSize: 17179869184.00 GB
CompressedClassSpaceSize: 1.00 GB

CodeHeap 'non-profiled nmethods': size=120000Kb used=5330Kb max_used=5330Kb free=114669Kb
 bounds [0x00000244931e0000, 0x0000024493720000, 0x000002449a710000]
CodeHeap 'profiled nmethods': size=120000Kb used=27560Kb max_used=27560Kb free=92439Kb
 bounds [0x000002448bcb0000, 0x000002448d7a0000, 0x00000244931e0000]
CodeHeap 'non-nmethods': size=5760Kb used=1229Kb max_used=1279Kb free=4530Kb
 bounds [0x000002448b710000, 0x000002448b980000, 0x000002448bcb0000]
 total_blobs=10120 nmethods=9528 adapters=501
 compilation: enabled
              stopped_count=0, restarted_count=0
 full_count=0

Compilation events (20 events):
Event: 10.656 Thread 0x00000244a31e2800 nmethod 9543 0x000002448d76b490 code [0x000002448d76b640, 0x000002448d76b738]
Event: 10.656 Thread 0x00000244a31e2800 9540       3       org.jetbrains.kotlin.resolve.calls.inference.components.ConstraintInjector::shouldWeSkipConstraint (108 bytes)
Event: 10.656 Thread 0x00000244a31e2800 nmethod 9540 0x000002448d76b810 code [0x000002448d76ba60, 0x000002448d76c518]
Event: 10.656 Thread 0x00000244a31e2800 9554       1       org.jetbrains.kotlin.load.java.components.JavaAnnotationDescriptor::isIdeExternalAnnotation (5 bytes)
Event: 10.656 Thread 0x00000244a31e2800 nmethod 9554 0x0000024493713f90 code [0x0000024493714140, 0x00000244937141f8]
Event: 10.656 Thread 0x00000244a31e2800 9555       1       org.jetbrains.kotlin.resolve.calls.model.KotlinCallDiagnostic::getCandidateApplicability (5 bytes)
Event: 10.657 Thread 0x00000244a31e2800 nmethod 9555 0x0000024493714290 code [0x0000024493714440, 0x00000244937144f8]
Event: 10.658 Thread 0x00000244a31e2800 9559       1       org.jetbrains.kotlin.resolve.calls.model.ResolvedCallImpl::getDispatchReceiver (5 bytes)
Event: 10.665 Thread 0x00000244a31e2800 nmethod 9559 0x0000024493714590 code [0x0000024493714740, 0x00000244937147f8]
Event: 10.677 Thread 0x00000244a31e2800 9560       3       org.jetbrains.kotlin.psi.KtExpressionImpl::<init> (12 bytes)
Event: 10.678 Thread 0x00000244a31e2800 nmethod 9560 0x000002448d76c790 code [0x000002448d76ca20, 0x000002448d76d3f8]
Event: 10.682 Thread 0x00000244a31e2800 9562       3       org.jetbrains.kotlin.types.checker.SimpleClassicTypeSystemContext::isNothingConstructor (6 bytes)
Event: 10.682 Thread 0x00000244a31e2800 nmethod 9562 0x000002448d76d790 code [0x000002448d76d940, 0x000002448d76da68]
Event: 10.715 Thread 0x00000244a31e2800 9563       3       org.jetbrains.kotlin.resolve.calls.components.UnitTypeConversions::hasUnitOrSubtypeReturnType (42 bytes)
Event: 10.716 Thread 0x00000244a31e2800 nmethod 9563 0x000002448d76db10 code [0x000002448d76df00, 0x000002448d76f578]
Event: 10.718 Thread 0x00000244a31e2800 9564       3       org.jetbrains.kotlin.resolve.constants.IntegerLiteralTypeConstructor::getBuiltIns (10 bytes)
Event: 10.719 Thread 0x00000244a31e2800 nmethod 9564 0x000002448d76fc90 code [0x000002448d76fe40, 0x000002448d770008]
Event: 10.719 Thread 0x00000244a31e2800 9565       3       org.jetbrains.kotlin.resolve.calls.smartcasts.DataFlowInfoImpl$Companion::create (452 bytes)
Event: 10.723 Thread 0x00000244a31e2800 nmethod 9565 0x000002448d770110 code [0x000002448d770760, 0x000002448d773f68]
Event: 10.723 Thread 0x00000244a31e2800 9566       3       org.jetbrains.kotlin.resolve.calls.tower.NewCallArgumentsKt::processFunctionalExpression (326 bytes)

GC Heap History (20 events):
Event: 0.700 GC heap before
{Heap before GC invocations=0 (full 0):
 garbage-first heap   total 131072K, used 27648K [0x0000000080400000, 0x0000000100000000)
  region size 1024K, 24 young (24576K), 0 survivors (0K)
 Metaspace       used 12380K, capacity 12440K, committed 12544K, reserved 1060864K
  class space    used 1166K, capacity 1207K, committed 1280K, reserved 1048576K
}
Event: 0.704 GC heap after
{Heap after GC invocations=1 (full 0):
 garbage-first heap   total 131072K, used 5942K [0x0000000080400000, 0x0000000100000000)
  region size 1024K, 3 young (3072K), 3 survivors (3072K)
 Metaspace       used 12380K, capacity 12440K, committed 12544K, reserved 1060864K
  class space    used 1166K, capacity 1207K, committed 1280K, reserved 1048576K
}
Event: 1.462 GC heap before
{Heap before GC invocations=1 (full 0):
 garbage-first heap   total 131072K, used 41782K [0x0000000080400000, 0x0000000100000000)
  region size 1024K, 39 young (39936K), 3 survivors (3072K)
 Metaspace       used 20910K, capacity 21113K, committed 21296K, reserved 1069056K
  class space    used 2235K, capacity 2321K, committed 2432K, reserved 1048576K
}
Event: 1.478 GC heap after
{Heap after GC invocations=2 (full 0):
 garbage-first heap   total 131072K, used 9318K [0x0000000080400000, 0x0000000100000000)
  region size 1024K, 7 young (7168K), 7 survivors (7168K)
 Metaspace       used 20910K, capacity 21113K, committed 21296K, reserved 1069056K
  class space    used 2235K, capacity 2321K, committed 2432K, reserved 1048576K
}
Event: 2.566 GC heap before
{Heap before GC invocations=3 (full 0):
 garbage-first heap   total 131072K, used 63590K [0x0000000080400000, 0x0000000100000000)
  region size 1024K, 55 young (56320K), 7 survivors (7168K)
 Metaspace       used 31302K, capacity 31795K, committed 32048K, reserved 1077248K
  class space    used 3765K, capacity 3934K, committed 3968K, reserved 1048576K
}
Event: 2.590 GC heap after
{Heap after GC invocations=4 (full 0):
 garbage-first heap   total 131072K, used 21063K [0x0000000080400000, 0x0000000100000000)
  region size 1024K, 7 young (7168K), 7 survivors (7168K)
 Metaspace       used 31302K, capacity 31795K, committed 32048K, reserved 1077248K
  class space    used 3765K, capacity 3934K, committed 3968K, reserved 1048576K
}
Event: 2.964 GC heap before
{Heap before GC invocations=4 (full 0):
 garbage-first heap   total 131072K, used 36423K [0x0000000080400000, 0x0000000100000000)
  region size 1024K, 23 young (23552K), 7 survivors (7168K)
 Metaspace       used 35138K, capacity 35620K, committed 35888K, reserved 1081344K
  class space    used 4399K, capacity 4610K, committed 4736K, reserved 1048576K
}
Event: 2.979 GC heap after
{Heap after GC invocations=5 (full 0):
 garbage-first heap   total 131072K, used 23164K [0x0000000080400000, 0x0000000100000000)
  region size 1024K, 7 young (7168K), 7 survivors (7168K)
 Metaspace       used 35138K, capacity 35620K, committed 35888K, reserved 1081344K
  class space    used 4399K, capacity 4610K, committed 4736K, reserved 1048576K
}
Event: 3.793 GC heap before
{Heap before GC invocations=6 (full 0):
 garbage-first heap   total 131072K, used 69244K [0x0000000080400000, 0x0000000100000000)
  region size 1024K, 52 young (53248K), 7 survivors (7168K)
 Metaspace       used 43833K, capacity 44321K, committed 44592K, reserved 1089536K
  class space    used 5261K, capacity 5460K, committed 5504K, reserved 1048576K
}
Event: 3.809 GC heap after
{Heap after GC invocations=7 (full 0):
 garbage-first heap   total 159744K, used 25440K [0x0000000080400000, 0x0000000100000000)
  region size 1024K, 6 young (6144K), 6 survivors (6144K)
 Metaspace       used 43833K, capacity 44321K, committed 44592K, reserved 1089536K
  class space    used 5261K, capacity 5460K, committed 5504K, reserved 1048576K
}
Event: 5.089 GC heap before
{Heap before GC invocations=7 (full 0):
 garbage-first heap   total 159744K, used 93024K [0x0000000080400000, 0x0000000100000000)
  region size 1024K, 69 young (70656K), 6 survivors (6144K)
 Metaspace       used 50814K, capacity 51385K, committed 51504K, reserved 1095680K
  class space    used 5964K, capacity 6201K, committed 6272K, reserved 1048576K
}
Event: 5.112 GC heap after
{Heap after GC invocations=8 (full 0):
 garbage-first heap   total 159744K, used 35079K [0x0000000080400000, 0x0000000100000000)
  region size 1024K, 9 young (9216K), 9 survivors (9216K)
 Metaspace       used 50814K, capacity 51385K, committed 51504K, reserved 1095680K
  class space    used 5964K, capacity 6201K, committed 6272K, reserved 1048576K
}
Event: 6.539 GC heap before
{Heap before GC invocations=8 (full 0):
 garbage-first heap   total 159744K, used 99591K [0x0000000080400000, 0x0000000100000000)
  region size 1024K, 72 young (73728K), 9 survivors (9216K)
 Metaspace       used 54704K, capacity 55334K, committed 55600K, reserved 1097728K
  class space    used 6241K, capacity 6486K, committed 6528K, reserved 1048576K
}
Event: 6.580 GC heap after
{Heap after GC invocations=9 (full 0):
 garbage-first heap   total 159744K, used 46630K [0x0000000080400000, 0x0000000100000000)
  region size 1024K, 9 young (9216K), 9 survivors (9216K)
 Metaspace       used 54704K, capacity 55334K, committed 55600K, reserved 1097728K
  class space    used 6241K, capacity 6486K, committed 6528K, reserved 1048576K
}
Event: 7.583 GC heap before
{Heap before GC invocations=9 (full 0):
 garbage-first heap   total 159744K, used 106022K [0x0000000080400000, 0x0000000100000000)
  region size 1024K, 67 young (68608K), 9 survivors (9216K)
 Metaspace       used 59301K, capacity 60073K, committed 60240K, reserved 1101824K
  class space    used 6838K, capacity 7146K, committed 7168K, reserved 1048576K
}
Event: 7.618 GC heap after
{Heap after GC invocations=10 (full 0):
 garbage-first heap   total 159744K, used 53248K [0x0000000080400000, 0x0000000100000000)
  region size 1024K, 6 young (6144K), 6 survivors (6144K)
 Metaspace       used 59301K, capacity 60073K, committed 60240K, reserved 1101824K
  class space    used 6838K, capacity 7146K, committed 7168K, reserved 1048576K
}
Event: 7.683 GC heap before
{Heap before GC invocations=10 (full 0):
 garbage-first heap   total 159744K, used 53248K [0x0000000080400000, 0x0000000100000000)
  region size 1024K, 7 young (7168K), 6 survivors (6144K)
 Metaspace       used 59394K, capacity 60137K, committed 60240K, reserved 1101824K
  class space    used 6843K, capacity 7146K, committed 7168K, reserved 1048576K
}
Event: 7.701 GC heap after
{Heap after GC invocations=11 (full 0):
 garbage-first heap   total 212992K, used 54272K [0x0000000080400000, 0x0000000100000000)
  region size 1024K, 1 young (1024K), 1 survivors (1024K)
 Metaspace       used 59394K, capacity 60137K, committed 60240K, reserved 1101824K
  class space    used 6843K, capacity 7146K, committed 7168K, reserved 1048576K
}
Event: 10.070 GC heap before
{Heap before GC invocations=12 (full 0):
 garbage-first heap   total 212992K, used 130048K [0x0000000080400000, 0x0000000100000000)
  region size 1024K, 74 young (75776K), 1 survivors (1024K)
 Metaspace       used 66691K, capacity 67590K, committed 67740K, reserved 1110016K
  class space    used 7619K, capacity 7981K, committed 8012K, reserved 1048576K
}
Event: 10.086 GC heap after
{Heap after GC invocations=13 (full 0):
 garbage-first heap   total 212992K, used 63455K [0x0000000080400000, 0x0000000100000000)
  region size 1024K, 10 young (10240K), 10 survivors (10240K)
 Metaspace       used 66691K, capacity 67590K, committed 67740K, reserved 1110016K
  class space    used 7619K, capacity 7981K, committed 8012K, reserved 1048576K
}

Deoptimization events (20 events):
Event: 10.446 Thread 0x0000024487c09800 Uncommon trap: trap_request=0xffffffde fr.pc=0x0000024493599960 relative=0x0000000000000180
Event: 10.446 Thread 0x0000024487c09800 Uncommon trap: reason=class_check action=maybe_recompile pc=0x0000024493599960 method=org.jetbrains.kotlin.com.intellij.lexer.FlexAdapter.locateToken()V @ 29 c2
Event: 10.446 Thread 0x0000024487c09800 DEOPT PACKING pc=0x0000024493599960 sp=0x0000009702cfb9a0
Event: 10.446 Thread 0x0000024487c09800 DEOPT UNPACKING pc=0x000002448b73662f sp=0x0000009702cfb900 mode 2
Event: 10.446 Thread 0x0000024487c09800 Uncommon trap: trap_request=0xffffffde fr.pc=0x00000244933346cc relative=0x000000000000016c
Event: 10.446 Thread 0x0000024487c09800 Uncommon trap: reason=class_check action=maybe_recompile pc=0x00000244933346cc method=org.jetbrains.kotlin.com.intellij.lexer.FlexAdapter.locateToken()V @ 29 c2
Event: 10.446 Thread 0x0000024487c09800 DEOPT PACKING pc=0x00000244933346cc sp=0x0000009702cfb8d0
Event: 10.446 Thread 0x0000024487c09800 DEOPT UNPACKING pc=0x000002448b73662f sp=0x0000009702cfb880 mode 2
Event: 10.446 Thread 0x0000024487c09800 Uncommon trap: trap_request=0xffffffde fr.pc=0x00000244933fefd8 relative=0x0000000000000178
Event: 10.446 Thread 0x0000024487c09800 Uncommon trap: reason=class_check action=maybe_recompile pc=0x00000244933fefd8 method=org.jetbrains.kotlin.com.intellij.lexer.FlexAdapter.locateToken()V @ 29 c2
Event: 10.446 Thread 0x0000024487c09800 DEOPT PACKING pc=0x00000244933fefd8 sp=0x0000009702cfb9a0
Event: 10.446 Thread 0x0000024487c09800 DEOPT UNPACKING pc=0x000002448b73662f sp=0x0000009702cfb900 mode 2
Event: 10.450 Thread 0x0000024487c09800 Uncommon trap: trap_request=0xffffff4d fr.pc=0x000002449362a328 relative=0x00000000000004c8
Event: 10.450 Thread 0x0000024487c09800 Uncommon trap: reason=unstable_if action=reinterpret pc=0x000002449362a328 method=org.jetbrains.kotlin.parsing.KotlinParserDefinition.createElement(Lorg/jetbrains/kotlin/com/intellij/lang/ASTNode;)Lorg/jetbrains/kotlin/com/intellij/psi/PsiElement; @ 104 c
Event: 10.450 Thread 0x0000024487c09800 DEOPT PACKING pc=0x000002449362a328 sp=0x0000009702cfc0e0
Event: 10.450 Thread 0x0000024487c09800 DEOPT UNPACKING pc=0x000002448b73662f sp=0x0000009702cfbfc8 mode 2
Event: 10.457 Thread 0x0000024487c09800 Uncommon trap: trap_request=0xfffffff4 fr.pc=0x0000024493666500 relative=0x0000000000001d60
Event: 10.457 Thread 0x0000024487c09800 Uncommon trap: reason=null_check action=make_not_entrant pc=0x0000024493666500 method=org.jetbrains.kotlin.builtins.KotlinBuiltIns.getPrimitiveType(Lorg/jetbrains/kotlin/descriptors/DeclarationDescriptor;)Lorg/jetbrains/kotlin/builtins/PrimitiveType; @ 38
Event: 10.457 Thread 0x0000024487c09800 DEOPT PACKING pc=0x0000024493666500 sp=0x0000009702cf9570
Event: 10.457 Thread 0x0000024487c09800 DEOPT UNPACKING pc=0x000002448b73662f sp=0x0000009702cf9558 mode 2

Classes redefined (0 events):
No events

Internal exceptions (20 events):
Event: 5.579 Thread 0x0000024487c09800 Exception <a 'java/lang/NoSuchMethodError'{0x0000000088f96c98}: 'java.lang.Object java.lang.invoke.DirectMethodHandle$Holder.invokeStaticInit(java.lang.Object, java.lang.Object, java.lang.Object)'> (0x0000000088f96c98) thrown at [./src/hotspot/share/interpreter/linkResolver.cpp, line 773]
Event: 5.581 Thread 0x0000024487c09800 Exception <a 'java/lang/NoSuchMethodError'{0x0000000088fa6750}: 'java.lang.Object java.lang.invoke.DirectMethodHandle$Holder.invokeStatic(java.lang.Object, int, java.lang.Object, java.lang.Object)'> (0x0000000088fa6750) thrown at [./src/hotspot/share/interpreter/linkResolver.cpp, line 773]
Event: 5.583 Thread 0x0000024487c09800 Implicit null exception at 0x000002449327bd75 to 0x000002449327bf34
Event: 6.997 Thread 0x0000024487c09800 Exception <a 'java/lang/NoSuchMethodError'{0x0000000087d097e8}: 'java.lang.Object java.lang.invoke.Invokers$Holder.linkToTargetMethod(java.lang.Object, java.lang.Object, java.lang.Object, int, int, java.lang.Object)'> (0x0000000087d097e8) thrown at [./src/hotspot/share/interpreter/linkResolver.cpp, line 773]
Event: 7.004 Thread 0x0000024487c09800 Implicit null exception at 0x00000244934f9b19 to 0x00000244934f9ed0
Event: 7.017 Thread 0x0000024487c09800 Exception <a 'java/lang/NoSuchMethodError'{0x0000000087d96170}: 'java.lang.Object java.lang.invoke.Invokers$Holder.linkToTargetMethod(java.lang.Object, java.lang.Object, java.lang.Object, java.lang.Object, java.lang.Object, java.lang.Object)'> (0x0000000087d96170) thrown at [./src/hotspot/share/interpreter/linkResolver.cpp, line 773]
Event: 7.183 Thread 0x0000024487c09800 Exception <a 'java/lang/NoSuchMethodError'{0x000000008774ac28}: 'java.lang.Object java.lang.invoke.DirectMethodHandle$Holder.invokeSpecial(java.lang.Object, java.lang.Object, java.lang.Object, java.lang.Object, java.lang.Object, int)'> (0x000000008774ac28) thrown at [./src/hotspot/share/interpreter/linkResolver.cpp, line 773]
Event: 7.183 Thread 0x0000024487c09800 Exception <a 'java/lang/NoSuchMethodError'{0x000000008774ea70}: 'java.lang.Object java.lang.invoke.Invokers$Holder.linkToTargetMethod(java.lang.Object, java.lang.Object, java.lang.Object, int, java.lang.Object)'> (0x000000008774ea70) thrown at [./src/hotspot/share/interpreter/linkResolver.cpp, line 773]
Event: 7.420 Thread 0x0000024487c09800 Implicit null exception at 0x000002449333274c to 0x0000024493332828
Event: 7.487 Thread 0x0000024487c09800 Implicit null exception at 0x000002449323bdde to 0x000002449323c58e
Event: 7.900 Thread 0x0000024487c09800 Implicit null exception at 0x00000244931fc4f7 to 0x00000244931fca2c
Event: 7.917 Thread 0x0000024487c09800 Exception <a 'java/lang/NoSuchMethodError'{0x000000008d0f2618}: 'java.lang.Object java.lang.invoke.DirectMethodHandle$Holder.invokeInterface(java.lang.Object, java.lang.Object, java.lang.Object)'> (0x000000008d0f2618) thrown at [./src/hotspot/share/interpreter/linkResolver.cpp, line 773]
Event: 7.917 Thread 0x0000024487c09800 Exception <a 'java/lang/IncompatibleClassChangeError'{0x000000008d0f5848}: Found class java.lang.Object, but interface was expected> (0x000000008d0f5848) thrown at [./src/hotspot/share/interpreter/linkResolver.cpp, line 839]
Event: 7.930 Thread 0x0000024487c09800 Implicit null exception at 0x00000244931f98f4 to 0x00000244931f9e0c
Event: 8.116 Thread 0x0000024487c09800 Implicit null exception at 0x00000244932384f5 to 0x00000244932386a4
Event: 8.197 Thread 0x0000024487c09800 Exception <a 'java/lang/NoSuchMethodError'{0x000000008c869af0}: 'int java.lang.invoke.DirectMethodHandle$Holder.invokeStaticInit(java.lang.Object, int)'> (0x000000008c869af0) thrown at [./src/hotspot/share/interpreter/linkResolver.cpp, line 773]
Event: 8.533 Thread 0x0000024487c09800 Exception <a 'java/lang/NoSuchMethodError'{0x000000008bfb5bc0}: 'java.lang.Object java.lang.invoke.Invokers$Holder.linkToTargetMethod(java.lang.Object, java.lang.Object, java.lang.Object, java.lang.Object, java.lang.Object, java.lang.Object, java.lang.Object)'> (0x000000008bfb5bc0) thrown at [./src/hotspot/share/interpreter/linkResolver.cpp, line 773]
Event: 8.889 Thread 0x0000024487c09800 Implicit null exception at 0x00000244933690fe to 0x00000244933693a4
Event: 9.107 Thread 0x0000024487c09800 Exception <a 'java/lang/NoSuchMethodError'{0x000000008a9f5c48}: 'int java.lang.invoke.DirectMethodHandle$Holder.invokeStatic(java.lang.Object, java.lang.Object, java.lang.Object, java.lang.Object, java.lang.Object)'> (0x000000008a9f5c48) thrown at [./src/hotspot/share/interpreter/linkResolver.cpp, line 773]
Event: 9.554 Thread 0x0000024487c09800 Implicit null exception at 0x0000024493491edc to 0x0000024493492808

Events (20 events):
Event: 10.451 loading class org/jetbrains/kotlin/cfg/CfgContainingDeclarationUtilsKt
Event: 10.451 loading class org/jetbrains/kotlin/cfg/CfgContainingDeclarationUtilsKt done
Event: 10.478 loading class org/jetbrains/kotlin/resolve/constants/evaluate/ConstantExpressionEvaluatorVisitor$OperationArgument
Event: 10.478 loading class org/jetbrains/kotlin/resolve/constants/evaluate/ConstantExpressionEvaluatorVisitor$OperationArgument done
Event: 10.479 loading class org/jetbrains/kotlin/resolve/constants/evaluate/ConstantExpressionEvaluatorVisitor$evaluateUnaryAndCheck$1
Event: 10.479 loading class org/jetbrains/kotlin/resolve/constants/evaluate/ConstantExpressionEvaluatorVisitor$evaluateUnaryAndCheck$1 done
Event: 10.479 loading class org/jetbrains/kotlin/resolve/constants/evaluate/OperationsMapGeneratedKt
Event: 10.479 loading class org/jetbrains/kotlin/resolve/constants/evaluate/OperationsMapGeneratedKt done
Event: 10.482 loading class org/jetbrains/kotlin/resolve/constants/evaluate/OperationsMapGeneratedKt$WhenMappings
Event: 10.482 loading class org/jetbrains/kotlin/resolve/constants/evaluate/OperationsMapGeneratedKt$WhenMappings done
Event: 10.514 loading class org/jetbrains/kotlin/resolve/constants/evaluate/ConstantExpressionEvaluatorVisitor$evaluateBinaryAndCheck$1
Event: 10.514 loading class org/jetbrains/kotlin/resolve/constants/evaluate/ConstantExpressionEvaluatorVisitor$evaluateBinaryAndCheck$1 done
Event: 10.518 loading class org/jetbrains/kotlin/resolve/constants/CompileTimeConstantChecker$CharacterWithDiagnostic
Event: 10.518 loading class org/jetbrains/kotlin/resolve/constants/CompileTimeConstantChecker$CharacterWithDiagnostic done
Event: 10.518 loading class org/jetbrains/kotlin/resolve/constants/CharValue
Event: 10.518 loading class org/jetbrains/kotlin/resolve/constants/CharValue done
Event: 10.544 loading class org/jetbrains/kotlin/resolve/calls/tower/HiddenDescriptor
Event: 10.544 loading class org/jetbrains/kotlin/resolve/calls/tower/HiddenDescriptor done
Event: 10.590 Executing VM operation: ICBufferFull
Event: 10.591 Executing VM operation: ICBufferFull done


Dynamic libraries:
0x00007ff70d1b0000 - 0x00007ff70d1ba000 	C:\Program Files\Android\Android Studio\jre\bin\java.exe
0x00007fffe7490000 - 0x00007fffe7688000 	C:\WINDOWS\SYSTEM32\ntdll.dll
0x00007fffe6320000 - 0x00007fffe63dd000 	C:\WINDOWS\System32\KERNEL32.DLL
0x00007fffe51b0000 - 0x00007fffe547e000 	C:\WINDOWS\System32\KERNELBASE.dll
0x00007fffe4d00000 - 0x00007fffe4e00000 	C:\WINDOWS\System32\ucrtbase.dll
0x00007fffc6840000 - 0x00007fffc6859000 	C:\Program Files\Android\Android Studio\jre\bin\jli.dll
0x00007fffbb520000 - 0x00007fffbb537000 	C:\Program Files\Android\Android Studio\jre\bin\VCRUNTIME140.dll
0x00007fffe5a00000 - 0x00007fffe5ba0000 	C:\WINDOWS\System32\USER32.dll
0x00007fffe4ca0000 - 0x00007fffe4cc2000 	C:\WINDOWS\System32\win32u.dll
0x00007fffe6ff0000 - 0x00007fffe701a000 	C:\WINDOWS\System32\GDI32.dll
0x00007fffe4e90000 - 0x00007fffe4f9b000 	C:\WINDOWS\System32\gdi32full.dll
0x00007fffe4c00000 - 0x00007fffe4c9d000 	C:\WINDOWS\System32\msvcp_win.dll
0x00007fffd01c0000 - 0x00007fffd045a000 	C:\WINDOWS\WinSxS\amd64_microsoft.windows.common-controls_6595b64144ccf1df_6.0.19041.1110_none_60b5254171f9507e\COMCTL32.dll
0x00007fffe5760000 - 0x00007fffe57fe000 	C:\WINDOWS\System32\msvcrt.dll
0x00007fffe63e0000 - 0x00007fffe6410000 	C:\WINDOWS\System32\IMM32.DLL
0x00007fffb8b30000 - 0x00007fffb8bcd000 	C:\Program Files\Android\Android Studio\jre\bin\msvcp140.dll
0x00007fffb78a0000 - 0x00007fffb8375000 	C:\Program Files\Android\Android Studio\jre\bin\server\jvm.dll
0x00007fffe6010000 - 0x00007fffe60be000 	C:\WINDOWS\System32\ADVAPI32.dll
0x00007fffe5800000 - 0x00007fffe589c000 	C:\WINDOWS\System32\sechost.dll
0x00007fffe60c0000 - 0x00007fffe61e5000 	C:\WINDOWS\System32\RPCRT4.dll
0x00007fffe56f0000 - 0x00007fffe56f8000 	C:\WINDOWS\System32\PSAPI.DLL
0x00007fffe2380000 - 0x00007fffe2389000 	C:\WINDOWS\SYSTEM32\WSOCK32.dll
0x00007fffd96e0000 - 0x00007fffd9707000 	C:\WINDOWS\SYSTEM32\WINMM.dll
0x00007fffe55a0000 - 0x00007fffe560b000 	C:\WINDOWS\System32\WS2_32.dll
0x00007fffdf910000 - 0x00007fffdf91a000 	C:\WINDOWS\SYSTEM32\VERSION.dll
0x00007fffe2ac0000 - 0x00007fffe2ad2000 	C:\WINDOWS\SYSTEM32\kernel.appcore.dll
0x00007fffe2360000 - 0x00007fffe2371000 	C:\Program Files\Android\Android Studio\jre\bin\verify.dll
0x00007fffd0d90000 - 0x00007fffd0f74000 	C:\WINDOWS\SYSTEM32\DBGHELP.DLL
0x00007fffdedf0000 - 0x00007fffdee1c000 	C:\WINDOWS\SYSTEM32\dbgcore.DLL
0x00007fffe4e00000 - 0x00007fffe4e82000 	C:\WINDOWS\System32\bcryptPrimitives.dll
0x00007fffcd9a0000 - 0x00007fffcd9c9000 	C:\Program Files\Android\Android Studio\jre\bin\java.dll
0x00007fffcedd0000 - 0x00007fffceddb000 	C:\Program Files\Android\Android Studio\jre\bin\jimage.dll
0x00007fffce8f0000 - 0x00007fffce908000 	C:\Program Files\Android\Android Studio\jre\bin\zip.dll
0x00007fffe6530000 - 0x00007fffe6c73000 	C:\WINDOWS\System32\SHELL32.dll
0x00007fffe2cc0000 - 0x00007fffe3455000 	C:\WINDOWS\SYSTEM32\windows.storage.dll
0x00007fffe6c80000 - 0x00007fffe6fd4000 	C:\WINDOWS\System32\combase.dll
0x00007fffe4540000 - 0x00007fffe4570000 	C:\WINDOWS\SYSTEM32\Wldp.dll
0x00007fffe54f0000 - 0x00007fffe559d000 	C:\WINDOWS\System32\SHCORE.dll
0x00007fffe62c0000 - 0x00007fffe6315000 	C:\WINDOWS\System32\shlwapi.dll
0x00007fffe4af0000 - 0x00007fffe4b0f000 	C:\WINDOWS\SYSTEM32\profapi.dll
0x00007fffbc8b0000 - 0x00007fffbc8ca000 	C:\Program Files\Android\Android Studio\jre\bin\net.dll
0x00007fffdecb0000 - 0x00007fffdedba000 	C:\WINDOWS\SYSTEM32\WINHTTP.dll
0x00007fffe42a0000 - 0x00007fffe430a000 	C:\WINDOWS\system32\mswsock.dll
0x00007fffbc890000 - 0x00007fffbc8a4000 	C:\Program Files\Android\Android Studio\jre\bin\nio.dll

dbghelp: loaded successfully - version: 4.0.5 - missing functions: none
symbol engine: initialized successfully - sym options: 0x614 - pdb path: .;C:\Program Files\Android\Android Studio\jre\bin;C:\WINDOWS\SYSTEM32;C:\WINDOWS\WinSxS\amd64_microsoft.windows.common-controls_6595b64144ccf1df_6.0.19041.1110_none_60b5254171f9507e;C:\Program Files\Android\Android Studio\jre\bin\server

VM Arguments:
java_command: org.jetbrains.kotlin.cli.jvm.K2JVMCompiler @C:\Users\David\AndroidStudioProjects\BlueTV\app\build\20220928_17732136308428497912.compiler.options
java_class_path (initial): C:\Users\David\.gradle\caches\modules-2\files-2.1\org.jetbrains.kotlin\kotlin-compiler-embeddable\1.6.21\97bdd5a752ce73b58ef16c17bc7f0ea2faff7a2e\kotlin-compiler-embeddable-1.6.21.jar;C:\Users\David\.gradle\caches\modules-2\files-2.1\org.jetbrains.kotlin\kotlin-reflect\1.6.21\5dc3574d9b7bebfcb4ec6b10ada4aaa9e140bd0b\kotlin-reflect-1.6.21.jar;C:\Users\David\.gradle\caches\modules-2\files-2.1\org.jetbrains.kotlin\kotlin-stdlib\1.6.21\11ef67f1900634fd951bad28c53ec957fabbe5b8\kotlin-stdlib-1.6.21.jar;C:\Users\David\.gradle\caches\modules-2\files-2.1\org.jetbrains.kotlin\kotlin-script-runtime\1.6.21\99c6675100da5d6d5b1c5a1032f27f28008d101b\kotlin-script-runtime-1.6.21.jar;C:\Users\David\.gradle\caches\modules-2\files-2.1\org.jetbrains.kotlin\kotlin-daemon-embeddable\1.6.21\46b78cf392e1c4f10854c3cadba44abb7b82250f\kotlin-daemon-embeddable-1.6.21.jar;C:\Users\David\.gradle\caches\modules-2\files-2.1\org.jetbrains.intellij.deps\trove4j\1.0.20200330\3afb14d5f9ceb459d724e907a21145e8ff394f02\trove4j-1.0.20200330.jar;C:\Users\David\.gradle\caches\modules-2\files-2.1\net.java.dev.jna\jna\5.6.0\330f2244e9030119ab3030fc3fededc86713d9cc\jna-5.6.0.jar;C:\Users\David\.gradle\caches\modules-2\files-2.1\org.jetbrains.kotlin\kotlin-stdlib-common\1.6.21\5e5b55c26dbc80372a920aef60eb774b714559b8\kotlin-stdlib-common-1.6.21.jar;C:\Users\David\.gradle\caches\modules-2\files-2.1\org.jetbrains\annotations\13.0\919f0dfe192fb4e063e7dacadee7f8bb9a2672a9\annotations-13.0.jar
Launcher Type: SUN_STANDARD

[Global flags]
     intx CICompilerCount                          = 4                                         {product} {ergonomic}
     uint ConcGCThreads                            = 2                                         {product} {ergonomic}
     uint G1ConcRefinementThreads                  = 8                                         {product} {ergonomic}
   size_t G1HeapRegionSize                         = 1048576                                   {product} {ergonomic}
    uintx GCDrainStackTargetSize                   = 64                                        {product} {ergonomic}
   size_t InitialHeapSize                          = 134217728                                 {product} {ergonomic}
   size_t MarkStackSize                            = 4194304                                   {product} {ergonomic}
   size_t MaxHeapSize                              = 2143289344                                {product} {ergonomic}
   size_t MaxNewSize                               = 1285554176                                {product} {ergonomic}
   size_t MinHeapDeltaBytes                        = 1048576                                   {product} {ergonomic}
    uintx NonNMethodCodeHeapSize                   = 5836300                                {pd product} {ergonomic}
    uintx NonProfiledCodeHeapSize                  = 122910970                              {pd product} {ergonomic}
    uintx ProfiledCodeHeapSize                     = 122910970                              {pd product} {ergonomic}
    uintx ReservedCodeCacheSize                    = 251658240                              {pd product} {ergonomic}
     bool SegmentedCodeCache                       = true                                      {product} {ergonomic}
     bool UseCompressedClassPointers               = true                                 {lp64_product} {ergonomic}
     bool UseCompressedOops                        = true                                 {lp64_product} {ergonomic}
     bool UseG1GC                                  = true                                      {product} {ergonomic}
     bool UseLargePagesIndividualAllocation        = false                                  {pd product} {ergonomic}

Logging:
Log output configuration:
 #0: stdout all=warning uptime,level,tags
 #1: stderr all=off uptime,level,tags

Environment Variables:
PATH=C:\WINDOWS\system32;C:\WINDOWS;C:\WINDOWS\System32\Wbem;C:\WINDOWS\System32\WindowsPowerShell\v1.0\;C:\WINDOWS\System32\OpenSSH\;C:\Program Files\dotnet\;C:\Program Files\Git\cmd;C:\Program Files\nodejs\;C:\Users\David\AppData\Local\Microsoft\WindowsApps;C:\Users\JULIETH\AppData\Local\GitHubDesktop\bin;C:\Users\JULIETH\AppData\Local\Programs\Microsoft VS Code\bin;C:\Users\JULIETH\AppData\Roaming\npm
USERNAME=JULIETH
OS=Windows_NT
PROCESSOR_IDENTIFIER=AMD64 Family 21 Model 2 Stepping 0, AuthenticAMD



---------------  S Y S T E M  ---------------

OS: Windows 10 , 64 bit Build 19041 (10.0.19041.1889)
OS uptime: 0 days 0:20 hours

CPU:total 8 (initial active 8) (8 cores per cpu, 1 threads per core) family 21 model 2 stepping 0 microcode 0x0, cmov, cx8, fxsr, mmx, sse, sse2, sse3, ssse3, sse4.1, sse4.2, popcnt, avx, aes, clmul, mmxext, 3dnowpref, lzcnt, sse4a, tsc, tscinvbit, tscinv, bmi1, fma

Memory: 4k page, system-wide physical 8168M (1041M free)
TotalPageFile size 8184M (AvailPageFile size 5M)
current process WorkingSet (physical memory assigned to process): 402M, peak: 402M
current process commit charge ("private bytes"): 455M, peak: 456M

vm_info: OpenJDK 64-Bit Server VM (11.0.11+9-b60-7590822) for windows-amd64 JRE (11.0.11+9-b60-7590822), built on Jul 29 2021 21:43:44 by "builder" with MS VC++ 14.0 (VS2015)

END.
